[12:16:56] ──────────────────── Epoch 01/200 ────────────────────
[12:17:03] ──────────────────── Epoch 02/200 ────────────────────
[12:17:07] ──────────────────── Epoch 03/200 ────────────────────
[12:17:08] [ep03|s0050]  loss=+0.3843  mse=0.3708  reg=0.0135
[12:17:13] ──────────────────── Epoch 04/200 ────────────────────
[12:17:18] ──────────────────── Epoch 05/200 ────────────────────
[12:17:19] [ep05|s0100]  loss=+0.2563  mse=0.2409  reg=0.0154
[12:17:23] ──────────────────── Epoch 06/200 ────────────────────
[12:17:29] ──────────────────── Epoch 07/200 ────────────────────
[12:17:32] [ep07|s0150]  loss=+0.1787  mse=0.1481  reg=0.0306
[12:17:34] ──────────────────── Epoch 08/200 ────────────────────
[12:17:39] ──────────────────── Epoch 09/200 ────────────────────
[12:17:43] [ep09|s0200]  loss=+0.1918  mse=0.1794  reg=0.0124
[12:17:44] ──────────────────── Epoch 10/200 ────────────────────
[12:17:50] ══════════ VAL ep10 ══════════  ρ=+0.2767 (p=0.0002) [PASS ✓]  AUROC(E)=0.7242  ECE=0.1894  N=177  avg_loss=0.2995
[12:17:50]   best so far: ρ=0.2767 @ ep10
[12:17:54]   ckpt saved → ckpt_epoch0010.pt
[12:17:54] ──────────────────── Epoch 11/200 ────────────────────
[12:17:58] [ep11|s0250]  loss=+0.2627  mse=0.2505  reg=0.0121
[12:17:58] ──────────────────── Epoch 12/200 ────────────────────
[12:18:01] ──────────────────── Epoch 13/200 ────────────────────
[12:18:05] ──────────────────── Epoch 14/200 ────────────────────
[12:18:06] [ep14|s0300]  loss=+0.1811  mse=0.1521  reg=0.0290
[12:18:09] ──────────────────── Epoch 15/200 ────────────────────
[12:18:13] ──────────────────── Epoch 16/200 ────────────────────
[12:18:14] [ep16|s0350]  loss=+0.3383  mse=0.3166  reg=0.0217
[12:18:17] ──────────────────── Epoch 17/200 ────────────────────
[12:18:20] ──────────────────── Epoch 18/200 ────────────────────
[12:18:22] [ep18|s0400]  loss=+0.3813  mse=0.3599  reg=0.0214
[12:18:24] ──────────────────── Epoch 19/200 ────────────────────
[12:18:27] ──────────────────── Epoch 20/200 ────────────────────
[12:18:29] [ep20|s0450]  loss=+0.1707  mse=0.1450  reg=0.0258
[12:18:32] ══════════ VAL ep20 ══════════  ρ=+0.2901 (p=0.0001) [PASS ✓]  AUROC(E)=0.7174  ECE=0.2009  N=177  avg_loss=0.2785
[12:18:32]   best so far: ρ=0.2901 @ ep20
[12:18:36]   ckpt saved → ckpt_epoch0020.pt
[12:18:36] ──────────────────── Epoch 21/200 ────────────────────
[12:18:40] ──────────────────── Epoch 22/200 ────────────────────
[12:18:43] [ep22|s0500]  loss=+0.2648  mse=0.2363  reg=0.0285
[12:18:44] ──────────────────── Epoch 23/200 ────────────────────
[12:18:48] ──────────────────── Epoch 24/200 ────────────────────
[12:18:52] [ep24|s0550]  loss=+0.1439  mse=0.1181  reg=0.0259
[12:18:52] ──────────────────── Epoch 25/200 ────────────────────
[12:18:56] ──────────────────── Epoch 26/200 ────────────────────
[12:19:01] ──────────────────── Epoch 27/200 ────────────────────
[12:19:02] [ep27|s0600]  loss=+0.1349  mse=0.1064  reg=0.0285
[12:19:05] ──────────────────── Epoch 28/200 ────────────────────
[12:19:10] ──────────────────── Epoch 29/200 ────────────────────
[12:19:11] [ep29|s0650]  loss=+0.4737  mse=0.4359  reg=0.0377
[12:19:14] ──────────────────── Epoch 30/200 ────────────────────
[12:19:18] ══════════ VAL ep30 ══════════  ρ=+0.2920 (p=0.0001) [PASS ✓]  AUROC(E)=0.6637  ECE=0.1972  N=177  avg_loss=0.1941
[12:19:18]   best so far: ρ=0.2920 @ ep30
[12:19:23]   ckpt saved → ckpt_epoch0030.pt
[12:19:23] ──────────────────── Epoch 31/200 ────────────────────
[12:19:24] [ep31|s0700]  loss=+0.1335  mse=0.1193  reg=0.0142
[12:19:25] ──────────────────── Epoch 32/200 ────────────────────
[12:19:28] ──────────────────── Epoch 33/200 ────────────────────
[12:19:31] [ep33|s0750]  loss=+0.4769  mse=0.4204  reg=0.0565
[12:19:33] ──────────────────── Epoch 34/200 ────────────────────
[12:19:38] ──────────────────── Epoch 35/200 ────────────────────
[12:19:43] [ep35|s0800]  loss=+0.2664  mse=0.2447  reg=0.0217
[12:19:44] ──────────────────── Epoch 36/200 ────────────────────
[12:19:49] ──────────────────── Epoch 37/200 ────────────────────
[12:19:53] [ep37|s0850]  loss=+0.2890  mse=0.2654  reg=0.0237
[12:19:53] ──────────────────── Epoch 38/200 ────────────────────
[12:19:57] ──────────────────── Epoch 39/200 ────────────────────
[12:20:01] ──────────────────── Epoch 40/200 ────────────────────
[12:20:02] [ep40|s0900]  loss=+0.0984  mse=0.0603  reg=0.0381
[12:20:08] ══════════ VAL ep40 ══════════  ρ=+0.2389 (p=0.0014) [PASS ✓]  AUROC(E)=0.6587  ECE=0.1926  N=177  avg_loss=0.1572
[12:20:08]   best so far: ρ=0.2920 @ ep30
[12:20:11]   ckpt saved → ckpt_epoch0040.pt
[12:20:11] ──────────────────── Epoch 41/200 ────────────────────
[12:20:16] ──────────────────── Epoch 42/200 ────────────────────
[12:20:17] [ep42|s0950]  loss=+0.2047  mse=0.1595  reg=0.0452
[12:20:19] ──────────────────── Epoch 43/200 ────────────────────
[12:20:21] ──────────────────── Epoch 44/200 ────────────────────
[12:20:22] [ep44|s1000]  loss=+0.1221  mse=0.0996  reg=0.0225
[12:20:24] ──────────────────── Epoch 45/200 ────────────────────
[12:20:27] ──────────────────── Epoch 46/200 ────────────────────
[12:20:29] [ep46|s1050]  loss=+0.1993  mse=0.1759  reg=0.0233
[12:20:31] ──────────────────── Epoch 47/200 ────────────────────
[12:20:36] ──────────────────── Epoch 48/200 ────────────────────
[12:20:41] [ep48|s1100]  loss=+0.1571  mse=0.1175  reg=0.0396
[12:20:42] ──────────────────── Epoch 49/200 ────────────────────
[12:20:46] ──────────────────── Epoch 50/200 ────────────────────
[12:20:50] [ep50|s1150]  loss=+0.0879  mse=0.0492  reg=0.0387
[12:20:52] ══════════ VAL ep50 ══════════  ρ=+0.2430 (p=0.0011) [PASS ✓]  AUROC(E)=0.7182  ECE=0.1913  N=177  avg_loss=0.1487
[12:20:52]   best so far: ρ=0.2920 @ ep30
[12:20:55]   ckpt saved → ckpt_epoch0050.pt
[12:20:55] ──────────────────── Epoch 51/200 ────────────────────
[12:21:00] ──────────────────── Epoch 52/200 ────────────────────
[12:21:04] ──────────────────── Epoch 53/200 ────────────────────
[12:21:04] [ep53|s1200]  loss=+0.1225  mse=0.0833  reg=0.0392
[12:21:07] ──────────────────── Epoch 54/200 ────────────────────
[12:21:10] ──────────────────── Epoch 55/200 ────────────────────
[12:21:13] [ep55|s1250]  loss=+0.1529  mse=0.0972  reg=0.0557
[12:21:16] ──────────────────── Epoch 56/200 ────────────────────
[12:21:20] ──────────────────── Epoch 57/200 ────────────────────
[12:21:24] [ep57|s1300]  loss=+0.0970  mse=0.0750  reg=0.0219
[12:21:26] ──────────────────── Epoch 58/200 ────────────────────
[12:21:32] ──────────────────── Epoch 59/200 ────────────────────
[12:21:34] [ep59|s1350]  loss=+0.0723  mse=0.0473  reg=0.0250
[12:21:35] ──────────────────── Epoch 60/200 ────────────────────
[12:21:41] ══════════ VAL ep60 ══════════  ρ=+0.2461 (p=0.0010) [PASS ✓]  AUROC(E)=0.6841  ECE=0.1984  N=177  avg_loss=0.1101
[12:21:41]   best so far: ρ=0.2920 @ ep30
[12:21:45]   ckpt saved → ckpt_epoch0060.pt
[12:21:45] ──────────────────── Epoch 61/200 ────────────────────
[12:21:50] [ep61|s1400]  loss=+0.0626  mse=0.0407  reg=0.0220
[12:21:51] ──────────────────── Epoch 62/200 ────────────────────
[12:21:55] ──────────────────── Epoch 63/200 ────────────────────
[12:22:00] ──────────────────── Epoch 64/200 ────────────────────
[12:22:01] [ep64|s1450]  loss=+0.1032  mse=0.0641  reg=0.0391
[12:22:05] ──────────────────── Epoch 65/200 ────────────────────
[12:22:08] ──────────────────── Epoch 66/200 ────────────────────
[12:22:09] [ep66|s1500]  loss=+0.0691  mse=0.0459  reg=0.0232
[12:22:11] ──────────────────── Epoch 67/200 ────────────────────
[12:22:14] ──────────────────── Epoch 68/200 ────────────────────
[12:22:16] [ep68|s1550]  loss=+0.0719  mse=0.0461  reg=0.0258
[12:22:18] ──────────────────── Epoch 69/200 ────────────────────
[12:22:24] ──────────────────── Epoch 70/200 ────────────────────
[12:22:27] [ep70|s1600]  loss=+0.0948  mse=0.0619  reg=0.0328
[12:22:30] ══════════ VAL ep70 ══════════  ρ=+0.2517 (p=0.0007) [PASS ✓]  AUROC(E)=0.6683  ECE=0.2124  N=177  avg_loss=0.1005
[12:22:30]   best so far: ρ=0.2920 @ ep30
[12:22:34]   ckpt saved → ckpt_epoch0070.pt
[12:22:34] ──────────────────── Epoch 71/200 ────────────────────
[12:22:40] ──────────────────── Epoch 72/200 ────────────────────
[12:22:44] [ep72|s1650]  loss=+0.0972  mse=0.0491  reg=0.0481
[12:22:44] ──────────────────── Epoch 73/200 ────────────────────
[12:22:48] ──────────────────── Epoch 74/200 ────────────────────
[12:22:52] [ep74|s1700]  loss=+0.0647  mse=0.0332  reg=0.0315
[12:22:52] ──────────────────── Epoch 75/200 ────────────────────
[12:22:56] ──────────────────── Epoch 76/200 ────────────────────
[12:23:00] ──────────────────── Epoch 77/200 ────────────────────
[12:23:01] [ep77|s1750]  loss=+0.0682  mse=0.0409  reg=0.0273
[12:23:05] ──────────────────── Epoch 78/200 ────────────────────
[12:23:08] ──────────────────── Epoch 79/200 ────────────────────
[12:23:10] [ep79|s1800]  loss=+0.0621  mse=0.0435  reg=0.0186
[12:23:13] ──────────────────── Epoch 80/200 ────────────────────
[12:23:18] ══════════ VAL ep80 ══════════  ρ=+0.3028 (p=0.0000) [PASS ✓]  AUROC(E)=0.6719  ECE=0.2095  N=177  avg_loss=0.0770
[12:23:18]   best so far: ρ=0.3028 @ ep80
[12:23:22]   ckpt saved → ckpt_epoch0080.pt
[12:23:22] ──────────────────── Epoch 81/200 ────────────────────
[12:23:23] [ep81|s1850]  loss=+0.0975  mse=0.0666  reg=0.0309
[12:23:25] ──────────────────── Epoch 82/200 ────────────────────
[12:23:28] ──────────────────── Epoch 83/200 ────────────────────
[12:23:31] [ep83|s1900]  loss=+0.0743  mse=0.0503  reg=0.0240
[12:23:32] ──────────────────── Epoch 84/200 ────────────────────
[12:23:34] ──────────────────── Epoch 85/200 ────────────────────
[12:23:36] [ep85|s1950]  loss=+0.0726  mse=0.0437  reg=0.0288
[12:23:36] ──────────────────── Epoch 86/200 ────────────────────
[12:23:39] ──────────────────── Epoch 87/200 ────────────────────
[12:23:41] [ep87|s2000]  loss=+0.0985  mse=0.0583  reg=0.0401
[12:23:41] ──────────────────── Epoch 88/200 ────────────────────
[12:23:43] ──────────────────── Epoch 89/200 ────────────────────
[12:23:46] ──────────────────── Epoch 90/200 ────────────────────
[12:23:47] [ep90|s2050]  loss=+0.1074  mse=0.0483  reg=0.0591
[12:23:51] ══════════ VAL ep90 ══════════  ρ=+0.2355 (p=0.0016) [PASS ✓]  AUROC(E)=0.6542  ECE=0.2050  N=177  avg_loss=0.0741
[12:23:51]   best so far: ρ=0.3028 @ ep80
[12:23:54]   ckpt saved → ckpt_epoch0090.pt
[12:23:54] ──────────────────── Epoch 91/200 ────────────────────
[12:23:57] ──────────────────── Epoch 92/200 ────────────────────
[12:23:58] [ep92|s2100]  loss=+0.0616  mse=0.0336  reg=0.0279
[12:24:01] ──────────────────── Epoch 93/200 ────────────────────
[12:24:06] ──────────────────── Epoch 94/200 ────────────────────
[12:24:08] [ep94|s2150]  loss=+0.0609  mse=0.0188  reg=0.0421
[12:24:10] ──────────────────── Epoch 95/200 ────────────────────
[12:24:13] ──────────────────── Epoch 96/200 ────────────────────
[12:24:15] [ep96|s2200]  loss=+0.0429  mse=0.0201  reg=0.0229
[12:24:16] ──────────────────── Epoch 97/200 ────────────────────
[12:24:19] ──────────────────── Epoch 98/200 ────────────────────
[12:24:23] [ep98|s2250]  loss=+0.0404  mse=0.0124  reg=0.0280
[12:24:24] ──────────────────── Epoch 99/200 ────────────────────
[12:24:27] ──────────────────── Epoch 100/200 ────────────────────
[12:24:30] [ep100|s2300]  loss=+0.0355  mse=0.0176  reg=0.0179
[12:24:31] ══════════ VAL ep100 ══════════  ρ=+0.2589 (p=0.0005) [PASS ✓]  AUROC(E)=0.6687  ECE=0.2017  N=177  avg_loss=0.0639
[12:24:31]   best so far: ρ=0.3028 @ ep80
[12:24:34]   ckpt saved → ckpt_epoch0100.pt
[12:24:34] ──────────────────── Epoch 101/200 ────────────────────
[12:24:38] ──────────────────── Epoch 102/200 ────────────────────
[12:24:43] ──────────────────── Epoch 103/200 ────────────────────
[12:24:44] [ep103|s2350]  loss=+0.0865  mse=0.0310  reg=0.0555
[12:24:47] ──────────────────── Epoch 104/200 ────────────────────
[12:24:50] ──────────────────── Epoch 105/200 ────────────────────
[12:24:51] [ep105|s2400]  loss=+0.0424  mse=0.0126  reg=0.0297
[12:24:53] ──────────────────── Epoch 106/200 ────────────────────
[12:24:58] ──────────────────── Epoch 107/200 ────────────────────
[12:25:01] [ep107|s2450]  loss=+0.0488  mse=0.0130  reg=0.0359
[12:25:02] ──────────────────── Epoch 108/200 ────────────────────
[12:25:06] ──────────────────── Epoch 109/200 ────────────────────
[12:25:09] [ep109|s2500]  loss=+0.0381  mse=0.0124  reg=0.0257
[12:25:10] ──────────────────── Epoch 110/200 ────────────────────
[12:25:15] ══════════ VAL ep110 ══════════  ρ=+0.2192 (p=0.0034) [PASS ✓]  AUROC(E)=0.6776  ECE=0.2183  N=177  avg_loss=0.0659
[12:25:15]   best so far: ρ=0.3028 @ ep80
[12:25:20]   ckpt saved → ckpt_epoch0110.pt
[12:25:20] ──────────────────── Epoch 111/200 ────────────────────
[12:25:24] [ep111|s2550]  loss=+0.0687  mse=0.0246  reg=0.0441
[12:25:24] ──────────────────── Epoch 112/200 ────────────────────
[12:25:28] ──────────────────── Epoch 113/200 ────────────────────
[12:25:32] ──────────────────── Epoch 114/200 ────────────────────
[12:25:32] [ep114|s2600]  loss=+0.0485  mse=0.0109  reg=0.0375
[12:25:36] ──────────────────── Epoch 115/200 ────────────────────
[12:25:40] ──────────────────── Epoch 116/200 ────────────────────
[12:25:41] [ep116|s2650]  loss=+0.0482  mse=0.0115  reg=0.0366
[12:25:43] ──────────────────── Epoch 117/200 ────────────────────
[12:25:46] ──────────────────── Epoch 118/200 ────────────────────
[12:25:49] [ep118|s2700]  loss=+0.0385  mse=0.0104  reg=0.0281
[12:25:51] ──────────────────── Epoch 119/200 ────────────────────
[12:25:56] ──────────────────── Epoch 120/200 ────────────────────
[12:25:59] [ep120|s2750]  loss=+0.0352  mse=0.0059  reg=0.0293
[12:26:03] ══════════ VAL ep120 ══════════  ρ=+0.2522 (p=0.0007) [PASS ✓]  AUROC(E)=0.6604  ECE=0.1962  N=177  avg_loss=0.0518
[12:26:03]   best so far: ρ=0.3028 @ ep80
[12:26:06]   ckpt saved → ckpt_epoch0120.pt
[12:26:06] ──────────────────── Epoch 121/200 ────────────────────
[12:26:13] ──────────────────── Epoch 122/200 ────────────────────
[12:26:18] [ep122|s2800]  loss=+0.0524  mse=0.0143  reg=0.0381
[12:26:19] ──────────────────── Epoch 123/200 ────────────────────
[12:26:24] ──────────────────── Epoch 124/200 ────────────────────
[12:26:26] [ep124|s2850]  loss=+0.0404  mse=0.0068  reg=0.0335
[12:26:26] ──────────────────── Epoch 125/200 ────────────────────
[12:26:30] ──────────────────── Epoch 126/200 ────────────────────
[12:26:34] ──────────────────── Epoch 127/200 ────────────────────
[12:26:34] [ep127|s2900]  loss=+0.0263  mse=0.0058  reg=0.0205
[12:26:37] ──────────────────── Epoch 128/200 ────────────────────
[12:26:40] ──────────────────── Epoch 129/200 ────────────────────
[12:26:41] [ep129|s2950]  loss=+0.0313  mse=0.0064  reg=0.0250
[12:26:44] ──────────────────── Epoch 130/200 ────────────────────
[12:26:49] ══════════ VAL ep130 ══════════  ρ=+0.2360 (p=0.0016) [PASS ✓]  AUROC(E)=0.6634  ECE=0.1973  N=177  avg_loss=0.0501
[12:26:49]   best so far: ρ=0.3028 @ ep80
[12:26:54]   ckpt saved → ckpt_epoch0130.pt
[12:26:54] ──────────────────── Epoch 131/200 ────────────────────
[12:26:56] [ep131|s3000]  loss=+0.0437  mse=0.0106  reg=0.0331
[12:26:57] ──────────────────── Epoch 132/200 ────────────────────
[12:27:00] ──────────────────── Epoch 133/200 ────────────────────
[12:27:02] [ep133|s3050]  loss=+0.0314  mse=0.0070  reg=0.0244
[12:27:03] ──────────────────── Epoch 134/200 ────────────────────
[12:27:06] ──────────────────── Epoch 135/200 ────────────────────
[12:27:08] [ep135|s3100]  loss=+0.0353  mse=0.0061  reg=0.0292
[12:27:09] ──────────────────── Epoch 136/200 ────────────────────
[12:27:11] ──────────────────── Epoch 137/200 ────────────────────
[12:27:14] [ep137|s3150]  loss=+0.0531  mse=0.0078  reg=0.0453
[12:27:14] ──────────────────── Epoch 138/200 ────────────────────
[12:27:17] ──────────────────── Epoch 139/200 ────────────────────
[12:27:20] ──────────────────── Epoch 140/200 ────────────────────
[12:27:21] [ep140|s3200]  loss=+0.0458  mse=0.0141  reg=0.0318
[12:27:24] ══════════ VAL ep140 ══════════  ρ=+0.2413 (p=0.0012) [PASS ✓]  AUROC(E)=0.6696  ECE=0.1987  N=177  avg_loss=0.0550
[12:27:24]   best so far: ρ=0.3028 @ ep80
[12:27:28]   ckpt saved → ckpt_epoch0140.pt
[12:27:28] ──────────────────── Epoch 141/200 ────────────────────
[12:27:31] ──────────────────── Epoch 142/200 ────────────────────
[12:27:32] [ep142|s3250]  loss=+0.0785  mse=0.0134  reg=0.0651
[12:27:33] ──────────────────── Epoch 143/200 ────────────────────
[12:27:37] ──────────────────── Epoch 144/200 ────────────────────
[12:27:39] [ep144|s3300]  loss=+0.0654  mse=0.0134  reg=0.0520
[12:27:42] ──────────────────── Epoch 145/200 ────────────────────
[12:27:47] ──────────────────── Epoch 146/200 ────────────────────
[12:27:51] [ep146|s3350]  loss=+0.0407  mse=0.0054  reg=0.0353
[12:27:52] ──────────────────── Epoch 147/200 ────────────────────
[12:27:55] ──────────────────── Epoch 148/200 ────────────────────
[12:27:59] [ep148|s3400]  loss=+0.0269  mse=0.0042  reg=0.0227
[12:28:00] ──────────────────── Epoch 149/200 ────────────────────
[12:28:02] ──────────────────── Epoch 150/200 ────────────────────
[12:28:06] [ep150|s3450]  loss=+0.0462  mse=0.0047  reg=0.0415
[12:28:10] ══════════ VAL ep150 ══════════  ρ=+0.2465 (p=0.0009) [PASS ✓]  AUROC(E)=0.6702  ECE=0.1984  N=177  avg_loss=0.0477
[12:28:10]   best so far: ρ=0.3028 @ ep80
[12:28:14]   ckpt saved → ckpt_epoch0150.pt
[12:28:14] ──────────────────── Epoch 151/200 ────────────────────
[12:28:22] ──────────────────── Epoch 152/200 ────────────────────
[12:28:32] ──────────────────── Epoch 153/200 ────────────────────
[12:28:33] [ep153|s3500]  loss=+0.0493  mse=0.0076  reg=0.0417
[12:28:38] ──────────────────── Epoch 154/200 ────────────────────
[12:28:45] ──────────────────── Epoch 155/200 ────────────────────
[12:28:48] [ep155|s3550]  loss=+0.0369  mse=0.0074  reg=0.0295
[12:28:55] ──────────────────── Epoch 156/200 ────────────────────
[12:28:59] ──────────────────── Epoch 157/200 ────────────────────
[12:29:01] [ep157|s3600]  loss=+0.0810  mse=0.0082  reg=0.0727
[12:29:05] ──────────────────── Epoch 158/200 ────────────────────
[12:29:11] ──────────────────── Epoch 159/200 ────────────────────
[12:29:14] [ep159|s3650]  loss=+0.0297  mse=0.0040  reg=0.0257
[12:29:16] ──────────────────── Epoch 160/200 ────────────────────
[12:29:22] ══════════ VAL ep160 ══════════  ρ=+0.2412 (p=0.0012) [PASS ✓]  AUROC(E)=0.6733  ECE=0.2013  N=177  avg_loss=0.0475
[12:29:22]   best so far: ρ=0.3028 @ ep80
[12:29:27]   ckpt saved → ckpt_epoch0160.pt
[12:29:27] ──────────────────── Epoch 161/200 ────────────────────
[12:29:30] [ep161|s3700]  loss=+0.0590  mse=0.0067  reg=0.0523
[12:29:31] ──────────────────── Epoch 162/200 ────────────────────
[12:29:38] ──────────────────── Epoch 163/200 ────────────────────
[12:29:44] ──────────────────── Epoch 164/200 ────────────────────
[12:29:45] [ep164|s3750]  loss=+0.0408  mse=0.0078  reg=0.0330
[12:29:52] ──────────────────── Epoch 165/200 ────────────────────
[12:30:00] ──────────────────── Epoch 166/200 ────────────────────
[12:30:03] [ep166|s3800]  loss=+0.0759  mse=0.0097  reg=0.0662
[12:30:07] ──────────────────── Epoch 167/200 ────────────────────
[12:30:12] ──────────────────── Epoch 168/200 ────────────────────
[12:30:15] [ep168|s3850]  loss=+0.0552  mse=0.0079  reg=0.0473
[12:30:17] ──────────────────── Epoch 169/200 ────────────────────
[12:30:22] ──────────────────── Epoch 170/200 ────────────────────
[12:30:27] [ep170|s3900]  loss=+0.0551  mse=0.0077  reg=0.0474
[12:30:32] ══════════ VAL ep170 ══════════  ρ=+0.2425 (p=0.0011) [PASS ✓]  AUROC(E)=0.6752  ECE=0.1994  N=177  avg_loss=0.0510
[12:30:32]   best so far: ρ=0.3028 @ ep80
[12:30:36]   ckpt saved → ckpt_epoch0170.pt
[12:30:36] ──────────────────── Epoch 171/200 ────────────────────
[12:30:39] ──────────────────── Epoch 172/200 ────────────────────
[12:30:41] [ep172|s3950]  loss=+0.0685  mse=0.0066  reg=0.0620
[12:30:42] ──────────────────── Epoch 173/200 ────────────────────
[12:30:48] ──────────────────── Epoch 174/200 ────────────────────
[12:30:54] [ep174|s4000]  loss=+0.0291  mse=0.0050  reg=0.0242
[12:30:54] ──────────────────── Epoch 175/200 ────────────────────
[12:30:58] ──────────────────── Epoch 176/200 ────────────────────
[12:31:02] ──────────────────── Epoch 177/200 ────────────────────
[12:31:04] [ep177|s4050]  loss=+0.0684  mse=0.0125  reg=0.0560
[12:31:10] ──────────────────── Epoch 178/200 ────────────────────
[12:31:16] ──────────────────── Epoch 179/200 ────────────────────
[12:31:18] [ep179|s4100]  loss=+0.0216  mse=0.0035  reg=0.0181
[12:31:20] ──────────────────── Epoch 180/200 ────────────────────
[12:31:26] ══════════ VAL ep180 ══════════  ρ=+0.2445 (p=0.0010) [PASS ✓]  AUROC(E)=0.6742  ECE=0.1987  N=177  avg_loss=0.0460
[12:31:26]   best so far: ρ=0.3028 @ ep80
[12:31:29]   ckpt saved → ckpt_epoch0180.pt
[12:31:29] ──────────────────── Epoch 181/200 ────────────────────
[12:31:31] [ep181|s4150]  loss=+0.0357  mse=0.0063  reg=0.0294
[12:31:32] ──────────────────── Epoch 182/200 ────────────────────
[12:31:35] ──────────────────── Epoch 183/200 ────────────────────
[12:31:37] [ep183|s4200]  loss=+0.0369  mse=0.0038  reg=0.0331
[12:31:38] ──────────────────── Epoch 184/200 ────────────────────
[12:31:40] ──────────────────── Epoch 185/200 ────────────────────
[12:31:42] [ep185|s4250]  loss=+0.0581  mse=0.0066  reg=0.0516
[12:31:43] ──────────────────── Epoch 186/200 ────────────────────
[12:31:45] ──────────────────── Epoch 187/200 ────────────────────
[12:31:47] [ep187|s4300]  loss=+0.0394  mse=0.0038  reg=0.0356
[12:31:47] ──────────────────── Epoch 188/200 ────────────────────
[12:31:51] ──────────────────── Epoch 189/200 ────────────────────
[12:31:54] ──────────────────── Epoch 190/200 ────────────────────
[12:31:55] [ep190|s4350]  loss=+0.0565  mse=0.0069  reg=0.0497
[12:31:59] ══════════ VAL ep190 ══════════  ρ=+0.2462 (p=0.0010) [PASS ✓]  AUROC(E)=0.6735  ECE=0.1990  N=177  avg_loss=0.0457
[12:31:59]   best so far: ρ=0.3028 @ ep80
[12:32:02]   ckpt saved → ckpt_epoch0190.pt
[12:32:02] ──────────────────── Epoch 191/200 ────────────────────
[12:32:04] ──────────────────── Epoch 192/200 ────────────────────
[12:32:05] [ep192|s4400]  loss=+0.0515  mse=0.0121  reg=0.0393
[12:32:07] ──────────────────── Epoch 193/200 ────────────────────
[12:32:08] ──────────────────── Epoch 194/200 ────────────────────
[12:32:10] [ep194|s4450]  loss=+0.0389  mse=0.0044  reg=0.0345
[12:32:11] ──────────────────── Epoch 195/200 ────────────────────
[12:32:13] ──────────────────── Epoch 196/200 ────────────────────
[12:32:15] [ep196|s4500]  loss=+0.0266  mse=0.0036  reg=0.0230
[12:32:16] ──────────────────── Epoch 197/200 ────────────────────
[12:32:18] ──────────────────── Epoch 198/200 ────────────────────
[12:32:19] [ep198|s4550]  loss=+0.0498  mse=0.0048  reg=0.0450
[12:32:20] ──────────────────── Epoch 199/200 ────────────────────
[12:32:23] ──────────────────── Epoch 200/200 ────────────────────
[12:32:26] [ep200|s4600]  loss=+0.0882  mse=0.0098  reg=0.0785
[12:32:27] ══════════ VAL ep200 ══════════  ρ=+0.2455 (p=0.0010) [PASS ✓]  AUROC(E)=0.6739  ECE=0.1989  N=177  avg_loss=0.0461
[12:32:27]   best so far: ρ=0.3028 @ ep80
[12:32:29]   ckpt saved → ckpt_epoch0200.pt
