[13:51:18] ──────────────────── Epoch 01/200 ────────────────────
[13:51:19] ──────────────────── Epoch 02/200 ────────────────────
[13:51:19] ──────────────────── Epoch 03/200 ────────────────────
[13:51:20] ──────────────────── Epoch 04/200 ────────────────────
[13:51:20] ──────────────────── Epoch 05/200 ────────────────────
[13:51:20] ──────────────────── Epoch 06/200 ────────────────────
[13:51:20] ──────────────────── Epoch 07/200 ────────────────────
[13:51:21] ──────────────────── Epoch 08/200 ────────────────────
[13:51:21] ──────────────────── Epoch 09/200 ────────────────────
[13:51:21] ──────────────────── Epoch 10/200 ────────────────────
[13:51:22] ══════════ VAL ep10 ══════════  ρ=+0.0384 (p=0.6119) [FAIL ✗]  AUROC(E)=0.5266  ECE=0.1772  N=177  avg_loss=0.2936
[13:51:22]   best so far: ρ=0.0384 @ ep10
[13:51:23]   ckpt saved → ckpt_epoch0010.pt
[13:51:23] ──────────────────── Epoch 11/200 ────────────────────
[13:51:23] ──────────────────── Epoch 12/200 ────────────────────
[13:51:23] ──────────────────── Epoch 13/200 ────────────────────
[13:51:23] [ep13|s0050]  loss=+0.4007  mse=0.3555  reg=0.0451
[13:51:23] ──────────────────── Epoch 14/200 ────────────────────
[13:51:24] ──────────────────── Epoch 15/200 ────────────────────
[13:51:24] ──────────────────── Epoch 16/200 ────────────────────
[13:51:24] ──────────────────── Epoch 17/200 ────────────────────
[13:51:25] ──────────────────── Epoch 18/200 ────────────────────
[13:51:25] ──────────────────── Epoch 19/200 ────────────────────
[13:51:25] ──────────────────── Epoch 20/200 ────────────────────
[13:51:26] ══════════ VAL ep20 ══════════  ρ=+0.2210 (p=0.0031) [PASS ✓]  AUROC(E)=0.6442  ECE=0.1826  N=177  avg_loss=0.2516
[13:51:26]   best so far: ρ=0.2210 @ ep20
[13:51:27]   ckpt saved → ckpt_epoch0020.pt
[13:51:27] ──────────────────── Epoch 21/200 ────────────────────
[13:51:27] ──────────────────── Epoch 22/200 ────────────────────
[13:51:27] ──────────────────── Epoch 23/200 ────────────────────
[13:51:27] ──────────────────── Epoch 24/200 ────────────────────
[13:51:28] ──────────────────── Epoch 25/200 ────────────────────
[13:51:28] [ep25|s0100]  loss=+0.2397  mse=0.2136  reg=0.0260
[13:51:28] ──────────────────── Epoch 26/200 ────────────────────
[13:51:28] ──────────────────── Epoch 27/200 ────────────────────
[13:51:29] ──────────────────── Epoch 28/200 ────────────────────
[13:51:29] ──────────────────── Epoch 29/200 ────────────────────
[13:51:29] ──────────────────── Epoch 30/200 ────────────────────
[13:51:30] ══════════ VAL ep30 ══════════  ρ=+0.1668 (p=0.0265) [PASS ✓]  AUROC(E)=0.5850  ECE=0.1864  N=177  avg_loss=0.1514
[13:51:30]   best so far: ρ=0.2210 @ ep20
[13:51:31]   ckpt saved → ckpt_epoch0030.pt
[13:51:31] ──────────────────── Epoch 31/200 ────────────────────
[13:51:31] ──────────────────── Epoch 32/200 ────────────────────
[13:51:31] ──────────────────── Epoch 33/200 ────────────────────
[13:51:31] ──────────────────── Epoch 34/200 ────────────────────
[13:51:32] ──────────────────── Epoch 35/200 ────────────────────
[13:51:32] ──────────────────── Epoch 36/200 ────────────────────
[13:51:32] ──────────────────── Epoch 37/200 ────────────────────
[13:51:33] ──────────────────── Epoch 38/200 ────────────────────
[13:51:33] [ep38|s0150]  loss=+0.1558  mse=0.0869  reg=0.0689
[13:51:33] ──────────────────── Epoch 39/200 ────────────────────
[13:51:33] ──────────────────── Epoch 40/200 ────────────────────
[13:51:34] ══════════ VAL ep40 ══════════  ρ=+0.1659 (p=0.0273) [PASS ✓]  AUROC(E)=0.6021  ECE=0.2351  N=177  avg_loss=0.1452
[13:51:34]   best so far: ρ=0.2210 @ ep20
[13:51:35]   ckpt saved → ckpt_epoch0040.pt
[13:51:35] ──────────────────── Epoch 41/200 ────────────────────
[13:51:35] ──────────────────── Epoch 42/200 ────────────────────
[13:51:35] ──────────────────── Epoch 43/200 ────────────────────
[13:51:35] ──────────────────── Epoch 44/200 ────────────────────
[13:51:36] ──────────────────── Epoch 45/200 ────────────────────
[13:51:36] ──────────────────── Epoch 46/200 ────────────────────
[13:51:36] ──────────────────── Epoch 47/200 ────────────────────
[13:51:36] ──────────────────── Epoch 48/200 ────────────────────
[13:51:37] ──────────────────── Epoch 49/200 ────────────────────
[13:51:37] ──────────────────── Epoch 50/200 ────────────────────
[13:51:37] [ep50|s0200]  loss=+0.0827  mse=0.0654  reg=0.0174
[13:51:38] ══════════ VAL ep50 ══════════  ρ=+0.2557 (p=0.0006) [PASS ✓]  AUROC(E)=0.6362  ECE=0.2039  N=177  avg_loss=0.1006
[13:51:38]   best so far: ρ=0.2557 @ ep50
[13:51:39]   ckpt saved → ckpt_epoch0050.pt
[13:51:39] ──────────────────── Epoch 51/200 ────────────────────
[13:51:39] ──────────────────── Epoch 52/200 ────────────────────
[13:51:39] ──────────────────── Epoch 53/200 ────────────────────
[13:51:39] ──────────────────── Epoch 54/200 ────────────────────
[13:51:40] ──────────────────── Epoch 55/200 ────────────────────
[13:51:40] ──────────────────── Epoch 56/200 ────────────────────
[13:51:40] ──────────────────── Epoch 57/200 ────────────────────
[13:51:40] ──────────────────── Epoch 58/200 ────────────────────
[13:51:41] ──────────────────── Epoch 59/200 ────────────────────
[13:51:41] ──────────────────── Epoch 60/200 ────────────────────
[13:51:42] ══════════ VAL ep60 ══════════  ρ=+0.2854 (p=0.0001) [PASS ✓]  AUROC(E)=0.6393  ECE=0.1989  N=177  avg_loss=0.0920
[13:51:42]   best so far: ρ=0.2854 @ ep60
[13:51:42]   ckpt saved → ckpt_epoch0060.pt
[13:51:42] ──────────────────── Epoch 61/200 ────────────────────
[13:51:43] ──────────────────── Epoch 62/200 ────────────────────
[13:51:43] ──────────────────── Epoch 63/200 ────────────────────
[13:51:43] [ep63|s0250]  loss=+0.0968  mse=0.0547  reg=0.0421
[13:51:43] ──────────────────── Epoch 64/200 ────────────────────
[13:51:44] ──────────────────── Epoch 65/200 ────────────────────
[13:51:44] ──────────────────── Epoch 66/200 ────────────────────
[13:51:44] ──────────────────── Epoch 67/200 ────────────────────
[13:51:44] ──────────────────── Epoch 68/200 ────────────────────
[13:51:45] ──────────────────── Epoch 69/200 ────────────────────
[13:51:45] ──────────────────── Epoch 70/200 ────────────────────
[13:51:46] ══════════ VAL ep70 ══════════  ρ=+0.1164 (p=0.1227) [FAIL ✗]  AUROC(E)=0.6578  ECE=0.2297  N=177  avg_loss=0.0756
[13:51:46]   best so far: ρ=0.2854 @ ep60
[13:51:46]   ckpt saved → ckpt_epoch0070.pt
[13:51:46] ──────────────────── Epoch 71/200 ────────────────────
[13:51:47] ──────────────────── Epoch 72/200 ────────────────────
[13:51:47] ──────────────────── Epoch 73/200 ────────────────────
[13:51:47] ──────────────────── Epoch 74/200 ────────────────────
[13:51:47] ──────────────────── Epoch 75/200 ────────────────────
[13:51:48] [ep75|s0300]  loss=+0.0633  mse=0.0164  reg=0.0469
[13:51:48] ──────────────────── Epoch 76/200 ────────────────────
[13:51:48] ──────────────────── Epoch 77/200 ────────────────────
[13:51:48] ──────────────────── Epoch 78/200 ────────────────────
[13:51:49] ──────────────────── Epoch 79/200 ────────────────────
[13:51:49] ──────────────────── Epoch 80/200 ────────────────────
[13:51:50] ══════════ VAL ep80 ══════════  ρ=+0.1671 (p=0.0262) [PASS ✓]  AUROC(E)=0.6139  ECE=0.2120  N=177  avg_loss=0.0766
[13:51:50]   best so far: ρ=0.2854 @ ep60
[13:51:50]   ckpt saved → ckpt_epoch0080.pt
[13:51:50] ──────────────────── Epoch 81/200 ────────────────────
[13:51:51] ──────────────────── Epoch 82/200 ────────────────────
[13:51:51] ──────────────────── Epoch 83/200 ────────────────────
[13:51:51] ──────────────────── Epoch 84/200 ────────────────────
[13:51:51] ──────────────────── Epoch 85/200 ────────────────────
[13:51:52] ──────────────────── Epoch 86/200 ────────────────────
[13:51:52] ──────────────────── Epoch 87/200 ────────────────────
[13:51:52] ──────────────────── Epoch 88/200 ────────────────────
[13:51:53] [ep88|s0350]  loss=+0.0616  mse=0.0161  reg=0.0454
[13:51:53] ──────────────────── Epoch 89/200 ────────────────────
[13:51:53] ──────────────────── Epoch 90/200 ────────────────────
[13:51:54] ══════════ VAL ep90 ══════════  ρ=+0.1731 (p=0.0212) [PASS ✓]  AUROC(E)=0.6574  ECE=0.2175  N=177  avg_loss=0.0696
[13:51:54]   best so far: ρ=0.2854 @ ep60
[13:51:54]   ckpt saved → ckpt_epoch0090.pt
[13:51:55] ──────────────────── Epoch 91/200 ────────────────────
[13:51:55] ──────────────────── Epoch 92/200 ────────────────────
[13:51:55] ──────────────────── Epoch 93/200 ────────────────────
[13:51:55] ──────────────────── Epoch 94/200 ────────────────────
[13:51:56] ──────────────────── Epoch 95/200 ────────────────────
[13:51:56] ──────────────────── Epoch 96/200 ────────────────────
[13:51:56] ──────────────────── Epoch 97/200 ────────────────────
[13:51:56] ──────────────────── Epoch 98/200 ────────────────────
[13:51:57] ──────────────────── Epoch 99/200 ────────────────────
[13:51:57] ──────────────────── Epoch 100/200 ────────────────────
[13:51:57] [ep100|s0400]  loss=+0.0520  mse=0.0108  reg=0.0412
[13:51:58] ══════════ VAL ep100 ══════════  ρ=+0.2212 (p=0.0031) [PASS ✓]  AUROC(E)=0.6562  ECE=0.2259  N=177  avg_loss=0.0625
[13:51:58]   best so far: ρ=0.2854 @ ep60
[13:51:58]   ckpt saved → ckpt_epoch0100.pt
[13:51:58] ──────────────────── Epoch 101/200 ────────────────────
[13:51:59] ──────────────────── Epoch 102/200 ────────────────────
[13:51:59] ──────────────────── Epoch 103/200 ────────────────────
[13:51:59] ──────────────────── Epoch 104/200 ────────────────────
[13:51:59] ──────────────────── Epoch 105/200 ────────────────────
[13:52:00] ──────────────────── Epoch 106/200 ────────────────────
[13:52:00] ──────────────────── Epoch 107/200 ────────────────────
[13:52:00] ──────────────────── Epoch 108/200 ────────────────────
[13:52:01] ──────────────────── Epoch 109/200 ────────────────────
[13:52:01] ──────────────────── Epoch 110/200 ────────────────────
[13:52:01] ══════════ VAL ep110 ══════════  ρ=+0.2208 (p=0.0031) [PASS ✓]  AUROC(E)=0.6562  ECE=0.1977  N=177  avg_loss=0.0534
[13:52:01]   best so far: ρ=0.2854 @ ep60
[13:52:02]   ckpt saved → ckpt_epoch0110.pt
[13:52:02] ──────────────────── Epoch 111/200 ────────────────────
[13:52:03] ──────────────────── Epoch 112/200 ────────────────────
[13:52:03] ──────────────────── Epoch 113/200 ────────────────────
[13:52:03] [ep113|s0450]  loss=+0.0496  mse=0.0052  reg=0.0444
[13:52:03] ──────────────────── Epoch 114/200 ────────────────────
[13:52:03] ──────────────────── Epoch 115/200 ────────────────────
[13:52:04] ──────────────────── Epoch 116/200 ────────────────────
[13:52:04] ──────────────────── Epoch 117/200 ────────────────────
[13:52:04] ──────────────────── Epoch 118/200 ────────────────────
[13:52:05] ──────────────────── Epoch 119/200 ────────────────────
[13:52:05] ──────────────────── Epoch 120/200 ────────────────────
[13:52:05] ══════════ VAL ep120 ══════════  ρ=+0.2154 (p=0.0040) [PASS ✓]  AUROC(E)=0.6465  ECE=0.1991  N=177  avg_loss=0.0530
[13:52:05]   best so far: ρ=0.2854 @ ep60
[13:52:06]   ckpt saved → ckpt_epoch0120.pt
[13:52:06] ──────────────────── Epoch 121/200 ────────────────────
[13:52:07] ──────────────────── Epoch 122/200 ────────────────────
[13:52:07] ──────────────────── Epoch 123/200 ────────────────────
[13:52:07] ──────────────────── Epoch 124/200 ────────────────────
[13:52:07] ──────────────────── Epoch 125/200 ────────────────────
[13:52:08] [ep125|s0500]  loss=+0.0393  mse=0.0136  reg=0.0257
[13:52:08] ──────────────────── Epoch 126/200 ────────────────────
[13:52:08] ──────────────────── Epoch 127/200 ────────────────────
[13:52:08] ──────────────────── Epoch 128/200 ────────────────────
[13:52:08] ──────────────────── Epoch 129/200 ────────────────────
[13:52:09] ──────────────────── Epoch 130/200 ────────────────────
[13:52:09] ══════════ VAL ep130 ══════════  ρ=+0.2192 (p=0.0034) [PASS ✓]  AUROC(E)=0.6364  ECE=0.2060  N=177  avg_loss=0.0575
[13:52:09]   best so far: ρ=0.2854 @ ep60
[13:52:10]   ckpt saved → ckpt_epoch0130.pt
[13:52:10] ──────────────────── Epoch 131/200 ────────────────────
[13:52:10] ──────────────────── Epoch 132/200 ────────────────────
[13:52:11] ──────────────────── Epoch 133/200 ────────────────────
[13:52:11] ──────────────────── Epoch 134/200 ────────────────────
[13:52:11] ──────────────────── Epoch 135/200 ────────────────────
[13:52:12] ──────────────────── Epoch 136/200 ────────────────────
[13:52:12] ──────────────────── Epoch 137/200 ────────────────────
[13:52:12] ──────────────────── Epoch 138/200 ────────────────────
[13:52:12] [ep138|s0550]  loss=+0.0383  mse=0.0034  reg=0.0349
[13:52:12] ──────────────────── Epoch 139/200 ────────────────────
[13:52:13] ──────────────────── Epoch 140/200 ────────────────────
[13:52:13] ══════════ VAL ep140 ══════════  ρ=+0.2210 (p=0.0031) [PASS ✓]  AUROC(E)=0.6465  ECE=0.2149  N=177  avg_loss=0.0559
[13:52:13]   best so far: ρ=0.2854 @ ep60
[13:52:14]   ckpt saved → ckpt_epoch0140.pt
[13:52:14] ──────────────────── Epoch 141/200 ────────────────────
[13:52:14] ──────────────────── Epoch 142/200 ────────────────────
[13:52:15] ──────────────────── Epoch 143/200 ────────────────────
[13:52:15] ──────────────────── Epoch 144/200 ────────────────────
[13:52:15] ──────────────────── Epoch 145/200 ────────────────────
[13:52:16] ──────────────────── Epoch 146/200 ────────────────────
[13:52:16] ──────────────────── Epoch 147/200 ────────────────────
[13:52:16] ──────────────────── Epoch 148/200 ────────────────────
[13:52:16] ──────────────────── Epoch 149/200 ────────────────────
[13:52:17] ──────────────────── Epoch 150/200 ────────────────────
[13:52:17] [ep150|s0600]  loss=+0.0713  mse=0.0073  reg=0.0640
[13:52:17] ══════════ VAL ep150 ══════════  ρ=+0.2248 (p=0.0026) [PASS ✓]  AUROC(E)=0.6472  ECE=0.2096  N=177  avg_loss=0.0528
[13:52:17]   best so far: ρ=0.2854 @ ep60
[13:52:18]   ckpt saved → ckpt_epoch0150.pt
[13:52:18] ──────────────────── Epoch 151/200 ────────────────────
[13:52:18] ──────────────────── Epoch 152/200 ────────────────────
[13:52:19] ──────────────────── Epoch 153/200 ────────────────────
[13:52:19] ──────────────────── Epoch 154/200 ────────────────────
[13:52:19] ──────────────────── Epoch 155/200 ────────────────────
[13:52:20] ──────────────────── Epoch 156/200 ────────────────────
[13:52:20] ──────────────────── Epoch 157/200 ────────────────────
[13:52:20] ──────────────────── Epoch 158/200 ────────────────────
[13:52:20] ──────────────────── Epoch 159/200 ────────────────────
[13:52:21] ──────────────────── Epoch 160/200 ────────────────────
[13:52:21] ══════════ VAL ep160 ══════════  ρ=+0.2246 (p=0.0027) [PASS ✓]  AUROC(E)=0.6481  ECE=0.2091  N=177  avg_loss=0.0570
[13:52:21]   best so far: ρ=0.2854 @ ep60
[13:52:22]   ckpt saved → ckpt_epoch0160.pt
[13:52:22] ──────────────────── Epoch 161/200 ────────────────────
[13:52:22] ──────────────────── Epoch 162/200 ────────────────────
[13:52:23] ──────────────────── Epoch 163/200 ────────────────────
[13:52:23] [ep163|s0650]  loss=+0.0574  mse=0.0070  reg=0.0504
[13:52:23] ──────────────────── Epoch 164/200 ────────────────────
[13:52:23] ──────────────────── Epoch 165/200 ────────────────────
[13:52:24] ──────────────────── Epoch 166/200 ────────────────────
[13:52:24] ──────────────────── Epoch 167/200 ────────────────────
[13:52:24] ──────────────────── Epoch 168/200 ────────────────────
[13:52:24] ──────────────────── Epoch 169/200 ────────────────────
[13:52:25] ──────────────────── Epoch 170/200 ────────────────────
[13:52:25] ══════════ VAL ep170 ══════════  ρ=+0.2263 (p=0.0025) [PASS ✓]  AUROC(E)=0.6471  ECE=0.2092  N=177  avg_loss=0.0467
[13:52:25]   best so far: ρ=0.2854 @ ep60
[13:52:26]   ckpt saved → ckpt_epoch0170.pt
[13:52:26] ──────────────────── Epoch 171/200 ────────────────────
[13:52:26] ──────────────────── Epoch 172/200 ────────────────────
[13:52:27] ──────────────────── Epoch 173/200 ────────────────────
[13:52:27] ──────────────────── Epoch 174/200 ────────────────────
[13:52:27] ──────────────────── Epoch 175/200 ────────────────────
[13:52:27] [ep175|s0700]  loss=+0.0363  mse=0.0041  reg=0.0322
[13:52:27] ──────────────────── Epoch 176/200 ────────────────────
[13:52:28] ──────────────────── Epoch 177/200 ────────────────────
[13:52:28] ──────────────────── Epoch 178/200 ────────────────────
[13:52:28] ──────────────────── Epoch 179/200 ────────────────────
[13:52:29] ──────────────────── Epoch 180/200 ────────────────────
[13:52:29] ══════════ VAL ep180 ══════════  ρ=+0.2250 (p=0.0026) [PASS ✓]  AUROC(E)=0.6463  ECE=0.2094  N=177  avg_loss=0.0560
[13:52:29]   best so far: ρ=0.2854 @ ep60
[13:52:30]   ckpt saved → ckpt_epoch0180.pt
[13:52:30] ──────────────────── Epoch 181/200 ────────────────────
[13:52:30] ──────────────────── Epoch 182/200 ────────────────────
[13:52:31] ──────────────────── Epoch 183/200 ────────────────────
[13:52:31] ──────────────────── Epoch 184/200 ────────────────────
[13:52:31] ──────────────────── Epoch 185/200 ────────────────────
[13:52:32] ──────────────────── Epoch 186/200 ────────────────────
[13:52:32] ──────────────────── Epoch 187/200 ────────────────────
[13:52:32] ──────────────────── Epoch 188/200 ────────────────────
[13:52:32] [ep188|s0750]  loss=+0.0496  mse=0.0049  reg=0.0446
[13:52:32] ──────────────────── Epoch 189/200 ────────────────────
[13:52:33] ──────────────────── Epoch 190/200 ────────────────────
[13:52:34] ══════════ VAL ep190 ══════════  ρ=+0.2259 (p=0.0025) [PASS ✓]  AUROC(E)=0.6468  ECE=0.2094  N=177  avg_loss=0.0492
[13:52:34]   best so far: ρ=0.2854 @ ep60
[13:52:37]   ckpt saved → ckpt_epoch0190.pt
[13:52:37] ──────────────────── Epoch 191/200 ────────────────────
[13:52:37] ──────────────────── Epoch 192/200 ────────────────────
[13:52:38] ──────────────────── Epoch 193/200 ────────────────────
[13:52:38] ──────────────────── Epoch 194/200 ────────────────────
[13:52:39] ──────────────────── Epoch 195/200 ────────────────────
[13:52:39] ──────────────────── Epoch 196/200 ────────────────────
[13:52:40] ──────────────────── Epoch 197/200 ────────────────────
[13:52:40] ──────────────────── Epoch 198/200 ────────────────────
[13:52:41] ──────────────────── Epoch 199/200 ────────────────────
[13:52:41] ──────────────────── Epoch 200/200 ────────────────────
[13:52:42] [ep200|s0800]  loss=+0.0391  mse=0.0047  reg=0.0344
[13:52:42] ══════════ VAL ep200 ══════════  ρ=+0.2254 (p=0.0026) [PASS ✓]  AUROC(E)=0.6471  ECE=0.2091  N=177  avg_loss=0.0472
[13:52:42]   best so far: ρ=0.2854 @ ep60
[13:52:44]   ckpt saved → ckpt_epoch0200.pt
