[19:41:03] ──────────────────── Epoch 01/30 ────────────────────
[19:42:05] [ep01|s0010]  rw=-4.946  cd=-11.098  reg=6.152  │  e+=-5.77(±0.230)  e-=+5.30(±0.013)  sep=-1.0  │  fm_e=-5.8  fm=off  │  ∇rw=5.13  ∇pol=1.50
[19:43:06] [ep01|s0020]  rw=-4.169  cd=-8.807  reg=4.638  │  e+=-3.53(±1.960)  e-=+5.47(±0.008)  sep=-1.0  │  fm_e=-3.8  fm=off  │  ∇rw=89.16  ∇pol=1.47
[19:44:07] [ep01|s0030]  rw=-4.836  cd=-9.185  reg=4.349  │  e+=-4.13(±0.503)  e-=+5.06(±0.031)  sep=-1.0  │  fm_e=-4.2  fm=off  │  ∇rw=19.28  ∇pol=5.90
[19:44:56] ══════════ VAL ep01 ══════════  ρ=+0.0110 (p=0.8844) [FAIL ✗]  AUROC(E)=0.4551  ECE=0.7990  N=177 ◀ BEST
[19:44:57]   ckpt saved → ckpt_epoch0001.pt
[19:44:57] ──────────────────── Epoch 02/30 ────────────────────
[19:45:10] [ep02|s0040]  rw=-4.138  cd=-11.168  reg=7.031  │  e+=-7.06(±1.125)  e-=+4.18(±0.389)  sep=-1.0  │  fm_e=-6.0  fm=off  │  ∇rw=232.36  ∇pol=1.09
[19:46:10] [ep02|s0050]  rw=-5.305  cd=-10.735  reg=5.430  │  e+=-5.30(±0.634)  e-=+5.04(±0.030)  sep=-1.0  │  fm_e=-7.5  fm=off  │  ∇rw=21.28  ∇pol=2.36
[19:47:11] [ep02|s0060]  rw=-4.641  cd=-10.330  reg=5.689  │  e+=-5.55(±0.963)  e-=+4.98(±0.044)  sep=-1.0  │  fm_e=-7.7  fm=off  │  ∇rw=21.23  ∇pol=2.77
[19:48:12] [ep02|s0070]  rw=-4.609  cd=-7.993  reg=3.383  │  e+=-4.99(±0.272)  e-=+2.97(±0.024)  sep=-1.0  │  fm_e=-5.3  fm=off  │  ∇rw=40.09  ∇pol=1.33
[19:48:49] ══════════ VAL ep02 ══════════  ρ=-0.0269 (p=0.7220) [FAIL ✗]  AUROC(E)=0.5156  ECE=0.7887  N=177
[19:48:50]   ckpt saved → ckpt_epoch0002.pt
[19:48:50] ──────────────────── Epoch 03/30 ────────────────────
[19:49:14] [ep03|s0080]  rw=-4.897  cd=-9.977  reg=5.080  │  e+=-4.46(±0.626)  e-=+5.52(±0.029)  sep=-1.0  │  fm_e=-5.2  fm=off  │  ∇rw=13.63  ∇pol=1.15
[19:50:15] [ep03|s0090]  rw=-4.974  cd=-9.871  reg=4.897  │  e+=-4.75(±0.082)  e-=+5.11(±0.008)  sep=-1.0  │  fm_e=-6.0  fm=off  │  ∇rw=4.75  ∇pol=1.19
[19:51:16] [ep03|s0100]  rw=-4.981  cd=-9.914  reg=4.933  │  e+=-4.96(±0.445)  e-=+4.96(±0.013)  sep=-1.0  │  fm_e=-5.4  fm=off  │  ∇rw=1.93  ∇pol=1.63
[19:52:17] [ep03|s0110]  rw=-4.937  cd=-9.868  reg=4.931  │  e+=-5.15(±0.284)  e-=+4.75(±0.053)  sep=-1.0  │  fm_e=-5.4  fm=off  │  ∇rw=5.28  ∇pol=1.18
[19:52:42] ══════════ VAL ep03 ══════════  ρ=+0.1319 (p=0.0801) [FAIL ✗]  AUROC(E)=0.5612  ECE=0.7945  N=177 ◀ BEST
[19:52:43]   ckpt saved → ckpt_epoch0003.pt
[19:52:43] ──────────────────── Epoch 04/30 ────────────────────
[19:53:20] [ep04|s0120]  rw=-4.966  cd=-9.885  reg=4.919  │  e+=-4.88(±0.264)  e-=+5.01(±0.008)  sep=-1.0  │  fm_e=-5.0  fm=off  │  ∇rw=3.83  ∇pol=1.12
[19:54:21] [ep04|s0130]  rw=-4.674  cd=-9.496  reg=4.821  │  e+=-4.73(±1.481)  e-=+4.85(±0.013)  sep=-1.0  │  fm_e=-4.8  fm=off  │  ∇rw=6.95  ∇pol=0.75
[19:55:22] [ep04|s0140]  rw=-4.924  cd=-9.762  reg=4.838  │  e+=-4.49(±0.198)  e-=+5.27(±0.026)  sep=-1.0  │  fm_e=-5.4  fm=off  │  ∇rw=25.01  ∇pol=2.85
[19:56:23] [ep04|s0150]  rw=-5.114  cd=-9.793  reg=4.680  │  e+=-4.13(±1.949)  e-=+4.98(±0.008)  sep=-1.0  │  fm_e=-5.4  fm=off  │  ∇rw=20.69  ∇pol=2.86
[19:56:36] ══════════ VAL ep04 ══════════  ρ=+0.0656 (p=0.3860) [FAIL ✗]  AUROC(E)=0.4926  ECE=0.7600  N=177
[19:56:37]   ckpt saved → ckpt_epoch0004.pt
[19:56:37] ──────────────────── Epoch 05/30 ────────────────────
[19:57:26] [ep05|s0160]  rw=-4.822  cd=-9.821  reg=4.999  │  e+=-4.94(±0.614)  e-=+5.01(±0.025)  sep=-1.0  │  fm_e=-5.9  fm=off  │  ∇rw=6.07  ∇pol=0.96
[19:58:27] [ep05|s0170]  rw=-5.126  cd=-10.354  reg=5.228  │  e+=-5.15(±0.739)  e-=+4.99(±0.019)  sep=-1.0  │  fm_e=-4.3  fm=off  │  ∇rw=6.27  ∇pol=1.06
[19:59:27] [ep05|s0180]  rw=-4.835  cd=-9.333  reg=4.498  │  e+=-4.45(±0.971)  e-=+4.91(±0.024)  sep=-1.0  │  fm_e=-4.2  fm=off  │  ∇rw=7.94  ∇pol=1.24
[20:00:28] [ep05|s0190]  rw=-5.019  cd=-10.024  reg=5.006  │  e+=-4.96(±0.642)  e-=+5.00(±0.013)  sep=-0.6  │  fm_e=-5.1  fm=off  │  ∇rw=2.10  ∇pol=0.81
[20:00:29] ══════════ VAL ep05 ══════════  ρ=+0.1172 (p=0.1202) [FAIL ✗]  AUROC(E)=0.4655  ECE=0.7926  N=177
[20:00:30]   ckpt saved → ckpt_epoch0005.pt
[20:00:30] ──────────────────── Epoch 06/30 ────────────────────
[20:01:31] [ep06|s0200]  rw=-4.890  cd=-9.888  reg=4.998  │  e+=-5.05(±0.392)  e-=+4.92(±0.012)  sep=0.8  │  fm_e=-5.3  fm=off  │  ∇rw=4.19  ∇pol=1.12
[20:02:32] [ep06|s0210]  rw=-4.949  cd=-9.913  reg=4.964  │  e+=-5.13(±0.198)  e-=+4.81(±0.056)  sep=1.4  │  fm_e=-5.5  fm=off  │  ∇rw=6.94  ∇pol=0.58
[20:03:26] [ep06|s0220]  rw=-5.329  cd=-10.464  reg=5.135  │  e+=-5.04(±1.653)  e-=+4.75(±0.060)  sep=10.9  │  fm_e=+4.7  fm=ON  fb=100%  │  ∇rw=12.33  ∇pol=0.68
[20:04:00] ══════════ VAL ep06 ══════════  ρ=+0.0199 (p=0.7928) [FAIL ✗]  AUROC(E)=0.4581  ECE=0.7970  N=177
[20:04:00]   ckpt saved → ckpt_epoch0006.pt
[20:04:00] ──────────────────── Epoch 07/30 ────────────────────
[20:04:09] [ep07|s0230]  rw=-4.943  cd=-9.826  reg=4.882  │  e+=-4.79(±0.534)  e-=+5.04(±0.012)  sep=50.7  │  fm_e=+5.0  fm=ON  fb=100%  │  ∇rw=9.63  ∇pol=0.94
[20:04:50] [ep07|s0240]  rw=-5.024  cd=-10.071  reg=5.047  │  e+=-4.81(±0.257)  e-=+5.19(±0.007)  sep=50.4  │  fm_e=+5.2  fm=ON  fb=100%  │  ∇rw=8.28  ∇pol=0.98
[20:05:31] [ep07|s0250]  rw=-4.924  cd=-9.908  reg=4.984  │  e+=-4.94(±0.238)  e-=+5.03(±0.007)  sep=82.2  │  fm_e=+5.0  fm=ON  fb=100%  │  ∇rw=3.29  ∇pol=1.15
[20:06:12] [ep07|s0260]  rw=-5.076  cd=-10.990  reg=5.914  │  e+=-5.28(±1.737)  e-=+5.29(±0.052)  sep=24.5  │  fm_e=+5.3  fm=ON  fb=100%  │  ∇rw=20.11  ∇pol=1.41
[20:06:37] ══════════ VAL ep07 ══════════  ρ=-0.0091 (p=0.9047) [FAIL ✗]  AUROC(E)=0.4540  ECE=0.7929  N=177
[20:06:38]   ckpt saved → ckpt_epoch0007.pt
[20:06:38] ──────────────────── Epoch 08/30 ────────────────────
[20:06:54] [ep08|s0270]  rw=-4.885  cd=-9.077  reg=4.192  │  e+=-4.10(±0.269)  e-=+5.00(±0.013)  sep=40.9  │  fm_e=+5.0  fm=ON  fb=100%  │  ∇rw=7.67  ∇pol=0.65
[20:07:35] [ep08|s0280]  rw=-5.146  cd=-11.316  reg=6.170  │  e+=-5.73(±0.866)  e-=+5.29(±0.023)  sep=49.4  │  fm_e=+5.3  fm=ON  fb=100%  │  ∇rw=7.20  ∇pol=0.89
[20:08:16] [ep08|s0290]  rw=-4.312  cd=-7.906  reg=3.594  │  e+=-3.83(±1.237)  e-=+4.07(±0.088)  sep=41.8  │  fm_e=+4.1  fm=ON  fb=100%  │  ∇rw=103.59  ∇pol=0.81
[20:08:57] [ep08|s0300]  rw=-4.996  cd=-9.742  reg=4.747  │  e+=-4.68(±0.185)  e-=+5.04(±0.028)  sep=70.9  │  fm_e=+5.0  fm=ON  fb=100%  │  ∇rw=4.99  ∇pol=0.58
[20:09:14] ══════════ VAL ep08 ══════════  ρ=-0.0396 (p=0.6008) [FAIL ✗]  AUROC(E)=0.4835  ECE=0.7875  N=177
[20:09:15]   ckpt saved → ckpt_epoch0008.pt
[20:09:15] ──────────────────── Epoch 09/30 ────────────────────
[20:09:40] [ep09|s0310]  rw=-4.953  cd=-9.698  reg=4.745  │  e+=-5.18(±0.327)  e-=+4.49(±0.011)  sep=40.6  │  fm_e=+4.5  fm=ON  fb=100%  │  ∇rw=15.68  ∇pol=0.74
[20:10:21] [ep09|s0320]  rw=-5.044  cd=-10.511  reg=5.467  │  e+=-5.42(±0.298)  e-=+5.00(±0.022)  sep=42.3  │  fm_e=+5.0  fm=ON  fb=100%  │  ∇rw=5.80  ∇pol=0.80
[20:11:02] [ep09|s0330]  rw=-5.089  cd=-9.926  reg=4.838  │  e+=-4.82(±0.820)  e-=+4.94(±0.041)  sep=44.7  │  fm_e=+4.9  fm=ON  fb=100%  │  ∇rw=3.82  ∇pol=0.88
[20:11:43] [ep09|s0340]  rw=-4.270  cd=-8.391  reg=4.121  │  e+=-5.26(±0.314)  e-=+3.08(±0.182)  sep=49.9  │  fm_e=+3.1  fm=ON  fb=100%  │  ∇rw=261.59  ∇pol=1.86
[20:11:52] ══════════ VAL ep09 ══════════  ρ=-0.0019 (p=0.9798) [FAIL ✗]  AUROC(E)=0.4690  ECE=0.7909  N=177
[20:11:54]   ckpt saved → ckpt_epoch0009.pt
[20:11:54] ──────────────────── Epoch 10/30 ────────────────────
[20:12:27] [ep10|s0350]  rw=-4.532  cd=-10.940  reg=6.408  │  e+=-6.81(±0.184)  e-=+4.18(±0.054)  sep=45.6  │  fm_e=+4.2  fm=ON  fb=100%  │  ∇rw=37.00  ∇pol=1.93
[20:13:08] [ep10|s0360]  rw=-4.619  cd=-8.157  reg=3.538  │  e+=-3.75(±0.798)  e-=+4.47(±0.047)  sep=50.7  │  fm_e=+4.5  fm=ON  fb=100%  │  ∇rw=37.51  ∇pol=0.86
[20:13:48] [ep10|s0370]  rw=-4.897  cd=-8.980  reg=4.083  │  e+=-4.03(±0.815)  e-=+4.87(±0.039)  sep=20.9  │  fm_e=+4.9  fm=ON  fb=100%  │  ∇rw=15.35  ∇pol=0.68
[20:14:29] [ep10|s0380]  rw=-4.736  cd=-10.169  reg=5.433  │  e+=-5.51(±0.645)  e-=+4.85(±0.057)  sep=39.9  │  fm_e=+4.8  fm=ON  fb=100%  │  ∇rw=13.47  ∇pol=0.57
[20:14:30] ══════════ VAL ep10 ══════════  ρ=-0.0664 (p=0.3799) [FAIL ✗]  AUROC(E)=0.4300  ECE=0.7819  N=177
[20:14:31]   ckpt saved → ckpt_epoch0010.pt
[20:14:31] ──────────────────── Epoch 11/30 ────────────────────
[20:15:12] [ep11|s0390]  rw=-4.930  cd=-9.397  reg=4.468  │  e+=-4.56(±0.513)  e-=+4.86(±0.026)  sep=32.2  │  fm_e=+4.9  fm=ON  fb=100%  │  ∇rw=6.41  ∇pol=0.82
[20:15:53] [ep11|s0400]  rw=-4.965  cd=-10.678  reg=5.713  │  e+=-5.42(±0.507)  e-=+5.24(±0.024)  sep=42.3  │  fm_e=+5.2  fm=ON  fb=100%  │  ∇rw=5.87  ∇pol=1.03
[20:16:34] [ep11|s0410]  rw=-4.871  cd=-9.406  reg=4.535  │  e+=-4.49(±0.304)  e-=+5.01(±0.035)  sep=73.8  │  fm_e=+5.0  fm=ON  fb=100%  │  ∇rw=13.26  ∇pol=1.29
[20:17:07] ══════════ VAL ep11 ══════════  ρ=+0.0322 (p=0.6709) [FAIL ✗]  AUROC(E)=0.5395  ECE=0.7985  N=177
[20:17:08]   ckpt saved → ckpt_epoch0011.pt
[20:17:08] ──────────────────── Epoch 12/30 ────────────────────
[20:17:16] [ep12|s0420]  rw=-4.595  cd=-8.369  reg=3.774  │  e+=-4.46(±0.235)  e-=+3.80(±0.209)  sep=50.9  │  fm_e=+3.8  fm=ON  fb=100%  │  ∇rw=203.75  ∇pol=1.98
[20:17:57] [ep12|s0430]  rw=-4.891  cd=-10.733  reg=5.842  │  e+=-5.73(±0.262)  e-=+5.03(±0.020)  sep=51.2  │  fm_e=+5.0  fm=ON  fb=100%  │  ∇rw=11.62  ∇pol=0.81
[20:18:38] [ep12|s0440]  rw=-5.015  cd=-9.943  reg=4.928  │  e+=-4.79(±0.144)  e-=+5.09(±0.005)  sep=103.6  │  fm_e=+5.1  fm=ON  fb=100%  │  ∇rw=8.07  ∇pol=0.70
[20:19:18] [ep12|s0450]  rw=-4.998  cd=-9.592  reg=4.594  │  e+=-4.75(±0.376)  e-=+4.82(±0.009)  sep=45.7  │  fm_e=+4.8  fm=ON  fb=100%  │  ∇rw=43.34  ∇pol=0.70
[20:19:43] ══════════ VAL ep12 ══════════  ρ=+0.0343 (p=0.6502) [FAIL ✗]  AUROC(E)=0.4520  ECE=0.5276  N=177
[20:19:44]   ckpt saved → ckpt_epoch0012.pt
[20:19:44] ──────────────────── Epoch 13/30 ────────────────────
[20:20:00] [ep13|s0460]  rw=-5.108  cd=-9.909  reg=4.801  │  e+=-4.86(±0.552)  e-=+4.83(±0.019)  sep=19.2  │  fm_e=+4.8  fm=ON  fb=100%  │  ∇rw=9.31  ∇pol=0.58
[20:20:41] [ep13|s0470]  rw=-4.945  cd=-9.922  reg=4.977  │  e+=-4.69(±0.187)  e-=+5.25(±0.025)  sep=69.8  │  fm_e=+5.3  fm=ON  fb=100%  │  ∇rw=6.98  ∇pol=0.59
[20:21:22] [ep13|s0480]  rw=-4.805  cd=-10.593  reg=5.788  │  e+=-6.16(±0.480)  e-=+4.43(±0.029)  sep=35.0  │  fm_e=+4.4  fm=ON  fb=100%  │  ∇rw=12.39  ∇pol=1.02
[20:22:03] [ep13|s0490]  rw=-4.955  cd=-9.854  reg=4.900  │  e+=-5.34(±0.273)  e-=+4.52(±0.011)  sep=63.9  │  fm_e=+4.5  fm=ON  fb=100%  │  ∇rw=5.38  ∇pol=0.57
[20:22:19] ══════════ VAL ep13 ══════════  ρ=+0.0395 (p=0.6019) [FAIL ✗]  AUROC(E)=0.4168  ECE=0.7407  N=177
[20:22:20]   ckpt saved → ckpt_epoch0013.pt
[20:22:20] ──────────────────── Epoch 14/30 ────────────────────
[20:22:45] [ep14|s0500]  rw=-2.653  cd=-6.302  reg=3.649  │  e+=-5.40(±0.244)  e-=+0.97(±0.031)  sep=35.0  │  fm_e=+1.0  fm=ON  fb=100%  │  ∇rw=208.82  ∇pol=0.74
[20:23:26] [ep14|s0510]  rw=-4.771  cd=-10.435  reg=5.664  │  e+=-5.79(±0.679)  e-=+4.69(±0.017)  sep=32.6  │  fm_e=+4.7  fm=ON  fb=100%  │  ∇rw=27.24  ∇pol=1.00
[20:24:07] [ep14|s0520]  rw=-5.003  cd=-10.033  reg=5.030  │  e+=-5.05(±0.138)  e-=+4.97(±0.007)  sep=79.5  │  fm_e=+5.0  fm=ON  fb=100%  │  ∇rw=2.87  ∇pol=0.63
[20:24:48] [ep14|s0530]  rw=-5.160  cd=-10.428  reg=5.268  │  e+=-5.23(±0.398)  e-=+5.01(±0.010)  sep=81.9  │  fm_e=+5.0  fm=ON  fb=100%  │  ∇rw=5.74  ∇pol=0.63
[20:24:57] ══════════ VAL ep14 ══════════  ρ=+0.0693 (p=0.3593) [FAIL ✗]  AUROC(E)=0.5008  ECE=0.7956  N=177
[20:24:58]   ckpt saved → ckpt_epoch0014.pt
[20:24:58] ──────────────────── Epoch 15/30 ────────────────────
[20:25:31] [ep15|s0540]  rw=-4.832  cd=-11.243  reg=6.411  │  e+=-5.70(±0.276)  e-=+5.61(±0.008)  sep=38.8  │  fm_e=+5.6  fm=ON  fb=100%  │  ∇rw=15.12  ∇pol=0.67
[20:26:12] [ep15|s0550]  rw=-4.960  cd=-9.826  reg=4.867  │  e+=-4.83(±0.252)  e-=+5.03(±0.010)  sep=59.9  │  fm_e=+5.0  fm=ON  fb=100%  │  ∇rw=3.21  ∇pol=0.57
[20:26:53] [ep15|s0560]  rw=-4.976  cd=-10.106  reg=5.130  │  e+=-4.86(±0.291)  e-=+5.25(±0.009)  sep=42.1  │  fm_e=+5.3  fm=ON  fb=100%  │  ∇rw=3.21  ∇pol=0.51
[20:27:34] [ep15|s0570]  rw=-4.912  cd=-10.130  reg=5.218  │  e+=-5.13(±0.268)  e-=+5.05(±0.010)  sep=56.4  │  fm_e=+5.0  fm=ON  fb=100%  │  ∇rw=6.11  ∇pol=0.51
[20:27:34] ══════════ VAL ep15 ══════════  ρ=+0.0333 (p=0.6602) [FAIL ✗]  AUROC(E)=0.3856  ECE=0.7940  N=177
[20:27:35]   ckpt saved → ckpt_epoch0015.pt
[20:27:35] ──────────────────── Epoch 16/30 ────────────────────
[20:28:16] [ep16|s0580]  rw=-5.020  cd=-10.027  reg=5.006  │  e+=-5.07(±0.343)  e-=+4.91(±0.006)  sep=77.7  │  fm_e=+4.9  fm=ON  fb=100%  │  ∇rw=3.31  ∇pol=0.40
[20:28:57] [ep16|s0590]  rw=-4.776  cd=-10.386  reg=5.609  │  e+=-5.69(±0.679)  e-=+4.82(±0.013)  sep=42.9  │  fm_e=+4.8  fm=ON  fb=100%  │  ∇rw=7.70  ∇pol=0.71
[20:29:38] [ep16|s0600]  rw=-2.559  cd=-5.584  reg=3.025  │  e+=-3.40(±0.365)  e-=+2.16(±0.051)  sep=29.9  │  fm_e=+2.2  fm=ON  fb=100%  │  ∇rw=156.65  ∇pol=0.72
[20:30:12] ══════════ VAL ep16 ══════════  ρ=+0.1380 (p=0.0670) [FAIL ✗]  AUROC(E)=0.6135  ECE=0.7957  N=177 ◀ BEST
[20:30:13]   ckpt saved → ckpt_epoch0016.pt
[20:30:13] ──────────────────── Epoch 17/30 ────────────────────
[20:30:22] [ep17|s0610]  rw=-5.013  cd=-9.611  reg=4.598  │  e+=-4.82(±0.139)  e-=+4.77(±0.010)  sep=65.0  │  fm_e=+4.8  fm=ON  fb=100%  │  ∇rw=4.68  ∇pol=0.92
[20:31:03] [ep17|s0620]  rw=-5.042  cd=-9.704  reg=4.662  │  e+=-4.63(±0.307)  e-=+5.01(±0.004)  sep=111.3  │  fm_e=+5.0  fm=ON  fb=100%  │  ∇rw=5.18  ∇pol=1.11
[20:31:44] [ep17|s0630]  rw=-2.351  cd=-5.880  reg=3.529  │  e+=-1.26(±3.182)  e-=+4.78(±0.005)  sep=37.3  │  fm_e=+4.8  fm=ON  fb=100%  │  ∇rw=105.38  ∇pol=0.97
[20:32:25] [ep17|s0640]  rw=-4.923  cd=-10.557  reg=5.634  │  e+=-5.50(±0.217)  e-=+5.10(±0.010)  sep=109.7  │  fm_e=+5.1  fm=ON  fb=100%  │  ∇rw=8.25  ∇pol=0.94
[20:32:50] ══════════ VAL ep17 ══════════  ρ=+0.1530 (p=0.0420) [PASS ✓]  AUROC(E)=0.5372  ECE=0.7931  N=177 ◀ BEST
[20:32:52]   ckpt saved → ckpt_epoch0017.pt
[20:32:52] ──────────────────── Epoch 18/30 ────────────────────
[20:33:08] [ep18|s0650]  rw=-5.020  cd=-9.456  reg=4.437  │  e+=-4.56(±0.388)  e-=+4.83(±0.017)  sep=99.9  │  fm_e=+4.8  fm=ON  fb=100%  │  ∇rw=5.07  ∇pol=0.68
[20:33:49] [ep18|s0660]  rw=-5.007  cd=-11.564  reg=6.557  │  e+=-6.28(±0.952)  e-=+5.02(±0.024)  sep=25.8  │  fm_e=+5.0  fm=ON  fb=100%  │  ∇rw=16.32  ∇pol=0.37
[20:34:30] [ep18|s0670]  rw=-4.947  cd=-10.932  reg=5.985  │  e+=-5.76(±0.275)  e-=+5.16(±0.022)  sep=47.3  │  fm_e=+5.2  fm=ON  fb=100%  │  ∇rw=12.16  ∇pol=0.59
[20:35:10] [ep18|s0680]  rw=-4.977  cd=-9.477  reg=4.500  │  e+=-4.59(±0.070)  e-=+4.89(±0.036)  sep=84.8  │  fm_e=+4.9  fm=ON  fb=100%  │  ∇rw=4.95  ∇pol=0.75
[20:35:27] ══════════ VAL ep18 ══════════  ρ=+0.1396 (p=0.0638) [FAIL ✗]  AUROC(E)=0.5936  ECE=0.7876  N=177
[20:35:28]   ckpt saved → ckpt_epoch0018.pt
[20:35:28] ──────────────────── Epoch 19/30 ────────────────────
[20:35:53] [ep19|s0690]  rw=-5.018  cd=-10.296  reg=5.278  │  e+=-5.25(±0.196)  e-=+5.01(±0.024)  sep=94.9  │  fm_e=+5.0  fm=ON  fb=100%  │  ∇rw=4.43  ∇pol=0.83
[20:36:33] [ep19|s0700]  rw=-4.987  cd=-9.835  reg=4.847  │  e+=-4.77(±0.242)  e-=+5.06(±0.034)  sep=97.2  │  fm_e=+5.1  fm=ON  fb=100%  │  ∇rw=3.88  ∇pol=0.69
[20:37:14] [ep19|s0710]  rw=-4.973  cd=-11.051  reg=6.078  │  e+=-5.68(±0.354)  e-=+5.33(±0.022)  sep=64.4  │  fm_e=+5.3  fm=ON  fb=100%  │  ∇rw=9.10  ∇pol=0.49
[20:37:55] [ep19|s0720]  rw=-5.174  cd=-10.301  reg=5.127  │  e+=-5.30(±0.643)  e-=+4.77(±0.007)  sep=38.0  │  fm_e=+4.8  fm=ON  fb=100%  │  ∇rw=6.56  ∇pol=0.55
[20:38:03] ══════════ VAL ep19 ══════════  ρ=+0.0549 (p=0.4679) [FAIL ✗]  AUROC(E)=0.4286  ECE=0.7728  N=177
[20:38:04]   ckpt saved → ckpt_epoch0019.pt
[20:38:04] ──────────────────── Epoch 20/30 ────────────────────
[20:38:37] [ep20|s0730]  rw=-4.623  cd=-8.728  reg=4.105  │  e+=-4.01(±1.399)  e-=+4.79(±0.014)  sep=26.7  │  fm_e=+4.8  fm=ON  fb=100%  │  ∇rw=11.60  ∇pol=0.60
[20:39:18] [ep20|s0740]  rw=-4.981  cd=-10.007  reg=5.026  │  e+=-4.93(±0.331)  e-=+5.07(±0.025)  sep=52.6  │  fm_e=+5.1  fm=ON  fb=100%  │  ∇rw=3.29  ∇pol=0.45
[20:39:59] [ep20|s0750]  rw=-5.050  cd=-10.155  reg=5.105  │  e+=-4.99(±0.202)  e-=+5.11(±0.012)  sep=48.9  │  fm_e=+5.1  fm=ON  fb=100%  │  ∇rw=3.09  ∇pol=0.44
[20:40:40] [ep20|s0760]  rw=-5.186  cd=-10.029  reg=4.844  │  e+=-4.80(±0.417)  e-=+5.02(±0.018)  sep=51.7  │  fm_e=+5.0  fm=ON  fb=100%  │  ∇rw=3.78  ∇pol=0.51
[20:40:41] ══════════ VAL ep20 ══════════  ρ=+0.0815 (p=0.2811) [FAIL ✗]  AUROC(E)=0.5370  ECE=0.7920  N=177
[20:40:42]   ckpt saved → ckpt_epoch0020.pt
[20:40:42] ──────────────────── Epoch 21/30 ────────────────────
[20:41:23] [ep21|s0770]  rw=-5.126  cd=-10.066  reg=4.940  │  e+=-5.06(±0.322)  e-=+4.86(±0.016)  sep=48.2  │  fm_e=+4.9  fm=ON  fb=100%  │  ∇rw=4.11  ∇pol=0.34
[20:42:03] [ep21|s0780]  rw=-4.956  cd=-9.983  reg=5.027  │  e+=-4.84(±0.559)  e-=+5.14(±0.033)  sep=32.2  │  fm_e=+5.1  fm=ON  fb=100%  │  ∇rw=3.74  ∇pol=0.57
[20:42:44] [ep21|s0790]  rw=-5.027  cd=-9.860  reg=4.833  │  e+=-4.87(±0.246)  e-=+4.94(±0.020)  sep=80.5  │  fm_e=+4.9  fm=ON  fb=100%  │  ∇rw=3.66  ∇pol=0.63
[20:43:17] ══════════ VAL ep21 ══════════  ρ=+0.0959 (p=0.2042) [FAIL ✗]  AUROC(E)=0.4648  ECE=0.7959  N=177
[20:43:18]   ckpt saved → ckpt_epoch0021.pt
[20:43:18] ──────────────────── Epoch 22/30 ────────────────────
[20:43:27] [ep22|s0800]  rw=-4.824  cd=-9.218  reg=4.394  │  e+=-4.44(±0.654)  e-=+4.87(±0.019)  sep=40.2  │  fm_e=+4.9  fm=ON  fb=100%  │  ∇rw=6.28  ∇pol=0.85
[20:44:08] [ep22|s0810]  rw=-5.087  cd=-9.622  reg=4.534  │  e+=-4.57(±0.615)  e-=+4.90(±0.043)  sep=46.8  │  fm_e=+4.9  fm=ON  fb=100%  │  ∇rw=5.85  ∇pol=0.91
[20:44:48] [ep22|s0820]  rw=-5.020  cd=-10.222  reg=5.202  │  e+=-5.32(±0.128)  e-=+4.86(±0.012)  sep=70.1  │  fm_e=+4.9  fm=ON  fb=100%  │  ∇rw=4.30  ∇pol=0.70
[20:45:29] [ep22|s0830]  rw=-5.064  cd=-9.822  reg=4.759  │  e+=-4.68(±0.437)  e-=+5.04(±0.033)  sep=72.4  │  fm_e=+5.0  fm=ON  fb=100%  │  ∇rw=3.93  ∇pol=0.52
[20:45:55] ══════════ VAL ep22 ══════════  ρ=+0.0407 (p=0.5905) [FAIL ✗]  AUROC(E)=0.4599  ECE=0.7902  N=177
[20:45:56]   ckpt saved → ckpt_epoch0022.pt
[20:45:56] ──────────────────── Epoch 23/30 ────────────────────
[20:46:13] [ep23|s0840]  rw=-4.858  cd=-10.741  reg=5.883  │  e+=-5.85(±0.420)  e-=+4.94(±0.008)  sep=43.7  │  fm_e=+4.9  fm=ON  fb=100%  │  ∇rw=9.66  ∇pol=0.59
[20:46:54] [ep23|s0850]  rw=-5.014  cd=-10.002  reg=4.987  │  e+=-4.81(±0.467)  e-=+5.15(±0.025)  sep=53.0  │  fm_e=+5.1  fm=ON  fb=100%  │  ∇rw=3.13  ∇pol=0.81
[20:47:35] [ep23|s0860]  rw=-4.981  cd=-10.076  reg=5.095  │  e+=-5.12(±0.246)  e-=+4.96(±0.008)  sep=44.9  │  fm_e=+5.0  fm=ON  fb=100%  │  ∇rw=3.18  ∇pol=0.89
[20:48:16] [ep23|s0870]  rw=-5.068  cd=-9.239  reg=4.171  │  e+=-3.96(±0.666)  e-=+5.06(±0.025)  sep=46.9  │  fm_e=+5.1  fm=ON  fb=100%  │  ∇rw=12.35  ∇pol=0.66
[20:48:32] ══════════ VAL ep23 ══════════  ρ=+0.1193 (p=0.1138) [FAIL ✗]  AUROC(E)=0.5683  ECE=0.7922  N=177
[20:48:33]   ckpt saved → ckpt_epoch0023.pt
[20:48:33] ──────────────────── Epoch 24/30 ────────────────────
[20:48:58] [ep24|s0880]  rw=-5.044  cd=-9.522  reg=4.478  │  e+=-4.46(±0.392)  e-=+4.97(±0.017)  sep=72.5  │  fm_e=+5.0  fm=ON  fb=100%  │  ∇rw=5.77  ∇pol=0.40
[20:49:39] [ep24|s0890]  rw=-4.918  cd=-10.357  reg=5.439  │  e+=-5.64(±0.237)  e-=+4.75(±0.013)  sep=49.2  │  fm_e=+4.8  fm=ON  fb=100%  │  ∇rw=7.68  ∇pol=0.44
[20:50:20] [ep24|s0900]  rw=-2.570  cd=-5.865  reg=3.295  │  e+=-2.84(±2.472)  e-=+3.83(±0.059)  sep=19.8  │  fm_e=+3.8  fm=ON  fb=100%  │  ∇rw=65.04  ∇pol=24.17
[20:51:01] [ep24|s0910]  rw=-4.859  cd=-9.612  reg=4.753  │  e+=-4.63(±0.671)  e-=+5.05(±0.035)  sep=40.2  │  fm_e=+5.1  fm=ON  fb=100%  │  ∇rw=7.00  ∇pol=0.67
[20:51:10] ══════════ VAL ep24 ══════════  ρ=+0.0576 (p=0.4464) [FAIL ✗]  AUROC(E)=0.5174  ECE=0.7938  N=177
[20:51:10]   ckpt saved → ckpt_epoch0024.pt
[20:51:10] ──────────────────── Epoch 25/30 ────────────────────
[20:51:44] [ep25|s0920]  rw=-5.019  cd=-10.125  reg=5.106  │  e+=-5.10(±0.228)  e-=+5.00(±0.018)  sep=93.4  │  fm_e=+5.0  fm=ON  fb=100%  │  ∇rw=1.17  ∇pol=0.66
[20:52:24] [ep25|s0930]  rw=-4.932  cd=-9.946  reg=5.014  │  e+=-4.99(±0.310)  e-=+5.01(±0.013)  sep=111.4  │  fm_e=+5.0  fm=ON  fb=100%  │  ∇rw=2.22  ∇pol=0.38
[20:53:05] [ep25|s0940]  rw=-5.060  cd=-10.005  reg=4.945  │  e+=-4.67(±1.224)  e-=+5.11(±0.041)  sep=43.7  │  fm_e=+5.1  fm=ON  fb=100%  │  ∇rw=4.44  ∇pol=0.67
[20:53:46] [ep25|s0950]  rw=-5.027  cd=-9.287  reg=4.260  │  e+=-4.44(±0.746)  e-=+4.73(±0.071)  sep=37.5  │  fm_e=+4.7  fm=ON  fb=100%  │  ∇rw=8.99  ∇pol=1.14
[20:53:47] ══════════ VAL ep25 ══════════  ρ=+0.1490 (p=0.0477) [PASS ✓]  AUROC(E)=0.5714  ECE=0.7610  N=177
[20:53:48]   ckpt saved → ckpt_epoch0025.pt
[20:53:48] ──────────────────── Epoch 26/30 ────────────────────
[20:54:29] [ep26|s0960]  rw=-4.848  cd=-10.597  reg=5.749  │  e+=-5.77(±0.719)  e-=+4.87(±0.029)  sep=26.0  │  fm_e=+4.9  fm=ON  fb=100%  │  ∇rw=11.40  ∇pol=0.70
[20:55:09] [ep26|s0970]  rw=-3.949  cd=-9.453  reg=5.505  │  e+=-5.22(±0.694)  e-=+4.08(±1.739)  sep=40.5  │  fm_e=+3.7  fm=ON  fb=100%  │  ∇rw=25.79  ∇pol=0.30
[20:55:50] [ep26|s0980]  rw=-5.076  cd=-9.730  reg=4.654  │  e+=-4.61(±0.434)  e-=+5.01(±0.044)  sep=42.4  │  fm_e=+5.0  fm=ON  fb=100%  │  ∇rw=5.72  ∇pol=0.60
[20:56:23] ══════════ VAL ep26 ══════════  ρ=+0.1324 (p=0.0789) [FAIL ✗]  AUROC(E)=0.5714  ECE=0.7902  N=177
[20:56:24]   ckpt saved → ckpt_epoch0026.pt
[20:56:24] ──────────────────── Epoch 27/30 ────────────────────
[20:56:32] [ep27|s0990]  rw=-4.958  cd=-9.979  reg=5.020  │  e+=-4.95(±0.607)  e-=+5.03(±0.064)  sep=41.4  │  fm_e=+5.0  fm=ON  fb=100%  │  ∇rw=3.01  ∇pol=2.69
[20:57:13] [ep27|s1000]  rw=-5.190  cd=-10.032  reg=4.842  │  e+=-4.71(±1.315)  e-=+4.95(±0.016)  sep=26.6  │  fm_e=+5.0  fm=ON  fb=100%  │  ∇rw=4.35  ∇pol=0.74
[20:57:54] [ep27|s1010]  rw=-5.048  cd=-9.771  reg=4.723  │  e+=-4.36(±1.314)  e-=+5.14(±0.020)  sep=25.2  │  fm_e=+5.1  fm=ON  fb=100%  │  ∇rw=9.83  ∇pol=0.70
[20:58:34] [ep27|s1020]  rw=-4.822  cd=-8.741  reg=3.919  │  e+=-3.79(±0.341)  e-=+4.96(±0.107)  sep=42.2  │  fm_e=+5.0  fm=ON  fb=100%  │  ∇rw=16.63  ∇pol=1.02
[20:58:59] ══════════ VAL ep27 ══════════  ρ=+0.0714 (p=0.3448) [FAIL ✗]  AUROC(E)=0.6241  ECE=0.7987  N=177
[20:59:00]   ckpt saved → ckpt_epoch0027.pt
[20:59:00] ──────────────────── Epoch 28/30 ────────────────────
[20:59:17] [ep28|s1030]  rw=-5.003  cd=-10.148  reg=5.145  │  e+=-5.08(±0.707)  e-=+5.01(±0.041)  sep=40.6  │  fm_e=+5.0  fm=ON  fb=100%  │  ∇rw=4.28  ∇pol=0.49
[20:59:57] [ep28|s1040]  rw=-4.987  cd=-9.765  reg=4.777  │  e+=-4.75(±0.108)  e-=+5.02(±0.026)  sep=47.9  │  fm_e=+5.0  fm=ON  fb=100%  │  ∇rw=3.49  ∇pol=0.61
[21:00:38] [ep28|s1050]  rw=-5.019  cd=-9.698  reg=4.679  │  e+=-4.65(±0.303)  e-=+5.00(±0.041)  sep=49.8  │  fm_e=+5.0  fm=ON  fb=100%  │  ∇rw=6.15  ∇pol=0.51
[21:01:19] [ep28|s1060]  rw=-4.929  cd=-10.247  reg=5.318  │  e+=-5.31(±0.512)  e-=+4.97(±0.064)  sep=59.9  │  fm_e=+4.9  fm=ON  fb=100%  │  ∇rw=4.95  ∇pol=4.02
[21:01:36] ══════════ VAL ep28 ══════════  ρ=+0.0579 (p=0.4437) [FAIL ✗]  AUROC(E)=0.5960  ECE=0.7954  N=177
[21:01:36]   ckpt saved → ckpt_epoch0028.pt
[21:01:36] ──────────────────── Epoch 29/30 ────────────────────
[21:02:01] [ep29|s1070]  rw=-5.026  cd=-9.829  reg=4.802  │  e+=-5.04(±0.241)  e-=+4.74(±0.026)  sep=54.1  │  fm_e=+4.8  fm=ON  fb=100%  │  ∇rw=5.34  ∇pol=0.70
[21:02:42] [ep29|s1080]  rw=-4.983  cd=-9.352  reg=4.369  │  e+=-4.45(±0.184)  e-=+4.86(±0.017)  sep=81.8  │  fm_e=+4.9  fm=ON  fb=100%  │  ∇rw=10.43  ∇pol=0.44
[21:03:23] [ep29|s1090]  rw=-4.896  cd=-9.636  reg=4.740  │  e+=-4.47(±0.301)  e-=+5.22(±0.054)  sep=44.7  │  fm_e=+5.2  fm=ON  fb=100%  │  ∇rw=7.55  ∇pol=0.73
[21:04:04] [ep29|s1100]  rw=-4.987  cd=-10.198  reg=5.211  │  e+=-5.25(±0.547)  e-=+4.92(±0.058)  sep=40.8  │  fm_e=+4.9  fm=ON  fb=100%  │  ∇rw=4.19  ∇pol=0.43
[21:04:13] ══════════ VAL ep29 ══════════  ρ=+0.0339 (p=0.6546) [FAIL ✗]  AUROC(E)=0.5655  ECE=0.7890  N=177
[21:04:14]   ckpt saved → ckpt_epoch0029.pt
[21:04:14] ──────────────────── Epoch 30/30 ────────────────────
[21:04:47] [ep30|s1110]  rw=-4.797  cd=-10.509  reg=5.711  │  e+=-5.90(±0.740)  e-=+4.60(±0.319)  sep=32.8  │  fm_e=+4.5  fm=ON  fb=100%  │  ∇rw=23.47  ∇pol=0.78
[21:05:28] [ep30|s1120]  rw=-4.072  cd=-8.251  reg=4.179  │  e+=-4.30(±0.505)  e-=+3.88(±1.300)  sep=21.6  │  fm_e=+3.5  fm=ON  fb=100%  │  ∇rw=164.75  ∇pol=0.49
[21:06:09] [ep30|s1130]  rw=-4.841  cd=-9.666  reg=4.825  │  e+=-4.91(±0.368)  e-=+4.90(±0.021)  sep=39.7  │  fm_e=+4.9  fm=ON  fb=100%  │  ∇rw=5.74  ∇pol=0.51
[21:06:50] [ep30|s1140]  rw=-4.961  cd=-9.898  reg=4.936  │  e+=-4.97(±0.308)  e-=+4.95(±0.016)  sep=62.8  │  fm_e=+4.9  fm=ON  fb=100%  │  ∇rw=2.58  ∇pol=0.42
[21:06:50] ══════════ VAL ep30 ══════════  ρ=+0.0426 (p=0.5734) [FAIL ✗]  AUROC(E)=0.6032  ECE=0.7905  N=177
[21:06:51]   ckpt saved → ckpt_epoch0030.pt
