[18:12:57] ──────────────────── Epoch 01/30 ────────────────────
[18:14:00] [ep01|s0010]  rw=-0.459  cd=-0.546  reg=0.087  │  e+=-0.85(±0.063)  e-=-0.31(±0.004)  sep=-1.0  │  fm_e=-1.0  fm=off  │  ∇rw=16.68  ∇pol=1.84
[18:15:01] [ep01|s0020]  rw=-4.915  cd=-11.567  reg=6.653  │  e+=-5.55(±0.426)  e-=+5.94(±0.008)  sep=-1.0  │  fm_e=-10.1  fm=off  │  ∇rw=12.97  ∇pol=9.24
[18:16:04] [ep01|s0030]  rw=-4.972  cd=-9.855  reg=4.883  │  e+=-4.72(±1.135)  e-=+5.01(±0.005)  sep=-1.0  │  fm_e=-8.7  fm=off  │  ∇rw=4.02  ∇pol=3.63
[18:17:07] [ep01|s0040]  rw=-5.036  cd=-9.136  reg=4.100  │  e+=-4.31(±0.275)  e-=+4.70(±0.004)  sep=-1.0  │  fm_e=-6.1  fm=off  │  ∇rw=6.46  ∇pol=0.82
[18:18:09] [ep01|s0050]  rw=-3.018  cd=-7.147  reg=4.129  │  e+=-4.37(±0.185)  e-=+2.78(±0.067)  sep=-1.0  │  fm_e=-5.2  fm=off  │  ∇rw=179.95  ∇pol=1.18
[18:19:11] [ep01|s0060]  rw=-5.028  cd=-9.646  reg=4.618  │  e+=-4.47(±0.725)  e-=+5.07(±0.003)  sep=-1.0  │  fm_e=-5.3  fm=off  │  ∇rw=4.88  ∇pol=1.50
[18:20:13] [ep01|s0070]  rw=-4.776  cd=-9.359  reg=4.583  │  e+=-4.53(±0.464)  e-=+5.00(±0.004)  sep=-1.0  │  fm_e=-4.4  fm=off  │  ∇rw=2.47  ∇pol=0.75
[18:21:15] [ep01|s0080]  rw=-4.920  cd=-10.534  reg=5.614  │  e+=-5.57(±0.256)  e-=+5.00(±0.007)  sep=-1.0  │  fm_e=-5.5  fm=off  │  ∇rw=3.71  ∇pol=0.73
[18:22:17] [ep01|s0090]  rw=-4.977  cd=-9.979  reg=5.002  │  e+=-5.02(±0.425)  e-=+4.96(±0.016)  sep=-1.0  │  fm_e=-5.5  fm=off  │  ∇rw=1.46  ∇pol=2.93
[18:23:19] [ep01|s0100]  rw=-5.021  cd=-9.636  reg=4.615  │  e+=-4.62(±0.440)  e-=+4.96(±0.005)  sep=-1.0  │  fm_e=-9.6  fm=off  │  ∇rw=3.68  ∇pol=21.79
[18:24:21] [ep01|s0110]  rw=-4.940  cd=-9.412  reg=4.473  │  e+=-4.39(±0.174)  e-=+5.04(±0.004)  sep=-1.0  │  fm_e=-5.7  fm=off  │  ∇rw=2.32  ∇pol=0.91
[18:25:23] [ep01|s0120]  rw=-4.998  cd=-9.859  reg=4.861  │  e+=-4.90(±0.096)  e-=+4.95(±0.005)  sep=-1.0  │  fm_e=-5.0  fm=off  │  ∇rw=0.93  ∇pol=0.66
[18:26:25] [ep01|s0130]  rw=-4.989  cd=-9.984  reg=4.995  │  e+=-4.98(±0.056)  e-=+5.01(±0.006)  sep=-1.0  │  fm_e=-5.0  fm=off  │  ∇rw=0.92  ∇pol=1.08
[18:27:27] [ep01|s0140]  rw=-4.976  cd=-10.344  reg=5.369  │  e+=-5.37(±0.144)  e-=+4.98(±0.007)  sep=-1.0  │  fm_e=-7.0  fm=off  │  ∇rw=1.29  ∇pol=1.47
[18:28:29] [ep01|s0150]  rw=-4.826  cd=-10.353  reg=5.527  │  e+=-5.85(±0.571)  e-=+4.55(±0.010)  sep=-1.0  │  fm_e=-6.6  fm=off  │  ∇rw=10.01  ∇pol=0.98
[18:29:31] [ep01|s0160]  rw=-4.981  cd=-10.233  reg=5.252  │  e+=-5.26(±0.081)  e-=+4.99(±0.019)  sep=-1.0  │  fm_e=-5.6  fm=off  │  ∇rw=0.82  ∇pol=0.68
[18:30:33] [ep01|s0170]  rw=-5.036  cd=-10.156  reg=5.120  │  e+=-5.11(±0.149)  e-=+5.00(±0.003)  sep=-1.0  │  fm_e=-5.2  fm=off  │  ∇rw=0.67  ∇pol=0.57
[18:31:34] [ep01|s0180]  rw=-4.711  cd=-11.500  reg=6.789  │  e+=-6.32(±1.115)  e-=+5.17(±0.019)  sep=-1.0  │  fm_e=-5.4  fm=off  │  ∇rw=9.91  ∇pol=1.43
[18:32:37] [ep01|s0190]  rw=-4.983  cd=-10.271  reg=5.288  │  e+=-5.30(±0.178)  e-=+4.98(±0.005)  sep=-0.5  │  fm_e=-5.4  fm=off  │  ∇rw=1.28  ∇pol=0.99
[18:32:37] ══════════ VAL ep01 ══════════  ρ=-0.0368 (p=0.6270) [FAIL ✗]  AUROC(E)=0.5742  ECE=0.7967  N=177 ◀ BEST
[18:32:39]   ckpt saved → ckpt_epoch0001.pt
[18:32:39] ──────────────────── Epoch 02/30 ────────────────────
[18:33:41] [ep02|s0200]  rw=-5.050  cd=-9.546  reg=4.497  │  e+=-4.51(±0.543)  e-=+4.93(±0.004)  sep=1.8  │  fm_e=-5.1  fm=off  │  ∇rw=2.79  ∇pol=0.96
[18:34:43] [ep02|s0210]  rw=-4.925  cd=-9.854  reg=4.929  │  e+=-4.96(±0.676)  e-=+4.92(±0.040)  sep=1.1  │  fm_e=-7.0  fm=off  │  ∇rw=3.54  ∇pol=0.93
[18:35:39] [ep02|s0220]  rw=-5.224  cd=-10.003  reg=4.779  │  e+=-4.64(±0.863)  e-=+5.05(±0.011)  sep=30.0  │  fm_e=+5.0  fm=ON  fb=100%  │  ∇rw=3.03  ∇pol=3.87
[18:36:22] [ep02|s0230]  rw=-4.959  cd=-10.283  reg=5.323  │  e+=-5.31(±0.197)  e-=+5.00(±0.007)  sep=94.4  │  fm_e=+5.0  fm=ON  fb=100%  │  ∇rw=3.05  ∇pol=0.87
[18:37:04] [ep02|s0240]  rw=-5.009  cd=-10.173  reg=5.164  │  e+=-5.11(±0.119)  e-=+5.05(±0.012)  sep=127.0  │  fm_e=+5.0  fm=ON  fb=100%  │  ∇rw=2.07  ∇pol=0.72
[18:37:47] [ep02|s0250]  rw=-5.189  cd=-9.951  reg=4.761  │  e+=-4.70(±0.502)  e-=+5.03(±0.008)  sep=58.3  │  fm_e=+5.0  fm=ON  fb=100%  │  ∇rw=3.50  ∇pol=0.62
[18:38:30] [ep02|s0260]  rw=-4.754  cd=-10.826  reg=6.072  │  e+=-5.90(±0.853)  e-=+5.01(±0.011)  sep=26.8  │  fm_e=+5.0  fm=ON  fb=100%  │  ∇rw=4.70  ∇pol=0.66
[18:39:12] [ep02|s0270]  rw=-4.994  cd=-9.736  reg=4.742  │  e+=-4.66(±0.268)  e-=+5.06(±0.005)  sep=126.7  │  fm_e=+5.1  fm=ON  fb=100%  │  ∇rw=1.63  ∇pol=0.71
[18:39:55] [ep02|s0280]  rw=-5.042  cd=-10.128  reg=5.086  │  e+=-5.00(±0.402)  e-=+5.07(±0.006)  sep=73.8  │  fm_e=+5.1  fm=ON  fb=100%  │  ∇rw=1.69  ∇pol=0.78
[18:40:37] [ep02|s0290]  rw=-5.054  cd=-9.412  reg=4.358  │  e+=-4.26(±0.286)  e-=+5.04(±0.004)  sep=67.5  │  fm_e=+5.0  fm=ON  fb=100%  │  ∇rw=4.05  ∇pol=2.03
[18:41:20] [ep02|s0300]  rw=-4.975  cd=-10.459  reg=5.484  │  e+=-5.45(±0.260)  e-=+5.01(±0.010)  sep=58.1  │  fm_e=+5.0  fm=ON  fb=100%  │  ∇rw=1.14  ∇pol=0.54
[18:42:03] [ep02|s0310]  rw=-4.992  cd=-10.069  reg=5.077  │  e+=-5.04(±0.024)  e-=+5.03(±0.003)  sep=216.3  │  fm_e=+5.0  fm=ON  fb=100%  │  ∇rw=2.01  ∇pol=0.58
[18:42:45] [ep02|s0320]  rw=-4.956  cd=-9.673  reg=4.717  │  e+=-4.45(±0.288)  e-=+5.21(±0.004)  sep=86.5  │  fm_e=+5.2  fm=ON  fb=100%  │  ∇rw=5.44  ∇pol=0.78
[18:43:28] [ep02|s0330]  rw=-4.982  cd=-10.293  reg=5.311  │  e+=-5.30(±0.047)  e-=+4.99(±0.004)  sep=333.2  │  fm_e=+5.0  fm=ON  fb=100%  │  ∇rw=3.31  ∇pol=0.45
[18:44:10] [ep02|s0340]  rw=-5.002  cd=-10.179  reg=5.177  │  e+=-5.02(±0.104)  e-=+5.16(±0.004)  sep=187.4  │  fm_e=+5.2  fm=ON  fb=100%  │  ∇rw=1.72  ∇pol=0.55
[18:44:53] [ep02|s0350]  rw=-5.020  cd=-10.271  reg=5.251  │  e+=-5.10(±1.021)  e-=+5.04(±0.006)  sep=70.6  │  fm_e=+5.0  fm=ON  fb=100%  │  ∇rw=1.30  ∇pol=0.51
[18:45:35] [ep02|s0360]  rw=-5.153  cd=-10.301  reg=5.148  │  e+=-5.11(±0.346)  e-=+5.03(±0.005)  sep=89.6  │  fm_e=+5.0  fm=ON  fb=100%  │  ∇rw=2.10  ∇pol=2.65
[18:46:18] [ep02|s0370]  rw=-4.973  cd=-10.265  reg=5.292  │  e+=-5.30(±0.277)  e-=+4.98(±0.005)  sep=141.4  │  fm_e=+5.0  fm=ON  fb=100%  │  ∇rw=2.64  ∇pol=0.49
[18:47:00] [ep02|s0380]  rw=-5.032  cd=-10.002  reg=4.970  │  e+=-4.79(±0.431)  e-=+5.15(±0.007)  sep=90.1  │  fm_e=+5.2  fm=ON  fb=100%  │  ∇rw=2.79  ∇pol=0.62
[18:47:01] ══════════ VAL ep02 ══════════  ρ=+0.0338 (p=0.6555) [FAIL ✗]  AUROC(E)=0.5132  ECE=0.7927  N=177 ◀ BEST
[18:47:02]   ckpt saved → ckpt_epoch0002.pt
[18:47:02] ──────────────────── Epoch 03/30 ────────────────────
[18:47:45] [ep03|s0390]  rw=-4.801  cd=-10.639  reg=5.839  │  e+=-5.69(±0.615)  e-=+5.07(±0.012)  sep=48.1  │  fm_e=+5.1  fm=ON  fb=100%  │  ∇rw=5.85  ∇pol=0.66
[18:48:28] [ep03|s0400]  rw=-5.057  cd=-10.472  reg=5.415  │  e+=-5.30(±0.418)  e-=+5.09(±0.012)  sep=64.6  │  fm_e=+5.1  fm=ON  fb=100%  │  ∇rw=3.11  ∇pol=0.40
[18:49:11] [ep03|s0410]  rw=-4.896  cd=-10.836  reg=5.940  │  e+=-5.96(±0.261)  e-=+4.88(±0.016)  sep=63.2  │  fm_e=+4.9  fm=ON  fb=100%  │  ∇rw=7.11  ∇pol=0.50
[18:49:53] [ep03|s0420]  rw=-5.003  cd=-10.328  reg=5.325  │  e+=-5.30(±0.109)  e-=+5.02(±0.005)  sep=185.3  │  fm_e=+5.0  fm=ON  fb=100%  │  ∇rw=3.17  ∇pol=0.61
[18:50:36] [ep03|s0430]  rw=-4.999  cd=-9.831  reg=4.831  │  e+=-4.83(±0.247)  e-=+4.99(±0.004)  sep=99.9  │  fm_e=+5.0  fm=ON  fb=100%  │  ∇rw=0.96  ∇pol=1.22
[18:51:19] [ep03|s0440]  rw=-4.944  cd=-9.713  reg=4.768  │  e+=-4.62(±0.370)  e-=+5.11(±0.042)  sep=78.2  │  fm_e=+5.1  fm=ON  fb=100%  │  ∇rw=2.75  ∇pol=0.52
[18:52:01] [ep03|s0450]  rw=-5.231  cd=-9.521  reg=4.291  │  e+=-4.14(±0.760)  e-=+5.01(±0.013)  sep=55.5  │  fm_e=+5.0  fm=ON  fb=100%  │  ∇rw=2.82  ∇pol=0.61
[18:52:44] [ep03|s0460]  rw=-4.919  cd=-9.705  reg=4.786  │  e+=-4.80(±0.437)  e-=+4.95(±0.007)  sep=44.7  │  fm_e=+4.9  fm=ON  fb=100%  │  ∇rw=4.50  ∇pol=0.60
[18:53:27] [ep03|s0470]  rw=-4.966  cd=-10.372  reg=5.406  │  e+=-5.47(±0.066)  e-=+4.90(±0.010)  sep=141.1  │  fm_e=+4.9  fm=ON  fb=100%  │  ∇rw=2.18  ∇pol=6.70
[18:54:09] [ep03|s0480]  rw=-4.993  cd=-10.083  reg=5.090  │  e+=-5.10(±0.184)  e-=+4.98(±0.014)  sep=90.4  │  fm_e=+5.0  fm=ON  fb=100%  │  ∇rw=3.87  ∇pol=0.77
[18:54:52] [ep03|s0490]  rw=-5.003  cd=-10.015  reg=5.013  │  e+=-4.86(±0.203)  e-=+5.14(±0.011)  sep=127.7  │  fm_e=+5.1  fm=ON  fb=100%  │  ∇rw=2.79  ∇pol=0.65
[18:55:34] [ep03|s0500]  rw=-5.113  cd=-10.160  reg=5.047  │  e+=-5.02(±0.299)  e-=+5.02(±0.005)  sep=44.5  │  fm_e=+5.0  fm=ON  fb=100%  │  ∇rw=1.03  ∇pol=0.51
[18:56:17] [ep03|s0510]  rw=-4.972  cd=-9.569  reg=4.596  │  e+=-4.68(±0.289)  e-=+4.90(±0.006)  sep=59.7  │  fm_e=+4.9  fm=ON  fb=100%  │  ∇rw=11.35  ∇pol=0.53
[18:57:00] [ep03|s0520]  rw=-4.968  cd=-9.963  reg=4.995  │  e+=-4.98(±0.257)  e-=+5.01(±0.004)  sep=91.4  │  fm_e=+5.0  fm=ON  fb=100%  │  ∇rw=0.72  ∇pol=0.29
[18:57:43] [ep03|s0530]  rw=-4.918  cd=-10.154  reg=5.236  │  e+=-5.17(±0.534)  e-=+5.02(±0.010)  sep=43.2  │  fm_e=+5.0  fm=ON  fb=100%  │  ∇rw=3.04  ∇pol=0.90
[18:58:26] [ep03|s0540]  rw=-4.997  cd=-10.079  reg=5.081  │  e+=-5.07(±0.110)  e-=+5.00(±0.010)  sep=82.4  │  fm_e=+5.0  fm=ON  fb=100%  │  ∇rw=1.30  ∇pol=0.54
[18:59:08] [ep03|s0550]  rw=-5.071  cd=-10.088  reg=5.017  │  e+=-5.03(±0.348)  e-=+4.97(±0.009)  sep=132.3  │  fm_e=+5.0  fm=ON  fb=100%  │  ∇rw=1.83  ∇pol=0.48
[18:59:51] [ep03|s0560]  rw=-2.182  cd=-6.530  reg=4.347  │  e+=-4.46(±0.389)  e-=+1.95(±0.438)  sep=67.8  │  fm_e=+2.0  fm=ON  fb=100%  │  ∇rw=721.41  ∇pol=0.64
[19:00:33] [ep03|s0570]  rw=-3.919  cd=-7.643  reg=3.724  │  e+=-3.04(±2.536)  e-=+4.45(±0.012)  sep=51.8  │  fm_e=+4.4  fm=ON  fb=100%  │  ∇rw=47.47  ∇pol=2.02
[19:00:35] ══════════ VAL ep03 ══════════  ρ=-0.0465 (p=0.5388) [FAIL ✗]  AUROC(E)=0.5323  ECE=0.6844  N=177
[19:00:40]   ckpt saved → ckpt_epoch0003.pt
[19:00:40] ──────────────────── Epoch 04/30 ────────────────────
[19:01:23] [ep04|s0580]  rw=-4.980  cd=-9.555  reg=4.575  │  e+=-4.45(±0.206)  e-=+5.09(±0.005)  sep=130.2  │  fm_e=+5.1  fm=ON  fb=100%  │  ∇rw=5.15  ∇pol=0.41
[19:02:06] [ep04|s0590]  rw=-3.518  cd=-8.400  reg=4.881  │  e+=-4.80(±0.521)  e-=+3.64(±1.538)  sep=38.9  │  fm_e=+4.1  fm=ON  fb=100%  │  ∇rw=118.79  ∇pol=0.72
[19:02:49] [ep04|s0600]  rw=-5.000  cd=-9.914  reg=4.915  │  e+=-5.03(±0.113)  e-=+4.88(±0.003)  sep=160.3  │  fm_e=+4.9  fm=ON  fb=100%  │  ∇rw=2.00  ∇pol=0.46
[19:03:31] [ep04|s0610]  rw=-4.879  cd=-9.930  reg=5.051  │  e+=-5.12(±0.274)  e-=+4.92(±0.006)  sep=137.4  │  fm_e=+4.9  fm=ON  fb=100%  │  ∇rw=1.93  ∇pol=2.62
[19:04:14] [ep04|s0620]  rw=-4.913  cd=-9.493  reg=4.580  │  e+=-4.45(±0.916)  e-=+5.01(±0.007)  sep=56.5  │  fm_e=+5.0  fm=ON  fb=100%  │  ∇rw=3.85  ∇pol=0.36
[19:04:57] [ep04|s0630]  rw=-4.855  cd=-9.593  reg=4.738  │  e+=-4.71(±0.663)  e-=+4.80(±0.010)  sep=16.2  │  fm_e=+4.8  fm=ON  fb=100%  │  ∇rw=35.99  ∇pol=1.79
[19:05:40] [ep04|s0640]  rw=-4.992  cd=-10.303  reg=5.311  │  e+=-5.25(±0.415)  e-=+5.02(±0.019)  sep=62.6  │  fm_e=+5.0  fm=ON  fb=100%  │  ∇rw=6.04  ∇pol=0.69
[19:06:22] [ep04|s0650]  rw=-4.961  cd=-9.250  reg=4.289  │  e+=-4.89(±0.183)  e-=+4.31(±0.018)  sep=72.2  │  fm_e=+4.3  fm=ON  fb=100%  │  ∇rw=13.83  ∇pol=0.48
[19:07:05] [ep04|s0660]  rw=-5.029  cd=-10.111  reg=5.082  │  e+=-5.11(±0.258)  e-=+4.96(±0.023)  sep=82.1  │  fm_e=+5.0  fm=ON  fb=100%  │  ∇rw=3.50  ∇pol=0.59
[19:07:48] [ep04|s0670]  rw=-5.004  cd=-9.702  reg=4.698  │  e+=-4.69(±0.151)  e-=+5.00(±0.038)  sep=81.7  │  fm_e=+5.0  fm=ON  fb=100%  │  ∇rw=3.73  ∇pol=0.57
[19:08:31] [ep04|s0680]  rw=-5.008  cd=-10.037  reg=5.029  │  e+=-4.98(±0.168)  e-=+5.04(±0.047)  sep=93.6  │  fm_e=+5.0  fm=ON  fb=100%  │  ∇rw=3.22  ∇pol=0.41
[19:09:13] [ep04|s0690]  rw=-4.994  cd=-10.067  reg=5.074  │  e+=-4.92(±0.062)  e-=+5.14(±0.029)  sep=215.6  │  fm_e=+5.1  fm=ON  fb=100%  │  ∇rw=7.92  ∇pol=0.34
[19:09:56] [ep04|s0700]  rw=-4.953  cd=-9.368  reg=4.416  │  e+=-4.96(±0.034)  e-=+4.41(±0.031)  sep=204.1  │  fm_e=+4.4  fm=ON  fb=100%  │  ∇rw=9.80  ∇pol=0.59
[19:10:38] [ep04|s0710]  rw=-5.073  cd=-9.775  reg=4.702  │  e+=-5.09(±0.170)  e-=+4.58(±0.024)  sep=127.4  │  fm_e=+4.6  fm=ON  fb=100%  │  ∇rw=6.90  ∇pol=0.53
[19:11:21] [ep04|s0720]  rw=-4.623  cd=-9.510  reg=4.887  │  e+=-5.19(±0.734)  e-=+4.63(±0.021)  sep=75.6  │  fm_e=+4.6  fm=ON  fb=100%  │  ∇rw=7.02  ∇pol=0.47
[19:12:04] [ep04|s0730]  rw=-5.023  cd=-9.716  reg=4.693  │  e+=-4.83(±0.139)  e-=+4.85(±0.011)  sep=111.0  │  fm_e=+4.8  fm=ON  fb=100%  │  ∇rw=2.65  ∇pol=3.88
[19:12:47] [ep04|s0740]  rw=-4.983  cd=-9.617  reg=4.633  │  e+=-4.74(±0.210)  e-=+4.88(±0.019)  sep=86.1  │  fm_e=+4.9  fm=ON  fb=100%  │  ∇rw=5.30  ∇pol=0.40
[19:13:29] [ep04|s0750]  rw=-4.938  cd=-9.909  reg=4.972  │  e+=-4.98(±0.400)  e-=+4.97(±0.016)  sep=49.1  │  fm_e=+5.0  fm=ON  fb=100%  │  ∇rw=3.07  ∇pol=0.40
[19:14:12] [ep04|s0760]  rw=-4.945  cd=-10.010  reg=5.065  │  e+=-5.15(±0.405)  e-=+4.89(±0.030)  sep=46.9  │  fm_e=+4.9  fm=ON  fb=100%  │  ∇rw=6.50  ∇pol=0.97
[19:14:17] ══════════ VAL ep04 ══════════  ρ=+0.1567 (p=0.0373) [PASS ✓]  AUROC(E)=0.5932  ECE=0.7953  N=177 ◀ BEST
[19:14:25]   ckpt saved → ckpt_epoch0004.pt
[19:14:25] ──────────────────── Epoch 05/30 ────────────────────
[19:15:09] [ep05|s0770]  rw=-5.182  cd=-9.991  reg=4.808  │  e+=-4.72(±0.743)  e-=+5.02(±0.047)  sep=52.8  │  fm_e=+5.0  fm=ON  fb=100%  │  ∇rw=2.04  ∇pol=0.90
[19:15:52] [ep05|s0780]  rw=-4.979  cd=-9.743  reg=4.764  │  e+=-5.05(±0.220)  e-=+4.69(±0.033)  sep=65.3  │  fm_e=+4.7  fm=ON  fb=100%  │  ∇rw=6.24  ∇pol=0.57
[19:16:36] [ep05|s0790]  rw=-5.297  cd=-10.175  reg=4.878  │  e+=-4.88(±1.148)  e-=+4.85(±0.040)  sep=38.5  │  fm_e=+4.9  fm=ON  fb=100%  │  ∇rw=5.60  ∇pol=0.82
[19:17:18] [ep05|s0800]  rw=-5.021  cd=-9.947  reg=4.926  │  e+=-4.93(±0.093)  e-=+4.99(±0.015)  sep=132.4  │  fm_e=+5.0  fm=ON  fb=100%  │  ∇rw=2.49  ∇pol=0.44
[19:18:01] [ep05|s0810]  rw=-5.003  cd=-10.013  reg=5.010  │  e+=-5.01(±0.153)  e-=+4.99(±0.014)  sep=146.8  │  fm_e=+5.0  fm=ON  fb=100%  │  ∇rw=2.94  ∇pol=0.37
[19:18:44] [ep05|s0820]  rw=-4.898  cd=-9.978  reg=5.081  │  e+=-5.09(±0.171)  e-=+4.96(±0.016)  sep=138.1  │  fm_e=+5.0  fm=ON  fb=100%  │  ∇rw=7.70  ∇pol=0.68
[19:19:26] [ep05|s0830]  rw=-4.991  cd=-9.956  reg=4.965  │  e+=-4.95(±0.139)  e-=+5.01(±0.018)  sep=122.3  │  fm_e=+5.0  fm=ON  fb=100%  │  ∇rw=2.85  ∇pol=0.31
[19:20:09] [ep05|s0840]  rw=-4.744  cd=-10.100  reg=5.355  │  e+=-5.80(±0.322)  e-=+4.23(±0.206)  sep=63.3  │  fm_e=+4.3  fm=ON  fb=100%  │  ∇rw=134.25  ∇pol=0.59
[19:20:52] [ep05|s0850]  rw=-4.946  cd=-9.958  reg=5.012  │  e+=-4.95(±0.160)  e-=+5.05(±0.025)  sep=86.6  │  fm_e=+5.1  fm=ON  fb=100%  │  ∇rw=4.79  ∇pol=0.40
[19:21:34] [ep05|s0860]  rw=-5.042  cd=-10.059  reg=5.017  │  e+=-4.81(±0.614)  e-=+5.16(±0.019)  sep=56.4  │  fm_e=+5.2  fm=ON  fb=100%  │  ∇rw=3.72  ∇pol=5.54
[19:22:17] [ep05|s0870]  rw=-4.940  cd=-10.553  reg=5.613  │  e+=-5.51(±0.379)  e-=+5.06(±0.014)  sep=51.5  │  fm_e=+5.1  fm=ON  fb=100%  │  ∇rw=6.87  ∇pol=0.56
[19:22:59] [ep05|s0880]  rw=-4.982  cd=-10.165  reg=5.183  │  e+=-5.20(±0.154)  e-=+4.97(±0.009)  sep=108.5  │  fm_e=+5.0  fm=ON  fb=100%  │  ∇rw=4.29  ∇pol=0.48
[19:23:42] [ep05|s0890]  rw=-5.110  cd=-10.508  reg=5.398  │  e+=-5.32(±0.475)  e-=+5.04(±0.009)  sep=90.6  │  fm_e=+5.0  fm=ON  fb=100%  │  ∇rw=3.52  ∇pol=11.04
[19:24:25] [ep05|s0900]  rw=-4.978  cd=-10.328  reg=5.350  │  e+=-5.19(±0.166)  e-=+5.14(±0.009)  sep=127.0  │  fm_e=+5.1  fm=ON  fb=100%  │  ∇rw=2.85  ∇pol=0.47
[19:25:07] [ep05|s0910]  rw=-4.892  cd=-9.832  reg=4.939  │  e+=-4.89(±0.722)  e-=+4.99(±0.018)  sep=89.0  │  fm_e=+5.0  fm=ON  fb=100%  │  ∇rw=3.10  ∇pol=0.47
[19:25:50] [ep05|s0920]  rw=-5.019  cd=-9.987  reg=4.968  │  e+=-4.92(±0.292)  e-=+5.04(±0.013)  sep=75.3  │  fm_e=+5.0  fm=ON  fb=100%  │  ∇rw=1.77  ∇pol=0.47
[19:26:33] [ep05|s0930]  rw=-5.025  cd=-9.844  reg=4.819  │  e+=-4.82(±0.254)  e-=+4.99(±0.041)  sep=68.5  │  fm_e=+5.0  fm=ON  fb=100%  │  ∇rw=1.18  ∇pol=0.33
[19:27:15] [ep05|s0940]  rw=-4.870  cd=-10.897  reg=6.027  │  e+=-5.68(±0.261)  e-=+5.27(±0.030)  sep=67.9  │  fm_e=+5.3  fm=ON  fb=100%  │  ∇rw=8.40  ∇pol=0.75
[19:27:58] [ep05|s0950]  rw=-5.204  cd=-10.514  reg=5.310  │  e+=-5.17(±0.770)  e-=+5.08(±0.016)  sep=63.1  │  fm_e=+5.1  fm=ON  fb=100%  │  ∇rw=3.89  ∇pol=0.50
[19:27:58] ══════════ VAL ep05 ══════════  ρ=+0.2247 (p=0.0026) [PASS ✓]  AUROC(E)=0.6111  ECE=0.7941  N=177 ◀ BEST
[19:28:00]   ckpt saved → ckpt_epoch0005.pt
[19:28:00] ──────────────────── Epoch 06/30 ────────────────────
[19:28:43] [ep06|s0960]  rw=-4.984  cd=-9.332  reg=4.348  │  e+=-4.50(±0.407)  e-=+4.80(±0.023)  sep=48.6  │  fm_e=+4.8  fm=ON  fb=100%  │  ∇rw=5.30  ∇pol=0.48
[19:29:25] [ep06|s0970]  rw=-5.011  cd=-10.062  reg=5.052  │  e+=-5.01(±0.224)  e-=+5.03(±0.010)  sep=71.5  │  fm_e=+5.0  fm=ON  fb=100%  │  ∇rw=3.46  ∇pol=0.39
[19:30:08] [ep06|s0980]  rw=-5.032  cd=-10.786  reg=5.754  │  e+=-5.60(±0.476)  e-=+5.09(±0.019)  sep=62.7  │  fm_e=+5.1  fm=ON  fb=100%  │  ∇rw=7.25  ∇pol=0.36
[19:30:51] [ep06|s0990]  rw=-5.019  cd=-10.015  reg=4.997  │  e+=-5.01(±0.238)  e-=+4.97(±0.020)  sep=69.2  │  fm_e=+5.0  fm=ON  fb=100%  │  ∇rw=5.13  ∇pol=0.54
[19:31:33] [ep06|s1000]  rw=-5.012  cd=-10.573  reg=5.561  │  e+=-5.44(±0.262)  e-=+5.09(±0.036)  sep=58.0  │  fm_e=+5.1  fm=ON  fb=100%  │  ∇rw=5.99  ∇pol=0.38
[19:32:16] [ep06|s1010]  rw=-5.039  cd=-10.186  reg=5.147  │  e+=-5.13(±0.445)  e-=+4.99(±0.011)  sep=78.7  │  fm_e=+5.0  fm=ON  fb=100%  │  ∇rw=4.52  ∇pol=0.51
[19:32:59] [ep06|s1020]  rw=-4.991  cd=-9.906  reg=4.915  │  e+=-5.25(±0.222)  e-=+4.63(±0.034)  sep=67.0  │  fm_e=+4.6  fm=ON  fb=100%  │  ∇rw=10.84  ∇pol=0.28
[19:33:42] [ep06|s1030]  rw=-5.234  cd=-10.941  reg=5.708  │  e+=-5.53(±0.729)  e-=+5.08(±0.030)  sep=39.1  │  fm_e=+5.1  fm=ON  fb=100%  │  ∇rw=9.95  ∇pol=0.50
[19:34:24] [ep06|s1040]  rw=-4.927  cd=-10.293  reg=5.367  │  e+=-5.31(±0.462)  e-=+5.02(±0.019)  sep=47.7  │  fm_e=+5.0  fm=ON  fb=100%  │  ∇rw=1.89  ∇pol=0.27
[19:35:07] [ep06|s1050]  rw=-5.047  cd=-9.634  reg=4.587  │  e+=-4.68(±0.175)  e-=+4.88(±0.016)  sep=111.3  │  fm_e=+4.9  fm=ON  fb=100%  │  ∇rw=5.86  ∇pol=0.48
[19:35:49] [ep06|s1060]  rw=-5.089  cd=-9.746  reg=4.658  │  e+=-4.63(±0.279)  e-=+5.01(±0.019)  sep=103.2  │  fm_e=+5.0  fm=ON  fb=100%  │  ∇rw=6.04  ∇pol=0.73
[19:36:32] [ep06|s1070]  rw=-5.018  cd=-10.364  reg=5.346  │  e+=-5.37(±0.364)  e-=+4.94(±0.018)  sep=39.7  │  fm_e=+4.9  fm=ON  fb=100%  │  ∇rw=4.11  ∇pol=0.45
[19:37:15] [ep06|s1080]  rw=-5.077  cd=-10.654  reg=5.576  │  e+=-5.38(±0.301)  e-=+5.17(±0.015)  sep=65.7  │  fm_e=+5.2  fm=ON  fb=100%  │  ∇rw=3.88  ∇pol=0.44
[19:37:57] [ep06|s1090]  rw=-5.038  cd=-10.036  reg=4.998  │  e+=-4.98(±0.276)  e-=+5.01(±0.017)  sep=77.0  │  fm_e=+5.0  fm=ON  fb=100%  │  ∇rw=3.37  ∇pol=0.47
[19:38:40] [ep06|s1100]  rw=-5.036  cd=-10.330  reg=5.294  │  e+=-5.20(±0.229)  e-=+5.08(±0.013)  sep=93.0  │  fm_e=+5.1  fm=ON  fb=100%  │  ∇rw=4.37  ∇pol=0.30
[19:39:23] [ep06|s1110]  rw=-4.967  cd=-10.460  reg=5.493  │  e+=-5.47(±0.182)  e-=+4.99(±0.015)  sep=65.2  │  fm_e=+5.0  fm=ON  fb=100%  │  ∇rw=3.32  ∇pol=0.59
[19:40:05] [ep06|s1120]  rw=-4.927  cd=-9.302  reg=4.375  │  e+=-4.35(±0.175)  e-=+4.97(±0.013)  sep=75.9  │  fm_e=+5.0  fm=ON  fb=100%  │  ∇rw=6.33  ∇pol=0.45
[19:40:48] [ep06|s1130]  rw=-4.984  cd=-10.318  reg=5.334  │  e+=-5.35(±0.235)  e-=+4.97(±0.015)  sep=67.1  │  fm_e=+5.0  fm=ON  fb=100%  │  ∇rw=2.98  ∇pol=3.40
[19:41:31] [ep06|s1140]  rw=-5.045  cd=-9.966  reg=4.921  │  e+=-4.74(±0.390)  e-=+5.15(±0.009)  sep=76.2  │  fm_e=+5.2  fm=ON  fb=100%  │  ∇rw=4.24  ∇pol=0.48
[19:41:31] ══════════ VAL ep06 ══════════  ρ=+0.1857 (p=0.0133) [PASS ✓]  AUROC(E)=0.6439  ECE=0.7935  N=177
[19:41:32]   ckpt saved → ckpt_epoch0006.pt
[19:41:32] ──────────────────── Epoch 07/30 ────────────────────
[19:42:15] [ep07|s1150]  rw=-5.179  cd=-10.179  reg=5.000  │  e+=-4.90(±0.381)  e-=+5.08(±0.015)  sep=66.3  │  fm_e=+5.1  fm=ON  fb=100%  │  ∇rw=5.20  ∇pol=0.78
[19:42:57] [ep07|s1160]  rw=-5.065  cd=-9.740  reg=4.675  │  e+=-4.69(±0.388)  e-=+4.96(±0.017)  sep=60.0  │  fm_e=+5.0  fm=ON  fb=100%  │  ∇rw=2.38  ∇pol=0.28
[19:43:40] [ep07|s1170]  rw=-5.066  cd=-9.669  reg=4.603  │  e+=-4.60(±0.543)  e-=+4.95(±0.011)  sep=63.7  │  fm_e=+4.9  fm=ON  fb=100%  │  ∇rw=6.25  ∇pol=0.33
[19:44:23] [ep07|s1180]  rw=-4.974  cd=-9.723  reg=4.749  │  e+=-4.78(±0.430)  e-=+4.94(±0.012)  sep=80.3  │  fm_e=+4.9  fm=ON  fb=100%  │  ∇rw=2.52  ∇pol=0.31
[19:45:05] [ep07|s1190]  rw=-5.227  cd=-10.310  reg=5.083  │  e+=-4.98(±0.769)  e-=+5.04(±0.009)  sep=66.0  │  fm_e=+5.0  fm=ON  fb=100%  │  ∇rw=5.10  ∇pol=0.54
[19:45:48] [ep07|s1200]  rw=-4.793  cd=-9.503  reg=4.711  │  e+=-4.58(±0.988)  e-=+5.01(±0.019)  sep=28.0  │  fm_e=+5.0  fm=ON  fb=100%  │  ∇rw=5.71  ∇pol=0.28
[19:46:31] [ep07|s1210]  rw=-5.014  cd=-9.713  reg=4.699  │  e+=-4.57(±0.079)  e-=+5.11(±0.013)  sep=85.1  │  fm_e=+5.1  fm=ON  fb=100%  │  ∇rw=5.23  ∇pol=0.47
[19:47:13] [ep07|s1220]  rw=-4.902  cd=-9.577  reg=4.675  │  e+=-4.73(±0.725)  e-=+4.88(±0.011)  sep=45.4  │  fm_e=+4.9  fm=ON  fb=100%  │  ∇rw=4.41  ∇pol=0.58
[19:47:56] [ep07|s1230]  rw=-5.066  cd=-9.946  reg=4.880  │  e+=-4.87(±0.314)  e-=+4.99(±0.016)  sep=54.8  │  fm_e=+5.0  fm=ON  fb=100%  │  ∇rw=2.57  ∇pol=0.55
[19:48:38] [ep07|s1240]  rw=-5.221  cd=-9.989  reg=4.768  │  e+=-4.99(±0.563)  e-=+4.74(±0.015)  sep=52.6  │  fm_e=+4.7  fm=ON  fb=100%  │  ∇rw=5.44  ∇pol=0.50
[19:49:21] [ep07|s1250]  rw=-4.914  cd=-9.664  reg=4.751  │  e+=-4.82(±0.435)  e-=+4.90(±0.034)  sep=44.8  │  fm_e=+4.9  fm=ON  fb=100%  │  ∇rw=3.98  ∇pol=0.52
[19:50:03] [ep07|s1260]  rw=-5.106  cd=-9.994  reg=4.888  │  e+=-5.07(±0.361)  e-=+4.80(±0.028)  sep=37.2  │  fm_e=+4.8  fm=ON  fb=100%  │  ∇rw=3.97  ∇pol=0.47
[19:50:46] [ep07|s1270]  rw=-4.961  cd=-9.701  reg=4.740  │  e+=-4.70(±0.095)  e-=+5.03(±0.029)  sep=84.3  │  fm_e=+5.0  fm=ON  fb=100%  │  ∇rw=3.13  ∇pol=0.54
[19:51:29] [ep07|s1280]  rw=-5.032  cd=-10.451  reg=5.419  │  e+=-5.37(±0.640)  e-=+5.00(±0.034)  sep=50.9  │  fm_e=+5.0  fm=ON  fb=100%  │  ∇rw=1.27  ∇pol=0.45
[19:52:12] [ep07|s1290]  rw=-5.049  cd=-10.450  reg=5.401  │  e+=-5.43(±0.299)  e-=+4.94(±0.025)  sep=47.6  │  fm_e=+4.9  fm=ON  fb=100%  │  ∇rw=3.23  ∇pol=0.44
[19:52:54] [ep07|s1300]  rw=-4.923  cd=-10.621  reg=5.698  │  e+=-5.62(±0.559)  e-=+5.00(±0.032)  sep=47.8  │  fm_e=+5.0  fm=ON  fb=100%  │  ∇rw=3.33  ∇pol=0.40
[19:53:37] [ep07|s1310]  rw=-4.995  cd=-10.090  reg=5.095  │  e+=-4.99(±0.959)  e-=+5.01(±0.015)  sep=41.5  │  fm_e=+5.0  fm=ON  fb=100%  │  ∇rw=1.23  ∇pol=0.46
[19:54:20] [ep07|s1320]  rw=-4.936  cd=-9.901  reg=4.966  │  e+=-5.08(±0.433)  e-=+4.86(±0.032)  sep=37.2  │  fm_e=+4.8  fm=ON  fb=100%  │  ∇rw=5.69  ∇pol=0.55
[19:55:02] [ep07|s1330]  rw=-4.999  cd=-9.776  reg=4.777  │  e+=-4.68(±0.266)  e-=+5.08(±0.075)  sep=85.1  │  fm_e=+5.1  fm=ON  fb=100%  │  ∇rw=6.04  ∇pol=0.52
[19:55:03] ══════════ VAL ep07 ══════════  ρ=+0.0351 (p=0.6430) [FAIL ✗]  AUROC(E)=0.5269  ECE=0.7945  N=177
[19:55:03]   ckpt saved → ckpt_epoch0007.pt
[19:55:03] ──────────────────── Epoch 08/30 ────────────────────
[19:55:46] [ep08|s1340]  rw=-4.512  cd=-8.716  reg=4.205  │  e+=-4.21(±0.545)  e-=+4.89(±0.034)  sep=52.2  │  fm_e=+4.9  fm=ON  fb=100%  │  ∇rw=44.90  ∇pol=0.56
[19:56:29] [ep08|s1350]  rw=-5.273  cd=-10.249  reg=4.977  │  e+=-5.07(±0.978)  e-=+4.81(±0.036)  sep=58.9  │  fm_e=+4.8  fm=ON  fb=100%  │  ∇rw=8.72  ∇pol=0.46
[19:57:12] [ep08|s1360]  rw=-5.025  cd=-9.613  reg=4.588  │  e+=-4.60(±0.388)  e-=+4.96(±0.029)  sep=57.2  │  fm_e=+5.0  fm=ON  fb=100%  │  ∇rw=3.47  ∇pol=0.39
[19:57:54] [ep08|s1370]  rw=-4.952  cd=-9.475  reg=4.522  │  e+=-4.38(±0.372)  e-=+5.09(±0.035)  sep=44.7  │  fm_e=+5.1  fm=ON  fb=100%  │  ∇rw=8.19  ∇pol=0.36
[19:58:37] [ep08|s1380]  rw=-5.147  cd=-10.696  reg=5.549  │  e+=-5.34(±0.619)  e-=+5.15(±0.022)  sep=54.1  │  fm_e=+5.2  fm=ON  fb=100%  │  ∇rw=4.98  ∇pol=0.44
[19:59:19] [ep08|s1390]  rw=-4.877  cd=-10.614  reg=5.737  │  e+=-5.60(±0.812)  e-=+5.04(±0.027)  sep=51.1  │  fm_e=+5.0  fm=ON  fb=100%  │  ∇rw=4.59  ∇pol=0.52
[20:00:02] [ep08|s1400]  rw=-4.856  cd=-11.073  reg=6.217  │  e+=-5.91(±0.275)  e-=+5.21(±0.019)  sep=44.5  │  fm_e=+5.2  fm=ON  fb=100%  │  ∇rw=13.17  ∇pol=0.50
[20:00:45] [ep08|s1410]  rw=-4.983  cd=-10.121  reg=5.139  │  e+=-5.10(±0.194)  e-=+5.03(±0.009)  sep=91.1  │  fm_e=+5.0  fm=ON  fb=100%  │  ∇rw=4.21  ∇pol=0.39
[20:01:27] [ep08|s1420]  rw=-4.981  cd=-10.028  reg=5.047  │  e+=-5.03(±0.203)  e-=+5.01(±0.029)  sep=76.1  │  fm_e=+5.0  fm=ON  fb=100%  │  ∇rw=3.16  ∇pol=0.54
[20:02:10] [ep08|s1430]  rw=-4.857  cd=-10.901  reg=6.044  │  e+=-5.08(±0.317)  e-=+5.88(±0.018)  sep=46.4  │  fm_e=+5.9  fm=ON  fb=100%  │  ∇rw=26.41  ∇pol=0.44
[20:02:52] [ep08|s1440]  rw=-4.908  cd=-10.370  reg=5.462  │  e+=-5.28(±0.474)  e-=+5.15(±0.014)  sep=112.3  │  fm_e=+5.1  fm=ON  fb=100%  │  ∇rw=6.37  ∇pol=0.39
[20:03:35] [ep08|s1450]  rw=-4.785  cd=-9.891  reg=5.106  │  e+=-5.09(±0.549)  e-=+4.98(±0.022)  sep=53.9  │  fm_e=+5.0  fm=ON  fb=100%  │  ∇rw=9.61  ∇pol=0.48
[20:04:17] [ep08|s1460]  rw=-4.988  cd=-10.036  reg=5.047  │  e+=-5.00(±0.383)  e-=+5.03(±0.021)  sep=98.5  │  fm_e=+5.0  fm=ON  fb=100%  │  ∇rw=3.32  ∇pol=0.86
[20:05:00] [ep08|s1470]  rw=-4.973  cd=-10.286  reg=5.313  │  e+=-5.27(±0.117)  e-=+5.04(±0.014)  sep=84.1  │  fm_e=+5.0  fm=ON  fb=100%  │  ∇rw=3.80  ∇pol=0.29
[20:05:43] [ep08|s1480]  rw=-5.064  cd=-9.725  reg=4.661  │  e+=-4.95(±0.146)  e-=+4.69(±0.015)  sep=96.9  │  fm_e=+4.7  fm=ON  fb=100%  │  ∇rw=9.42  ∇pol=0.42
[20:06:25] [ep08|s1490]  rw=-5.000  cd=-10.006  reg=5.006  │  e+=-5.07(±0.499)  e-=+4.91(±0.015)  sep=61.4  │  fm_e=+4.9  fm=ON  fb=100%  │  ∇rw=4.55  ∇pol=0.62
[20:07:08] [ep08|s1500]  rw=-5.179  cd=-9.818  reg=4.639  │  e+=-4.64(±0.686)  e-=+4.93(±0.020)  sep=57.2  │  fm_e=+4.9  fm=ON  fb=100%  │  ∇rw=6.43  ∇pol=0.44
[20:07:51] [ep08|s1510]  rw=-4.955  cd=-10.460  reg=5.505  │  e+=-5.17(±0.169)  e-=+5.32(±0.014)  sep=61.8  │  fm_e=+5.3  fm=ON  fb=100%  │  ∇rw=9.57  ∇pol=0.45
[20:08:33] [ep08|s1520]  rw=-4.995  cd=-10.100  reg=5.105  │  e+=-5.07(±0.123)  e-=+5.03(±0.021)  sep=117.2  │  fm_e=+5.0  fm=ON  fb=100%  │  ∇rw=4.10  ∇pol=0.43
[20:08:34] ══════════ VAL ep08 ══════════  ρ=+0.1368 (p=0.0694) [FAIL ✗]  AUROC(E)=0.5407  ECE=0.7931  N=177
[20:08:35]   ckpt saved → ckpt_epoch0008.pt
[20:08:35] ──────────────────── Epoch 09/30 ────────────────────
[20:09:18] [ep09|s1530]  rw=-4.918  cd=-10.636  reg=5.718  │  e+=-5.80(±0.203)  e-=+4.84(±0.010)  sep=116.9  │  fm_e=+4.8  fm=ON  fb=100%  │  ∇rw=11.94  ∇pol=0.42
[20:10:00] [ep09|s1540]  rw=-4.974  cd=-10.163  reg=5.189  │  e+=-5.15(±0.457)  e-=+5.02(±0.020)  sep=90.3  │  fm_e=+5.0  fm=ON  fb=100%  │  ∇rw=4.26  ∇pol=0.51
[20:10:43] [ep09|s1550]  rw=-4.912  cd=-9.910  reg=4.998  │  e+=-4.40(±0.420)  e-=+5.52(±0.046)  sep=60.7  │  fm_e=+5.5  fm=ON  fb=100%  │  ∇rw=19.73  ∇pol=0.37
[20:11:26] [ep09|s1560]  rw=-4.986  cd=-9.780  reg=4.794  │  e+=-4.72(±0.504)  e-=+5.04(±0.018)  sep=57.8  │  fm_e=+5.0  fm=ON  fb=100%  │  ∇rw=5.19  ∇pol=0.39
[20:12:08] [ep09|s1570]  rw=-5.071  cd=-9.829  reg=4.757  │  e+=-4.73(±0.298)  e-=+5.01(±0.032)  sep=49.8  │  fm_e=+5.0  fm=ON  fb=100%  │  ∇rw=2.40  ∇pol=0.36
[20:12:51] [ep09|s1580]  rw=-4.918  cd=-9.347  reg=4.429  │  e+=-4.70(±0.501)  e-=+4.67(±0.027)  sep=62.8  │  fm_e=+4.7  fm=ON  fb=100%  │  ∇rw=11.44  ∇pol=0.64
[20:13:34] [ep09|s1590]  rw=-4.990  cd=-10.092  reg=5.102  │  e+=-5.11(±0.181)  e-=+4.99(±0.018)  sep=80.5  │  fm_e=+5.0  fm=ON  fb=100%  │  ∇rw=4.59  ∇pol=0.44
[20:14:16] [ep09|s1600]  rw=-5.186  cd=-10.722  reg=5.536  │  e+=-5.44(±0.757)  e-=+5.02(±0.034)  sep=34.5  │  fm_e=+5.0  fm=ON  fb=100%  │  ∇rw=3.55  ∇pol=0.50
[20:14:59] [ep09|s1610]  rw=-4.980  cd=-9.938  reg=4.958  │  e+=-5.20(±0.583)  e-=+4.71(±0.020)  sep=42.9  │  fm_e=+4.7  fm=ON  fb=100%  │  ∇rw=9.93  ∇pol=0.55
[20:15:41] [ep09|s1620]  rw=-5.021  cd=-10.540  reg=5.519  │  e+=-5.39(±0.321)  e-=+5.10(±0.019)  sep=119.9  │  fm_e=+5.1  fm=ON  fb=100%  │  ∇rw=6.87  ∇pol=0.61
[20:16:24] [ep09|s1630]  rw=-5.180  cd=-9.958  reg=4.778  │  e+=-4.95(±0.590)  e-=+4.79(±0.020)  sep=58.2  │  fm_e=+4.8  fm=ON  fb=100%  │  ∇rw=8.52  ∇pol=0.62
[20:17:07] [ep09|s1640]  rw=-4.967  cd=-10.062  reg=5.095  │  e+=-5.03(±0.317)  e-=+5.05(±0.017)  sep=92.3  │  fm_e=+5.1  fm=ON  fb=100%  │  ∇rw=3.31  ∇pol=0.29
[20:17:49] [ep09|s1650]  rw=-5.074  cd=-10.003  reg=4.929  │  e+=-4.89(±0.333)  e-=+5.03(±0.017)  sep=94.0  │  fm_e=+5.0  fm=ON  fb=100%  │  ∇rw=2.99  ∇pol=0.60
[20:18:32] [ep09|s1660]  rw=-5.091  cd=-9.903  reg=4.812  │  e+=-4.74(±0.445)  e-=+5.04(±0.017)  sep=56.2  │  fm_e=+5.0  fm=ON  fb=100%  │  ∇rw=3.35  ∇pol=0.36
[20:19:14] [ep09|s1670]  rw=-5.199  cd=-10.468  reg=5.269  │  e+=-4.78(±0.914)  e-=+5.38(±0.021)  sep=54.2  │  fm_e=+5.4  fm=ON  fb=100%  │  ∇rw=15.32  ∇pol=0.22
[20:19:57] [ep09|s1680]  rw=-5.206  cd=-10.632  reg=5.426  │  e+=-5.24(±0.444)  e-=+5.15(±0.014)  sep=56.1  │  fm_e=+5.2  fm=ON  fb=100%  │  ∇rw=6.14  ∇pol=0.27
[20:20:40] [ep09|s1690]  rw=-4.646  cd=-7.919  reg=3.272  │  e+=-4.20(±0.670)  e-=+3.69(±0.097)  sep=91.2  │  fm_e=+3.7  fm=ON  fb=100%  │  ∇rw=77.73  ∇pol=0.44
[20:21:22] [ep09|s1700]  rw=-4.925  cd=-11.000  reg=6.075  │  e+=-5.43(±0.744)  e-=+5.54(±0.048)  sep=62.9  │  fm_e=+5.5  fm=ON  fb=100%  │  ∇rw=17.19  ∇pol=0.33
[20:22:05] [ep09|s1710]  rw=-4.987  cd=-9.637  reg=4.650  │  e+=-4.49(±0.586)  e-=+5.09(±0.016)  sep=71.8  │  fm_e=+5.1  fm=ON  fb=100%  │  ∇rw=4.81  ∇pol=0.44
[20:22:05] ══════════ VAL ep09 ══════════  ρ=+0.2386 (p=0.0014) [PASS ✓]  AUROC(E)=0.5996  ECE=0.7944  N=177 ◀ BEST
[20:22:07]   ckpt saved → ckpt_epoch0009.pt
[20:22:07] ──────────────────── Epoch 10/30 ────────────────────
[20:22:50] [ep10|s1720]  rw=-4.985  cd=-9.766  reg=4.781  │  e+=-4.63(±0.197)  e-=+5.13(±0.015)  sep=61.1  │  fm_e=+5.1  fm=ON  fb=100%  │  ∇rw=5.86  ∇pol=0.41
[20:23:32] [ep10|s1730]  rw=-5.177  cd=-10.109  reg=4.932  │  e+=-4.84(±0.598)  e-=+5.05(±0.026)  sep=47.5  │  fm_e=+5.1  fm=ON  fb=100%  │  ∇rw=2.77  ∇pol=0.41
[20:24:15] [ep10|s1740]  rw=-5.051  cd=-9.950  reg=4.899  │  e+=-4.96(±0.409)  e-=+4.92(±0.008)  sep=63.0  │  fm_e=+4.9  fm=ON  fb=100%  │  ∇rw=3.63  ∇pol=0.35
[20:24:58] [ep10|s1750]  rw=-5.041  cd=-10.005  reg=4.964  │  e+=-4.95(±0.248)  e-=+5.01(±0.023)  sep=111.3  │  fm_e=+5.0  fm=ON  fb=100%  │  ∇rw=2.70  ∇pol=0.41
[20:25:40] [ep10|s1760]  rw=-4.972  cd=-10.126  reg=5.153  │  e+=-5.14(±0.316)  e-=+4.99(±0.016)  sep=82.3  │  fm_e=+5.0  fm=ON  fb=100%  │  ∇rw=3.33  ∇pol=0.26
[20:26:23] [ep10|s1770]  rw=-5.012  cd=-10.303  reg=5.291  │  e+=-5.28(±0.143)  e-=+5.00(±0.014)  sep=72.4  │  fm_e=+5.0  fm=ON  fb=100%  │  ∇rw=2.57  ∇pol=0.27
[20:27:06] [ep10|s1780]  rw=-5.018  cd=-9.925  reg=4.907  │  e+=-4.96(±0.249)  e-=+4.94(±0.015)  sep=53.8  │  fm_e=+4.9  fm=ON  fb=100%  │  ∇rw=2.28  ∇pol=0.45
[20:27:48] [ep10|s1790]  rw=-5.030  cd=-9.863  reg=4.834  │  e+=-4.81(±0.340)  e-=+5.01(±0.020)  sep=53.8  │  fm_e=+5.0  fm=ON  fb=100%  │  ∇rw=4.36  ∇pol=0.67
[20:28:31] [ep10|s1800]  rw=-5.131  cd=-9.827  reg=4.697  │  e+=-4.65(±0.420)  e-=+5.01(±0.010)  sep=50.4  │  fm_e=+5.0  fm=ON  fb=100%  │  ∇rw=6.52  ∇pol=0.35
[20:29:14] [ep10|s1810]  rw=-4.952  cd=-10.177  reg=5.225  │  e+=-5.04(±0.361)  e-=+5.16(±0.016)  sep=85.6  │  fm_e=+5.2  fm=ON  fb=100%  │  ∇rw=6.78  ∇pol=0.64
[20:29:56] [ep10|s1820]  rw=-4.969  cd=-9.633  reg=4.665  │  e+=-4.66(±0.096)  e-=+4.99(±0.017)  sep=75.2  │  fm_e=+5.0  fm=ON  fb=100%  │  ∇rw=1.84  ∇pol=0.58
[20:30:39] [ep10|s1830]  rw=-5.192  cd=-10.228  reg=5.037  │  e+=-4.94(±0.394)  e-=+5.06(±0.009)  sep=125.6  │  fm_e=+5.1  fm=ON  fb=100%  │  ∇rw=12.97  ∇pol=0.43
[20:31:22] [ep10|s1840]  rw=-4.960  cd=-10.709  reg=5.749  │  e+=-5.58(±0.241)  e-=+5.13(±0.011)  sep=73.6  │  fm_e=+5.1  fm=ON  fb=100%  │  ∇rw=9.12  ∇pol=0.54
[20:32:04] [ep10|s1850]  rw=-4.957  cd=-10.492  reg=5.535  │  e+=-5.60(±0.328)  e-=+4.89(±0.014)  sep=51.6  │  fm_e=+4.9  fm=ON  fb=100%  │  ∇rw=8.87  ∇pol=0.37
[20:32:47] [ep10|s1860]  rw=-5.082  cd=-9.872  reg=4.790  │  e+=-4.65(±0.324)  e-=+5.12(±0.021)  sep=54.1  │  fm_e=+5.1  fm=ON  fb=100%  │  ∇rw=5.53  ∇pol=0.46
[20:33:30] [ep10|s1870]  rw=-5.362  cd=-9.608  reg=4.246  │  e+=-4.01(±1.222)  e-=+4.99(±0.021)  sep=32.4  │  fm_e=+5.0  fm=ON  fb=100%  │  ∇rw=2.43  ∇pol=0.44
[20:34:12] [ep10|s1880]  rw=-4.965  cd=-9.971  reg=5.006  │  e+=-4.97(±0.609)  e-=+4.99(±0.023)  sep=41.7  │  fm_e=+5.0  fm=ON  fb=100%  │  ∇rw=3.73  ∇pol=0.46
[20:34:55] [ep10|s1890]  rw=-4.864  cd=-10.316  reg=5.451  │  e+=-5.43(±0.386)  e-=+4.99(±0.024)  sep=43.9  │  fm_e=+5.0  fm=ON  fb=100%  │  ∇rw=3.21  ∇pol=6.90
[20:35:37] [ep10|s1900]  rw=-5.072  cd=-9.933  reg=4.861  │  e+=-5.12(±0.323)  e-=+4.71(±0.020)  sep=45.1  │  fm_e=+4.7  fm=ON  fb=100%  │  ∇rw=11.33  ∇pol=0.34
[20:35:38] ══════════ VAL ep10 ══════════  ρ=+0.2067 (p=0.0058) [PASS ✓]  AUROC(E)=0.6281  ECE=0.7966  N=177
[20:35:39]   ckpt saved → ckpt_epoch0010.pt
[20:35:39] ──────────────────── Epoch 11/30 ────────────────────
[20:36:22] [ep11|s1910]  rw=-5.288  cd=-10.730  reg=5.442  │  e+=-5.38(±0.689)  e-=+5.00(±0.029)  sep=48.6  │  fm_e=+5.0  fm=ON  fb=100%  │  ∇rw=2.66  ∇pol=0.45
[20:37:04] [ep11|s1920]  rw=-4.953  cd=-10.229  reg=5.276  │  e+=-5.24(±0.395)  e-=+5.01(±0.020)  sep=49.2  │  fm_e=+5.0  fm=ON  fb=100%  │  ∇rw=4.79  ∇pol=0.40
[20:37:47] [ep11|s1930]  rw=-5.051  cd=-10.564  reg=5.513  │  e+=-5.18(±0.221)  e-=+5.31(±0.026)  sep=61.5  │  fm_e=+5.3  fm=ON  fb=100%  │  ∇rw=9.18  ∇pol=0.56
[20:38:29] [ep11|s1940]  rw=-4.949  cd=-10.624  reg=5.675  │  e+=-5.83(±0.255)  e-=+4.76(±0.025)  sep=55.3  │  fm_e=+4.8  fm=ON  fb=100%  │  ∇rw=11.61  ∇pol=0.46
[20:39:12] [ep11|s1950]  rw=-5.030  cd=-9.897  reg=4.867  │  e+=-4.94(±0.269)  e-=+4.92(±0.029)  sep=46.3  │  fm_e=+4.9  fm=ON  fb=100%  │  ∇rw=4.30  ∇pol=0.30
[20:39:55] [ep11|s1960]  rw=-5.002  cd=-10.201  reg=5.200  │  e+=-5.26(±0.068)  e-=+4.93(±0.029)  sep=98.2  │  fm_e=+4.9  fm=ON  fb=100%  │  ∇rw=6.44  ∇pol=0.35
[20:40:37] [ep11|s1970]  rw=-4.910  cd=-9.865  reg=4.955  │  e+=-4.90(±0.554)  e-=+5.02(±0.022)  sep=45.2  │  fm_e=+5.0  fm=ON  fb=100%  │  ∇rw=2.19  ∇pol=0.48
[20:41:20] [ep11|s1980]  rw=-5.112  cd=-10.215  reg=5.103  │  e+=-5.17(±0.338)  e-=+4.90(±0.020)  sep=38.6  │  fm_e=+4.9  fm=ON  fb=100%  │  ∇rw=9.55  ∇pol=0.46
[20:42:03] [ep11|s1990]  rw=-4.870  cd=-10.376  reg=5.506  │  e+=-5.55(±0.549)  e-=+4.89(±0.042)  sep=49.7  │  fm_e=+4.9  fm=ON  fb=100%  │  ∇rw=6.55  ∇pol=0.41
[20:42:45] [ep11|s2000]  rw=-5.078  cd=-10.113  reg=5.035  │  e+=-4.98(±0.655)  e-=+5.01(±0.024)  sep=93.4  │  fm_e=+5.0  fm=ON  fb=100%  │  ∇rw=2.43  ∇pol=0.56
[20:43:28] [ep11|s2010]  rw=-5.154  cd=-9.870  reg=4.716  │  e+=-4.55(±0.659)  e-=+5.10(±0.044)  sep=35.0  │  fm_e=+5.1  fm=ON  fb=100%  │  ∇rw=6.88  ∇pol=0.32
[20:44:10] [ep11|s2020]  rw=-5.670  cd=-10.855  reg=5.185  │  e+=-4.71(±1.763)  e-=+5.15(±0.048)  sep=24.7  │  fm_e=+5.2  fm=ON  fb=100%  │  ∇rw=5.62  ∇pol=3.50
[20:44:53] [ep11|s2030]  rw=-5.075  cd=-9.773  reg=4.698  │  e+=-4.67(±0.449)  e-=+4.99(±0.023)  sep=43.9  │  fm_e=+5.0  fm=ON  fb=100%  │  ∇rw=3.46  ∇pol=0.42
[20:45:36] [ep11|s2040]  rw=-5.135  cd=-9.694  reg=4.559  │  e+=-4.51(±0.492)  e-=+5.00(±0.028)  sep=51.1  │  fm_e=+5.0  fm=ON  fb=100%  │  ∇rw=3.58  ∇pol=0.49
[20:46:18] [ep11|s2050]  rw=-5.196  cd=-10.338  reg=5.142  │  e+=-4.49(±0.763)  e-=+5.54(±0.027)  sep=31.5  │  fm_e=+5.5  fm=ON  fb=100%  │  ∇rw=16.72  ∇pol=0.51
[20:47:01] [ep11|s2060]  rw=-5.102  cd=-9.882  reg=4.780  │  e+=-4.72(±0.678)  e-=+5.00(±0.034)  sep=50.4  │  fm_e=+5.0  fm=ON  fb=100%  │  ∇rw=2.38  ∇pol=0.35
[20:47:43] [ep11|s2070]  rw=-4.920  cd=-10.421  reg=5.501  │  e+=-5.45(±0.254)  e-=+5.03(±0.023)  sep=42.5  │  fm_e=+5.0  fm=ON  fb=100%  │  ∇rw=3.91  ∇pol=0.36
[20:48:26] [ep11|s2080]  rw=-4.962  cd=-10.616  reg=5.654  │  e+=-5.56(±0.954)  e-=+4.97(±0.028)  sep=64.8  │  fm_e=+5.0  fm=ON  fb=100%  │  ∇rw=4.18  ∇pol=0.51
[20:49:09] [ep11|s2090]  rw=-5.010  cd=-10.319  reg=5.309  │  e+=-5.34(±0.101)  e-=+4.96(±0.013)  sep=83.9  │  fm_e=+5.0  fm=ON  fb=100%  │  ∇rw=7.23  ∇pol=0.21
[20:49:09] ══════════ VAL ep11 ══════════  ρ=+0.1512 (p=0.0446) [PASS ✓]  AUROC(E)=0.6510  ECE=0.7952  N=177
[20:49:10]   ckpt saved → ckpt_epoch0011.pt
[20:49:10] ──────────────────── Epoch 12/30 ────────────────────
[20:49:53] [ep12|s2100]  rw=-4.916  cd=-10.212  reg=5.296  │  e+=-5.17(±0.831)  e-=+5.05(±0.016)  sep=50.4  │  fm_e=+5.0  fm=ON  fb=100%  │  ∇rw=6.93  ∇pol=0.33
[20:50:36] [ep12|s2110]  rw=-5.021  cd=-9.898  reg=4.877  │  e+=-4.80(±0.217)  e-=+5.07(±0.016)  sep=63.3  │  fm_e=+5.1  fm=ON  fb=100%  │  ∇rw=3.28  ∇pol=0.20
[20:51:18] [ep12|s2120]  rw=-4.936  cd=-10.522  reg=5.586  │  e+=-5.47(±0.434)  e-=+5.08(±0.012)  sep=75.0  │  fm_e=+5.1  fm=ON  fb=100%  │  ∇rw=3.47  ∇pol=0.34
[20:52:01] [ep12|s2130]  rw=-4.982  cd=-10.515  reg=5.533  │  e+=-5.01(±0.178)  e-=+5.49(±0.029)  sep=78.6  │  fm_e=+5.5  fm=ON  fb=100%  │  ∇rw=18.11  ∇pol=0.47
[20:52:44] [ep12|s2140]  rw=-4.984  cd=-10.401  reg=5.416  │  e+=-5.32(±0.168)  e-=+5.08(±0.019)  sep=69.3  │  fm_e=+5.1  fm=ON  fb=100%  │  ∇rw=7.02  ∇pol=0.40
[20:53:26] [ep12|s2150]  rw=-5.064  cd=-9.634  reg=4.570  │  e+=-4.41(±0.364)  e-=+5.11(±0.018)  sep=80.3  │  fm_e=+5.1  fm=ON  fb=100%  │  ∇rw=9.85  ∇pol=0.48
[20:54:09] [ep12|s2160]  rw=-5.045  cd=-10.061  reg=5.016  │  e+=-5.05(±0.150)  e-=+4.97(±0.024)  sep=85.3  │  fm_e=+5.0  fm=ON  fb=100%  │  ∇rw=3.18  ∇pol=0.57
[20:54:51] [ep12|s2170]  rw=-5.053  cd=-10.340  reg=5.287  │  e+=-5.01(±0.345)  e-=+5.26(±0.028)  sep=72.9  │  fm_e=+5.3  fm=ON  fb=100%  │  ∇rw=8.05  ∇pol=0.25
[20:55:34] [ep12|s2180]  rw=-5.033  cd=-9.758  reg=4.726  │  e+=-4.60(±0.223)  e-=+5.10(±0.031)  sep=87.8  │  fm_e=+5.1  fm=ON  fb=100%  │  ∇rw=7.10  ∇pol=0.35
[20:56:17] [ep12|s2190]  rw=-4.722  cd=-10.261  reg=5.539  │  e+=-5.27(±0.658)  e-=+5.21(±0.074)  sep=42.2  │  fm_e=+5.2  fm=ON  fb=100%  │  ∇rw=7.18  ∇pol=0.41
[20:56:59] [ep12|s2200]  rw=-4.996  cd=-10.278  reg=5.282  │  e+=-5.19(±0.125)  e-=+5.08(±0.025)  sep=84.0  │  fm_e=+5.1  fm=ON  fb=100%  │  ∇rw=4.34  ∇pol=0.32
[20:57:42] [ep12|s2210]  rw=-5.171  cd=-9.943  reg=4.772  │  e+=-4.66(±0.527)  e-=+5.07(±0.026)  sep=95.2  │  fm_e=+5.1  fm=ON  fb=100%  │  ∇rw=7.05  ∇pol=24.59
[20:58:24] [ep12|s2220]  rw=-5.049  cd=-9.790  reg=4.741  │  e+=-4.90(±0.327)  e-=+4.83(±0.031)  sep=55.0  │  fm_e=+4.8  fm=ON  fb=100%  │  ∇rw=6.04  ∇pol=0.38
[20:59:07] [ep12|s2230]  rw=-4.971  cd=-9.651  reg=4.680  │  e+=-4.90(±0.307)  e-=+4.76(±0.037)  sep=60.0  │  fm_e=+4.8  fm=ON  fb=100%  │  ∇rw=7.10  ∇pol=0.60
[20:59:50] [ep12|s2240]  rw=-5.061  cd=-9.512  reg=4.452  │  e+=-4.28(±0.400)  e-=+5.10(±0.018)  sep=67.0  │  fm_e=+5.1  fm=ON  fb=100%  │  ∇rw=5.68  ∇pol=0.58
[21:00:32] [ep12|s2250]  rw=-5.037  cd=-9.863  reg=4.825  │  e+=-4.71(±0.532)  e-=+5.08(±0.025)  sep=43.2  │  fm_e=+5.1  fm=ON  fb=100%  │  ∇rw=4.60  ∇pol=0.38
[21:01:15] [ep12|s2260]  rw=-4.980  cd=-9.962  reg=4.982  │  e+=-4.96(±0.413)  e-=+5.00(±0.034)  sep=42.9  │  fm_e=+5.0  fm=ON  fb=100%  │  ∇rw=6.29  ∇pol=0.42
[21:01:57] [ep12|s2270]  rw=-4.951  cd=-10.419  reg=5.468  │  e+=-5.79(±0.376)  e-=+4.58(±0.023)  sep=40.0  │  fm_e=+4.6  fm=ON  fb=100%  │  ∇rw=14.49  ∇pol=0.55
[21:02:40] [ep12|s2280]  rw=-5.230  cd=-10.102  reg=4.872  │  e+=-4.78(±0.807)  e-=+5.03(±0.048)  sep=41.7  │  fm_e=+5.0  fm=ON  fb=100%  │  ∇rw=3.07  ∇pol=0.36
[21:02:40] ══════════ VAL ep12 ══════════  ρ=+0.1724 (p=0.0218) [PASS ✓]  AUROC(E)=0.6494  ECE=0.7940  N=177
[21:02:42]   ckpt saved → ckpt_epoch0012.pt
[21:02:42] ──────────────────── Epoch 13/30 ────────────────────
[21:03:25] [ep13|s2290]  rw=-5.018  cd=-11.065  reg=6.047  │  e+=-5.89(±0.405)  e-=+5.06(±0.021)  sep=43.3  │  fm_e=+5.1  fm=ON  fb=100%  │  ∇rw=8.60  ∇pol=0.23
[21:04:08] [ep13|s2300]  rw=-4.965  cd=-10.234  reg=5.269  │  e+=-5.50(±0.142)  e-=+4.73(±0.026)  sep=60.9  │  fm_e=+4.7  fm=ON  fb=100%  │  ∇rw=8.95  ∇pol=0.38
[21:04:50] [ep13|s2310]  rw=-4.976  cd=-10.204  reg=5.229  │  e+=-5.27(±0.150)  e-=+4.94(±0.012)  sep=66.7  │  fm_e=+4.9  fm=ON  fb=100%  │  ∇rw=2.56  ∇pol=0.40
[21:05:33] [ep13|s2320]  rw=-4.967  cd=-10.167  reg=5.200  │  e+=-5.23(±0.437)  e-=+4.95(±0.020)  sep=54.4  │  fm_e=+4.9  fm=ON  fb=100%  │  ∇rw=4.80  ∇pol=0.41
[21:06:15] [ep13|s2330]  rw=-5.122  cd=-10.355  reg=5.234  │  e+=-5.18(±0.554)  e-=+5.02(±0.013)  sep=62.9  │  fm_e=+5.0  fm=ON  fb=100%  │  ∇rw=2.08  ∇pol=0.27
[21:06:58] [ep13|s2340]  rw=-5.025  cd=-10.203  reg=5.178  │  e+=-5.26(±0.373)  e-=+4.90(±0.026)  sep=51.4  │  fm_e=+4.9  fm=ON  fb=100%  │  ∇rw=3.86  ∇pol=0.38
[21:07:41] [ep13|s2350]  rw=-4.979  cd=-9.905  reg=4.926  │  e+=-4.89(±0.847)  e-=+4.96(±0.023)  sep=37.1  │  fm_e=+5.0  fm=ON  fb=100%  │  ∇rw=2.09  ∇pol=0.44
[21:08:23] [ep13|s2360]  rw=-4.992  cd=-9.921  reg=4.928  │  e+=-4.95(±0.188)  e-=+4.97(±0.037)  sep=62.9  │  fm_e=+5.0  fm=ON  fb=100%  │  ∇rw=3.59  ∇pol=0.31
[21:09:06] [ep13|s2370]  rw=-5.057  cd=-9.948  reg=4.891  │  e+=-5.05(±0.938)  e-=+4.74(±0.029)  sep=43.2  │  fm_e=+4.8  fm=ON  fb=100%  │  ∇rw=7.58  ∇pol=0.26
[21:09:49] [ep13|s2380]  rw=-4.985  cd=-9.795  reg=4.810  │  e+=-4.80(±0.393)  e-=+4.99(±0.024)  sep=49.9  │  fm_e=+5.0  fm=ON  fb=100%  │  ∇rw=3.30  ∇pol=0.34
[21:10:31] [ep13|s2390]  rw=-4.991  cd=-9.545  reg=4.554  │  e+=-4.49(±0.845)  e-=+4.96(±0.036)  sep=58.7  │  fm_e=+5.0  fm=ON  fb=100%  │  ∇rw=4.12  ∇pol=0.47
[21:11:14] [ep13|s2400]  rw=-4.977  cd=-10.306  reg=5.330  │  e+=-5.30(±0.275)  e-=+5.01(±0.028)  sep=69.1  │  fm_e=+5.0  fm=ON  fb=100%  │  ∇rw=3.31  ∇pol=0.32
[21:11:57] [ep13|s2410]  rw=-5.001  cd=-10.065  reg=5.064  │  e+=-5.06(±0.586)  e-=+4.97(±0.018)  sep=64.9  │  fm_e=+5.0  fm=ON  fb=100%  │  ∇rw=2.85  ∇pol=0.27
[21:12:39] [ep13|s2420]  rw=-4.949  cd=-10.778  reg=5.829  │  e+=-5.72(±0.388)  e-=+5.04(±0.036)  sep=56.2  │  fm_e=+5.0  fm=ON  fb=100%  │  ∇rw=6.06  ∇pol=0.27
[21:13:22] [ep13|s2430]  rw=-4.982  cd=-9.982  reg=5.000  │  e+=-4.96(±0.144)  e-=+5.04(±0.023)  sep=62.6  │  fm_e=+5.0  fm=ON  fb=100%  │  ∇rw=2.29  ∇pol=0.25
[21:14:04] [ep13|s2440]  rw=-4.951  cd=-10.532  reg=5.582  │  e+=-5.64(±0.319)  e-=+4.88(±0.026)  sep=58.9  │  fm_e=+4.9  fm=ON  fb=100%  │  ∇rw=8.75  ∇pol=1.84
[21:14:47] [ep13|s2450]  rw=-5.303  cd=-9.578  reg=4.275  │  e+=-4.36(±0.613)  e-=+4.83(±0.021)  sep=60.8  │  fm_e=+4.8  fm=ON  fb=100%  │  ∇rw=7.50  ∇pol=0.23
[21:15:30] [ep13|s2460]  rw=-4.517  cd=-8.173  reg=3.656  │  e+=-3.41(±0.398)  e-=+4.98(±0.019)  sep=59.8  │  fm_e=+5.0  fm=ON  fb=100%  │  ∇rw=6.18  ∇pol=0.43
[21:16:12] [ep13|s2470]  rw=-4.969  cd=-9.682  reg=4.712  │  e+=-4.62(±0.299)  e-=+5.06(±0.026)  sep=80.1  │  fm_e=+5.1  fm=ON  fb=100%  │  ∇rw=5.10  ∇pol=0.30
[21:16:13] ══════════ VAL ep13 ══════════  ρ=+0.2601 (p=0.0005) [PASS ✓]  AUROC(E)=0.6670  ECE=0.7947  N=177 ◀ BEST
[21:16:19]   ckpt saved → ckpt_epoch0013.pt
[21:16:19] ──────────────────── Epoch 14/30 ────────────────────
[21:17:02] [ep14|s2480]  rw=-5.184  cd=-10.667  reg=5.483  │  e+=-5.38(±0.945)  e-=+5.00(±0.013)  sep=36.1  │  fm_e=+5.0  fm=ON  fb=100%  │  ∇rw=2.21  ∇pol=0.49
[21:17:44] [ep14|s2490]  rw=-5.019  cd=-10.453  reg=5.434  │  e+=-5.37(±0.437)  e-=+5.03(±0.041)  sep=34.1  │  fm_e=+5.0  fm=ON  fb=100%  │  ∇rw=2.02  ∇pol=0.37
[21:18:27] [ep14|s2500]  rw=-5.286  cd=-9.612  reg=4.325  │  e+=-4.38(±0.639)  e-=+4.86(±0.031)  sep=52.6  │  fm_e=+4.9  fm=ON  fb=100%  │  ∇rw=5.78  ∇pol=0.34
[21:19:10] [ep14|s2510]  rw=-5.222  cd=-10.888  reg=5.667  │  e+=-5.87(±0.695)  e-=+4.65(±0.026)  sep=47.8  │  fm_e=+4.7  fm=ON  fb=100%  │  ∇rw=14.35  ∇pol=0.44
[21:19:52] [ep14|s2520]  rw=-5.118  cd=-10.065  reg=4.948  │  e+=-4.90(±0.706)  e-=+5.00(±0.025)  sep=39.3  │  fm_e=+5.0  fm=ON  fb=100%  │  ∇rw=1.80  ∇pol=0.40
[21:20:35] [ep14|s2530]  rw=-5.032  cd=-10.023  reg=4.991  │  e+=-5.13(±0.202)  e-=+4.84(±0.060)  sep=53.4  │  fm_e=+4.8  fm=ON  fb=100%  │  ∇rw=8.22  ∇pol=0.40
[21:21:17] [ep14|s2540]  rw=-5.097  cd=-10.308  reg=5.211  │  e+=-5.15(±0.446)  e-=+5.04(±0.025)  sep=38.9  │  fm_e=+5.0  fm=ON  fb=100%  │  ∇rw=5.79  ∇pol=0.30
[21:22:00] [ep14|s2550]  rw=-4.784  cd=-9.580  reg=4.796  │  e+=-4.67(±0.669)  e-=+5.07(±0.029)  sep=35.3  │  fm_e=+5.1  fm=ON  fb=100%  │  ∇rw=6.00  ∇pol=0.36
[21:22:43] [ep14|s2560]  rw=-5.006  cd=-10.069  reg=5.063  │  e+=-5.03(±0.460)  e-=+5.01(±0.020)  sep=66.5  │  fm_e=+5.0  fm=ON  fb=100%  │  ∇rw=2.80  ∇pol=0.34
[21:23:25] [ep14|s2570]  rw=-4.987  cd=-9.955  reg=4.969  │  e+=-5.07(±0.461)  e-=+4.87(±0.011)  sep=61.3  │  fm_e=+4.9  fm=ON  fb=100%  │  ∇rw=5.30  ∇pol=0.28
[21:24:08] [ep14|s2580]  rw=-4.946  cd=-10.235  reg=5.289  │  e+=-5.25(±0.529)  e-=+5.00(±0.021)  sep=93.3  │  fm_e=+5.0  fm=ON  fb=100%  │  ∇rw=1.73  ∇pol=0.52
[21:24:50] [ep14|s2590]  rw=-4.978  cd=-9.372  reg=4.395  │  e+=-4.44(±0.654)  e-=+4.88(±0.008)  sep=43.1  │  fm_e=+4.9  fm=ON  fb=100%  │  ∇rw=6.51  ∇pol=0.23
[21:25:33] [ep14|s2600]  rw=-5.363  cd=-9.606  reg=4.243  │  e+=-4.09(±1.146)  e-=+4.94(±0.028)  sep=38.4  │  fm_e=+4.9  fm=ON  fb=100%  │  ∇rw=6.33  ∇pol=0.43
[21:26:16] [ep14|s2610]  rw=-4.767  cd=-9.265  reg=4.498  │  e+=-4.27(±1.061)  e-=+5.06(±0.018)  sep=31.1  │  fm_e=+5.1  fm=ON  fb=100%  │  ∇rw=7.22  ∇pol=0.26
[21:26:58] [ep14|s2620]  rw=-4.857  cd=-9.207  reg=4.350  │  e+=-4.67(±0.214)  e-=+4.64(±0.052)  sep=48.5  │  fm_e=+4.6  fm=ON  fb=100%  │  ∇rw=10.99  ∇pol=0.47
[21:27:41] [ep14|s2630]  rw=-5.020  cd=-9.861  reg=4.841  │  e+=-5.06(±0.404)  e-=+4.76(±0.021)  sep=65.5  │  fm_e=+4.8  fm=ON  fb=100%  │  ∇rw=6.55  ∇pol=0.31
[21:28:23] [ep14|s2640]  rw=-5.030  cd=-10.046  reg=5.016  │  e+=-5.01(±0.340)  e-=+4.99(±0.021)  sep=87.3  │  fm_e=+5.0  fm=ON  fb=100%  │  ∇rw=3.52  ∇pol=0.45
[21:29:06] [ep14|s2650]  rw=-4.903  cd=-9.946  reg=5.043  │  e+=-5.03(±0.336)  e-=+4.99(±0.015)  sep=84.3  │  fm_e=+5.0  fm=ON  fb=100%  │  ∇rw=3.40  ∇pol=0.26
[21:29:49] [ep14|s2660]  rw=-4.962  cd=-10.672  reg=5.710  │  e+=-5.75(±0.345)  e-=+4.89(±0.013)  sep=43.2  │  fm_e=+4.9  fm=ON  fb=100%  │  ∇rw=7.14  ∇pol=0.42
[21:29:49] ══════════ VAL ep14 ══════════  ρ=+0.1500 (p=0.0463) [PASS ✓]  AUROC(E)=0.5711  ECE=0.7970  N=177
[21:29:50]   ckpt saved → ckpt_epoch0014.pt
[21:29:50] ──────────────────── Epoch 15/30 ────────────────────
[21:30:33] [ep15|s2670]  rw=-5.013  cd=-9.754  reg=4.740  │  e+=-4.67(±0.552)  e-=+5.02(±0.014)  sep=44.2  │  fm_e=+5.0  fm=ON  fb=100%  │  ∇rw=6.73  ∇pol=0.20
[21:31:16] [ep15|s2680]  rw=-5.003  cd=-10.320  reg=5.318  │  e+=-5.43(±0.397)  e-=+4.85(±0.014)  sep=66.8  │  fm_e=+4.9  fm=ON  fb=100%  │  ∇rw=4.76  ∇pol=0.33
[21:31:58] [ep15|s2690]  rw=-5.022  cd=-9.940  reg=4.918  │  e+=-4.89(±0.230)  e-=+5.02(±0.016)  sep=55.5  │  fm_e=+5.0  fm=ON  fb=100%  │  ∇rw=3.47  ∇pol=0.26
[21:32:41] [ep15|s2700]  rw=-4.996  cd=-9.758  reg=4.762  │  e+=-4.80(±0.109)  e-=+4.96(±0.008)  sep=86.6  │  fm_e=+5.0  fm=ON  fb=100%  │  ∇rw=2.35  ∇pol=0.22
[21:33:24] [ep15|s2710]  rw=-5.020  cd=-9.706  reg=4.687  │  e+=-4.84(±0.165)  e-=+4.84(±0.020)  sep=55.0  │  fm_e=+4.8  fm=ON  fb=100%  │  ∇rw=4.31  ∇pol=0.25
[21:34:06] [ep15|s2720]  rw=-4.980  cd=-10.912  reg=5.933  │  e+=-5.90(±0.382)  e-=+4.94(±0.021)  sep=50.4  │  fm_e=+4.9  fm=ON  fb=100%  │  ∇rw=5.28  ∇pol=0.39
[21:34:49] [ep15|s2730]  rw=-4.747  cd=-10.902  reg=6.155  │  e+=-5.99(±0.549)  e-=+5.03(±0.024)  sep=36.1  │  fm_e=+5.0  fm=ON  fb=100%  │  ∇rw=8.82  ∇pol=0.33
[21:35:31] [ep15|s2740]  rw=-5.066  cd=-9.644  reg=4.578  │  e+=-4.55(±0.282)  e-=+5.00(±0.032)  sep=64.7  │  fm_e=+5.0  fm=ON  fb=100%  │  ∇rw=3.88  ∇pol=0.36
[21:36:14] [ep15|s2750]  rw=-5.017  cd=-9.924  reg=4.907  │  e+=-4.89(±0.316)  e-=+5.01(±0.014)  sep=65.7  │  fm_e=+5.0  fm=ON  fb=100%  │  ∇rw=2.99  ∇pol=0.36
[21:36:57] [ep15|s2760]  rw=-4.929  cd=-10.097  reg=5.168  │  e+=-5.01(±0.481)  e-=+5.13(±0.048)  sep=43.8  │  fm_e=+5.1  fm=ON  fb=100%  │  ∇rw=5.01  ∇pol=0.37
[21:37:39] [ep15|s2770]  rw=-4.947  cd=-10.433  reg=5.486  │  e+=-5.42(±0.306)  e-=+5.04(±0.012)  sep=59.3  │  fm_e=+5.0  fm=ON  fb=100%  │  ∇rw=3.11  ∇pol=0.63
[21:38:22] [ep15|s2780]  rw=-5.006  cd=-10.239  reg=5.234  │  e+=-5.21(±0.136)  e-=+5.02(±0.010)  sep=88.1  │  fm_e=+5.0  fm=ON  fb=100%  │  ∇rw=1.39  ∇pol=0.33
[21:39:05] [ep15|s2790]  rw=-4.913  cd=-9.890  reg=4.976  │  e+=-4.90(±0.458)  e-=+5.05(±0.010)  sep=53.2  │  fm_e=+5.1  fm=ON  fb=100%  │  ∇rw=2.96  ∇pol=0.60
[21:39:47] [ep15|s2800]  rw=-4.767  cd=-9.880  reg=5.113  │  e+=-4.88(±0.880)  e-=+5.15(±0.024)  sep=22.3  │  fm_e=+5.1  fm=ON  fb=100%  │  ∇rw=7.88  ∇pol=0.27
[21:40:30] [ep15|s2810]  rw=-4.997  cd=-11.135  reg=6.138  │  e+=-5.93(±0.517)  e-=+5.09(±0.016)  sep=44.4  │  fm_e=+5.1  fm=ON  fb=100%  │  ∇rw=5.36  ∇pol=0.37
[21:41:12] [ep15|s2820]  rw=-5.069  cd=-10.181  reg=5.112  │  e+=-5.09(±0.540)  e-=+4.99(±0.020)  sep=39.2  │  fm_e=+5.0  fm=ON  fb=100%  │  ∇rw=2.01  ∇pol=0.33
[21:41:55] [ep15|s2830]  rw=-4.852  cd=-10.533  reg=5.681  │  e+=-5.60(±0.400)  e-=+5.03(±0.025)  sep=33.6  │  fm_e=+5.0  fm=ON  fb=100%  │  ∇rw=3.89  ∇pol=0.41
[21:42:38] [ep15|s2840]  rw=-5.005  cd=-9.764  reg=4.759  │  e+=-4.71(±0.450)  e-=+5.02(±0.025)  sep=33.6  │  fm_e=+5.0  fm=ON  fb=100%  │  ∇rw=2.58  ∇pol=0.36
[21:43:20] [ep15|s2850]  rw=-4.989  cd=-10.000  reg=5.011  │  e+=-5.02(±0.248)  e-=+4.98(±0.017)  sep=64.5  │  fm_e=+5.0  fm=ON  fb=100%  │  ∇rw=4.74  ∇pol=0.71
[21:43:21] ══════════ VAL ep15 ══════════  ρ=+0.2682 (p=0.0003) [PASS ✓]  AUROC(E)=0.6270  ECE=0.7938  N=177 ◀ BEST
[21:43:23]   ckpt saved → ckpt_epoch0015.pt
[21:43:23] ──────────────────── Epoch 16/30 ────────────────────
[21:44:06] [ep16|s2860]  rw=-5.125  cd=-9.746  reg=4.621  │  e+=-4.77(±0.370)  e-=+4.82(±0.017)  sep=35.6  │  fm_e=+4.8  fm=ON  fb=100%  │  ∇rw=5.77  ∇pol=0.54
[21:44:48] [ep16|s2870]  rw=-4.700  cd=-9.771  reg=5.071  │  e+=-5.03(±0.742)  e-=+4.99(±0.031)  sep=46.2  │  fm_e=+5.0  fm=ON  fb=100%  │  ∇rw=2.89  ∇pol=0.67
[21:45:31] [ep16|s2880]  rw=-4.898  cd=-9.583  reg=4.686  │  e+=-4.63(±0.227)  e-=+5.04(±0.023)  sep=44.2  │  fm_e=+5.0  fm=ON  fb=100%  │  ∇rw=4.40  ∇pol=0.42
[21:46:14] [ep16|s2890]  rw=-5.045  cd=-9.938  reg=4.893  │  e+=-5.00(±0.222)  e-=+4.89(±0.019)  sep=56.0  │  fm_e=+4.9  fm=ON  fb=100%  │  ∇rw=2.85  ∇pol=0.42
[21:46:57] [ep16|s2900]  rw=-4.953  cd=-10.455  reg=5.502  │  e+=-5.48(±0.270)  e-=+4.99(±0.040)  sep=48.1  │  fm_e=+5.0  fm=ON  fb=100%  │  ∇rw=2.79  ∇pol=0.46
[21:47:39] [ep16|s2910]  rw=-5.292  cd=-10.477  reg=5.185  │  e+=-5.10(±0.920)  e-=+5.00(±0.025)  sep=47.1  │  fm_e=+5.0  fm=ON  fb=100%  │  ∇rw=2.09  ∇pol=0.55
[21:48:22] [ep16|s2920]  rw=-5.211  cd=-9.706  reg=4.495  │  e+=-4.48(±0.472)  e-=+4.97(±0.017)  sep=49.1  │  fm_e=+5.0  fm=ON  fb=100%  │  ∇rw=7.66  ∇pol=0.49
[21:49:05] [ep16|s2930]  rw=-4.952  cd=-10.404  reg=5.452  │  e+=-5.47(±0.316)  e-=+4.95(±0.026)  sep=52.8  │  fm_e=+4.9  fm=ON  fb=100%  │  ∇rw=6.21  ∇pol=0.32
[21:49:47] [ep16|s2940]  rw=-5.174  cd=-10.186  reg=5.013  │  e+=-4.98(±0.525)  e-=+5.00(±0.027)  sep=54.0  │  fm_e=+5.0  fm=ON  fb=100%  │  ∇rw=2.21  ∇pol=0.38
[21:50:30] [ep16|s2950]  rw=-4.992  cd=-10.224  reg=5.232  │  e+=-5.24(±0.186)  e-=+4.98(±0.016)  sep=52.9  │  fm_e=+5.0  fm=ON  fb=100%  │  ∇rw=1.73  ∇pol=0.41
[21:51:12] [ep16|s2960]  rw=-5.068  cd=-9.833  reg=4.764  │  e+=-4.93(±0.253)  e-=+4.82(±0.030)  sep=48.6  │  fm_e=+4.8  fm=ON  fb=100%  │  ∇rw=5.73  ∇pol=0.53
[21:51:55] [ep16|s2970]  rw=-5.119  cd=-10.320  reg=5.201  │  e+=-4.72(±0.575)  e-=+5.40(±0.027)  sep=51.1  │  fm_e=+5.4  fm=ON  fb=100%  │  ∇rw=11.26  ∇pol=0.50
[21:52:38] [ep16|s2980]  rw=-4.940  cd=-10.119  reg=5.179  │  e+=-5.25(±0.324)  e-=+4.91(±0.043)  sep=51.5  │  fm_e=+4.9  fm=ON  fb=100%  │  ∇rw=4.41  ∇pol=0.49
[21:53:20] [ep16|s2990]  rw=-4.972  cd=-9.060  reg=4.088  │  e+=-3.82(±0.929)  e-=+5.04(±0.048)  sep=34.7  │  fm_e=+5.0  fm=ON  fb=100%  │  ∇rw=7.62  ∇pol=0.83
[21:54:03] [ep16|s3000]  rw=-4.934  cd=-9.069  reg=4.135  │  e+=-4.36(±0.928)  e-=+4.64(±0.030)  sep=41.0  │  fm_e=+4.6  fm=ON  fb=100%  │  ∇rw=8.12  ∇pol=0.36
[21:54:45] [ep16|s3010]  rw=-4.992  cd=-10.283  reg=5.292  │  e+=-5.19(±0.728)  e-=+5.04(±0.023)  sep=33.6  │  fm_e=+5.0  fm=ON  fb=100%  │  ∇rw=3.54  ∇pol=0.54
[21:55:28] [ep16|s3020]  rw=-4.904  cd=-9.254  reg=4.350  │  e+=-4.34(±0.799)  e-=+4.90(±0.025)  sep=33.6  │  fm_e=+4.9  fm=ON  fb=100%  │  ∇rw=4.23  ∇pol=0.38
[21:56:11] [ep16|s3030]  rw=-4.864  cd=-9.568  reg=4.704  │  e+=-4.69(±0.480)  e-=+4.98(±0.040)  sep=65.5  │  fm_e=+5.0  fm=ON  fb=100%  │  ∇rw=5.72  ∇pol=0.65
[21:56:53] [ep16|s3040]  rw=-5.015  cd=-10.073  reg=5.058  │  e+=-4.94(±0.536)  e-=+5.09(±0.041)  sep=39.4  │  fm_e=+5.1  fm=ON  fb=100%  │  ∇rw=3.55  ∇pol=0.27
[21:56:54] ══════════ VAL ep16 ══════════  ρ=+0.2041 (p=0.0064) [PASS ✓]  AUROC(E)=0.6771  ECE=0.7935  N=177
[21:56:55]   ckpt saved → ckpt_epoch0016.pt
[21:56:55] ──────────────────── Epoch 17/30 ────────────────────
[21:57:37] [ep17|s3050]  rw=-5.030  cd=-10.417  reg=5.386  │  e+=-5.40(±0.594)  e-=+4.94(±0.042)  sep=31.8  │  fm_e=+4.9  fm=ON  fb=100%  │  ∇rw=7.12  ∇pol=2.01
[21:58:20] [ep17|s3060]  rw=-5.033  cd=-9.979  reg=4.947  │  e+=-4.76(±0.580)  e-=+5.15(±0.052)  sep=53.0  │  fm_e=+5.2  fm=ON  fb=100%  │  ∇rw=5.43  ∇pol=0.54
[21:59:03] [ep17|s3070]  rw=-5.088  cd=-9.828  reg=4.740  │  e+=-5.21(±0.644)  e-=+4.45(±0.029)  sep=35.8  │  fm_e=+4.4  fm=ON  fb=100%  │  ∇rw=14.65  ∇pol=0.57
[21:59:45] [ep17|s3080]  rw=-4.963  cd=-10.190  reg=5.227  │  e+=-5.25(±0.401)  e-=+4.95(±0.056)  sep=49.8  │  fm_e=+5.0  fm=ON  fb=100%  │  ∇rw=5.78  ∇pol=0.37
[22:00:28] [ep17|s3090]  rw=-5.164  cd=-9.465  reg=4.301  │  e+=-4.17(±0.547)  e-=+5.03(±0.022)  sep=62.0  │  fm_e=+5.0  fm=ON  fb=100%  │  ∇rw=11.19  ∇pol=0.40
[22:01:11] [ep17|s3100]  rw=-5.130  cd=-9.707  reg=4.577  │  e+=-4.54(±0.716)  e-=+4.96(±0.032)  sep=42.0  │  fm_e=+5.0  fm=ON  fb=100%  │  ∇rw=3.28  ∇pol=0.57
[22:01:53] [ep17|s3110]  rw=-4.893  cd=-9.923  reg=5.029  │  e+=-4.96(±0.733)  e-=+5.01(±0.025)  sep=44.0  │  fm_e=+5.0  fm=ON  fb=100%  │  ∇rw=3.70  ∇pol=0.28
[22:02:36] [ep17|s3120]  rw=-4.865  cd=-9.637  reg=4.772  │  e+=-4.73(±0.706)  e-=+4.99(±0.020)  sep=55.8  │  fm_e=+5.0  fm=ON  fb=100%  │  ∇rw=5.74  ∇pol=0.43
[22:03:19] [ep17|s3130]  rw=-5.052  cd=-10.747  reg=5.695  │  e+=-5.67(±0.300)  e-=+4.98(±0.015)  sep=45.7  │  fm_e=+5.0  fm=ON  fb=100%  │  ∇rw=3.36  ∇pol=0.51
[22:04:01] [ep17|s3140]  rw=-5.021  cd=-10.377  reg=5.356  │  e+=-5.30(±0.393)  e-=+5.03(±0.042)  sep=55.3  │  fm_e=+5.0  fm=ON  fb=100%  │  ∇rw=4.12  ∇pol=0.34
[22:04:44] [ep17|s3150]  rw=-4.998  cd=-10.312  reg=5.313  │  e+=-5.51(±0.412)  e-=+4.75(±0.034)  sep=40.5  │  fm_e=+4.8  fm=ON  fb=100%  │  ∇rw=8.41  ∇pol=0.44
[22:05:27] [ep17|s3160]  rw=-5.055  cd=-10.610  reg=5.555  │  e+=-5.71(±0.409)  e-=+4.77(±0.032)  sep=48.8  │  fm_e=+4.8  fm=ON  fb=100%  │  ∇rw=12.93  ∇pol=0.46
[22:06:09] [ep17|s3170]  rw=-5.056  cd=-9.680  reg=4.624  │  e+=-4.63(±0.359)  e-=+4.96(±0.020)  sep=51.6  │  fm_e=+5.0  fm=ON  fb=100%  │  ∇rw=2.59  ∇pol=0.33
[22:06:52] [ep17|s3180]  rw=-5.079  cd=-10.318  reg=5.239  │  e+=-5.20(±0.748)  e-=+4.98(±0.017)  sep=30.6  │  fm_e=+5.0  fm=ON  fb=100%  │  ∇rw=2.60  ∇pol=0.21
[22:07:34] [ep17|s3190]  rw=-5.013  cd=-10.038  reg=5.025  │  e+=-4.99(±0.346)  e-=+5.02(±0.014)  sep=72.0  │  fm_e=+5.0  fm=ON  fb=100%  │  ∇rw=1.57  ∇pol=0.36
[22:08:17] [ep17|s3200]  rw=-4.999  cd=-10.067  reg=5.068  │  e+=-5.25(±0.297)  e-=+4.79(±0.020)  sep=78.9  │  fm_e=+4.8  fm=ON  fb=100%  │  ∇rw=6.04  ∇pol=0.17
[22:09:00] [ep17|s3210]  rw=-5.085  cd=-9.417  reg=4.332  │  e+=-4.37(±0.487)  e-=+4.90(±0.032)  sep=72.4  │  fm_e=+4.9  fm=ON  fb=100%  │  ∇rw=4.77  ∇pol=0.54
[22:09:42] [ep17|s3220]  rw=-5.094  cd=-9.934  reg=4.840  │  e+=-4.76(±0.737)  e-=+5.02(±0.048)  sep=32.3  │  fm_e=+5.0  fm=ON  fb=100%  │  ∇rw=1.49  ∇pol=0.69
[22:10:25] [ep17|s3230]  rw=-4.914  cd=-9.894  reg=4.980  │  e+=-5.13(±0.571)  e-=+4.81(±0.049)  sep=29.3  │  fm_e=+4.8  fm=ON  fb=100%  │  ∇rw=7.78  ∇pol=0.43
[22:10:27] ══════════ VAL ep17 ══════════  ρ=+0.1598 (p=0.0336) [PASS ✓]  AUROC(E)=0.6319  ECE=0.7943  N=177
[22:10:31]   ckpt saved → ckpt_epoch0017.pt
[22:10:31] ──────────────────── Epoch 18/30 ────────────────────
[22:11:14] [ep18|s3240]  rw=-5.036  cd=-10.492  reg=5.456  │  e+=-5.30(±0.463)  e-=+5.12(±0.024)  sep=47.7  │  fm_e=+5.1  fm=ON  fb=100%  │  ∇rw=3.68  ∇pol=0.28
[22:11:56] [ep18|s3250]  rw=-5.034  cd=-10.056  reg=5.022  │  e+=-4.99(±0.456)  e-=+5.01(±0.028)  sep=55.2  │  fm_e=+5.0  fm=ON  fb=100%  │  ∇rw=3.06  ∇pol=0.38
[22:12:39] [ep18|s3260]  rw=-5.156  cd=-10.179  reg=5.022  │  e+=-4.99(±0.813)  e-=+4.97(±0.018)  sep=49.7  │  fm_e=+5.0  fm=ON  fb=100%  │  ∇rw=3.05  ∇pol=0.55
[22:13:22] [ep18|s3270]  rw=-4.984  cd=-10.230  reg=5.246  │  e+=-5.29(±0.153)  e-=+4.95(±0.018)  sep=51.1  │  fm_e=+4.9  fm=ON  fb=100%  │  ∇rw=2.33  ∇pol=0.38
[22:14:04] [ep18|s3280]  rw=-4.998  cd=-10.325  reg=5.327  │  e+=-5.27(±0.079)  e-=+5.05(±0.016)  sep=71.0  │  fm_e=+5.1  fm=ON  fb=100%  │  ∇rw=4.90  ∇pol=0.36
[22:14:47] [ep18|s3290]  rw=-4.318  cd=-8.713  reg=4.395  │  e+=-3.83(±1.706)  e-=+4.98(±0.014)  sep=43.0  │  fm_e=+5.0  fm=ON  fb=100%  │  ∇rw=35.33  ∇pol=0.57
[22:15:30] [ep18|s3300]  rw=-5.024  cd=-9.994  reg=4.971  │  e+=-4.92(±0.357)  e-=+5.03(±0.025)  sep=50.5  │  fm_e=+5.0  fm=ON  fb=100%  │  ∇rw=5.60  ∇pol=0.37
[22:16:12] [ep18|s3310]  rw=-5.046  cd=-10.095  reg=5.049  │  e+=-5.00(±0.409)  e-=+5.03(±0.013)  sep=51.9  │  fm_e=+5.0  fm=ON  fb=100%  │  ∇rw=2.16  ∇pol=0.35
[22:16:55] [ep18|s3320]  rw=-5.038  cd=-9.651  reg=4.613  │  e+=-4.58(±0.389)  e-=+5.00(±0.011)  sep=39.5  │  fm_e=+5.0  fm=ON  fb=100%  │  ∇rw=3.36  ∇pol=0.26
[22:17:38] [ep18|s3330]  rw=-4.975  cd=-10.090  reg=5.115  │  e+=-5.08(±0.401)  e-=+5.02(±0.037)  sep=34.1  │  fm_e=+5.0  fm=ON  fb=100%  │  ∇rw=3.28  ∇pol=2.36
[22:18:20] [ep18|s3340]  rw=-4.898  cd=-9.115  reg=4.216  │  e+=-4.20(±0.638)  e-=+4.91(±0.014)  sep=64.9  │  fm_e=+4.9  fm=ON  fb=100%  │  ∇rw=4.59  ∇pol=0.49
[22:19:03] [ep18|s3350]  rw=-4.962  cd=-10.149  reg=5.187  │  e+=-5.17(±0.128)  e-=+5.01(±0.014)  sep=101.9  │  fm_e=+5.0  fm=ON  fb=100%  │  ∇rw=2.13  ∇pol=0.34
[22:19:46] [ep18|s3360]  rw=-4.964  cd=-10.145  reg=5.180  │  e+=-5.18(±0.281)  e-=+4.99(±0.016)  sep=67.4  │  fm_e=+5.0  fm=ON  fb=100%  │  ∇rw=2.26  ∇pol=0.32
[22:20:28] [ep18|s3370]  rw=-4.959  cd=-10.032  reg=5.072  │  e+=-5.04(±0.747)  e-=+4.97(±0.024)  sep=66.4  │  fm_e=+5.0  fm=ON  fb=100%  │  ∇rw=5.34  ∇pol=0.39
[22:21:11] [ep18|s3380]  rw=-5.138  cd=-10.067  reg=4.929  │  e+=-4.95(±0.785)  e-=+4.92(±0.014)  sep=47.0  │  fm_e=+4.9  fm=ON  fb=100%  │  ∇rw=2.33  ∇pol=0.38
[22:21:53] [ep18|s3390]  rw=-4.976  cd=-9.946  reg=4.969  │  e+=-4.97(±0.851)  e-=+4.93(±0.013)  sep=159.0  │  fm_e=+4.9  fm=ON  fb=100%  │  ∇rw=2.45  ∇pol=0.48
[22:22:36] [ep18|s3400]  rw=-4.873  cd=-9.783  reg=4.909  │  e+=-4.99(±0.221)  e-=+4.91(±0.019)  sep=55.9  │  fm_e=+4.9  fm=ON  fb=100%  │  ∇rw=4.82  ∇pol=0.32
[22:23:19] [ep18|s3410]  rw=-5.070  cd=-10.328  reg=5.258  │  e+=-5.25(±0.336)  e-=+4.99(±0.049)  sep=41.2  │  fm_e=+5.0  fm=ON  fb=100%  │  ∇rw=3.84  ∇pol=0.22
[22:24:01] [ep18|s3420]  rw=-5.109  cd=-10.377  reg=5.268  │  e+=-5.26(±0.377)  e-=+4.99(±0.017)  sep=47.1  │  fm_e=+5.0  fm=ON  fb=100%  │  ∇rw=1.73  ∇pol=0.29
[22:24:02] ══════════ VAL ep18 ══════════  ρ=+0.2179 (p=0.0036) [PASS ✓]  AUROC(E)=0.6767  ECE=0.7944  N=177
[22:24:05]   ckpt saved → ckpt_epoch0018.pt
[22:24:05] ──────────────────── Epoch 19/30 ────────────────────
[22:24:48] [ep19|s3430]  rw=-5.030  cd=-9.429  reg=4.399  │  e+=-4.63(±0.402)  e-=+4.74(±0.021)  sep=51.5  │  fm_e=+4.7  fm=ON  fb=100%  │  ∇rw=7.40  ∇pol=0.27
[22:25:30] [ep19|s3440]  rw=-5.020  cd=-9.879  reg=4.859  │  e+=-4.93(±0.554)  e-=+4.90(±0.018)  sep=77.8  │  fm_e=+4.9  fm=ON  fb=100%  │  ∇rw=4.26  ∇pol=0.25
[22:26:13] [ep19|s3450]  rw=-4.926  cd=-9.963  reg=5.037  │  e+=-5.03(±0.202)  e-=+5.01(±0.018)  sep=74.6  │  fm_e=+5.0  fm=ON  fb=100%  │  ∇rw=2.15  ∇pol=0.48
[22:26:56] [ep19|s3460]  rw=-4.929  cd=-9.618  reg=4.689  │  e+=-4.63(±0.340)  e-=+5.04(±0.015)  sep=58.5  │  fm_e=+5.0  fm=ON  fb=100%  │  ∇rw=2.17  ∇pol=0.29
[22:27:38] [ep19|s3470]  rw=-5.178  cd=-10.309  reg=5.131  │  e+=-5.10(±0.692)  e-=+4.98(±0.023)  sep=74.2  │  fm_e=+5.0  fm=ON  fb=100%  │  ∇rw=2.07  ∇pol=0.46
[22:28:21] [ep19|s3480]  rw=-4.916  cd=-9.274  reg=4.358  │  e+=-4.20(±0.413)  e-=+5.08(±0.025)  sep=52.0  │  fm_e=+5.1  fm=ON  fb=100%  │  ∇rw=4.32  ∇pol=0.28
[22:29:04] [ep19|s3490]  rw=-4.993  cd=-9.890  reg=4.897  │  e+=-4.80(±1.194)  e-=+4.94(±0.036)  sep=63.5  │  fm_e=+4.9  fm=ON  fb=100%  │  ∇rw=3.72  ∇pol=0.56
[22:29:46] [ep19|s3500]  rw=-4.973  cd=-10.023  reg=5.050  │  e+=-5.15(±0.470)  e-=+4.88(±0.032)  sep=36.0  │  fm_e=+4.9  fm=ON  fb=100%  │  ∇rw=6.17  ∇pol=0.66
[22:30:29] [ep19|s3510]  rw=-5.119  cd=-9.504  reg=4.386  │  e+=-4.31(±0.823)  e-=+4.96(±0.025)  sep=32.9  │  fm_e=+5.0  fm=ON  fb=100%  │  ∇rw=4.41  ∇pol=0.66
[22:31:12] [ep19|s3520]  rw=-4.834  cd=-11.014  reg=6.180  │  e+=-6.11(±0.361)  e-=+4.93(±0.012)  sep=49.6  │  fm_e=+4.9  fm=ON  fb=100%  │  ∇rw=8.38  ∇pol=0.41
[22:31:54] [ep19|s3530]  rw=-5.011  cd=-9.663  reg=4.653  │  e+=-4.66(±0.333)  e-=+4.97(±0.020)  sep=37.8  │  fm_e=+5.0  fm=ON  fb=100%  │  ∇rw=3.01  ∇pol=0.43
[22:32:37] [ep19|s3540]  rw=-4.965  cd=-9.460  reg=4.495  │  e+=-4.29(±0.590)  e-=+5.12(±0.017)  sep=53.0  │  fm_e=+5.1  fm=ON  fb=100%  │  ∇rw=12.20  ∇pol=0.52
[22:33:20] [ep19|s3550]  rw=-4.983  cd=-10.116  reg=5.134  │  e+=-5.22(±0.376)  e-=+4.89(±0.025)  sep=47.8  │  fm_e=+4.9  fm=ON  fb=100%  │  ∇rw=6.96  ∇pol=0.56
[22:34:02] [ep19|s3560]  rw=-4.998  cd=-9.972  reg=4.974  │  e+=-4.93(±0.373)  e-=+5.03(±0.025)  sep=75.9  │  fm_e=+5.0  fm=ON  fb=100%  │  ∇rw=2.48  ∇pol=0.51
[22:34:45] [ep19|s3570]  rw=-4.921  cd=-10.580  reg=5.658  │  e+=-5.65(±0.322)  e-=+4.95(±0.025)  sep=42.7  │  fm_e=+5.0  fm=ON  fb=100%  │  ∇rw=3.04  ∇pol=0.51
[22:35:27] [ep19|s3580]  rw=-4.572  cd=-9.728  reg=5.156  │  e+=-5.07(±0.701)  e-=+5.03(±0.033)  sep=35.6  │  fm_e=+5.0  fm=ON  fb=100%  │  ∇rw=3.86  ∇pol=0.43
[22:36:10] [ep19|s3590]  rw=-4.962  cd=-9.940  reg=4.978  │  e+=-5.03(±0.213)  e-=+4.94(±0.028)  sep=48.9  │  fm_e=+4.9  fm=ON  fb=100%  │  ∇rw=3.71  ∇pol=0.30
[22:36:53] [ep19|s3600]  rw=-4.990  cd=-10.274  reg=5.284  │  e+=-5.23(±0.317)  e-=+5.04(±0.042)  sep=47.0  │  fm_e=+5.0  fm=ON  fb=100%  │  ∇rw=3.60  ∇pol=0.47
[22:37:35] [ep19|s3610]  rw=-4.997  cd=-9.676  reg=4.679  │  e+=-4.68(±0.195)  e-=+4.99(±0.019)  sep=63.7  │  fm_e=+5.0  fm=ON  fb=100%  │  ∇rw=5.07  ∇pol=0.52
[22:37:36] ══════════ VAL ep19 ══════════  ρ=+0.2041 (p=0.0064) [PASS ✓]  AUROC(E)=0.6748  ECE=0.7930  N=177
[22:37:37]   ckpt saved → ckpt_epoch0019.pt
[22:37:37] ──────────────────── Epoch 20/30 ────────────────────
[22:38:20] [ep20|s3620]  rw=-5.013  cd=-10.181  reg=5.168  │  e+=-5.21(±0.157)  e-=+4.95(±0.024)  sep=90.2  │  fm_e=+5.0  fm=ON  fb=100%  │  ∇rw=5.92  ∇pol=0.58
[22:39:02] [ep20|s3630]  rw=-4.788  cd=-10.766  reg=5.978  │  e+=-5.74(±1.134)  e-=+5.05(±0.044)  sep=39.2  │  fm_e=+5.0  fm=ON  fb=100%  │  ∇rw=6.17  ∇pol=0.67
[22:39:45] [ep20|s3640]  rw=-4.983  cd=-10.476  reg=5.493  │  e+=-5.43(±0.666)  e-=+5.00(±0.018)  sep=33.5  │  fm_e=+5.0  fm=ON  fb=100%  │  ∇rw=9.86  ∇pol=0.44
[22:40:28] [ep20|s3650]  rw=-4.980  cd=-9.853  reg=4.873  │  e+=-4.78(±0.573)  e-=+5.06(±0.031)  sep=46.4  │  fm_e=+5.1  fm=ON  fb=100%  │  ∇rw=2.80  ∇pol=0.70
[22:41:10] [ep20|s3660]  rw=-4.984  cd=-9.651  reg=4.668  │  e+=-4.83(±0.157)  e-=+4.82(±0.033)  sep=71.7  │  fm_e=+4.8  fm=ON  fb=100%  │  ∇rw=11.71  ∇pol=0.51
[22:41:53] [ep20|s3670]  rw=-5.132  cd=-10.177  reg=5.045  │  e+=-5.00(±0.232)  e-=+5.04(±0.021)  sep=80.6  │  fm_e=+5.0  fm=ON  fb=100%  │  ∇rw=2.62  ∇pol=0.44
[22:42:35] [ep20|s3680]  rw=-4.974  cd=-10.161  reg=5.187  │  e+=-5.16(±0.308)  e-=+5.02(±0.030)  sep=79.9  │  fm_e=+5.0  fm=ON  fb=100%  │  ∇rw=1.89  ∇pol=0.40
[22:43:18] [ep20|s3690]  rw=-5.178  cd=-10.164  reg=4.986  │  e+=-5.14(±0.742)  e-=+4.79(±0.043)  sep=42.3  │  fm_e=+4.8  fm=ON  fb=100%  │  ∇rw=5.46  ∇pol=0.25
[22:44:00] [ep20|s3700]  rw=-4.992  cd=-10.617  reg=5.625  │  e+=-5.60(±0.266)  e-=+4.98(±0.032)  sep=49.0  │  fm_e=+5.0  fm=ON  fb=100%  │  ∇rw=2.71  ∇pol=0.30
[22:44:43] [ep20|s3710]  rw=-5.245  cd=-10.636  reg=5.391  │  e+=-5.19(±1.446)  e-=+4.99(±0.028)  sep=35.7  │  fm_e=+5.0  fm=ON  fb=100%  │  ∇rw=2.04  ∇pol=0.54
[22:45:26] [ep20|s3720]  rw=-5.210  cd=-9.953  reg=4.743  │  e+=-4.80(±0.624)  e-=+4.89(±0.028)  sep=37.8  │  fm_e=+4.9  fm=ON  fb=100%  │  ∇rw=5.18  ∇pol=0.31
[22:46:08] [ep20|s3730]  rw=-5.293  cd=-10.385  reg=5.093  │  e+=-5.08(±0.814)  e-=+4.94(±0.015)  sep=47.4  │  fm_e=+4.9  fm=ON  fb=100%  │  ∇rw=5.96  ∇pol=0.36
[22:46:51] [ep20|s3740]  rw=-5.180  cd=-10.383  reg=5.203  │  e+=-5.16(±0.574)  e-=+5.01(±0.034)  sep=38.9  │  fm_e=+5.0  fm=ON  fb=100%  │  ∇rw=2.69  ∇pol=0.62
[22:47:34] [ep20|s3750]  rw=-4.926  cd=-10.335  reg=5.410  │  e+=-5.38(±0.447)  e-=+5.00(±0.033)  sep=27.3  │  fm_e=+5.0  fm=ON  fb=100%  │  ∇rw=9.10  ∇pol=0.47
[22:48:16] [ep20|s3760]  rw=-5.264  cd=-10.470  reg=5.206  │  e+=-5.21(±0.713)  e-=+4.94(±0.026)  sep=40.8  │  fm_e=+4.9  fm=ON  fb=100%  │  ∇rw=2.44  ∇pol=0.28
[22:48:59] [ep20|s3770]  rw=-5.015  cd=-9.945  reg=4.930  │  e+=-4.90(±0.564)  e-=+5.00(±0.032)  sep=44.4  │  fm_e=+5.0  fm=ON  fb=100%  │  ∇rw=2.02  ∇pol=0.50
[22:49:41] [ep20|s3780]  rw=-4.127  cd=-8.339  reg=4.212  │  e+=-5.03(±1.141)  e-=+3.22(±1.471)  sep=44.6  │  fm_e=+2.6  fm=ON  fb=33%  │  ∇rw=42.49  ∇pol=0.38
[22:50:24] [ep20|s3790]  rw=-5.078  cd=-10.130  reg=5.052  │  e+=-5.21(±0.479)  e-=+4.80(±0.069)  sep=37.8  │  fm_e=+4.8  fm=ON  fb=100%  │  ∇rw=8.49  ∇pol=0.33
[22:51:06] [ep20|s3800]  rw=-5.041  cd=-10.350  reg=5.309  │  e+=-5.35(±0.740)  e-=+4.89(±0.021)  sep=38.8  │  fm_e=+4.9  fm=ON  fb=100%  │  ∇rw=5.99  ∇pol=0.22
[22:51:07] ══════════ VAL ep20 ══════════  ρ=+0.2682 (p=0.0003) [PASS ✓]  AUROC(E)=0.6692  ECE=0.7960  N=177
[22:51:10]   ckpt saved → ckpt_epoch0020.pt
[22:51:10] ──────────────────── Epoch 21/30 ────────────────────
[22:51:53] [ep21|s3810]  rw=-4.850  cd=-9.567  reg=4.718  │  e+=-4.65(±0.515)  e-=+5.03(±0.031)  sep=44.8  │  fm_e=+5.0  fm=ON  fb=100%  │  ∇rw=5.47  ∇pol=0.29
[22:52:36] [ep21|s3820]  rw=-4.986  cd=-9.946  reg=4.961  │  e+=-4.96(±0.522)  e-=+4.97(±0.010)  sep=54.8  │  fm_e=+5.0  fm=ON  fb=100%  │  ∇rw=2.53  ∇pol=0.26
[22:53:18] [ep21|s3830]  rw=-4.930  cd=-9.762  reg=4.832  │  e+=-4.87(±0.487)  e-=+4.93(±0.019)  sep=54.1  │  fm_e=+4.9  fm=ON  fb=100%  │  ∇rw=2.60  ∇pol=0.33
[22:54:01] [ep21|s3840]  rw=-5.375  cd=-10.043  reg=4.669  │  e+=-4.69(±0.690)  e-=+4.92(±0.027)  sep=48.1  │  fm_e=+4.9  fm=ON  fb=100%  │  ∇rw=3.09  ∇pol=0.31
[22:54:43] [ep21|s3850]  rw=-5.044  cd=-10.282  reg=5.238  │  e+=-5.23(±0.216)  e-=+5.00(±0.021)  sep=44.4  │  fm_e=+5.0  fm=ON  fb=100%  │  ∇rw=2.10  ∇pol=0.40
[22:55:26] [ep21|s3860]  rw=-5.055  cd=-10.163  reg=5.108  │  e+=-5.08(±0.441)  e-=+5.00(±0.015)  sep=32.9  │  fm_e=+5.0  fm=ON  fb=100%  │  ∇rw=2.44  ∇pol=0.46
[22:56:08] [ep21|s3870]  rw=-4.827  cd=-10.300  reg=5.473  │  e+=-5.44(±0.489)  e-=+4.98(±0.014)  sep=44.8  │  fm_e=+5.0  fm=ON  fb=100%  │  ∇rw=5.47  ∇pol=0.37
[22:56:51] [ep21|s3880]  rw=-5.056  cd=-10.309  reg=5.254  │  e+=-5.06(±0.232)  e-=+5.18(±0.011)  sep=56.7  │  fm_e=+5.2  fm=ON  fb=100%  │  ∇rw=5.77  ∇pol=0.25
[22:57:34] [ep21|s3890]  rw=-5.145  cd=-9.983  reg=4.838  │  e+=-4.77(±0.688)  e-=+5.01(±0.017)  sep=43.3  │  fm_e=+5.0  fm=ON  fb=100%  │  ∇rw=2.78  ∇pol=0.14
[22:58:16] [ep21|s3900]  rw=-4.994  cd=-10.687  reg=5.693  │  e+=-5.65(±0.184)  e-=+5.00(±0.017)  sep=41.9  │  fm_e=+5.0  fm=ON  fb=100%  │  ∇rw=6.15  ∇pol=0.48
[22:58:59] [ep21|s3910]  rw=-5.452  cd=-10.238  reg=4.786  │  e+=-4.67(±0.995)  e-=+5.00(±0.031)  sep=33.0  │  fm_e=+5.0  fm=ON  fb=100%  │  ∇rw=10.61  ∇pol=0.24
[22:59:41] [ep21|s3920]  rw=-5.114  cd=-10.231  reg=5.117  │  e+=-5.08(±0.342)  e-=+5.02(±0.011)  sep=88.0  │  fm_e=+5.0  fm=ON  fb=100%  │  ∇rw=2.35  ∇pol=0.47
[23:00:24] [ep21|s3930]  rw=-4.970  cd=-10.357  reg=5.387  │  e+=-5.25(±0.273)  e-=+5.12(±0.029)  sep=79.4  │  fm_e=+5.1  fm=ON  fb=100%  │  ∇rw=5.69  ∇pol=0.47
[23:01:07] [ep21|s3940]  rw=-4.949  cd=-10.057  reg=5.108  │  e+=-5.13(±0.126)  e-=+4.98(±0.023)  sep=54.1  │  fm_e=+5.0  fm=ON  fb=100%  │  ∇rw=4.12  ∇pol=0.23
[23:01:49] [ep21|s3950]  rw=-5.076  cd=-10.010  reg=4.934  │  e+=-5.06(±0.168)  e-=+4.86(±0.125)  sep=61.9  │  fm_e=+4.9  fm=ON  fb=100%  │  ∇rw=7.76  ∇pol=0.49
[23:02:32] [ep21|s3960]  rw=-5.187  cd=-10.131  reg=4.944  │  e+=-4.92(±0.458)  e-=+5.00(±0.022)  sep=47.3  │  fm_e=+5.0  fm=ON  fb=100%  │  ∇rw=3.14  ∇pol=0.68
[23:03:14] [ep21|s3970]  rw=-4.825  cd=-10.501  reg=5.676  │  e+=-5.53(±0.833)  e-=+5.05(±0.033)  sep=51.3  │  fm_e=+5.0  fm=ON  fb=100%  │  ∇rw=5.04  ∇pol=0.30
[23:03:57] [ep21|s3980]  rw=-4.885  cd=-10.472  reg=5.587  │  e+=-5.38(±0.621)  e-=+5.16(±0.024)  sep=34.2  │  fm_e=+5.2  fm=ON  fb=100%  │  ∇rw=4.84  ∇pol=0.40
[23:04:40] [ep21|s3990]  rw=-5.018  cd=-9.543  reg=4.525  │  e+=-4.52(±0.546)  e-=+4.95(±0.025)  sep=37.4  │  fm_e=+4.9  fm=ON  fb=100%  │  ∇rw=1.86  ∇pol=0.39
[23:04:43] ══════════ VAL ep21 ══════════  ρ=+0.2383 (p=0.0014) [PASS ✓]  AUROC(E)=0.7386  ECE=0.7953  N=177
[23:04:53]   ckpt saved → ckpt_epoch0021.pt
[23:04:53] ──────────────────── Epoch 22/30 ────────────────────
[23:05:36] [ep22|s4000]  rw=-4.936  cd=-9.673  reg=4.738  │  e+=-4.75(±0.500)  e-=+4.96(±0.036)  sep=36.3  │  fm_e=+5.0  fm=ON  fb=100%  │  ∇rw=2.53  ∇pol=0.38
[23:06:19] [ep22|s4010]  rw=-4.807  cd=-10.247  reg=5.440  │  e+=-5.28(±0.617)  e-=+5.11(±0.035)  sep=34.7  │  fm_e=+5.1  fm=ON  fb=100%  │  ∇rw=5.19  ∇pol=0.54
[23:07:01] [ep22|s4020]  rw=-4.872  cd=-10.446  reg=5.574  │  e+=-5.46(±0.507)  e-=+5.07(±0.032)  sep=38.6  │  fm_e=+5.1  fm=ON  fb=100%  │  ∇rw=4.81  ∇pol=0.40
[23:07:44] [ep22|s4030]  rw=-4.837  cd=-9.070  reg=4.233  │  e+=-4.12(±0.534)  e-=+5.01(±0.026)  sep=35.2  │  fm_e=+5.0  fm=ON  fb=100%  │  ∇rw=4.57  ∇pol=0.78
[23:08:27] [ep22|s4040]  rw=-5.045  cd=-10.017  reg=4.972  │  e+=-4.93(±0.539)  e-=+5.01(±0.033)  sep=88.4  │  fm_e=+5.0  fm=ON  fb=100%  │  ∇rw=1.29  ∇pol=0.56
[23:09:09] [ep22|s4050]  rw=-5.023  cd=-10.645  reg=5.622  │  e+=-5.55(±0.214)  e-=+5.03(±0.022)  sep=71.7  │  fm_e=+5.0  fm=ON  fb=100%  │  ∇rw=4.16  ∇pol=0.44
[23:09:52] [ep22|s4060]  rw=-5.003  cd=-10.602  reg=5.599  │  e+=-5.53(±0.529)  e-=+5.02(±0.039)  sep=33.2  │  fm_e=+5.0  fm=ON  fb=100%  │  ∇rw=7.02  ∇pol=0.45
[23:10:34] [ep22|s4070]  rw=-5.040  cd=-9.745  reg=4.705  │  e+=-4.69(±0.266)  e-=+5.00(±0.028)  sep=49.9  │  fm_e=+5.0  fm=ON  fb=100%  │  ∇rw=1.93  ∇pol=0.42
[23:11:17] [ep22|s4080]  rw=-5.003  cd=-9.692  reg=4.689  │  e+=-4.68(±0.397)  e-=+4.98(±0.024)  sep=51.0  │  fm_e=+5.0  fm=ON  fb=100%  │  ∇rw=4.56  ∇pol=0.32
[23:12:00] [ep22|s4090]  rw=-5.034  cd=-9.869  reg=4.835  │  e+=-4.77(±0.616)  e-=+5.02(±0.019)  sep=48.4  │  fm_e=+5.0  fm=ON  fb=100%  │  ∇rw=1.53  ∇pol=0.55
[23:12:43] [ep22|s4100]  rw=-5.048  cd=-9.809  reg=4.761  │  e+=-4.70(±0.656)  e-=+5.01(±0.045)  sep=42.5  │  fm_e=+5.0  fm=ON  fb=100%  │  ∇rw=2.91  ∇pol=0.35
[23:13:25] [ep22|s4110]  rw=-4.991  cd=-9.839  reg=4.848  │  e+=-4.83(±0.198)  e-=+5.01(±0.030)  sep=42.5  │  fm_e=+5.0  fm=ON  fb=100%  │  ∇rw=2.32  ∇pol=0.75
[23:14:08] [ep22|s4120]  rw=-5.071  cd=-10.066  reg=4.996  │  e+=-4.95(±0.305)  e-=+5.03(±0.033)  sep=39.8  │  fm_e=+5.0  fm=ON  fb=100%  │  ∇rw=2.12  ∇pol=0.52
[23:14:50] [ep22|s4130]  rw=-4.925  cd=-10.735  reg=5.810  │  e+=-5.76(±0.412)  e-=+4.97(±0.016)  sep=44.1  │  fm_e=+5.0  fm=ON  fb=100%  │  ∇rw=6.58  ∇pol=0.40
[23:15:33] [ep22|s4140]  rw=-4.994  cd=-9.951  reg=4.958  │  e+=-4.84(±0.722)  e-=+5.06(±0.036)  sep=39.0  │  fm_e=+5.1  fm=ON  fb=100%  │  ∇rw=2.86  ∇pol=0.39
[23:16:15] [ep22|s4150]  rw=-4.945  cd=-10.903  reg=5.958  │  e+=-5.87(±0.219)  e-=+5.00(±0.028)  sep=41.0  │  fm_e=+5.0  fm=ON  fb=100%  │  ∇rw=8.87  ∇pol=0.30
[23:16:58] [ep22|s4160]  rw=-4.978  cd=-10.709  reg=5.731  │  e+=-5.68(±0.391)  e-=+4.99(±0.030)  sep=33.4  │  fm_e=+5.0  fm=ON  fb=100%  │  ∇rw=5.49  ∇pol=0.41
[23:17:41] [ep22|s4170]  rw=-5.005  cd=-9.803  reg=4.798  │  e+=-4.70(±0.614)  e-=+5.05(±0.029)  sep=40.8  │  fm_e=+5.0  fm=ON  fb=100%  │  ∇rw=3.29  ∇pol=0.21
[23:18:23] [ep22|s4180]  rw=-5.049  cd=-10.184  reg=5.135  │  e+=-5.01(±0.537)  e-=+5.09(±0.009)  sep=40.3  │  fm_e=+5.1  fm=ON  fb=100%  │  ∇rw=3.18  ∇pol=0.35
[23:18:24] ══════════ VAL ep22 ══════════  ρ=+0.2302 (p=0.0021) [PASS ✓]  AUROC(E)=0.7245  ECE=0.7935  N=177
[23:18:25]   ckpt saved → ckpt_epoch0022.pt
[23:18:25] ──────────────────── Epoch 23/30 ────────────────────
[23:19:08] [ep23|s4190]  rw=-5.020  cd=-10.366  reg=5.346  │  e+=-5.23(±0.457)  e-=+5.09(±0.023)  sep=48.8  │  fm_e=+5.1  fm=ON  fb=100%  │  ∇rw=3.53  ∇pol=0.22
[23:19:50] [ep23|s4200]  rw=-5.260  cd=-10.022  reg=4.763  │  e+=-4.68(±0.591)  e-=+5.04(±0.027)  sep=57.1  │  fm_e=+5.0  fm=ON  fb=100%  │  ∇rw=2.84  ∇pol=0.43
[23:20:33] [ep23|s4210]  rw=-5.066  cd=-10.223  reg=5.157  │  e+=-5.17(±0.426)  e-=+4.96(±0.037)  sep=40.1  │  fm_e=+5.0  fm=ON  fb=100%  │  ∇rw=2.52  ∇pol=0.40
[23:21:15] [ep23|s4220]  rw=-4.990  cd=-10.586  reg=5.596  │  e+=-5.54(±0.284)  e-=+5.02(±0.050)  sep=35.0  │  fm_e=+5.0  fm=ON  fb=100%  │  ∇rw=2.95  ∇pol=0.67
[23:21:58] [ep23|s4230]  rw=-5.089  cd=-10.093  reg=5.004  │  e+=-5.03(±0.294)  e-=+4.97(±0.023)  sep=55.3  │  fm_e=+5.0  fm=ON  fb=100%  │  ∇rw=2.42  ∇pol=0.31
[23:22:41] [ep23|s4240]  rw=-5.098  cd=-9.671  reg=4.573  │  e+=-4.59(±0.350)  e-=+4.96(±0.019)  sep=46.7  │  fm_e=+5.0  fm=ON  fb=100%  │  ∇rw=3.07  ∇pol=0.31
[23:23:23] [ep23|s4250]  rw=-4.911  cd=-10.914  reg=6.003  │  e+=-5.95(±0.889)  e-=+4.88(±0.018)  sep=45.9  │  fm_e=+4.9  fm=ON  fb=100%  │  ∇rw=12.09  ∇pol=0.58
[23:24:06] [ep23|s4260]  rw=-5.011  cd=-10.226  reg=5.214  │  e+=-5.20(±0.184)  e-=+5.01(±0.015)  sep=52.1  │  fm_e=+5.0  fm=ON  fb=100%  │  ∇rw=1.12  ∇pol=0.67
[23:24:48] [ep23|s4270]  rw=-4.927  cd=-9.639  reg=4.713  │  e+=-4.64(±0.527)  e-=+5.03(±0.015)  sep=44.8  │  fm_e=+5.0  fm=ON  fb=100%  │  ∇rw=1.89  ∇pol=0.69
[23:25:31] [ep23|s4280]  rw=-5.077  cd=-9.950  reg=4.873  │  e+=-4.90(±0.529)  e-=+4.94(±0.017)  sep=73.8  │  fm_e=+4.9  fm=ON  fb=100%  │  ∇rw=3.19  ∇pol=0.34
[23:26:14] [ep23|s4290]  rw=-5.101  cd=-9.787  reg=4.686  │  e+=-4.63(±0.390)  e-=+5.02(±0.017)  sep=62.9  │  fm_e=+5.0  fm=ON  fb=100%  │  ∇rw=4.84  ∇pol=0.41
[23:26:56] [ep23|s4300]  rw=-4.990  cd=-10.174  reg=5.185  │  e+=-5.19(±0.520)  e-=+4.96(±0.014)  sep=44.4  │  fm_e=+5.0  fm=ON  fb=100%  │  ∇rw=3.21  ∇pol=0.18
[23:27:39] [ep23|s4310]  rw=-5.088  cd=-10.385  reg=5.297  │  e+=-5.20(±0.311)  e-=+5.08(±0.022)  sep=78.8  │  fm_e=+5.1  fm=ON  fb=100%  │  ∇rw=2.26  ∇pol=0.38
[23:28:21] [ep23|s4320]  rw=-5.100  cd=-10.044  reg=4.944  │  e+=-4.91(±0.657)  e-=+4.99(±0.016)  sep=39.1  │  fm_e=+5.0  fm=ON  fb=100%  │  ∇rw=2.79  ∇pol=0.29
[23:29:04] [ep23|s4330]  rw=-4.973  cd=-11.066  reg=6.093  │  e+=-5.97(±0.277)  e-=+5.02(±0.019)  sep=55.6  │  fm_e=+5.0  fm=ON  fb=100%  │  ∇rw=11.13  ∇pol=0.37
[23:29:47] [ep23|s4340]  rw=-5.138  cd=-9.749  reg=4.611  │  e+=-4.66(±0.300)  e-=+4.93(±0.030)  sep=55.3  │  fm_e=+4.9  fm=ON  fb=100%  │  ∇rw=4.41  ∇pol=0.30
[23:30:29] [ep23|s4350]  rw=-5.239  cd=-9.701  reg=4.462  │  e+=-4.97(±1.257)  e-=+4.28(±0.092)  sep=35.8  │  fm_e=+4.3  fm=ON  fb=100%  │  ∇rw=14.34  ∇pol=0.45
[23:31:12] [ep23|s4360]  rw=-4.910  cd=-10.236  reg=5.325  │  e+=-5.18(±0.525)  e-=+5.11(±0.031)  sep=48.4  │  fm_e=+5.1  fm=ON  fb=100%  │  ∇rw=4.00  ∇pol=0.45
[23:31:54] [ep23|s4370]  rw=-5.050  cd=-9.597  reg=4.547  │  e+=-4.41(±0.516)  e-=+5.08(±0.026)  sep=32.4  │  fm_e=+5.1  fm=ON  fb=100%  │  ∇rw=7.30  ∇pol=0.52
[23:31:55] ══════════ VAL ep23 ══════════  ρ=+0.2386 (p=0.0014) [PASS ✓]  AUROC(E)=0.6710  ECE=0.7904  N=177
[23:31:56]   ckpt saved → ckpt_epoch0023.pt
[23:31:56] ──────────────────── Epoch 24/30 ────────────────────
[23:32:38] [ep24|s4380]  rw=-5.061  cd=-10.066  reg=5.005  │  e+=-4.99(±0.212)  e-=+5.01(±0.019)  sep=45.4  │  fm_e=+5.0  fm=ON  fb=100%  │  ∇rw=1.51  ∇pol=0.40
[23:33:21] [ep24|s4390]  rw=-5.048  cd=-9.820  reg=4.772  │  e+=-4.74(±0.575)  e-=+4.99(±0.020)  sep=57.0  │  fm_e=+5.0  fm=ON  fb=100%  │  ∇rw=1.06  ∇pol=0.36
[23:34:04] [ep24|s4400]  rw=-5.100  cd=-10.238  reg=5.138  │  e+=-5.13(±0.414)  e-=+4.99(±0.021)  sep=45.1  │  fm_e=+5.0  fm=ON  fb=100%  │  ∇rw=1.63  ∇pol=0.42
[23:34:46] [ep24|s4410]  rw=-5.007  cd=-10.403  reg=5.396  │  e+=-5.33(±0.292)  e-=+5.04(±0.017)  sep=50.5  │  fm_e=+5.0  fm=ON  fb=100%  │  ∇rw=1.62  ∇pol=0.50
[23:35:29] [ep24|s4420]  rw=-5.169  cd=-10.087  reg=4.918  │  e+=-4.87(±0.659)  e-=+5.00(±0.018)  sep=44.1  │  fm_e=+5.0  fm=ON  fb=100%  │  ∇rw=1.90  ∇pol=0.49
[23:36:11] [ep24|s4430]  rw=-5.082  cd=-9.948  reg=4.866  │  e+=-4.84(±0.746)  e-=+4.97(±0.028)  sep=60.0  │  fm_e=+5.0  fm=ON  fb=100%  │  ∇rw=2.54  ∇pol=0.30
[23:36:54] [ep24|s4440]  rw=-4.956  cd=-10.206  reg=5.249  │  e+=-5.15(±0.457)  e-=+5.07(±0.033)  sep=35.9  │  fm_e=+5.1  fm=ON  fb=100%  │  ∇rw=3.32  ∇pol=0.29
[23:37:37] [ep24|s4450]  rw=-4.882  cd=-10.322  reg=5.440  │  e+=-5.40(±0.372)  e-=+5.01(±0.045)  sep=44.7  │  fm_e=+5.0  fm=ON  fb=100%  │  ∇rw=2.76  ∇pol=0.31
[23:38:19] [ep24|s4460]  rw=-5.054  cd=-10.012  reg=4.958  │  e+=-4.95(±0.160)  e-=+5.01(±0.032)  sep=61.8  │  fm_e=+5.0  fm=ON  fb=100%  │  ∇rw=2.08  ∇pol=0.25
[23:39:02] [ep24|s4470]  rw=-4.903  cd=-9.832  reg=4.929  │  e+=-4.87(±0.603)  e-=+5.02(±0.038)  sep=58.1  │  fm_e=+5.0  fm=ON  fb=100%  │  ∇rw=2.59  ∇pol=0.35
[23:39:44] [ep24|s4480]  rw=-5.028  cd=-10.344  reg=5.316  │  e+=-5.32(±0.215)  e-=+4.98(±0.042)  sep=54.2  │  fm_e=+5.0  fm=ON  fb=100%  │  ∇rw=2.37  ∇pol=0.30
[23:40:27] [ep24|s4490]  rw=-5.094  cd=-10.185  reg=5.091  │  e+=-5.07(±0.237)  e-=+5.01(±0.013)  sep=43.7  │  fm_e=+5.0  fm=ON  fb=100%  │  ∇rw=1.94  ∇pol=0.38
[23:41:09] [ep24|s4500]  rw=-4.853  cd=-9.656  reg=4.803  │  e+=-4.68(±0.848)  e-=+5.04(±0.029)  sep=43.0  │  fm_e=+5.0  fm=ON  fb=100%  │  ∇rw=3.53  ∇pol=0.52
[23:41:52] [ep24|s4510]  rw=-5.134  cd=-10.286  reg=5.151  │  e+=-5.08(±0.760)  e-=+5.01(±0.023)  sep=33.7  │  fm_e=+5.0  fm=ON  fb=100%  │  ∇rw=2.59  ∇pol=0.24
[23:42:35] [ep24|s4520]  rw=-4.961  cd=-9.999  reg=5.038  │  e+=-5.03(±0.329)  e-=+5.00(±0.018)  sep=57.6  │  fm_e=+5.0  fm=ON  fb=100%  │  ∇rw=1.46  ∇pol=0.32
[23:43:17] [ep24|s4530]  rw=-5.011  cd=-10.025  reg=5.014  │  e+=-4.96(±0.421)  e-=+5.03(±0.047)  sep=51.2  │  fm_e=+5.0  fm=ON  fb=100%  │  ∇rw=2.94  ∇pol=0.32
[23:44:00] [ep24|s4540]  rw=-4.951  cd=-10.704  reg=5.753  │  e+=-5.57(±0.179)  e-=+5.15(±0.022)  sep=70.8  │  fm_e=+5.1  fm=ON  fb=100%  │  ∇rw=5.83  ∇pol=0.39
[23:44:42] [ep24|s4550]  rw=-5.071  cd=-10.175  reg=5.104  │  e+=-5.05(±0.470)  e-=+5.04(±0.022)  sep=58.2  │  fm_e=+5.0  fm=ON  fb=100%  │  ∇rw=2.79  ∇pol=0.23
[23:45:25] [ep24|s4560]  rw=-5.021  cd=-9.744  reg=4.723  │  e+=-4.64(±0.442)  e-=+5.05(±0.014)  sep=61.4  │  fm_e=+5.0  fm=ON  fb=100%  │  ∇rw=6.14  ∇pol=0.31
[23:45:26] ══════════ VAL ep24 ══════════  ρ=+0.1958 (p=0.0090) [PASS ✓]  AUROC(E)=0.7236  ECE=0.7923  N=177
[23:45:27]   ckpt saved → ckpt_epoch0024.pt
[23:45:27] ──────────────────── Epoch 25/30 ────────────────────
[23:46:09] [ep25|s4570]  rw=-4.946  cd=-9.138  reg=4.192  │  e+=-4.10(±0.386)  e-=+5.00(±0.017)  sep=42.9  │  fm_e=+5.0  fm=ON  fb=100%  │  ∇rw=4.16  ∇pol=0.24
[23:46:52] [ep25|s4580]  rw=-4.989  cd=-9.830  reg=4.841  │  e+=-4.76(±0.832)  e-=+5.00(±0.016)  sep=41.0  │  fm_e=+5.0  fm=ON  fb=100%  │  ∇rw=0.72  ∇pol=0.34
[23:47:35] [ep25|s4590]  rw=-5.173  cd=-10.551  reg=5.378  │  e+=-5.34(±0.491)  e-=+5.00(±0.014)  sep=46.5  │  fm_e=+5.0  fm=ON  fb=100%  │  ∇rw=5.58  ∇pol=0.26
[23:48:17] [ep25|s4600]  rw=-5.144  cd=-10.011  reg=4.867  │  e+=-4.77(±0.548)  e-=+5.06(±0.015)  sep=42.0  │  fm_e=+5.1  fm=ON  fb=100%  │  ∇rw=5.13  ∇pol=0.42
[23:49:00] [ep25|s4610]  rw=-5.186  cd=-10.158  reg=4.973  │  e+=-4.93(±0.487)  e-=+5.01(±0.023)  sep=69.1  │  fm_e=+5.0  fm=ON  fb=100%  │  ∇rw=2.74  ∇pol=0.67
[23:49:43] [ep25|s4620]  rw=-4.761  cd=-7.642  reg=2.881  │  e+=-3.94(±0.703)  e-=+3.57(±0.038)  sep=36.4  │  fm_e=+3.6  fm=ON  fb=100%  │  ∇rw=25.01  ∇pol=0.44
[23:50:25] [ep25|s4630]  rw=-4.984  cd=-9.571  reg=4.587  │  e+=-4.41(±0.761)  e-=+5.08(±0.023)  sep=49.4  │  fm_e=+5.1  fm=ON  fb=100%  │  ∇rw=6.69  ∇pol=0.40
[23:51:08] [ep25|s4640]  rw=-5.010  cd=-10.418  reg=5.408  │  e+=-5.37(±0.268)  e-=+5.02(±0.021)  sep=44.8  │  fm_e=+5.0  fm=ON  fb=100%  │  ∇rw=3.49  ∇pol=0.29
[23:51:50] [ep25|s4650]  rw=-5.030  cd=-10.161  reg=5.132  │  e+=-5.12(±0.328)  e-=+4.99(±0.017)  sep=75.1  │  fm_e=+5.0  fm=ON  fb=100%  │  ∇rw=1.08  ∇pol=0.34
[23:52:33] [ep25|s4660]  rw=-5.198  cd=-9.708  reg=4.509  │  e+=-4.35(±0.582)  e-=+5.08(±0.015)  sep=40.7  │  fm_e=+5.1  fm=ON  fb=100%  │  ∇rw=7.79  ∇pol=0.32
[23:53:15] [ep25|s4670]  rw=-5.037  cd=-10.553  reg=5.516  │  e+=-5.44(±0.340)  e-=+5.04(±0.044)  sep=46.0  │  fm_e=+5.0  fm=ON  fb=100%  │  ∇rw=3.70  ∇pol=0.35
[23:53:58] [ep25|s4680]  rw=-4.988  cd=-10.679  reg=5.691  │  e+=-5.61(±0.250)  e-=+5.04(±0.020)  sep=45.5  │  fm_e=+5.0  fm=ON  fb=100%  │  ∇rw=7.31  ∇pol=0.48
[23:54:41] [ep25|s4690]  rw=-4.708  cd=-9.461  reg=4.753  │  e+=-4.57(±1.274)  e-=+5.00(±0.018)  sep=58.4  │  fm_e=+5.0  fm=ON  fb=100%  │  ∇rw=3.33  ∇pol=0.30
[23:55:23] [ep25|s4700]  rw=-4.994  cd=-9.983  reg=4.989  │  e+=-4.95(±0.774)  e-=+4.98(±0.031)  sep=34.0  │  fm_e=+5.0  fm=ON  fb=100%  │  ∇rw=1.96  ∇pol=0.26
[23:56:06] [ep25|s4710]  rw=-4.979  cd=-10.367  reg=5.388  │  e+=-5.41(±0.220)  e-=+4.96(±0.022)  sep=57.6  │  fm_e=+5.0  fm=ON  fb=100%  │  ∇rw=4.00  ∇pol=0.19
[23:56:48] [ep25|s4720]  rw=-5.085  cd=-10.156  reg=5.071  │  e+=-5.04(±0.524)  e-=+5.00(±0.017)  sep=39.2  │  fm_e=+5.0  fm=ON  fb=100%  │  ∇rw=2.04  ∇pol=0.28
[23:57:31] [ep25|s4730]  rw=-5.073  cd=-9.491  reg=4.418  │  e+=-4.33(±0.444)  e-=+5.03(±0.019)  sep=66.5  │  fm_e=+5.0  fm=ON  fb=100%  │  ∇rw=6.18  ∇pol=0.27
[23:58:14] [ep25|s4740]  rw=-5.007  cd=-10.080  reg=5.073  │  e+=-5.03(±0.334)  e-=+5.03(±0.006)  sep=93.9  │  fm_e=+5.0  fm=ON  fb=100%  │  ∇rw=1.66  ∇pol=0.29
[23:58:56] [ep25|s4750]  rw=-4.939  cd=-10.588  reg=5.649  │  e+=-5.58(±0.246)  e-=+5.02(±0.031)  sep=46.1  │  fm_e=+5.0  fm=ON  fb=100%  │  ∇rw=1.82  ∇pol=0.12
[23:58:57] ══════════ VAL ep25 ══════════  ρ=+0.2207 (p=0.0032) [PASS ✓]  AUROC(E)=0.6951  ECE=0.7941  N=177
[23:58:58]   ckpt saved → ckpt_epoch0025.pt
[23:58:58] ──────────────────── Epoch 26/30 ────────────────────
[23:59:41] [ep26|s4760]  rw=-4.826  cd=-9.754  reg=4.928  │  e+=-5.10(±0.956)  e-=+4.73(±0.047)  sep=33.8  │  fm_e=+4.7  fm=ON  fb=100%  │  ∇rw=7.87  ∇pol=0.37
[00:00:24] [ep26|s4770]  rw=-5.076  cd=-10.204  reg=5.128  │  e+=-5.12(±0.532)  e-=+4.98(±0.017)  sep=62.3  │  fm_e=+5.0  fm=ON  fb=100%  │  ∇rw=1.43  ∇pol=0.18
[00:01:06] [ep26|s4780]  rw=-5.013  cd=-10.299  reg=5.287  │  e+=-5.23(±0.874)  e-=+4.98(±0.033)  sep=43.9  │  fm_e=+5.0  fm=ON  fb=100%  │  ∇rw=4.38  ∇pol=0.29
[00:01:49] [ep26|s4790]  rw=-4.922  cd=-9.913  reg=4.991  │  e+=-5.01(±0.309)  e-=+4.97(±0.015)  sep=73.3  │  fm_e=+5.0  fm=ON  fb=100%  │  ∇rw=4.82  ∇pol=0.27
[00:02:31] [ep26|s4800]  rw=-5.147  cd=-9.552  reg=4.404  │  e+=-4.30(±0.778)  e-=+5.00(±0.028)  sep=45.8  │  fm_e=+5.0  fm=ON  fb=100%  │  ∇rw=3.49  ∇pol=0.40
[00:03:14] [ep26|s4810]  rw=-4.851  cd=-9.831  reg=4.979  │  e+=-4.99(±0.514)  e-=+4.96(±0.034)  sep=54.5  │  fm_e=+5.0  fm=ON  fb=100%  │  ∇rw=2.54  ∇pol=0.27
[00:03:57] [ep26|s4820]  rw=-4.955  cd=-10.244  reg=5.290  │  e+=-5.24(±0.566)  e-=+5.01(±0.018)  sep=36.9  │  fm_e=+5.0  fm=ON  fb=100%  │  ∇rw=3.65  ∇pol=0.40
[00:04:39] [ep26|s4830]  rw=-5.095  cd=-10.274  reg=5.179  │  e+=-5.08(±0.955)  e-=+5.01(±0.031)  sep=48.0  │  fm_e=+5.0  fm=ON  fb=100%  │  ∇rw=1.44  ∇pol=0.25
[00:05:22] [ep26|s4840]  rw=-5.063  cd=-9.601  reg=4.538  │  e+=-4.27(±0.847)  e-=+5.14(±0.026)  sep=39.4  │  fm_e=+5.1  fm=ON  fb=100%  │  ∇rw=8.96  ∇pol=0.21
[00:06:04] [ep26|s4850]  rw=-5.005  cd=-9.988  reg=4.983  │  e+=-4.83(±0.955)  e-=+5.06(±0.035)  sep=30.5  │  fm_e=+5.0  fm=ON  fb=100%  │  ∇rw=4.36  ∇pol=0.54
[00:06:47] [ep26|s4860]  rw=-5.062  cd=-9.298  reg=4.236  │  e+=-4.10(±0.796)  e-=+4.99(±0.045)  sep=23.6  │  fm_e=+5.0  fm=ON  fb=100%  │  ∇rw=10.76  ∇pol=0.57
[00:07:30] [ep26|s4870]  rw=-5.161  cd=-10.147  reg=4.986  │  e+=-4.99(±0.415)  e-=+4.98(±0.041)  sep=52.9  │  fm_e=+5.0  fm=ON  fb=100%  │  ∇rw=3.39  ∇pol=0.41
[00:08:12] [ep26|s4880]  rw=-5.118  cd=-10.079  reg=4.961  │  e+=-4.97(±0.557)  e-=+4.96(±0.041)  sep=41.1  │  fm_e=+5.0  fm=ON  fb=100%  │  ∇rw=4.02  ∇pol=0.39
[00:08:55] [ep26|s4890]  rw=-4.866  cd=-10.514  reg=5.648  │  e+=-5.64(±0.572)  e-=+4.93(±0.039)  sep=38.4  │  fm_e=+4.9  fm=ON  fb=100%  │  ∇rw=6.40  ∇pol=0.53
[00:09:38] [ep26|s4900]  rw=-4.954  cd=-9.255  reg=4.301  │  e+=-4.27(±0.309)  e-=+4.97(±0.026)  sep=38.9  │  fm_e=+5.0  fm=ON  fb=100%  │  ∇rw=9.05  ∇pol=0.45
[00:10:20] [ep26|s4910]  rw=-5.071  cd=-10.791  reg=5.720  │  e+=-5.58(±0.726)  e-=+5.05(±0.018)  sep=33.2  │  fm_e=+5.0  fm=ON  fb=100%  │  ∇rw=3.06  ∇pol=0.27
[00:11:03] [ep26|s4920]  rw=-4.885  cd=-9.049  reg=4.164  │  e+=-4.13(±0.345)  e-=+4.95(±0.060)  sep=41.6  │  fm_e=+5.0  fm=ON  fb=100%  │  ∇rw=5.32  ∇pol=0.43
[00:11:45] [ep26|s4930]  rw=-4.950  cd=-9.287  reg=4.337  │  e+=-4.26(±0.716)  e-=+4.97(±0.027)  sep=50.3  │  fm_e=+5.0  fm=ON  fb=100%  │  ∇rw=5.08  ∇pol=0.35
[00:12:28] [ep26|s4940]  rw=-5.154  cd=-10.166  reg=5.012  │  e+=-5.09(±0.554)  e-=+4.89(±0.025)  sep=41.2  │  fm_e=+4.9  fm=ON  fb=100%  │  ∇rw=3.15  ∇pol=0.34
[00:12:29] ══════════ VAL ep26 ══════════  ρ=+0.2256 (p=0.0025) [PASS ✓]  AUROC(E)=0.6936  ECE=0.7932  N=177
[00:12:29]   ckpt saved → ckpt_epoch0026.pt
[00:12:29] ──────────────────── Epoch 27/30 ────────────────────
[00:13:12] [ep27|s4950]  rw=-5.499  cd=-10.661  reg=5.163  │  e+=-5.08(±1.189)  e-=+4.94(±0.080)  sep=32.4  │  fm_e=+4.9  fm=ON  fb=100%  │  ∇rw=4.29  ∇pol=0.28
[00:13:55] [ep27|s4960]  rw=-4.982  cd=-9.728  reg=4.746  │  e+=-4.89(±1.016)  e-=+4.74(±0.036)  sep=29.9  │  fm_e=+4.7  fm=ON  fb=100%  │  ∇rw=8.88  ∇pol=0.48
[00:14:37] [ep27|s4970]  rw=-5.062  cd=-10.007  reg=4.944  │  e+=-4.90(±0.445)  e-=+5.03(±0.024)  sep=36.8  │  fm_e=+5.0  fm=ON  fb=100%  │  ∇rw=2.92  ∇pol=0.27
[00:15:20] [ep27|s4980]  rw=-5.053  cd=-10.457  reg=5.404  │  e+=-5.32(±0.617)  e-=+5.04(±0.037)  sep=30.0  │  fm_e=+5.0  fm=ON  fb=100%  │  ∇rw=2.20  ∇pol=0.48
[00:16:03] [ep27|s4990]  rw=-5.092  cd=-10.638  reg=5.546  │  e+=-5.35(±0.521)  e-=+5.16(±0.051)  sep=32.8  │  fm_e=+5.1  fm=ON  fb=100%  │  ∇rw=6.17  ∇pol=0.52
[00:16:45] [ep27|s5000]  rw=-5.166  cd=-9.950  reg=4.784  │  e+=-4.71(±0.819)  e-=+5.00(±0.042)  sep=37.9  │  fm_e=+5.0  fm=ON  fb=100%  │  ∇rw=1.96  ∇pol=0.43
[00:17:28] [ep27|s5010]  rw=-5.259  cd=-10.452  reg=5.193  │  e+=-5.07(±0.865)  e-=+5.05(±0.044)  sep=35.9  │  fm_e=+5.0  fm=ON  fb=100%  │  ∇rw=3.84  ∇pol=0.49
[00:18:10] [ep27|s5020]  rw=-5.035  cd=-10.360  reg=5.325  │  e+=-5.22(±0.332)  e-=+5.09(±0.034)  sep=42.2  │  fm_e=+5.1  fm=ON  fb=100%  │  ∇rw=4.56  ∇pol=0.33
[00:18:53] [ep27|s5030]  rw=-5.002  cd=-10.312  reg=5.310  │  e+=-5.30(±0.130)  e-=+5.00(±0.029)  sep=53.0  │  fm_e=+5.0  fm=ON  fb=100%  │  ∇rw=1.56  ∇pol=0.32
[00:19:36] [ep27|s5040]  rw=-5.388  cd=-10.771  reg=5.383  │  e+=-5.25(±1.219)  e-=+4.98(±0.014)  sep=43.9  │  fm_e=+5.0  fm=ON  fb=100%  │  ∇rw=3.65  ∇pol=0.32
[00:20:18] [ep27|s5050]  rw=-4.453  cd=-9.000  reg=4.547  │  e+=-4.26(±1.570)  e-=+4.98(±0.020)  sep=30.8  │  fm_e=+5.0  fm=ON  fb=100%  │  ∇rw=4.63  ∇pol=0.51
[00:21:01] [ep27|s5060]  rw=-4.948  cd=-10.598  reg=5.650  │  e+=-5.53(±0.294)  e-=+5.08(±0.030)  sep=47.4  │  fm_e=+5.1  fm=ON  fb=100%  │  ∇rw=12.14  ∇pol=0.33
[00:21:43] [ep27|s5070]  rw=-5.049  cd=-10.266  reg=5.217  │  e+=-5.23(±0.487)  e-=+4.95(±0.129)  sep=47.2  │  fm_e=+5.0  fm=ON  fb=100%  │  ∇rw=4.20  ∇pol=0.29
[00:22:26] [ep27|s5080]  rw=-5.012  cd=-10.055  reg=5.044  │  e+=-5.04(±0.359)  e-=+4.99(±0.033)  sep=47.5  │  fm_e=+5.0  fm=ON  fb=100%  │  ∇rw=2.12  ∇pol=0.27
[00:23:09] [ep27|s5090]  rw=-5.005  cd=-10.133  reg=5.128  │  e+=-5.04(±0.396)  e-=+5.07(±0.038)  sep=42.5  │  fm_e=+5.1  fm=ON  fb=100%  │  ∇rw=3.23  ∇pol=0.28
[00:23:51] [ep27|s5100]  rw=-4.933  cd=-10.231  reg=5.298  │  e+=-5.42(±0.346)  e-=+4.85(±0.032)  sep=46.2  │  fm_e=+4.8  fm=ON  fb=100%  │  ∇rw=9.69  ∇pol=0.44
[00:24:34] [ep27|s5110]  rw=-4.991  cd=-10.401  reg=5.410  │  e+=-5.35(±0.367)  e-=+5.03(±0.015)  sep=81.7  │  fm_e=+5.0  fm=ON  fb=100%  │  ∇rw=2.28  ∇pol=0.38
[00:25:16] [ep27|s5120]  rw=-4.934  cd=-10.050  reg=5.116  │  e+=-5.07(±0.407)  e-=+5.03(±0.019)  sep=47.8  │  fm_e=+5.0  fm=ON  fb=100%  │  ∇rw=2.68  ∇pol=0.32
[00:25:59] [ep27|s5130]  rw=-4.936  cd=-9.482  reg=4.546  │  e+=-4.50(±0.581)  e-=+4.99(±0.020)  sep=34.9  │  fm_e=+5.0  fm=ON  fb=100%  │  ∇rw=2.38  ∇pol=0.30
[00:26:00] ══════════ VAL ep27 ══════════  ρ=+0.2107 (p=0.0049) [PASS ✓]  AUROC(E)=0.6994  ECE=0.7923  N=177
[00:26:01]   ckpt saved → ckpt_epoch0027.pt
[00:26:01] ──────────────────── Epoch 28/30 ────────────────────
[00:26:44] [ep28|s5140]  rw=-4.964  cd=-10.290  reg=5.326  │  e+=-5.30(±0.206)  e-=+5.01(±0.030)  sep=68.8  │  fm_e=+5.0  fm=ON  fb=100%  │  ∇rw=3.93  ∇pol=0.69
[00:27:27] [ep28|s5150]  rw=-4.989  cd=-9.588  reg=4.599  │  e+=-4.65(±0.358)  e-=+4.92(±0.036)  sep=40.5  │  fm_e=+4.9  fm=ON  fb=100%  │  ∇rw=4.60  ∇pol=0.77
[00:28:09] [ep28|s5160]  rw=-5.052  cd=-10.129  reg=5.077  │  e+=-5.05(±0.309)  e-=+5.01(±0.022)  sep=46.6  │  fm_e=+5.0  fm=ON  fb=100%  │  ∇rw=1.76  ∇pol=0.55
[00:28:52] [ep28|s5170]  rw=-5.486  cd=-10.776  reg=5.290  │  e+=-5.17(±1.083)  e-=+5.00(±0.047)  sep=34.4  │  fm_e=+5.0  fm=ON  fb=100%  │  ∇rw=6.05  ∇pol=0.28
[00:29:35] [ep28|s5180]  rw=-4.977  cd=-10.059  reg=5.082  │  e+=-5.08(±0.251)  e-=+5.00(±0.031)  sep=55.8  │  fm_e=+5.0  fm=ON  fb=100%  │  ∇rw=1.77  ∇pol=0.28
[00:30:17] [ep28|s5190]  rw=-5.019  cd=-10.116  reg=5.096  │  e+=-5.05(±0.509)  e-=+5.02(±0.034)  sep=46.5  │  fm_e=+5.0  fm=ON  fb=100%  │  ∇rw=1.98  ∇pol=0.20
[00:31:00] [ep28|s5200]  rw=-4.989  cd=-10.104  reg=5.114  │  e+=-5.08(±0.415)  e-=+5.01(±0.031)  sep=36.3  │  fm_e=+5.0  fm=ON  fb=100%  │  ∇rw=1.48  ∇pol=0.26
[00:31:43] [ep28|s5210]  rw=-4.840  cd=-9.239  reg=4.399  │  e+=-4.30(±0.621)  e-=+5.01(±0.032)  sep=44.5  │  fm_e=+5.0  fm=ON  fb=100%  │  ∇rw=3.13  ∇pol=0.36
[00:32:25] [ep28|s5220]  rw=-4.916  cd=-10.296  reg=5.380  │  e+=-5.37(±0.260)  e-=+4.98(±0.022)  sep=46.2  │  fm_e=+5.0  fm=ON  fb=100%  │  ∇rw=5.97  ∇pol=0.27
[00:33:08] [ep28|s5230]  rw=-4.969  cd=-10.037  reg=5.067  │  e+=-5.07(±0.420)  e-=+4.98(±0.041)  sep=52.5  │  fm_e=+5.0  fm=ON  fb=100%  │  ∇rw=2.65  ∇pol=0.27
[00:33:51] [ep28|s5240]  rw=-4.946  cd=-10.043  reg=5.097  │  e+=-5.10(±0.411)  e-=+4.98(±0.029)  sep=47.1  │  fm_e=+5.0  fm=ON  fb=100%  │  ∇rw=3.10  ∇pol=0.41
[00:34:33] [ep28|s5250]  rw=-5.173  cd=-10.023  reg=4.851  │  e+=-4.89(±0.751)  e-=+4.90(±0.012)  sep=43.5  │  fm_e=+4.9  fm=ON  fb=100%  │  ∇rw=4.25  ∇pol=0.44
[00:35:16] [ep28|s5260]  rw=-5.052  cd=-10.192  reg=5.140  │  e+=-5.12(±0.523)  e-=+4.99(±0.031)  sep=52.6  │  fm_e=+5.0  fm=ON  fb=100%  │  ∇rw=2.13  ∇pol=0.34
[00:35:58] [ep28|s5270]  rw=-5.006  cd=-10.253  reg=5.248  │  e+=-5.27(±0.249)  e-=+4.96(±0.023)  sep=43.3  │  fm_e=+5.0  fm=ON  fb=100%  │  ∇rw=2.78  ∇pol=0.54
[00:36:41] [ep28|s5280]  rw=-5.122  cd=-10.091  reg=4.968  │  e+=-4.87(±0.478)  e-=+5.07(±0.017)  sep=55.7  │  fm_e=+5.1  fm=ON  fb=100%  │  ∇rw=6.24  ∇pol=0.55
[00:37:23] [ep28|s5290]  rw=-5.001  cd=-10.207  reg=5.207  │  e+=-5.07(±0.256)  e-=+5.13(±0.011)  sep=55.0  │  fm_e=+5.1  fm=ON  fb=100%  │  ∇rw=3.97  ∇pol=0.46
[00:38:06] [ep28|s5300]  rw=-5.117  cd=-9.778  reg=4.661  │  e+=-4.59(±0.752)  e-=+5.00(±0.015)  sep=41.1  │  fm_e=+5.0  fm=ON  fb=100%  │  ∇rw=1.97  ∇pol=0.45
[00:38:49] [ep28|s5310]  rw=-5.010  cd=-9.796  reg=4.786  │  e+=-4.70(±0.355)  e-=+5.06(±0.053)  sep=40.7  │  fm_e=+5.1  fm=ON  fb=100%  │  ∇rw=5.11  ∇pol=0.26
[00:39:31] [ep28|s5320]  rw=-4.944  cd=-9.938  reg=4.994  │  e+=-4.96(±0.439)  e-=+5.01(±0.017)  sep=39.1  │  fm_e=+5.0  fm=ON  fb=100%  │  ∇rw=2.83  ∇pol=0.31
[00:39:32] ══════════ VAL ep28 ══════════  ρ=+0.2053 (p=0.0061) [PASS ✓]  AUROC(E)=0.7218  ECE=0.7836  N=177
[00:39:33]   ckpt saved → ckpt_epoch0028.pt
[00:39:33] ──────────────────── Epoch 29/30 ────────────────────
[00:40:15] [ep29|s5330]  rw=-4.855  cd=-11.253  reg=6.398  │  e+=-5.67(±0.801)  e-=+5.59(±0.030)  sep=29.0  │  fm_e=+5.6  fm=ON  fb=100%  │  ∇rw=17.10  ∇pol=0.25
[00:40:58] [ep29|s5340]  rw=-5.120  cd=-10.234  reg=5.114  │  e+=-5.07(±0.689)  e-=+4.99(±0.025)  sep=28.0  │  fm_e=+5.0  fm=ON  fb=100%  │  ∇rw=4.06  ∇pol=0.28
[00:41:40] [ep29|s5350]  rw=-4.813  cd=-9.863  reg=5.050  │  e+=-4.98(±0.860)  e-=+5.00(±0.048)  sep=31.9  │  fm_e=+5.0  fm=ON  fb=100%  │  ∇rw=2.63  ∇pol=0.28
[00:42:23] [ep29|s5360]  rw=-4.980  cd=-10.398  reg=5.419  │  e+=-5.37(±0.168)  e-=+5.04(±0.026)  sep=41.7  │  fm_e=+5.0  fm=ON  fb=100%  │  ∇rw=3.93  ∇pol=0.41
[00:43:06] [ep29|s5370]  rw=-5.063  cd=-9.749  reg=4.686  │  e+=-4.61(±0.583)  e-=+5.03(±0.034)  sep=25.7  │  fm_e=+5.0  fm=ON  fb=100%  │  ∇rw=4.24  ∇pol=0.27
[00:43:48] [ep29|s5380]  rw=-4.651  cd=-8.707  reg=4.055  │  e+=-3.87(±0.815)  e-=+4.97(±0.050)  sep=30.8  │  fm_e=+4.9  fm=ON  fb=100%  │  ∇rw=10.00  ∇pol=0.44
[00:44:31] [ep29|s5390]  rw=-4.993  cd=-10.300  reg=5.306  │  e+=-5.19(±0.244)  e-=+5.10(±0.014)  sep=66.3  │  fm_e=+5.1  fm=ON  fb=100%  │  ∇rw=2.93  ∇pol=0.36
[00:45:14] [ep29|s5400]  rw=-5.010  cd=-10.242  reg=5.232  │  e+=-5.15(±0.314)  e-=+5.07(±0.012)  sep=54.3  │  fm_e=+5.1  fm=ON  fb=100%  │  ∇rw=4.11  ∇pol=0.28
[00:45:56] [ep29|s5410]  rw=-5.163  cd=-9.642  reg=4.479  │  e+=-4.40(±0.721)  e-=+4.99(±0.030)  sep=38.4  │  fm_e=+5.0  fm=ON  fb=100%  │  ∇rw=7.49  ∇pol=0.50
[00:46:39] [ep29|s5420]  rw=-4.962  cd=-10.457  reg=5.495  │  e+=-5.47(±0.270)  e-=+5.00(±0.025)  sep=54.5  │  fm_e=+5.0  fm=ON  fb=100%  │  ∇rw=3.24  ∇pol=0.33
[00:47:21] [ep29|s5430]  rw=-4.979  cd=-10.319  reg=5.340  │  e+=-5.31(±0.275)  e-=+5.01(±0.026)  sep=42.9  │  fm_e=+5.0  fm=ON  fb=100%  │  ∇rw=2.59  ∇pol=0.31
[00:48:04] [ep29|s5440]  rw=-4.744  cd=-10.167  reg=5.422  │  e+=-5.40(±1.104)  e-=+4.88(±0.024)  sep=32.4  │  fm_e=+4.9  fm=ON  fb=100%  │  ∇rw=5.46  ∇pol=0.25
[00:48:46] [ep29|s5450]  rw=-5.101  cd=-9.934  reg=4.833  │  e+=-4.71(±0.552)  e-=+5.08(±0.017)  sep=37.6  │  fm_e=+5.1  fm=ON  fb=100%  │  ∇rw=5.56  ∇pol=0.40
[00:49:29] [ep29|s5460]  rw=-5.136  cd=-10.038  reg=4.901  │  e+=-4.87(±0.417)  e-=+5.01(±0.017)  sep=51.2  │  fm_e=+5.0  fm=ON  fb=100%  │  ∇rw=1.84  ∇pol=0.37
[00:50:11] [ep29|s5470]  rw=-4.978  cd=-10.117  reg=5.139  │  e+=-5.17(±0.680)  e-=+4.92(±0.018)  sep=49.5  │  fm_e=+4.9  fm=ON  fb=100%  │  ∇rw=4.55  ∇pol=0.20
[00:50:54] [ep29|s5480]  rw=-4.986  cd=-9.755  reg=4.769  │  e+=-4.71(±0.675)  e-=+5.00(±0.020)  sep=45.7  │  fm_e=+5.0  fm=ON  fb=100%  │  ∇rw=1.43  ∇pol=0.22
[00:51:37] [ep29|s5490]  rw=-5.040  cd=-10.245  reg=5.205  │  e+=-5.18(±0.477)  e-=+4.99(±0.018)  sep=47.8  │  fm_e=+5.0  fm=ON  fb=100%  │  ∇rw=1.92  ∇pol=0.33
[00:52:19] [ep29|s5500]  rw=-5.025  cd=-9.916  reg=4.890  │  e+=-4.81(±0.252)  e-=+5.07(±0.104)  sep=43.5  │  fm_e=+5.0  fm=ON  fb=100%  │  ∇rw=3.77  ∇pol=0.31
[00:53:02] [ep29|s5510]  rw=-5.478  cd=-10.265  reg=4.786  │  e+=-4.78(±1.300)  e-=+4.80(±0.234)  sep=24.8  │  fm_e=+4.7  fm=ON  fb=100%  │  ∇rw=14.34  ∇pol=0.21
[00:53:02] ══════════ VAL ep29 ══════════  ρ=+0.3124 (p=0.0000) [PASS ✓]  AUROC(E)=0.7130  ECE=0.7934  N=177 ◀ BEST
[00:53:04]   ckpt saved → ckpt_epoch0029.pt
[00:53:04] ──────────────────── Epoch 30/30 ────────────────────
[00:53:47] [ep30|s5520]  rw=-4.905  cd=-9.964  reg=5.059  │  e+=-4.97(±0.897)  e-=+5.01(±0.036)  sep=34.8  │  fm_e=+5.0  fm=ON  fb=100%  │  ∇rw=1.45  ∇pol=0.34
[00:54:30] [ep30|s5530]  rw=-5.019  cd=-9.989  reg=4.970  │  e+=-4.92(±0.637)  e-=+5.01(±0.036)  sep=36.0  │  fm_e=+5.0  fm=ON  fb=100%  │  ∇rw=2.44  ∇pol=0.29
[00:55:12] [ep30|s5540]  rw=-5.042  cd=-10.568  reg=5.526  │  e+=-5.47(±0.358)  e-=+5.02(±0.040)  sep=34.8  │  fm_e=+5.0  fm=ON  fb=100%  │  ∇rw=6.33  ∇pol=0.37
[00:55:55] [ep30|s5550]  rw=-4.931  cd=-9.489  reg=4.558  │  e+=-4.49(±0.292)  e-=+5.03(±0.024)  sep=50.7  │  fm_e=+5.0  fm=ON  fb=100%  │  ∇rw=6.36  ∇pol=0.35
[00:56:37] [ep30|s5560]  rw=-4.961  cd=-9.893  reg=4.932  │  e+=-4.93(±0.252)  e-=+4.99(±0.045)  sep=55.5  │  fm_e=+5.0  fm=ON  fb=100%  │  ∇rw=4.73  ∇pol=0.23
[00:57:20] [ep30|s5570]  rw=-5.096  cd=-10.664  reg=5.568  │  e+=-5.54(±0.470)  e-=+4.97(±0.028)  sep=49.1  │  fm_e=+5.0  fm=ON  fb=100%  │  ∇rw=3.52  ∇pol=0.23
[00:58:02] [ep30|s5580]  rw=-5.080  cd=-9.840  reg=4.760  │  e+=-4.75(±0.357)  e-=+4.99(±0.047)  sep=37.2  │  fm_e=+5.0  fm=ON  fb=100%  │  ∇rw=4.12  ∇pol=0.68
[00:58:45] [ep30|s5590]  rw=-5.076  cd=-10.596  reg=5.519  │  e+=-5.39(±0.458)  e-=+5.09(±0.047)  sep=35.0  │  fm_e=+5.1  fm=ON  fb=100%  │  ∇rw=4.27  ∇pol=0.41
[00:59:28] [ep30|s5600]  rw=-5.113  cd=-10.041  reg=4.928  │  e+=-4.88(±0.386)  e-=+5.03(±0.041)  sep=36.8  │  fm_e=+5.0  fm=ON  fb=100%  │  ∇rw=4.13  ∇pol=0.37
[01:00:10] [ep30|s5610]  rw=-4.986  cd=-9.601  reg=4.616  │  e+=-4.57(±0.458)  e-=+5.01(±0.019)  sep=47.9  │  fm_e=+5.0  fm=ON  fb=100%  │  ∇rw=8.14  ∇pol=0.28
[01:00:53] [ep30|s5620]  rw=-5.117  cd=-9.562  reg=4.445  │  e+=-4.33(±0.942)  e-=+4.98(±0.042)  sep=60.5  │  fm_e=+5.0  fm=ON  fb=100%  │  ∇rw=4.06  ∇pol=0.22
[01:01:35] [ep30|s5630]  rw=-5.065  cd=-10.242  reg=5.176  │  e+=-5.13(±0.408)  e-=+5.02(±0.042)  sep=34.9  │  fm_e=+5.0  fm=ON  fb=100%  │  ∇rw=2.50  ∇pol=0.15
[01:02:18] [ep30|s5640]  rw=-4.941  cd=-10.229  reg=5.288  │  e+=-5.20(±0.640)  e-=+5.04(±0.030)  sep=33.4  │  fm_e=+5.0  fm=ON  fb=100%  │  ∇rw=3.65  ∇pol=0.58
[01:03:01] [ep30|s5650]  rw=-5.114  cd=-10.315  reg=5.201  │  e+=-5.05(±1.097)  e-=+5.03(±0.037)  sep=55.8  │  fm_e=+5.0  fm=ON  fb=100%  │  ∇rw=5.08  ∇pol=0.30
[01:03:43] [ep30|s5660]  rw=-5.206  cd=-10.182  reg=4.975  │  e+=-4.89(±0.848)  e-=+5.01(±0.034)  sep=39.3  │  fm_e=+5.0  fm=ON  fb=100%  │  ∇rw=1.87  ∇pol=0.21
[01:04:26] [ep30|s5670]  rw=-4.974  cd=-9.669  reg=4.695  │  e+=-4.67(±0.123)  e-=+5.01(±0.017)  sep=57.3  │  fm_e=+5.0  fm=ON  fb=100%  │  ∇rw=1.96  ∇pol=0.22
[01:05:09] [ep30|s5680]  rw=-5.044  cd=-10.355  reg=5.311  │  e+=-5.26(±0.183)  e-=+5.04(±0.028)  sep=50.0  │  fm_e=+5.0  fm=ON  fb=100%  │  ∇rw=3.53  ∇pol=8.16
[01:05:51] [ep30|s5690]  rw=-5.037  cd=-9.879  reg=4.842  │  e+=-4.86(±0.419)  e-=+4.96(±0.008)  sep=45.6  │  fm_e=+5.0  fm=ON  fb=100%  │  ∇rw=2.45  ∇pol=0.37
[01:06:34] [ep30|s5700]  rw=-4.977  cd=-10.221  reg=5.244  │  e+=-5.23(±0.205)  e-=+5.00(±0.015)  sep=47.8  │  fm_e=+5.0  fm=ON  fb=100%  │  ∇rw=1.04  ∇pol=0.33
[01:06:34] ══════════ VAL ep30 ══════════  ρ=+0.2442 (p=0.0011) [PASS ✓]  AUROC(E)=0.6881  ECE=0.7919  N=177
[01:06:36]   ckpt saved → ckpt_epoch0030.pt
