[17:04:42] ──────────────────── Epoch 01/30 ────────────────────
[17:05:44] [ep01|s0010]  rw=-4.194  cd=-6.845  reg=2.470  rank=0.902  │  e+=-4.05(±0.419)  e-=+2.83(±0.023)  sep=-1.0  │  fm_e=-4.8  fm=off  │  ∇rw=29.66  ∇pol=1.54
[17:06:39] ══════════ VAL ep01 ══════════  ρ=-0.0989 (p=0.1901) [FAIL ✗]  AUROC(E)=0.4018  ECE=0.8002  N=177 ◀ BEST
[17:06:39]   ckpt saved → ckpt_epoch0001.pt
[17:06:39] ──────────────────── Epoch 02/30 ────────────────────
[17:06:45] [ep02|s0020]  rw=-4.790  cd=-10.869  reg=5.951  rank=0.637  │  e+=-5.85(±0.358)  e-=+5.01(±0.076)  sep=-1.0  │  fm_e=-6.9  fm=off  │  ∇rw=7.52  ∇pol=3.06
[17:07:46] [ep02|s0030]  rw=-5.011  cd=-10.378  reg=5.258  rank=0.545  │  e+=-5.21(±0.234)  e-=+5.03(±0.006)  sep=-1.0  │  fm_e=-3.8  fm=off  │  ∇rw=1.57  ∇pol=1.68
[17:08:35] ══════════ VAL ep02 ══════════  ρ=+0.0016 (p=0.9836) [FAIL ✗]  AUROC(E)=0.5079  ECE=0.5380  N=177 ◀ BEST
[17:08:35]   ckpt saved → ckpt_epoch0002.pt
[17:08:35] ──────────────────── Epoch 03/30 ────────────────────
[17:08:47] [ep03|s0040]  rw=-4.951  cd=-10.238  reg=5.199  rank=0.438  │  e+=-5.19(±0.491)  e-=+4.94(±0.005)  sep=-1.0  │  fm_e=-6.1  fm=off  │  ∇rw=3.56  ∇pol=1.50
[17:09:48] [ep03|s0050]  rw=-4.842  cd=-9.814  reg=4.831  rank=0.702  │  e+=-4.87(±0.115)  e-=+4.95(±0.004)  sep=-1.0  │  fm_e=-5.0  fm=off  │  ∇rw=2.42  ∇pol=1.24
[17:10:31] ══════════ VAL ep03 ══════════  ρ=+0.0444 (p=0.5575) [FAIL ✗]  AUROC(E)=0.6076  ECE=0.7891  N=177 ◀ BEST
[17:10:31]   ckpt saved → ckpt_epoch0003.pt
[17:10:31] ──────────────────── Epoch 04/30 ────────────────────
[17:10:49] [ep04|s0060]  rw=-4.818  cd=-9.347  reg=4.387  rank=0.706  │  e+=-4.39(±0.150)  e-=+4.96(±0.005)  sep=-1.0  │  fm_e=-5.1  fm=off  │  ∇rw=4.86  ∇pol=0.88
[17:11:50] [ep04|s0070]  rw=-4.754  cd=-10.086  reg=5.141  rank=0.953  │  e+=-5.08(±0.407)  e-=+5.04(±0.005)  sep=-1.0  │  fm_e=-4.9  fm=off  │  ∇rw=1.85  ∇pol=1.36
[17:12:27] ══════════ VAL ep04 ══════════  ρ=-0.0903 (p=0.2320) [FAIL ✗]  AUROC(E)=0.5157  ECE=0.7822  N=177
[17:12:27]   ckpt saved → ckpt_epoch0004.pt
[17:12:27] ──────────────────── Epoch 05/30 ────────────────────
[17:12:52] [ep05|s0080]  rw=+5.804  cd=-0.220  reg=5.893  rank=0.654  │  e+=-5.53(±0.115)  e-=-5.32(±0.018)  sep=-1.0  │  fm_e=-5.8  fm=off  │  ∇rw=150.30  ∇pol=1.02
[17:13:53] [ep05|s0090]  rw=-4.725  cd=-9.611  reg=4.717  rank=0.845  │  e+=-4.64(±0.588)  e-=+5.00(±0.010)  sep=-1.0  │  fm_e=-6.8  fm=off  │  ∇rw=7.17  ∇pol=2.24
[17:14:24] ══════════ VAL ep05 ══════════  ρ=+0.0487 (p=0.5197) [FAIL ✗]  AUROC(E)=0.4321  ECE=0.7989  N=177 ◀ BEST
[17:14:24]   ckpt saved → ckpt_epoch0005.pt
[17:14:24] ──────────────────── Epoch 06/30 ────────────────────
[17:14:55] [ep06|s0100]  rw=-5.012  cd=-10.426  reg=5.330  rank=0.420  │  e+=-5.48(±0.628)  e-=+4.77(±0.025)  sep=-1.0  │  fm_e=-7.0  fm=off  │  ∇rw=6.01  ∇pol=1.77
[17:15:55] [ep06|s0110]  rw=-4.788  cd=-9.900  reg=4.949  rank=0.815  │  e+=-5.03(±0.264)  e-=+4.90(±0.083)  sep=-1.0  │  fm_e=-5.4  fm=off  │  ∇rw=4.21  ∇pol=0.96
[17:16:20] ══════════ VAL ep06 ══════════  ρ=-0.0138 (p=0.8556) [FAIL ✗]  AUROC(E)=0.4802  ECE=0.7892  N=177
[17:16:20]   ckpt saved → ckpt_epoch0006.pt
[17:16:20] ──────────────────── Epoch 07/30 ────────────────────
[17:16:57] [ep07|s0120]  rw=-4.705  cd=-10.021  reg=5.166  rank=0.748  │  e+=-5.36(±0.152)  e-=+4.67(±0.135)  sep=-1.0  │  fm_e=-6.8  fm=off  │  ∇rw=78.48  ∇pol=0.67
[17:17:58] [ep07|s0130]  rw=-4.811  cd=-9.335  reg=4.400  rank=0.622  │  e+=-4.70(±0.351)  e-=+4.62(±0.225)  sep=-1.0  │  fm_e=-6.5  fm=off  │  ∇rw=47.42  ∇pol=1.01
[17:18:17] ══════════ VAL ep07 ══════════  ρ=-0.0713 (p=0.3458) [FAIL ✗]  AUROC(E)=0.5162  ECE=0.7893  N=177
[17:18:17]   ckpt saved → ckpt_epoch0007.pt
[17:18:17] ──────────────────── Epoch 08/30 ────────────────────
[17:19:00] [ep08|s0140]  rw=-4.953  cd=-10.235  reg=5.169  rank=0.564  │  e+=-5.02(±0.227)  e-=+5.14(±0.003)  sep=-1.0  │  fm_e=-5.6  fm=off  │  ∇rw=2.44  ∇pol=1.71
[17:20:00] [ep08|s0150]  rw=-4.961  cd=-9.655  reg=4.694  rank=0.000  │  e+=-4.94(±0.152)  e-=+4.71(±0.024)  sep=-1.0  │  fm_e=-7.2  fm=off  │  ∇rw=7.49  ∇pol=0.86
[17:20:13] ══════════ VAL ep08 ══════════  ρ=+0.0194 (p=0.7982) [FAIL ✗]  AUROC(E)=0.5412  ECE=0.7943  N=177
[17:20:13]   ckpt saved → ckpt_epoch0008.pt
[17:20:13] ──────────────────── Epoch 09/30 ────────────────────
[17:21:02] [ep09|s0160]  rw=-4.930  cd=-10.139  reg=5.085  rank=0.622  │  e+=-5.07(±0.249)  e-=+5.00(±0.014)  sep=-1.0  │  fm_e=-6.9  fm=off  │  ∇rw=1.98  ∇pol=0.77
[17:22:03] [ep09|s0170]  rw=-5.063  cd=-9.964  reg=4.808  rank=0.468  │  e+=-4.73(±0.431)  e-=+5.05(±0.015)  sep=-1.0  │  fm_e=-6.6  fm=off  │  ∇rw=3.88  ∇pol=0.58
[17:22:09] ══════════ VAL ep09 ══════════  ρ=-0.0252 (p=0.7390) [FAIL ✗]  AUROC(E)=0.4823  ECE=0.7929  N=177
[17:22:10]   ckpt saved → ckpt_epoch0009.pt
[17:22:10] ──────────────────── Epoch 10/30 ────────────────────
[17:23:05] [ep10|s0180]  rw=-5.118  cd=-10.427  reg=5.209  rank=0.500  │  e+=-5.32(±0.539)  e-=+4.85(±0.024)  sep=-1.0  │  fm_e=-6.8  fm=off  │  ∇rw=3.74  ∇pol=2.29
[17:24:05] [ep10|s0190]  rw=-4.794  cd=-10.621  reg=5.681  rank=0.725  │  e+=-5.27(±0.091)  e-=+5.36(±0.029)  sep=-0.1  │  fm_e=-5.6  fm=off  │  ∇rw=8.64  ∇pol=0.62
[17:24:06] ══════════ VAL ep10 ══════════  ρ=-0.0396 (p=0.6005) [FAIL ✗]  AUROC(E)=0.5229  ECE=0.7978  N=177
[17:24:06]   ckpt saved → ckpt_epoch0010.pt
[17:24:06] ──────────────────── Epoch 11/30 ────────────────────
[17:25:07] [ep11|s0200]  rw=-4.791  cd=-10.054  reg=5.103  rank=0.799  │  e+=-5.08(±0.247)  e-=+5.01(±0.019)  sep=1.9  │  fm_e=-6.3  fm=off  │  ∇rw=2.37  ∇pol=0.95
[17:26:03] ══════════ VAL ep11 ══════════  ρ=-0.0512 (p=0.4984) [FAIL ✗]  AUROC(E)=0.4792  ECE=0.7931  N=177
[17:26:03]   ckpt saved → ckpt_epoch0011.pt
[17:26:03] ──────────────────── Epoch 12/30 ────────────────────
[17:26:09] [ep12|s0210]  rw=-4.804  cd=-9.934  reg=4.986  rank=0.718  │  e+=-5.43(±0.108)  e-=+4.51(±0.033)  sep=6.5  │  fm_e=-5.5  fm=off  │  ∇rw=7.25  ∇pol=1.73
[17:27:04] [ep12|s0220]  rw=-4.705  cd=-10.032  reg=5.077  rank=1.249  │  e+=-4.82(±0.570)  e-=+5.22(±0.011)  sep=42.3  │  fm_e=+5.2  fm=ON  fb=100%  │  ∇rw=4.65  ∇pol=0.81
[17:27:37] ══════════ VAL ep12 ══════════  ρ=+0.0005 (p=0.9943) [FAIL ✗]  AUROC(E)=0.4802  ECE=0.7988  N=177
[17:27:37]   ckpt saved → ckpt_epoch0012.pt
[17:27:37] ──────────────────── Epoch 13/30 ────────────────────
[17:27:45] [ep13|s0230]  rw=-4.807  cd=-10.171  reg=5.211  rank=0.767  │  e+=-5.14(±0.206)  e-=+5.05(±0.008)  sep=61.2  │  fm_e=+5.1  fm=ON  fb=100%  │  ∇rw=2.98  ∇pol=0.58
[17:28:26] [ep13|s0240]  rw=-2.744  cd=-6.488  reg=3.068  rank=3.381  │  e+=-2.51(±2.285)  e-=+4.16(±0.038)  sep=74.1  │  fm_e=+4.1  fm=ON  fb=100%  │  ∇rw=62.08  ∇pol=2.08
[17:28:54] ══════════ VAL ep13 ══════════  ρ=+0.0345 (p=0.6482) [FAIL ✗]  AUROC(E)=0.4373  ECE=0.7987  N=177
[17:28:54]   ckpt saved → ckpt_epoch0013.pt
[17:28:54] ──────────────────── Epoch 14/30 ────────────────────
[17:29:07] [ep14|s0250]  rw=-4.851  cd=-9.706  reg=4.720  rank=0.677  │  e+=-4.63(±0.261)  e-=+5.07(±0.012)  sep=81.3  │  fm_e=+5.1  fm=ON  fb=100%  │  ∇rw=3.87  ∇pol=0.68
[17:29:47] [ep14|s0260]  rw=-4.873  cd=-9.635  reg=4.640  rank=0.606  │  e+=-5.01(±0.499)  e-=+4.58(±0.043)  sep=83.9  │  fm_e=+4.6  fm=ON  fb=100%  │  ∇rw=6.38  ∇pol=1.42
[17:30:12] ══════════ VAL ep14 ══════════  ρ=+0.1138 (p=0.1315) [FAIL ✗]  AUROC(E)=0.5379  ECE=0.7945  N=177 ◀ BEST
[17:30:12]   ckpt saved → ckpt_epoch0014.pt
[17:30:12] ──────────────────── Epoch 15/30 ────────────────────
[17:30:29] [ep15|s0270]  rw=-4.901  cd=-10.360  reg=5.337  rank=0.609  │  e+=-5.17(±0.178)  e-=+5.16(±0.010)  sep=100.2  │  fm_e=+5.2  fm=ON  fb=100%  │  ∇rw=3.03  ∇pol=0.73
[17:31:09] [ep15|s0280]  rw=-4.877  cd=-10.038  reg=5.034  rank=0.637  │  e+=-5.17(±0.162)  e-=+4.85(±0.006)  sep=117.9  │  fm_e=+4.9  fm=ON  fb=100%  │  ∇rw=4.29  ∇pol=0.79
[17:31:30] ══════════ VAL ep15 ══════════  ρ=+0.0247 (p=0.7446) [FAIL ✗]  AUROC(E)=0.5536  ECE=0.7951  N=177
[17:31:30]   ckpt saved → ckpt_epoch0015.pt
[17:31:30] ──────────────────── Epoch 16/30 ────────────────────
[17:31:51] [ep16|s0290]  rw=-4.884  cd=-10.232  reg=5.218  rank=0.651  │  e+=-5.22(±0.161)  e-=+4.99(±0.009)  sep=116.7  │  fm_e=+5.0  fm=ON  fb=100%  │  ∇rw=1.77  ∇pol=0.62
[17:32:31] [ep16|s0300]  rw=-4.918  cd=-9.839  reg=4.806  rank=0.573  │  e+=-4.88(±0.159)  e-=+4.91(±0.066)  sep=73.3  │  fm_e=+4.9  fm=ON  fb=100%  │  ∇rw=3.79  ∇pol=0.44
[17:32:48] ══════════ VAL ep16 ══════════  ρ=-0.0214 (p=0.7770) [FAIL ✗]  AUROC(E)=0.5198  ECE=0.7933  N=177
[17:32:48]   ckpt saved → ckpt_epoch0016.pt
[17:32:48] ──────────────────── Epoch 17/30 ────────────────────
[17:33:12] [ep17|s0310]  rw=-4.368  cd=-8.630  reg=3.990  rank=1.358  │  e+=-3.77(±0.883)  e-=+4.98(±0.020)  sep=40.1  │  fm_e=+5.0  fm=ON  fb=100%  │  ∇rw=22.80  ∇pol=0.83
[17:33:53] [ep17|s0320]  rw=-4.974  cd=-9.739  reg=4.643  rank=0.611  │  e+=-4.85(±0.430)  e-=+4.76(±0.023)  sep=59.5  │  fm_e=+4.8  fm=ON  fb=100%  │  ∇rw=3.96  ∇pol=0.74
[17:34:06] ══════════ VAL ep17 ══════════  ρ=+0.0105 (p=0.8899) [FAIL ✗]  AUROC(E)=0.5112  ECE=0.7967  N=177
[17:34:06]   ckpt saved → ckpt_epoch0017.pt
[17:34:06] ──────────────────── Epoch 18/30 ────────────────────
[17:34:34] [ep18|s0330]  rw=-4.796  cd=-10.131  reg=5.182  rank=0.764  │  e+=-5.18(±0.224)  e-=+5.00(±0.029)  sep=66.3  │  fm_e=+5.0  fm=ON  fb=100%  │  ∇rw=2.32  ∇pol=0.99
[17:35:15] [ep18|s0340]  rw=-4.913  cd=-10.121  reg=5.075  rank=0.662  │  e+=-5.05(±0.584)  e-=+4.99(±0.035)  sep=33.9  │  fm_e=+5.0  fm=ON  fb=100%  │  ∇rw=2.46  ∇pol=0.90
[17:35:23] ══════════ VAL ep18 ══════════  ρ=-0.0938 (p=0.2145) [FAIL ✗]  AUROC(E)=0.5200  ECE=0.7928  N=177
[17:35:24]   ckpt saved → ckpt_epoch0018.pt
[17:35:24] ──────────────────── Epoch 19/30 ────────────────────
[17:35:56] [ep19|s0350]  rw=-5.153  cd=-10.086  reg=4.903  rank=0.147  │  e+=-4.48(±1.267)  e-=+5.23(±0.127)  sep=40.1  │  fm_e=+5.2  fm=ON  fb=100%  │  ∇rw=8.79  ∇pol=4.33
[17:36:36] [ep19|s0360]  rw=-4.670  cd=-9.022  reg=4.180  rank=0.859  │  e+=-4.02(±0.515)  e-=+5.04(±0.053)  sep=43.7  │  fm_e=+5.0  fm=ON  fb=100%  │  ∇rw=6.63  ∇pol=0.56
[17:36:41] ══════════ VAL ep19 ══════════  ρ=+0.0773 (p=0.3068) [FAIL ✗]  AUROC(E)=0.5724  ECE=0.7951  N=177
[17:36:41]   ckpt saved → ckpt_epoch0019.pt
[17:36:41] ──────────────────── Epoch 20/30 ────────────────────
[17:37:18] [ep20|s0370]  rw=-4.542  cd=-10.285  reg=5.465  rank=1.385  │  e+=-5.49(±1.021)  e-=+4.84(±0.038)  sep=25.9  │  fm_e=+4.9  fm=ON  fb=100%  │  ∇rw=7.78  ∇pol=0.78
[17:37:58] [ep20|s0380]  rw=-4.833  cd=-9.892  reg=4.918  rank=0.704  │  e+=-4.78(±0.207)  e-=+5.13(±0.037)  sep=68.5  │  fm_e=+5.1  fm=ON  fb=100%  │  ∇rw=3.44  ∇pol=0.54
[17:37:59] ══════════ VAL ep20 ══════════  ρ=+0.0229 (p=0.7623) [FAIL ✗]  AUROC(E)=0.4833  ECE=0.7953  N=177
[17:37:59]   ckpt saved → ckpt_epoch0020.pt
[17:37:59] ──────────────────── Epoch 21/30 ────────────────────
[17:38:40] [ep21|s0390]  rw=-4.874  cd=-10.402  reg=5.403  rank=0.627  │  e+=-5.53(±0.127)  e-=+4.84(±0.165)  sep=71.3  │  fm_e=+4.8  fm=ON  fb=100%  │  ∇rw=22.25  ∇pol=1.06
[17:39:17] ══════════ VAL ep21 ══════════  ρ=+0.0547 (p=0.4700) [FAIL ✗]  AUROC(E)=0.5299  ECE=0.7931  N=177
[17:39:17]   ckpt saved → ckpt_epoch0021.pt
[17:39:17] ──────────────────── Epoch 22/30 ────────────────────
[17:39:21] [ep22|s0400]  rw=-4.828  cd=-10.541  reg=5.565  rank=0.741  │  e+=-5.43(±0.240)  e-=+5.11(±0.030)  sep=53.3  │  fm_e=+5.1  fm=ON  fb=100%  │  ∇rw=3.66  ∇pol=0.83
[17:40:02] [ep22|s0410]  rw=-4.844  cd=-9.544  reg=4.563  rank=0.687  │  e+=-4.62(±0.180)  e-=+4.92(±0.048)  sep=48.8  │  fm_e=+4.9  fm=ON  fb=100%  │  ∇rw=3.74  ∇pol=0.45
[17:40:35] ══════════ VAL ep22 ══════════  ρ=-0.0155 (p=0.8376) [FAIL ✗]  AUROC(E)=0.5289  ECE=0.7924  N=177
[17:40:35]   ckpt saved → ckpt_epoch0022.pt
[17:40:35] ──────────────────── Epoch 23/30 ────────────────────
[17:40:43] [ep23|s0420]  rw=-5.053  cd=-10.222  reg=5.099  rank=0.347  │  e+=-4.90(±0.697)  e-=+5.14(±0.057)  sep=43.1  │  fm_e=+5.2  fm=ON  fb=100%  │  ∇rw=3.20  ∇pol=0.47
[17:41:24] [ep23|s0430]  rw=-4.739  cd=-8.833  reg=3.974  rank=0.601  │  e+=-4.86(±0.175)  e-=+3.97(±0.311)  sep=51.8  │  fm_e=+4.0  fm=ON  fb=100%  │  ∇rw=29.18  ∇pol=0.93
[17:41:53] ══════════ VAL ep23 ══════════  ρ=+0.0515 (p=0.4959) [FAIL ✗]  AUROC(E)=0.5490  ECE=0.7891  N=177
[17:41:53]   ckpt saved → ckpt_epoch0023.pt
[17:41:53] ──────────────────── Epoch 24/30 ────────────────────
[17:42:05] [ep24|s0440]  rw=-4.915  cd=-10.412  reg=5.362  rank=0.675  │  e+=-5.27(±0.373)  e-=+5.07(±0.082)  sep=52.8  │  fm_e=+5.1  fm=ON  fb=100%  │  ∇rw=2.17  ∇pol=0.39
[17:42:46] [ep24|s0450]  rw=-4.567  cd=-10.652  reg=5.879  rank=1.030  │  e+=-5.76(±0.726)  e-=+5.01(±0.066)  sep=34.5  │  fm_e=+5.0  fm=ON  fb=100%  │  ∇rw=4.35  ∇pol=0.71
[17:43:11] ══════════ VAL ep24 ══════════  ρ=+0.0858 (p=0.2564) [FAIL ✗]  AUROC(E)=0.5512  ECE=0.7976  N=177
[17:43:11]   ckpt saved → ckpt_epoch0024.pt
[17:43:11] ──────────────────── Epoch 25/30 ────────────────────
[17:43:27] [ep25|s0460]  rw=-4.947  cd=-10.053  reg=5.008  rank=0.488  │  e+=-4.99(±0.369)  e-=+5.01(±0.031)  sep=71.2  │  fm_e=+5.0  fm=ON  fb=100%  │  ∇rw=2.60  ∇pol=1.15
[17:44:07] [ep25|s0470]  rw=-4.793  cd=-9.978  reg=5.018  rank=0.837  │  e+=-4.87(±0.433)  e-=+5.11(±0.103)  sep=38.9  │  fm_e=+5.1  fm=ON  fb=100%  │  ∇rw=6.85  ∇pol=0.37
[17:44:28] ══════════ VAL ep25 ══════════  ρ=+0.0077 (p=0.9194) [FAIL ✗]  AUROC(E)=0.4760  ECE=0.7889  N=177
[17:44:28]   ckpt saved → ckpt_epoch0025.pt
[17:44:28] ──────────────────── Epoch 26/30 ────────────────────
[17:44:49] [ep26|s0480]  rw=-4.975  cd=-10.909  reg=5.821  rank=0.562  │  e+=-5.79(±1.002)  e-=+4.87(±0.038)  sep=38.0  │  fm_e=+4.9  fm=ON  fb=100%  │  ∇rw=8.49  ∇pol=0.51
[17:45:29] [ep26|s0490]  rw=-4.774  cd=-10.025  reg=5.086  rank=0.823  │  e+=-4.72(±0.155)  e-=+5.32(±0.144)  sep=54.6  │  fm_e=+5.4  fm=ON  fb=100%  │  ∇rw=10.35  ∇pol=0.57
[17:45:46] ══════════ VAL ep26 ══════════  ρ=-0.0381 (p=0.6149) [FAIL ✗]  AUROC(E)=0.5008  ECE=0.7953  N=177
[17:45:46]   ckpt saved → ckpt_epoch0026.pt
[17:45:46] ──────────────────── Epoch 27/30 ────────────────────
[17:46:11] [ep27|s0500]  rw=-4.912  cd=-10.331  reg=5.294  rank=0.623  │  e+=-5.39(±0.263)  e-=+4.88(±0.036)  sep=52.1  │  fm_e=+4.9  fm=ON  fb=100%  │  ∇rw=4.64  ∇pol=0.69
[17:46:51] [ep27|s0510]  rw=-4.975  cd=-10.239  reg=5.168  rank=0.479  │  e+=-5.09(±0.338)  e-=+5.05(±0.031)  sep=52.4  │  fm_e=+5.1  fm=ON  fb=100%  │  ∇rw=4.16  ∇pol=0.68
[17:47:04] ══════════ VAL ep27 ══════════  ρ=+0.0063 (p=0.9333) [FAIL ✗]  AUROC(E)=0.5522  ECE=0.7977  N=177
[17:47:04]   ckpt saved → ckpt_epoch0027.pt
[17:47:04] ──────────────────── Epoch 28/30 ────────────────────
[17:47:32] [ep28|s0520]  rw=-4.863  cd=-9.650  reg=4.663  rank=0.616  │  e+=-4.90(±0.217)  e-=+4.75(±0.032)  sep=47.1  │  fm_e=+4.8  fm=ON  fb=100%  │  ∇rw=3.93  ∇pol=0.63
[17:48:13] [ep28|s0530]  rw=-5.062  cd=-10.065  reg=4.938  rank=0.325  │  e+=-4.81(±0.816)  e-=+5.05(±0.040)  sep=72.2  │  fm_e=+5.0  fm=ON  fb=100%  │  ∇rw=2.87  ∇pol=0.48
[17:48:21] ══════════ VAL ep28 ══════════  ρ=+0.0385 (p=0.6105) [FAIL ✗]  AUROC(E)=0.5816  ECE=0.7887  N=177
[17:48:21]   ckpt saved → ckpt_epoch0028.pt
[17:48:21] ──────────────────── Epoch 29/30 ────────────────────
[17:48:54] [ep29|s0540]  rw=-4.930  cd=-9.601  reg=4.548  rank=0.620  │  e+=-4.47(±0.265)  e-=+5.04(±0.042)  sep=44.8  │  fm_e=+5.0  fm=ON  fb=100%  │  ∇rw=4.27  ∇pol=0.42
[17:49:35] [ep29|s0550]  rw=-5.106  cd=-10.337  reg=5.178  rank=0.265  │  e+=-5.12(±0.765)  e-=+5.00(±0.048)  sep=54.8  │  fm_e=+5.0  fm=ON  fb=100%  │  ∇rw=2.86  ∇pol=0.54
[17:49:39] ══════════ VAL ep29 ══════════  ρ=+0.0242 (p=0.7492) [FAIL ✗]  AUROC(E)=0.5434  ECE=0.7939  N=177
[17:49:39]   ckpt saved → ckpt_epoch0029.pt
[17:49:39] ──────────────────── Epoch 30/30 ────────────────────
[17:50:16] [ep30|s0560]  rw=-4.865  cd=-10.318  reg=5.317  rank=0.679  │  e+=-5.18(±0.127)  e-=+5.13(±0.028)  sep=64.3  │  fm_e=+5.1  fm=ON  fb=100%  │  ∇rw=3.01  ∇pol=0.64
[17:50:57] [ep30|s0570]  rw=-4.773  cd=-10.429  reg=5.487  rank=0.843  │  e+=-5.28(±0.474)  e-=+5.17(±0.073)  sep=31.8  │  fm_e=+5.2  fm=ON  fb=100%  │  ∇rw=8.99  ∇pol=0.38
[17:50:57] ══════════ VAL ep30 ══════════  ρ=+0.0428 (p=0.5718) [FAIL ✗]  AUROC(E)=0.5170  ECE=0.7987  N=177
[17:50:57]   ckpt saved → ckpt_epoch0030.pt
