[16:16:55] ──────────────────── Epoch 01/30 ────────────────────
[16:17:56] [ep01|s0010]  rw=+1.845  cd=-3.463  reg=5.308  │  e+=-5.05(±0.121)  e-=-1.60(±0.023)  sep=-1.0  │  fm_e=-5.4  fm=off  │  ∇rw=93.95  ∇pol=2.30
[16:18:57] [ep01|s0020]  rw=-4.885  cd=-9.924  reg=5.039  │  e+=-5.13(±0.834)  e-=+4.81(±0.008)  sep=-1.0  │  fm_e=-6.0  fm=off  │  ∇rw=5.69  ∇pol=6.48
[16:19:58] [ep01|s0030]  rw=-4.908  cd=-9.896  reg=4.988  │  e+=-5.30(±0.216)  e-=+4.66(±0.007)  sep=-1.0  │  fm_e=-6.0  fm=off  │  ∇rw=4.01  ∇pol=1.08
[16:20:59] [ep01|s0040]  rw=-4.939  cd=-10.044  reg=5.105  │  e+=-5.12(±0.918)  e-=+4.88(±0.014)  sep=-1.0  │  fm_e=-6.0  fm=off  │  ∇rw=7.69  ∇pol=6.31
[16:21:59] [ep01|s0050]  rw=-4.868  cd=-10.733  reg=5.864  │  e+=-4.72(±0.216)  e-=+5.98(±0.007)  sep=-1.0  │  fm_e=+1.1  fm=off  │  ∇rw=12.13  ∇pol=2.01
[16:23:00] [ep01|s0060]  rw=-4.934  cd=-11.309  reg=6.375  │  e+=-5.98(±0.628)  e-=+5.25(±0.008)  sep=-1.0  │  fm_e=-7.2  fm=off  │  ∇rw=5.37  ∇pol=1.33
[16:24:01] [ep01|s0070]  rw=-4.383  cd=-9.581  reg=5.199  │  e+=-5.16(±1.400)  e-=+4.18(±0.120)  sep=-1.0  │  fm_e=-7.4  fm=off  │  ∇rw=148.46  ∇pol=3.30
[16:25:02] [ep01|s0080]  rw=-5.003  cd=-10.093  reg=5.090  │  e+=-5.05(±0.491)  e-=+5.01(±0.016)  sep=-1.0  │  fm_e=-5.6  fm=off  │  ∇rw=1.61  ∇pol=2.45
[16:26:02] [ep01|s0090]  rw=-5.040  cd=-9.583  reg=4.543  │  e+=-4.03(±0.849)  e-=+5.31(±0.012)  sep=-1.0  │  fm_e=-4.3  fm=off  │  ∇rw=7.38  ∇pol=1.62
[16:26:33] ══════════ VAL ep01 ══════════  ρ=+0.0614 (p=0.4166) [FAIL ✗]  AUROC(E)=0.5040  ECE=0.7930  N=177 ◀ BEST
[16:26:35]   ckpt saved → ckpt_epoch0001.pt
[16:26:35] ──────────────────── Epoch 02/30 ────────────────────
[16:27:06] [ep02|s0100]  rw=-4.965  cd=-9.406  reg=4.441  │  e+=-4.45(±0.095)  e-=+4.95(±0.015)  sep=-1.0  │  fm_e=-4.5  fm=off  │  ∇rw=3.36  ∇pol=1.30
[16:28:06] [ep02|s0110]  rw=-4.894  cd=-8.841  reg=3.947  │  e+=-3.91(±0.476)  e-=+4.88(±0.023)  sep=-1.0  │  fm_e=-4.0  fm=off  │  ∇rw=5.78  ∇pol=1.18
[16:29:07] [ep02|s0120]  rw=-5.005  cd=-9.584  reg=4.579  │  e+=-4.97(±0.325)  e-=+4.57(±0.005)  sep=-1.0  │  fm_e=-5.0  fm=off  │  ∇rw=5.27  ∇pol=1.27
[16:30:08] [ep02|s0130]  rw=-4.998  cd=-10.088  reg=5.090  │  e+=-5.09(±0.136)  e-=+5.00(±0.004)  sep=-1.0  │  fm_e=-5.1  fm=off  │  ∇rw=1.31  ∇pol=1.01
[16:31:09] [ep02|s0140]  rw=-5.039  cd=-10.455  reg=5.416  │  e+=-5.18(±0.429)  e-=+5.20(±0.006)  sep=-1.0  │  fm_e=-6.0  fm=off  │  ∇rw=2.70  ∇pol=5.51
[16:32:09] [ep02|s0150]  rw=-4.942  cd=-11.467  reg=6.525  │  e+=-6.34(±0.349)  e-=+5.00(±0.014)  sep=-1.0  │  fm_e=-7.2  fm=off  │  ∇rw=7.53  ∇pol=1.27
[16:33:10] [ep02|s0160]  rw=-5.214  cd=-9.725  reg=4.510  │  e+=-4.55(±0.766)  e-=+4.84(±0.006)  sep=-1.0  │  fm_e=-6.7  fm=off  │  ∇rw=6.66  ∇pol=0.87
[16:34:11] [ep02|s0170]  rw=-4.925  cd=-10.653  reg=5.728  │  e+=-5.55(±0.306)  e-=+5.13(±0.022)  sep=-1.0  │  fm_e=-6.4  fm=off  │  ∇rw=4.46  ∇pol=2.26
[16:35:12] [ep02|s0180]  rw=-4.698  cd=-9.019  reg=4.321  │  e+=-4.49(±0.958)  e-=+4.70(±0.007)  sep=-1.0  │  fm_e=-5.1  fm=off  │  ∇rw=3.81  ∇pol=0.95
[16:36:12] [ep02|s0190]  rw=+0.279  cd=-3.881  reg=4.160  │  e+=-1.38(±4.222)  e-=+4.53(±0.005)  sep=-0.3  │  fm_e=-5.2  fm=off  │  ∇rw=178.20  ∇pol=8.15
[16:36:13] ══════════ VAL ep02 ══════════  ρ=+0.1137 (p=0.1318) [FAIL ✗]  AUROC(E)=0.4945  ECE=0.6959  N=177 ◀ BEST
[16:36:16]   ckpt saved → ckpt_epoch0002.pt
[16:36:16] ──────────────────── Epoch 03/30 ────────────────────
[16:37:17] [ep03|s0200]  rw=-4.924  cd=-10.267  reg=5.342  │  e+=-5.36(±0.336)  e-=+4.95(±0.026)  sep=0.9  │  fm_e=-5.1  fm=off  │  ∇rw=4.17  ∇pol=1.20
[16:38:18] [ep03|s0210]  rw=-4.947  cd=-9.620  reg=4.673  │  e+=-4.64(±0.178)  e-=+5.02(±0.007)  sep=0.7  │  fm_e=-4.6  fm=off  │  ∇rw=2.72  ∇pol=0.71
[16:39:13] [ep03|s0220]  rw=-4.795  cd=-9.612  reg=4.817  │  e+=-5.23(±0.472)  e-=+4.40(±0.026)  sep=35.2  │  fm_e=+4.4  fm=ON  fb=100%  │  ∇rw=48.40  ∇pol=1.06
[16:39:54] [ep03|s0230]  rw=-4.851  cd=-9.667  reg=4.815  │  e+=-4.89(±0.966)  e-=+4.72(±0.004)  sep=58.5  │  fm_e=+4.7  fm=ON  fb=100%  │  ∇rw=38.52  ∇pol=1.06
[16:40:33] [ep03|s0240]  rw=-4.974  cd=-9.841  reg=4.867  │  e+=-5.24(±0.077)  e-=+4.59(±0.008)  sep=125.4  │  fm_e=+4.6  fm=ON  fb=100%  │  ∇rw=5.03  ∇pol=0.85
[16:41:14] [ep03|s0250]  rw=-4.742  cd=-8.433  reg=3.692  │  e+=-3.83(±0.668)  e-=+4.64(±0.053)  sep=66.2  │  fm_e=+4.6  fm=ON  fb=100%  │  ∇rw=18.13  ∇pol=7.66
[16:41:55] [ep03|s0260]  rw=-4.995  cd=-9.961  reg=4.966  │  e+=-4.98(±0.273)  e-=+4.98(±0.014)  sep=51.8  │  fm_e=+5.0  fm=ON  fb=100%  │  ∇rw=1.73  ∇pol=1.06
[16:42:36] [ep03|s0270]  rw=-4.985  cd=-10.145  reg=5.160  │  e+=-4.97(±0.215)  e-=+5.17(±0.011)  sep=88.2  │  fm_e=+5.2  fm=ON  fb=100%  │  ∇rw=4.04  ∇pol=0.72
[16:43:17] [ep03|s0280]  rw=-4.981  cd=-9.896  reg=4.915  │  e+=-4.86(±0.617)  e-=+5.00(±0.014)  sep=48.4  │  fm_e=+5.0  fm=ON  fb=100%  │  ∇rw=2.51  ∇pol=1.94
[16:43:38] ══════════ VAL ep03 ══════════  ρ=-0.0464 (p=0.5394) [FAIL ✗]  AUROC(E)=0.4415  ECE=0.7988  N=177
[16:43:39]   ckpt saved → ckpt_epoch0003.pt
[16:43:39] ──────────────────── Epoch 04/30 ────────────────────
[16:44:00] [ep04|s0290]  rw=-4.989  cd=-9.628  reg=4.638  │  e+=-4.80(±0.175)  e-=+4.83(±0.015)  sep=69.4  │  fm_e=+4.8  fm=ON  fb=100%  │  ∇rw=3.68  ∇pol=0.67
[16:44:40] [ep04|s0300]  rw=-1.109  cd=-4.554  reg=3.445  │  e+=-3.88(±0.159)  e-=+0.71(±1.342)  sep=72.1  │  fm_e=+1.1  fm=ON  fb=100%  │  ∇rw=1079.66  ∇pol=1.00
[16:45:21] [ep04|s0310]  rw=-5.015  cd=-10.156  reg=5.141  │  e+=-5.13(±0.122)  e-=+5.01(±0.007)  sep=82.6  │  fm_e=+5.0  fm=ON  fb=100%  │  ∇rw=1.46  ∇pol=0.52
[16:46:02] [ep04|s0320]  rw=-4.975  cd=-9.869  reg=4.894  │  e+=-4.79(±0.070)  e-=+5.10(±0.013)  sep=107.2  │  fm_e=+5.1  fm=ON  fb=100%  │  ∇rw=1.99  ∇pol=2.12
[16:46:43] [ep04|s0330]  rw=-5.025  cd=-11.536  reg=6.511  │  e+=-6.31(±0.611)  e-=+4.99(±0.015)  sep=50.1  │  fm_e=+5.0  fm=ON  fb=100%  │  ∇rw=13.97  ∇pol=0.59
[16:47:24] [ep04|s0340]  rw=-4.963  cd=-9.545  reg=4.582  │  e+=-4.55(±0.310)  e-=+5.00(±0.014)  sep=59.9  │  fm_e=+5.0  fm=ON  fb=100%  │  ∇rw=4.56  ∇pol=0.68
[16:48:05] [ep04|s0350]  rw=-4.683  cd=-9.739  reg=5.056  │  e+=-4.91(±0.647)  e-=+5.10(±0.029)  sep=46.8  │  fm_e=+5.1  fm=ON  fb=100%  │  ∇rw=5.59  ∇pol=1.00
[16:48:46] [ep04|s0360]  rw=-5.029  cd=-10.117  reg=5.088  │  e+=-5.09(±0.182)  e-=+4.98(±0.006)  sep=63.5  │  fm_e=+5.0  fm=ON  fb=100%  │  ∇rw=3.27  ∇pol=0.73
[16:49:27] [ep04|s0370]  rw=-4.968  cd=-9.647  reg=4.679  │  e+=-4.85(±0.126)  e-=+4.81(±0.010)  sep=89.5  │  fm_e=+4.8  fm=ON  fb=100%  │  ∇rw=2.90  ∇pol=1.10
[16:50:08] [ep04|s0380]  rw=-5.017  cd=-10.092  reg=5.075  │  e+=-5.03(±0.091)  e-=+5.04(±0.006)  sep=144.3  │  fm_e=+5.0  fm=ON  fb=100%  │  ∇rw=1.04  ∇pol=0.78
[16:50:08] ══════════ VAL ep04 ══════════  ρ=+0.0027 (p=0.9718) [FAIL ✗]  AUROC(E)=0.6286  ECE=0.7932  N=177
[16:50:09]   ckpt saved → ckpt_epoch0004.pt
[16:50:09] ──────────────────── Epoch 05/30 ────────────────────
[16:50:50] [ep05|s0390]  rw=-4.890  cd=-9.075  reg=4.185  │  e+=-4.30(±0.757)  e-=+4.77(±0.010)  sep=60.2  │  fm_e=+4.8  fm=ON  fb=100%  │  ∇rw=4.81  ∇pol=0.76
[16:51:31] [ep05|s0400]  rw=-4.977  cd=-9.545  reg=4.569  │  e+=-4.55(±0.644)  e-=+4.94(±0.012)  sep=41.4  │  fm_e=+4.9  fm=ON  fb=100%  │  ∇rw=8.04  ∇pol=0.52
[16:52:12] [ep05|s0410]  rw=-4.817  cd=-10.612  reg=5.795  │  e+=-4.55(±2.162)  e-=+5.58(±0.004)  sep=30.8  │  fm_e=+5.6  fm=ON  fb=100%  │  ∇rw=127.80  ∇pol=1.01
[16:52:53] [ep05|s0420]  rw=-5.098  cd=-10.028  reg=4.930  │  e+=-4.71(±1.271)  e-=+5.00(±0.005)  sep=62.9  │  fm_e=+5.0  fm=ON  fb=100%  │  ∇rw=29.51  ∇pol=0.85
[16:53:34] [ep05|s0430]  rw=-4.913  cd=-10.009  reg=5.096  │  e+=-5.05(±0.236)  e-=+5.04(±0.069)  sep=80.9  │  fm_e=+5.0  fm=ON  fb=100%  │  ∇rw=9.46  ∇pol=0.98
[16:54:15] [ep05|s0440]  rw=-5.064  cd=-9.372  reg=4.308  │  e+=-4.26(±0.495)  e-=+4.96(±0.012)  sep=49.6  │  fm_e=+5.0  fm=ON  fb=100%  │  ∇rw=6.50  ∇pol=0.53
[16:54:56] [ep05|s0450]  rw=-5.010  cd=-9.917  reg=4.906  │  e+=-4.89(±0.265)  e-=+5.00(±0.013)  sep=55.3  │  fm_e=+5.0  fm=ON  fb=100%  │  ∇rw=1.50  ∇pol=0.68
[16:55:37] [ep05|s0460]  rw=-4.927  cd=-10.794  reg=5.866  │  e+=-5.93(±0.256)  e-=+4.84(±0.005)  sep=55.6  │  fm_e=+4.8  fm=ON  fb=100%  │  ∇rw=7.24  ∇pol=0.70
[16:56:18] [ep05|s0470]  rw=-4.924  cd=-9.542  reg=4.618  │  e+=-4.71(±0.518)  e-=+4.87(±0.013)  sep=49.1  │  fm_e=+4.9  fm=ON  fb=100%  │  ∇rw=3.32  ∇pol=0.94
[16:56:38] ══════════ VAL ep05 ══════════  ρ=-0.0875 (p=0.2468) [FAIL ✗]  AUROC(E)=0.4695  ECE=0.4796  N=177
[16:56:39]   ckpt saved → ckpt_epoch0005.pt
[16:56:39] ──────────────────── Epoch 06/30 ────────────────────
[16:57:00] [ep06|s0480]  rw=-4.703  cd=-9.093  reg=4.391  │  e+=-4.43(±0.754)  e-=+4.84(±0.084)  sep=32.6  │  fm_e=+4.9  fm=ON  fb=100%  │  ∇rw=10.39  ∇pol=0.74
[16:57:40] [ep06|s0490]  rw=-5.100  cd=-10.237  reg=5.136  │  e+=-4.71(±1.062)  e-=+5.23(±0.021)  sep=31.6  │  fm_e=+5.2  fm=ON  fb=100%  │  ∇rw=13.91  ∇pol=0.68
[16:58:21] [ep06|s0500]  rw=-4.973  cd=-10.500  reg=5.526  │  e+=-5.03(±0.141)  e-=+5.47(±0.007)  sep=68.6  │  fm_e=+5.5  fm=ON  fb=100%  │  ∇rw=4.72  ∇pol=0.47
[16:59:02] [ep06|s0510]  rw=-5.085  cd=-10.092  reg=5.008  │  e+=-4.92(±1.337)  e-=+4.90(±0.007)  sep=39.8  │  fm_e=+4.9  fm=ON  fb=100%  │  ∇rw=3.04  ∇pol=0.61
[16:59:42] [ep06|s0520]  rw=-4.965  cd=-9.473  reg=4.508  │  e+=-4.51(±0.595)  e-=+4.94(±0.015)  sep=53.3  │  fm_e=+4.9  fm=ON  fb=100%  │  ∇rw=4.68  ∇pol=0.45
[17:00:23] [ep06|s0530]  rw=-4.929  cd=-10.567  reg=5.638  │  e+=-5.65(±0.359)  e-=+4.93(±0.012)  sep=43.1  │  fm_e=+4.9  fm=ON  fb=100%  │  ∇rw=5.87  ∇pol=0.84
[17:01:04] [ep06|s0540]  rw=-5.027  cd=-10.171  reg=5.144  │  e+=-5.13(±0.253)  e-=+5.01(±0.016)  sep=84.0  │  fm_e=+5.0  fm=ON  fb=100%  │  ∇rw=1.65  ∇pol=1.25
[17:01:44] [ep06|s0550]  rw=-4.940  cd=-11.546  reg=6.606  │  e+=-6.28(±0.262)  e-=+5.15(±0.019)  sep=84.0  │  fm_e=+5.2  fm=ON  fb=100%  │  ∇rw=14.45  ∇pol=0.91
[17:02:25] [ep06|s0560]  rw=-4.949  cd=-9.329  reg=4.381  │  e+=-4.45(±0.142)  e-=+4.89(±0.009)  sep=132.3  │  fm_e=+4.9  fm=ON  fb=100%  │  ∇rw=4.29  ∇pol=1.06
[17:03:06] [ep06|s0570]  rw=-4.963  cd=-9.845  reg=4.882  │  e+=-5.11(±0.312)  e-=+4.75(±0.014)  sep=120.6  │  fm_e=+4.7  fm=ON  fb=100%  │  ∇rw=4.13  ∇pol=0.93
[17:03:06] ══════════ VAL ep06 ══════════  ρ=+0.1407 (p=0.0617) [FAIL ✗]  AUROC(E)=0.5033  ECE=0.7976  N=177 ◀ BEST
[17:03:08]   ckpt saved → ckpt_epoch0006.pt
[17:03:08] ──────────────────── Epoch 07/30 ────────────────────
[17:03:48] [ep07|s0580]  rw=-2.761  cd=-4.224  reg=1.463  │  e+=-3.71(±0.382)  e-=+0.48(±0.014)  sep=25.4  │  fm_e=+0.5  fm=ON  fb=100%  │  ∇rw=72.66  ∇pol=0.84
[17:04:29] [ep07|s0590]  rw=-4.956  cd=-10.526  reg=5.570  │  e+=-5.10(±0.361)  e-=+5.43(±0.028)  sep=59.0  │  fm_e=+5.4  fm=ON  fb=100%  │  ∇rw=8.18  ∇pol=0.70
[17:05:09] [ep07|s0600]  rw=-4.990  cd=-10.584  reg=5.594  │  e+=-5.15(±0.204)  e-=+5.41(±0.027)  sep=51.8  │  fm_e=+5.4  fm=ON  fb=100%  │  ∇rw=5.98  ∇pol=1.33
[17:05:50] [ep07|s0610]  rw=-4.729  cd=-11.097  reg=6.368  │  e+=-6.00(±0.724)  e-=+5.21(±0.031)  sep=62.8  │  fm_e=+5.2  fm=ON  fb=100%  │  ∇rw=11.27  ∇pol=1.24
[17:06:31] [ep07|s0620]  rw=-5.014  cd=-9.994  reg=4.980  │  e+=-5.02(±0.070)  e-=+4.96(±0.030)  sep=84.3  │  fm_e=+5.0  fm=ON  fb=100%  │  ∇rw=2.35  ∇pol=0.76
[17:07:11] [ep07|s0630]  rw=-5.105  cd=-10.193  reg=5.088  │  e+=-5.04(±0.675)  e-=+5.00(±0.034)  sep=57.1  │  fm_e=+5.0  fm=ON  fb=100%  │  ∇rw=2.09  ∇pol=0.96
[17:07:52] [ep07|s0640]  rw=-4.985  cd=-9.786  reg=4.801  │  e+=-4.88(±0.176)  e-=+4.92(±0.038)  sep=90.6  │  fm_e=+4.9  fm=ON  fb=100%  │  ∇rw=1.87  ∇pol=0.75
[17:08:32] [ep07|s0650]  rw=+0.059  cd=-2.290  reg=2.350  │  e+=+0.36(±2.964)  e-=+1.96(±3.116)  sep=50.6  │  fm_e=+0.9  fm=ON  fb=0%  │  ∇rw=91.57  ∇pol=0.67
[17:09:12] [ep07|s0660]  rw=-5.014  cd=-10.184  reg=5.170  │  e+=-5.20(±0.469)  e-=+4.94(±0.015)  sep=65.9  │  fm_e=+4.9  fm=ON  fb=100%  │  ∇rw=3.74  ∇pol=0.82
[17:09:33] ══════════ VAL ep07 ══════════  ρ=+0.0653 (p=0.3882) [FAIL ✗]  AUROC(E)=0.5511  ECE=0.7890  N=177
[17:09:34]   ckpt saved → ckpt_epoch0007.pt
[17:09:34] ──────────────────── Epoch 08/30 ────────────────────
[17:09:54] [ep08|s0670]  rw=-4.983  cd=-10.450  reg=5.467  │  e+=-5.24(±0.163)  e-=+5.20(±0.019)  sep=61.9  │  fm_e=+5.2  fm=ON  fb=100%  │  ∇rw=5.75  ∇pol=1.48
[17:10:35] [ep08|s0680]  rw=-4.985  cd=-9.653  reg=4.668  │  e+=-4.68(±0.270)  e-=+4.96(±0.074)  sep=97.4  │  fm_e=+5.0  fm=ON  fb=100%  │  ∇rw=3.35  ∇pol=1.11
[17:11:16] [ep08|s0690]  rw=-5.066  cd=-9.930  reg=4.864  │  e+=-4.97(±0.405)  e-=+4.87(±0.009)  sep=68.4  │  fm_e=+4.9  fm=ON  fb=100%  │  ∇rw=4.16  ∇pol=0.65
[17:11:56] [ep08|s0700]  rw=-4.962  cd=-9.347  reg=4.385  │  e+=-4.59(±0.568)  e-=+4.74(±0.006)  sep=77.5  │  fm_e=+4.7  fm=ON  fb=100%  │  ∇rw=4.88  ∇pol=0.38
[17:12:37] [ep08|s0710]  rw=-5.293  cd=-11.037  reg=5.744  │  e+=-5.44(±0.914)  e-=+5.16(±0.008)  sep=36.7  │  fm_e=+5.2  fm=ON  fb=100%  │  ∇rw=7.73  ∇pol=1.10
[17:13:18] [ep08|s0720]  rw=-4.998  cd=-10.280  reg=5.282  │  e+=-4.72(±0.235)  e-=+5.52(±0.029)  sep=34.8  │  fm_e=+5.5  fm=ON  fb=100%  │  ∇rw=8.61  ∇pol=1.10
[17:13:59] [ep08|s0730]  rw=-4.954  cd=-10.364  reg=5.410  │  e+=-5.40(±0.220)  e-=+4.98(±0.008)  sep=63.8  │  fm_e=+5.0  fm=ON  fb=100%  │  ∇rw=3.64  ∇pol=0.55
[17:14:40] [ep08|s0740]  rw=-5.028  cd=-10.259  reg=5.231  │  e+=-5.21(±0.577)  e-=+4.98(±0.011)  sep=82.8  │  fm_e=+5.0  fm=ON  fb=100%  │  ∇rw=2.79  ∇pol=0.55
[17:15:21] [ep08|s0750]  rw=-4.993  cd=-9.721  reg=4.728  │  e+=-4.66(±0.265)  e-=+5.03(±0.027)  sep=66.0  │  fm_e=+5.0  fm=ON  fb=100%  │  ∇rw=5.26  ∇pol=0.56
[17:16:02] [ep08|s0760]  rw=-4.999  cd=-9.766  reg=4.768  │  e+=-4.65(±0.187)  e-=+5.10(±0.021)  sep=78.5  │  fm_e=+5.1  fm=ON  fb=100%  │  ∇rw=4.04  ∇pol=0.94
[17:16:02] ══════════ VAL ep08 ══════════  ρ=-0.0669 (p=0.3766) [FAIL ✗]  AUROC(E)=0.5587  ECE=0.7967  N=177
[17:16:03]   ckpt saved → ckpt_epoch0008.pt
[17:16:03] ──────────────────── Epoch 09/30 ────────────────────
[17:16:44] [ep09|s0770]  rw=-4.978  cd=-9.954  reg=4.976  │  e+=-4.99(±0.374)  e-=+4.97(±0.017)  sep=136.0  │  fm_e=+5.0  fm=ON  fb=100%  │  ∇rw=1.40  ∇pol=0.83
[17:17:25] [ep09|s0780]  rw=-5.214  cd=-10.397  reg=5.183  │  e+=-5.08(±0.681)  e-=+5.06(±0.009)  sep=75.5  │  fm_e=+5.1  fm=ON  fb=100%  │  ∇rw=3.23  ∇pol=0.88
[17:18:05] [ep09|s0790]  rw=-4.930  cd=-8.999  reg=4.069  │  e+=-3.90(±0.566)  e-=+5.02(±0.012)  sep=27.5  │  fm_e=+5.0  fm=ON  fb=100%  │  ∇rw=9.60  ∇pol=0.59
[17:18:46] [ep09|s0800]  rw=-4.942  cd=-9.813  reg=4.871  │  e+=-4.99(±0.264)  e-=+4.87(±0.018)  sep=56.2  │  fm_e=+4.9  fm=ON  fb=100%  │  ∇rw=2.83  ∇pol=0.89
[17:19:27] [ep09|s0810]  rw=-4.947  cd=-10.429  reg=5.482  │  e+=-5.57(±0.263)  e-=+4.88(±0.029)  sep=110.4  │  fm_e=+4.9  fm=ON  fb=100%  │  ∇rw=6.24  ∇pol=0.52
[17:20:07] [ep09|s0820]  rw=-4.641  cd=-9.547  reg=4.906  │  e+=-4.56(±1.156)  e-=+5.18(±0.009)  sep=50.1  │  fm_e=+5.2  fm=ON  fb=100%  │  ∇rw=7.93  ∇pol=2.75
[17:20:48] [ep09|s0830]  rw=-4.867  cd=-9.826  reg=4.959  │  e+=-4.88(±0.465)  e-=+5.05(±0.011)  sep=40.9  │  fm_e=+5.1  fm=ON  fb=100%  │  ∇rw=3.21  ∇pol=0.61
[17:21:29] [ep09|s0840]  rw=-4.542  cd=-9.235  reg=4.693  │  e+=-5.61(±0.115)  e-=+3.62(±0.133)  sep=113.7  │  fm_e=+3.6  fm=ON  fb=100%  │  ∇rw=184.47  ∇pol=2.19
[17:22:09] [ep09|s0850]  rw=-5.018  cd=-9.853  reg=4.835  │  e+=-4.81(±0.476)  e-=+5.00(±0.008)  sep=76.5  │  fm_e=+5.0  fm=ON  fb=100%  │  ∇rw=2.15  ∇pol=0.51
[17:22:30] ══════════ VAL ep09 ══════════  ρ=-0.0185 (p=0.8074) [FAIL ✗]  AUROC(E)=0.5617  ECE=0.7945  N=177
[17:22:31]   ckpt saved → ckpt_epoch0009.pt
[17:22:31] ──────────────────── Epoch 10/30 ────────────────────
[17:22:52] [ep10|s0860]  rw=-4.899  cd=-10.235  reg=5.337  │  e+=-5.57(±1.059)  e-=+4.60(±0.006)  sep=26.6  │  fm_e=+4.6  fm=ON  fb=100%  │  ∇rw=18.82  ∇pol=1.23
[17:23:33] [ep10|s0870]  rw=-5.012  cd=-9.840  reg=4.828  │  e+=-4.98(±0.300)  e-=+4.84(±0.012)  sep=60.1  │  fm_e=+4.8  fm=ON  fb=100%  │  ∇rw=2.14  ∇pol=0.78
[17:24:14] [ep10|s0880]  rw=-4.994  cd=-10.011  reg=5.017  │  e+=-5.02(±0.144)  e-=+5.00(±0.012)  sep=83.9  │  fm_e=+5.0  fm=ON  fb=100%  │  ∇rw=1.38  ∇pol=0.82
[17:24:54] [ep10|s0890]  rw=-4.043  cd=-8.085  reg=4.042  │  e+=-3.48(±1.736)  e-=+4.89(±0.006)  sep=115.5  │  fm_e=+4.9  fm=ON  fb=100%  │  ∇rw=81.22  ∇pol=0.51
[17:25:35] [ep10|s0900]  rw=-4.919  cd=-9.478  reg=4.559  │  e+=-4.46(±0.214)  e-=+5.06(±0.005)  sep=61.3  │  fm_e=+5.1  fm=ON  fb=100%  │  ∇rw=5.86  ∇pol=0.74
[17:26:16] [ep10|s0910]  rw=-4.967  cd=-10.035  reg=5.068  │  e+=-5.09(±0.242)  e-=+4.97(±0.007)  sep=49.3  │  fm_e=+5.0  fm=ON  fb=100%  │  ∇rw=1.81  ∇pol=0.45
[17:26:57] [ep10|s0920]  rw=-4.751  cd=-11.022  reg=6.270  │  e+=-5.12(±0.251)  e-=+5.93(±0.024)  sep=90.9  │  fm_e=+5.9  fm=ON  fb=100%  │  ∇rw=33.04  ∇pol=0.61
[17:27:38] [ep10|s0930]  rw=-4.530  cd=-9.215  reg=4.685  │  e+=-4.52(±0.357)  e-=+4.67(±0.603)  sep=53.4  │  fm_e=+4.4  fm=ON  fb=67%  │  ∇rw=54.83  ∇pol=0.76
[17:28:18] [ep10|s0940]  rw=-3.864  cd=-9.204  reg=5.340  │  e+=-4.21(±2.397)  e-=+5.14(±0.568)  sep=61.9  │  fm_e=+4.8  fm=ON  fb=67%  │  ∇rw=73.79  ∇pol=0.57
[17:28:59] [ep10|s0950]  rw=-4.992  cd=-10.167  reg=5.175  │  e+=-5.14(±0.091)  e-=+5.02(±0.010)  sep=141.8  │  fm_e=+5.0  fm=ON  fb=100%  │  ∇rw=5.02  ∇pol=0.52
[17:28:59] ══════════ VAL ep10 ══════════  ρ=-0.0763 (p=0.3126) [FAIL ✗]  AUROC(E)=0.4863  ECE=0.7967  N=177
[17:29:00]   ckpt saved → ckpt_epoch0010.pt
[17:29:00] ──────────────────── Epoch 11/30 ────────────────────
[17:29:41] [ep11|s0960]  rw=-4.818  cd=-9.197  reg=4.378  │  e+=-4.35(±0.658)  e-=+4.95(±0.008)  sep=69.1  │  fm_e=+4.9  fm=ON  fb=100%  │  ∇rw=5.33  ∇pol=0.51
[17:30:21] [ep11|s0970]  rw=-5.029  cd=-10.028  reg=4.998  │  e+=-4.89(±0.135)  e-=+5.10(±0.026)  sep=77.7  │  fm_e=+5.1  fm=ON  fb=100%  │  ∇rw=4.75  ∇pol=0.51
[17:31:02] [ep11|s0980]  rw=-4.939  cd=-10.109  reg=5.170  │  e+=-5.14(±0.328)  e-=+5.02(±0.005)  sep=99.6  │  fm_e=+5.0  fm=ON  fb=100%  │  ∇rw=3.09  ∇pol=4.07
[17:31:43] [ep11|s0990]  rw=+0.009  cd=-4.103  reg=4.112  │  e+=-4.83(±0.415)  e-=-0.70(±0.138)  sep=42.1  │  fm_e=-0.7  fm=ON  fb=100%  │  ∇rw=454.50  ∇pol=0.58
[17:32:23] [ep11|s1000]  rw=-4.989  cd=-10.651  reg=5.662  │  e+=-5.73(±0.205)  e-=+4.87(±0.010)  sep=78.4  │  fm_e=+4.9  fm=ON  fb=100%  │  ∇rw=7.39  ∇pol=0.69
[17:33:04] [ep11|s1010]  rw=-4.977  cd=-10.486  reg=5.509  │  e+=-5.51(±0.627)  e-=+4.93(±0.006)  sep=51.4  │  fm_e=+4.9  fm=ON  fb=100%  │  ∇rw=5.34  ∇pol=0.70
[17:33:45] [ep11|s1020]  rw=-5.064  cd=-9.758  reg=4.693  │  e+=-3.73(±2.174)  e-=+5.12(±0.008)  sep=122.5  │  fm_e=+5.1  fm=ON  fb=100%  │  ∇rw=23.91  ∇pol=2.13
[17:34:25] [ep11|s1030]  rw=-4.927  cd=-9.612  reg=4.685  │  e+=-4.67(±0.583)  e-=+4.97(±0.007)  sep=45.7  │  fm_e=+5.0  fm=ON  fb=100%  │  ∇rw=4.12  ∇pol=0.69
[17:35:06] [ep11|s1040]  rw=-4.929  cd=-10.113  reg=5.184  │  e+=-5.29(±0.191)  e-=+4.81(±0.006)  sep=60.5  │  fm_e=+4.8  fm=ON  fb=100%  │  ∇rw=13.69  ∇pol=0.85
[17:35:27] ══════════ VAL ep11 ══════════  ρ=+0.0787 (p=0.2975) [FAIL ✗]  AUROC(E)=0.4289  ECE=0.7972  N=177
[17:35:29]   ckpt saved → ckpt_epoch0011.pt
[17:35:29] ──────────────────── Epoch 12/30 ────────────────────
[17:35:50] [ep12|s1050]  rw=-5.092  cd=-10.403  reg=5.312  │  e+=-4.79(±0.470)  e-=+5.46(±0.022)  sep=56.4  │  fm_e=+5.5  fm=ON  fb=100%  │  ∇rw=7.43  ∇pol=0.46
[17:36:30] [ep12|s1060]  rw=-4.947  cd=-9.523  reg=4.576  │  e+=-4.55(±0.081)  e-=+5.01(±0.021)  sep=116.2  │  fm_e=+5.0  fm=ON  fb=100%  │  ∇rw=3.02  ∇pol=0.55
[17:37:11] [ep12|s1070]  rw=-5.110  cd=-10.186  reg=5.076  │  e+=-4.76(±0.514)  e-=+5.27(±0.014)  sep=65.3  │  fm_e=+5.3  fm=ON  fb=100%  │  ∇rw=5.23  ∇pol=0.43
[17:37:52] [ep12|s1080]  rw=-4.847  cd=-9.053  reg=4.205  │  e+=-4.05(±0.184)  e-=+5.06(±0.009)  sep=73.4  │  fm_e=+5.1  fm=ON  fb=100%  │  ∇rw=11.46  ∇pol=0.69
[17:38:33] [ep12|s1090]  rw=-4.740  cd=-9.157  reg=4.418  │  e+=-4.12(±0.898)  e-=+5.13(±0.024)  sep=31.7  │  fm_e=+5.1  fm=ON  fb=100%  │  ∇rw=13.98  ∇pol=0.61
[17:39:14] [ep12|s1100]  rw=-4.989  cd=-9.825  reg=4.836  │  e+=-4.79(±0.331)  e-=+5.03(±0.008)  sep=98.9  │  fm_e=+5.0  fm=ON  fb=100%  │  ∇rw=2.74  ∇pol=0.46
[17:39:55] [ep12|s1110]  rw=-5.011  cd=-10.153  reg=5.141  │  e+=-5.14(±0.128)  e-=+5.00(±0.008)  sep=102.3  │  fm_e=+5.0  fm=ON  fb=100%  │  ∇rw=1.77  ∇pol=1.45
[17:40:36] [ep12|s1120]  rw=-4.992  cd=-9.921  reg=4.929  │  e+=-4.93(±0.325)  e-=+4.99(±0.016)  sep=78.5  │  fm_e=+5.0  fm=ON  fb=100%  │  ∇rw=1.44  ∇pol=0.80
[17:41:17] [ep12|s1130]  rw=-4.845  cd=-9.844  reg=4.999  │  e+=-4.93(±0.816)  e-=+4.99(±0.032)  sep=28.9  │  fm_e=+5.0  fm=ON  fb=100%  │  ∇rw=5.33  ∇pol=0.78
[17:41:58] [ep12|s1140]  rw=-5.037  cd=-10.034  reg=4.998  │  e+=-4.89(±0.278)  e-=+5.10(±0.024)  sep=56.4  │  fm_e=+5.1  fm=ON  fb=100%  │  ∇rw=2.18  ∇pol=0.43
[17:41:58] ══════════ VAL ep12 ══════════  ρ=+0.1555 (p=0.0388) [PASS ✓]  AUROC(E)=0.5931  ECE=0.7955  N=177 ◀ BEST
[17:42:03]   ckpt saved → ckpt_epoch0012.pt
[17:42:03] ──────────────────── Epoch 13/30 ────────────────────
[17:42:44] [ep13|s1150]  rw=-5.047  cd=-10.259  reg=5.212  │  e+=-5.04(±0.217)  e-=+5.16(±0.052)  sep=72.8  │  fm_e=+5.2  fm=ON  fb=100%  │  ∇rw=4.46  ∇pol=24.50
[17:43:25] [ep13|s1160]  rw=-4.972  cd=-9.890  reg=4.918  │  e+=-4.93(±0.102)  e-=+4.98(±0.024)  sep=80.3  │  fm_e=+5.0  fm=ON  fb=100%  │  ∇rw=2.99  ∇pol=0.66
[17:44:06] [ep13|s1170]  rw=-5.004  cd=-10.136  reg=5.131  │  e+=-5.09(±0.257)  e-=+5.03(±0.022)  sep=80.7  │  fm_e=+5.0  fm=ON  fb=100%  │  ∇rw=1.77  ∇pol=0.64
[17:44:47] [ep13|s1180]  rw=-4.820  cd=-11.396  reg=6.576  │  e+=-6.15(±0.586)  e-=+5.25(±0.023)  sep=34.4  │  fm_e=+5.3  fm=ON  fb=100%  │  ∇rw=11.40  ∇pol=0.59
[17:45:27] [ep13|s1190]  rw=-5.062  cd=-9.753  reg=4.691  │  e+=-4.43(±1.112)  e-=+5.10(±0.041)  sep=25.7  │  fm_e=+5.1  fm=ON  fb=100%  │  ∇rw=6.58  ∇pol=0.77
[17:46:08] [ep13|s1200]  rw=-4.978  cd=-9.574  reg=4.596  │  e+=-4.61(±0.432)  e-=+4.95(±0.014)  sep=38.2  │  fm_e=+4.9  fm=ON  fb=100%  │  ∇rw=3.83  ∇pol=2.98
[17:46:49] [ep13|s1210]  rw=-4.951  cd=-10.363  reg=5.413  │  e+=-5.00(±0.296)  e-=+5.38(±0.021)  sep=113.5  │  fm_e=+5.4  fm=ON  fb=100%  │  ∇rw=7.41  ∇pol=1.12
[17:47:30] [ep13|s1220]  rw=-5.005  cd=-9.247  reg=4.242  │  e+=-4.16(±0.667)  e-=+4.97(±0.028)  sep=53.7  │  fm_e=+5.0  fm=ON  fb=100%  │  ∇rw=5.84  ∇pol=0.52
[17:48:11] [ep13|s1230]  rw=-5.005  cd=-10.644  reg=5.639  │  e+=-5.69(±0.242)  e-=+4.89(±0.014)  sep=76.3  │  fm_e=+4.9  fm=ON  fb=100%  │  ∇rw=6.44  ∇pol=0.99
[17:48:32] ══════════ VAL ep13 ══════════  ρ=+0.0715 (p=0.3440) [FAIL ✗]  AUROC(E)=0.6223  ECE=0.7875  N=177
[17:48:33]   ckpt saved → ckpt_epoch0013.pt
[17:48:33] ──────────────────── Epoch 14/30 ────────────────────
[17:48:53] [ep14|s1240]  rw=-5.014  cd=-10.381  reg=5.368  │  e+=-5.37(±0.907)  e-=+4.89(±0.013)  sep=27.8  │  fm_e=+4.9  fm=ON  fb=100%  │  ∇rw=4.62  ∇pol=0.79
[17:49:34] [ep14|s1250]  rw=-5.006  cd=-9.873  reg=4.867  │  e+=-4.94(±0.461)  e-=+4.89(±0.064)  sep=90.1  │  fm_e=+4.9  fm=ON  fb=100%  │  ∇rw=6.49  ∇pol=0.54
[17:50:15] [ep14|s1260]  rw=-5.074  cd=-9.911  reg=4.838  │  e+=-4.89(±0.591)  e-=+4.90(±0.015)  sep=41.1  │  fm_e=+4.9  fm=ON  fb=100%  │  ∇rw=3.95  ∇pol=0.71
[17:50:56] [ep14|s1270]  rw=-4.942  cd=-10.147  reg=5.205  │  e+=-5.44(±0.309)  e-=+4.73(±0.026)  sep=40.7  │  fm_e=+4.7  fm=ON  fb=100%  │  ∇rw=6.43  ∇pol=0.37
[17:51:37] [ep14|s1280]  rw=-5.029  cd=-9.595  reg=4.566  │  e+=-4.66(±0.345)  e-=+4.88(±0.028)  sep=46.1  │  fm_e=+4.9  fm=ON  fb=100%  │  ∇rw=4.57  ∇pol=0.72
[17:52:17] [ep14|s1290]  rw=-4.851  cd=-8.731  reg=3.880  │  e+=-3.85(±0.225)  e-=+4.89(±0.027)  sep=57.9  │  fm_e=+4.9  fm=ON  fb=100%  │  ∇rw=8.54  ∇pol=0.88
[17:52:58] [ep14|s1300]  rw=-4.614  cd=-10.457  reg=5.843  │  e+=-5.37(±1.131)  e-=+5.30(±0.017)  sep=32.5  │  fm_e=+5.3  fm=ON  fb=100%  │  ∇rw=15.62  ∇pol=0.75
[17:53:39] [ep14|s1310]  rw=-4.928  cd=-10.518  reg=5.590  │  e+=-5.40(±0.662)  e-=+5.13(±0.020)  sep=33.5  │  fm_e=+5.1  fm=ON  fb=100%  │  ∇rw=5.11  ∇pol=0.56
[17:54:20] [ep14|s1320]  rw=-5.091  cd=-10.019  reg=4.928  │  e+=-4.94(±0.325)  e-=+4.97(±0.009)  sep=82.4  │  fm_e=+5.0  fm=ON  fb=100%  │  ∇rw=3.45  ∇pol=0.61
[17:55:00] [ep14|s1330]  rw=-4.821  cd=-9.289  reg=4.469  │  e+=-4.85(±0.948)  e-=+4.23(±1.086)  sep=47.4  │  fm_e=+3.7  fm=ON  fb=0%  │  ∇rw=95.97  ∇pol=3.29
[17:55:01] ══════════ VAL ep14 ══════════  ρ=+0.0842 (p=0.2653) [FAIL ✗]  AUROC(E)=0.5271  ECE=0.6153  N=177
[17:55:02]   ckpt saved → ckpt_epoch0014.pt
[17:55:02] ──────────────────── Epoch 15/30 ────────────────────
[17:55:43] [ep15|s1340]  rw=-3.419  cd=-6.795  reg=3.376  │  e+=-4.29(±0.244)  e-=+2.54(±0.678)  sep=53.0  │  fm_e=+2.8  fm=ON  fb=100%  │  ∇rw=386.70  ∇pol=0.98
[17:56:24] [ep15|s1350]  rw=-4.979  cd=-9.626  reg=4.648  │  e+=-4.58(±0.376)  e-=+5.04(±0.021)  sep=63.6  │  fm_e=+5.0  fm=ON  fb=100%  │  ∇rw=4.71  ∇pol=2.96
[17:57:05] [ep15|s1360]  rw=-4.962  cd=-9.563  reg=4.601  │  e+=-4.52(±0.209)  e-=+5.05(±0.012)  sep=71.6  │  fm_e=+5.1  fm=ON  fb=100%  │  ∇rw=5.88  ∇pol=0.93
[17:57:45] [ep15|s1370]  rw=-4.937  cd=-9.628  reg=4.691  │  e+=-4.22(±1.001)  e-=+5.14(±0.017)  sep=95.3  │  fm_e=+5.1  fm=ON  fb=100%  │  ∇rw=20.17  ∇pol=2.48
[17:58:26] [ep15|s1380]  rw=-5.137  cd=-9.566  reg=4.430  │  e+=-4.36(±0.586)  e-=+4.98(±0.047)  sep=58.5  │  fm_e=+5.0  fm=ON  fb=100%  │  ∇rw=9.60  ∇pol=0.55
[17:59:07] [ep15|s1390]  rw=-4.770  cd=-9.534  reg=4.765  │  e+=-4.78(±0.780)  e-=+4.91(±0.039)  sep=61.8  │  fm_e=+4.9  fm=ON  fb=100%  │  ∇rw=6.39  ∇pol=0.62
[17:59:48] [ep15|s1400]  rw=-5.179  cd=-9.852  reg=4.674  │  e+=-4.55(±1.292)  e-=+4.91(±0.054)  sep=20.5  │  fm_e=+4.9  fm=ON  fb=100%  │  ∇rw=10.72  ∇pol=0.80
[18:00:29] [ep15|s1410]  rw=-4.880  cd=-9.461  reg=4.581  │  e+=-4.44(±0.498)  e-=+5.08(±0.049)  sep=43.4  │  fm_e=+5.1  fm=ON  fb=100%  │  ∇rw=4.50  ∇pol=1.11
[18:01:09] [ep15|s1420]  rw=-4.609  cd=-11.995  reg=7.386  │  e+=-6.90(±0.739)  e-=+5.06(±0.035)  sep=37.0  │  fm_e=+5.1  fm=ON  fb=100%  │  ∇rw=21.55  ∇pol=0.65
[18:01:30] ══════════ VAL ep15 ══════════  ρ=+0.1829 (p=0.0148) [PASS ✓]  AUROC(E)=0.6097  ECE=0.7936  N=177 ◀ BEST
[18:01:33]   ckpt saved → ckpt_epoch0015.pt
[18:01:33] ──────────────────── Epoch 16/30 ────────────────────
[18:01:54] [ep16|s1430]  rw=-5.608  cd=-10.176  reg=4.569  │  e+=-3.69(±2.575)  e-=+5.04(±0.032)  sep=37.1  │  fm_e=+5.0  fm=ON  fb=100%  │  ∇rw=12.12  ∇pol=1.92
[18:02:35] [ep16|s1440]  rw=-4.965  cd=-10.462  reg=5.497  │  e+=-5.42(±0.190)  e-=+5.06(±0.022)  sep=104.5  │  fm_e=+5.0  fm=ON  fb=100%  │  ∇rw=4.39  ∇pol=1.14
[18:03:16] [ep16|s1450]  rw=-5.019  cd=-9.948  reg=4.929  │  e+=-4.96(±0.288)  e-=+4.96(±0.035)  sep=106.9  │  fm_e=+5.0  fm=ON  fb=100%  │  ∇rw=1.22  ∇pol=0.98
[18:03:57] [ep16|s1460]  rw=-4.817  cd=-8.822  reg=4.005  │  e+=-3.95(±0.617)  e-=+4.90(±0.098)  sep=50.8  │  fm_e=+4.9  fm=ON  fb=100%  │  ∇rw=11.98  ∇pol=2.46
[18:04:38] [ep16|s1470]  rw=-4.984  cd=-10.114  reg=5.130  │  e+=-5.01(±0.262)  e-=+5.11(±0.029)  sep=62.5  │  fm_e=+5.1  fm=ON  fb=100%  │  ∇rw=2.12  ∇pol=0.34
[18:05:18] [ep16|s1480]  rw=-4.887  cd=-9.248  reg=4.361  │  e+=-4.37(±0.356)  e-=+4.94(±0.042)  sep=49.5  │  fm_e=+4.9  fm=ON  fb=100%  │  ∇rw=9.81  ∇pol=0.89
[18:05:59] [ep16|s1490]  rw=-4.991  cd=-10.235  reg=5.243  │  e+=-5.04(±0.285)  e-=+5.19(±0.033)  sep=71.4  │  fm_e=+5.2  fm=ON  fb=100%  │  ∇rw=3.65  ∇pol=0.48
[18:06:40] [ep16|s1500]  rw=-4.826  cd=-9.814  reg=4.988  │  e+=-5.02(±0.417)  e-=+4.95(±0.014)  sep=81.0  │  fm_e=+4.9  fm=ON  fb=100%  │  ∇rw=4.57  ∇pol=0.60
[18:07:21] [ep16|s1510]  rw=-4.957  cd=-9.812  reg=4.856  │  e+=-4.75(±0.711)  e-=+5.05(±0.012)  sep=31.2  │  fm_e=+5.1  fm=ON  fb=100%  │  ∇rw=2.67  ∇pol=0.52
[18:08:02] [ep16|s1520]  rw=-4.972  cd=-9.633  reg=4.661  │  e+=-4.55(±0.457)  e-=+5.06(±0.027)  sep=40.9  │  fm_e=+5.1  fm=ON  fb=100%  │  ∇rw=5.92  ∇pol=0.50
[18:08:03] ══════════ VAL ep16 ══════════  ρ=-0.0066 (p=0.9306) [FAIL ✗]  AUROC(E)=0.3940  ECE=0.7917  N=177
[18:08:04]   ckpt saved → ckpt_epoch0016.pt
[18:08:04] ──────────────────── Epoch 17/30 ────────────────────
[18:08:45] [ep17|s1530]  rw=-4.989  cd=-10.120  reg=5.131  │  e+=-5.13(±0.266)  e-=+4.99(±0.009)  sep=83.1  │  fm_e=+5.0  fm=ON  fb=100%  │  ∇rw=1.91  ∇pol=0.53
[18:09:26] [ep17|s1540]  rw=-4.864  cd=-9.987  reg=5.123  │  e+=-5.09(±0.276)  e-=+5.01(±0.040)  sep=83.0  │  fm_e=+5.0  fm=ON  fb=100%  │  ∇rw=4.59  ∇pol=1.26
[18:10:07] [ep17|s1550]  rw=-4.989  cd=-10.019  reg=5.031  │  e+=-5.05(±0.073)  e-=+4.97(±0.027)  sep=135.1  │  fm_e=+5.0  fm=ON  fb=100%  │  ∇rw=1.36  ∇pol=1.06
[18:10:48] [ep17|s1560]  rw=-4.908  cd=-9.753  reg=4.846  │  e+=-4.81(±0.432)  e-=+5.01(±0.021)  sep=85.2  │  fm_e=+5.0  fm=ON  fb=100%  │  ∇rw=1.49  ∇pol=0.68
[18:11:28] [ep17|s1570]  rw=-5.001  cd=-10.057  reg=5.055  │  e+=-5.05(±0.468)  e-=+4.98(±0.029)  sep=76.6  │  fm_e=+5.0  fm=ON  fb=100%  │  ∇rw=1.41  ∇pol=0.63
[18:12:09] [ep17|s1580]  rw=-4.998  cd=-9.866  reg=4.868  │  e+=-4.90(±0.122)  e-=+4.97(±0.010)  sep=130.6  │  fm_e=+5.0  fm=ON  fb=100%  │  ∇rw=2.03  ∇pol=0.52
[18:12:50] [ep17|s1590]  rw=-4.995  cd=-10.074  reg=5.080  │  e+=-5.07(±0.262)  e-=+5.00(±0.008)  sep=84.8  │  fm_e=+5.0  fm=ON  fb=100%  │  ∇rw=2.08  ∇pol=0.73
[18:13:31] [ep17|s1600]  rw=-4.476  cd=-8.821  reg=4.346  │  e+=-2.64(±3.981)  e-=+4.38(±0.019)  sep=44.7  │  fm_e=+4.4  fm=ON  fb=100%  │  ∇rw=43.09  ∇pol=103.78
[18:14:12] [ep17|s1610]  rw=-5.002  cd=-10.196  reg=5.194  │  e+=-5.16(±0.255)  e-=+5.02(±0.010)  sep=105.5  │  fm_e=+5.0  fm=ON  fb=100%  │  ∇rw=2.35  ∇pol=0.48
[18:14:33] ══════════ VAL ep17 ══════════  ρ=+0.0420 (p=0.5787) [FAIL ✗]  AUROC(E)=0.6348  ECE=0.7964  N=177
[18:14:34]   ckpt saved → ckpt_epoch0017.pt
[18:14:34] ──────────────────── Epoch 18/30 ────────────────────
[18:14:55] [ep18|s1620]  rw=-4.950  cd=-9.695  reg=4.745  │  e+=-4.80(±0.235)  e-=+4.93(±0.008)  sep=94.2  │  fm_e=+4.9  fm=ON  fb=100%  │  ∇rw=2.48  ∇pol=0.74
[18:15:35] [ep18|s1630]  rw=-4.909  cd=-9.884  reg=4.975  │  e+=-4.99(±0.306)  e-=+4.96(±0.030)  sep=44.7  │  fm_e=+5.0  fm=ON  fb=100%  │  ∇rw=4.20  ∇pol=1.04
[18:16:16] [ep18|s1640]  rw=-5.023  cd=-9.788  reg=4.766  │  e+=-4.79(±0.109)  e-=+4.97(±0.026)  sep=82.7  │  fm_e=+5.0  fm=ON  fb=100%  │  ∇rw=2.49  ∇pol=0.72
[18:16:57] [ep18|s1650]  rw=-5.038  cd=-9.997  reg=4.959  │  e+=-4.86(±0.248)  e-=+5.09(±0.013)  sep=69.4  │  fm_e=+5.1  fm=ON  fb=100%  │  ∇rw=3.53  ∇pol=0.48
[18:17:37] [ep18|s1660]  rw=-4.989  cd=-9.465  reg=4.476  │  e+=-4.53(±0.134)  e-=+4.92(±0.008)  sep=81.1  │  fm_e=+4.9  fm=ON  fb=100%  │  ∇rw=5.95  ∇pol=0.62
[18:18:18] [ep18|s1670]  rw=-4.101  cd=-8.838  reg=4.738  │  e+=-5.79(±0.048)  e-=+3.06(±0.270)  sep=77.6  │  fm_e=+3.0  fm=ON  fb=100%  │  ∇rw=255.16  ∇pol=0.73
[18:18:59] [ep18|s1680]  rw=-5.048  cd=-10.150  reg=5.103  │  e+=-5.02(±0.260)  e-=+5.07(±0.012)  sep=134.1  │  fm_e=+5.1  fm=ON  fb=100%  │  ∇rw=5.42  ∇pol=1.02
[18:19:39] [ep18|s1690]  rw=-4.957  cd=-9.662  reg=4.705  │  e+=-4.69(±0.245)  e-=+5.00(±0.024)  sep=169.6  │  fm_e=+5.0  fm=ON  fb=100%  │  ∇rw=2.84  ∇pol=0.37
[18:20:20] [ep18|s1700]  rw=-4.976  cd=-9.997  reg=5.022  │  e+=-4.92(±0.243)  e-=+5.09(±0.011)  sep=122.0  │  fm_e=+5.1  fm=ON  fb=100%  │  ∇rw=2.79  ∇pol=0.42
[18:21:01] [ep18|s1710]  rw=-2.678  cd=-7.811  reg=5.132  │  e+=-3.09(±4.062)  e-=+5.02(±0.010)  sep=69.7  │  fm_e=+5.0  fm=ON  fb=100%  │  ∇rw=34.54  ∇pol=0.67
[18:21:01] ══════════ VAL ep18 ══════════  ρ=+0.1575 (p=0.0362) [PASS ✓]  AUROC(E)=0.5576  ECE=0.7881  N=177
[18:21:03]   ckpt saved → ckpt_epoch0018.pt
[18:21:03] ──────────────────── Epoch 19/30 ────────────────────
[18:21:44] [ep19|s1720]  rw=-4.968  cd=-10.355  reg=5.387  │  e+=-5.36(±0.162)  e-=+5.01(±0.017)  sep=76.5  │  fm_e=+5.0  fm=ON  fb=100%  │  ∇rw=4.25  ∇pol=0.47
[18:22:25] [ep19|s1730]  rw=-4.975  cd=-10.149  reg=5.174  │  e+=-5.10(±0.457)  e-=+5.05(±0.018)  sep=60.8  │  fm_e=+5.1  fm=ON  fb=100%  │  ∇rw=4.67  ∇pol=0.51
[18:23:06] [ep19|s1740]  rw=-4.975  cd=-10.389  reg=5.415  │  e+=-5.37(±0.068)  e-=+5.03(±0.016)  sep=115.7  │  fm_e=+5.0  fm=ON  fb=100%  │  ∇rw=4.14  ∇pol=0.78
[18:23:47] [ep19|s1750]  rw=-4.764  cd=-10.521  reg=5.757  │  e+=-4.65(±0.562)  e-=+5.96(±0.012)  sep=38.8  │  fm_e=+6.0  fm=ON  fb=100%  │  ∇rw=19.99  ∇pol=1.26
[18:24:28] [ep19|s1760]  rw=-5.038  cd=-10.049  reg=5.011  │  e+=-4.91(±0.511)  e-=+5.06(±0.013)  sep=52.4  │  fm_e=+5.1  fm=ON  fb=100%  │  ∇rw=7.90  ∇pol=0.52
[18:25:09] [ep19|s1770]  rw=-4.994  cd=-9.853  reg=4.859  │  e+=-4.88(±0.098)  e-=+4.97(±0.034)  sep=98.8  │  fm_e=+5.0  fm=ON  fb=100%  │  ∇rw=1.84  ∇pol=0.49
[18:25:50] [ep19|s1780]  rw=-4.964  cd=-9.437  reg=4.474  │  e+=-4.43(±0.119)  e-=+5.01(±0.012)  sep=102.5  │  fm_e=+5.0  fm=ON  fb=100%  │  ∇rw=6.38  ∇pol=0.68
[18:26:31] [ep19|s1790]  rw=-4.980  cd=-10.055  reg=5.075  │  e+=-5.12(±0.241)  e-=+4.95(±0.024)  sep=111.8  │  fm_e=+4.9  fm=ON  fb=100%  │  ∇rw=2.58  ∇pol=0.60
[18:27:11] [ep19|s1800]  rw=-4.961  cd=-10.319  reg=5.358  │  e+=-5.40(±0.385)  e-=+4.93(±0.041)  sep=58.4  │  fm_e=+4.9  fm=ON  fb=100%  │  ∇rw=6.23  ∇pol=0.49
[18:27:32] ══════════ VAL ep19 ══════════  ρ=+0.1114 (p=0.1398) [FAIL ✗]  AUROC(E)=0.4682  ECE=0.7972  N=177
[18:27:33]   ckpt saved → ckpt_epoch0019.pt
[18:27:33] ──────────────────── Epoch 20/30 ────────────────────
[18:27:54] [ep20|s1810]  rw=-4.990  cd=-10.177  reg=5.187  │  e+=-5.18(±0.125)  e-=+5.00(±0.023)  sep=57.9  │  fm_e=+5.0  fm=ON  fb=100%  │  ∇rw=1.98  ∇pol=0.62
[18:28:35] [ep20|s1820]  rw=-4.935  cd=-9.630  reg=4.695  │  e+=-4.40(±0.461)  e-=+5.23(±0.026)  sep=52.9  │  fm_e=+5.2  fm=ON  fb=100%  │  ∇rw=7.69  ∇pol=0.75
[18:29:16] [ep20|s1830]  rw=-4.950  cd=-10.205  reg=5.255  │  e+=-5.12(±0.333)  e-=+5.12(±0.017)  sep=71.8  │  fm_e=+5.1  fm=ON  fb=100%  │  ∇rw=2.56  ∇pol=0.76
[18:29:57] [ep20|s1840]  rw=-4.955  cd=-9.842  reg=4.887  │  e+=-4.86(±0.217)  e-=+5.02(±0.065)  sep=117.0  │  fm_e=+5.0  fm=ON  fb=100%  │  ∇rw=2.91  ∇pol=0.73
[18:30:38] [ep20|s1850]  rw=-4.934  cd=-9.945  reg=5.011  │  e+=-4.94(±0.421)  e-=+5.05(±0.026)  sep=79.5  │  fm_e=+5.1  fm=ON  fb=100%  │  ∇rw=3.39  ∇pol=0.78
[18:31:18] [ep20|s1860]  rw=-4.967  cd=-9.898  reg=4.931  │  e+=-4.92(±0.239)  e-=+5.00(±0.022)  sep=70.7  │  fm_e=+5.0  fm=ON  fb=100%  │  ∇rw=0.96  ∇pol=0.58
[18:31:59] [ep20|s1870]  rw=-4.952  cd=-10.749  reg=5.797  │  e+=-5.65(±0.261)  e-=+5.10(±0.011)  sep=69.8  │  fm_e=+5.1  fm=ON  fb=100%  │  ∇rw=7.08  ∇pol=0.45
[18:32:40] [ep20|s1880]  rw=-4.993  cd=-10.070  reg=5.077  │  e+=-5.02(±0.724)  e-=+5.01(±0.015)  sep=47.2  │  fm_e=+5.0  fm=ON  fb=100%  │  ∇rw=2.46  ∇pol=0.60
[18:33:21] [ep20|s1890]  rw=-4.911  cd=-10.286  reg=5.375  │  e+=-4.77(±0.112)  e-=+5.54(±0.014)  sep=82.0  │  fm_e=+5.5  fm=ON  fb=100%  │  ∇rw=13.61  ∇pol=0.51
[18:34:02] [ep20|s1900]  rw=-4.868  cd=-10.039  reg=5.170  │  e+=-5.15(±0.262)  e-=+5.01(±0.033)  sep=67.4  │  fm_e=+5.0  fm=ON  fb=100%  │  ∇rw=4.69  ∇pol=0.52
[18:34:03] ══════════ VAL ep20 ══════════  ρ=+0.0567 (p=0.4533) [FAIL ✗]  AUROC(E)=0.5932  ECE=0.7970  N=177
[18:34:04]   ckpt saved → ckpt_epoch0020.pt
[18:34:04] ──────────────────── Epoch 21/30 ────────────────────
[18:34:45] [ep21|s1910]  rw=-5.037  cd=-9.900  reg=4.863  │  e+=-4.80(±0.182)  e-=+5.05(±0.031)  sep=68.2  │  fm_e=+5.0  fm=ON  fb=100%  │  ∇rw=4.70  ∇pol=0.31
[18:35:26] [ep21|s1920]  rw=-4.760  cd=-9.960  reg=5.200  │  e+=-4.95(±0.735)  e-=+5.19(±0.034)  sep=74.0  │  fm_e=+5.2  fm=ON  fb=100%  │  ∇rw=11.32  ∇pol=0.51
[18:36:07] [ep21|s1930]  rw=-4.944  cd=-10.482  reg=5.538  │  e+=-5.39(±0.438)  e-=+5.11(±0.021)  sep=53.3  │  fm_e=+5.1  fm=ON  fb=100%  │  ∇rw=5.16  ∇pol=0.47
[18:36:48] [ep21|s1940]  rw=-4.980  cd=-9.601  reg=4.621  │  e+=-4.62(±0.191)  e-=+4.98(±0.016)  sep=55.3  │  fm_e=+5.0  fm=ON  fb=100%  │  ∇rw=3.99  ∇pol=0.60
[18:37:28] [ep21|s1950]  rw=-4.877  cd=-10.237  reg=5.360  │  e+=-5.21(±0.487)  e-=+5.12(±0.051)  sep=70.1  │  fm_e=+5.1  fm=ON  fb=100%  │  ∇rw=4.72  ∇pol=0.63
[18:38:09] [ep21|s1960]  rw=-5.038  cd=-9.903  reg=4.865  │  e+=-4.83(±0.285)  e-=+5.03(±0.038)  sep=104.6  │  fm_e=+5.0  fm=ON  fb=100%  │  ∇rw=2.56  ∇pol=0.49
[18:38:50] [ep21|s1970]  rw=-4.938  cd=-10.019  reg=5.081  │  e+=-5.03(±0.405)  e-=+5.02(±0.031)  sep=41.1  │  fm_e=+5.0  fm=ON  fb=100%  │  ∇rw=8.33  ∇pol=0.41
[18:39:31] [ep21|s1980]  rw=-4.774  cd=-10.362  reg=5.589  │  e+=-5.43(±0.598)  e-=+5.10(±0.032)  sep=38.2  │  fm_e=+5.1  fm=ON  fb=100%  │  ∇rw=7.17  ∇pol=0.46
[18:40:12] [ep21|s1990]  rw=-4.993  cd=-9.748  reg=4.754  │  e+=-4.73(±0.302)  e-=+5.01(±0.025)  sep=48.0  │  fm_e=+5.0  fm=ON  fb=100%  │  ∇rw=3.25  ∇pol=0.64
[18:40:33] ══════════ VAL ep21 ══════════  ρ=+0.1594 (p=0.0341) [PASS ✓]  AUROC(E)=0.5084  ECE=0.7947  N=177
[18:40:35]   ckpt saved → ckpt_epoch0021.pt
[18:40:35] ──────────────────── Epoch 22/30 ────────────────────
[18:40:55] [ep22|s2000]  rw=-4.981  cd=-9.587  reg=4.606  │  e+=-4.55(±0.230)  e-=+5.02(±0.031)  sep=58.8  │  fm_e=+5.0  fm=ON  fb=100%  │  ∇rw=5.47  ∇pol=0.49
[18:41:36] [ep22|s2010]  rw=-4.980  cd=-9.439  reg=4.459  │  e+=-4.39(±0.412)  e-=+5.02(±0.032)  sep=49.0  │  fm_e=+5.0  fm=ON  fb=100%  │  ∇rw=6.18  ∇pol=0.46
[18:42:17] [ep22|s2020]  rw=-4.959  cd=-9.445  reg=4.486  │  e+=-4.52(±0.237)  e-=+4.94(±0.024)  sep=49.8  │  fm_e=+4.9  fm=ON  fb=100%  │  ∇rw=4.76  ∇pol=0.57
[18:42:58] [ep22|s2030]  rw=-4.988  cd=-9.986  reg=4.998  │  e+=-4.85(±0.378)  e-=+5.13(±0.013)  sep=56.0  │  fm_e=+5.1  fm=ON  fb=100%  │  ∇rw=2.59  ∇pol=0.56
[18:43:39] [ep22|s2040]  rw=-5.166  cd=-10.191  reg=5.025  │  e+=-5.05(±0.678)  e-=+4.93(±0.050)  sep=48.6  │  fm_e=+4.9  fm=ON  fb=100%  │  ∇rw=2.40  ∇pol=0.88
[18:44:20] [ep22|s2050]  rw=-4.987  cd=-10.125  reg=5.137  │  e+=-5.25(±0.335)  e-=+4.86(±0.036)  sep=49.8  │  fm_e=+4.9  fm=ON  fb=100%  │  ∇rw=4.13  ∇pol=0.78
[18:45:01] [ep22|s2060]  rw=-4.969  cd=-10.032  reg=5.063  │  e+=-5.13(±0.488)  e-=+4.91(±0.061)  sep=70.7  │  fm_e=+4.9  fm=ON  fb=100%  │  ∇rw=2.83  ∇pol=0.56
[18:45:42] [ep22|s2070]  rw=-5.002  cd=-9.086  reg=4.085  │  e+=-4.03(±0.742)  e-=+4.90(±0.012)  sep=34.8  │  fm_e=+4.9  fm=ON  fb=100%  │  ∇rw=10.55  ∇pol=0.61
[18:46:23] [ep22|s2080]  rw=-4.847  cd=-8.992  reg=4.144  │  e+=-4.11(±0.303)  e-=+4.94(±0.068)  sep=42.1  │  fm_e=+4.9  fm=ON  fb=100%  │  ∇rw=10.80  ∇pol=0.55
[18:47:04] [ep22|s2090]  rw=-4.951  cd=-9.965  reg=5.014  │  e+=-5.05(±0.365)  e-=+4.95(±0.052)  sep=86.1  │  fm_e=+5.0  fm=ON  fb=100%  │  ∇rw=2.94  ∇pol=0.54
[18:47:04] ══════════ VAL ep22 ══════════  ρ=+0.1252 (p=0.0967) [FAIL ✗]  AUROC(E)=0.5223  ECE=0.7960  N=177
[18:47:05]   ckpt saved → ckpt_epoch0022.pt
[18:47:05] ──────────────────── Epoch 23/30 ────────────────────
[18:47:46] [ep23|s2100]  rw=-5.034  cd=-9.964  reg=4.930  │  e+=-4.87(±0.202)  e-=+5.05(±0.021)  sep=136.7  │  fm_e=+5.1  fm=ON  fb=100%  │  ∇rw=2.44  ∇pol=0.36
[18:48:27] [ep23|s2110]  rw=-4.882  cd=-10.152  reg=5.271  │  e+=-5.27(±0.297)  e-=+4.99(±0.032)  sep=94.0  │  fm_e=+5.0  fm=ON  fb=100%  │  ∇rw=3.62  ∇pol=0.53
[18:49:08] [ep23|s2120]  rw=-5.053  cd=-10.799  reg=5.746  │  e+=-5.53(±0.327)  e-=+5.17(±0.045)  sep=52.1  │  fm_e=+5.2  fm=ON  fb=100%  │  ∇rw=7.70  ∇pol=0.68
[18:49:49] [ep23|s2130]  rw=-4.749  cd=-10.994  reg=6.245  │  e+=-6.25(±0.784)  e-=+4.75(±0.044)  sep=43.8  │  fm_e=+4.7  fm=ON  fb=100%  │  ∇rw=20.47  ∇pol=0.48
[18:50:30] [ep23|s2140]  rw=-3.184  cd=-7.599  reg=4.415  │  e+=-3.04(±3.953)  e-=+4.39(±0.025)  sep=23.4  │  fm_e=+4.4  fm=ON  fb=100%  │  ∇rw=17.71  ∇pol=0.59
[18:51:11] [ep23|s2150]  rw=-5.118  cd=-10.146  reg=5.028  │  e+=-5.00(±0.470)  e-=+5.00(±0.026)  sep=60.9  │  fm_e=+5.0  fm=ON  fb=100%  │  ∇rw=5.06  ∇pol=5.66
[18:51:51] [ep23|s2160]  rw=-5.065  cd=-9.485  reg=4.420  │  e+=-4.32(±0.702)  e-=+5.00(±0.050)  sep=47.1  │  fm_e=+5.0  fm=ON  fb=100%  │  ∇rw=6.55  ∇pol=0.53
[18:52:32] [ep23|s2170]  rw=-5.075  cd=-9.917  reg=4.842  │  e+=-4.87(±0.458)  e-=+4.95(±0.023)  sep=38.1  │  fm_e=+4.9  fm=ON  fb=100%  │  ∇rw=4.68  ∇pol=0.77
[18:53:13] [ep23|s2180]  rw=-5.103  cd=-10.260  reg=5.158  │  e+=-5.17(±0.371)  e-=+4.97(±0.038)  sep=44.5  │  fm_e=+5.0  fm=ON  fb=100%  │  ∇rw=2.09  ∇pol=0.79
[18:53:34] ══════════ VAL ep23 ══════════  ρ=+0.2128 (p=0.0045) [PASS ✓]  AUROC(E)=0.5838  ECE=0.7945  N=177 ◀ BEST
[18:53:36]   ckpt saved → ckpt_epoch0023.pt
[18:53:36] ──────────────────── Epoch 24/30 ────────────────────
[18:53:56] [ep24|s2190]  rw=-5.167  cd=-10.378  reg=5.211  │  e+=-5.25(±0.682)  e-=+4.89(±0.076)  sep=43.9  │  fm_e=+4.9  fm=ON  fb=100%  │  ∇rw=7.56  ∇pol=0.83
[18:54:37] [ep24|s2200]  rw=-5.025  cd=-9.353  reg=4.327  │  e+=-4.22(±0.496)  e-=+5.02(±0.031)  sep=52.0  │  fm_e=+5.0  fm=ON  fb=100%  │  ∇rw=8.82  ∇pol=0.70
[18:55:18] [ep24|s2210]  rw=-4.912  cd=-9.831  reg=4.919  │  e+=-4.93(±0.485)  e-=+4.96(±0.051)  sep=45.9  │  fm_e=+5.0  fm=ON  fb=100%  │  ∇rw=3.71  ∇pol=0.78
[18:55:58] [ep24|s2220]  rw=-5.055  cd=-9.472  reg=4.417  │  e+=-4.40(±0.349)  e-=+4.97(±0.039)  sep=47.8  │  fm_e=+5.0  fm=ON  fb=100%  │  ∇rw=6.89  ∇pol=0.59
[18:56:39] [ep24|s2230]  rw=-4.936  cd=-9.215  reg=4.279  │  e+=-4.20(±0.220)  e-=+5.01(±0.037)  sep=48.9  │  fm_e=+5.0  fm=ON  fb=100%  │  ∇rw=6.65  ∇pol=14.81
[18:57:20] [ep24|s2240]  rw=-4.908  cd=-10.608  reg=5.700  │  e+=-5.43(±1.432)  e-=+5.05(±0.057)  sep=37.4  │  fm_e=+5.1  fm=ON  fb=100%  │  ∇rw=7.37  ∇pol=0.79
[18:58:00] [ep24|s2250]  rw=-4.990  cd=-9.666  reg=4.675  │  e+=-4.62(±0.310)  e-=+5.03(±0.031)  sep=59.9  │  fm_e=+5.0  fm=ON  fb=100%  │  ∇rw=3.90  ∇pol=0.51
[18:58:41] [ep24|s2260]  rw=-4.947  cd=-9.935  reg=4.987  │  e+=-5.11(±0.279)  e-=+4.87(±0.069)  sep=41.3  │  fm_e=+4.9  fm=ON  fb=100%  │  ∇rw=4.20  ∇pol=0.71
[18:59:22] [ep24|s2270]  rw=-5.041  cd=-9.614  reg=4.573  │  e+=-4.48(±0.456)  e-=+5.04(±0.066)  sep=43.6  │  fm_e=+5.0  fm=ON  fb=100%  │  ∇rw=5.52  ∇pol=1.58
[19:00:03] [ep24|s2280]  rw=-4.765  cd=-9.442  reg=4.677  │  e+=-3.96(±0.407)  e-=+5.56(±0.044)  sep=51.1  │  fm_e=+5.6  fm=ON  fb=100%  │  ∇rw=15.67  ∇pol=0.55
[19:00:03] ══════════ VAL ep24 ══════════  ρ=+0.1075 (p=0.1545) [FAIL ✗]  AUROC(E)=0.5403  ECE=0.7931  N=177
[19:00:04]   ckpt saved → ckpt_epoch0024.pt
[19:00:04] ──────────────────── Epoch 25/30 ────────────────────
[19:00:45] [ep25|s2290]  rw=-4.910  cd=-9.983  reg=5.073  │  e+=-5.07(±0.377)  e-=+4.99(±0.044)  sep=62.4  │  fm_e=+5.0  fm=ON  fb=100%  │  ∇rw=2.32  ∇pol=0.77
[19:01:25] [ep25|s2300]  rw=-4.998  cd=-9.856  reg=4.857  │  e+=-4.76(±0.250)  e-=+5.08(±0.033)  sep=69.7  │  fm_e=+5.1  fm=ON  fb=100%  │  ∇rw=2.98  ∇pol=0.36
[19:02:06] [ep25|s2310]  rw=-4.987  cd=-9.897  reg=4.910  │  e+=-4.84(±0.259)  e-=+5.06(±0.020)  sep=51.0  │  fm_e=+5.1  fm=ON  fb=100%  │  ∇rw=3.14  ∇pol=0.56
[19:02:47] [ep25|s2320]  rw=-4.975  cd=-10.052  reg=5.077  │  e+=-5.01(±0.553)  e-=+5.03(±0.025)  sep=37.4  │  fm_e=+5.0  fm=ON  fb=100%  │  ∇rw=2.32  ∇pol=0.41
[19:03:28] [ep25|s2330]  rw=-4.665  cd=-11.812  reg=7.147  │  e+=-6.71(±0.431)  e-=+5.10(±0.090)  sep=34.8  │  fm_e=+5.1  fm=ON  fb=100%  │  ∇rw=24.42  ∇pol=4.30
[19:04:09] [ep25|s2340]  rw=-5.021  cd=-10.083  reg=5.061  │  e+=-4.88(±0.354)  e-=+5.16(±0.022)  sep=58.7  │  fm_e=+5.1  fm=ON  fb=100%  │  ∇rw=5.88  ∇pol=0.55
[19:04:50] [ep25|s2350]  rw=-4.918  cd=-10.209  reg=5.291  │  e+=-5.30(±0.595)  e-=+4.94(±0.031)  sep=51.8  │  fm_e=+4.9  fm=ON  fb=100%  │  ∇rw=4.63  ∇pol=0.66
[19:05:30] [ep25|s2360]  rw=-4.790  cd=-9.870  reg=5.079  │  e+=-5.08(±0.817)  e-=+4.93(±0.070)  sep=36.3  │  fm_e=+4.9  fm=ON  fb=100%  │  ∇rw=3.92  ∇pol=1.20
[19:06:11] [ep25|s2370]  rw=-5.058  cd=-9.808  reg=4.750  │  e+=-4.67(±0.503)  e-=+5.04(±0.037)  sep=64.3  │  fm_e=+5.0  fm=ON  fb=100%  │  ∇rw=4.60  ∇pol=0.44
[19:06:32] ══════════ VAL ep25 ══════════  ρ=+0.1258 (p=0.0953) [FAIL ✗]  AUROC(E)=0.6103  ECE=0.7949  N=177
[19:06:33]   ckpt saved → ckpt_epoch0025.pt
[19:06:33] ──────────────────── Epoch 26/30 ────────────────────
[19:06:54] [ep26|s2380]  rw=-4.962  cd=-9.535  reg=4.572  │  e+=-4.46(±0.249)  e-=+5.08(±0.039)  sep=58.1  │  fm_e=+5.1  fm=ON  fb=100%  │  ∇rw=6.05  ∇pol=1.16
[19:07:35] [ep26|s2390]  rw=-5.045  cd=-10.346  reg=5.301  │  e+=-5.21(±0.963)  e-=+4.99(±0.064)  sep=41.4  │  fm_e=+5.0  fm=ON  fb=100%  │  ∇rw=3.64  ∇pol=0.96
[19:08:16] [ep26|s2400]  rw=-4.990  cd=-9.226  reg=4.235  │  e+=-4.18(±0.774)  e-=+4.93(±0.054)  sep=33.6  │  fm_e=+4.9  fm=ON  fb=100%  │  ∇rw=8.85  ∇pol=0.58
[19:08:57] [ep26|s2410]  rw=-4.946  cd=-10.259  reg=5.313  │  e+=-5.30(±0.422)  e-=+4.98(±0.041)  sep=52.5  │  fm_e=+5.0  fm=ON  fb=100%  │  ∇rw=4.27  ∇pol=0.53
[19:09:38] [ep26|s2420]  rw=-4.889  cd=-10.121  reg=5.232  │  e+=-5.25(±0.399)  e-=+4.96(±0.044)  sep=74.0  │  fm_e=+5.0  fm=ON  fb=100%  │  ∇rw=4.25  ∇pol=0.67
[19:10:18] [ep26|s2430]  rw=-5.109  cd=-9.689  reg=4.580  │  e+=-4.65(±0.578)  e-=+4.88(±0.016)  sep=36.0  │  fm_e=+4.9  fm=ON  fb=100%  │  ∇rw=6.34  ∇pol=0.68
[19:10:59] [ep26|s2440]  rw=-4.899  cd=-10.180  reg=5.281  │  e+=-5.25(±0.593)  e-=+4.99(±0.040)  sep=62.5  │  fm_e=+5.0  fm=ON  fb=100%  │  ∇rw=4.35  ∇pol=0.32
[19:11:40] [ep26|s2450]  rw=-5.064  cd=-10.040  reg=4.976  │  e+=-4.88(±0.588)  e-=+5.05(±0.037)  sep=35.9  │  fm_e=+5.0  fm=ON  fb=100%  │  ∇rw=2.79  ∇pol=0.72
[19:12:21] [ep26|s2460]  rw=-5.131  cd=-9.758  reg=4.627  │  e+=-4.54(±0.729)  e-=+5.01(±0.058)  sep=43.7  │  fm_e=+5.0  fm=ON  fb=100%  │  ∇rw=5.38  ∇pol=0.72
[19:13:02] [ep26|s2470]  rw=-4.923  cd=-10.537  reg=5.614  │  e+=-5.56(±0.364)  e-=+5.01(±0.026)  sep=38.1  │  fm_e=+5.0  fm=ON  fb=100%  │  ∇rw=7.62  ∇pol=0.50
[19:13:03] ══════════ VAL ep26 ══════════  ρ=+0.1440 (p=0.0558) [FAIL ✗]  AUROC(E)=0.5977  ECE=0.7956  N=177
[19:13:04]   ckpt saved → ckpt_epoch0026.pt
[19:13:04] ──────────────────── Epoch 27/30 ────────────────────
[19:13:45] [ep27|s2480]  rw=-5.202  cd=-10.578  reg=5.375  │  e+=-5.17(±0.650)  e-=+5.15(±0.037)  sep=35.6  │  fm_e=+5.2  fm=ON  fb=100%  │  ∇rw=4.17  ∇pol=0.66
[19:14:26] [ep27|s2490]  rw=-4.968  cd=-10.130  reg=5.162  │  e+=-5.22(±0.297)  e-=+4.93(±0.048)  sep=43.3  │  fm_e=+4.9  fm=ON  fb=100%  │  ∇rw=3.18  ∇pol=0.52
[19:15:07] [ep27|s2500]  rw=-4.921  cd=-9.728  reg=4.807  │  e+=-4.79(±0.580)  e-=+4.98(±0.029)  sep=47.6  │  fm_e=+5.0  fm=ON  fb=100%  │  ∇rw=2.14  ∇pol=0.55
[19:15:47] [ep27|s2510]  rw=-5.049  cd=-10.296  reg=5.247  │  e+=-5.11(±0.366)  e-=+5.11(±0.038)  sep=49.1  │  fm_e=+5.1  fm=ON  fb=100%  │  ∇rw=4.12  ∇pol=0.49
[19:16:28] [ep27|s2520]  rw=-4.946  cd=-10.041  reg=5.096  │  e+=-5.04(±0.525)  e-=+5.02(±0.063)  sep=38.9  │  fm_e=+5.0  fm=ON  fb=100%  │  ∇rw=7.28  ∇pol=0.41
[19:17:09] [ep27|s2530]  rw=-5.029  cd=-10.048  reg=5.019  │  e+=-5.00(±0.159)  e-=+5.01(±0.009)  sep=101.1  │  fm_e=+5.0  fm=ON  fb=100%  │  ∇rw=2.30  ∇pol=0.44
[19:17:50] [ep27|s2540]  rw=-4.933  cd=-9.720  reg=4.786  │  e+=-4.63(±0.141)  e-=+5.13(±0.068)  sep=69.9  │  fm_e=+5.1  fm=ON  fb=100%  │  ∇rw=6.02  ∇pol=0.43
[19:18:31] [ep27|s2550]  rw=-5.115  cd=-10.189  reg=5.073  │  e+=-5.03(±0.275)  e-=+5.04(±0.018)  sep=55.9  │  fm_e=+5.0  fm=ON  fb=100%  │  ∇rw=2.93  ∇pol=0.34
[19:19:12] [ep27|s2560]  rw=-4.632  cd=-9.237  reg=4.605  │  e+=-4.48(±0.998)  e-=+5.00(±0.028)  sep=46.1  │  fm_e=+5.0  fm=ON  fb=100%  │  ∇rw=5.43  ∇pol=0.43
[19:19:33] ══════════ VAL ep27 ══════════  ρ=+0.1804 (p=0.0163) [PASS ✓]  AUROC(E)=0.5735  ECE=0.7938  N=177
[19:19:34]   ckpt saved → ckpt_epoch0027.pt
[19:19:34] ──────────────────── Epoch 28/30 ────────────────────
[19:19:55] [ep28|s2570]  rw=-5.058  cd=-10.423  reg=5.365  │  e+=-5.41(±0.771)  e-=+4.87(±0.064)  sep=38.4  │  fm_e=+4.9  fm=ON  fb=100%  │  ∇rw=5.38  ∇pol=0.73
[19:20:36] [ep28|s2580]  rw=-5.111  cd=-10.598  reg=5.488  │  e+=-5.32(±1.212)  e-=+5.01(±0.060)  sep=32.5  │  fm_e=+5.0  fm=ON  fb=100%  │  ∇rw=4.09  ∇pol=0.34
[19:21:17] [ep28|s2590]  rw=-4.897  cd=-10.907  reg=6.011  │  e+=-6.02(±0.328)  e-=+4.87(±0.047)  sep=35.3  │  fm_e=+4.9  fm=ON  fb=100%  │  ∇rw=12.51  ∇pol=1.43
[19:21:57] [ep28|s2600]  rw=-5.088  cd=-10.072  reg=4.984  │  e+=-4.89(±0.357)  e-=+5.07(±0.046)  sep=40.6  │  fm_e=+5.1  fm=ON  fb=100%  │  ∇rw=6.28  ∇pol=0.49
[19:22:38] [ep28|s2610]  rw=-5.045  cd=-9.693  reg=4.647  │  e+=-4.56(±0.907)  e-=+4.98(±0.082)  sep=34.5  │  fm_e=+5.0  fm=ON  fb=100%  │  ∇rw=5.11  ∇pol=2.07
[19:23:19] [ep28|s2620]  rw=-4.895  cd=-10.406  reg=5.511  │  e+=-5.37(±0.713)  e-=+5.07(±0.089)  sep=31.0  │  fm_e=+5.0  fm=ON  fb=100%  │  ∇rw=6.91  ∇pol=1.89
[19:23:59] [ep28|s2630]  rw=-5.109  cd=-10.081  reg=4.972  │  e+=-4.94(±1.373)  e-=+4.84(±0.053)  sep=32.3  │  fm_e=+4.9  fm=ON  fb=100%  │  ∇rw=4.73  ∇pol=2.59
[19:24:40] [ep28|s2640]  rw=-4.971  cd=-10.452  reg=5.481  │  e+=-5.38(±0.436)  e-=+5.07(±0.059)  sep=55.7  │  fm_e=+5.1  fm=ON  fb=100%  │  ∇rw=5.66  ∇pol=0.89
[19:25:21] [ep28|s2650]  rw=-5.019  cd=-10.013  reg=4.994  │  e+=-4.83(±0.281)  e-=+5.15(±0.043)  sep=46.6  │  fm_e=+5.2  fm=ON  fb=100%  │  ∇rw=3.76  ∇pol=0.66
[19:26:01] [ep28|s2660]  rw=-4.955  cd=-10.252  reg=5.297  │  e+=-5.33(±0.400)  e-=+4.94(±0.099)  sep=33.7  │  fm_e=+4.9  fm=ON  fb=100%  │  ∇rw=6.35  ∇pol=0.63
[19:26:02] ══════════ VAL ep28 ══════════  ρ=+0.1535 (p=0.0413) [PASS ✓]  AUROC(E)=0.5586  ECE=0.7967  N=177
[19:26:03]   ckpt saved → ckpt_epoch0028.pt
[19:26:03] ──────────────────── Epoch 29/30 ────────────────────
[19:26:44] [ep29|s2670]  rw=-5.068  cd=-10.188  reg=5.119  │  e+=-4.72(±0.318)  e-=+5.37(±0.046)  sep=50.0  │  fm_e=+5.4  fm=ON  fb=100%  │  ∇rw=8.73  ∇pol=1.05
[19:27:25] [ep29|s2680]  rw=-4.995  cd=-9.686  reg=4.691  │  e+=-4.79(±0.043)  e-=+4.89(±0.020)  sep=90.1  │  fm_e=+4.9  fm=ON  fb=100%  │  ∇rw=3.21  ∇pol=0.59
[19:28:06] [ep29|s2690]  rw=-5.091  cd=-10.190  reg=5.099  │  e+=-4.97(±1.016)  e-=+5.02(±0.054)  sep=50.3  │  fm_e=+5.0  fm=ON  fb=100%  │  ∇rw=1.48  ∇pol=0.62
[19:28:47] [ep29|s2700]  rw=-4.995  cd=-9.691  reg=4.696  │  e+=-4.70(±0.596)  e-=+4.95(±0.023)  sep=37.8  │  fm_e=+5.0  fm=ON  fb=100%  │  ∇rw=4.88  ∇pol=1.05
[19:29:27] [ep29|s2710]  rw=-4.843  cd=-9.661  reg=4.818  │  e+=-4.80(±0.924)  e-=+4.92(±0.035)  sep=37.9  │  fm_e=+4.9  fm=ON  fb=100%  │  ∇rw=3.25  ∇pol=0.69
[19:30:08] [ep29|s2720]  rw=-4.859  cd=-9.840  reg=4.982  │  e+=-4.65(±1.042)  e-=+5.20(±0.046)  sep=39.0  │  fm_e=+5.2  fm=ON  fb=100%  │  ∇rw=5.38  ∇pol=0.56
[19:30:49] [ep29|s2730]  rw=-4.991  cd=-9.967  reg=4.976  │  e+=-5.10(±0.332)  e-=+4.86(±0.046)  sep=39.1  │  fm_e=+4.9  fm=ON  fb=100%  │  ∇rw=3.73  ∇pol=1.13
[19:31:29] [ep29|s2740]  rw=-4.908  cd=-10.500  reg=5.592  │  e+=-5.69(±0.379)  e-=+4.83(±0.085)  sep=39.1  │  fm_e=+4.8  fm=ON  fb=100%  │  ∇rw=8.14  ∇pol=1.44
[19:32:10] [ep29|s2750]  rw=-5.292  cd=-9.987  reg=4.695  │  e+=-4.60(±0.770)  e-=+5.02(±0.055)  sep=27.4  │  fm_e=+5.0  fm=ON  fb=100%  │  ∇rw=6.33  ∇pol=0.79
[19:32:31] ══════════ VAL ep29 ══════════  ρ=+0.1257 (p=0.0956) [FAIL ✗]  AUROC(E)=0.6384  ECE=0.7922  N=177
[19:32:32]   ckpt saved → ckpt_epoch0029.pt
[19:32:32] ──────────────────── Epoch 30/30 ────────────────────
[19:32:53] [ep30|s2760]  rw=-5.116  cd=-10.358  reg=5.242  │  e+=-5.18(±0.691)  e-=+5.01(±0.041)  sep=33.5  │  fm_e=+5.0  fm=ON  fb=100%  │  ∇rw=1.92  ∇pol=0.55
[19:33:33] [ep30|s2770]  rw=-5.205  cd=-10.457  reg=5.252  │  e+=-5.00(±1.388)  e-=+5.06(±0.036)  sep=24.2  │  fm_e=+5.1  fm=ON  fb=100%  │  ∇rw=3.41  ∇pol=0.75
[19:34:14] [ep30|s2780]  rw=-5.158  cd=-9.927  reg=4.769  │  e+=-4.87(±0.833)  e-=+4.82(±0.045)  sep=22.8  │  fm_e=+4.8  fm=ON  fb=100%  │  ∇rw=4.19  ∇pol=0.57
[19:34:55] [ep30|s2790]  rw=-5.049  cd=-9.699  reg=4.650  │  e+=-4.65(±0.402)  e-=+4.97(±0.052)  sep=32.3  │  fm_e=+5.0  fm=ON  fb=100%  │  ∇rw=5.50  ∇pol=1.35
[19:35:36] [ep30|s2800]  rw=-4.935  cd=-10.996  reg=6.060  │  e+=-5.93(±0.277)  e-=+5.04(±0.013)  sep=39.8  │  fm_e=+5.0  fm=ON  fb=100%  │  ∇rw=9.42  ∇pol=0.86
[19:36:17] [ep30|s2810]  rw=-5.188  cd=-10.637  reg=5.450  │  e+=-5.27(±0.495)  e-=+5.14(±0.030)  sep=37.6  │  fm_e=+5.1  fm=ON  fb=100%  │  ∇rw=5.14  ∇pol=1.19
[19:36:58] [ep30|s2820]  rw=-4.996  cd=-10.931  reg=5.935  │  e+=-5.75(±0.567)  e-=+5.08(±0.124)  sep=25.0  │  fm_e=+5.1  fm=ON  fb=100%  │  ∇rw=11.94  ∇pol=0.84
[19:37:39] [ep30|s2830]  rw=-5.058  cd=-10.408  reg=5.350  │  e+=-5.23(±0.772)  e-=+5.05(±0.024)  sep=40.8  │  fm_e=+5.1  fm=ON  fb=100%  │  ∇rw=3.24  ∇pol=1.16
[19:38:20] [ep30|s2840]  rw=-5.290  cd=-9.858  reg=4.568  │  e+=-4.51(±0.833)  e-=+4.97(±0.046)  sep=51.4  │  fm_e=+5.0  fm=ON  fb=100%  │  ∇rw=7.97  ∇pol=0.99
[19:39:01] [ep30|s2850]  rw=-4.972  cd=-9.274  reg=4.302  │  e+=-4.14(±1.035)  e-=+4.98(±0.035)  sep=33.6  │  fm_e=+5.0  fm=ON  fb=100%  │  ∇rw=9.19  ∇pol=0.89
[19:39:02] ══════════ VAL ep30 ══════════  ρ=+0.1213 (p=0.1079) [FAIL ✗]  AUROC(E)=0.5327  ECE=0.7927  N=177
[19:39:03]   ckpt saved → ckpt_epoch0030.pt
