[11:08:06] ──────────────────── Epoch 01/30 ────────────────────
[11:09:08] [ep01|s0010]  rw=-4.989  cd=-9.739  reg=4.750  │  e+=-5.02(±0.202)  e-=+4.67(±0.019)  sep=-1.0  │  fm_e=-6.0  fm=off  │  ∇rw=8.86  ∇pol=2.08
[11:10:10] [ep01|s0020]  rw=-1.740  cd=-6.993  reg=5.253  │  e+=-5.44(±0.273)  e-=+1.58(±0.176)  sep=-1.0  │  fm_e=-7.4  fm=off  │  ∇rw=234.43  ∇pol=2.50
[11:11:12] [ep01|s0030]  rw=-2.081  cd=-6.274  reg=4.193  │  e+=-4.27(±0.649)  e-=+2.00(±0.183)  sep=-1.0  │  fm_e=-6.8  fm=off  │  ∇rw=603.50  ∇pol=0.77
[11:12:14] [ep01|s0040]  rw=-5.077  cd=-9.410  reg=4.333  │  e+=-3.99(±1.225)  e-=+5.09(±0.007)  sep=-1.0  │  fm_e=-4.6  fm=off  │  ∇rw=6.70  ∇pol=1.22
[11:13:16] [ep01|s0050]  rw=-4.973  cd=-9.828  reg=4.855  │  e+=-4.87(±0.130)  e-=+4.98(±0.004)  sep=-1.0  │  fm_e=-6.1  fm=off  │  ∇rw=1.06  ∇pol=1.33
[11:14:18] [ep01|s0060]  rw=-4.146  cd=-7.745  reg=3.600  │  e+=-3.20(±1.628)  e-=+4.78(±0.005)  sep=-1.0  │  fm_e=-5.9  fm=off  │  ∇rw=34.09  ∇pol=0.65
[11:15:19] [ep01|s0070]  rw=-4.948  cd=-9.679  reg=4.731  │  e+=-4.73(±0.136)  e-=+4.99(±0.017)  sep=-1.0  │  fm_e=-4.9  fm=off  │  ∇rw=1.26  ∇pol=1.55
[11:16:21] [ep01|s0080]  rw=-5.092  cd=-9.935  reg=4.843  │  e+=-4.79(±0.633)  e-=+5.00(±0.011)  sep=-1.0  │  fm_e=-5.7  fm=off  │  ∇rw=1.32  ∇pol=1.02
[11:17:23] [ep01|s0090]  rw=-4.927  cd=-9.872  reg=4.945  │  e+=-5.02(±0.273)  e-=+4.90(±0.005)  sep=-1.0  │  fm_e=-3.0  fm=off  │  ∇rw=3.04  ∇pol=1.38
[11:18:25] [ep01|s0100]  rw=+2.067  cd=-1.742  reg=3.809  │  e+=-5.13(±0.075)  e-=-3.38(±0.275)  sep=-1.0  │  fm_e=-5.2  fm=off  │  ∇rw=801.14  ∇pol=1.83
[11:19:27] [ep01|s0110]  rw=-4.934  cd=-9.621  reg=4.687  │  e+=-4.64(±0.332)  e-=+5.01(±0.010)  sep=-1.0  │  fm_e=-6.6  fm=off  │  ∇rw=2.81  ∇pol=1.22
[11:20:29] [ep01|s0120]  rw=-4.948  cd=-9.960  reg=5.012  │  e+=-4.91(±0.699)  e-=+5.05(±0.006)  sep=-1.0  │  fm_e=-8.4  fm=off  │  ∇rw=1.85  ∇pol=1.09
[11:21:31] [ep01|s0130]  rw=-4.544  cd=-10.589  reg=6.045  │  e+=-6.05(±0.275)  e-=+4.49(±0.074)  sep=-1.0  │  fm_e=-6.1  fm=off  │  ∇rw=106.44  ∇pol=1.73
[11:22:33] [ep01|s0140]  rw=-4.625  cd=-8.527  reg=3.902  │  e+=-5.13(±0.153)  e-=+3.38(±0.026)  sep=-1.0  │  fm_e=-6.2  fm=off  │  ∇rw=47.00  ∇pol=0.73
[11:23:35] [ep01|s0150]  rw=-4.829  cd=-9.233  reg=4.403  │  e+=-5.10(±0.191)  e-=+4.15(±0.044)  sep=-1.0  │  fm_e=-5.4  fm=off  │  ∇rw=30.60  ∇pol=0.81
[11:24:37] [ep01|s0160]  rw=-5.025  cd=-10.208  reg=5.183  │  e+=-4.93(±0.330)  e-=+5.23(±0.045)  sep=-1.0  │  fm_e=-8.4  fm=off  │  ∇rw=7.91  ∇pol=0.88
[11:25:39] [ep01|s0170]  rw=-5.100  cd=-10.858  reg=5.758  │  e+=-5.35(±0.539)  e-=+5.33(±0.145)  sep=-1.0  │  fm_e=-5.4  fm=off  │  ∇rw=11.04  ∇pol=1.20
[11:26:41] [ep01|s0180]  rw=-4.496  cd=-11.954  reg=7.458  │  e+=-4.90(±0.871)  e-=+7.04(±0.076)  sep=-1.0  │  fm_e=-6.4  fm=off  │  ∇rw=53.97  ∇pol=0.74
[11:27:43] [ep01|s0190]  rw=-4.874  cd=-10.019  reg=5.146  │  e+=-5.13(±0.215)  e-=+4.88(±0.108)  sep=-0.6  │  fm_e=-5.2  fm=off  │  ∇rw=19.02  ∇pol=1.74
[11:27:43] ══════════ VAL ep01 ══════════  ρ=-0.0445 (p=0.5568) [FAIL ✗]  AUROC(E)=0.5780  ECE=0.7953  N=177 ◀ BEST
[11:27:44]   ckpt saved → ckpt_epoch0001.pt
[11:27:44] ──────────────────── Epoch 02/30 ────────────────────
[11:28:46] [ep02|s0200]  rw=-5.023  cd=-9.910  reg=4.887  │  e+=-4.73(±0.265)  e-=+5.14(±0.119)  sep=1.6  │  fm_e=-5.1  fm=off  │  ∇rw=3.78  ∇pol=0.57
[11:29:48] [ep02|s0210]  rw=-4.966  cd=-9.959  reg=4.993  │  e+=-4.98(±0.172)  e-=+5.00(±0.084)  sep=2.2  │  fm_e=-5.9  fm=off  │  ∇rw=3.26  ∇pol=1.40
[11:30:44] [ep02|s0220]  rw=-4.932  cd=-9.234  reg=4.302  │  e+=-4.77(±0.127)  e-=+4.50(±0.051)  sep=47.8  │  fm_e=+4.5  fm=ON  fb=100%  │  ∇rw=9.31  ∇pol=1.89
[11:31:26] [ep02|s0230]  rw=-4.927  cd=-9.532  reg=4.605  │  e+=-4.94(±0.315)  e-=+4.58(±0.074)  sep=64.4  │  fm_e=+4.6  fm=ON  fb=100%  │  ∇rw=12.44  ∇pol=1.06
[11:32:09] [ep02|s0240]  rw=-4.797  cd=-9.683  reg=4.885  │  e+=-5.23(±0.472)  e-=+4.57(±0.060)  sep=58.4  │  fm_e=+4.6  fm=ON  fb=100%  │  ∇rw=11.89  ∇pol=0.80
[11:32:51] [ep02|s0250]  rw=-4.985  cd=-10.170  reg=5.185  │  e+=-5.36(±0.204)  e-=+4.79(±0.054)  sep=87.5  │  fm_e=+4.8  fm=ON  fb=100%  │  ∇rw=9.33  ∇pol=4.47
[11:33:33] [ep02|s0260]  rw=-4.826  cd=-9.818  reg=4.993  │  e+=-5.13(±0.777)  e-=+4.79(±0.052)  sep=107.4  │  fm_e=+4.8  fm=ON  fb=100%  │  ∇rw=4.52  ∇pol=0.67
[11:34:16] [ep02|s0270]  rw=-4.988  cd=-10.084  reg=5.096  │  e+=-4.98(±0.238)  e-=+5.11(±0.044)  sep=62.7  │  fm_e=+5.1  fm=ON  fb=100%  │  ∇rw=5.65  ∇pol=3.50
[11:34:58] [ep02|s0280]  rw=-4.987  cd=-9.906  reg=4.919  │  e+=-4.91(±0.038)  e-=+4.99(±0.027)  sep=176.4  │  fm_e=+5.0  fm=ON  fb=100%  │  ∇rw=8.32  ∇pol=2.11
[11:35:41] [ep02|s0290]  rw=-5.104  cd=-10.716  reg=5.612  │  e+=-4.99(±0.361)  e-=+5.57(±0.078)  sep=91.1  │  fm_e=+5.6  fm=ON  fb=100%  │  ∇rw=12.82  ∇pol=0.72
[11:36:23] [ep02|s0300]  rw=-4.963  cd=-9.939  reg=4.976  │  e+=-4.76(±0.430)  e-=+5.18(±0.078)  sep=54.7  │  fm_e=+5.2  fm=ON  fb=100%  │  ∇rw=6.03  ∇pol=0.61
[11:37:05] [ep02|s0310]  rw=-4.964  cd=-9.909  reg=4.945  │  e+=-4.73(±0.065)  e-=+5.18(±0.038)  sep=107.8  │  fm_e=+5.2  fm=ON  fb=100%  │  ∇rw=10.83  ∇pol=1.12
[11:37:48] [ep02|s0320]  rw=-4.864  cd=-10.644  reg=5.780  │  e+=-5.71(±0.228)  e-=+4.99(±0.145)  sep=48.0  │  fm_e=+5.0  fm=ON  fb=100%  │  ∇rw=14.67  ∇pol=0.95
[11:38:30] [ep02|s0330]  rw=-4.987  cd=-9.657  reg=4.670  │  e+=-5.16(±0.267)  e-=+4.47(±0.023)  sep=134.0  │  fm_e=+4.5  fm=ON  fb=100%  │  ∇rw=9.37  ∇pol=0.41
[11:39:12] [ep02|s0340]  rw=-4.985  cd=-10.064  reg=5.080  │  e+=-4.93(±0.222)  e-=+5.14(±0.042)  sep=70.7  │  fm_e=+5.1  fm=ON  fb=100%  │  ∇rw=3.88  ∇pol=0.50
[11:39:55] [ep02|s0350]  rw=-4.921  cd=-9.278  reg=4.357  │  e+=-4.09(±0.896)  e-=+5.10(±0.076)  sep=27.4  │  fm_e=+5.1  fm=ON  fb=100%  │  ∇rw=7.57  ∇pol=1.12
[11:40:37] [ep02|s0360]  rw=-5.124  cd=-10.029  reg=4.904  │  e+=-4.89(±0.316)  e-=+5.00(±0.028)  sep=58.9  │  fm_e=+5.0  fm=ON  fb=100%  │  ∇rw=5.63  ∇pol=0.78
[11:41:20] [ep02|s0370]  rw=-4.987  cd=-9.432  reg=4.445  │  e+=-4.62(±0.160)  e-=+4.78(±0.042)  sep=108.6  │  fm_e=+4.8  fm=ON  fb=100%  │  ∇rw=9.00  ∇pol=0.64
[11:42:02] [ep02|s0380]  rw=-4.939  cd=-10.139  reg=5.200  │  e+=-5.21(±0.309)  e-=+4.93(±0.029)  sep=50.1  │  fm_e=+4.9  fm=ON  fb=100%  │  ∇rw=13.29  ∇pol=0.49
[11:42:02] ══════════ VAL ep02 ══════════  ρ=+0.0689 (p=0.3622) [FAIL ✗]  AUROC(E)=0.4868  ECE=0.7959  N=177 ◀ BEST
[11:42:03]   ckpt saved → ckpt_epoch0002.pt
[11:42:03] ──────────────────── Epoch 03/30 ────────────────────
[11:42:45] [ep03|s0390]  rw=-4.886  cd=-9.512  reg=4.627  │  e+=-5.38(±0.149)  e-=+4.15(±0.042)  sep=136.5  │  fm_e=+4.1  fm=ON  fb=100%  │  ∇rw=16.41  ∇pol=0.59
[11:43:28] [ep03|s0400]  rw=-4.984  cd=-10.304  reg=5.320  │  e+=-5.30(±0.134)  e-=+5.00(±0.032)  sep=121.0  │  fm_e=+5.0  fm=ON  fb=100%  │  ∇rw=5.83  ∇pol=0.85
[11:44:10] [ep03|s0410]  rw=-4.978  cd=-10.623  reg=5.646  │  e+=-5.36(±0.080)  e-=+5.27(±0.032)  sep=152.5  │  fm_e=+5.3  fm=ON  fb=100%  │  ∇rw=5.64  ∇pol=0.42
[11:44:53] [ep03|s0420]  rw=-5.011  cd=-10.039  reg=5.028  │  e+=-5.02(±0.277)  e-=+5.00(±0.021)  sep=74.4  │  fm_e=+5.0  fm=ON  fb=100%  │  ∇rw=5.12  ∇pol=0.75
[11:45:35] [ep03|s0430]  rw=-4.973  cd=-10.507  reg=5.534  │  e+=-5.46(±0.074)  e-=+5.05(±0.022)  sep=82.4  │  fm_e=+5.0  fm=ON  fb=100%  │  ∇rw=5.75  ∇pol=0.85
[11:46:18] [ep03|s0440]  rw=-4.968  cd=-9.784  reg=4.816  │  e+=-4.85(±0.284)  e-=+4.94(±0.094)  sep=108.1  │  fm_e=+4.9  fm=ON  fb=100%  │  ∇rw=5.00  ∇pol=0.47
[11:47:00] [ep03|s0450]  rw=-4.944  cd=-9.652  reg=4.708  │  e+=-4.62(±0.177)  e-=+5.04(±0.061)  sep=97.8  │  fm_e=+5.0  fm=ON  fb=100%  │  ∇rw=9.98  ∇pol=0.61
[11:47:43] [ep03|s0460]  rw=-4.953  cd=-10.339  reg=5.386  │  e+=-5.11(±0.107)  e-=+5.25(±0.051)  sep=106.1  │  fm_e=+5.2  fm=ON  fb=100%  │  ∇rw=8.72  ∇pol=0.82
[11:48:25] [ep03|s0470]  rw=-4.949  cd=-10.426  reg=5.477  │  e+=-5.20(±0.163)  e-=+5.25(±0.032)  sep=77.6  │  fm_e=+5.3  fm=ON  fb=100%  │  ∇rw=8.30  ∇pol=0.56
[11:49:08] [ep03|s0480]  rw=-5.019  cd=-10.390  reg=5.372  │  e+=-5.16(±0.177)  e-=+5.19(±0.046)  sep=102.8  │  fm_e=+5.2  fm=ON  fb=100%  │  ∇rw=7.21  ∇pol=0.44
[11:49:50] [ep03|s0490]  rw=-4.988  cd=-10.203  reg=5.215  │  e+=-5.10(±0.181)  e-=+5.10(±0.036)  sep=126.8  │  fm_e=+5.1  fm=ON  fb=100%  │  ∇rw=6.60  ∇pol=0.67
[11:50:32] [ep03|s0500]  rw=-5.207  cd=-10.289  reg=5.082  │  e+=-5.14(±0.600)  e-=+4.90(±0.016)  sep=61.2  │  fm_e=+4.9  fm=ON  fb=100%  │  ∇rw=3.35  ∇pol=0.46
[11:51:15] [ep03|s0510]  rw=-4.762  cd=-8.532  reg=3.770  │  e+=-5.09(±0.094)  e-=+3.43(±0.111)  sep=64.0  │  fm_e=+3.4  fm=ON  fb=100%  │  ∇rw=64.22  ∇pol=0.56
[11:51:57] [ep03|s0520]  rw=-4.782  cd=-10.459  reg=5.677  │  e+=-5.49(±1.160)  e-=+5.02(±0.022)  sep=54.4  │  fm_e=+5.0  fm=ON  fb=100%  │  ∇rw=16.75  ∇pol=0.59
[11:52:40] [ep03|s0530]  rw=-5.006  cd=-10.162  reg=5.157  │  e+=-5.10(±0.377)  e-=+5.02(±0.093)  sep=37.4  │  fm_e=+5.0  fm=ON  fb=100%  │  ∇rw=6.59  ∇pol=1.01
[11:53:22] [ep03|s0540]  rw=-5.003  cd=-9.830  reg=4.827  │  e+=-5.05(±0.234)  e-=+4.76(±0.057)  sep=80.3  │  fm_e=+4.7  fm=ON  fb=100%  │  ∇rw=4.60  ∇pol=0.83
[11:54:05] [ep03|s0550]  rw=-4.968  cd=-9.672  reg=4.704  │  e+=-5.10(±0.083)  e-=+4.57(±0.046)  sep=141.0  │  fm_e=+4.6  fm=ON  fb=100%  │  ∇rw=8.56  ∇pol=0.92
[11:54:47] [ep03|s0560]  rw=-5.034  cd=-10.593  reg=5.559  │  e+=-5.40(±0.186)  e-=+5.13(±0.042)  sep=113.9  │  fm_e=+5.1  fm=ON  fb=100%  │  ∇rw=5.28  ∇pol=0.77
[11:55:30] [ep03|s0570]  rw=-4.646  cd=-11.183  reg=6.537  │  e+=-6.35(±0.602)  e-=+4.96(±0.025)  sep=62.1  │  fm_e=+5.0  fm=ON  fb=100%  │  ∇rw=15.81  ∇pol=0.50
[11:55:30] ══════════ VAL ep03 ══════════  ρ=+0.0960 (p=0.2037) [FAIL ✗]  AUROC(E)=0.4833  ECE=0.8001  N=177 ◀ BEST
[11:55:30]   ckpt saved → ckpt_epoch0003.pt
[11:55:30] ──────────────────── Epoch 04/30 ────────────────────
[11:56:13] [ep04|s0580]  rw=-4.985  cd=-9.675  reg=4.690  │  e+=-4.74(±0.141)  e-=+4.93(±0.052)  sep=110.1  │  fm_e=+4.9  fm=ON  fb=100%  │  ∇rw=8.04  ∇pol=0.65
[11:56:55] [ep04|s0590]  rw=-4.963  cd=-9.644  reg=4.681  │  e+=-4.68(±0.287)  e-=+4.98(±0.036)  sep=68.0  │  fm_e=+5.0  fm=ON  fb=100%  │  ∇rw=3.03  ∇pol=1.58
[11:57:38] [ep04|s0600]  rw=-4.977  cd=-10.154  reg=5.176  │  e+=-5.31(±0.427)  e-=+4.84(±0.017)  sep=60.7  │  fm_e=+4.8  fm=ON  fb=100%  │  ∇rw=5.27  ∇pol=0.56
[11:58:20] [ep04|s0610]  rw=-4.926  cd=-9.921  reg=4.995  │  e+=-4.84(±0.125)  e-=+5.14(±0.021)  sep=121.0  │  fm_e=+5.1  fm=ON  fb=100%  │  ∇rw=6.12  ∇pol=0.43
[11:59:03] [ep04|s0620]  rw=-5.023  cd=-10.164  reg=5.141  │  e+=-4.86(±0.179)  e-=+5.26(±0.031)  sep=146.0  │  fm_e=+5.3  fm=ON  fb=100%  │  ∇rw=7.70  ∇pol=0.63
[11:59:45] [ep04|s0630]  rw=-5.056  cd=-10.034  reg=4.978  │  e+=-4.97(±0.369)  e-=+5.00(±0.029)  sep=100.4  │  fm_e=+5.0  fm=ON  fb=100%  │  ∇rw=2.49  ∇pol=0.40
[12:00:28] [ep04|s0640]  rw=-4.899  cd=-9.769  reg=4.871  │  e+=-5.04(±0.392)  e-=+4.80(±0.077)  sep=49.6  │  fm_e=+4.8  fm=ON  fb=100%  │  ∇rw=11.80  ∇pol=0.46
[12:01:10] [ep04|s0650]  rw=-5.098  cd=-9.964  reg=4.866  │  e+=-4.79(±0.531)  e-=+5.04(±0.007)  sep=104.0  │  fm_e=+5.0  fm=ON  fb=100%  │  ∇rw=3.27  ∇pol=0.53
[12:01:53] [ep04|s0660]  rw=-5.067  cd=-9.803  reg=4.736  │  e+=-4.40(±1.162)  e-=+5.14(±0.024)  sep=43.7  │  fm_e=+5.1  fm=ON  fb=100%  │  ∇rw=13.06  ∇pol=2.98
[12:02:35] [ep04|s0670]  rw=-4.962  cd=-9.918  reg=4.956  │  e+=-5.01(±0.162)  e-=+4.94(±0.038)  sep=65.7  │  fm_e=+4.9  fm=ON  fb=100%  │  ∇rw=4.87  ∇pol=4.24
[12:03:17] [ep04|s0680]  rw=-5.039  cd=-9.697  reg=4.658  │  e+=-4.58(±0.350)  e-=+5.00(±0.028)  sep=85.6  │  fm_e=+5.0  fm=ON  fb=100%  │  ∇rw=12.35  ∇pol=0.50
[12:04:00] [ep04|s0690]  rw=-5.022  cd=-9.520  reg=4.498  │  e+=-4.83(±0.183)  e-=+4.64(±0.022)  sep=76.0  │  fm_e=+4.6  fm=ON  fb=100%  │  ∇rw=8.27  ∇pol=0.91
[12:04:42] [ep04|s0700]  rw=-4.931  cd=-10.195  reg=5.264  │  e+=-5.18(±0.303)  e-=+5.06(±0.019)  sep=76.5  │  fm_e=+5.1  fm=ON  fb=100%  │  ∇rw=4.12  ∇pol=0.64
[12:05:25] [ep04|s0710]  rw=-5.021  cd=-10.488  reg=5.467  │  e+=-4.87(±0.191)  e-=+5.55(±0.045)  sep=61.4  │  fm_e=+5.6  fm=ON  fb=100%  │  ∇rw=11.27  ∇pol=0.24
[12:06:07] [ep04|s0720]  rw=-4.610  cd=-9.751  reg=5.142  │  e+=-5.17(±0.912)  e-=+4.88(±0.043)  sep=31.6  │  fm_e=+4.9  fm=ON  fb=100%  │  ∇rw=4.80  ∇pol=0.54
[12:06:50] [ep04|s0730]  rw=-4.932  cd=-9.556  reg=4.623  │  e+=-5.30(±0.135)  e-=+4.25(±0.029)  sep=104.9  │  fm_e=+4.2  fm=ON  fb=100%  │  ∇rw=16.91  ∇pol=0.59
[12:07:32] [ep04|s0740]  rw=-5.049  cd=-9.949  reg=4.900  │  e+=-4.68(±0.284)  e-=+5.20(±0.032)  sep=69.4  │  fm_e=+5.2  fm=ON  fb=100%  │  ∇rw=7.95  ∇pol=0.63
[12:08:15] [ep04|s0750]  rw=-4.954  cd=-9.877  reg=4.923  │  e+=-4.91(±0.193)  e-=+5.00(±0.023)  sep=83.1  │  fm_e=+5.0  fm=ON  fb=100%  │  ∇rw=5.82  ∇pol=0.71
[12:08:57] [ep04|s0760]  rw=-4.908  cd=-9.664  reg=4.756  │  e+=-4.61(±0.383)  e-=+5.11(±0.032)  sep=73.2  │  fm_e=+5.1  fm=ON  fb=100%  │  ∇rw=6.70  ∇pol=0.35
[12:08:57] ══════════ VAL ep04 ══════════  ρ=+0.1305 (p=0.0834) [FAIL ✗]  AUROC(E)=0.5811  ECE=0.7931  N=177 ◀ BEST
[12:08:58]   ckpt saved → ckpt_epoch0004.pt
[12:08:58] ──────────────────── Epoch 05/30 ────────────────────
[12:09:40] [ep05|s0770]  rw=-5.006  cd=-9.515  reg=4.509  │  e+=-4.62(±0.368)  e-=+4.85(±0.019)  sep=64.3  │  fm_e=+4.8  fm=ON  fb=100%  │  ∇rw=4.74  ∇pol=0.70
[12:10:23] [ep05|s0780]  rw=-4.990  cd=-10.030  reg=5.040  │  e+=-5.10(±0.191)  e-=+4.93(±0.037)  sep=74.1  │  fm_e=+4.9  fm=ON  fb=100%  │  ∇rw=2.84  ∇pol=0.69
[12:11:05] [ep05|s0790]  rw=-5.187  cd=-9.838  reg=4.651  │  e+=-4.52(±1.287)  e-=+4.94(±0.014)  sep=32.8  │  fm_e=+4.9  fm=ON  fb=100%  │  ∇rw=4.28  ∇pol=2.55
[12:11:48] [ep05|s0800]  rw=-4.883  cd=-10.415  reg=5.532  │  e+=-5.28(±0.558)  e-=+5.20(±0.023)  sep=70.5  │  fm_e=+5.2  fm=ON  fb=100%  │  ∇rw=7.54  ∇pol=0.46
[12:12:30] [ep05|s0810]  rw=-4.878  cd=-9.026  reg=4.148  │  e+=-4.96(±0.369)  e-=+4.09(±0.017)  sep=103.2  │  fm_e=+4.1  fm=ON  fb=100%  │  ∇rw=17.50  ∇pol=0.42
[12:13:13] [ep05|s0820]  rw=-4.953  cd=-10.209  reg=5.256  │  e+=-5.26(±0.258)  e-=+4.98(±0.033)  sep=146.6  │  fm_e=+5.0  fm=ON  fb=100%  │  ∇rw=4.66  ∇pol=0.68
[12:13:55] [ep05|s0830]  rw=-4.972  cd=-10.312  reg=5.340  │  e+=-5.28(±0.108)  e-=+5.05(±0.035)  sep=98.7  │  fm_e=+5.1  fm=ON  fb=100%  │  ∇rw=3.82  ∇pol=0.46
[12:14:38] [ep05|s0840]  rw=-4.946  cd=-10.285  reg=5.339  │  e+=-5.25(±0.134)  e-=+5.06(±0.094)  sep=121.8  │  fm_e=+5.0  fm=ON  fb=100%  │  ∇rw=18.47  ∇pol=0.50
[12:15:20] [ep05|s0850]  rw=-4.993  cd=-9.958  reg=4.965  │  e+=-5.17(±0.247)  e-=+4.77(±0.018)  sep=119.4  │  fm_e=+4.8  fm=ON  fb=100%  │  ∇rw=7.74  ∇pol=0.43
[12:16:03] [ep05|s0860]  rw=-5.084  cd=-9.799  reg=4.714  │  e+=-4.79(±0.427)  e-=+4.90(±0.014)  sep=108.4  │  fm_e=+4.9  fm=ON  fb=100%  │  ∇rw=2.47  ∇pol=0.48
[12:16:45] [ep05|s0870]  rw=-4.942  cd=-10.456  reg=5.514  │  e+=-5.38(±0.171)  e-=+5.08(±0.024)  sep=85.1  │  fm_e=+5.1  fm=ON  fb=100%  │  ∇rw=11.80  ∇pol=0.48
[12:17:27] [ep05|s0880]  rw=-4.950  cd=-9.950  reg=5.000  │  e+=-5.31(±0.311)  e-=+4.66(±0.025)  sep=78.3  │  fm_e=+4.7  fm=ON  fb=100%  │  ∇rw=8.67  ∇pol=0.59
[12:18:10] [ep05|s0890]  rw=-5.006  cd=-10.429  reg=5.423  │  e+=-5.48(±0.385)  e-=+4.90(±0.025)  sep=83.5  │  fm_e=+4.9  fm=ON  fb=100%  │  ∇rw=5.01  ∇pol=0.38
[12:18:52] [ep05|s0900]  rw=-4.950  cd=-10.603  reg=5.653  │  e+=-5.62(±0.162)  e-=+4.98(±0.018)  sep=88.9  │  fm_e=+5.0  fm=ON  fb=100%  │  ∇rw=7.05  ∇pol=1.13
[12:19:35] [ep05|s0910]  rw=-4.555  cd=-11.056  reg=6.501  │  e+=-4.66(±0.947)  e-=+6.51(±0.089)  sep=50.5  │  fm_e=+6.5  fm=ON  fb=100%  │  ∇rw=46.84  ∇pol=0.88
[12:20:17] [ep05|s0920]  rw=-5.010  cd=-9.950  reg=4.940  │  e+=-4.86(±0.201)  e-=+5.07(±0.027)  sep=60.8  │  fm_e=+5.1  fm=ON  fb=100%  │  ∇rw=4.77  ∇pol=0.34
[12:21:00] [ep05|s0930]  rw=-4.997  cd=-9.376  reg=4.379  │  e+=-4.30(±0.426)  e-=+5.01(±0.037)  sep=64.3  │  fm_e=+5.0  fm=ON  fb=100%  │  ∇rw=5.03  ∇pol=0.72
[12:21:42] [ep05|s0940]  rw=-5.004  cd=-10.258  reg=5.254  │  e+=-5.37(±0.248)  e-=+4.85(±0.031)  sep=56.5  │  fm_e=+4.8  fm=ON  fb=100%  │  ∇rw=6.81  ∇pol=0.51
[12:22:25] [ep05|s0950]  rw=-5.139  cd=-10.162  reg=5.023  │  e+=-5.00(±0.324)  e-=+5.01(±0.029)  sep=56.6  │  fm_e=+5.0  fm=ON  fb=100%  │  ∇rw=3.28  ∇pol=9.25
[12:22:25] ══════════ VAL ep05 ══════════  ρ=+0.1692 (p=0.0244) [PASS ✓]  AUROC(E)=0.6030  ECE=0.7939  N=177 ◀ BEST
[12:22:26]   ckpt saved → ckpt_epoch0005.pt
[12:22:26] ──────────────────── Epoch 06/30 ────────────────────
[12:23:08] [ep06|s0960]  rw=-5.020  cd=-10.153  reg=5.132  │  e+=-5.13(±0.143)  e-=+5.00(±0.008)  sep=64.8  │  fm_e=+5.0  fm=ON  fb=100%  │  ∇rw=3.28  ∇pol=0.95
[12:23:51] [ep06|s0970]  rw=-5.023  cd=-9.609  reg=4.586  │  e+=-4.83(±0.260)  e-=+4.73(±0.011)  sep=76.2  │  fm_e=+4.7  fm=ON  fb=100%  │  ∇rw=5.99  ∇pol=0.27
[12:24:33] [ep06|s0980]  rw=-4.967  cd=-9.083  reg=4.116  │  e+=-4.24(±0.273)  e-=+4.81(±0.039)  sep=56.6  │  fm_e=+4.8  fm=ON  fb=100%  │  ∇rw=6.50  ∇pol=0.45
[12:25:16] [ep06|s0990]  rw=-4.990  cd=-9.759  reg=4.769  │  e+=-4.87(±0.240)  e-=+4.89(±0.024)  sep=63.8  │  fm_e=+4.9  fm=ON  fb=100%  │  ∇rw=3.56  ∇pol=1.24
[12:25:58] [ep06|s1000]  rw=-5.054  cd=-9.534  reg=4.481  │  e+=-4.41(±0.395)  e-=+5.01(±0.037)  sep=57.6  │  fm_e=+5.0  fm=ON  fb=100%  │  ∇rw=6.52  ∇pol=0.49
[12:26:41] [ep06|s1010]  rw=-4.961  cd=-9.879  reg=4.917  │  e+=-4.86(±0.127)  e-=+5.04(±0.010)  sep=102.8  │  fm_e=+5.0  fm=ON  fb=100%  │  ∇rw=4.89  ∇pol=4.91
[12:27:24] [ep06|s1020]  rw=-4.996  cd=-9.866  reg=4.871  │  e+=-5.09(±0.208)  e-=+4.76(±0.018)  sep=160.7  │  fm_e=+4.8  fm=ON  fb=100%  │  ∇rw=7.95  ∇pol=1.77
[12:28:06] [ep06|s1030]  rw=-4.990  cd=-9.478  reg=4.488  │  e+=-4.64(±0.099)  e-=+4.82(±0.076)  sep=88.9  │  fm_e=+4.8  fm=ON  fb=100%  │  ∇rw=10.25  ∇pol=0.88
[12:28:48] [ep06|s1040]  rw=-5.006  cd=-9.629  reg=4.623  │  e+=-4.96(±0.276)  e-=+4.64(±0.018)  sep=81.4  │  fm_e=+4.6  fm=ON  fb=100%  │  ∇rw=7.82  ∇pol=0.42
[12:29:31] [ep06|s1050]  rw=-5.138  cd=-10.145  reg=5.007  │  e+=-5.02(±0.258)  e-=+4.98(±0.027)  sep=112.8  │  fm_e=+5.0  fm=ON  fb=100%  │  ∇rw=4.06  ∇pol=0.37
[12:30:13] [ep06|s1060]  rw=-5.050  cd=-9.727  reg=4.677  │  e+=-5.20(±0.208)  e-=+4.44(±0.028)  sep=69.7  │  fm_e=+4.4  fm=ON  fb=100%  │  ∇rw=15.74  ∇pol=0.87
[12:30:56] [ep06|s1070]  rw=-4.992  cd=-9.970  reg=4.978  │  e+=-5.07(±0.140)  e-=+4.91(±0.029)  sep=66.8  │  fm_e=+4.9  fm=ON  fb=100%  │  ∇rw=3.72  ∇pol=0.45
[12:31:38] [ep06|s1080]  rw=-4.990  cd=-10.113  reg=5.122  │  e+=-5.05(±0.417)  e-=+5.05(±0.033)  sep=54.7  │  fm_e=+5.1  fm=ON  fb=100%  │  ∇rw=3.61  ∇pol=0.45
[12:32:21] [ep06|s1090]  rw=-5.058  cd=-10.353  reg=5.295  │  e+=-5.32(±0.239)  e-=+4.96(±0.022)  sep=100.0  │  fm_e=+5.0  fm=ON  fb=100%  │  ∇rw=2.57  ∇pol=0.32
[12:33:03] [ep06|s1100]  rw=-4.957  cd=-10.011  reg=5.053  │  e+=-5.08(±0.720)  e-=+4.92(±0.034)  sep=70.4  │  fm_e=+4.9  fm=ON  fb=100%  │  ∇rw=5.09  ∇pol=0.51
[12:33:46] [ep06|s1110]  rw=-4.925  cd=-10.361  reg=5.436  │  e+=-5.25(±0.373)  e-=+5.15(±0.038)  sep=45.3  │  fm_e=+5.2  fm=ON  fb=100%  │  ∇rw=7.63  ∇pol=0.37
[12:34:28] [ep06|s1120]  rw=-5.022  cd=-9.936  reg=4.914  │  e+=-4.88(±0.361)  e-=+5.01(±0.021)  sep=66.0  │  fm_e=+5.0  fm=ON  fb=100%  │  ∇rw=5.59  ∇pol=0.49
[12:35:11] [ep06|s1130]  rw=-4.926  cd=-10.307  reg=5.381  │  e+=-5.52(±0.787)  e-=+4.76(±0.023)  sep=41.8  │  fm_e=+4.8  fm=ON  fb=100%  │  ∇rw=10.36  ∇pol=3.00
[12:35:54] [ep06|s1140]  rw=-5.027  cd=-9.836  reg=4.809  │  e+=-4.58(±0.425)  e-=+5.17(±0.027)  sep=56.8  │  fm_e=+5.2  fm=ON  fb=100%  │  ∇rw=12.52  ∇pol=0.49
[12:35:54] ══════════ VAL ep06 ══════════  ρ=+0.0605 (p=0.4239) [FAIL ✗]  AUROC(E)=0.4894  ECE=0.7912  N=177
[12:35:54]   ckpt saved → ckpt_epoch0006.pt
[12:35:54] ──────────────────── Epoch 07/30 ────────────────────
[12:36:37] [ep07|s1150]  rw=-5.238  cd=-10.777  reg=5.538  │  e+=-5.57(±0.793)  e-=+4.86(±0.040)  sep=32.0  │  fm_e=+4.9  fm=ON  fb=100%  │  ∇rw=7.37  ∇pol=2.29
[12:37:20] [ep07|s1160]  rw=-4.913  cd=-9.925  reg=5.012  │  e+=-5.02(±0.523)  e-=+4.96(±0.018)  sep=86.1  │  fm_e=+5.0  fm=ON  fb=100%  │  ∇rw=3.59  ∇pol=3.12
[12:38:02] [ep07|s1170]  rw=-5.020  cd=-9.994  reg=4.974  │  e+=-4.86(±0.715)  e-=+5.04(±0.044)  sep=32.1  │  fm_e=+5.0  fm=ON  fb=100%  │  ∇rw=11.10  ∇pol=2.57
[12:38:45] [ep07|s1180]  rw=-4.962  cd=-9.877  reg=4.915  │  e+=-4.86(±0.171)  e-=+5.03(±0.050)  sep=61.9  │  fm_e=+5.0  fm=ON  fb=100%  │  ∇rw=10.93  ∇pol=0.46
[12:39:27] [ep07|s1190]  rw=-5.025  cd=-9.943  reg=4.918  │  e+=-5.08(±0.175)  e-=+4.82(±0.040)  sep=93.1  │  fm_e=+4.8  fm=ON  fb=100%  │  ∇rw=11.51  ∇pol=0.40
[12:40:10] [ep07|s1200]  rw=-4.926  cd=-9.866  reg=4.940  │  e+=-4.93(±0.586)  e-=+4.97(±0.027)  sep=41.0  │  fm_e=+5.0  fm=ON  fb=100%  │  ∇rw=5.32  ∇pol=0.47
[12:40:52] [ep07|s1210]  rw=-5.065  cd=-9.363  reg=4.298  │  e+=-4.59(±0.327)  e-=+4.66(±0.018)  sep=50.5  │  fm_e=+4.7  fm=ON  fb=100%  │  ∇rw=8.40  ∇pol=0.41
[12:41:35] [ep07|s1220]  rw=-4.911  cd=-10.207  reg=5.295  │  e+=-5.27(±0.863)  e-=+4.93(±0.012)  sep=42.1  │  fm_e=+4.9  fm=ON  fb=100%  │  ∇rw=9.28  ∇pol=0.49
[12:42:17] [ep07|s1230]  rw=-4.963  cd=-10.337  reg=5.374  │  e+=-5.08(±0.243)  e-=+5.28(±0.018)  sep=43.7  │  fm_e=+5.3  fm=ON  fb=100%  │  ∇rw=10.61  ∇pol=0.92
[12:43:00] [ep07|s1240]  rw=-5.185  cd=-9.620  reg=4.434  │  e+=-4.78(±0.560)  e-=+4.59(±0.028)  sep=87.2  │  fm_e=+4.6  fm=ON  fb=100%  │  ∇rw=13.07  ∇pol=0.35
[12:43:42] [ep07|s1250]  rw=-4.754  cd=-10.130  reg=5.377  │  e+=-4.10(±0.437)  e-=+6.06(±0.051)  sep=37.6  │  fm_e=+6.1  fm=ON  fb=100%  │  ∇rw=34.76  ∇pol=0.37
[12:44:25] [ep07|s1260]  rw=-5.090  cd=-10.201  reg=5.111  │  e+=-5.06(±0.361)  e-=+5.03(±0.020)  sep=39.9  │  fm_e=+5.0  fm=ON  fb=100%  │  ∇rw=3.82  ∇pol=0.37
[12:45:07] [ep07|s1270]  rw=-4.983  cd=-9.664  reg=4.682  │  e+=-4.66(±0.109)  e-=+5.00(±0.020)  sep=128.0  │  fm_e=+5.0  fm=ON  fb=100%  │  ∇rw=5.00  ∇pol=0.40
[12:45:50] [ep07|s1280]  rw=-5.049  cd=-9.763  reg=4.714  │  e+=-5.10(±0.414)  e-=+4.57(±0.026)  sep=84.6  │  fm_e=+4.6  fm=ON  fb=100%  │  ∇rw=11.97  ∇pol=0.35
[12:46:32] [ep07|s1290]  rw=-5.111  cd=-10.346  reg=5.235  │  e+=-5.24(±0.354)  e-=+4.96(±0.021)  sep=71.6  │  fm_e=+5.0  fm=ON  fb=100%  │  ∇rw=13.22  ∇pol=0.40
[12:47:15] [ep07|s1300]  rw=-5.026  cd=-9.713  reg=4.687  │  e+=-5.05(±0.229)  e-=+4.61(±0.034)  sep=62.3  │  fm_e=+4.6  fm=ON  fb=100%  │  ∇rw=10.66  ∇pol=0.27
[12:47:57] [ep07|s1310]  rw=-4.885  cd=-8.918  reg=4.033  │  e+=-5.09(±0.223)  e-=+3.79(±0.045)  sep=160.3  │  fm_e=+3.8  fm=ON  fb=100%  │  ∇rw=29.65  ∇pol=0.47
[12:48:40] [ep07|s1320]  rw=-5.015  cd=-10.002  reg=4.987  │  e+=-5.48(±0.584)  e-=+4.41(±0.028)  sep=49.1  │  fm_e=+4.4  fm=ON  fb=100%  │  ∇rw=17.93  ∇pol=0.49
[12:49:22] [ep07|s1330]  rw=-4.972  cd=-9.547  reg=4.575  │  e+=-4.53(±0.108)  e-=+5.02(±0.026)  sep=83.2  │  fm_e=+5.0  fm=ON  fb=100%  │  ∇rw=3.40  ∇pol=0.55
[12:49:23] ══════════ VAL ep07 ══════════  ρ=+0.2407 (p=0.0013) [PASS ✓]  AUROC(E)=0.6212  ECE=0.7966  N=177 ◀ BEST
[12:49:23]   ckpt saved → ckpt_epoch0007.pt
[12:49:23] ──────────────────── Epoch 08/30 ────────────────────
[12:50:05] [ep08|s1340]  rw=-4.925  cd=-9.726  reg=4.802  │  e+=-4.81(±0.134)  e-=+4.98(±0.023)  sep=102.9  │  fm_e=+5.0  fm=ON  fb=100%  │  ∇rw=4.11  ∇pol=5.25
[12:50:48] [ep08|s1350]  rw=-5.160  cd=-9.682  reg=4.522  │  e+=-4.46(±0.546)  e-=+5.00(±0.022)  sep=68.4  │  fm_e=+5.0  fm=ON  fb=100%  │  ∇rw=6.05  ∇pol=0.36
[12:51:30] [ep08|s1360]  rw=-4.979  cd=-10.003  reg=5.023  │  e+=-4.61(±0.195)  e-=+5.38(±0.036)  sep=77.1  │  fm_e=+5.4  fm=ON  fb=100%  │  ∇rw=11.64  ∇pol=0.52
[12:52:13] [ep08|s1370]  rw=-5.021  cd=-10.415  reg=5.394  │  e+=-5.08(±0.367)  e-=+5.28(±0.033)  sep=90.5  │  fm_e=+5.3  fm=ON  fb=100%  │  ∇rw=11.12  ∇pol=0.43
[12:52:55] [ep08|s1380]  rw=-5.057  cd=-10.219  reg=5.162  │  e+=-5.22(±0.290)  e-=+4.93(±0.039)  sep=67.1  │  fm_e=+4.9  fm=ON  fb=100%  │  ∇rw=6.38  ∇pol=0.55
[12:53:38] [ep08|s1390]  rw=-4.865  cd=-10.679  reg=5.814  │  e+=-5.59(±0.402)  e-=+5.16(±0.029)  sep=79.7  │  fm_e=+5.2  fm=ON  fb=100%  │  ∇rw=5.78  ∇pol=0.36
[12:54:20] [ep08|s1400]  rw=-4.947  cd=-9.720  reg=4.773  │  e+=-4.76(±0.401)  e-=+4.99(±0.017)  sep=59.7  │  fm_e=+5.0  fm=ON  fb=100%  │  ∇rw=3.91  ∇pol=0.53
[12:55:03] [ep08|s1410]  rw=-4.973  cd=-9.847  reg=4.874  │  e+=-5.02(±0.207)  e-=+4.84(±0.044)  sep=65.7  │  fm_e=+4.8  fm=ON  fb=100%  │  ∇rw=4.26  ∇pol=0.35
[12:55:45] [ep08|s1420]  rw=-4.980  cd=-9.826  reg=4.846  │  e+=-4.99(±0.156)  e-=+4.85(±0.033)  sep=60.3  │  fm_e=+4.8  fm=ON  fb=100%  │  ∇rw=4.02  ∇pol=0.35
[12:56:28] [ep08|s1430]  rw=-5.032  cd=-10.102  reg=5.070  │  e+=-4.97(±0.206)  e-=+5.09(±0.080)  sep=73.3  │  fm_e=+5.1  fm=ON  fb=100%  │  ∇rw=4.89  ∇pol=0.80
[12:57:10] [ep08|s1440]  rw=-5.034  cd=-9.635  reg=4.601  │  e+=-4.72(±0.583)  e-=+4.83(±0.029)  sep=57.4  │  fm_e=+4.8  fm=ON  fb=100%  │  ∇rw=4.84  ∇pol=0.41
[12:57:53] [ep08|s1450]  rw=-4.599  cd=-9.380  reg=4.781  │  e+=-4.49(±1.547)  e-=+5.02(±0.030)  sep=32.2  │  fm_e=+5.0  fm=ON  fb=100%  │  ∇rw=8.43  ∇pol=0.71
[12:58:35] [ep08|s1460]  rw=-4.984  cd=-10.007  reg=5.023  │  e+=-5.20(±0.168)  e-=+4.81(±0.017)  sep=57.1  │  fm_e=+4.8  fm=ON  fb=100%  │  ∇rw=5.48  ∇pol=0.29
[12:59:18] [ep08|s1470]  rw=-4.941  cd=-9.751  reg=4.811  │  e+=-4.76(±0.752)  e-=+4.98(±0.031)  sep=39.1  │  fm_e=+5.0  fm=ON  fb=100%  │  ∇rw=4.90  ∇pol=0.31
[13:00:00] [ep08|s1480]  rw=-5.029  cd=-10.511  reg=5.482  │  e+=-5.87(±0.391)  e-=+4.50(±0.048)  sep=55.1  │  fm_e=+4.5  fm=ON  fb=100%  │  ∇rw=16.53  ∇pol=0.38
[13:00:43] [ep08|s1490]  rw=-4.953  cd=-9.674  reg=4.721  │  e+=-4.37(±0.552)  e-=+5.27(±0.022)  sep=53.6  │  fm_e=+5.3  fm=ON  fb=100%  │  ∇rw=8.38  ∇pol=0.38
[13:01:25] [ep08|s1500]  rw=-5.155  cd=-10.278  reg=5.123  │  e+=-5.06(±0.465)  e-=+5.01(±0.042)  sep=54.7  │  fm_e=+5.0  fm=ON  fb=100%  │  ∇rw=9.18  ∇pol=0.48
[13:02:08] [ep08|s1510]  rw=-5.023  cd=-10.006  reg=4.983  │  e+=-4.94(±0.201)  e-=+5.03(±0.023)  sep=71.9  │  fm_e=+5.0  fm=ON  fb=100%  │  ∇rw=2.66  ∇pol=0.23
[13:02:50] [ep08|s1520]  rw=-4.962  cd=-10.308  reg=5.346  │  e+=-5.50(±0.313)  e-=+4.80(±0.011)  sep=72.1  │  fm_e=+4.8  fm=ON  fb=100%  │  ∇rw=7.23  ∇pol=0.23
[13:02:51] ══════════ VAL ep08 ══════════  ρ=+0.2273 (p=0.0023) [PASS ✓]  AUROC(E)=0.5890  ECE=0.7962  N=177
[13:02:51]   ckpt saved → ckpt_epoch0008.pt
[13:02:51] ──────────────────── Epoch 09/30 ────────────────────
[13:03:34] [ep09|s1530]  rw=-4.858  cd=-9.662  reg=4.804  │  e+=-4.91(±0.733)  e-=+4.83(±0.042)  sep=31.5  │  fm_e=+4.8  fm=ON  fb=100%  │  ∇rw=6.65  ∇pol=0.33
[13:04:16] [ep09|s1540]  rw=-4.968  cd=-9.860  reg=4.892  │  e+=-4.92(±0.464)  e-=+4.95(±0.024)  sep=40.4  │  fm_e=+4.9  fm=ON  fb=100%  │  ∇rw=4.57  ∇pol=0.45
[13:04:59] [ep09|s1550]  rw=-4.927  cd=-9.603  reg=4.677  │  e+=-4.77(±0.491)  e-=+4.87(±0.048)  sep=40.6  │  fm_e=+4.9  fm=ON  fb=100%  │  ∇rw=5.23  ∇pol=0.34
[13:05:41] [ep09|s1560]  rw=-5.227  cd=-10.093  reg=4.866  │  e+=-4.97(±0.576)  e-=+4.85(±0.048)  sep=64.2  │  fm_e=+4.8  fm=ON  fb=100%  │  ∇rw=5.58  ∇pol=0.38
[13:06:23] [ep09|s1570]  rw=-5.097  cd=-10.786  reg=5.689  │  e+=-5.75(±0.332)  e-=+4.86(±0.041)  sep=46.7  │  fm_e=+4.9  fm=ON  fb=100%  │  ∇rw=8.83  ∇pol=0.26
[13:07:06] [ep09|s1580]  rw=-4.955  cd=-10.271  reg=5.317  │  e+=-5.26(±0.545)  e-=+5.01(±0.040)  sep=79.2  │  fm_e=+5.0  fm=ON  fb=100%  │  ∇rw=5.80  ∇pol=0.45
[13:07:48] [ep09|s1590]  rw=-5.014  cd=-10.007  reg=4.993  │  e+=-5.07(±0.174)  e-=+4.91(±0.025)  sep=78.5  │  fm_e=+4.9  fm=ON  fb=100%  │  ∇rw=4.64  ∇pol=0.33
[13:08:31] [ep09|s1600]  rw=-5.195  cd=-10.193  reg=4.999  │  e+=-4.88(±0.516)  e-=+5.07(±0.027)  sep=44.2  │  fm_e=+5.1  fm=ON  fb=100%  │  ∇rw=10.78  ∇pol=0.23
[13:09:13] [ep09|s1610]  rw=-4.864  cd=-10.440  reg=5.576  │  e+=-5.33(±0.706)  e-=+5.18(±0.050)  sep=41.6  │  fm_e=+5.2  fm=ON  fb=100%  │  ∇rw=5.60  ∇pol=0.49
[13:09:56] [ep09|s1620]  rw=-4.938  cd=-9.441  reg=4.503  │  e+=-4.60(±0.729)  e-=+4.82(±0.018)  sep=38.2  │  fm_e=+4.8  fm=ON  fb=100%  │  ∇rw=4.68  ∇pol=1.34
[13:10:38] [ep09|s1630]  rw=-5.136  cd=-10.033  reg=4.897  │  e+=-4.89(±0.417)  e-=+4.99(±0.023)  sep=66.7  │  fm_e=+5.0  fm=ON  fb=100%  │  ∇rw=2.77  ∇pol=0.30
[13:11:21] [ep09|s1640]  rw=-4.972  cd=-10.280  reg=5.308  │  e+=-5.32(±0.149)  e-=+4.97(±0.040)  sep=76.5  │  fm_e=+5.0  fm=ON  fb=100%  │  ∇rw=4.57  ∇pol=0.74
[13:12:03] [ep09|s1650]  rw=-4.928  cd=-9.446  reg=4.519  │  e+=-4.80(±0.165)  e-=+4.69(±0.011)  sep=81.7  │  fm_e=+4.7  fm=ON  fb=100%  │  ∇rw=9.90  ∇pol=0.37
[13:12:46] [ep09|s1660]  rw=-4.800  cd=-9.165  reg=4.366  │  e+=-4.19(±0.593)  e-=+5.07(±0.059)  sep=39.7  │  fm_e=+5.1  fm=ON  fb=100%  │  ∇rw=6.79  ∇pol=0.47
[13:13:28] [ep09|s1670]  rw=-5.200  cd=-10.304  reg=5.104  │  e+=-5.01(±0.536)  e-=+5.06(±0.025)  sep=86.5  │  fm_e=+5.1  fm=ON  fb=100%  │  ∇rw=2.79  ∇pol=0.29
[13:14:11] [ep09|s1680]  rw=-4.829  cd=-9.813  reg=4.984  │  e+=-4.93(±0.309)  e-=+5.04(±0.046)  sep=41.6  │  fm_e=+5.0  fm=ON  fb=100%  │  ∇rw=5.19  ∇pol=0.43
[13:14:53] [ep09|s1690]  rw=-5.152  cd=-9.737  reg=4.586  │  e+=-4.62(±0.576)  e-=+4.92(±0.022)  sep=71.2  │  fm_e=+4.9  fm=ON  fb=100%  │  ∇rw=3.62  ∇pol=0.37
[13:15:36] [ep09|s1700]  rw=-4.967  cd=-10.129  reg=5.163  │  e+=-5.16(±0.677)  e-=+4.95(±0.017)  sep=53.7  │  fm_e=+4.9  fm=ON  fb=100%  │  ∇rw=4.04  ∇pol=0.41
[13:16:18] [ep09|s1710]  rw=-4.989  cd=-9.863  reg=4.874  │  e+=-4.89(±0.428)  e-=+4.96(±0.053)  sep=65.8  │  fm_e=+5.0  fm=ON  fb=100%  │  ∇rw=3.90  ∇pol=1.44
[13:16:18] ══════════ VAL ep09 ══════════  ρ=+0.1955 (p=0.0091) [PASS ✓]  AUROC(E)=0.6007  ECE=0.7953  N=177
[13:16:19]   ckpt saved → ckpt_epoch0009.pt
[13:16:19] ──────────────────── Epoch 10/30 ────────────────────
[13:17:01] [ep10|s1720]  rw=-4.979  cd=-9.940  reg=4.962  │  e+=-4.85(±0.134)  e-=+5.09(±0.025)  sep=93.9  │  fm_e=+5.1  fm=ON  fb=100%  │  ∇rw=8.56  ∇pol=7.47
[13:17:43] [ep10|s1730]  rw=-5.132  cd=-10.560  reg=5.428  │  e+=-5.33(±0.416)  e-=+5.06(±0.022)  sep=80.3  │  fm_e=+5.1  fm=ON  fb=100%  │  ∇rw=7.04  ∇pol=0.35
[13:18:26] [ep10|s1740]  rw=-5.049  cd=-10.158  reg=5.109  │  e+=-4.87(±0.548)  e-=+5.19(±0.028)  sep=66.8  │  fm_e=+5.2  fm=ON  fb=100%  │  ∇rw=7.82  ∇pol=0.44
[13:19:08] [ep10|s1750]  rw=-5.087  cd=-10.251  reg=5.164  │  e+=-5.17(±0.369)  e-=+4.98(±0.021)  sep=109.5  │  fm_e=+5.0  fm=ON  fb=100%  │  ∇rw=3.52  ∇pol=0.30
[13:19:51] [ep10|s1760]  rw=-4.959  cd=-10.251  reg=5.292  │  e+=-5.29(±0.340)  e-=+4.98(±0.028)  sep=44.7  │  fm_e=+5.0  fm=ON  fb=100%  │  ∇rw=3.53  ∇pol=0.23
[13:20:33] [ep10|s1770]  rw=-5.016  cd=-10.187  reg=5.172  │  e+=-5.21(±0.248)  e-=+4.95(±0.022)  sep=48.0  │  fm_e=+4.9  fm=ON  fb=100%  │  ∇rw=3.17  ∇pol=0.32
[13:21:16] [ep10|s1780]  rw=-4.476  cd=-9.835  reg=5.358  │  e+=-5.22(±0.825)  e-=+5.07(±0.018)  sep=32.3  │  fm_e=+5.1  fm=ON  fb=100%  │  ∇rw=6.22  ∇pol=0.52
[13:21:58] [ep10|s1790]  rw=-5.131  cd=-10.021  reg=4.890  │  e+=-4.90(±0.243)  e-=+4.98(±0.021)  sep=63.1  │  fm_e=+5.0  fm=ON  fb=100%  │  ∇rw=3.10  ∇pol=0.58
[13:22:41] [ep10|s1800]  rw=-5.032  cd=-9.963  reg=4.932  │  e+=-4.72(±0.204)  e-=+5.20(±0.018)  sep=54.4  │  fm_e=+5.2  fm=ON  fb=100%  │  ∇rw=5.80  ∇pol=0.40
[13:23:23] [ep10|s1810]  rw=-4.973  cd=-9.652  reg=4.678  │  e+=-4.68(±0.156)  e-=+4.98(±0.011)  sep=62.4  │  fm_e=+5.0  fm=ON  fb=100%  │  ∇rw=4.06  ∇pol=0.27
[13:24:06] [ep10|s1820]  rw=-4.973  cd=-9.794  reg=4.821  │  e+=-4.78(±0.423)  e-=+5.01(±0.011)  sep=74.9  │  fm_e=+5.0  fm=ON  fb=100%  │  ∇rw=4.94  ∇pol=0.85
[13:24:48] [ep10|s1830]  rw=-5.076  cd=-10.303  reg=5.227  │  e+=-5.22(±0.161)  e-=+4.99(±0.011)  sep=117.6  │  fm_e=+5.0  fm=ON  fb=100%  │  ∇rw=2.23  ∇pol=0.32
[13:25:31] [ep10|s1840]  rw=-4.988  cd=-10.138  reg=5.150  │  e+=-5.21(±0.199)  e-=+4.93(±0.007)  sep=88.5  │  fm_e=+4.9  fm=ON  fb=100%  │  ∇rw=4.71  ∇pol=0.36
[13:26:13] [ep10|s1850]  rw=-5.000  cd=-9.640  reg=4.640  │  e+=-4.73(±0.248)  e-=+4.89(±0.017)  sep=100.3  │  fm_e=+4.9  fm=ON  fb=100%  │  ∇rw=4.87  ∇pol=0.44
[13:26:56] [ep10|s1860]  rw=-5.126  cd=-9.769  reg=4.643  │  e+=-4.80(±0.374)  e-=+4.81(±0.027)  sep=67.4  │  fm_e=+4.8  fm=ON  fb=100%  │  ∇rw=6.13  ∇pol=0.28
[13:27:38] [ep10|s1870]  rw=-5.281  cd=-10.216  reg=4.934  │  e+=-4.83(±0.663)  e-=+5.05(±0.023)  sep=45.6  │  fm_e=+5.1  fm=ON  fb=100%  │  ∇rw=2.17  ∇pol=3.48
[13:28:20] [ep10|s1880]  rw=-5.033  cd=-10.004  reg=4.970  │  e+=-4.90(±0.308)  e-=+5.06(±0.013)  sep=81.2  │  fm_e=+5.1  fm=ON  fb=100%  │  ∇rw=2.82  ∇pol=0.28
[13:29:03] [ep10|s1890]  rw=-4.765  cd=-9.621  reg=4.857  │  e+=-4.83(±0.530)  e-=+4.99(±0.009)  sep=90.3  │  fm_e=+5.0  fm=ON  fb=100%  │  ∇rw=3.72  ∇pol=0.63
[13:29:45] [ep10|s1900]  rw=-5.051  cd=-9.980  reg=4.929  │  e+=-4.91(±0.147)  e-=+5.01(±0.020)  sep=142.4  │  fm_e=+5.0  fm=ON  fb=100%  │  ∇rw=2.69  ∇pol=0.48
[13:29:46] ══════════ VAL ep10 ══════════  ρ=+0.1638 (p=0.0294) [PASS ✓]  AUROC(E)=0.6751  ECE=0.7955  N=177
[13:29:46]   ckpt saved → ckpt_epoch0010.pt
[13:29:46] ──────────────────── Epoch 11/30 ────────────────────
[13:30:29] [ep11|s1910]  rw=-5.220  cd=-10.561  reg=5.341  │  e+=-5.22(±0.439)  e-=+5.10(±0.035)  sep=52.9  │  fm_e=+5.1  fm=ON  fb=100%  │  ∇rw=5.03  ∇pol=0.32
[13:31:11] [ep11|s1920]  rw=-4.992  cd=-10.209  reg=5.216  │  e+=-5.18(±0.253)  e-=+5.02(±0.039)  sep=75.8  │  fm_e=+5.0  fm=ON  fb=100%  │  ∇rw=3.30  ∇pol=0.53
[13:31:54] [ep11|s1930]  rw=-5.079  cd=-10.047  reg=4.968  │  e+=-4.93(±0.483)  e-=+5.01(±0.020)  sep=71.2  │  fm_e=+5.0  fm=ON  fb=100%  │  ∇rw=2.66  ∇pol=0.44
[13:32:36] [ep11|s1940]  rw=-4.994  cd=-10.232  reg=5.239  │  e+=-5.16(±0.295)  e-=+5.06(±0.018)  sep=60.5  │  fm_e=+5.1  fm=ON  fb=100%  │  ∇rw=2.66  ∇pol=0.29
[13:33:18] [ep11|s1950]  rw=-5.017  cd=-10.074  reg=5.058  │  e+=-5.08(±0.147)  e-=+4.97(±0.011)  sep=90.0  │  fm_e=+5.0  fm=ON  fb=100%  │  ∇rw=3.05  ∇pol=0.52
[13:34:01] [ep11|s1960]  rw=-5.042  cd=-10.046  reg=5.003  │  e+=-4.99(±0.117)  e-=+5.01(±0.021)  sep=82.7  │  fm_e=+5.0  fm=ON  fb=100%  │  ∇rw=3.74  ∇pol=0.37
[13:34:43] [ep11|s1970]  rw=-4.921  cd=-9.986  reg=5.065  │  e+=-5.01(±0.619)  e-=+5.02(±0.013)  sep=48.3  │  fm_e=+5.0  fm=ON  fb=100%  │  ∇rw=2.07  ∇pol=0.38
[13:35:26] [ep11|s1980]  rw=-5.133  cd=-10.032  reg=4.899  │  e+=-4.60(±0.391)  e-=+5.22(±0.278)  sep=38.7  │  fm_e=+5.2  fm=ON  fb=100%  │  ∇rw=16.27  ∇pol=0.33
[13:36:08] [ep11|s1990]  rw=-4.976  cd=-10.068  reg=5.092  │  e+=-5.02(±0.313)  e-=+5.05(±0.029)  sep=61.4  │  fm_e=+5.0  fm=ON  fb=100%  │  ∇rw=6.34  ∇pol=0.38
[13:36:51] [ep11|s2000]  rw=-5.079  cd=-10.598  reg=5.519  │  e+=-5.46(±0.719)  e-=+4.99(±0.023)  sep=68.9  │  fm_e=+5.0  fm=ON  fb=100%  │  ∇rw=4.50  ∇pol=0.21
[13:37:33] [ep11|s2010]  rw=-5.091  cd=-9.955  reg=4.864  │  e+=-4.82(±0.494)  e-=+5.01(±0.010)  sep=43.1  │  fm_e=+5.0  fm=ON  fb=100%  │  ∇rw=2.97  ∇pol=0.40
[13:38:16] [ep11|s2020]  rw=-5.361  cd=-9.984  reg=4.623  │  e+=-4.38(±1.483)  e-=+4.99(±0.022)  sep=34.2  │  fm_e=+5.0  fm=ON  fb=100%  │  ∇rw=4.32  ∇pol=0.41
[13:38:58] [ep11|s2030]  rw=-5.054  cd=-9.850  reg=4.796  │  e+=-4.76(±0.360)  e-=+5.01(±0.013)  sep=53.2  │  fm_e=+5.0  fm=ON  fb=100%  │  ∇rw=4.81  ∇pol=0.98
[13:39:41] [ep11|s2040]  rw=-5.079  cd=-9.941  reg=4.862  │  e+=-4.85(±0.271)  e-=+5.00(±0.010)  sep=60.5  │  fm_e=+5.0  fm=ON  fb=100%  │  ∇rw=3.36  ∇pol=0.33
[13:40:23] [ep11|s2050]  rw=-5.065  cd=-10.029  reg=4.964  │  e+=-4.94(±0.370)  e-=+5.00(±0.027)  sep=64.7  │  fm_e=+5.0  fm=ON  fb=100%  │  ∇rw=8.10  ∇pol=0.47
[13:41:06] [ep11|s2060]  rw=-5.073  cd=-9.927  reg=4.854  │  e+=-4.69(±0.438)  e-=+5.14(±0.025)  sep=62.7  │  fm_e=+5.1  fm=ON  fb=100%  │  ∇rw=6.37  ∇pol=0.48
[13:41:48] [ep11|s2070]  rw=-4.968  cd=-9.511  reg=4.544  │  e+=-4.49(±0.179)  e-=+5.02(±0.024)  sep=54.9  │  fm_e=+5.0  fm=ON  fb=100%  │  ∇rw=6.22  ∇pol=0.46
[13:42:30] [ep11|s2080]  rw=-4.958  cd=-10.169  reg=5.211  │  e+=-5.18(±0.275)  e-=+5.02(±0.021)  sep=49.6  │  fm_e=+5.0  fm=ON  fb=100%  │  ∇rw=3.30  ∇pol=0.28
[13:43:13] [ep11|s2090]  rw=-4.925  cd=-9.703  reg=4.778  │  e+=-4.72(±0.359)  e-=+5.03(±0.022)  sep=48.8  │  fm_e=+5.0  fm=ON  fb=100%  │  ∇rw=5.10  ∇pol=0.38
[13:43:13] ══════════ VAL ep11 ══════════  ρ=+0.1987 (p=0.0080) [PASS ✓]  AUROC(E)=0.6498  ECE=0.7940  N=177
[13:43:14]   ckpt saved → ckpt_epoch0011.pt
[13:43:14] ──────────────────── Epoch 12/30 ────────────────────
[13:43:56] [ep12|s2100]  rw=-4.990  cd=-9.876  reg=4.886  │  e+=-4.81(±0.897)  e-=+4.99(±0.013)  sep=60.8  │  fm_e=+5.0  fm=ON  fb=100%  │  ∇rw=2.67  ∇pol=0.56
[13:44:39] [ep12|s2110]  rw=-5.000  cd=-9.858  reg=4.858  │  e+=-4.82(±0.469)  e-=+5.01(±0.010)  sep=52.0  │  fm_e=+5.0  fm=ON  fb=100%  │  ∇rw=4.87  ∇pol=0.39
[13:45:21] [ep12|s2120]  rw=-4.948  cd=-9.558  reg=4.610  │  e+=-4.78(±0.371)  e-=+4.80(±0.010)  sep=70.5  │  fm_e=+4.8  fm=ON  fb=100%  │  ∇rw=9.01  ∇pol=0.26
[13:46:04] [ep12|s2130]  rw=-5.010  cd=-10.466  reg=5.456  │  e+=-5.00(±0.369)  e-=+5.41(±0.022)  sep=72.4  │  fm_e=+5.4  fm=ON  fb=100%  │  ∇rw=11.63  ∇pol=0.31
[13:46:47] [ep12|s2140]  rw=-5.010  cd=-10.013  reg=5.003  │  e+=-4.96(±0.135)  e-=+5.04(±0.020)  sep=81.0  │  fm_e=+5.0  fm=ON  fb=100%  │  ∇rw=2.16  ∇pol=0.41
[13:47:29] [ep12|s2150]  rw=-5.044  cd=-9.992  reg=4.948  │  e+=-4.93(±0.288)  e-=+5.01(±0.027)  sep=114.5  │  fm_e=+5.0  fm=ON  fb=100%  │  ∇rw=1.89  ∇pol=0.36
[13:48:11] [ep12|s2160]  rw=-5.095  cd=-10.129  reg=5.033  │  e+=-5.08(±0.253)  e-=+4.95(±0.024)  sep=61.5  │  fm_e=+5.0  fm=ON  fb=100%  │  ∇rw=2.46  ∇pol=0.28
[13:48:54] [ep12|s2170]  rw=-4.967  cd=-10.445  reg=5.478  │  e+=-5.44(±0.414)  e-=+5.00(±0.012)  sep=54.2  │  fm_e=+5.0  fm=ON  fb=100%  │  ∇rw=2.43  ∇pol=0.35
[13:49:36] [ep12|s2180]  rw=-5.028  cd=-10.086  reg=5.058  │  e+=-5.04(±0.411)  e-=+5.00(±0.022)  sep=69.1  │  fm_e=+5.0  fm=ON  fb=100%  │  ∇rw=3.18  ∇pol=0.22
[13:50:19] [ep12|s2190]  rw=-4.795  cd=-9.523  reg=4.728  │  e+=-5.30(±0.432)  e-=+4.35(±0.026)  sep=38.6  │  fm_e=+4.4  fm=ON  fb=100%  │  ∇rw=14.95  ∇pol=0.41
[13:51:01] [ep12|s2200]  rw=-4.973  cd=-10.411  reg=5.438  │  e+=-5.62(±0.354)  e-=+4.76(±0.021)  sep=56.1  │  fm_e=+4.8  fm=ON  fb=100%  │  ∇rw=7.86  ∇pol=0.79
[13:51:44] [ep12|s2210]  rw=-5.384  cd=-9.886  reg=4.502  │  e+=-4.30(±1.080)  e-=+5.03(±0.022)  sep=30.2  │  fm_e=+5.0  fm=ON  fb=100%  │  ∇rw=4.97  ∇pol=0.37
[13:52:26] [ep12|s2220]  rw=-5.031  cd=-9.640  reg=4.609  │  e+=-4.60(±0.888)  e-=+4.91(±0.020)  sep=21.1  │  fm_e=+4.9  fm=ON  fb=100%  │  ∇rw=3.35  ∇pol=0.41
[13:53:09] [ep12|s2230]  rw=-5.009  cd=-10.275  reg=5.266  │  e+=-5.25(±0.213)  e-=+5.01(±0.022)  sep=48.9  │  fm_e=+5.0  fm=ON  fb=100%  │  ∇rw=2.26  ∇pol=0.30
[13:53:51] [ep12|s2240]  rw=-4.937  cd=-9.174  reg=4.237  │  e+=-4.07(±0.962)  e-=+4.98(±0.036)  sep=42.8  │  fm_e=+5.0  fm=ON  fb=100%  │  ∇rw=4.39  ∇pol=0.35
[13:54:34] [ep12|s2250]  rw=-4.936  cd=-9.469  reg=4.533  │  e+=-4.50(±0.621)  e-=+4.97(±0.014)  sep=44.4  │  fm_e=+5.0  fm=ON  fb=100%  │  ∇rw=3.35  ∇pol=0.34
[13:55:16] [ep12|s2260]  rw=-4.963  cd=-9.609  reg=4.645  │  e+=-4.64(±0.339)  e-=+4.98(±0.020)  sep=51.0  │  fm_e=+5.0  fm=ON  fb=100%  │  ∇rw=4.63  ∇pol=0.35
[13:55:58] [ep12|s2270]  rw=-4.993  cd=-9.790  reg=4.797  │  e+=-4.91(±0.464)  e-=+4.86(±0.032)  sep=49.7  │  fm_e=+4.9  fm=ON  fb=100%  │  ∇rw=5.15  ∇pol=0.25
[13:56:41] [ep12|s2280]  rw=-5.257  cd=-10.192  reg=4.935  │  e+=-4.89(±1.019)  e-=+4.94(±0.022)  sep=33.8  │  fm_e=+4.9  fm=ON  fb=100%  │  ∇rw=2.69  ∇pol=1.45
[13:56:41] ══════════ VAL ep12 ══════════  ρ=+0.2191 (p=0.0034) [PASS ✓]  AUROC(E)=0.6150  ECE=0.7951  N=177
[13:56:41]   ckpt saved → ckpt_epoch0012.pt
[13:56:41] ──────────────────── Epoch 13/30 ────────────────────
[13:57:24] [ep13|s2290]  rw=-5.048  cd=-10.577  reg=5.530  │  e+=-5.30(±0.385)  e-=+5.19(±0.013)  sep=44.7  │  fm_e=+5.2  fm=ON  fb=100%  │  ∇rw=9.09  ∇pol=0.35
[13:58:06] [ep13|s2300]  rw=-4.982  cd=-10.316  reg=5.335  │  e+=-5.38(±0.162)  e-=+4.94(±0.019)  sep=83.5  │  fm_e=+4.9  fm=ON  fb=100%  │  ∇rw=3.04  ∇pol=0.76
[13:58:49] [ep13|s2310]  rw=-4.935  cd=-10.190  reg=5.255  │  e+=-5.19(±0.259)  e-=+5.05(±0.034)  sep=56.7  │  fm_e=+5.0  fm=ON  fb=100%  │  ∇rw=3.26  ∇pol=0.32
[13:59:31] [ep13|s2320]  rw=-5.056  cd=-10.167  reg=5.111  │  e+=-5.24(±0.655)  e-=+4.82(±0.028)  sep=52.8  │  fm_e=+4.8  fm=ON  fb=100%  │  ∇rw=6.05  ∇pol=0.44
[14:00:14] [ep13|s2330]  rw=-5.258  cd=-10.157  reg=4.899  │  e+=-4.89(±0.848)  e-=+4.94(±0.022)  sep=56.2  │  fm_e=+4.9  fm=ON  fb=100%  │  ∇rw=3.94  ∇pol=0.34
[14:00:56] [ep13|s2340]  rw=-5.078  cd=-10.309  reg=5.230  │  e+=-5.26(±0.460)  e-=+4.95(±0.032)  sep=41.2  │  fm_e=+4.9  fm=ON  fb=100%  │  ∇rw=4.31  ∇pol=0.27
[14:01:39] [ep13|s2350]  rw=-5.095  cd=-10.136  reg=5.041  │  e+=-5.02(±0.650)  e-=+4.97(±0.020)  sep=38.0  │  fm_e=+5.0  fm=ON  fb=100%  │  ∇rw=2.09  ∇pol=0.40
[14:02:21] [ep13|s2360]  rw=-4.937  cd=-9.860  reg=4.923  │  e+=-4.93(±0.460)  e-=+4.97(±0.019)  sep=38.9  │  fm_e=+5.0  fm=ON  fb=100%  │  ∇rw=2.40  ∇pol=0.41
[14:03:04] [ep13|s2370]  rw=-4.996  cd=-10.398  reg=5.402  │  e+=-5.26(±1.135)  e-=+4.99(±0.069)  sep=23.2  │  fm_e=+5.0  fm=ON  fb=100%  │  ∇rw=8.38  ∇pol=0.40
[14:03:46] [ep13|s2380]  rw=-4.953  cd=-9.181  reg=4.228  │  e+=-4.18(±0.511)  e-=+4.95(±0.055)  sep=30.7  │  fm_e=+5.0  fm=ON  fb=100%  │  ∇rw=5.87  ∇pol=0.45
[14:04:29] [ep13|s2390]  rw=-5.149  cd=-10.144  reg=4.995  │  e+=-4.92(±0.406)  e-=+5.06(±0.021)  sep=32.5  │  fm_e=+5.1  fm=ON  fb=100%  │  ∇rw=3.23  ∇pol=0.29
[14:05:11] [ep13|s2400]  rw=-4.912  cd=-10.010  reg=5.098  │  e+=-5.07(±0.816)  e-=+4.96(±0.019)  sep=36.6  │  fm_e=+5.0  fm=ON  fb=100%  │  ∇rw=7.65  ∇pol=0.48
[14:05:54] [ep13|s2410]  rw=-5.008  cd=-10.061  reg=5.054  │  e+=-5.15(±0.350)  e-=+4.89(±0.024)  sep=37.0  │  fm_e=+4.9  fm=ON  fb=100%  │  ∇rw=4.71  ∇pol=0.23
[14:06:36] [ep13|s2420]  rw=-5.005  cd=-10.604  reg=5.599  │  e+=-5.58(±0.366)  e-=+4.97(±0.018)  sep=51.6  │  fm_e=+5.0  fm=ON  fb=100%  │  ∇rw=4.32  ∇pol=0.33
[14:07:19] [ep13|s2430]  rw=-4.979  cd=-10.177  reg=5.198  │  e+=-5.10(±0.287)  e-=+5.09(±0.020)  sep=76.3  │  fm_e=+5.1  fm=ON  fb=100%  │  ∇rw=2.68  ∇pol=0.49
[14:08:01] [ep13|s2440]  rw=-4.971  cd=-9.952  reg=4.981  │  e+=-4.93(±0.446)  e-=+5.03(±0.017)  sep=89.3  │  fm_e=+5.0  fm=ON  fb=100%  │  ∇rw=3.51  ∇pol=0.42
[14:08:43] [ep13|s2450]  rw=-5.253  cd=-9.840  reg=4.586  │  e+=-4.55(±0.465)  e-=+4.99(±0.029)  sep=62.3  │  fm_e=+5.0  fm=ON  fb=100%  │  ∇rw=5.17  ∇pol=0.44
[14:09:26] [ep13|s2460]  rw=-4.956  cd=-9.087  reg=4.130  │  e+=-4.06(±0.320)  e-=+4.97(±0.013)  sep=51.1  │  fm_e=+5.0  fm=ON  fb=100%  │  ∇rw=3.65  ∇pol=0.52
[14:10:08] [ep13|s2470]  rw=-4.941  cd=-9.579  reg=4.638  │  e+=-4.61(±0.565)  e-=+4.98(±0.019)  sep=48.5  │  fm_e=+5.0  fm=ON  fb=100%  │  ∇rw=2.89  ∇pol=0.46
[14:10:09] ══════════ VAL ep13 ══════════  ρ=+0.1774 (p=0.0182) [PASS ✓]  AUROC(E)=0.6632  ECE=0.7920  N=177
[14:10:09]   ckpt saved → ckpt_epoch0013.pt
[14:10:09] ──────────────────── Epoch 14/30 ────────────────────
[14:10:52] [ep14|s2480]  rw=-5.139  cd=-10.496  reg=5.357  │  e+=-5.31(±0.607)  e-=+5.00(±0.027)  sep=31.9  │  fm_e=+5.0  fm=ON  fb=100%  │  ∇rw=2.01  ∇pol=0.26
[14:11:34] [ep14|s2490]  rw=-5.031  cd=-10.370  reg=5.339  │  e+=-5.29(±0.434)  e-=+5.02(±0.017)  sep=32.7  │  fm_e=+5.0  fm=ON  fb=100%  │  ∇rw=1.71  ∇pol=0.25
[14:12:17] [ep14|s2500]  rw=-5.117  cd=-10.151  reg=5.034  │  e+=-5.02(±0.361)  e-=+5.00(±0.023)  sep=74.0  │  fm_e=+5.0  fm=ON  fb=100%  │  ∇rw=2.19  ∇pol=0.53
[14:12:59] [ep14|s2510]  rw=-5.332  cd=-11.033  reg=5.700  │  e+=-5.62(±0.867)  e-=+4.96(±0.038)  sep=43.4  │  fm_e=+5.0  fm=ON  fb=100%  │  ∇rw=4.91  ∇pol=0.33
[14:13:42] [ep14|s2520]  rw=-5.124  cd=-10.488  reg=5.364  │  e+=-5.28(±0.793)  e-=+5.01(±0.023)  sep=61.7  │  fm_e=+5.0  fm=ON  fb=100%  │  ∇rw=1.97  ∇pol=0.31
[14:14:24] [ep14|s2530]  rw=-4.929  cd=-10.339  reg=5.410  │  e+=-5.44(±0.169)  e-=+4.94(±0.019)  sep=60.3  │  fm_e=+4.9  fm=ON  fb=100%  │  ∇rw=7.80  ∇pol=0.41
[14:15:07] [ep14|s2540]  rw=-5.157  cd=-10.209  reg=5.051  │  e+=-4.92(±0.653)  e-=+5.09(±0.014)  sep=46.6  │  fm_e=+5.1  fm=ON  fb=100%  │  ∇rw=3.72  ∇pol=0.33
[14:15:49] [ep14|s2550]  rw=-4.796  cd=-8.823  reg=4.027  │  e+=-4.31(±0.450)  e-=+4.63(±0.014)  sep=28.7  │  fm_e=+4.6  fm=ON  fb=100%  │  ∇rw=24.71  ∇pol=0.95
[14:16:32] [ep14|s2560]  rw=-4.877  cd=-10.930  reg=6.053  │  e+=-5.83(±0.575)  e-=+5.12(±0.028)  sep=41.2  │  fm_e=+5.1  fm=ON  fb=100%  │  ∇rw=5.40  ∇pol=0.32
[14:17:14] [ep14|s2570]  rw=-4.987  cd=-9.771  reg=4.783  │  e+=-4.74(±0.529)  e-=+5.01(±0.017)  sep=58.1  │  fm_e=+5.0  fm=ON  fb=100%  │  ∇rw=1.99  ∇pol=0.36
[14:17:56] [ep14|s2580]  rw=-4.886  cd=-9.856  reg=4.970  │  e+=-4.94(±0.594)  e-=+4.99(±0.013)  sep=79.0  │  fm_e=+5.0  fm=ON  fb=100%  │  ∇rw=2.45  ∇pol=0.36
[14:18:39] [ep14|s2590]  rw=-5.099  cd=-10.000  reg=4.900  │  e+=-4.86(±0.531)  e-=+5.01(±0.037)  sep=61.9  │  fm_e=+5.0  fm=ON  fb=100%  │  ∇rw=2.37  ∇pol=0.51
[14:19:21] [ep14|s2600]  rw=-5.255  cd=-9.427  reg=4.172  │  e+=-3.93(±1.269)  e-=+4.97(±0.033)  sep=34.2  │  fm_e=+5.0  fm=ON  fb=100%  │  ∇rw=5.08  ∇pol=0.33
[14:20:04] [ep14|s2610]  rw=-5.040  cd=-10.100  reg=5.060  │  e+=-5.24(±0.520)  e-=+4.77(±0.096)  sep=31.4  │  fm_e=+4.7  fm=ON  fb=100%  │  ∇rw=8.74  ∇pol=0.90
[14:20:46] [ep14|s2620]  rw=-4.797  cd=-9.843  reg=5.047  │  e+=-5.03(±0.381)  e-=+5.00(±0.009)  sep=60.5  │  fm_e=+5.0  fm=ON  fb=100%  │  ∇rw=3.98  ∇pol=0.44
[14:21:29] [ep14|s2630]  rw=-5.036  cd=-9.981  reg=4.945  │  e+=-4.94(±0.189)  e-=+4.99(±0.017)  sep=59.4  │  fm_e=+5.0  fm=ON  fb=100%  │  ∇rw=5.17  ∇pol=0.37
[14:22:11] [ep14|s2640]  rw=-5.039  cd=-9.948  reg=4.909  │  e+=-5.01(±0.403)  e-=+4.88(±0.020)  sep=57.0  │  fm_e=+4.9  fm=ON  fb=100%  │  ∇rw=4.41  ∇pol=0.48
[14:22:53] [ep14|s2650]  rw=-5.009  cd=-10.297  reg=5.287  │  e+=-5.28(±0.109)  e-=+4.99(±0.009)  sep=105.3  │  fm_e=+5.0  fm=ON  fb=100%  │  ∇rw=5.84  ∇pol=0.40
[14:23:36] [ep14|s2660]  rw=-4.987  cd=-9.911  reg=4.924  │  e+=-5.09(±0.163)  e-=+4.81(±0.040)  sep=74.7  │  fm_e=+4.8  fm=ON  fb=100%  │  ∇rw=12.48  ∇pol=0.40
[14:23:36] ══════════ VAL ep14 ══════════  ρ=+0.2172 (p=0.0037) [PASS ✓]  AUROC(E)=0.6247  ECE=0.7948  N=177
[14:23:36]   ckpt saved → ckpt_epoch0014.pt
[14:23:36] ──────────────────── Epoch 15/30 ────────────────────
[14:24:19] [ep15|s2670]  rw=-4.960  cd=-9.753  reg=4.793  │  e+=-4.67(±0.315)  e-=+5.10(±0.010)  sep=93.4  │  fm_e=+5.1  fm=ON  fb=100%  │  ∇rw=3.65  ∇pol=0.21
[14:25:02] [ep15|s2680]  rw=-5.012  cd=-9.932  reg=4.920  │  e+=-4.81(±0.314)  e-=+5.10(±0.024)  sep=67.7  │  fm_e=+5.1  fm=ON  fb=100%  │  ∇rw=4.65  ∇pol=0.55
[14:25:44] [ep15|s2690]  rw=-4.913  cd=-9.987  reg=5.074  │  e+=-4.96(±0.632)  e-=+5.07(±0.028)  sep=42.3  │  fm_e=+5.1  fm=ON  fb=100%  │  ∇rw=2.82  ∇pol=0.87
[14:26:27] [ep15|s2700]  rw=-4.953  cd=-10.177  reg=5.224  │  e+=-5.32(±0.408)  e-=+4.88(±0.036)  sep=58.5  │  fm_e=+4.9  fm=ON  fb=100%  │  ∇rw=9.03  ∇pol=0.31
[14:27:09] [ep15|s2710]  rw=-5.041  cd=-9.808  reg=4.767  │  e+=-4.77(±0.467)  e-=+4.97(±0.019)  sep=33.8  │  fm_e=+5.0  fm=ON  fb=100%  │  ∇rw=4.69  ∇pol=0.30
[14:27:52] [ep15|s2720]  rw=-4.966  cd=-10.928  reg=5.961  │  e+=-5.83(±0.614)  e-=+5.02(±0.016)  sep=64.5  │  fm_e=+5.0  fm=ON  fb=100%  │  ∇rw=4.41  ∇pol=0.31
[14:28:34] [ep15|s2730]  rw=-4.981  cd=-10.681  reg=5.701  │  e+=-5.56(±0.641)  e-=+5.06(±0.016)  sep=35.3  │  fm_e=+5.1  fm=ON  fb=100%  │  ∇rw=10.96  ∇pol=0.42
[14:29:17] [ep15|s2740]  rw=-5.158  cd=-10.106  reg=4.948  │  e+=-4.94(±0.591)  e-=+4.97(±0.013)  sep=74.2  │  fm_e=+5.0  fm=ON  fb=100%  │  ∇rw=4.08  ∇pol=0.29
[14:29:59] [ep15|s2750]  rw=-4.939  cd=-9.673  reg=4.734  │  e+=-4.81(±0.211)  e-=+4.91(±0.020)  sep=69.7  │  fm_e=+4.9  fm=ON  fb=100%  │  ∇rw=5.47  ∇pol=0.40
[14:30:42] [ep15|s2760]  rw=-5.079  cd=-9.812  reg=4.733  │  e+=-4.81(±0.486)  e-=+4.85(±0.024)  sep=35.5  │  fm_e=+4.8  fm=ON  fb=100%  │  ∇rw=15.44  ∇pol=0.28
[14:31:24] [ep15|s2770]  rw=-4.949  cd=-10.721  reg=5.772  │  e+=-5.68(±0.375)  e-=+5.03(±0.023)  sep=46.5  │  fm_e=+5.0  fm=ON  fb=100%  │  ∇rw=6.52  ∇pol=0.42
[14:32:06] [ep15|s2780]  rw=-4.950  cd=-10.324  reg=5.374  │  e+=-5.21(±0.335)  e-=+5.14(±0.031)  sep=54.4  │  fm_e=+5.1  fm=ON  fb=100%  │  ∇rw=5.07  ∇pol=0.38
[14:32:49] [ep15|s2790]  rw=-5.071  cd=-10.399  reg=5.328  │  e+=-5.35(±0.366)  e-=+4.95(±0.021)  sep=62.9  │  fm_e=+5.0  fm=ON  fb=100%  │  ∇rw=6.32  ∇pol=0.59
[14:33:31] [ep15|s2800]  rw=-5.031  cd=-9.567  reg=4.536  │  e+=-4.48(±0.253)  e-=+5.02(±0.018)  sep=60.6  │  fm_e=+5.0  fm=ON  fb=100%  │  ∇rw=2.68  ∇pol=0.38
[14:34:14] [ep15|s2810]  rw=-4.882  cd=-10.676  reg=5.793  │  e+=-5.54(±0.559)  e-=+5.18(±0.018)  sep=61.0  │  fm_e=+5.2  fm=ON  fb=100%  │  ∇rw=6.01  ∇pol=0.42
[14:34:56] [ep15|s2820]  rw=-5.082  cd=-10.744  reg=5.662  │  e+=-5.57(±0.607)  e-=+5.02(±0.022)  sep=51.1  │  fm_e=+5.0  fm=ON  fb=100%  │  ∇rw=2.59  ∇pol=0.47
[14:35:39] [ep15|s2830]  rw=-5.029  cd=-9.729  reg=4.700  │  e+=-4.71(±0.273)  e-=+4.98(±0.032)  sep=49.4  │  fm_e=+5.0  fm=ON  fb=100%  │  ∇rw=4.09  ∇pol=0.30
[14:36:21] [ep15|s2840]  rw=-4.977  cd=-10.127  reg=5.150  │  e+=-5.33(±0.180)  e-=+4.80(±0.039)  sep=46.0  │  fm_e=+4.8  fm=ON  fb=100%  │  ∇rw=6.32  ∇pol=0.36
[14:37:04] [ep15|s2850]  rw=-5.014  cd=-10.343  reg=5.329  │  e+=-5.26(±0.320)  e-=+5.05(±0.036)  sep=45.2  │  fm_e=+5.0  fm=ON  fb=100%  │  ∇rw=3.01  ∇pol=0.30
[14:37:04] ══════════ VAL ep15 ══════════  ρ=+0.2045 (p=0.0063) [PASS ✓]  AUROC(E)=0.7251  ECE=0.7951  N=177
[14:37:04]   ckpt saved → ckpt_epoch0015.pt
[14:37:04] ──────────────────── Epoch 16/30 ────────────────────
[14:37:47] [ep16|s2860]  rw=-5.107  cd=-10.121  reg=5.013  │  e+=-5.01(±0.239)  e-=+4.99(±0.013)  sep=64.5  │  fm_e=+5.0  fm=ON  fb=100%  │  ∇rw=3.40  ∇pol=0.59
[14:38:30] [ep16|s2870]  rw=-4.934  cd=-9.705  reg=4.770  │  e+=-4.75(±0.435)  e-=+4.99(±0.028)  sep=52.5  │  fm_e=+5.0  fm=ON  fb=100%  │  ∇rw=3.27  ∇pol=0.45
[14:39:12] [ep16|s2880]  rw=-5.165  cd=-9.868  reg=4.703  │  e+=-4.34(±0.608)  e-=+5.26(±0.037)  sep=34.1  │  fm_e=+5.3  fm=ON  fb=100%  │  ∇rw=16.78  ∇pol=1.62
[14:39:55] [ep16|s2890]  rw=-5.039  cd=-10.163  reg=5.124  │  e+=-5.10(±0.523)  e-=+4.99(±0.014)  sep=47.6  │  fm_e=+5.0  fm=ON  fb=100%  │  ∇rw=2.95  ∇pol=0.36
[14:40:37] [ep16|s2900]  rw=-4.990  cd=-10.286  reg=5.296  │  e+=-5.33(±0.103)  e-=+4.95(±0.018)  sep=71.3  │  fm_e=+4.9  fm=ON  fb=100%  │  ∇rw=3.45  ∇pol=0.47
[14:41:20] [ep16|s2910]  rw=-5.191  cd=-9.907  reg=4.716  │  e+=-4.95(±0.638)  e-=+4.71(±0.015)  sep=41.4  │  fm_e=+4.7  fm=ON  fb=100%  │  ∇rw=6.22  ∇pol=0.26
[14:42:02] [ep16|s2920]  rw=-5.326  cd=-10.312  reg=4.986  │  e+=-4.97(±0.696)  e-=+4.96(±0.023)  sep=47.1  │  fm_e=+5.0  fm=ON  fb=100%  │  ∇rw=4.97  ∇pol=0.36
[14:42:45] [ep16|s2930]  rw=-4.982  cd=-9.508  reg=4.527  │  e+=-4.72(±0.437)  e-=+4.77(±0.034)  sep=42.8  │  fm_e=+4.8  fm=ON  fb=100%  │  ∇rw=4.99  ∇pol=0.20
[14:43:27] [ep16|s2940]  rw=-5.117  cd=-10.011  reg=4.894  │  e+=-4.84(±0.445)  e-=+5.03(±0.014)  sep=38.1  │  fm_e=+5.0  fm=ON  fb=100%  │  ∇rw=2.12  ∇pol=0.29
[14:44:09] [ep16|s2950]  rw=-4.986  cd=-10.390  reg=5.404  │  e+=-5.33(±0.657)  e-=+5.02(±0.024)  sep=58.7  │  fm_e=+5.0  fm=ON  fb=100%  │  ∇rw=6.20  ∇pol=0.50
[14:44:52] [ep16|s2960]  rw=-5.000  cd=-10.442  reg=5.442  │  e+=-5.42(±0.059)  e-=+5.00(±0.017)  sep=97.3  │  fm_e=+5.0  fm=ON  fb=100%  │  ∇rw=3.26  ∇pol=0.37
[14:45:34] [ep16|s2970]  rw=-5.088  cd=-10.211  reg=5.124  │  e+=-5.13(±0.332)  e-=+4.97(±0.011)  sep=58.1  │  fm_e=+5.0  fm=ON  fb=100%  │  ∇rw=5.00  ∇pol=0.31
[14:46:17] [ep16|s2980]  rw=-4.984  cd=-10.156  reg=5.172  │  e+=-5.11(±0.273)  e-=+5.05(±0.015)  sep=69.8  │  fm_e=+5.1  fm=ON  fb=100%  │  ∇rw=2.71  ∇pol=0.23
[14:47:00] [ep16|s2990]  rw=-4.984  cd=-10.274  reg=5.291  │  e+=-5.08(±1.347)  e-=+5.03(±0.016)  sep=60.2  │  fm_e=+5.0  fm=ON  fb=100%  │  ∇rw=3.75  ∇pol=0.34
[14:47:42] [ep16|s3000]  rw=-5.008  cd=-9.542  reg=4.535  │  e+=-4.41(±1.007)  e-=+4.99(±0.015)  sep=60.3  │  fm_e=+5.0  fm=ON  fb=100%  │  ∇rw=4.70  ∇pol=0.48
[14:48:24] [ep16|s3010]  rw=-5.011  cd=-10.396  reg=5.385  │  e+=-5.35(±0.276)  e-=+5.02(±0.013)  sep=87.9  │  fm_e=+5.0  fm=ON  fb=100%  │  ∇rw=3.75  ∇pol=0.31
[14:49:07] [ep16|s3020]  rw=-4.942  cd=-9.901  reg=4.960  │  e+=-5.18(±0.691)  e-=+4.72(±0.014)  sep=68.9  │  fm_e=+4.7  fm=ON  fb=100%  │  ∇rw=8.74  ∇pol=0.26
[14:49:49] [ep16|s3030]  rw=-4.924  cd=-9.855  reg=4.931  │  e+=-4.84(±0.285)  e-=+5.08(±0.019)  sep=62.1  │  fm_e=+5.1  fm=ON  fb=100%  │  ∇rw=4.68  ∇pol=0.18
[14:50:31] [ep16|s3040]  rw=-4.998  cd=-9.712  reg=4.714  │  e+=-5.12(±0.240)  e-=+4.56(±0.018)  sep=56.2  │  fm_e=+4.6  fm=ON  fb=100%  │  ∇rw=9.24  ∇pol=0.27
[14:50:32] ══════════ VAL ep16 ══════════  ρ=+0.2677 (p=0.0003) [PASS ✓]  AUROC(E)=0.6241  ECE=0.7955  N=177 ◀ BEST
[14:50:32]   ckpt saved → ckpt_epoch0016.pt
[14:50:32] ──────────────────── Epoch 17/30 ────────────────────
[14:51:15] [ep17|s3050]  rw=-4.977  cd=-10.408  reg=5.431  │  e+=-5.49(±0.192)  e-=+4.92(±0.009)  sep=61.3  │  fm_e=+4.9  fm=ON  fb=100%  │  ∇rw=6.08  ∇pol=0.42
[14:51:58] [ep17|s3060]  rw=-5.009  cd=-9.975  reg=4.965  │  e+=-4.95(±0.138)  e-=+5.01(±0.018)  sep=80.6  │  fm_e=+5.0  fm=ON  fb=100%  │  ∇rw=2.53  ∇pol=0.19
[14:52:40] [ep17|s3070]  rw=-5.038  cd=-10.568  reg=5.530  │  e+=-5.49(±0.312)  e-=+5.00(±0.013)  sep=61.4  │  fm_e=+5.0  fm=ON  fb=100%  │  ∇rw=6.77  ∇pol=0.37
[14:53:22] [ep17|s3080]  rw=-5.016  cd=-10.019  reg=5.003  │  e+=-4.96(±0.301)  e-=+5.03(±0.025)  sep=70.8  │  fm_e=+5.0  fm=ON  fb=100%  │  ∇rw=2.40  ∇pol=0.33
[14:54:05] [ep17|s3090]  rw=-5.136  cd=-10.017  reg=4.880  │  e+=-4.88(±0.251)  e-=+4.99(±0.027)  sep=54.6  │  fm_e=+5.0  fm=ON  fb=100%  │  ∇rw=2.88  ∇pol=0.29
[14:54:47] [ep17|s3100]  rw=-5.251  cd=-9.598  reg=4.347  │  e+=-4.31(±0.908)  e-=+4.90(±0.033)  sep=30.9  │  fm_e=+4.9  fm=ON  fb=100%  │  ∇rw=7.25  ∇pol=0.31
[14:55:30] [ep17|s3110]  rw=-4.985  cd=-9.930  reg=4.945  │  e+=-4.88(±0.704)  e-=+5.01(±0.027)  sep=56.0  │  fm_e=+5.0  fm=ON  fb=100%  │  ∇rw=5.45  ∇pol=0.27
[14:56:13] [ep17|s3120]  rw=-4.950  cd=-10.116  reg=5.167  │  e+=-4.76(±0.518)  e-=+5.36(±0.019)  sep=51.2  │  fm_e=+5.4  fm=ON  fb=100%  │  ∇rw=13.00  ∇pol=0.30
[14:56:55] [ep17|s3130]  rw=-5.016  cd=-10.350  reg=5.335  │  e+=-5.23(±0.484)  e-=+5.07(±0.019)  sep=46.5  │  fm_e=+5.1  fm=ON  fb=100%  │  ∇rw=4.30  ∇pol=0.36
[14:57:38] [ep17|s3140]  rw=-4.981  cd=-10.588  reg=5.607  │  e+=-5.48(±0.256)  e-=+5.10(±0.014)  sep=36.2  │  fm_e=+5.1  fm=ON  fb=100%  │  ∇rw=8.57  ∇pol=0.40
[14:58:20] [ep17|s3150]  rw=-4.986  cd=-10.493  reg=5.507  │  e+=-5.47(±0.245)  e-=+5.01(±0.022)  sep=41.4  │  fm_e=+5.0  fm=ON  fb=100%  │  ∇rw=2.45  ∇pol=0.45
[14:59:03] [ep17|s3160]  rw=-5.092  cd=-9.602  reg=4.510  │  e+=-4.46(±0.413)  e-=+5.01(±0.021)  sep=43.3  │  fm_e=+5.0  fm=ON  fb=100%  │  ∇rw=4.03  ∇pol=4.28
[14:59:45] [ep17|s3170]  rw=-5.048  cd=-9.668  reg=4.620  │  e+=-4.53(±0.802)  e-=+5.00(±0.023)  sep=75.7  │  fm_e=+5.0  fm=ON  fb=100%  │  ∇rw=2.54  ∇pol=0.43
[15:00:27] [ep17|s3180]  rw=-5.074  cd=-10.026  reg=4.952  │  e+=-4.95(±0.731)  e-=+4.94(±0.038)  sep=32.5  │  fm_e=+4.9  fm=ON  fb=100%  │  ∇rw=5.60  ∇pol=0.21
[15:01:10] [ep17|s3190]  rw=-4.925  cd=-9.868  reg=4.943  │  e+=-4.99(±0.503)  e-=+4.92(±0.030)  sep=61.6  │  fm_e=+4.9  fm=ON  fb=100%  │  ∇rw=2.57  ∇pol=0.27
[15:01:52] [ep17|s3200]  rw=-5.017  cd=-10.397  reg=5.380  │  e+=-5.24(±0.362)  e-=+5.12(±0.014)  sep=53.6  │  fm_e=+5.1  fm=ON  fb=100%  │  ∇rw=4.05  ∇pol=0.42
[15:02:35] [ep17|s3210]  rw=-5.097  cd=-9.661  reg=4.564  │  e+=-4.46(±0.491)  e-=+5.05(±0.007)  sep=64.7  │  fm_e=+5.0  fm=ON  fb=100%  │  ∇rw=4.75  ∇pol=0.24
[15:03:17] [ep17|s3220]  rw=-5.076  cd=-10.262  reg=5.187  │  e+=-4.94(±0.528)  e-=+5.21(±0.020)  sep=54.2  │  fm_e=+5.2  fm=ON  fb=100%  │  ∇rw=4.04  ∇pol=13.43
[15:04:00] [ep17|s3230]  rw=-4.985  cd=-10.231  reg=5.246  │  e+=-5.29(±0.382)  e-=+4.93(±0.060)  sep=47.8  │  fm_e=+4.9  fm=ON  fb=100%  │  ∇rw=5.24  ∇pol=0.34
[15:04:00] ══════════ VAL ep17 ══════════  ρ=+0.2653 (p=0.0004) [PASS ✓]  AUROC(E)=0.6429  ECE=0.7961  N=177
[15:04:01]   ckpt saved → ckpt_epoch0017.pt
[15:04:01] ──────────────────── Epoch 18/30 ────────────────────
[15:04:43] [ep18|s3240]  rw=-4.997  cd=-9.918  reg=4.921  │  e+=-5.12(±0.082)  e-=+4.79(±0.023)  sep=92.1  │  fm_e=+4.8  fm=ON  fb=100%  │  ∇rw=3.21  ∇pol=0.38
[15:05:26] [ep18|s3250]  rw=-5.038  cd=-10.030  reg=4.992  │  e+=-5.04(±0.253)  e-=+4.95(±0.025)  sep=93.9  │  fm_e=+4.9  fm=ON  fb=100%  │  ∇rw=2.46  ∇pol=0.46
[15:06:08] [ep18|s3260]  rw=-5.141  cd=-10.206  reg=5.065  │  e+=-5.03(±0.540)  e-=+5.00(±0.027)  sep=62.5  │  fm_e=+5.0  fm=ON  fb=100%  │  ∇rw=1.68  ∇pol=0.52
[15:06:51] [ep18|s3270]  rw=-4.758  cd=-9.910  reg=5.153  │  e+=-4.93(±1.295)  e-=+5.05(±0.027)  sep=31.5  │  fm_e=+5.0  fm=ON  fb=100%  │  ∇rw=2.75  ∇pol=16.93
[15:07:33] [ep18|s3280]  rw=-5.032  cd=-10.204  reg=5.171  │  e+=-5.10(±0.251)  e-=+5.06(±0.019)  sep=46.2  │  fm_e=+5.1  fm=ON  fb=100%  │  ∇rw=2.70  ∇pol=0.33
[15:08:15] [ep18|s3290]  rw=-5.031  cd=-10.624  reg=5.592  │  e+=-5.55(±0.512)  e-=+4.98(±0.031)  sep=57.0  │  fm_e=+5.0  fm=ON  fb=100%  │  ∇rw=2.15  ∇pol=0.34
[15:08:58] [ep18|s3300]  rw=-4.948  cd=-10.288  reg=5.340  │  e+=-5.57(±0.250)  e-=+4.70(±0.127)  sep=51.1  │  fm_e=+4.7  fm=ON  fb=100%  │  ∇rw=41.08  ∇pol=0.33
[15:09:40] [ep18|s3310]  rw=-5.078  cd=-9.506  reg=4.429  │  e+=-4.37(±0.453)  e-=+5.00(±0.020)  sep=34.9  │  fm_e=+5.0  fm=ON  fb=100%  │  ∇rw=6.51  ∇pol=0.52
[15:10:23] [ep18|s3320]  rw=-5.005  cd=-10.222  reg=5.217  │  e+=-5.20(±0.691)  e-=+4.96(±0.022)  sep=42.8  │  fm_e=+5.0  fm=ON  fb=100%  │  ∇rw=4.67  ∇pol=0.47
[15:11:05] [ep18|s3330]  rw=-5.045  cd=-9.795  reg=4.750  │  e+=-4.67(±0.379)  e-=+5.05(±0.020)  sep=48.3  │  fm_e=+5.1  fm=ON  fb=100%  │  ∇rw=4.26  ∇pol=0.46
[15:11:48] [ep18|s3340]  rw=-4.867  cd=-9.551  reg=4.685  │  e+=-4.61(±0.807)  e-=+4.99(±0.019)  sep=35.9  │  fm_e=+5.0  fm=ON  fb=100%  │  ∇rw=2.80  ∇pol=0.21
[15:12:30] [ep18|s3350]  rw=-5.038  cd=-10.230  reg=5.192  │  e+=-5.23(±0.184)  e-=+4.95(±0.016)  sep=60.0  │  fm_e=+4.9  fm=ON  fb=100%  │  ∇rw=3.32  ∇pol=0.38
[15:13:13] [ep18|s3360]  rw=-4.824  cd=-10.131  reg=5.307  │  e+=-5.28(±0.674)  e-=+4.97(±0.014)  sep=66.0  │  fm_e=+5.0  fm=ON  fb=100%  │  ∇rw=4.38  ∇pol=0.40
[15:13:55] [ep18|s3370]  rw=-4.970  cd=-9.230  reg=4.260  │  e+=-4.18(±0.498)  e-=+4.99(±0.015)  sep=57.4  │  fm_e=+5.0  fm=ON  fb=100%  │  ∇rw=2.71  ∇pol=0.49
[15:14:38] [ep18|s3380]  rw=-5.118  cd=-10.105  reg=4.988  │  e+=-4.93(±0.618)  e-=+5.02(±0.023)  sep=47.8  │  fm_e=+5.0  fm=ON  fb=100%  │  ∇rw=1.74  ∇pol=0.32
[15:15:20] [ep18|s3390]  rw=-4.996  cd=-10.146  reg=5.149  │  e+=-5.15(±0.193)  e-=+4.99(±0.018)  sep=45.8  │  fm_e=+5.0  fm=ON  fb=100%  │  ∇rw=3.84  ∇pol=0.34
[15:16:03] [ep18|s3400]  rw=-4.924  cd=-10.511  reg=5.587  │  e+=-5.40(±0.118)  e-=+5.17(±0.014)  sep=74.1  │  fm_e=+5.2  fm=ON  fb=100%  │  ∇rw=4.94  ∇pol=0.34
[15:16:45] [ep18|s3410]  rw=-5.196  cd=-10.106  reg=4.911  │  e+=-5.03(±0.568)  e-=+4.84(±0.010)  sep=43.5  │  fm_e=+4.8  fm=ON  fb=100%  │  ∇rw=4.12  ∇pol=0.25
[15:17:28] [ep18|s3420]  rw=-5.196  cd=-10.122  reg=4.926  │  e+=-4.85(±0.503)  e-=+5.04(±0.016)  sep=57.2  │  fm_e=+5.0  fm=ON  fb=100%  │  ∇rw=3.33  ∇pol=0.30
[15:17:28] ══════════ VAL ep18 ══════════  ρ=+0.2574 (p=0.0005) [PASS ✓]  AUROC(E)=0.7002  ECE=0.7934  N=177
[15:17:28]   ckpt saved → ckpt_epoch0018.pt
[15:17:28] ──────────────────── Epoch 19/30 ────────────────────
[15:18:11] [ep19|s3430]  rw=-5.012  cd=-10.257  reg=5.245  │  e+=-5.20(±0.208)  e-=+5.04(±0.018)  sep=118.1  │  fm_e=+5.0  fm=ON  fb=100%  │  ∇rw=2.52  ∇pol=0.36
[15:18:53] [ep19|s3440]  rw=-4.883  cd=-9.991  reg=5.109  │  e+=-5.21(±0.511)  e-=+4.87(±0.058)  sep=52.3  │  fm_e=+4.9  fm=ON  fb=100%  │  ∇rw=4.30  ∇pol=0.28
[15:19:36] [ep19|s3450]  rw=-5.028  cd=-9.932  reg=4.904  │  e+=-4.88(±0.226)  e-=+5.02(±0.019)  sep=62.3  │  fm_e=+5.0  fm=ON  fb=100%  │  ∇rw=1.70  ∇pol=0.30
[15:20:18] [ep19|s3460]  rw=-4.873  cd=-9.493  reg=4.620  │  e+=-4.57(±0.415)  e-=+5.01(±0.020)  sep=49.6  │  fm_e=+5.0  fm=ON  fb=100%  │  ∇rw=6.15  ∇pol=0.37
[15:21:01] [ep19|s3470]  rw=-5.371  cd=-10.024  reg=4.653  │  e+=-4.53(±1.056)  e-=+4.99(±0.016)  sep=63.9  │  fm_e=+5.0  fm=ON  fb=100%  │  ∇rw=4.64  ∇pol=0.67
[15:21:43] [ep19|s3480]  rw=-4.937  cd=-9.371  reg=4.433  │  e+=-4.38(±0.365)  e-=+5.00(±0.028)  sep=61.1  │  fm_e=+5.0  fm=ON  fb=100%  │  ∇rw=3.77  ∇pol=0.25
[15:22:26] [ep19|s3490]  rw=-5.040  cd=-9.775  reg=4.735  │  e+=-4.68(±0.732)  e-=+4.99(±0.019)  sep=42.1  │  fm_e=+5.0  fm=ON  fb=100%  │  ∇rw=2.64  ∇pol=0.55
[15:23:08] [ep19|s3500]  rw=-5.008  cd=-9.929  reg=4.921  │  e+=-4.88(±0.271)  e-=+5.03(±0.024)  sep=33.8  │  fm_e=+5.0  fm=ON  fb=100%  │  ∇rw=2.91  ∇pol=0.49
[15:23:51] [ep19|s3510]  rw=-5.068  cd=-9.499  reg=4.430  │  e+=-4.31(±0.706)  e-=+5.02(±0.030)  sep=41.8  │  fm_e=+5.0  fm=ON  fb=100%  │  ∇rw=6.02  ∇pol=0.33
[15:24:33] [ep19|s3520]  rw=-4.952  cd=-10.870  reg=5.918  │  e+=-5.78(±0.335)  e-=+5.07(±0.050)  sep=44.7  │  fm_e=+5.1  fm=ON  fb=100%  │  ∇rw=4.84  ∇pol=0.35
[15:25:15] [ep19|s3530]  rw=-4.972  cd=-9.907  reg=4.935  │  e+=-4.93(±0.444)  e-=+4.98(±0.035)  sep=47.9  │  fm_e=+5.0  fm=ON  fb=100%  │  ∇rw=3.41  ∇pol=0.59
[15:25:58] [ep19|s3540]  rw=-4.914  cd=-9.302  reg=4.388  │  e+=-4.11(±1.472)  e-=+4.98(±0.035)  sep=30.0  │  fm_e=+5.0  fm=ON  fb=100%  │  ∇rw=11.69  ∇pol=0.59
[15:26:40] [ep19|s3550]  rw=-5.047  cd=-10.679  reg=5.632  │  e+=-5.38(±0.580)  e-=+5.19(±0.018)  sep=35.1  │  fm_e=+5.2  fm=ON  fb=100%  │  ∇rw=5.31  ∇pol=29.50
[15:27:23] [ep19|s3560]  rw=-5.134  cd=-10.216  reg=5.082  │  e+=-4.98(±0.523)  e-=+5.06(±0.019)  sep=36.6  │  fm_e=+5.1  fm=ON  fb=100%  │  ∇rw=4.85  ∇pol=0.47
[15:28:05] [ep19|s3570]  rw=-4.876  cd=-10.351  reg=5.476  │  e+=-5.30(±1.255)  e-=+4.97(±0.030)  sep=27.3  │  fm_e=+5.0  fm=ON  fb=100%  │  ∇rw=11.30  ∇pol=0.35
[15:28:48] [ep19|s3580]  rw=-4.960  cd=-10.011  reg=5.050  │  e+=-5.00(±0.454)  e-=+5.03(±0.025)  sep=31.9  │  fm_e=+5.0  fm=ON  fb=100%  │  ∇rw=4.86  ∇pol=0.76
[15:29:30] [ep19|s3590]  rw=-5.059  cd=-10.390  reg=5.331  │  e+=-5.17(±0.627)  e-=+5.11(±0.015)  sep=31.5  │  fm_e=+5.1  fm=ON  fb=100%  │  ∇rw=2.92  ∇pol=0.27
[15:30:13] [ep19|s3600]  rw=-4.972  cd=-10.630  reg=5.659  │  e+=-5.64(±0.208)  e-=+4.96(±0.019)  sep=70.9  │  fm_e=+5.0  fm=ON  fb=100%  │  ∇rw=6.78  ∇pol=0.23
[15:30:55] [ep19|s3610]  rw=-5.014  cd=-10.333  reg=5.319  │  e+=-5.25(±0.875)  e-=+4.99(±0.022)  sep=49.5  │  fm_e=+5.0  fm=ON  fb=100%  │  ∇rw=4.54  ∇pol=0.39
[15:30:56] ══════════ VAL ep19 ══════════  ρ=+0.2710 (p=0.0003) [PASS ✓]  AUROC(E)=0.6791  ECE=0.7911  N=177 ◀ BEST
[15:30:56]   ckpt saved → ckpt_epoch0019.pt
[15:30:56] ──────────────────── Epoch 20/30 ────────────────────
[15:31:39] [ep20|s3620]  rw=-5.000  cd=-10.074  reg=5.074  │  e+=-5.15(±1.202)  e-=+4.76(±0.034)  sep=34.7  │  fm_e=+4.8  fm=ON  fb=100%  │  ∇rw=8.54  ∇pol=0.33
[15:32:21] [ep20|s3630]  rw=-4.891  cd=-10.383  reg=5.493  │  e+=-5.43(±0.537)  e-=+5.01(±0.033)  sep=30.0  │  fm_e=+5.0  fm=ON  fb=100%  │  ∇rw=3.50  ∇pol=0.40
[15:33:04] [ep20|s3640]  rw=-4.959  cd=-10.690  reg=5.730  │  e+=-5.72(±0.337)  e-=+4.95(±0.029)  sep=56.2  │  fm_e=+4.9  fm=ON  fb=100%  │  ∇rw=9.78  ∇pol=0.39
[15:33:46] [ep20|s3650]  rw=-5.073  cd=-10.007  reg=4.934  │  e+=-4.81(±1.188)  e-=+4.98(±0.018)  sep=36.5  │  fm_e=+5.0  fm=ON  fb=100%  │  ∇rw=2.50  ∇pol=40.94
[15:34:28] [ep20|s3660]  rw=-4.993  cd=-9.976  reg=4.983  │  e+=-4.95(±0.659)  e-=+4.99(±0.024)  sep=40.7  │  fm_e=+5.0  fm=ON  fb=100%  │  ∇rw=1.54  ∇pol=0.26
[15:35:11] [ep20|s3670]  rw=-5.208  cd=-10.329  reg=5.121  │  e+=-5.13(±0.386)  e-=+4.97(±0.021)  sep=47.5  │  fm_e=+5.0  fm=ON  fb=100%  │  ∇rw=4.58  ∇pol=0.36
[15:35:53] [ep20|s3680]  rw=-4.965  cd=-9.798  reg=4.833  │  e+=-4.75(±0.168)  e-=+5.07(±0.022)  sep=81.2  │  fm_e=+5.1  fm=ON  fb=100%  │  ∇rw=4.52  ∇pol=0.41
[15:36:36] [ep20|s3690]  rw=-5.020  cd=-10.823  reg=5.803  │  e+=-5.72(±0.532)  e-=+5.00(±0.020)  sep=37.4  │  fm_e=+5.0  fm=ON  fb=100%  │  ∇rw=9.50  ∇pol=0.46
[15:37:18] [ep20|s3700]  rw=-5.043  cd=-10.151  reg=5.108  │  e+=-5.13(±0.442)  e-=+4.96(±0.026)  sep=49.3  │  fm_e=+5.0  fm=ON  fb=100%  │  ∇rw=5.19  ∇pol=0.30
[15:38:01] [ep20|s3710]  rw=-5.234  cd=-10.543  reg=5.309  │  e+=-5.05(±1.595)  e-=+5.01(±0.023)  sep=38.0  │  fm_e=+5.0  fm=ON  fb=100%  │  ∇rw=3.59  ∇pol=0.45
[15:38:43] [ep20|s3720]  rw=-5.023  cd=-9.997  reg=4.975  │  e+=-4.64(±0.683)  e-=+5.26(±0.016)  sep=35.3  │  fm_e=+5.3  fm=ON  fb=100%  │  ∇rw=8.88  ∇pol=0.30
[15:39:26] [ep20|s3730]  rw=-5.155  cd=-10.286  reg=5.131  │  e+=-5.18(±0.566)  e-=+4.92(±0.038)  sep=43.8  │  fm_e=+4.9  fm=ON  fb=100%  │  ∇rw=5.59  ∇pol=0.31
[15:40:08] [ep20|s3740]  rw=-5.276  cd=-10.472  reg=5.197  │  e+=-5.03(±1.103)  e-=+5.04(±0.046)  sep=28.1  │  fm_e=+5.1  fm=ON  fb=100%  │  ∇rw=5.05  ∇pol=0.46
[15:40:51] [ep20|s3750]  rw=-4.562  cd=-9.562  reg=5.000  │  e+=-4.91(±0.945)  e-=+4.99(±0.036)  sep=19.8  │  fm_e=+5.0  fm=ON  fb=100%  │  ∇rw=6.26  ∇pol=0.47
[15:41:33] [ep20|s3760]  rw=-5.267  cd=-10.953  reg=5.686  │  e+=-5.43(±0.971)  e-=+5.14(±0.055)  sep=32.5  │  fm_e=+5.2  fm=ON  fb=100%  │  ∇rw=7.53  ∇pol=0.41
[15:42:15] [ep20|s3770]  rw=-5.035  cd=-10.030  reg=4.995  │  e+=-5.00(±0.247)  e-=+4.99(±0.040)  sep=48.4  │  fm_e=+5.0  fm=ON  fb=100%  │  ∇rw=4.50  ∇pol=0.58
[15:42:58] [ep20|s3780]  rw=-5.067  cd=-9.741  reg=4.674  │  e+=-4.63(±0.651)  e-=+4.99(±0.044)  sep=51.2  │  fm_e=+5.0  fm=ON  fb=100%  │  ∇rw=2.65  ∇pol=0.37
[15:43:40] [ep20|s3790]  rw=-4.945  cd=-10.815  reg=5.870  │  e+=-5.97(±0.272)  e-=+4.79(±0.043)  sep=42.8  │  fm_e=+4.8  fm=ON  fb=100%  │  ∇rw=16.51  ∇pol=0.26
[15:44:23] [ep20|s3800]  rw=-4.794  cd=-11.246  reg=6.453  │  e+=-6.31(±0.328)  e-=+4.96(±0.033)  sep=42.4  │  fm_e=+5.0  fm=ON  fb=100%  │  ∇rw=19.14  ∇pol=0.31
[15:44:23] ══════════ VAL ep20 ══════════  ρ=+0.2310 (p=0.0020) [PASS ✓]  AUROC(E)=0.7737  ECE=0.7991  N=177
[15:44:23]   ckpt saved → ckpt_epoch0020.pt
[15:44:23] ──────────────────── Epoch 21/30 ────────────────────
[15:45:06] [ep21|s3810]  rw=-4.904  cd=-9.791  reg=4.887  │  e+=-4.82(±0.255)  e-=+5.06(±0.020)  sep=51.1  │  fm_e=+5.1  fm=ON  fb=100%  │  ∇rw=4.30  ∇pol=0.23
[15:45:49] [ep21|s3820]  rw=-4.960  cd=-9.826  reg=4.866  │  e+=-4.64(±0.444)  e-=+5.19(±0.030)  sep=70.3  │  fm_e=+5.2  fm=ON  fb=100%  │  ∇rw=6.39  ∇pol=0.25
[15:46:31] [ep21|s3830]  rw=-4.896  cd=-9.737  reg=4.841  │  e+=-4.91(±0.561)  e-=+4.90(±0.020)  sep=41.3  │  fm_e=+4.9  fm=ON  fb=100%  │  ∇rw=4.55  ∇pol=0.30
[15:47:14] [ep21|s3840]  rw=-5.233  cd=-10.350  reg=5.116  │  e+=-5.03(±0.642)  e-=+5.04(±0.040)  sep=36.4  │  fm_e=+5.0  fm=ON  fb=100%  │  ∇rw=4.37  ∇pol=0.46
[15:47:56] [ep21|s3850]  rw=-5.137  cd=-10.001  reg=4.864  │  e+=-4.82(±0.464)  e-=+5.01(±0.033)  sep=52.8  │  fm_e=+5.0  fm=ON  fb=100%  │  ∇rw=5.53  ∇pol=26.50
[15:48:39] [ep21|s3860]  rw=-5.115  cd=-10.597  reg=5.482  │  e+=-5.40(±0.652)  e-=+5.02(±0.042)  sep=25.2  │  fm_e=+5.0  fm=ON  fb=100%  │  ∇rw=7.46  ∇pol=0.41
[15:49:21] [ep21|s3870]  rw=-4.944  cd=-9.403  reg=4.460  │  e+=-4.38(±0.381)  e-=+5.02(±0.029)  sep=44.1  │  fm_e=+5.0  fm=ON  fb=100%  │  ∇rw=6.02  ∇pol=0.27
[15:50:04] [ep21|s3880]  rw=-4.930  cd=-9.630  reg=4.700  │  e+=-4.69(±0.227)  e-=+4.99(±0.022)  sep=65.4  │  fm_e=+5.0  fm=ON  fb=100%  │  ∇rw=7.48  ∇pol=0.65
[15:50:46] [ep21|s3890]  rw=-5.051  cd=-9.800  reg=4.749  │  e+=-4.75(±0.493)  e-=+4.97(±0.035)  sep=55.0  │  fm_e=+5.0  fm=ON  fb=100%  │  ∇rw=3.97  ∇pol=0.77
[15:51:28] [ep21|s3900]  rw=-4.946  cd=-10.380  reg=5.434  │  e+=-5.36(±0.498)  e-=+5.03(±0.018)  sep=50.5  │  fm_e=+5.0  fm=ON  fb=100%  │  ∇rw=6.72  ∇pol=0.35
[15:52:11] [ep21|s3910]  rw=-5.303  cd=-10.147  reg=4.844  │  e+=-4.58(±0.618)  e-=+5.20(±0.020)  sep=36.3  │  fm_e=+5.2  fm=ON  fb=100%  │  ∇rw=11.82  ∇pol=0.25
[15:52:53] [ep21|s3920]  rw=-5.173  cd=-9.894  reg=4.721  │  e+=-4.70(±0.579)  e-=+4.98(±0.020)  sep=54.2  │  fm_e=+5.0  fm=ON  fb=100%  │  ∇rw=2.32  ∇pol=0.45
[15:53:36] [ep21|s3930]  rw=-4.951  cd=-10.402  reg=5.451  │  e+=-5.56(±0.277)  e-=+4.84(±0.105)  sep=50.2  │  fm_e=+4.8  fm=ON  fb=100%  │  ∇rw=20.15  ∇pol=0.35
[15:54:18] [ep21|s3940]  rw=-4.863  cd=-9.511  reg=4.648  │  e+=-4.67(±0.401)  e-=+4.95(±0.012)  sep=36.1  │  fm_e=+5.0  fm=ON  fb=100%  │  ∇rw=10.08  ∇pol=0.41
[15:55:01] [ep21|s3950]  rw=-4.995  cd=-9.997  reg=5.002  │  e+=-4.98(±0.307)  e-=+5.01(±0.018)  sep=58.0  │  fm_e=+5.0  fm=ON  fb=100%  │  ∇rw=1.90  ∇pol=0.87
[15:55:43] [ep21|s3960]  rw=-5.166  cd=-10.348  reg=5.183  │  e+=-5.15(±0.331)  e-=+5.02(±0.028)  sep=41.1  │  fm_e=+5.0  fm=ON  fb=100%  │  ∇rw=3.71  ∇pol=0.37
[15:56:26] [ep21|s3970]  rw=-4.951  cd=-9.866  reg=4.915  │  e+=-4.90(±0.696)  e-=+4.96(±0.023)  sep=30.0  │  fm_e=+5.0  fm=ON  fb=100%  │  ∇rw=1.91  ∇pol=0.39
[15:57:08] [ep21|s3980]  rw=-4.926  cd=-10.140  reg=5.213  │  e+=-5.14(±0.538)  e-=+5.04(±0.017)  sep=28.5  │  fm_e=+5.0  fm=ON  fb=100%  │  ∇rw=2.79  ∇pol=0.32
[15:57:51] [ep21|s3990]  rw=-5.008  cd=-9.728  reg=4.720  │  e+=-4.67(±0.549)  e-=+5.01(±0.018)  sep=38.6  │  fm_e=+5.0  fm=ON  fb=100%  │  ∇rw=1.53  ∇pol=0.44
[15:57:51] ══════════ VAL ep21 ══════════  ρ=+0.2759 (p=0.0002) [PASS ✓]  AUROC(E)=0.7195  ECE=0.7961  N=177 ◀ BEST
[15:57:51]   ckpt saved → ckpt_epoch0021.pt
[15:57:51] ──────────────────── Epoch 22/30 ────────────────────
[15:58:34] [ep22|s4000]  rw=-4.947  cd=-9.617  reg=4.671  │  e+=-4.64(±0.408)  e-=+5.00(±0.021)  sep=35.2  │  fm_e=+5.0  fm=ON  fb=100%  │  ∇rw=2.95  ∇pol=0.46
[15:59:17] [ep22|s4010]  rw=-4.680  cd=-10.163  reg=5.483  │  e+=-5.41(±0.942)  e-=+4.97(±0.027)  sep=38.5  │  fm_e=+5.0  fm=ON  fb=100%  │  ∇rw=6.86  ∇pol=0.68
[15:59:59] [ep22|s4020]  rw=-4.795  cd=-10.719  reg=5.924  │  e+=-5.80(±0.327)  e-=+5.05(±0.020)  sep=35.6  │  fm_e=+5.0  fm=ON  fb=100%  │  ∇rw=7.60  ∇pol=0.66
[16:00:42] [ep22|s4030]  rw=-4.949  cd=-9.777  reg=4.829  │  e+=-4.82(±0.231)  e-=+5.00(±0.029)  sep=43.0  │  fm_e=+5.0  fm=ON  fb=100%  │  ∇rw=1.67  ∇pol=1.70
[16:01:24] [ep22|s4040]  rw=-4.995  cd=-9.478  reg=4.483  │  e+=-4.28(±0.570)  e-=+5.11(±0.052)  sep=24.7  │  fm_e=+5.1  fm=ON  fb=100%  │  ∇rw=7.23  ∇pol=0.94
[16:02:07] [ep22|s4050]  rw=-5.065  cd=-10.486  reg=5.420  │  e+=-5.41(±0.273)  e-=+4.98(±0.016)  sep=53.6  │  fm_e=+5.0  fm=ON  fb=100%  │  ∇rw=2.41  ∇pol=0.79
[16:02:49] [ep22|s4060]  rw=-4.965  cd=-10.431  reg=5.466  │  e+=-5.40(±0.763)  e-=+4.99(±0.028)  sep=33.9  │  fm_e=+5.0  fm=ON  fb=100%  │  ∇rw=5.25  ∇pol=0.78
[16:03:31] [ep22|s4070]  rw=-5.000  cd=-9.135  reg=4.135  │  e+=-4.08(±0.333)  e-=+4.95(±0.023)  sep=51.5  │  fm_e=+5.0  fm=ON  fb=100%  │  ∇rw=5.70  ∇pol=0.60
[16:04:14] [ep22|s4080]  rw=-5.313  cd=-9.944  reg=4.632  │  e+=-4.60(±0.882)  e-=+4.93(±0.051)  sep=42.4  │  fm_e=+4.9  fm=ON  fb=100%  │  ∇rw=5.29  ∇pol=1.00
[16:04:56] [ep22|s4090]  rw=-4.966  cd=-9.936  reg=4.970  │  e+=-4.82(±0.689)  e-=+5.10(±0.022)  sep=33.8  │  fm_e=+5.1  fm=ON  fb=100%  │  ∇rw=2.58  ∇pol=0.43
[16:05:39] [ep22|s4100]  rw=-5.003  cd=-10.012  reg=5.010  │  e+=-4.99(±0.880)  e-=+4.94(±0.029)  sep=40.6  │  fm_e=+4.9  fm=ON  fb=100%  │  ∇rw=4.92  ∇pol=0.29
[16:06:21] [ep22|s4110]  rw=-4.969  cd=-10.091  reg=5.122  │  e+=-5.09(±0.454)  e-=+5.01(±0.023)  sep=49.9  │  fm_e=+5.0  fm=ON  fb=100%  │  ∇rw=2.45  ∇pol=0.37
[16:07:04] [ep22|s4120]  rw=-5.143  cd=-10.129  reg=4.986  │  e+=-5.00(±0.614)  e-=+4.95(±0.035)  sep=34.9  │  fm_e=+5.0  fm=ON  fb=100%  │  ∇rw=2.80  ∇pol=0.52
[16:07:46] [ep22|s4130]  rw=-4.959  cd=-10.173  reg=5.214  │  e+=-5.23(±0.957)  e-=+4.88(±0.025)  sep=42.4  │  fm_e=+4.9  fm=ON  fb=100%  │  ∇rw=3.93  ∇pol=0.53
[16:08:29] [ep22|s4140]  rw=-5.011  cd=-10.000  reg=4.989  │  e+=-4.95(±0.463)  e-=+5.02(±0.039)  sep=72.4  │  fm_e=+5.0  fm=ON  fb=100%  │  ∇rw=1.61  ∇pol=0.41
[16:09:11] [ep22|s4150]  rw=-4.913  cd=-10.848  reg=5.935  │  e+=-5.86(±0.184)  e-=+4.99(±0.018)  sep=55.2  │  fm_e=+5.0  fm=ON  fb=100%  │  ∇rw=12.28  ∇pol=0.37
[16:09:53] [ep22|s4160]  rw=-4.998  cd=-10.459  reg=5.461  │  e+=-5.40(±0.720)  e-=+4.99(±0.022)  sep=43.0  │  fm_e=+5.0  fm=ON  fb=100%  │  ∇rw=4.14  ∇pol=0.47
[16:10:36] [ep22|s4170]  rw=-4.986  cd=-9.791  reg=4.804  │  e+=-4.87(±0.547)  e-=+4.90(±0.064)  sep=31.7  │  fm_e=+4.9  fm=ON  fb=100%  │  ∇rw=5.20  ∇pol=0.47
[16:11:18] [ep22|s4180]  rw=-5.026  cd=-9.989  reg=4.963  │  e+=-4.95(±0.596)  e-=+4.98(±0.022)  sep=40.6  │  fm_e=+5.0  fm=ON  fb=100%  │  ∇rw=2.34  ∇pol=0.59
[16:11:19] ══════════ VAL ep22 ══════════  ρ=+0.2737 (p=0.0002) [PASS ✓]  AUROC(E)=0.7494  ECE=0.7923  N=177
[16:11:19]   ckpt saved → ckpt_epoch0022.pt
[16:11:19] ──────────────────── Epoch 23/30 ────────────────────
[16:12:02] [ep23|s4190]  rw=-5.012  cd=-10.295  reg=5.282  │  e+=-5.25(±0.371)  e-=+5.01(±0.020)  sep=50.1  │  fm_e=+5.0  fm=ON  fb=100%  │  ∇rw=1.62  ∇pol=6.80
[16:12:44] [ep23|s4200]  rw=-5.106  cd=-9.838  reg=4.731  │  e+=-4.59(±0.430)  e-=+5.11(±0.022)  sep=49.9  │  fm_e=+5.1  fm=ON  fb=100%  │  ∇rw=3.14  ∇pol=0.66
[16:13:27] [ep23|s4210]  rw=-4.991  cd=-10.706  reg=5.715  │  e+=-5.60(±0.638)  e-=+5.03(±0.048)  sep=55.9  │  fm_e=+5.0  fm=ON  fb=100%  │  ∇rw=6.13  ∇pol=0.66
[16:14:09] [ep23|s4220]  rw=-4.975  cd=-10.510  reg=5.535  │  e+=-5.51(±0.282)  e-=+4.99(±0.029)  sep=50.7  │  fm_e=+5.0  fm=ON  fb=100%  │  ∇rw=8.11  ∇pol=0.72
[16:14:52] [ep23|s4230]  rw=-5.134  cd=-10.460  reg=5.326  │  e+=-5.25(±0.880)  e-=+4.99(±0.026)  sep=69.9  │  fm_e=+5.0  fm=ON  fb=100%  │  ∇rw=1.37  ∇pol=1.06
[16:15:34] [ep23|s4240]  rw=-5.077  cd=-9.762  reg=4.685  │  e+=-4.68(±0.299)  e-=+4.98(±0.012)  sep=50.2  │  fm_e=+5.0  fm=ON  fb=100%  │  ∇rw=8.14  ∇pol=1.24
[16:16:17] [ep23|s4250]  rw=-5.019  cd=-10.156  reg=5.137  │  e+=-5.09(±0.348)  e-=+5.03(±0.017)  sep=50.9  │  fm_e=+5.0  fm=ON  fb=100%  │  ∇rw=3.44  ∇pol=0.34
[16:16:59] [ep23|s4260]  rw=-5.054  cd=-10.164  reg=5.109  │  e+=-5.01(±0.605)  e-=+5.06(±0.009)  sep=45.2  │  fm_e=+5.1  fm=ON  fb=100%  │  ∇rw=2.86  ∇pol=0.28
[16:17:42] [ep23|s4270]  rw=-5.015  cd=-9.501  reg=4.485  │  e+=-4.43(±0.196)  e-=+5.01(±0.016)  sep=73.6  │  fm_e=+5.0  fm=ON  fb=100%  │  ∇rw=1.61  ∇pol=0.37
[16:18:24] [ep23|s4280]  rw=-5.008  cd=-9.528  reg=4.520  │  e+=-4.61(±0.316)  e-=+4.88(±0.031)  sep=60.9  │  fm_e=+4.9  fm=ON  fb=100%  │  ∇rw=4.76  ∇pol=0.36
[16:19:07] [ep23|s4290]  rw=-5.134  cd=-9.757  reg=4.623  │  e+=-4.65(±0.477)  e-=+4.94(±0.034)  sep=68.7  │  fm_e=+4.9  fm=ON  fb=100%  │  ∇rw=6.28  ∇pol=0.54
[16:19:49] [ep23|s4300]  rw=-5.026  cd=-10.113  reg=5.087  │  e+=-4.93(±0.701)  e-=+5.11(±0.050)  sep=36.4  │  fm_e=+5.1  fm=ON  fb=100%  │  ∇rw=8.12  ∇pol=0.22
[16:20:31] [ep23|s4310]  rw=-5.214  cd=-10.446  reg=5.232  │  e+=-5.18(±0.640)  e-=+5.00(±0.027)  sep=54.2  │  fm_e=+5.0  fm=ON  fb=100%  │  ∇rw=2.51  ∇pol=0.50
[16:21:14] [ep23|s4320]  rw=-5.072  cd=-10.241  reg=5.169  │  e+=-5.14(±0.368)  e-=+5.02(±0.025)  sep=38.4  │  fm_e=+5.0  fm=ON  fb=100%  │  ∇rw=2.13  ∇pol=0.38
[16:21:57] [ep23|s4330]  rw=-4.930  cd=-10.393  reg=5.463  │  e+=-5.51(±0.534)  e-=+4.90(±0.027)  sep=53.5  │  fm_e=+4.9  fm=ON  fb=100%  │  ∇rw=9.48  ∇pol=0.54
[16:22:39] [ep23|s4340]  rw=-5.058  cd=-10.320  reg=5.262  │  e+=-5.42(±0.276)  e-=+4.82(±0.028)  sep=49.2  │  fm_e=+4.8  fm=ON  fb=100%  │  ∇rw=11.33  ∇pol=0.34
[16:23:22] [ep23|s4350]  rw=-5.227  cd=-10.304  reg=5.077  │  e+=-4.93(±0.648)  e-=+5.10(±0.018)  sep=58.7  │  fm_e=+5.1  fm=ON  fb=100%  │  ∇rw=4.26  ∇pol=0.51
[16:24:04] [ep23|s4360]  rw=-4.828  cd=-10.853  reg=6.025  │  e+=-5.87(±0.615)  e-=+5.04(±0.021)  sep=33.4  │  fm_e=+5.0  fm=ON  fb=100%  │  ∇rw=5.13  ∇pol=0.39
[16:24:47] [ep23|s4370]  rw=-5.112  cd=-9.722  reg=4.610  │  e+=-4.54(±0.666)  e-=+5.00(±0.025)  sep=47.5  │  fm_e=+5.0  fm=ON  fb=100%  │  ∇rw=2.41  ∇pol=0.27
[16:24:47] ══════════ VAL ep23 ══════════  ρ=+0.2788 (p=0.0002) [PASS ✓]  AUROC(E)=0.6918  ECE=0.7956  N=177 ◀ BEST
[16:24:48]   ckpt saved → ckpt_epoch0023.pt
[16:24:48] ──────────────────── Epoch 24/30 ────────────────────
[16:25:30] [ep24|s4380]  rw=-5.137  cd=-10.304  reg=5.167  │  e+=-5.16(±0.476)  e-=+4.98(±0.023)  sep=37.9  │  fm_e=+5.0  fm=ON  fb=100%  │  ∇rw=2.45  ∇pol=0.41
[16:26:13] [ep24|s4390]  rw=-5.179  cd=-10.190  reg=5.010  │  e+=-5.00(±0.602)  e-=+4.97(±0.027)  sep=37.4  │  fm_e=+5.0  fm=ON  fb=100%  │  ∇rw=3.52  ∇pol=0.32
[16:26:55] [ep24|s4400]  rw=-5.129  cd=-10.125  reg=4.996  │  e+=-5.08(±0.456)  e-=+4.90(±0.030)  sep=34.0  │  fm_e=+4.9  fm=ON  fb=100%  │  ∇rw=5.30  ∇pol=0.35
[16:27:38] [ep24|s4410]  rw=-4.967  cd=-10.428  reg=5.462  │  e+=-5.41(±0.250)  e-=+5.02(±0.025)  sep=42.1  │  fm_e=+5.0  fm=ON  fb=100%  │  ∇rw=3.96  ∇pol=0.36
[16:28:20] [ep24|s4420]  rw=-5.183  cd=-9.661  reg=4.478  │  e+=-4.36(±1.004)  e-=+4.98(±0.026)  sep=29.8  │  fm_e=+5.0  fm=ON  fb=100%  │  ∇rw=2.27  ∇pol=0.39
[16:29:02] [ep24|s4430]  rw=-5.140  cd=-9.989  reg=4.849  │  e+=-4.78(±0.756)  e-=+5.00(±0.035)  sep=67.0  │  fm_e=+5.0  fm=ON  fb=100%  │  ∇rw=2.28  ∇pol=0.39
[16:29:45] [ep24|s4440]  rw=-5.012  cd=-10.056  reg=5.044  │  e+=-5.01(±0.194)  e-=+5.03(±0.048)  sep=42.7  │  fm_e=+5.0  fm=ON  fb=100%  │  ∇rw=2.48  ∇pol=0.66
[16:30:27] [ep24|s4450]  rw=-5.132  cd=-9.752  reg=4.620  │  e+=-4.49(±1.012)  e-=+5.00(±0.049)  sep=31.6  │  fm_e=+5.0  fm=ON  fb=100%  │  ∇rw=10.92  ∇pol=0.63
[16:31:10] [ep24|s4460]  rw=-4.824  cd=-9.653  reg=4.829  │  e+=-4.85(±0.478)  e-=+4.95(±0.041)  sep=36.7  │  fm_e=+5.0  fm=ON  fb=100%  │  ∇rw=3.04  ∇pol=0.52
[16:31:52] [ep24|s4470]  rw=-4.919  cd=-9.686  reg=4.767  │  e+=-4.71(±0.746)  e-=+4.99(±0.020)  sep=33.9  │  fm_e=+5.0  fm=ON  fb=100%  │  ∇rw=1.58  ∇pol=0.63
[16:32:35] [ep24|s4480]  rw=-4.901  cd=-11.216  reg=6.315  │  e+=-6.14(±0.463)  e-=+5.02(±0.042)  sep=37.0  │  fm_e=+5.0  fm=ON  fb=100%  │  ∇rw=13.42  ∇pol=0.56
[16:33:17] [ep24|s4490]  rw=-5.120  cd=-9.697  reg=4.577  │  e+=-4.57(±0.366)  e-=+4.98(±0.028)  sep=36.3  │  fm_e=+5.0  fm=ON  fb=100%  │  ∇rw=4.09  ∇pol=0.31
[16:33:59] [ep24|s4500]  rw=-4.895  cd=-10.247  reg=5.353  │  e+=-5.31(±0.622)  e-=+5.00(±0.030)  sep=47.4  │  fm_e=+5.0  fm=ON  fb=100%  │  ∇rw=6.58  ∇pol=0.29
[16:34:42] [ep24|s4510]  rw=-5.102  cd=-10.706  reg=5.604  │  e+=-5.53(±0.830)  e-=+4.98(±0.037)  sep=42.4  │  fm_e=+5.0  fm=ON  fb=100%  │  ∇rw=3.15  ∇pol=0.25
[16:35:24] [ep24|s4520]  rw=-4.964  cd=-9.793  reg=4.828  │  e+=-4.82(±0.354)  e-=+4.99(±0.022)  sep=42.3  │  fm_e=+5.0  fm=ON  fb=100%  │  ∇rw=3.30  ∇pol=0.35
[16:36:06] [ep24|s4530]  rw=-5.014  cd=-10.289  reg=5.275  │  e+=-5.23(±0.328)  e-=+5.03(±0.027)  sep=46.5  │  fm_e=+5.0  fm=ON  fb=100%  │  ∇rw=2.34  ∇pol=0.19
[16:36:49] [ep24|s4540]  rw=-4.939  cd=-10.831  reg=5.892  │  e+=-5.83(±0.310)  e-=+4.98(±0.033)  sep=43.5  │  fm_e=+5.0  fm=ON  fb=100%  │  ∇rw=10.01  ∇pol=0.41
[16:37:31] [ep24|s4550]  rw=-5.048  cd=-11.034  reg=5.987  │  e+=-5.78(±0.740)  e-=+5.09(±0.037)  sep=41.1  │  fm_e=+5.1  fm=ON  fb=100%  │  ∇rw=11.01  ∇pol=0.64
[16:38:14] [ep24|s4560]  rw=-5.082  cd=-9.918  reg=4.836  │  e+=-4.76(±0.674)  e-=+5.03(±0.037)  sep=32.1  │  fm_e=+5.0  fm=ON  fb=100%  │  ∇rw=6.82  ∇pol=0.74
[16:38:14] ══════════ VAL ep24 ══════════  ρ=+0.2905 (p=0.0001) [PASS ✓]  AUROC(E)=0.6779  ECE=0.7889  N=177 ◀ BEST
[16:38:15]   ckpt saved → ckpt_epoch0024.pt
[16:38:15] ──────────────────── Epoch 25/30 ────────────────────
[16:38:57] [ep25|s4570]  rw=-5.019  cd=-9.776  reg=4.757  │  e+=-4.64(±0.743)  e-=+5.05(±0.031)  sep=36.5  │  fm_e=+5.0  fm=ON  fb=100%  │  ∇rw=2.35  ∇pol=0.51
[16:39:40] [ep25|s4580]  rw=-4.943  cd=-9.708  reg=4.765  │  e+=-4.64(±0.621)  e-=+5.07(±0.024)  sep=48.9  │  fm_e=+5.1  fm=ON  fb=100%  │  ∇rw=1.80  ∇pol=0.59
[16:40:22] [ep25|s4590]  rw=-5.298  cd=-10.190  reg=4.892  │  e+=-4.75(±0.658)  e-=+5.09(±0.019)  sep=43.1  │  fm_e=+5.1  fm=ON  fb=100%  │  ∇rw=3.03  ∇pol=0.32
[16:41:05] [ep25|s4600]  rw=-5.096  cd=-9.670  reg=4.574  │  e+=-4.54(±0.390)  e-=+4.99(±0.011)  sep=44.8  │  fm_e=+5.0  fm=ON  fb=100%  │  ∇rw=3.16  ∇pol=0.42
[16:41:47] [ep25|s4610]  rw=-5.297  cd=-9.876  reg=4.579  │  e+=-4.56(±0.726)  e-=+4.94(±0.016)  sep=39.1  │  fm_e=+4.9  fm=ON  fb=100%  │  ∇rw=7.10  ∇pol=0.44
[16:42:29] [ep25|s4620]  rw=-4.874  cd=-8.531  reg=3.657  │  e+=-3.82(±0.126)  e-=+4.68(±0.023)  sep=56.8  │  fm_e=+4.7  fm=ON  fb=100%  │  ∇rw=10.60  ∇pol=0.45
[16:43:12] [ep25|s4630]  rw=-4.995  cd=-9.480  reg=4.486  │  e+=-4.60(±0.670)  e-=+4.82(±0.017)  sep=48.0  │  fm_e=+4.8  fm=ON  fb=100%  │  ∇rw=4.65  ∇pol=0.31
[16:43:54] [ep25|s4640]  rw=-5.031  cd=-10.393  reg=5.362  │  e+=-5.30(±0.274)  e-=+5.04(±0.019)  sep=52.3  │  fm_e=+5.0  fm=ON  fb=100%  │  ∇rw=2.43  ∇pol=0.25
[16:44:37] [ep25|s4650]  rw=-4.999  cd=-9.844  reg=4.845  │  e+=-4.83(±0.622)  e-=+4.97(±0.021)  sep=68.3  │  fm_e=+5.0  fm=ON  fb=100%  │  ∇rw=2.16  ∇pol=0.22
[16:45:19] [ep25|s4660]  rw=-5.149  cd=-9.420  reg=4.271  │  e+=-4.13(±0.890)  e-=+4.99(±0.042)  sep=30.2  │  fm_e=+5.0  fm=ON  fb=100%  │  ∇rw=3.27  ∇pol=0.41
[16:46:02] [ep25|s4670]  rw=-5.113  cd=-10.165  reg=5.052  │  e+=-5.03(±0.485)  e-=+5.00(±0.021)  sep=35.4  │  fm_e=+5.0  fm=ON  fb=100%  │  ∇rw=3.92  ∇pol=0.43
[16:46:45] [ep25|s4680]  rw=-4.981  cd=-10.813  reg=5.833  │  e+=-5.76(±0.302)  e-=+5.01(±0.023)  sep=42.2  │  fm_e=+5.0  fm=ON  fb=100%  │  ∇rw=11.39  ∇pol=0.34
[16:47:27] [ep25|s4690]  rw=-4.893  cd=-9.729  reg=4.836  │  e+=-4.85(±0.440)  e-=+4.97(±0.023)  sep=35.5  │  fm_e=+5.0  fm=ON  fb=100%  │  ∇rw=1.62  ∇pol=0.25
[16:48:10] [ep25|s4700]  rw=-4.869  cd=-9.534  reg=4.665  │  e+=-4.59(±0.696)  e-=+5.01(±0.027)  sep=50.4  │  fm_e=+5.0  fm=ON  fb=100%  │  ∇rw=5.26  ∇pol=0.27
[16:48:52] [ep25|s4710]  rw=-4.967  cd=-10.538  reg=5.571  │  e+=-5.48(±0.245)  e-=+5.06(±0.017)  sep=72.1  │  fm_e=+5.1  fm=ON  fb=100%  │  ∇rw=4.19  ∇pol=0.22
[16:49:34] [ep25|s4720]  rw=-5.085  cd=-9.896  reg=4.811  │  e+=-5.20(±0.704)  e-=+4.54(±0.057)  sep=40.4  │  fm_e=+4.5  fm=ON  fb=100%  │  ∇rw=10.30  ∇pol=0.43
[16:50:17] [ep25|s4730]  rw=-5.016  cd=-9.712  reg=4.696  │  e+=-4.65(±0.629)  e-=+4.99(±0.047)  sep=52.0  │  fm_e=+5.0  fm=ON  fb=100%  │  ∇rw=5.91  ∇pol=0.66
[16:50:59] [ep25|s4740]  rw=-5.117  cd=-10.425  reg=5.308  │  e+=-5.22(±0.512)  e-=+5.06(±0.072)  sep=42.1  │  fm_e=+5.0  fm=ON  fb=100%  │  ∇rw=3.07  ∇pol=0.33
[16:51:42] [ep25|s4750]  rw=-4.943  cd=-10.695  reg=5.753  │  e+=-5.78(±0.092)  e-=+4.91(±0.086)  sep=50.2  │  fm_e=+4.9  fm=ON  fb=100%  │  ∇rw=2.97  ∇pol=0.35
[16:51:42] ══════════ VAL ep25 ══════════  ρ=+0.3044 (p=0.0000) [PASS ✓]  AUROC(E)=0.7491  ECE=0.7933  N=177 ◀ BEST
[16:51:43]   ckpt saved → ckpt_epoch0025.pt
[16:51:43] ──────────────────── Epoch 26/30 ────────────────────
[16:52:25] [ep26|s4760]  rw=-4.971  cd=-9.936  reg=4.964  │  e+=-4.87(±0.531)  e-=+5.06(±0.057)  sep=37.8  │  fm_e=+5.0  fm=ON  fb=100%  │  ∇rw=2.37  ∇pol=0.26
[16:53:08] [ep26|s4770]  rw=-5.007  cd=-10.041  reg=5.034  │  e+=-5.07(±0.485)  e-=+4.93(±0.038)  sep=57.5  │  fm_e=+4.9  fm=ON  fb=100%  │  ∇rw=2.66  ∇pol=0.29
[16:53:50] [ep26|s4780]  rw=-5.011  cd=-10.266  reg=5.255  │  e+=-5.22(±0.830)  e-=+4.96(±0.029)  sep=35.0  │  fm_e=+5.0  fm=ON  fb=100%  │  ∇rw=3.46  ∇pol=0.26
[16:54:33] [ep26|s4790]  rw=-4.929  cd=-10.115  reg=5.186  │  e+=-5.14(±0.679)  e-=+4.99(±0.036)  sep=52.2  │  fm_e=+5.0  fm=ON  fb=100%  │  ∇rw=1.22  ∇pol=0.29
[16:55:15] [ep26|s4800]  rw=-5.174  cd=-9.812  reg=4.638  │  e+=-4.57(±0.752)  e-=+5.00(±0.031)  sep=51.8  │  fm_e=+5.0  fm=ON  fb=100%  │  ∇rw=0.99  ∇pol=0.45
[16:55:58] [ep26|s4810]  rw=-4.875  cd=-10.106  reg=5.231  │  e+=-5.22(±0.522)  e-=+4.98(±0.044)  sep=37.6  │  fm_e=+5.0  fm=ON  fb=100%  │  ∇rw=2.57  ∇pol=0.26
[16:56:40] [ep26|s4820]  rw=-4.972  cd=-10.266  reg=5.294  │  e+=-5.09(±0.558)  e-=+5.17(±0.036)  sep=32.8  │  fm_e=+5.2  fm=ON  fb=100%  │  ∇rw=3.09  ∇pol=0.58
[16:57:23] [ep26|s4830]  rw=-4.996  cd=-9.829  reg=4.832  │  e+=-4.65(±0.474)  e-=+5.14(±0.031)  sep=48.3  │  fm_e=+5.1  fm=ON  fb=100%  │  ∇rw=5.12  ∇pol=0.29
[16:58:05] [ep26|s4840]  rw=-5.119  cd=-10.871  reg=5.752  │  e+=-5.60(±1.060)  e-=+5.01(±0.034)  sep=33.7  │  fm_e=+5.0  fm=ON  fb=100%  │  ∇rw=2.94  ∇pol=5.30
[16:58:48] [ep26|s4850]  rw=-4.951  cd=-9.547  reg=4.596  │  e+=-4.47(±0.988)  e-=+5.00(±0.040)  sep=33.6  │  fm_e=+5.0  fm=ON  fb=100%  │  ∇rw=1.27  ∇pol=0.36
[16:59:30] [ep26|s4860]  rw=-5.017  cd=-9.373  reg=4.356  │  e+=-4.39(±0.443)  e-=+4.91(±0.025)  sep=34.0  │  fm_e=+4.9  fm=ON  fb=100%  │  ∇rw=4.78  ∇pol=0.54
[17:00:13] [ep26|s4870]  rw=-5.114  cd=-10.197  reg=5.083  │  e+=-5.01(±0.491)  e-=+5.04(±0.022)  sep=42.5  │  fm_e=+5.0  fm=ON  fb=100%  │  ∇rw=2.11  ∇pol=0.25
[17:00:55] [ep26|s4880]  rw=-5.132  cd=-10.662  reg=5.530  │  e+=-5.46(±0.717)  e-=+4.99(±0.021)  sep=31.2  │  fm_e=+5.0  fm=ON  fb=100%  │  ∇rw=2.32  ∇pol=0.39
[17:01:38] [ep26|s4890]  rw=-4.900  cd=-10.637  reg=5.737  │  e+=-5.69(±0.395)  e-=+4.98(±0.030)  sep=40.7  │  fm_e=+5.0  fm=ON  fb=100%  │  ∇rw=10.48  ∇pol=0.67
[17:02:20] [ep26|s4900]  rw=-4.975  cd=-9.925  reg=4.950  │  e+=-4.89(±0.430)  e-=+5.04(±0.023)  sep=39.8  │  fm_e=+5.0  fm=ON  fb=100%  │  ∇rw=2.17  ∇pol=0.89
[17:03:03] [ep26|s4910]  rw=-5.018  cd=-9.921  reg=4.902  │  e+=-4.91(±0.199)  e-=+4.99(±0.022)  sep=57.1  │  fm_e=+5.0  fm=ON  fb=100%  │  ∇rw=1.69  ∇pol=0.78
[17:03:45] [ep26|s4920]  rw=-5.102  cd=-10.190  reg=5.088  │  e+=-4.99(±0.717)  e-=+5.04(±0.084)  sep=37.4  │  fm_e=+5.0  fm=ON  fb=100%  │  ∇rw=5.82  ∇pol=0.78
[17:04:28] [ep26|s4930]  rw=-5.012  cd=-9.397  reg=4.385  │  e+=-4.30(±0.663)  e-=+4.99(±0.082)  sep=33.4  │  fm_e=+5.0  fm=ON  fb=100%  │  ∇rw=9.22  ∇pol=0.59
[17:05:10] [ep26|s4940]  rw=-5.037  cd=-10.257  reg=5.219  │  e+=-5.15(±0.826)  e-=+4.99(±0.043)  sep=48.7  │  fm_e=+5.0  fm=ON  fb=100%  │  ∇rw=2.42  ∇pol=0.49
[17:05:11] ══════════ VAL ep26 ══════════  ρ=+0.2435 (p=0.0011) [PASS ✓]  AUROC(E)=0.7389  ECE=0.7909  N=177
[17:05:11]   ckpt saved → ckpt_epoch0026.pt
[17:05:11] ──────────────────── Epoch 27/30 ────────────────────
[17:05:54] [ep27|s4950]  rw=-5.330  cd=-10.058  reg=4.728  │  e+=-4.59(±0.792)  e-=+5.06(±0.044)  sep=30.1  │  fm_e=+5.0  fm=ON  fb=100%  │  ∇rw=4.82  ∇pol=0.87
[17:06:36] [ep27|s4960]  rw=-5.111  cd=-10.376  reg=5.265  │  e+=-5.14(±0.923)  e-=+5.04(±0.067)  sep=38.8  │  fm_e=+5.0  fm=ON  fb=100%  │  ∇rw=9.25  ∇pol=0.33
[17:07:19] [ep27|s4970]  rw=-5.112  cd=-9.098  reg=3.986  │  e+=-4.10(±0.466)  e-=+4.78(±0.074)  sep=39.4  │  fm_e=+4.8  fm=ON  fb=100%  │  ∇rw=6.54  ∇pol=0.39
[17:08:01] [ep27|s4980]  rw=-5.036  cd=-10.203  reg=5.167  │  e+=-5.18(±0.699)  e-=+4.94(±0.051)  sep=36.5  │  fm_e=+4.9  fm=ON  fb=100%  │  ∇rw=1.67  ∇pol=0.33
[17:08:43] [ep27|s4990]  rw=-5.258  cd=-10.360  reg=5.103  │  e+=-4.98(±0.775)  e-=+5.06(±0.046)  sep=42.4  │  fm_e=+5.1  fm=ON  fb=100%  │  ∇rw=4.51  ∇pol=0.19
[17:09:26] [ep27|s5000]  rw=-5.096  cd=-9.863  reg=4.766  │  e+=-4.64(±0.416)  e-=+5.10(±0.073)  sep=35.5  │  fm_e=+5.1  fm=ON  fb=100%  │  ∇rw=4.16  ∇pol=0.28
[17:10:08] [ep27|s5010]  rw=-5.190  cd=-10.872  reg=5.682  │  e+=-5.58(±0.658)  e-=+5.02(±0.034)  sep=38.4  │  fm_e=+5.0  fm=ON  fb=100%  │  ∇rw=4.87  ∇pol=0.29
[17:10:51] [ep27|s5020]  rw=-5.083  cd=-10.407  reg=5.324  │  e+=-5.25(±0.437)  e-=+5.05(±0.042)  sep=35.4  │  fm_e=+5.1  fm=ON  fb=100%  │  ∇rw=5.00  ∇pol=0.40
[17:11:34] [ep27|s5030]  rw=-4.966  cd=-10.226  reg=5.260  │  e+=-5.28(±0.194)  e-=+4.97(±0.046)  sep=49.1  │  fm_e=+5.0  fm=ON  fb=100%  │  ∇rw=3.16  ∇pol=0.35
[17:12:17] [ep27|s5040]  rw=-5.005  cd=-9.903  reg=4.898  │  e+=-4.86(±0.655)  e-=+4.99(±0.025)  sep=46.3  │  fm_e=+5.0  fm=ON  fb=100%  │  ∇rw=3.65  ∇pol=0.41
[17:12:59] [ep27|s5050]  rw=-4.799  cd=-9.564  reg=4.765  │  e+=-4.66(±0.980)  e-=+5.00(±0.030)  sep=53.9  │  fm_e=+5.0  fm=ON  fb=100%  │  ∇rw=1.48  ∇pol=0.43
[17:13:42] [ep27|s5060]  rw=-4.912  cd=-9.730  reg=4.819  │  e+=-4.77(±0.568)  e-=+5.01(±0.035)  sep=66.5  │  fm_e=+5.0  fm=ON  fb=100%  │  ∇rw=2.68  ∇pol=0.46
[17:14:25] [ep27|s5070]  rw=-5.028  cd=-10.249  reg=5.221  │  e+=-5.20(±0.338)  e-=+5.00(±0.031)  sep=52.8  │  fm_e=+5.0  fm=ON  fb=100%  │  ∇rw=2.09  ∇pol=0.30
[17:15:07] [ep27|s5080]  rw=-5.015  cd=-10.101  reg=5.086  │  e+=-5.10(±0.706)  e-=+4.94(±0.057)  sep=35.9  │  fm_e=+4.9  fm=ON  fb=100%  │  ∇rw=3.74  ∇pol=0.34
[17:15:49] [ep27|s5090]  rw=-4.875  cd=-10.052  reg=5.177  │  e+=-5.24(±0.497)  e-=+4.90(±0.040)  sep=40.8  │  fm_e=+4.9  fm=ON  fb=100%  │  ∇rw=7.02  ∇pol=0.20
[17:16:32] [ep27|s5100]  rw=-4.866  cd=-11.177  reg=6.311  │  e+=-5.98(±0.339)  e-=+5.22(±0.029)  sep=46.3  │  fm_e=+5.2  fm=ON  fb=100%  │  ∇rw=10.23  ∇pol=0.28
[17:17:14] [ep27|s5110]  rw=-5.000  cd=-10.124  reg=5.124  │  e+=-5.15(±0.395)  e-=+4.95(±0.053)  sep=35.8  │  fm_e=+5.0  fm=ON  fb=100%  │  ∇rw=2.16  ∇pol=0.28
[17:17:56] [ep27|s5120]  rw=-4.913  cd=-9.897  reg=4.984  │  e+=-4.99(±0.359)  e-=+4.98(±0.036)  sep=55.3  │  fm_e=+5.0  fm=ON  fb=100%  │  ∇rw=1.44  ∇pol=6.21
[17:18:39] [ep27|s5130]  rw=-4.929  cd=-9.640  reg=4.711  │  e+=-4.69(±0.438)  e-=+4.99(±0.032)  sep=53.4  │  fm_e=+5.0  fm=ON  fb=100%  │  ∇rw=3.23  ∇pol=0.29
[17:18:39] ══════════ VAL ep27 ══════════  ρ=+0.2390 (p=0.0014) [PASS ✓]  AUROC(E)=0.6939  ECE=0.7920  N=177
[17:18:40]   ckpt saved → ckpt_epoch0027.pt
[17:18:40] ──────────────────── Epoch 28/30 ────────────────────
[17:19:22] [ep28|s5140]  rw=-4.967  cd=-10.120  reg=5.153  │  e+=-5.12(±0.159)  e-=+5.02(±0.037)  sep=64.4  │  fm_e=+5.0  fm=ON  fb=100%  │  ∇rw=4.30  ∇pol=0.27
[17:20:05] [ep28|s5150]  rw=-5.006  cd=-9.829  reg=4.823  │  e+=-4.84(±0.481)  e-=+4.96(±0.032)  sep=38.1  │  fm_e=+5.0  fm=ON  fb=100%  │  ∇rw=3.84  ∇pol=0.28
[17:20:47] [ep28|s5160]  rw=-4.972  cd=-10.680  reg=5.707  │  e+=-5.67(±0.143)  e-=+4.99(±0.037)  sep=57.3  │  fm_e=+5.0  fm=ON  fb=100%  │  ∇rw=4.25  ∇pol=0.57
[17:21:29] [ep28|s5170]  rw=-5.558  cd=-10.270  reg=4.711  │  e+=-4.61(±1.075)  e-=+4.97(±0.048)  sep=33.2  │  fm_e=+5.0  fm=ON  fb=100%  │  ∇rw=9.33  ∇pol=0.31
[17:22:12] [ep28|s5180]  rw=-4.958  cd=-9.641  reg=4.683  │  e+=-4.76(±0.203)  e-=+4.92(±0.029)  sep=54.7  │  fm_e=+4.9  fm=ON  fb=100%  │  ∇rw=3.41  ∇pol=0.51
[17:22:54] [ep28|s5190]  rw=-5.068  cd=-9.773  reg=4.705  │  e+=-4.56(±1.027)  e-=+5.02(±0.024)  sep=32.2  │  fm_e=+5.0  fm=ON  fb=100%  │  ∇rw=4.14  ∇pol=0.41
[17:23:36] [ep28|s5200]  rw=-4.922  cd=-9.488  reg=4.566  │  e+=-4.52(±0.661)  e-=+4.98(±0.017)  sep=27.1  │  fm_e=+5.0  fm=ON  fb=100%  │  ∇rw=4.90  ∇pol=0.36
[17:24:19] [ep28|s5210]  rw=-4.959  cd=-9.796  reg=4.837  │  e+=-4.76(±0.843)  e-=+5.00(±0.026)  sep=28.2  │  fm_e=+5.0  fm=ON  fb=100%  │  ∇rw=5.45  ∇pol=0.25
[17:25:01] [ep28|s5220]  rw=-5.052  cd=-9.969  reg=4.917  │  e+=-4.90(±0.315)  e-=+5.00(±0.024)  sep=48.7  │  fm_e=+5.0  fm=ON  fb=100%  │  ∇rw=2.18  ∇pol=0.49
[17:25:44] [ep28|s5230]  rw=-5.068  cd=-10.323  reg=5.255  │  e+=-5.23(±0.512)  e-=+4.99(±0.021)  sep=87.4  │  fm_e=+5.0  fm=ON  fb=100%  │  ∇rw=4.22  ∇pol=0.66
[17:26:26] [ep28|s5240]  rw=-4.729  cd=-9.311  reg=4.581  │  e+=-5.09(±0.478)  e-=+4.34(±0.327)  sep=55.2  │  fm_e=+4.3  fm=ON  fb=100%  │  ∇rw=42.63  ∇pol=0.31
[17:27:09] [ep28|s5250]  rw=-5.156  cd=-9.796  reg=4.640  │  e+=-4.49(±0.914)  e-=+5.04(±0.024)  sep=38.6  │  fm_e=+5.0  fm=ON  fb=100%  │  ∇rw=4.90  ∇pol=0.48
[17:27:51] [ep28|s5260]  rw=-4.904  cd=-10.247  reg=5.342  │  e+=-5.29(±0.605)  e-=+5.00(±0.047)  sep=38.8  │  fm_e=+5.0  fm=ON  fb=100%  │  ∇rw=3.83  ∇pol=0.71
[17:28:33] [ep28|s5270]  rw=-4.897  cd=-11.175  reg=6.278  │  e+=-6.13(±0.278)  e-=+5.01(±0.033)  sep=48.0  │  fm_e=+5.0  fm=ON  fb=100%  │  ∇rw=9.66  ∇pol=0.30
[17:29:16] [ep28|s5280]  rw=-5.154  cd=-9.901  reg=4.747  │  e+=-4.64(±0.766)  e-=+5.03(±0.021)  sep=32.0  │  fm_e=+5.0  fm=ON  fb=100%  │  ∇rw=7.89  ∇pol=0.17
[17:29:58] [ep28|s5290]  rw=-4.920  cd=-9.708  reg=4.788  │  e+=-4.79(±0.329)  e-=+4.98(±0.045)  sep=37.9  │  fm_e=+5.0  fm=ON  fb=100%  │  ∇rw=2.68  ∇pol=0.32
[17:30:41] [ep28|s5300]  rw=-5.121  cd=-9.978  reg=4.857  │  e+=-4.79(±0.649)  e-=+5.02(±0.024)  sep=35.8  │  fm_e=+5.0  fm=ON  fb=100%  │  ∇rw=2.46  ∇pol=0.30
[17:31:23] [ep28|s5310]  rw=-4.807  cd=-9.690  reg=4.883  │  e+=-4.86(±0.576)  e-=+4.98(±0.026)  sep=32.1  │  fm_e=+5.0  fm=ON  fb=100%  │  ∇rw=2.65  ∇pol=0.66
[17:32:06] [ep28|s5320]  rw=-4.972  cd=-10.281  reg=5.310  │  e+=-5.32(±0.177)  e-=+4.98(±0.054)  sep=38.9  │  fm_e=+5.0  fm=ON  fb=100%  │  ∇rw=2.06  ∇pol=0.28
[17:32:06] ══════════ VAL ep28 ══════════  ρ=+0.2173 (p=0.0037) [PASS ✓]  AUROC(E)=0.7042  ECE=0.7927  N=177
[17:32:06]   ckpt saved → ckpt_epoch0028.pt
[17:32:06] ──────────────────── Epoch 29/30 ────────────────────
[17:32:49] [ep29|s5330]  rw=-4.953  cd=-10.206  reg=5.252  │  e+=-5.26(±0.573)  e-=+4.95(±0.035)  sep=42.9  │  fm_e=+4.9  fm=ON  fb=100%  │  ∇rw=3.78  ∇pol=0.36
[17:33:32] [ep29|s5340]  rw=-5.156  cd=-10.288  reg=5.132  │  e+=-4.91(±0.818)  e-=+5.15(±0.040)  sep=35.8  │  fm_e=+5.1  fm=ON  fb=100%  │  ∇rw=3.23  ∇pol=0.43
[17:34:14] [ep29|s5350]  rw=-4.636  cd=-10.233  reg=5.597  │  e+=-5.50(±1.257)  e-=+4.91(±0.035)  sep=25.3  │  fm_e=+4.9  fm=ON  fb=100%  │  ∇rw=8.04  ∇pol=0.53
[17:34:56] [ep29|s5360]  rw=-5.165  cd=-10.555  reg=5.390  │  e+=-5.29(±0.797)  e-=+5.03(±0.040)  sep=26.9  │  fm_e=+5.0  fm=ON  fb=100%  │  ∇rw=3.89  ∇pol=0.65
[17:35:39] [ep29|s5370]  rw=-4.924  cd=-9.304  reg=4.380  │  e+=-4.53(±0.902)  e-=+4.74(±0.032)  sep=16.8  │  fm_e=+4.7  fm=ON  fb=100%  │  ∇rw=6.51  ∇pol=0.54
[17:36:21] [ep29|s5380]  rw=-4.770  cd=-8.557  reg=3.787  │  e+=-3.78(±0.294)  e-=+4.85(±0.033)  sep=38.9  │  fm_e=+4.8  fm=ON  fb=100%  │  ∇rw=5.30  ∇pol=35.56
[17:37:04] [ep29|s5390]  rw=-4.967  cd=-10.561  reg=5.594  │  e+=-5.56(±0.166)  e-=+5.00(±0.032)  sep=61.7  │  fm_e=+5.0  fm=ON  fb=100%  │  ∇rw=3.17  ∇pol=0.27
[17:37:46] [ep29|s5400]  rw=-4.980  cd=-10.127  reg=5.148  │  e+=-5.10(±0.320)  e-=+5.04(±0.041)  sep=56.9  │  fm_e=+5.1  fm=ON  fb=100%  │  ∇rw=2.18  ∇pol=0.37
[17:38:28] [ep29|s5410]  rw=-5.228  cd=-10.127  reg=4.898  │  e+=-4.90(±0.722)  e-=+4.94(±0.020)  sep=36.2  │  fm_e=+4.9  fm=ON  fb=100%  │  ∇rw=1.99  ∇pol=0.32
[17:39:11] [ep29|s5420]  rw=-4.852  cd=-10.926  reg=6.074  │  e+=-5.89(±0.747)  e-=+5.05(±0.028)  sep=31.8  │  fm_e=+5.0  fm=ON  fb=100%  │  ∇rw=6.84  ∇pol=0.38
[17:39:53] [ep29|s5430]  rw=-4.964  cd=-10.052  reg=5.087  │  e+=-5.13(±0.482)  e-=+4.93(±0.074)  sep=28.7  │  fm_e=+4.9  fm=ON  fb=100%  │  ∇rw=10.71  ∇pol=0.37
[17:40:35] [ep29|s5440]  rw=-4.908  cd=-9.920  reg=5.012  │  e+=-4.90(±0.840)  e-=+5.04(±0.031)  sep=30.0  │  fm_e=+5.0  fm=ON  fb=100%  │  ∇rw=2.74  ∇pol=0.29
[17:41:18] [ep29|s5450]  rw=-5.035  cd=-9.862  reg=4.827  │  e+=-4.79(±0.277)  e-=+5.02(±0.031)  sep=45.1  │  fm_e=+5.0  fm=ON  fb=100%  │  ∇rw=3.50  ∇pol=0.27
[17:42:00] [ep29|s5460]  rw=-5.169  cd=-10.436  reg=5.268  │  e+=-5.32(±0.953)  e-=+4.84(±0.037)  sep=44.0  │  fm_e=+4.8  fm=ON  fb=100%  │  ∇rw=6.30  ∇pol=0.33
[17:42:42] [ep29|s5470]  rw=-4.913  cd=-10.088  reg=5.175  │  e+=-5.08(±0.671)  e-=+5.05(±0.023)  sep=44.3  │  fm_e=+5.1  fm=ON  fb=100%  │  ∇rw=2.37  ∇pol=0.28
[17:43:25] [ep29|s5480]  rw=-4.986  cd=-10.008  reg=5.022  │  e+=-4.95(±0.737)  e-=+5.02(±0.033)  sep=36.7  │  fm_e=+5.0  fm=ON  fb=100%  │  ∇rw=4.08  ∇pol=0.74
[17:44:07] [ep29|s5490]  rw=-5.013  cd=-10.013  reg=4.999  │  e+=-4.96(±0.139)  e-=+5.03(±0.020)  sep=74.5  │  fm_e=+5.0  fm=ON  fb=100%  │  ∇rw=2.57  ∇pol=0.38
[17:44:50] [ep29|s5500]  rw=-4.936  cd=-9.423  reg=4.487  │  e+=-4.45(±0.140)  e-=+5.01(±0.014)  sep=59.2  │  fm_e=+5.0  fm=ON  fb=100%  │  ∇rw=3.04  ∇pol=0.48
[17:45:32] [ep29|s5510]  rw=-5.497  cd=-10.538  reg=5.041  │  e+=-4.92(±1.120)  e-=+5.00(±0.029)  sep=26.6  │  fm_e=+5.0  fm=ON  fb=100%  │  ∇rw=1.24  ∇pol=0.37
[17:45:33] ══════════ VAL ep29 ══════════  ρ=+0.2439 (p=0.0011) [PASS ✓]  AUROC(E)=0.7141  ECE=0.7934  N=177
[17:45:33]   ckpt saved → ckpt_epoch0029.pt
[17:45:33] ──────────────────── Epoch 30/30 ────────────────────
[17:46:16] [ep30|s5520]  rw=-4.948  cd=-9.764  reg=4.816  │  e+=-4.71(±0.627)  e-=+5.06(±0.031)  sep=27.2  │  fm_e=+5.1  fm=ON  fb=100%  │  ∇rw=2.19  ∇pol=0.29
[17:46:58] [ep30|s5530]  rw=-5.015  cd=-10.455  reg=5.439  │  e+=-5.39(±0.149)  e-=+5.03(±0.021)  sep=51.0  │  fm_e=+5.0  fm=ON  fb=100%  │  ∇rw=3.06  ∇pol=0.75
[17:47:41] [ep30|s5540]  rw=-5.038  cd=-10.061  reg=5.023  │  e+=-4.97(±0.862)  e-=+4.98(±0.023)  sep=34.5  │  fm_e=+5.0  fm=ON  fb=100%  │  ∇rw=2.37  ∇pol=0.56
[17:48:23] [ep30|s5550]  rw=-4.940  cd=-9.937  reg=4.997  │  e+=-4.94(±0.326)  e-=+5.04(±0.017)  sep=50.4  │  fm_e=+5.0  fm=ON  fb=100%  │  ∇rw=2.49  ∇pol=0.64
[17:49:05] [ep30|s5560]  rw=-4.980  cd=-10.654  reg=5.674  │  e+=-5.51(±0.603)  e-=+5.10(±0.019)  sep=37.9  │  fm_e=+5.1  fm=ON  fb=100%  │  ∇rw=4.14  ∇pol=17.14
[17:49:48] [ep30|s5570]  rw=-5.104  cd=-10.175  reg=5.071  │  e+=-5.09(±0.409)  e-=+4.96(±0.018)  sep=39.2  │  fm_e=+5.0  fm=ON  fb=100%  │  ∇rw=2.43  ∇pol=0.33
[17:50:30] [ep30|s5580]  rw=-5.045  cd=-9.760  reg=4.716  │  e+=-4.64(±0.726)  e-=+5.01(±0.027)  sep=44.1  │  fm_e=+5.0  fm=ON  fb=100%  │  ∇rw=5.76  ∇pol=0.23
[17:51:13] [ep30|s5590]  rw=-5.037  cd=-10.070  reg=5.033  │  e+=-5.03(±0.351)  e-=+4.98(±0.028)  sep=36.8  │  fm_e=+5.0  fm=ON  fb=100%  │  ∇rw=1.57  ∇pol=0.32
[17:51:55] [ep30|s5600]  rw=-5.036  cd=-10.301  reg=5.264  │  e+=-5.23(±0.392)  e-=+5.01(±0.044)  sep=42.7  │  fm_e=+5.0  fm=ON  fb=100%  │  ∇rw=2.46  ∇pol=0.35
[17:52:38] [ep30|s5610]  rw=-5.115  cd=-10.170  reg=5.055  │  e+=-4.89(±0.394)  e-=+5.15(±0.037)  sep=42.4  │  fm_e=+5.1  fm=ON  fb=100%  │  ∇rw=5.88  ∇pol=0.20
[17:53:20] [ep30|s5620]  rw=-5.111  cd=-9.327  reg=4.216  │  e+=-4.03(±1.155)  e-=+4.96(±0.035)  sep=45.4  │  fm_e=+5.0  fm=ON  fb=100%  │  ∇rw=5.01  ∇pol=0.43
[17:54:02] [ep30|s5630]  rw=-5.016  cd=-10.282  reg=5.266  │  e+=-5.22(±0.818)  e-=+4.97(±0.022)  sep=27.0  │  fm_e=+5.0  fm=ON  fb=100%  │  ∇rw=4.23  ∇pol=0.32
[17:54:45] [ep30|s5640]  rw=-4.851  cd=-9.797  reg=4.946  │  e+=-4.81(±1.152)  e-=+5.00(±0.049)  sep=31.0  │  fm_e=+5.0  fm=ON  fb=100%  │  ∇rw=4.46  ∇pol=0.24
[17:55:27] [ep30|s5650]  rw=-5.048  cd=-10.422  reg=5.374  │  e+=-5.33(±0.473)  e-=+5.01(±0.019)  sep=82.8  │  fm_e=+5.0  fm=ON  fb=100%  │  ∇rw=2.66  ∇pol=0.27
[17:56:10] [ep30|s5660]  rw=-5.173  cd=-9.680  reg=4.507  │  e+=-4.47(±0.502)  e-=+4.98(±0.030)  sep=48.9  │  fm_e=+5.0  fm=ON  fb=100%  │  ∇rw=3.27  ∇pol=0.36
[17:56:52] [ep30|s5670]  rw=-5.006  cd=-9.851  reg=4.845  │  e+=-4.86(±0.207)  e-=+4.98(±0.020)  sep=49.2  │  fm_e=+5.0  fm=ON  fb=100%  │  ∇rw=1.46  ∇pol=0.34
[17:57:34] [ep30|s5680]  rw=-5.083  cd=-10.692  reg=5.609  │  e+=-5.57(±0.308)  e-=+5.00(±0.017)  sep=46.6  │  fm_e=+5.0  fm=ON  fb=100%  │  ∇rw=2.92  ∇pol=0.37
[17:58:17] [ep30|s5690]  rw=-5.024  cd=-10.105  reg=5.081  │  e+=-5.08(±0.361)  e-=+4.99(±0.015)  sep=57.8  │  fm_e=+5.0  fm=ON  fb=100%  │  ∇rw=1.88  ∇pol=0.27
[17:58:59] [ep30|s5700]  rw=-5.029  cd=-10.335  reg=5.307  │  e+=-5.29(±0.263)  e-=+5.00(±0.027)  sep=43.6  │  fm_e=+5.0  fm=ON  fb=100%  │  ∇rw=0.95  ∇pol=0.43
[17:59:00] ══════════ VAL ep30 ══════════  ρ=+0.2099 (p=0.0050) [PASS ✓]  AUROC(E)=0.7015  ECE=0.7906  N=177
[17:59:00]   ckpt saved → ckpt_epoch0030.pt
