[14:03:35] ──────────────────── Epoch 01/200 ────────────────────
[14:03:38] ──────────────────── Epoch 02/200 ────────────────────
[14:03:41] ──────────────────── Epoch 03/200 ────────────────────
[14:03:43] [ep03|s0050]  loss=+0.3843  mse=0.3708  reg=0.0135
[14:03:47] ──────────────────── Epoch 04/200 ────────────────────
[14:03:52] ──────────────────── Epoch 05/200 ────────────────────
[14:03:53] [ep05|s0100]  loss=+0.2563  mse=0.2409  reg=0.0154
[14:03:57] ──────────────────── Epoch 06/200 ────────────────────
[14:04:04] ──────────────────── Epoch 07/200 ────────────────────
[14:04:07] [ep07|s0150]  loss=+0.1787  mse=0.1481  reg=0.0306
[14:04:10] ──────────────────── Epoch 08/200 ────────────────────
[14:04:14] ──────────────────── Epoch 09/200 ────────────────────
[14:04:16] [ep09|s0200]  loss=+0.1918  mse=0.1794  reg=0.0124
[14:04:17] ──────────────────── Epoch 10/200 ────────────────────
[14:04:26] ══════════ VAL ep10 ══════════  ρ=+0.2767 (p=0.0002) [PASS ✓]  AUROC(E)=0.7242  ECE=0.1894  N=177  avg_loss=0.2995
[14:04:26]   best so far: ρ=0.2767 @ ep10
[14:04:29]   ckpt saved → ckpt_epoch0010.pt
[14:04:29] ──────────────────── Epoch 11/200 ────────────────────
[14:04:37] [ep11|s0250]  loss=+0.2627  mse=0.2505  reg=0.0121
[14:04:38] ──────────────────── Epoch 12/200 ────────────────────
[14:04:41] ──────────────────── Epoch 13/200 ────────────────────
[14:04:44] ──────────────────── Epoch 14/200 ────────────────────
[14:04:45] [ep14|s0300]  loss=+0.1811  mse=0.1521  reg=0.0290
[14:04:48] ──────────────────── Epoch 15/200 ────────────────────
[14:04:55] ──────────────────── Epoch 16/200 ────────────────────
[14:04:57] [ep16|s0350]  loss=+0.3383  mse=0.3166  reg=0.0217
[14:05:01] ──────────────────── Epoch 17/200 ────────────────────
[14:05:05] ──────────────────── Epoch 18/200 ────────────────────
[14:05:08] [ep18|s0400]  loss=+0.3813  mse=0.3599  reg=0.0214
[14:05:12] ──────────────────── Epoch 19/200 ────────────────────
[14:05:16] ──────────────────── Epoch 20/200 ────────────────────
[14:05:20] [ep20|s0450]  loss=+0.1707  mse=0.1450  reg=0.0258
[14:05:25] ══════════ VAL ep20 ══════════  ρ=+0.2901 (p=0.0001) [PASS ✓]  AUROC(E)=0.7174  ECE=0.2009  N=177  avg_loss=0.2785
[14:05:25]   best so far: ρ=0.2901 @ ep20
[14:05:26]   ckpt saved → ckpt_epoch0020.pt
[14:05:26] ──────────────────── Epoch 21/200 ────────────────────
[14:05:30] ──────────────────── Epoch 22/200 ────────────────────
[14:05:33] [ep22|s0500]  loss=+0.2648  mse=0.2363  reg=0.0285
[14:05:34] ──────────────────── Epoch 23/200 ────────────────────
[14:05:40] ──────────────────── Epoch 24/200 ────────────────────
[14:05:44] [ep24|s0550]  loss=+0.1439  mse=0.1181  reg=0.0259
[14:05:44] ──────────────────── Epoch 25/200 ────────────────────
[14:05:46] ──────────────────── Epoch 26/200 ────────────────────
[14:05:52] ──────────────────── Epoch 27/200 ────────────────────
[14:05:53] [ep27|s0600]  loss=+0.1349  mse=0.1064  reg=0.0285
[14:05:55] ──────────────────── Epoch 28/200 ────────────────────
[14:05:59] ──────────────────── Epoch 29/200 ────────────────────
[14:06:01] [ep29|s0650]  loss=+0.4737  mse=0.4359  reg=0.0377
[14:06:04] ──────────────────── Epoch 30/200 ────────────────────
[14:06:10] ══════════ VAL ep30 ══════════  ρ=+0.2920 (p=0.0001) [PASS ✓]  AUROC(E)=0.6637  ECE=0.1972  N=177  avg_loss=0.1941
[14:06:10]   best so far: ρ=0.2920 @ ep30
[14:06:14]   ckpt saved → ckpt_epoch0030.pt
[14:06:14] ──────────────────── Epoch 31/200 ────────────────────
[14:06:15] [ep31|s0700]  loss=+0.1335  mse=0.1193  reg=0.0142
[14:06:16] ──────────────────── Epoch 32/200 ────────────────────
[14:06:18] ──────────────────── Epoch 33/200 ────────────────────
[14:06:19] [ep33|s0750]  loss=+0.4769  mse=0.4204  reg=0.0565
[14:06:20] ──────────────────── Epoch 34/200 ────────────────────
[14:06:21] ──────────────────── Epoch 35/200 ────────────────────
[14:06:23] [ep35|s0800]  loss=+0.2664  mse=0.2447  reg=0.0217
[14:06:23] ──────────────────── Epoch 36/200 ────────────────────
[14:06:24] ──────────────────── Epoch 37/200 ────────────────────
[14:06:25] [ep37|s0850]  loss=+0.2890  mse=0.2654  reg=0.0237
[14:06:25] ──────────────────── Epoch 38/200 ────────────────────
[14:06:26] ──────────────────── Epoch 39/200 ────────────────────
[14:06:28] ──────────────────── Epoch 40/200 ────────────────────
[14:06:28] [ep40|s0900]  loss=+0.0984  mse=0.0603  reg=0.0381
[14:06:30] ══════════ VAL ep40 ══════════  ρ=+0.2389 (p=0.0014) [PASS ✓]  AUROC(E)=0.6587  ECE=0.1926  N=177  avg_loss=0.1572
[14:06:30]   best so far: ρ=0.2920 @ ep30
[14:06:32]   ckpt saved → ckpt_epoch0040.pt
[14:06:32] ──────────────────── Epoch 41/200 ────────────────────
[14:06:33] ──────────────────── Epoch 42/200 ────────────────────
[14:06:34] [ep42|s0950]  loss=+0.2047  mse=0.1595  reg=0.0452
[14:06:35] ──────────────────── Epoch 43/200 ────────────────────
[14:06:37] ──────────────────── Epoch 44/200 ────────────────────
[14:06:38] [ep44|s1000]  loss=+0.1221  mse=0.0996  reg=0.0225
[14:06:38] ──────────────────── Epoch 45/200 ────────────────────
[14:06:40] ──────────────────── Epoch 46/200 ────────────────────
[14:06:44] [ep46|s1050]  loss=+0.1993  mse=0.1759  reg=0.0233
[14:06:46] ──────────────────── Epoch 47/200 ────────────────────
[14:06:51] ──────────────────── Epoch 48/200 ────────────────────
[14:06:55] [ep48|s1100]  loss=+0.1571  mse=0.1175  reg=0.0396
[14:06:56] ──────────────────── Epoch 49/200 ────────────────────
[14:07:03] ──────────────────── Epoch 50/200 ────────────────────
[14:07:08] [ep50|s1150]  loss=+0.0879  mse=0.0492  reg=0.0387
[14:07:10] ══════════ VAL ep50 ══════════  ρ=+0.2430 (p=0.0011) [PASS ✓]  AUROC(E)=0.7182  ECE=0.1913  N=177  avg_loss=0.1487
[14:07:10]   best so far: ρ=0.2920 @ ep30
[14:07:14]   ckpt saved → ckpt_epoch0050.pt
[14:07:14] ──────────────────── Epoch 51/200 ────────────────────
[14:07:20] ──────────────────── Epoch 52/200 ────────────────────
[14:07:25] ──────────────────── Epoch 53/200 ────────────────────
[14:07:27] [ep53|s1200]  loss=+0.1225  mse=0.0833  reg=0.0392
[14:07:30] ──────────────────── Epoch 54/200 ────────────────────
[14:07:34] ──────────────────── Epoch 55/200 ────────────────────
[14:07:36] [ep55|s1250]  loss=+0.1529  mse=0.0972  reg=0.0557
[14:07:38] ──────────────────── Epoch 56/200 ────────────────────
[14:07:40] ──────────────────── Epoch 57/200 ────────────────────
[14:07:42] [ep57|s1300]  loss=+0.0970  mse=0.0750  reg=0.0219
[14:07:43] ──────────────────── Epoch 58/200 ────────────────────
[14:07:46] ──────────────────── Epoch 59/200 ────────────────────
[14:07:48] [ep59|s1350]  loss=+0.0723  mse=0.0473  reg=0.0250
[14:07:49] ──────────────────── Epoch 60/200 ────────────────────
[14:07:55] ══════════ VAL ep60 ══════════  ρ=+0.2461 (p=0.0010) [PASS ✓]  AUROC(E)=0.6841  ECE=0.1984  N=177  avg_loss=0.1101
[14:07:55]   best so far: ρ=0.2920 @ ep30
[14:07:58]   ckpt saved → ckpt_epoch0060.pt
[14:07:58] ──────────────────── Epoch 61/200 ────────────────────
[14:08:02] [ep61|s1400]  loss=+0.0626  mse=0.0407  reg=0.0220
[14:08:03] ──────────────────── Epoch 62/200 ────────────────────
[14:08:05] ──────────────────── Epoch 63/200 ────────────────────
[14:08:08] ──────────────────── Epoch 64/200 ────────────────────
[14:08:09] [ep64|s1450]  loss=+0.1032  mse=0.0641  reg=0.0391
[14:08:11] ──────────────────── Epoch 65/200 ────────────────────
[14:08:14] ──────────────────── Epoch 66/200 ────────────────────
[14:08:16] [ep66|s1500]  loss=+0.0691  mse=0.0459  reg=0.0232
[14:08:19] ──────────────────── Epoch 67/200 ────────────────────
[14:08:21] ──────────────────── Epoch 68/200 ────────────────────
[14:08:22] [ep68|s1550]  loss=+0.0719  mse=0.0461  reg=0.0258
[14:08:24] ──────────────────── Epoch 69/200 ────────────────────
[14:08:27] ──────────────────── Epoch 70/200 ────────────────────
[14:08:31] [ep70|s1600]  loss=+0.0948  mse=0.0619  reg=0.0328
[14:08:36] ══════════ VAL ep70 ══════════  ρ=+0.2517 (p=0.0007) [PASS ✓]  AUROC(E)=0.6683  ECE=0.2124  N=177  avg_loss=0.1005
[14:08:36]   best so far: ρ=0.2920 @ ep30
[14:08:40]   ckpt saved → ckpt_epoch0070.pt
[14:08:40] ──────────────────── Epoch 71/200 ────────────────────
[14:08:45] ──────────────────── Epoch 72/200 ────────────────────
[14:08:49] [ep72|s1650]  loss=+0.0972  mse=0.0491  reg=0.0481
[14:08:51] ──────────────────── Epoch 73/200 ────────────────────
[14:08:58] ──────────────────── Epoch 74/200 ────────────────────
[14:09:05] [ep74|s1700]  loss=+0.0647  mse=0.0332  reg=0.0315
[14:09:05] ──────────────────── Epoch 75/200 ────────────────────
[14:09:10] ──────────────────── Epoch 76/200 ────────────────────
[14:09:15] ──────────────────── Epoch 77/200 ────────────────────
[14:09:16] [ep77|s1750]  loss=+0.0682  mse=0.0409  reg=0.0273
[14:09:22] ──────────────────── Epoch 78/200 ────────────────────
[14:09:26] ──────────────────── Epoch 79/200 ────────────────────
[14:09:28] [ep79|s1800]  loss=+0.0621  mse=0.0435  reg=0.0186
[14:09:30] ──────────────────── Epoch 80/200 ────────────────────
[14:09:37] ══════════ VAL ep80 ══════════  ρ=+0.3028 (p=0.0000) [PASS ✓]  AUROC(E)=0.6719  ECE=0.2095  N=177  avg_loss=0.0770
[14:09:37]   best so far: ρ=0.3028 @ ep80
[14:09:42]   ckpt saved → ckpt_epoch0080.pt
[14:09:42] ──────────────────── Epoch 81/200 ────────────────────
[14:09:44] [ep81|s1850]  loss=+0.0975  mse=0.0666  reg=0.0309
[14:09:46] ──────────────────── Epoch 82/200 ────────────────────
[14:09:52] ──────────────────── Epoch 83/200 ────────────────────
[14:09:56] [ep83|s1900]  loss=+0.0743  mse=0.0503  reg=0.0240
[14:09:58] ──────────────────── Epoch 84/200 ────────────────────
[14:10:03] ──────────────────── Epoch 85/200 ────────────────────
[14:10:07] [ep85|s1950]  loss=+0.0726  mse=0.0437  reg=0.0288
[14:10:08] ──────────────────── Epoch 86/200 ────────────────────
[14:10:13] ──────────────────── Epoch 87/200 ────────────────────
[14:10:22] [ep87|s2000]  loss=+0.0985  mse=0.0583  reg=0.0401
[14:10:22] ──────────────────── Epoch 88/200 ────────────────────
[14:10:27] ──────────────────── Epoch 89/200 ────────────────────
[14:10:31] ──────────────────── Epoch 90/200 ────────────────────
[14:10:33] [ep90|s2050]  loss=+0.1074  mse=0.0483  reg=0.0591
[14:10:38] ══════════ VAL ep90 ══════════  ρ=+0.2355 (p=0.0016) [PASS ✓]  AUROC(E)=0.6542  ECE=0.2050  N=177  avg_loss=0.0741
[14:10:38]   best so far: ρ=0.3028 @ ep80
[14:10:40]   ckpt saved → ckpt_epoch0090.pt
[14:10:40] ──────────────────── Epoch 91/200 ────────────────────
[14:10:44] ──────────────────── Epoch 92/200 ────────────────────
[14:10:46] [ep92|s2100]  loss=+0.0616  mse=0.0336  reg=0.0279
[14:10:48] ──────────────────── Epoch 93/200 ────────────────────
[14:10:52] ──────────────────── Epoch 94/200 ────────────────────
[14:10:54] [ep94|s2150]  loss=+0.0609  mse=0.0188  reg=0.0421
[14:10:56] ──────────────────── Epoch 95/200 ────────────────────
[14:11:01] ──────────────────── Epoch 96/200 ────────────────────
[14:11:04] [ep96|s2200]  loss=+0.0429  mse=0.0201  reg=0.0229
[14:11:06] ──────────────────── Epoch 97/200 ────────────────────
[14:11:09] ──────────────────── Epoch 98/200 ────────────────────
[14:11:12] [ep98|s2250]  loss=+0.0404  mse=0.0124  reg=0.0280
[14:11:13] ──────────────────── Epoch 99/200 ────────────────────
[14:11:16] ──────────────────── Epoch 100/200 ────────────────────
[14:11:19] [ep100|s2300]  loss=+0.0355  mse=0.0176  reg=0.0179
[14:11:21] ══════════ VAL ep100 ══════════  ρ=+0.2589 (p=0.0005) [PASS ✓]  AUROC(E)=0.6687  ECE=0.2017  N=177  avg_loss=0.0639
[14:11:21]   best so far: ρ=0.3028 @ ep80
[14:11:26]   ckpt saved → ckpt_epoch0100.pt
[14:11:26] ──────────────────── Epoch 101/200 ────────────────────
[14:11:29] ──────────────────── Epoch 102/200 ────────────────────
[14:11:32] ──────────────────── Epoch 103/200 ────────────────────
[14:11:33] [ep103|s2350]  loss=+0.0865  mse=0.0310  reg=0.0555
[14:11:36] ──────────────────── Epoch 104/200 ────────────────────
[14:11:39] ──────────────────── Epoch 105/200 ────────────────────
[14:11:40] [ep105|s2400]  loss=+0.0424  mse=0.0126  reg=0.0297
[14:11:44] ──────────────────── Epoch 106/200 ────────────────────
[14:11:49] ──────────────────── Epoch 107/200 ────────────────────
[14:11:52] [ep107|s2450]  loss=+0.0488  mse=0.0130  reg=0.0359
[14:11:55] ──────────────────── Epoch 108/200 ────────────────────
[14:12:01] ──────────────────── Epoch 109/200 ────────────────────
[14:12:05] [ep109|s2500]  loss=+0.0381  mse=0.0124  reg=0.0257
[14:12:07] ──────────────────── Epoch 110/200 ────────────────────
[14:12:13] ══════════ VAL ep110 ══════════  ρ=+0.2192 (p=0.0034) [PASS ✓]  AUROC(E)=0.6776  ECE=0.2183  N=177  avg_loss=0.0659
[14:12:13]   best so far: ρ=0.3028 @ ep80
[14:12:16]   ckpt saved → ckpt_epoch0110.pt
[14:12:16] ──────────────────── Epoch 111/200 ────────────────────
[14:12:23] [ep111|s2550]  loss=+0.0687  mse=0.0246  reg=0.0441
[14:12:24] ──────────────────── Epoch 112/200 ────────────────────
[14:12:30] ──────────────────── Epoch 113/200 ────────────────────
[14:12:35] ──────────────────── Epoch 114/200 ────────────────────
[14:12:36] [ep114|s2600]  loss=+0.0485  mse=0.0109  reg=0.0375
[14:12:42] ──────────────────── Epoch 115/200 ────────────────────
[14:12:48] ──────────────────── Epoch 116/200 ────────────────────
[14:12:50] [ep116|s2650]  loss=+0.0482  mse=0.0115  reg=0.0366
[14:12:53] ──────────────────── Epoch 117/200 ────────────────────
[14:12:59] ──────────────────── Epoch 118/200 ────────────────────
[14:13:01] [ep118|s2700]  loss=+0.0385  mse=0.0104  reg=0.0281
[14:13:03] ──────────────────── Epoch 119/200 ────────────────────
[14:13:05] ──────────────────── Epoch 120/200 ────────────────────
[14:13:08] [ep120|s2750]  loss=+0.0352  mse=0.0059  reg=0.0293
[14:13:11] ══════════ VAL ep120 ══════════  ρ=+0.2522 (p=0.0007) [PASS ✓]  AUROC(E)=0.6604  ECE=0.1962  N=177  avg_loss=0.0518
[14:13:11]   best so far: ρ=0.3028 @ ep80
[14:13:16]   ckpt saved → ckpt_epoch0120.pt
[14:13:16] ──────────────────── Epoch 121/200 ────────────────────
[14:13:21] ──────────────────── Epoch 122/200 ────────────────────
[14:13:25] [ep122|s2800]  loss=+0.0524  mse=0.0143  reg=0.0381
[14:13:26] ──────────────────── Epoch 123/200 ────────────────────
[14:13:33] ──────────────────── Epoch 124/200 ────────────────────
[14:13:39] [ep124|s2850]  loss=+0.0404  mse=0.0068  reg=0.0335
[14:13:39] ──────────────────── Epoch 125/200 ────────────────────
[14:13:44] ──────────────────── Epoch 126/200 ────────────────────
[14:13:53] ──────────────────── Epoch 127/200 ────────────────────
[14:13:54] [ep127|s2900]  loss=+0.0263  mse=0.0058  reg=0.0205
[14:13:59] ──────────────────── Epoch 128/200 ────────────────────
[14:14:06] ──────────────────── Epoch 129/200 ────────────────────
[14:14:09] [ep129|s2950]  loss=+0.0313  mse=0.0064  reg=0.0250
[14:14:15] ──────────────────── Epoch 130/200 ────────────────────
[14:14:24] ══════════ VAL ep130 ══════════  ρ=+0.2360 (p=0.0016) [PASS ✓]  AUROC(E)=0.6634  ECE=0.1973  N=177  avg_loss=0.0501
[14:14:24]   best so far: ρ=0.3028 @ ep80
[14:14:28]   ckpt saved → ckpt_epoch0130.pt
[14:14:28] ──────────────────── Epoch 131/200 ────────────────────
[14:14:32] [ep131|s3000]  loss=+0.0437  mse=0.0106  reg=0.0331
[14:14:35] ──────────────────── Epoch 132/200 ────────────────────
[14:14:40] ──────────────────── Epoch 133/200 ────────────────────
[14:14:42] [ep133|s3050]  loss=+0.0314  mse=0.0070  reg=0.0244
[14:14:43] ──────────────────── Epoch 134/200 ────────────────────
[14:14:47] ──────────────────── Epoch 135/200 ────────────────────
[14:14:54] [ep135|s3100]  loss=+0.0353  mse=0.0061  reg=0.0292
[14:14:55] ──────────────────── Epoch 136/200 ────────────────────
[14:15:02] ──────────────────── Epoch 137/200 ────────────────────
[14:15:10] [ep137|s3150]  loss=+0.0531  mse=0.0078  reg=0.0453
[14:15:10] ──────────────────── Epoch 138/200 ────────────────────
[14:15:14] ──────────────────── Epoch 139/200 ────────────────────
[14:15:20] ──────────────────── Epoch 140/200 ────────────────────
[14:15:21] [ep140|s3200]  loss=+0.0458  mse=0.0141  reg=0.0318
[14:15:29] ══════════ VAL ep140 ══════════  ρ=+0.2413 (p=0.0012) [PASS ✓]  AUROC(E)=0.6696  ECE=0.1987  N=177  avg_loss=0.0550
[14:15:29]   best so far: ρ=0.3028 @ ep80
[14:15:34]   ckpt saved → ckpt_epoch0140.pt
[14:15:34] ──────────────────── Epoch 141/200 ────────────────────
[14:15:39] ──────────────────── Epoch 142/200 ────────────────────
[14:15:41] [ep142|s3250]  loss=+0.0785  mse=0.0134  reg=0.0651
[14:15:44] ──────────────────── Epoch 143/200 ────────────────────
[14:15:49] ──────────────────── Epoch 144/200 ────────────────────
[14:15:56] [ep144|s3300]  loss=+0.0654  mse=0.0134  reg=0.0520
[14:16:01] ──────────────────── Epoch 145/200 ────────────────────
[14:16:12] ──────────────────── Epoch 146/200 ────────────────────
[14:16:17] [ep146|s3350]  loss=+0.0407  mse=0.0054  reg=0.0353
[14:16:19] ──────────────────── Epoch 147/200 ────────────────────
[14:16:26] ──────────────────── Epoch 148/200 ────────────────────
[14:16:31] [ep148|s3400]  loss=+0.0269  mse=0.0042  reg=0.0227
[14:16:32] ──────────────────── Epoch 149/200 ────────────────────
[14:16:36] ──────────────────── Epoch 150/200 ────────────────────
[14:16:43] [ep150|s3450]  loss=+0.0462  mse=0.0047  reg=0.0415
[14:16:47] ══════════ VAL ep150 ══════════  ρ=+0.2465 (p=0.0009) [PASS ✓]  AUROC(E)=0.6702  ECE=0.1984  N=177  avg_loss=0.0477
[14:16:47]   best so far: ρ=0.3028 @ ep80
[14:16:53]   ckpt saved → ckpt_epoch0150.pt
[14:16:53] ──────────────────── Epoch 151/200 ────────────────────
[14:17:04] ──────────────────── Epoch 152/200 ────────────────────
[14:17:15] ──────────────────── Epoch 153/200 ────────────────────
[14:17:17] [ep153|s3500]  loss=+0.0493  mse=0.0076  reg=0.0417
[14:17:27] ──────────────────── Epoch 154/200 ────────────────────
[14:17:35] ──────────────────── Epoch 155/200 ────────────────────
[14:17:38] [ep155|s3550]  loss=+0.0369  mse=0.0074  reg=0.0295
[14:17:44] ──────────────────── Epoch 156/200 ────────────────────
[14:17:50] ──────────────────── Epoch 157/200 ────────────────────
[14:17:53] [ep157|s3600]  loss=+0.0810  mse=0.0082  reg=0.0727
[14:17:56] ──────────────────── Epoch 158/200 ────────────────────
[14:18:00] ──────────────────── Epoch 159/200 ────────────────────
[14:18:03] [ep159|s3650]  loss=+0.0297  mse=0.0040  reg=0.0257
[14:18:05] ──────────────────── Epoch 160/200 ────────────────────
[14:18:11] ══════════ VAL ep160 ══════════  ρ=+0.2412 (p=0.0012) [PASS ✓]  AUROC(E)=0.6733  ECE=0.2013  N=177  avg_loss=0.0475
[14:18:11]   best so far: ρ=0.3028 @ ep80
[14:18:13]   ckpt saved → ckpt_epoch0160.pt
[14:18:13] ──────────────────── Epoch 161/200 ────────────────────
[14:18:16] [ep161|s3700]  loss=+0.0590  mse=0.0067  reg=0.0523
[14:18:16] ──────────────────── Epoch 162/200 ────────────────────
[14:18:20] ──────────────────── Epoch 163/200 ────────────────────
[14:18:24] ──────────────────── Epoch 164/200 ────────────────────
[14:18:24] [ep164|s3750]  loss=+0.0408  mse=0.0078  reg=0.0330
[14:18:27] ──────────────────── Epoch 165/200 ────────────────────
[14:18:30] ──────────────────── Epoch 166/200 ────────────────────
[14:18:31] [ep166|s3800]  loss=+0.0759  mse=0.0097  reg=0.0662
[14:18:33] ──────────────────── Epoch 167/200 ────────────────────
[14:18:36] ──────────────────── Epoch 168/200 ────────────────────
[14:18:38] [ep168|s3850]  loss=+0.0552  mse=0.0079  reg=0.0473
[14:18:39] ──────────────────── Epoch 169/200 ────────────────────
[14:18:43] ──────────────────── Epoch 170/200 ────────────────────
[14:18:45] [ep170|s3900]  loss=+0.0551  mse=0.0077  reg=0.0474
[14:18:47] ══════════ VAL ep170 ══════════  ρ=+0.2425 (p=0.0011) [PASS ✓]  AUROC(E)=0.6752  ECE=0.1994  N=177  avg_loss=0.0510
[14:18:47]   best so far: ρ=0.3028 @ ep80
[14:18:49]   ckpt saved → ckpt_epoch0170.pt
[14:18:49] ──────────────────── Epoch 171/200 ────────────────────
[14:18:53] ──────────────────── Epoch 172/200 ────────────────────
[14:18:56] [ep172|s3950]  loss=+0.0685  mse=0.0066  reg=0.0620
[14:18:57] ──────────────────── Epoch 173/200 ────────────────────
[14:19:00] ──────────────────── Epoch 174/200 ────────────────────
[14:19:03] [ep174|s4000]  loss=+0.0291  mse=0.0050  reg=0.0242
[14:19:03] ──────────────────── Epoch 175/200 ────────────────────
[14:19:06] ──────────────────── Epoch 176/200 ────────────────────
[14:19:11] ──────────────────── Epoch 177/200 ────────────────────
[14:19:13] [ep177|s4050]  loss=+0.0684  mse=0.0125  reg=0.0560
[14:19:18] ──────────────────── Epoch 178/200 ────────────────────
[14:19:23] ──────────────────── Epoch 179/200 ────────────────────
[14:19:26] [ep179|s4100]  loss=+0.0216  mse=0.0035  reg=0.0181
[14:19:29] ──────────────────── Epoch 180/200 ────────────────────
[14:19:35] ══════════ VAL ep180 ══════════  ρ=+0.2445 (p=0.0010) [PASS ✓]  AUROC(E)=0.6742  ECE=0.1987  N=177  avg_loss=0.0460
[14:19:35]   best so far: ρ=0.3028 @ ep80
[14:19:39]   ckpt saved → ckpt_epoch0180.pt
[14:19:39] ──────────────────── Epoch 181/200 ────────────────────
[14:19:41] [ep181|s4150]  loss=+0.0357  mse=0.0063  reg=0.0294
[14:19:43] ──────────────────── Epoch 182/200 ────────────────────
[14:19:49] ──────────────────── Epoch 183/200 ────────────────────
[14:19:53] [ep183|s4200]  loss=+0.0369  mse=0.0038  reg=0.0331
[14:19:55] ──────────────────── Epoch 184/200 ────────────────────
[14:19:59] ──────────────────── Epoch 185/200 ────────────────────
[14:20:04] [ep185|s4250]  loss=+0.0581  mse=0.0066  reg=0.0516
[14:20:05] ──────────────────── Epoch 186/200 ────────────────────
[14:20:16] ──────────────────── Epoch 187/200 ────────────────────
[14:20:20] [ep187|s4300]  loss=+0.0394  mse=0.0038  reg=0.0356
[14:20:21] ──────────────────── Epoch 188/200 ────────────────────
[14:20:24] ──────────────────── Epoch 189/200 ────────────────────
[14:20:30] ──────────────────── Epoch 190/200 ────────────────────
[14:20:31] [ep190|s4350]  loss=+0.0565  mse=0.0069  reg=0.0497
[14:20:37] ══════════ VAL ep190 ══════════  ρ=+0.2462 (p=0.0010) [PASS ✓]  AUROC(E)=0.6735  ECE=0.1990  N=177  avg_loss=0.0457
[14:20:37]   best so far: ρ=0.3028 @ ep80
[14:20:42]   ckpt saved → ckpt_epoch0190.pt
[14:20:42] ──────────────────── Epoch 191/200 ────────────────────
[14:20:47] ──────────────────── Epoch 192/200 ────────────────────
[14:20:49] [ep192|s4400]  loss=+0.0515  mse=0.0121  reg=0.0393
[14:20:53] ──────────────────── Epoch 193/200 ────────────────────
[14:20:58] ──────────────────── Epoch 194/200 ────────────────────
[14:21:01] [ep194|s4450]  loss=+0.0389  mse=0.0044  reg=0.0345
[14:21:03] ──────────────────── Epoch 195/200 ────────────────────
[14:21:09] ──────────────────── Epoch 196/200 ────────────────────
[14:21:14] [ep196|s4500]  loss=+0.0266  mse=0.0036  reg=0.0230
[14:21:16] ──────────────────── Epoch 197/200 ────────────────────
[14:21:20] ──────────────────── Epoch 198/200 ────────────────────
[14:21:25] [ep198|s4550]  loss=+0.0498  mse=0.0048  reg=0.0450
[14:21:26] ──────────────────── Epoch 199/200 ────────────────────
[14:21:30] ──────────────────── Epoch 200/200 ────────────────────
[14:21:32] [ep200|s4600]  loss=+0.0882  mse=0.0098  reg=0.0785
[14:21:33] ══════════ VAL ep200 ══════════  ρ=+0.2455 (p=0.0010) [PASS ✓]  AUROC(E)=0.6739  ECE=0.1989  N=177  avg_loss=0.0461
[14:21:33]   best so far: ρ=0.3028 @ ep80
[14:21:35]   ckpt saved → ckpt_epoch0200.pt
