[14:29:39] ──────────────────── Epoch 01/30 ────────────────────
[14:30:48] [ep01|s0010]  rw=-4.698  cd=-11.916  reg=7.219  │  e+=-6.75(±0.313)  e-=+5.15(±0.007)  sep=-1.0  │  fm_e=-7.5  fm=off  │  ∇rw=65.25  ∇pol=1.57
[14:31:51] [ep01|s0020]  rw=-4.949  cd=-10.055  reg=5.106  │  e+=-4.80(±0.274)  e-=+5.27(±0.020)  sep=-1.0  │  fm_e=-4.9  fm=off  │  ∇rw=14.18  ∇pol=1.24
[14:32:54] [ep01|s0030]  rw=-2.771  cd=-7.230  reg=4.459  │  e+=-4.96(±0.086)  e-=+2.25(±0.137)  sep=-1.0  │  fm_e=-5.1  fm=off  │  ∇rw=775.78  ∇pol=1.46
[14:33:56] [ep01|s0040]  rw=-5.026  cd=-9.897  reg=4.871  │  e+=-4.99(±0.127)  e-=+4.88(±0.014)  sep=-1.0  │  fm_e=-5.4  fm=off  │  ∇rw=2.01  ∇pol=14.38
[14:34:59] [ep01|s0050]  rw=-4.656  cd=-8.427  reg=3.770  │  e+=-4.07(±0.970)  e-=+4.49(±0.023)  sep=-1.0  │  fm_e=-5.3  fm=off  │  ∇rw=12.56  ∇pol=3.70
[14:36:01] [ep01|s0060]  rw=-4.969  cd=-9.892  reg=4.923  │  e+=-4.45(±1.704)  e-=+5.13(±0.008)  sep=-1.0  │  fm_e=-5.5  fm=off  │  ∇rw=8.37  ∇pol=2.37
[14:37:04] [ep01|s0070]  rw=-5.073  cd=-10.752  reg=5.679  │  e+=-5.68(±0.436)  e-=+4.91(±0.005)  sep=-1.0  │  fm_e=-6.2  fm=off  │  ∇rw=5.49  ∇pol=1.58
[14:38:07] [ep01|s0080]  rw=-4.800  cd=-10.607  reg=5.807  │  e+=-5.49(±0.611)  e-=+5.21(±0.033)  sep=-1.0  │  fm_e=-5.5  fm=off  │  ∇rw=35.06  ∇pol=1.36
[14:39:10] [ep01|s0090]  rw=-4.962  cd=-9.877  reg=4.915  │  e+=-4.89(±0.400)  e-=+5.01(±0.011)  sep=-1.0  │  fm_e=-4.7  fm=off  │  ∇rw=1.24  ∇pol=1.43
[14:40:13] [ep01|s0100]  rw=-5.161  cd=-9.676  reg=4.515  │  e+=-4.51(±0.612)  e-=+4.94(±0.004)  sep=-1.0  │  fm_e=-4.1  fm=off  │  ∇rw=2.78  ∇pol=1.03
[14:41:16] [ep01|s0110]  rw=-4.922  cd=-9.631  reg=4.709  │  e+=-4.57(±0.304)  e-=+5.11(±0.009)  sep=-1.0  │  fm_e=-4.9  fm=off  │  ∇rw=1.66  ∇pol=1.52
[14:42:19] [ep01|s0120]  rw=-4.991  cd=-9.937  reg=4.946  │  e+=-4.99(±0.264)  e-=+4.95(±0.003)  sep=-1.0  │  fm_e=-4.4  fm=off  │  ∇rw=1.21  ∇pol=1.05
[14:43:22] [ep01|s0130]  rw=-4.261  cd=-9.505  reg=5.244  │  e+=-5.45(±0.527)  e-=+4.12(±1.228)  sep=-1.0  │  fm_e=-7.9  fm=off  │  ∇rw=123.62  ∇pol=0.80
[14:44:25] [ep01|s0140]  rw=-4.981  cd=-10.165  reg=5.185  │  e+=-5.14(±0.155)  e-=+5.04(±0.003)  sep=-1.0  │  fm_e=-4.9  fm=off  │  ∇rw=2.44  ∇pol=0.92
[14:45:28] [ep01|s0150]  rw=-4.992  cd=-10.068  reg=5.076  │  e+=-4.99(±0.099)  e-=+5.08(±0.006)  sep=-1.0  │  fm_e=-4.9  fm=off  │  ∇rw=1.70  ∇pol=0.87
[14:46:31] [ep01|s0160]  rw=-5.013  cd=-10.284  reg=5.272  │  e+=-5.26(±0.175)  e-=+5.00(±0.003)  sep=-1.0  │  fm_e=-5.3  fm=off  │  ∇rw=1.98  ∇pol=0.88
[14:47:34] [ep01|s0170]  rw=-4.921  cd=-10.197  reg=5.276  │  e+=-5.26(±0.381)  e-=+4.99(±0.007)  sep=-1.0  │  fm_e=-5.1  fm=off  │  ∇rw=2.39  ∇pol=2.76
[14:48:38] [ep01|s0180]  rw=-4.796  cd=-10.713  reg=5.917  │  e+=-5.94(±1.073)  e-=+4.76(±0.009)  sep=-1.0  │  fm_e=-9.2  fm=off  │  ∇rw=33.04  ∇pol=1.60
[14:49:41] [ep01|s0190]  rw=-4.881  cd=-10.665  reg=5.785  │  e+=-5.74(±0.628)  e-=+4.95(±0.004)  sep=1.3  │  fm_e=-9.1  fm=off  │  ∇rw=11.76  ∇pol=1.22
[14:49:44] ══════════ VAL ep01 ══════════  ρ=-0.0674 (p=0.3730) [FAIL ✗]  AUROC(E)=0.4926  ECE=0.7784  N=177 ◀ BEST
[14:49:51]   ckpt saved → ckpt_epoch0001.pt
[14:49:51] ──────────────────── Epoch 02/30 ────────────────────
[14:50:55] [ep02|s0200]  rw=-4.578  cd=-11.437  reg=6.858  │  e+=-4.74(±0.385)  e-=+6.65(±0.023)  sep=1.5  │  fm_e=-4.6  fm=off  │  ∇rw=64.00  ∇pol=1.03
[14:51:58] [ep02|s0210]  rw=-4.850  cd=-9.400  reg=4.550  │  e+=-4.46(±0.452)  e-=+5.03(±0.032)  sep=1.0  │  fm_e=-4.4  fm=off  │  ∇rw=5.56  ∇pol=1.17
[14:52:56] [ep02|s0220]  rw=-5.021  cd=-11.012  reg=5.992  │  e+=-5.14(±0.607)  e-=+5.73(±0.017)  sep=24.8  │  fm_e=+5.7  fm=ON  fb=100%  │  ∇rw=16.65  ∇pol=1.00
[14:53:39] [ep02|s0230]  rw=-5.045  cd=-9.752  reg=4.707  │  e+=-5.05(±0.193)  e-=+4.63(±0.017)  sep=86.6  │  fm_e=+4.6  fm=ON  fb=100%  │  ∇rw=9.07  ∇pol=3.41
[14:54:23] [ep02|s0240]  rw=-5.075  cd=-9.565  reg=4.490  │  e+=-4.69(±0.431)  e-=+4.77(±0.010)  sep=116.5  │  fm_e=+4.8  fm=ON  fb=100%  │  ∇rw=3.89  ∇pol=0.66
[14:55:07] [ep02|s0250]  rw=-4.933  cd=-9.416  reg=4.484  │  e+=-4.46(±0.601)  e-=+4.95(±0.007)  sep=47.7  │  fm_e=+5.0  fm=ON  fb=100%  │  ∇rw=18.81  ∇pol=0.92
[14:55:51] [ep02|s0260]  rw=-5.059  cd=-10.537  reg=5.479  │  e+=-5.18(±0.336)  e-=+5.27(±0.035)  sep=43.6  │  fm_e=+5.3  fm=ON  fb=100%  │  ∇rw=8.52  ∇pol=0.85
[14:56:34] [ep02|s0270]  rw=-4.990  cd=-10.056  reg=5.066  │  e+=-5.14(±0.315)  e-=+4.90(±0.017)  sep=95.6  │  fm_e=+4.9  fm=ON  fb=100%  │  ∇rw=4.75  ∇pol=0.78
[14:57:18] [ep02|s0280]  rw=-4.283  cd=-6.632  reg=2.349  │  e+=-3.76(±0.683)  e-=+2.98(±0.019)  sep=63.9  │  fm_e=+3.0  fm=ON  fb=100%  │  ∇rw=29.76  ∇pol=1.22
[14:58:02] [ep02|s0290]  rw=-5.005  cd=-9.848  reg=4.843  │  e+=-4.66(±0.624)  e-=+5.13(±0.010)  sep=74.6  │  fm_e=+5.1  fm=ON  fb=100%  │  ∇rw=3.76  ∇pol=1.00
[14:58:45] [ep02|s0300]  rw=-4.960  cd=-9.850  reg=4.889  │  e+=-4.90(±0.556)  e-=+4.95(±0.017)  sep=52.3  │  fm_e=+4.9  fm=ON  fb=100%  │  ∇rw=1.72  ∇pol=0.67
[14:59:29] [ep02|s0310]  rw=-5.011  cd=-10.176  reg=5.165  │  e+=-5.17(±0.129)  e-=+4.99(±0.014)  sep=78.1  │  fm_e=+5.0  fm=ON  fb=100%  │  ∇rw=1.48  ∇pol=1.00
[15:00:13] [ep02|s0320]  rw=-4.988  cd=-9.711  reg=4.723  │  e+=-4.85(±0.227)  e-=+4.86(±0.016)  sep=81.6  │  fm_e=+4.9  fm=ON  fb=100%  │  ∇rw=3.62  ∇pol=0.75
[15:00:57] [ep02|s0330]  rw=-5.001  cd=-9.464  reg=4.463  │  e+=-4.50(±0.361)  e-=+4.93(±0.012)  sep=103.8  │  fm_e=+4.9  fm=ON  fb=100%  │  ∇rw=4.47  ∇pol=0.44
[15:01:40] [ep02|s0340]  rw=-5.011  cd=-9.959  reg=4.948  │  e+=-5.02(±0.114)  e-=+4.92(±0.020)  sep=131.5  │  fm_e=+4.9  fm=ON  fb=100%  │  ∇rw=2.43  ∇pol=0.85
[15:02:24] [ep02|s0350]  rw=-4.934  cd=-10.039  reg=5.105  │  e+=-4.85(±1.372)  e-=+5.05(±0.017)  sep=47.0  │  fm_e=+5.1  fm=ON  fb=100%  │  ∇rw=1.57  ∇pol=0.88
[15:03:08] [ep02|s0360]  rw=-5.062  cd=-10.275  reg=5.213  │  e+=-5.20(±0.222)  e-=+5.00(±0.009)  sep=88.4  │  fm_e=+5.0  fm=ON  fb=100%  │  ∇rw=2.10  ∇pol=0.68
[15:03:51] [ep02|s0370]  rw=-5.023  cd=-9.765  reg=4.742  │  e+=-4.73(±0.265)  e-=+5.00(±0.016)  sep=98.5  │  fm_e=+5.0  fm=ON  fb=100%  │  ∇rw=2.36  ∇pol=0.57
[15:04:35] [ep02|s0380]  rw=-4.939  cd=-10.789  reg=5.850  │  e+=-5.67(±0.988)  e-=+5.04(±0.014)  sep=55.5  │  fm_e=+5.0  fm=ON  fb=100%  │  ∇rw=8.46  ∇pol=0.47
[15:04:49] ══════════ VAL ep02 ══════════  ρ=+0.0410 (p=0.5879) [FAIL ✗]  AUROC(E)=0.4711  ECE=0.7941  N=177 ◀ BEST
[15:04:56]   ckpt saved → ckpt_epoch0002.pt
[15:04:57] ──────────────────── Epoch 03/30 ────────────────────
[15:05:43] [ep03|s0390]  rw=-4.950  cd=-10.477  reg=5.527  │  e+=-5.42(±0.340)  e-=+5.07(±0.014)  sep=39.9  │  fm_e=+5.1  fm=ON  fb=100%  │  ∇rw=4.21  ∇pol=1.14
[15:06:26] [ep03|s0400]  rw=-5.016  cd=-9.918  reg=4.901  │  e+=-4.90(±0.394)  e-=+4.98(±0.011)  sep=90.3  │  fm_e=+5.0  fm=ON  fb=100%  │  ∇rw=1.40  ∇pol=0.72
[15:07:10] [ep03|s0410]  rw=-4.941  cd=-9.322  reg=4.381  │  e+=-4.50(±0.171)  e-=+4.85(±0.003)  sep=64.3  │  fm_e=+4.9  fm=ON  fb=100%  │  ∇rw=5.30  ∇pol=2.16
[15:07:54] [ep03|s0420]  rw=-5.027  cd=-9.876  reg=4.849  │  e+=-4.86(±0.212)  e-=+4.98(±0.004)  sep=136.8  │  fm_e=+5.0  fm=ON  fb=100%  │  ∇rw=1.33  ∇pol=0.70
[15:08:37] [ep03|s0430]  rw=-4.951  cd=-10.272  reg=5.321  │  e+=-5.44(±0.445)  e-=+4.84(±0.013)  sep=73.4  │  fm_e=+4.8  fm=ON  fb=100%  │  ∇rw=4.56  ∇pol=0.97
[15:09:20] [ep03|s0440]  rw=-4.988  cd=-10.152  reg=5.164  │  e+=-5.19(±0.171)  e-=+4.97(±0.007)  sep=104.2  │  fm_e=+5.0  fm=ON  fb=100%  │  ∇rw=2.72  ∇pol=0.75
[15:10:04] [ep03|s0450]  rw=-4.749  cd=-9.116  reg=4.368  │  e+=-4.33(±0.648)  e-=+4.95(±0.005)  sep=90.1  │  fm_e=+5.0  fm=ON  fb=100%  │  ∇rw=4.07  ∇pol=0.47
[15:10:47] [ep03|s0460]  rw=-5.075  cd=-10.200  reg=5.125  │  e+=-5.15(±0.367)  e-=+4.94(±0.007)  sep=65.0  │  fm_e=+4.9  fm=ON  fb=100%  │  ∇rw=3.11  ∇pol=0.76
[15:11:31] [ep03|s0470]  rw=+0.924  cd=-2.786  reg=3.710  │  e+=-5.26(±0.342)  e-=-2.42(±0.327)  sep=88.2  │  fm_e=-2.4  fm=ON  fb=100%  │  ∇rw=1198.06  ∇pol=0.55
[15:12:15] [ep03|s0480]  rw=-2.940  cd=-6.715  reg=3.775  │  e+=-4.61(±0.265)  e-=+2.06(±0.262)  sep=64.5  │  fm_e=+2.0  fm=ON  fb=100%  │  ∇rw=557.58  ∇pol=1.09
[15:12:58] [ep03|s0490]  rw=-5.006  cd=-10.154  reg=5.148  │  e+=-5.04(±0.311)  e-=+5.09(±0.007)  sep=69.2  │  fm_e=+5.1  fm=ON  fb=100%  │  ∇rw=2.49  ∇pol=0.68
[15:13:42] [ep03|s0500]  rw=-5.218  cd=-9.667  reg=4.449  │  e+=-4.38(±0.702)  e-=+4.98(±0.010)  sep=38.0  │  fm_e=+5.0  fm=ON  fb=100%  │  ∇rw=5.53  ∇pol=0.68
[15:14:26] [ep03|s0510]  rw=-4.950  cd=-9.982  reg=5.032  │  e+=-5.02(±0.392)  e-=+5.00(±0.005)  sep=65.2  │  fm_e=+5.0  fm=ON  fb=100%  │  ∇rw=1.86  ∇pol=0.32
[15:15:10] [ep03|s0520]  rw=-4.980  cd=-10.691  reg=5.711  │  e+=-5.43(±0.101)  e-=+5.25(±0.008)  sep=126.3  │  fm_e=+5.2  fm=ON  fb=100%  │  ∇rw=4.63  ∇pol=0.39
[15:15:54] [ep03|s0530]  rw=-4.995  cd=-10.047  reg=5.052  │  e+=-5.05(±0.082)  e-=+5.00(±0.017)  sep=118.2  │  fm_e=+5.0  fm=ON  fb=100%  │  ∇rw=1.33  ∇pol=0.74
[15:16:38] [ep03|s0540]  rw=-5.002  cd=-10.242  reg=5.240  │  e+=-5.14(±0.634)  e-=+5.06(±0.011)  sep=87.9  │  fm_e=+5.1  fm=ON  fb=100%  │  ∇rw=1.47  ∇pol=0.63
[15:17:22] [ep03|s0550]  rw=-4.968  cd=-10.159  reg=5.191  │  e+=-5.40(±0.093)  e-=+4.77(±0.008)  sep=85.7  │  fm_e=+4.8  fm=ON  fb=100%  │  ∇rw=6.31  ∇pol=0.60
[15:18:06] [ep03|s0560]  rw=-5.119  cd=-10.249  reg=5.129  │  e+=-5.12(±0.434)  e-=+4.99(±0.009)  sep=89.3  │  fm_e=+5.0  fm=ON  fb=100%  │  ∇rw=2.08  ∇pol=0.96
[15:18:51] [ep03|s0570]  rw=-4.582  cd=-8.744  reg=4.162  │  e+=-3.92(±1.246)  e-=+4.87(±0.009)  sep=83.8  │  fm_e=+4.9  fm=ON  fb=100%  │  ∇rw=29.82  ∇pol=0.61
[15:18:54] ══════════ VAL ep03 ══════════  ρ=+0.1190 (p=0.1148) [FAIL ✗]  AUROC(E)=0.5386  ECE=0.7879  N=177 ◀ BEST
[15:18:56]   ckpt saved → ckpt_epoch0003.pt
[15:18:56] ──────────────────── Epoch 04/30 ────────────────────
[15:19:41] [ep04|s0580]  rw=-4.625  cd=-9.533  reg=4.908  │  e+=-4.34(±2.022)  e-=+5.11(±0.025)  sep=36.1  │  fm_e=+5.1  fm=ON  fb=100%  │  ∇rw=4.66  ∇pol=0.77
[15:20:26] [ep04|s0590]  rw=-4.931  cd=-9.885  reg=4.954  │  e+=-5.07(±0.298)  e-=+4.82(±0.015)  sep=50.5  │  fm_e=+4.8  fm=ON  fb=100%  │  ∇rw=10.05  ∇pol=0.77
[15:21:10] [ep04|s0600]  rw=-4.881  cd=-11.191  reg=6.309  │  e+=-6.06(±0.180)  e-=+5.13(±0.023)  sep=93.6  │  fm_e=+5.1  fm=ON  fb=100%  │  ∇rw=9.61  ∇pol=0.44
[15:21:55] [ep04|s0610]  rw=-5.072  cd=-9.982  reg=4.910  │  e+=-4.92(±0.294)  e-=+4.98(±0.033)  sep=92.7  │  fm_e=+5.0  fm=ON  fb=100%  │  ∇rw=1.55  ∇pol=1.18
[15:22:39] [ep04|s0620]  rw=-4.979  cd=-10.269  reg=5.289  │  e+=-5.22(±0.104)  e-=+5.06(±0.017)  sep=77.1  │  fm_e=+5.1  fm=ON  fb=100%  │  ∇rw=2.39  ∇pol=2.47
[15:23:24] [ep04|s0630]  rw=-5.039  cd=-10.619  reg=5.580  │  e+=-5.55(±0.503)  e-=+4.97(±0.012)  sep=53.5  │  fm_e=+5.0  fm=ON  fb=100%  │  ∇rw=2.73  ∇pol=0.68
[15:24:08] [ep04|s0640]  rw=-5.156  cd=-10.056  reg=4.900  │  e+=-4.86(±0.680)  e-=+4.99(±0.016)  sep=80.7  │  fm_e=+5.0  fm=ON  fb=100%  │  ∇rw=2.27  ∇pol=0.74
[15:24:53] [ep04|s0650]  rw=-4.983  cd=-10.741  reg=5.758  │  e+=-5.20(±0.409)  e-=+5.49(±0.009)  sep=116.3  │  fm_e=+5.5  fm=ON  fb=100%  │  ∇rw=5.75  ∇pol=0.58
[15:25:38] [ep04|s0660]  rw=-5.036  cd=-10.172  reg=5.136  │  e+=-5.14(±0.262)  e-=+4.98(±0.009)  sep=80.9  │  fm_e=+5.0  fm=ON  fb=100%  │  ∇rw=1.30  ∇pol=0.86
[15:26:22] [ep04|s0670]  rw=-4.964  cd=-10.643  reg=5.679  │  e+=-5.67(±0.320)  e-=+4.95(±0.027)  sep=59.1  │  fm_e=+4.9  fm=ON  fb=100%  │  ∇rw=6.20  ∇pol=0.63
[15:27:06] [ep04|s0680]  rw=-5.049  cd=-9.909  reg=4.859  │  e+=-4.84(±0.356)  e-=+5.00(±0.012)  sep=58.8  │  fm_e=+5.0  fm=ON  fb=100%  │  ∇rw=1.55  ∇pol=0.60
[15:27:50] [ep04|s0690]  rw=-5.113  cd=-10.252  reg=5.138  │  e+=-4.87(±0.403)  e-=+5.24(±0.011)  sep=63.0  │  fm_e=+5.2  fm=ON  fb=100%  │  ∇rw=2.33  ∇pol=0.76
[15:28:35] [ep04|s0700]  rw=-4.960  cd=-10.182  reg=5.222  │  e+=-5.32(±0.252)  e-=+4.88(±0.010)  sep=66.1  │  fm_e=+4.9  fm=ON  fb=100%  │  ∇rw=2.28  ∇pol=0.96
[15:29:20] [ep04|s0710]  rw=-5.066  cd=-9.906  reg=4.840  │  e+=-4.88(±0.507)  e-=+4.93(±0.009)  sep=55.9  │  fm_e=+4.9  fm=ON  fb=100%  │  ∇rw=2.77  ∇pol=0.64
[15:30:04] [ep04|s0720]  rw=-4.729  cd=-9.430  reg=4.701  │  e+=-4.65(±0.802)  e-=+4.97(±0.016)  sep=29.2  │  fm_e=+5.0  fm=ON  fb=100%  │  ∇rw=2.43  ∇pol=0.78
[15:30:48] [ep04|s0730]  rw=-5.038  cd=-10.273  reg=5.235  │  e+=-5.22(±0.165)  e-=+5.01(±0.019)  sep=81.8  │  fm_e=+5.0  fm=ON  fb=100%  │  ∇rw=1.34  ∇pol=0.74
[15:31:32] [ep04|s0740]  rw=-4.985  cd=-9.757  reg=4.772  │  e+=-4.78(±0.061)  e-=+4.98(±0.006)  sep=98.5  │  fm_e=+5.0  fm=ON  fb=100%  │  ∇rw=2.05  ∇pol=7.54
[15:32:17] [ep04|s0750]  rw=-4.998  cd=-10.308  reg=5.310  │  e+=-5.30(±0.376)  e-=+4.99(±0.013)  sep=113.3  │  fm_e=+5.0  fm=ON  fb=100%  │  ∇rw=2.37  ∇pol=0.70
[15:33:01] [ep04|s0760]  rw=-4.938  cd=-9.766  reg=4.828  │  e+=-4.73(±0.303)  e-=+5.08(±0.019)  sep=51.2  │  fm_e=+5.1  fm=ON  fb=100%  │  ∇rw=2.00  ∇pol=0.67
[15:33:03] ══════════ VAL ep04 ══════════  ρ=+0.1750 (p=0.0198) [PASS ✓]  AUROC(E)=0.6144  ECE=0.7931  N=177 ◀ BEST
[15:33:05]   ckpt saved → ckpt_epoch0004.pt
[15:33:05] ──────────────────── Epoch 05/30 ────────────────────
[15:33:50] [ep05|s0770]  rw=-5.167  cd=-10.237  reg=5.070  │  e+=-5.15(±0.428)  e-=+4.90(±0.013)  sep=45.1  │  fm_e=+4.9  fm=ON  fb=100%  │  ∇rw=2.50  ∇pol=0.70
[15:34:35] [ep05|s0780]  rw=-4.973  cd=-9.577  reg=4.604  │  e+=-4.96(±0.136)  e-=+4.62(±0.012)  sep=70.9  │  fm_e=+4.6  fm=ON  fb=100%  │  ∇rw=4.31  ∇pol=0.68
[15:35:19] [ep05|s0790]  rw=-5.174  cd=-10.078  reg=4.903  │  e+=-4.79(±0.551)  e-=+5.07(±0.008)  sep=88.3  │  fm_e=+5.1  fm=ON  fb=100%  │  ∇rw=3.02  ∇pol=0.79
[15:36:03] [ep05|s0800]  rw=-5.026  cd=-10.230  reg=5.204  │  e+=-5.12(±0.125)  e-=+5.07(±0.006)  sep=79.6  │  fm_e=+5.1  fm=ON  fb=100%  │  ∇rw=3.39  ∇pol=0.32
[15:36:48] [ep05|s0810]  rw=-5.017  cd=-10.066  reg=5.050  │  e+=-5.06(±0.095)  e-=+4.99(±0.006)  sep=87.6  │  fm_e=+5.0  fm=ON  fb=100%  │  ∇rw=1.24  ∇pol=0.46
[15:37:33] [ep05|s0820]  rw=-4.976  cd=-10.148  reg=5.172  │  e+=-5.11(±0.227)  e-=+5.06(±0.014)  sep=76.3  │  fm_e=+5.1  fm=ON  fb=100%  │  ∇rw=1.68  ∇pol=0.75
[15:38:17] [ep05|s0830]  rw=-5.055  cd=-9.912  reg=4.857  │  e+=-4.83(±0.288)  e-=+5.01(±0.028)  sep=58.0  │  fm_e=+5.0  fm=ON  fb=100%  │  ∇rw=1.96  ∇pol=0.42
[15:39:01] [ep05|s0840]  rw=-4.854  cd=-10.210  reg=5.357  │  e+=-5.37(±0.453)  e-=+4.95(±0.017)  sep=46.6  │  fm_e=+5.0  fm=ON  fb=100%  │  ∇rw=2.71  ∇pol=0.75
[15:39:46] [ep05|s0850]  rw=-5.010  cd=-10.030  reg=5.019  │  e+=-4.96(±0.163)  e-=+5.05(±0.018)  sep=117.6  │  fm_e=+5.0  fm=ON  fb=100%  │  ∇rw=1.97  ∇pol=0.46
[15:40:31] [ep05|s0860]  rw=-5.018  cd=-9.666  reg=4.648  │  e+=-4.65(±0.136)  e-=+4.98(±0.013)  sep=82.7  │  fm_e=+5.0  fm=ON  fb=100%  │  ∇rw=2.50  ∇pol=0.45
[15:41:15] [ep05|s0870]  rw=-4.956  cd=-10.472  reg=5.516  │  e+=-5.50(±0.473)  e-=+4.97(±0.014)  sep=82.3  │  fm_e=+5.0  fm=ON  fb=100%  │  ∇rw=3.75  ∇pol=0.61
[15:42:00] [ep05|s0880]  rw=-4.927  cd=-9.397  reg=4.470  │  e+=-4.38(±0.366)  e-=+5.03(±0.014)  sep=73.0  │  fm_e=+5.0  fm=ON  fb=100%  │  ∇rw=3.37  ∇pol=0.54
[15:42:44] [ep05|s0890]  rw=-4.990  cd=-10.144  reg=5.154  │  e+=-5.24(±0.242)  e-=+4.90(±0.016)  sep=86.0  │  fm_e=+4.9  fm=ON  fb=100%  │  ∇rw=2.91  ∇pol=0.40
[15:43:29] [ep05|s0900]  rw=-4.998  cd=-9.874  reg=4.876  │  e+=-4.89(±0.128)  e-=+4.98(±0.007)  sep=104.9  │  fm_e=+5.0  fm=ON  fb=100%  │  ∇rw=1.88  ∇pol=0.41
[15:44:14] [ep05|s0910]  rw=-4.947  cd=-9.730  reg=4.783  │  e+=-4.78(±0.414)  e-=+4.98(±0.013)  sep=39.8  │  fm_e=+5.0  fm=ON  fb=100%  │  ∇rw=2.24  ∇pol=0.51
[15:44:58] [ep05|s0920]  rw=-5.032  cd=-10.393  reg=5.361  │  e+=-5.56(±0.289)  e-=+4.76(±0.016)  sep=48.4  │  fm_e=+4.8  fm=ON  fb=100%  │  ∇rw=5.28  ∇pol=0.49
[15:45:43] [ep05|s0930]  rw=-5.060  cd=-9.954  reg=4.894  │  e+=-4.80(±0.758)  e-=+5.03(±0.013)  sep=55.4  │  fm_e=+5.0  fm=ON  fb=100%  │  ∇rw=2.25  ∇pol=0.57
[15:46:28] [ep05|s0940]  rw=-5.005  cd=-10.068  reg=5.062  │  e+=-5.07(±0.075)  e-=+4.99(±0.011)  sep=110.9  │  fm_e=+5.0  fm=ON  fb=100%  │  ∇rw=1.22  ∇pol=0.64
[15:47:13] [ep05|s0950]  rw=-5.087  cd=-9.936  reg=4.848  │  e+=-4.86(±0.350)  e-=+4.97(±0.015)  sep=64.1  │  fm_e=+5.0  fm=ON  fb=100%  │  ∇rw=1.92  ∇pol=0.67
[15:47:20] ══════════ VAL ep05 ══════════  ρ=+0.1681 (p=0.0254) [PASS ✓]  AUROC(E)=0.5760  ECE=0.7975  N=177
[15:47:27]   ckpt saved → ckpt_epoch0005.pt
[15:47:27] ──────────────────── Epoch 06/30 ────────────────────
[15:48:13] [ep06|s0960]  rw=-5.033  cd=-9.642  reg=4.608  │  e+=-4.56(±0.449)  e-=+5.00(±0.025)  sep=37.2  │  fm_e=+5.0  fm=ON  fb=100%  │  ∇rw=2.64  ∇pol=0.89
[15:48:57] [ep06|s0970]  rw=-4.965  cd=-10.349  reg=5.383  │  e+=-5.30(±0.171)  e-=+5.07(±0.028)  sep=54.1  │  fm_e=+5.1  fm=ON  fb=100%  │  ∇rw=4.00  ∇pol=0.39
[15:49:42] [ep06|s0980]  rw=-5.051  cd=-9.568  reg=4.517  │  e+=-4.57(±0.416)  e-=+4.91(±0.016)  sep=64.5  │  fm_e=+4.9  fm=ON  fb=100%  │  ∇rw=1.52  ∇pol=0.77
[15:50:27] [ep06|s0990]  rw=-4.989  cd=-10.199  reg=5.210  │  e+=-5.21(±0.077)  e-=+4.99(±0.025)  sep=101.6  │  fm_e=+5.0  fm=ON  fb=100%  │  ∇rw=3.03  ∇pol=0.72
[15:51:12] [ep06|s1000]  rw=-4.980  cd=-10.199  reg=5.218  │  e+=-5.22(±0.056)  e-=+4.99(±0.013)  sep=162.7  │  fm_e=+5.0  fm=ON  fb=100%  │  ∇rw=2.15  ∇pol=0.73
[15:51:56] [ep06|s1010]  rw=-4.631  cd=-9.374  reg=4.743  │  e+=-5.01(±0.230)  e-=+4.31(±0.954)  sep=166.6  │  fm_e=+4.9  fm=ON  fb=100%  │  ∇rw=392.51  ∇pol=0.71
[15:52:41] [ep06|s1020]  rw=-4.959  cd=-9.769  reg=4.810  │  e+=-4.96(±0.142)  e-=+4.83(±0.011)  sep=132.8  │  fm_e=+4.8  fm=ON  fb=100%  │  ∇rw=3.13  ∇pol=0.84
[15:53:25] [ep06|s1030]  rw=-5.066  cd=-10.299  reg=5.233  │  e+=-4.97(±0.202)  e-=+5.25(±0.011)  sep=122.3  │  fm_e=+5.3  fm=ON  fb=100%  │  ∇rw=2.45  ∇pol=0.69
[15:54:10] [ep06|s1040]  rw=-4.974  cd=-10.340  reg=5.366  │  e+=-5.29(±0.321)  e-=+5.06(±0.012)  sep=67.7  │  fm_e=+5.1  fm=ON  fb=100%  │  ∇rw=1.79  ∇pol=0.55
[15:54:55] [ep06|s1050]  rw=-5.149  cd=-9.998  reg=4.850  │  e+=-4.88(±0.278)  e-=+4.96(±0.010)  sep=138.6  │  fm_e=+5.0  fm=ON  fb=100%  │  ∇rw=1.16  ∇pol=0.68
[15:55:40] [ep06|s1060]  rw=-4.444  cd=-8.687  reg=4.243  │  e+=-4.03(±1.454)  e-=+4.67(±0.015)  sep=53.3  │  fm_e=+4.7  fm=ON  fb=100%  │  ∇rw=36.78  ∇pol=1.81
[15:56:24] [ep06|s1070]  rw=-5.005  cd=-10.024  reg=5.019  │  e+=-5.04(±0.140)  e-=+4.97(±0.017)  sep=68.3  │  fm_e=+5.0  fm=ON  fb=100%  │  ∇rw=1.20  ∇pol=0.54
[15:57:09] [ep06|s1080]  rw=-4.964  cd=-9.899  reg=4.934  │  e+=-4.94(±0.258)  e-=+4.99(±0.007)  sep=86.8  │  fm_e=+5.0  fm=ON  fb=100%  │  ∇rw=1.69  ∇pol=0.54
[15:57:53] [ep06|s1090]  rw=-4.820  cd=-11.050  reg=6.230  │  e+=-6.18(±0.222)  e-=+4.91(±0.009)  sep=58.3  │  fm_e=+4.9  fm=ON  fb=100%  │  ∇rw=6.03  ∇pol=0.61
[15:58:38] [ep06|s1100]  rw=-5.015  cd=-9.892  reg=4.877  │  e+=-4.90(±0.471)  e-=+4.96(±0.005)  sep=58.0  │  fm_e=+5.0  fm=ON  fb=100%  │  ∇rw=1.32  ∇pol=0.43
[15:59:23] [ep06|s1110]  rw=-4.859  cd=-11.030  reg=6.171  │  e+=-6.00(±0.241)  e-=+5.06(±0.024)  sep=48.3  │  fm_e=+5.1  fm=ON  fb=100%  │  ∇rw=7.52  ∇pol=0.77
[16:00:07] [ep06|s1120]  rw=-5.014  cd=-10.113  reg=5.100  │  e+=-5.05(±0.125)  e-=+5.05(±0.011)  sep=79.1  │  fm_e=+5.1  fm=ON  fb=100%  │  ∇rw=1.37  ∇pol=0.46
[16:00:52] [ep06|s1130]  rw=-5.000  cd=-9.849  reg=4.849  │  e+=-4.84(±0.236)  e-=+5.00(±0.016)  sep=78.0  │  fm_e=+5.0  fm=ON  fb=100%  │  ∇rw=2.46  ∇pol=0.55
[16:01:37] [ep06|s1140]  rw=-5.022  cd=-10.143  reg=5.121  │  e+=-5.07(±0.461)  e-=+5.03(±0.013)  sep=68.8  │  fm_e=+5.0  fm=ON  fb=100%  │  ∇rw=3.88  ∇pol=0.36
[16:01:42] ══════════ VAL ep06 ══════════  ρ=+0.0734 (p=0.3313) [FAIL ✗]  AUROC(E)=0.5174  ECE=0.7922  N=177
[16:01:47]   ckpt saved → ckpt_epoch0006.pt
[16:01:47] ──────────────────── Epoch 07/30 ────────────────────
[16:02:32] [ep07|s1150]  rw=-2.381  cd=-6.733  reg=4.352  │  e+=-4.71(±0.336)  e-=+1.86(±0.037)  sep=50.3  │  fm_e=+1.9  fm=ON  fb=100%  │  ∇rw=284.14  ∇pol=0.90
[16:03:16] [ep07|s1160]  rw=-5.008  cd=-9.843  reg=4.835  │  e+=-4.84(±0.190)  e-=+4.99(±0.013)  sep=91.1  │  fm_e=+5.0  fm=ON  fb=100%  │  ∇rw=1.79  ∇pol=0.76
[16:04:01] [ep07|s1170]  rw=-4.990  cd=-9.953  reg=4.963  │  e+=-5.00(±0.182)  e-=+4.94(±0.009)  sep=82.7  │  fm_e=+4.9  fm=ON  fb=100%  │  ∇rw=4.52  ∇pol=0.47
[16:04:46] [ep07|s1180]  rw=-5.015  cd=-9.988  reg=4.973  │  e+=-5.04(±0.247)  e-=+4.92(±0.013)  sep=68.9  │  fm_e=+4.9  fm=ON  fb=100%  │  ∇rw=1.40  ∇pol=0.35
[16:05:31] [ep07|s1190]  rw=-5.084  cd=-10.174  reg=5.090  │  e+=-5.12(±0.330)  e-=+4.95(±0.008)  sep=102.8  │  fm_e=+5.0  fm=ON  fb=100%  │  ∇rw=1.63  ∇pol=0.89
[16:06:15] [ep07|s1200]  rw=-4.991  cd=-10.017  reg=5.025  │  e+=-5.04(±0.313)  e-=+4.97(±0.020)  sep=49.6  │  fm_e=+5.0  fm=ON  fb=100%  │  ∇rw=2.22  ∇pol=0.52
[16:07:00] [ep07|s1210]  rw=-5.078  cd=-10.091  reg=5.013  │  e+=-5.00(±0.165)  e-=+5.01(±0.010)  sep=76.2  │  fm_e=+5.0  fm=ON  fb=100%  │  ∇rw=2.15  ∇pol=0.73
[16:07:45] [ep07|s1220]  rw=-4.968  cd=-10.009  reg=5.040  │  e+=-4.96(±0.717)  e-=+5.02(±0.008)  sep=34.1  │  fm_e=+5.0  fm=ON  fb=100%  │  ∇rw=3.62  ∇pol=0.52
[16:08:29] [ep07|s1230]  rw=-5.155  cd=-10.302  reg=5.147  │  e+=-5.13(±0.639)  e-=+4.97(±0.018)  sep=47.5  │  fm_e=+5.0  fm=ON  fb=100%  │  ∇rw=1.68  ∇pol=0.47
[16:09:13] [ep07|s1240]  rw=-5.308  cd=-10.285  reg=4.977  │  e+=-4.94(±0.663)  e-=+4.99(±0.015)  sep=55.7  │  fm_e=+5.0  fm=ON  fb=100%  │  ∇rw=1.38  ∇pol=4.02
[16:09:58] [ep07|s1250]  rw=-4.908  cd=-10.119  reg=5.210  │  e+=-5.26(±0.433)  e-=+4.91(±0.034)  sep=26.8  │  fm_e=+4.9  fm=ON  fb=100%  │  ∇rw=5.76  ∇pol=0.64
[16:10:43] [ep07|s1260]  rw=-5.045  cd=-10.833  reg=5.788  │  e+=-5.51(±0.481)  e-=+5.22(±0.027)  sep=42.3  │  fm_e=+5.2  fm=ON  fb=100%  │  ∇rw=7.09  ∇pol=0.47
[16:11:27] [ep07|s1270]  rw=-4.931  cd=-10.296  reg=5.365  │  e+=-5.34(±0.169)  e-=+5.01(±0.012)  sep=73.0  │  fm_e=+5.0  fm=ON  fb=100%  │  ∇rw=5.13  ∇pol=0.81
[16:12:12] [ep07|s1280]  rw=-5.065  cd=-10.326  reg=5.261  │  e+=-5.25(±0.706)  e-=+4.95(±0.007)  sep=65.3  │  fm_e=+5.0  fm=ON  fb=100%  │  ∇rw=2.19  ∇pol=1.78
[16:12:56] [ep07|s1290]  rw=-4.977  cd=-10.796  reg=5.818  │  e+=-5.76(±0.177)  e-=+5.00(±0.018)  sep=53.2  │  fm_e=+5.0  fm=ON  fb=100%  │  ∇rw=5.73  ∇pol=0.34
[16:13:41] [ep07|s1300]  rw=-5.029  cd=-10.517  reg=5.488  │  e+=-5.45(±0.235)  e-=+5.01(±0.011)  sep=74.7  │  fm_e=+5.0  fm=ON  fb=100%  │  ∇rw=4.70  ∇pol=0.39
[16:14:26] [ep07|s1310]  rw=-5.095  cd=-10.442  reg=5.347  │  e+=-5.30(±0.527)  e-=+5.01(±0.014)  sep=146.0  │  fm_e=+5.0  fm=ON  fb=100%  │  ∇rw=1.64  ∇pol=0.57
[16:15:10] [ep07|s1320]  rw=-5.037  cd=-10.883  reg=5.845  │  e+=-5.63(±0.852)  e-=+5.10(±0.011)  sep=45.4  │  fm_e=+5.1  fm=ON  fb=100%  │  ∇rw=8.39  ∇pol=0.61
[16:15:55] [ep07|s1330]  rw=-4.964  cd=-9.973  reg=5.008  │  e+=-4.97(±0.281)  e-=+5.03(±0.006)  sep=53.5  │  fm_e=+5.0  fm=ON  fb=100%  │  ∇rw=3.34  ∇pol=0.62
[16:15:58] ══════════ VAL ep07 ══════════  ρ=+0.1747 (p=0.0200) [PASS ✓]  AUROC(E)=0.6223  ECE=0.7959  N=177
[16:16:02]   ckpt saved → ckpt_epoch0007.pt
[16:16:02] ──────────────────── Epoch 08/30 ────────────────────
[16:16:46] [ep08|s1340]  rw=-4.931  cd=-9.561  reg=4.630  │  e+=-4.68(±0.108)  e-=+4.93(±0.009)  sep=101.2  │  fm_e=+4.9  fm=ON  fb=100%  │  ∇rw=2.86  ∇pol=0.57
[16:17:31] [ep08|s1350]  rw=-5.200  cd=-10.030  reg=4.831  │  e+=-4.36(±0.901)  e-=+5.30(±0.083)  sep=40.1  │  fm_e=+5.3  fm=ON  fb=100%  │  ∇rw=8.60  ∇pol=0.47
[16:18:16] [ep08|s1360]  rw=-4.986  cd=-9.762  reg=4.776  │  e+=-4.72(±0.127)  e-=+5.04(±0.006)  sep=110.7  │  fm_e=+5.0  fm=ON  fb=100%  │  ∇rw=2.04  ∇pol=0.66
[16:19:00] [ep08|s1370]  rw=-4.970  cd=-9.924  reg=4.954  │  e+=-4.96(±0.404)  e-=+4.98(±0.010)  sep=97.0  │  fm_e=+5.0  fm=ON  fb=100%  │  ∇rw=1.42  ∇pol=0.57
[16:19:45] [ep08|s1380]  rw=-5.113  cd=-9.954  reg=4.842  │  e+=-4.80(±0.481)  e-=+5.02(±0.006)  sep=58.3  │  fm_e=+5.0  fm=ON  fb=100%  │  ∇rw=1.54  ∇pol=0.41
[16:20:30] [ep08|s1390]  rw=-4.806  cd=-10.531  reg=5.725  │  e+=-5.64(±0.851)  e-=+4.97(±0.008)  sep=35.4  │  fm_e=+5.0  fm=ON  fb=100%  │  ∇rw=7.60  ∇pol=0.85
[16:21:14] [ep08|s1400]  rw=-5.102  cd=-10.051  reg=4.949  │  e+=-4.94(±0.400)  e-=+5.00(±0.014)  sep=69.5  │  fm_e=+5.0  fm=ON  fb=100%  │  ∇rw=0.98  ∇pol=0.45
[16:21:59] [ep08|s1410]  rw=-5.000  cd=-10.044  reg=5.044  │  e+=-5.05(±0.125)  e-=+4.99(±0.011)  sep=99.2  │  fm_e=+5.0  fm=ON  fb=100%  │  ∇rw=0.92  ∇pol=0.96
[16:22:43] [ep08|s1420]  rw=-4.986  cd=-10.098  reg=5.112  │  e+=-5.06(±0.628)  e-=+5.02(±0.026)  sep=94.8  │  fm_e=+5.0  fm=ON  fb=100%  │  ∇rw=1.13  ∇pol=5.63
[16:23:28] [ep08|s1430]  rw=-4.985  cd=-10.013  reg=5.029  │  e+=-4.99(±0.226)  e-=+5.03(±0.016)  sep=89.8  │  fm_e=+5.0  fm=ON  fb=100%  │  ∇rw=1.57  ∇pol=0.57
[16:24:12] [ep08|s1440]  rw=-4.936  cd=-10.354  reg=5.418  │  e+=-5.38(±0.884)  e-=+4.94(±0.029)  sep=47.9  │  fm_e=+4.9  fm=ON  fb=100%  │  ∇rw=5.62  ∇pol=0.50
[16:24:57] [ep08|s1450]  rw=-4.837  cd=-9.854  reg=5.018  │  e+=-5.04(±0.478)  e-=+4.95(±0.015)  sep=54.5  │  fm_e=+5.0  fm=ON  fb=100%  │  ∇rw=2.12  ∇pol=0.55
[16:25:41] [ep08|s1460]  rw=-4.896  cd=-9.403  reg=4.507  │  e+=-4.53(±0.281)  e-=+4.92(±0.073)  sep=38.7  │  fm_e=+5.0  fm=ON  fb=100%  │  ∇rw=17.30  ∇pol=0.46
[16:26:26] [ep08|s1470]  rw=-4.975  cd=-9.998  reg=5.023  │  e+=-5.00(±0.301)  e-=+5.01(±0.016)  sep=52.9  │  fm_e=+5.0  fm=ON  fb=100%  │  ∇rw=2.08  ∇pol=0.44
[16:27:10] [ep08|s1480]  rw=-5.162  cd=-9.692  reg=4.530  │  e+=-4.53(±0.431)  e-=+4.96(±0.010)  sep=39.7  │  fm_e=+5.0  fm=ON  fb=100%  │  ∇rw=5.58  ∇pol=0.46
[16:27:54] [ep08|s1490]  rw=-4.958  cd=-9.879  reg=4.921  │  e+=-4.59(±0.249)  e-=+5.30(±0.011)  sep=58.6  │  fm_e=+5.3  fm=ON  fb=100%  │  ∇rw=8.30  ∇pol=0.45
[16:28:38] [ep08|s1500]  rw=-5.031  cd=-10.290  reg=5.258  │  e+=-5.26(±0.331)  e-=+4.97(±0.010)  sep=63.1  │  fm_e=+5.0  fm=ON  fb=100%  │  ∇rw=3.57  ∇pol=0.66
[16:29:22] [ep08|s1510]  rw=-4.898  cd=-10.403  reg=5.506  │  e+=-5.48(±0.328)  e-=+4.99(±0.010)  sep=81.3  │  fm_e=+5.0  fm=ON  fb=100%  │  ∇rw=3.55  ∇pol=0.49
[16:30:07] [ep08|s1520]  rw=-4.970  cd=-10.227  reg=5.257  │  e+=-4.80(±0.141)  e-=+5.43(±0.023)  sep=77.9  │  fm_e=+5.4  fm=ON  fb=100%  │  ∇rw=8.45  ∇pol=1.99
[16:30:09] ══════════ VAL ep08 ══════════  ρ=+0.1092 (p=0.1480) [FAIL ✗]  AUROC(E)=0.5880  ECE=0.7950  N=177
[16:30:10]   ckpt saved → ckpt_epoch0008.pt
[16:30:10] ──────────────────── Epoch 09/30 ────────────────────
[16:30:55] [ep09|s1530]  rw=-4.962  cd=-10.223  reg=5.261  │  e+=-5.26(±0.385)  e-=+4.97(±0.005)  sep=84.0  │  fm_e=+5.0  fm=ON  fb=100%  │  ∇rw=1.92  ∇pol=0.41
[16:31:39] [ep09|s1540]  rw=-5.015  cd=-10.087  reg=5.072  │  e+=-5.06(±0.303)  e-=+5.00(±0.006)  sep=68.8  │  fm_e=+5.0  fm=ON  fb=100%  │  ∇rw=1.53  ∇pol=0.47
[16:32:23] [ep09|s1550]  rw=-4.982  cd=-9.756  reg=4.774  │  e+=-4.72(±0.260)  e-=+5.04(±0.011)  sep=83.8  │  fm_e=+5.0  fm=ON  fb=100%  │  ∇rw=4.12  ∇pol=4.29
[16:33:08] [ep09|s1560]  rw=-5.087  cd=-9.474  reg=4.387  │  e+=-4.38(±0.378)  e-=+4.95(±0.014)  sep=53.7  │  fm_e=+5.0  fm=ON  fb=100%  │  ∇rw=5.18  ∇pol=1.03
[16:33:53] [ep09|s1570]  rw=-5.202  cd=-10.281  reg=5.078  │  e+=-5.06(±0.412)  e-=+5.00(±0.008)  sep=62.4  │  fm_e=+5.0  fm=ON  fb=100%  │  ∇rw=1.76  ∇pol=0.56
[16:34:37] [ep09|s1580]  rw=-4.948  cd=-10.027  reg=5.079  │  e+=-5.10(±0.370)  e-=+4.96(±0.021)  sep=50.5  │  fm_e=+5.0  fm=ON  fb=100%  │  ∇rw=2.50  ∇pol=0.64
[16:35:22] [ep09|s1590]  rw=-4.963  cd=-10.349  reg=5.386  │  e+=-5.38(±0.563)  e-=+4.96(±0.013)  sep=55.7  │  fm_e=+5.0  fm=ON  fb=100%  │  ∇rw=5.86  ∇pol=0.42
[16:36:07] [ep09|s1600]  rw=-5.178  cd=-10.463  reg=5.285  │  e+=-5.24(±0.538)  e-=+5.01(±0.026)  sep=35.9  │  fm_e=+5.0  fm=ON  fb=100%  │  ∇rw=2.09  ∇pol=0.38
[16:36:51] [ep09|s1610]  rw=-4.979  cd=-9.774  reg=4.795  │  e+=-4.74(±0.745)  e-=+4.98(±0.014)  sep=47.2  │  fm_e=+5.0  fm=ON  fb=100%  │  ∇rw=3.68  ∇pol=1.03
[16:37:36] [ep09|s1620]  rw=-5.121  cd=-9.872  reg=4.751  │  e+=-4.74(±0.753)  e-=+4.95(±0.012)  sep=33.6  │  fm_e=+4.9  fm=ON  fb=100%  │  ∇rw=2.66  ∇pol=0.69
[16:38:21] [ep09|s1630]  rw=-5.118  cd=-10.523  reg=5.405  │  e+=-5.36(±0.383)  e-=+5.02(±0.022)  sep=61.9  │  fm_e=+5.0  fm=ON  fb=100%  │  ∇rw=3.01  ∇pol=0.83
[16:39:05] [ep09|s1640]  rw=-4.971  cd=-9.645  reg=4.673  │  e+=-4.65(±0.148)  e-=+4.99(±0.010)  sep=49.9  │  fm_e=+5.0  fm=ON  fb=100%  │  ∇rw=4.57  ∇pol=0.44
[16:39:50] [ep09|s1650]  rw=-5.099  cd=-10.223  reg=5.124  │  e+=-4.97(±0.457)  e-=+5.13(±0.011)  sep=44.3  │  fm_e=+5.1  fm=ON  fb=100%  │  ∇rw=4.12  ∇pol=0.56
[16:40:35] [ep09|s1660]  rw=-5.046  cd=-9.641  reg=4.596  │  e+=-4.57(±0.287)  e-=+5.00(±0.016)  sep=53.2  │  fm_e=+5.0  fm=ON  fb=100%  │  ∇rw=3.91  ∇pol=0.67
[16:41:19] [ep09|s1670]  rw=-5.180  cd=-9.815  reg=4.635  │  e+=-4.57(±0.417)  e-=+5.03(±0.012)  sep=101.6  │  fm_e=+5.0  fm=ON  fb=100%  │  ∇rw=4.99  ∇pol=0.58
[16:42:04] [ep09|s1680]  rw=-5.154  cd=-10.616  reg=5.462  │  e+=-5.70(±0.448)  e-=+4.68(±0.011)  sep=46.6  │  fm_e=+4.7  fm=ON  fb=100%  │  ∇rw=14.85  ∇pol=0.56
[16:42:49] [ep09|s1690]  rw=-5.104  cd=-9.706  reg=4.602  │  e+=-4.60(±0.301)  e-=+4.97(±0.029)  sep=58.4  │  fm_e=+5.0  fm=ON  fb=100%  │  ∇rw=5.21  ∇pol=1.40
[16:43:34] [ep09|s1700]  rw=-4.962  cd=-9.824  reg=4.862  │  e+=-4.75(±0.869)  e-=+5.03(±0.052)  sep=42.6  │  fm_e=+5.0  fm=ON  fb=100%  │  ∇rw=1.50  ∇pol=0.49
[16:44:18] [ep09|s1710]  rw=-4.968  cd=-9.758  reg=4.791  │  e+=-4.62(±0.379)  e-=+5.12(±0.009)  sep=55.0  │  fm_e=+5.1  fm=ON  fb=100%  │  ∇rw=5.25  ∇pol=0.62
[16:44:19] ══════════ VAL ep09 ══════════  ρ=+0.1378 (p=0.0674) [FAIL ✗]  AUROC(E)=0.6227  ECE=0.7927  N=177
[16:44:21]   ckpt saved → ckpt_epoch0009.pt
[16:44:21] ──────────────────── Epoch 10/30 ────────────────────
[16:45:06] [ep10|s1720]  rw=-5.006  cd=-10.145  reg=5.139  │  e+=-5.18(±0.162)  e-=+4.95(±0.012)  sep=79.4  │  fm_e=+5.0  fm=ON  fb=100%  │  ∇rw=1.39  ∇pol=0.38
[16:45:51] [ep10|s1730]  rw=-5.115  cd=-9.996  reg=4.880  │  e+=-4.82(±0.580)  e-=+5.02(±0.016)  sep=58.1  │  fm_e=+5.0  fm=ON  fb=100%  │  ∇rw=3.45  ∇pol=0.71
[16:46:36] [ep10|s1740]  rw=-5.043  cd=-10.198  reg=5.155  │  e+=-5.14(±0.342)  e-=+5.00(±0.017)  sep=79.3  │  fm_e=+5.0  fm=ON  fb=100%  │  ∇rw=4.21  ∇pol=0.56
[16:47:20] [ep10|s1750]  rw=-4.568  cd=-9.483  reg=4.915  │  e+=-4.68(±1.285)  e-=+5.06(±0.019)  sep=31.0  │  fm_e=+5.1  fm=ON  fb=100%  │  ∇rw=7.76  ∇pol=0.35
[16:48:05] [ep10|s1760]  rw=-4.936  cd=-10.746  reg=5.810  │  e+=-5.68(±0.160)  e-=+5.08(±0.030)  sep=69.5  │  fm_e=+5.1  fm=ON  fb=100%  │  ∇rw=6.36  ∇pol=0.50
[16:48:49] [ep10|s1770]  rw=-5.012  cd=-10.176  reg=5.164  │  e+=-5.34(±0.337)  e-=+4.78(±0.025)  sep=43.6  │  fm_e=+4.8  fm=ON  fb=100%  │  ∇rw=5.16  ∇pol=0.38
[16:49:32] [ep10|s1780]  rw=-4.904  cd=-9.725  reg=4.821  │  e+=-4.83(±0.413)  e-=+4.96(±0.012)  sep=43.0  │  fm_e=+5.0  fm=ON  fb=100%  │  ∇rw=1.95  ∇pol=0.32
[16:50:16] [ep10|s1790]  rw=-4.932  cd=-10.343  reg=5.411  │  e+=-5.39(±0.320)  e-=+5.00(±0.015)  sep=62.6  │  fm_e=+5.0  fm=ON  fb=100%  │  ∇rw=6.02  ∇pol=0.55
[16:50:59] [ep10|s1800]  rw=-5.209  cd=-10.147  reg=4.937  │  e+=-4.88(±0.599)  e-=+5.02(±0.008)  sep=63.9  │  fm_e=+5.0  fm=ON  fb=100%  │  ∇rw=1.26  ∇pol=0.73
[16:51:43] [ep10|s1810]  rw=-4.932  cd=-9.665  reg=4.734  │  e+=-4.76(±0.548)  e-=+4.94(±0.035)  sep=33.8  │  fm_e=+4.9  fm=ON  fb=100%  │  ∇rw=2.38  ∇pol=0.55
[16:52:27] [ep10|s1820]  rw=-4.987  cd=-10.252  reg=5.266  │  e+=-5.31(±0.156)  e-=+4.94(±0.012)  sep=75.0  │  fm_e=+4.9  fm=ON  fb=100%  │  ∇rw=2.76  ∇pol=0.76
[16:53:10] [ep10|s1830]  rw=-4.946  cd=-10.090  reg=5.144  │  e+=-5.12(±0.216)  e-=+5.02(±0.011)  sep=78.2  │  fm_e=+5.0  fm=ON  fb=100%  │  ∇rw=4.81  ∇pol=0.38
[16:53:54] [ep10|s1840]  rw=-4.998  cd=-9.954  reg=4.956  │  e+=-5.06(±0.054)  e-=+4.89(±0.011)  sep=119.6  │  fm_e=+4.9  fm=ON  fb=100%  │  ∇rw=1.72  ∇pol=0.32
[16:54:38] [ep10|s1850]  rw=-4.953  cd=-9.864  reg=4.912  │  e+=-4.91(±0.248)  e-=+4.99(±0.014)  sep=74.4  │  fm_e=+5.0  fm=ON  fb=100%  │  ∇rw=2.19  ∇pol=12.61
[16:55:21] [ep10|s1860]  rw=-5.189  cd=-10.059  reg=4.869  │  e+=-4.88(±0.630)  e-=+4.94(±0.014)  sep=42.4  │  fm_e=+4.9  fm=ON  fb=100%  │  ∇rw=2.57  ∇pol=6.46
[16:56:05] [ep10|s1870]  rw=-5.325  cd=-10.127  reg=4.802  │  e+=-4.72(±0.786)  e-=+5.01(±0.009)  sep=39.8  │  fm_e=+5.0  fm=ON  fb=100%  │  ∇rw=2.14  ∇pol=0.39
[16:56:48] [ep10|s1880]  rw=-4.974  cd=-9.681  reg=4.707  │  e+=-4.68(±0.395)  e-=+5.00(±0.018)  sep=57.5  │  fm_e=+5.0  fm=ON  fb=100%  │  ∇rw=2.12  ∇pol=0.40
[16:57:32] [ep10|s1890]  rw=-5.142  cd=-10.308  reg=5.166  │  e+=-5.20(±0.570)  e-=+4.93(±0.009)  sep=53.1  │  fm_e=+4.9  fm=ON  fb=100%  │  ∇rw=3.05  ∇pol=1.23
[16:58:16] [ep10|s1900]  rw=-5.124  cd=-10.264  reg=5.140  │  e+=-5.07(±0.721)  e-=+5.02(±0.017)  sep=75.1  │  fm_e=+5.0  fm=ON  fb=100%  │  ∇rw=1.41  ∇pol=0.62
[16:58:17] ══════════ VAL ep10 ══════════  ρ=+0.0863 (p=0.2533) [FAIL ✗]  AUROC(E)=0.5391  ECE=0.7942  N=177
[16:58:20]   ckpt saved → ckpt_epoch0010.pt
[16:58:20] ──────────────────── Epoch 11/30 ────────────────────
[16:59:04] [ep11|s1910]  rw=-5.183  cd=-10.521  reg=5.338  │  e+=-5.33(±0.413)  e-=+4.98(±0.022)  sep=53.0  │  fm_e=+5.0  fm=ON  fb=100%  │  ∇rw=3.51  ∇pol=10.98
[16:59:48] [ep11|s1920]  rw=-4.832  cd=-10.330  reg=5.498  │  e+=-5.13(±0.429)  e-=+5.34(±0.013)  sep=36.2  │  fm_e=+5.3  fm=ON  fb=100%  │  ∇rw=6.49  ∇pol=0.55
[17:00:32] [ep11|s1930]  rw=-5.072  cd=-9.597  reg=4.525  │  e+=-4.52(±0.442)  e-=+4.96(±0.011)  sep=57.2  │  fm_e=+5.0  fm=ON  fb=100%  │  ∇rw=2.89  ∇pol=0.54
[17:01:15] [ep11|s1940]  rw=-4.992  cd=-9.897  reg=4.904  │  e+=-4.79(±0.116)  e-=+5.11(±0.009)  sep=105.8  │  fm_e=+5.1  fm=ON  fb=100%  │  ∇rw=3.44  ∇pol=0.41
[17:01:59] [ep11|s1950]  rw=-4.964  cd=-10.348  reg=5.384  │  e+=-5.36(±0.151)  e-=+5.01(±0.013)  sep=78.2  │  fm_e=+5.0  fm=ON  fb=100%  │  ∇rw=3.16  ∇pol=0.44
[17:02:43] [ep11|s1960]  rw=-4.955  cd=-10.002  reg=5.047  │  e+=-5.04(±0.151)  e-=+5.01(±0.006)  sep=110.5  │  fm_e=+5.0  fm=ON  fb=100%  │  ∇rw=1.66  ∇pol=0.58
[17:03:26] [ep11|s1970]  rw=-4.920  cd=-9.998  reg=5.078  │  e+=-5.06(±0.399)  e-=+5.00(±0.019)  sep=57.1  │  fm_e=+5.0  fm=ON  fb=100%  │  ∇rw=1.15  ∇pol=0.62
[17:04:10] [ep11|s1980]  rw=-5.286  cd=-9.885  reg=4.600  │  e+=-4.53(±0.647)  e-=+5.01(±0.017)  sep=44.5  │  fm_e=+5.0  fm=ON  fb=100%  │  ∇rw=6.91  ∇pol=0.57
[17:04:54] [ep11|s1990]  rw=-4.961  cd=-9.864  reg=4.903  │  e+=-4.81(±0.546)  e-=+5.06(±0.007)  sep=42.8  │  fm_e=+5.1  fm=ON  fb=100%  │  ∇rw=3.29  ∇pol=0.64
[17:05:38] [ep11|s2000]  rw=-5.075  cd=-10.522  reg=5.447  │  e+=-5.36(±0.671)  e-=+5.03(±0.008)  sep=108.5  │  fm_e=+5.0  fm=ON  fb=100%  │  ∇rw=2.28  ∇pol=0.43
[17:06:21] [ep11|s2010]  rw=-5.145  cd=-10.091  reg=4.946  │  e+=-4.92(±0.510)  e-=+5.00(±0.009)  sep=39.1  │  fm_e=+5.0  fm=ON  fb=100%  │  ∇rw=2.19  ∇pol=0.39
[17:07:05] [ep11|s2020]  rw=-5.428  cd=-10.789  reg=5.361  │  e+=-5.20(±1.014)  e-=+5.05(±0.055)  sep=27.3  │  fm_e=+5.0  fm=ON  fb=100%  │  ∇rw=4.01  ∇pol=0.47
[17:07:49] [ep11|s2030]  rw=-4.989  cd=-10.411  reg=5.422  │  e+=-5.33(±0.156)  e-=+5.07(±0.018)  sep=59.2  │  fm_e=+5.1  fm=ON  fb=100%  │  ∇rw=3.57  ∇pol=0.46
[17:08:33] [ep11|s2040]  rw=-5.089  cd=-10.205  reg=5.116  │  e+=-5.09(±0.382)  e-=+5.01(±0.021)  sep=35.8  │  fm_e=+5.0  fm=ON  fb=100%  │  ∇rw=1.66  ∇pol=0.69
[17:09:18] [ep11|s2050]  rw=-5.209  cd=-9.962  reg=4.753  │  e+=-4.69(±0.660)  e-=+5.01(±0.021)  sep=36.7  │  fm_e=+5.0  fm=ON  fb=100%  │  ∇rw=3.10  ∇pol=0.51
[17:10:03] [ep11|s2060]  rw=-5.073  cd=-9.861  reg=4.788  │  e+=-4.69(±0.434)  e-=+5.07(±0.023)  sep=46.9  │  fm_e=+5.1  fm=ON  fb=100%  │  ∇rw=4.56  ∇pol=1.63
[17:10:47] [ep11|s2070]  rw=-4.910  cd=-10.156  reg=5.246  │  e+=-5.28(±0.269)  e-=+4.95(±0.019)  sep=38.3  │  fm_e=+4.9  fm=ON  fb=100%  │  ∇rw=5.03  ∇pol=0.84
[17:11:32] [ep11|s2080]  rw=-5.018  cd=-10.240  reg=5.222  │  e+=-5.19(±0.288)  e-=+5.01(±0.013)  sep=62.5  │  fm_e=+5.0  fm=ON  fb=100%  │  ∇rw=1.40  ∇pol=0.44
[17:12:16] [ep11|s2090]  rw=-4.876  cd=-9.592  reg=4.716  │  e+=-4.45(±0.721)  e-=+5.16(±0.045)  sep=28.5  │  fm_e=+5.2  fm=ON  fb=100%  │  ∇rw=7.83  ∇pol=0.83
[17:12:18] ══════════ VAL ep11 ══════════  ρ=+0.1657 (p=0.0276) [PASS ✓]  AUROC(E)=0.6360  ECE=0.7881  N=177
[17:12:19]   ckpt saved → ckpt_epoch0011.pt
[17:12:19] ──────────────────── Epoch 12/30 ────────────────────
[17:13:04] [ep12|s2100]  rw=-5.012  cd=-9.863  reg=4.851  │  e+=-4.81(±0.533)  e-=+5.01(±0.031)  sep=38.7  │  fm_e=+5.0  fm=ON  fb=100%  │  ∇rw=1.61  ∇pol=0.58
[17:13:48] [ep12|s2110]  rw=-5.024  cd=-9.781  reg=4.757  │  e+=-4.63(±0.242)  e-=+5.10(±0.016)  sep=56.0  │  fm_e=+5.1  fm=ON  fb=100%  │  ∇rw=5.21  ∇pol=0.27
[17:14:31] [ep12|s2120]  rw=-3.877  cd=-6.676  reg=2.799  │  e+=-2.72(±1.616)  e-=+3.81(±0.103)  sep=17.9  │  fm_e=+3.8  fm=ON  fb=100%  │  ∇rw=61.38  ∇pol=0.88
[17:15:14] [ep12|s2130]  rw=-4.224  cd=-9.721  reg=5.497  │  e+=-5.72(±0.859)  e-=+4.13(±0.059)  sep=18.5  │  fm_e=+4.1  fm=ON  fb=100%  │  ∇rw=62.57  ∇pol=1.16
[17:15:59] [ep12|s2140]  rw=-4.251  cd=-11.138  reg=6.887  │  e+=-4.16(±0.379)  e-=+6.97(±0.072)  sep=29.3  │  fm_e=+7.0  fm=ON  fb=100%  │  ∇rw=108.74  ∇pol=0.61
[17:16:44] [ep12|s2150]  rw=-4.747  cd=-10.449  reg=5.702  │  e+=-4.73(±0.540)  e-=+5.52(±0.051)  sep=60.7  │  fm_e=+5.5  fm=ON  fb=100%  │  ∇rw=73.76  ∇pol=0.89
[17:17:28] [ep12|s2160]  rw=-4.623  cd=-11.284  reg=6.661  │  e+=-4.48(±0.287)  e-=+6.79(±0.048)  sep=68.7  │  fm_e=+6.8  fm=ON  fb=100%  │  ∇rw=60.83  ∇pol=1.71
[17:18:13] [ep12|s2170]  rw=-4.971  cd=-9.923  reg=4.952  │  e+=-4.99(±0.500)  e-=+4.92(±0.055)  sep=35.9  │  fm_e=+4.9  fm=ON  fb=100%  │  ∇rw=8.07  ∇pol=0.39
[17:18:57] [ep12|s2180]  rw=-4.850  cd=-9.186  reg=4.336  │  e+=-4.61(±0.494)  e-=+4.66(±0.038)  sep=90.8  │  fm_e=+4.7  fm=ON  fb=100%  │  ∇rw=9.24  ∇pol=0.62
[17:19:42] [ep12|s2190]  rw=-5.086  cd=-10.254  reg=5.167  │  e+=-4.82(±0.382)  e-=+5.27(±0.045)  sep=41.8  │  fm_e=+5.3  fm=ON  fb=100%  │  ∇rw=26.97  ∇pol=0.83
[17:20:26] [ep12|s2200]  rw=-4.892  cd=-9.503  reg=4.612  │  e+=-4.09(±0.354)  e-=+5.39(±0.036)  sep=44.5  │  fm_e=+5.4  fm=ON  fb=100%  │  ∇rw=22.23  ∇pol=0.50
[17:21:11] [ep12|s2210]  rw=-4.864  cd=-8.202  reg=3.338  │  e+=-4.37(±1.310)  e-=+3.39(±0.104)  sep=30.0  │  fm_e=+3.4  fm=ON  fb=100%  │  ∇rw=68.74  ∇pol=0.56
[17:21:55] [ep12|s2220]  rw=-5.059  cd=-9.996  reg=4.938  │  e+=-4.66(±0.475)  e-=+5.23(±0.046)  sep=28.0  │  fm_e=+5.2  fm=ON  fb=100%  │  ∇rw=6.80  ∇pol=0.55
[17:22:40] [ep12|s2230]  rw=-4.971  cd=-10.299  reg=5.328  │  e+=-5.31(±0.510)  e-=+4.97(±0.036)  sep=34.5  │  fm_e=+5.0  fm=ON  fb=100%  │  ∇rw=5.78  ∇pol=0.31
[17:23:24] [ep12|s2240]  rw=-5.354  cd=-10.366  reg=5.012  │  e+=-4.68(±0.999)  e-=+5.21(±0.076)  sep=38.1  │  fm_e=+5.2  fm=ON  fb=100%  │  ∇rw=5.64  ∇pol=0.45
[17:24:09] [ep12|s2250]  rw=-4.960  cd=-9.325  reg=4.365  │  e+=-4.26(±0.568)  e-=+5.01(±0.062)  sep=30.7  │  fm_e=+5.0  fm=ON  fb=100%  │  ∇rw=6.56  ∇pol=0.53
[17:24:53] [ep12|s2260]  rw=-4.958  cd=-9.533  reg=4.575  │  e+=-4.37(±0.131)  e-=+5.16(±0.034)  sep=52.2  │  fm_e=+5.2  fm=ON  fb=100%  │  ∇rw=8.16  ∇pol=0.49
[17:25:38] [ep12|s2270]  rw=-5.032  cd=-10.285  reg=5.253  │  e+=-5.13(±0.595)  e-=+5.06(±0.045)  sep=44.9  │  fm_e=+5.1  fm=ON  fb=100%  │  ∇rw=7.03  ∇pol=0.70
[17:26:23] [ep12|s2280]  rw=-5.079  cd=-10.111  reg=5.032  │  e+=-5.01(±0.292)  e-=+5.02(±0.033)  sep=45.0  │  fm_e=+5.0  fm=ON  fb=100%  │  ∇rw=2.98  ∇pol=0.75
[17:26:24] ══════════ VAL ep12 ══════════  ρ=+0.2004 (p=0.0075) [PASS ✓]  AUROC(E)=0.6228  ECE=0.7943  N=177 ◀ BEST
[17:26:26]   ckpt saved → ckpt_epoch0012.pt
[17:26:26] ──────────────────── Epoch 13/30 ────────────────────
[17:27:11] [ep13|s2290]  rw=-5.195  cd=-10.416  reg=5.221  │  e+=-5.08(±0.688)  e-=+5.09(±0.049)  sep=39.1  │  fm_e=+5.1  fm=ON  fb=100%  │  ∇rw=2.71  ∇pol=0.67
[17:27:55] [ep13|s2300]  rw=-4.977  cd=-10.489  reg=5.511  │  e+=-5.38(±0.228)  e-=+5.10(±0.026)  sep=50.1  │  fm_e=+5.1  fm=ON  fb=100%  │  ∇rw=2.88  ∇pol=0.39
[17:28:40] [ep13|s2310]  rw=-4.892  cd=-10.258  reg=5.366  │  e+=-5.32(±0.497)  e-=+5.00(±0.031)  sep=40.1  │  fm_e=+5.0  fm=ON  fb=100%  │  ∇rw=3.52  ∇pol=0.55
[17:29:25] [ep13|s2320]  rw=-4.993  cd=-9.942  reg=4.949  │  e+=-4.92(±0.454)  e-=+5.00(±0.032)  sep=70.1  │  fm_e=+5.0  fm=ON  fb=100%  │  ∇rw=3.67  ∇pol=0.87
[17:30:10] [ep13|s2330]  rw=-5.235  cd=-10.148  reg=4.913  │  e+=-4.16(±0.939)  e-=+5.56(±0.019)  sep=33.3  │  fm_e=+5.6  fm=ON  fb=100%  │  ∇rw=29.67  ∇pol=0.65
[17:30:55] [ep13|s2340]  rw=-5.043  cd=-9.691  reg=4.648  │  e+=-4.60(±0.483)  e-=+5.00(±0.030)  sep=37.3  │  fm_e=+5.0  fm=ON  fb=100%  │  ∇rw=4.12  ∇pol=0.56
[17:31:39] [ep13|s2350]  rw=-4.923  cd=-9.570  reg=4.646  │  e+=-4.60(±0.658)  e-=+4.98(±0.027)  sep=38.4  │  fm_e=+5.0  fm=ON  fb=100%  │  ∇rw=4.52  ∇pol=0.47
[17:32:24] [ep13|s2360]  rw=-5.004  cd=-10.405  reg=5.401  │  e+=-5.36(±0.300)  e-=+5.01(±0.020)  sep=47.9  │  fm_e=+5.0  fm=ON  fb=100%  │  ∇rw=3.68  ∇pol=0.49
[17:33:09] [ep13|s2370]  rw=-5.048  cd=-9.954  reg=4.906  │  e+=-4.96(±0.596)  e-=+4.90(±0.023)  sep=33.0  │  fm_e=+4.9  fm=ON  fb=100%  │  ∇rw=3.93  ∇pol=0.33
[17:33:53] [ep13|s2380]  rw=-4.959  cd=-9.174  reg=4.215  │  e+=-3.99(±0.353)  e-=+5.11(±0.017)  sep=34.7  │  fm_e=+5.1  fm=ON  fb=100%  │  ∇rw=9.69  ∇pol=0.49
[17:34:38] [ep13|s2390]  rw=-4.997  cd=-9.731  reg=4.735  │  e+=-4.73(±0.584)  e-=+4.96(±0.008)  sep=71.5  │  fm_e=+5.0  fm=ON  fb=100%  │  ∇rw=4.65  ∇pol=0.40
[17:35:23] [ep13|s2400]  rw=-4.916  cd=-10.365  reg=5.449  │  e+=-5.08(±0.770)  e-=+5.30(±0.022)  sep=37.7  │  fm_e=+5.3  fm=ON  fb=100%  │  ∇rw=7.42  ∇pol=0.28
[17:36:08] [ep13|s2410]  rw=-5.008  cd=-10.058  reg=5.050  │  e+=-5.14(±0.746)  e-=+4.84(±0.032)  sep=33.9  │  fm_e=+4.8  fm=ON  fb=100%  │  ∇rw=3.26  ∇pol=0.32
[17:36:53] [ep13|s2420]  rw=-5.006  cd=-10.468  reg=5.462  │  e+=-5.42(±0.348)  e-=+5.01(±0.016)  sep=49.3  │  fm_e=+5.0  fm=ON  fb=100%  │  ∇rw=2.57  ∇pol=0.61
[17:37:37] [ep13|s2430]  rw=-4.974  cd=-9.509  reg=4.535  │  e+=-4.60(±0.112)  e-=+4.91(±0.051)  sep=64.1  │  fm_e=+4.9  fm=ON  fb=100%  │  ∇rw=6.38  ∇pol=0.83
[17:38:22] [ep13|s2440]  rw=-4.984  cd=-9.861  reg=4.877  │  e+=-4.86(±0.437)  e-=+4.99(±0.019)  sep=55.6  │  fm_e=+5.0  fm=ON  fb=100%  │  ∇rw=2.20  ∇pol=0.46
[17:39:06] [ep13|s2450]  rw=-5.332  cd=-10.292  reg=4.960  │  e+=-4.77(±0.584)  e-=+5.15(±0.029)  sep=64.6  │  fm_e=+5.1  fm=ON  fb=100%  │  ∇rw=3.66  ∇pol=0.98
[17:39:51] [ep13|s2460]  rw=-4.979  cd=-8.515  reg=3.537  │  e+=-3.48(±0.909)  e-=+4.73(±0.043)  sep=24.8  │  fm_e=+4.7  fm=ON  fb=100%  │  ∇rw=6.60  ∇pol=0.57
[17:40:36] [ep13|s2470]  rw=-4.852  cd=-9.659  reg=4.807  │  e+=-4.41(±0.884)  e-=+5.27(±0.027)  sep=50.2  │  fm_e=+5.3  fm=ON  fb=100%  │  ∇rw=10.95  ∇pol=0.75
[17:40:38] ══════════ VAL ep13 ══════════  ρ=+0.2413 (p=0.0012) [PASS ✓]  AUROC(E)=0.6327  ECE=0.7887  N=177 ◀ BEST
[17:40:40]   ckpt saved → ckpt_epoch0013.pt
[17:40:40] ──────────────────── Epoch 14/30 ────────────────────
[17:41:25] [ep14|s2480]  rw=-5.100  cd=-10.717  reg=5.617  │  e+=-5.27(±0.651)  e-=+5.28(±0.030)  sep=29.8  │  fm_e=+5.3  fm=ON  fb=100%  │  ∇rw=8.02  ∇pol=0.59
[17:42:09] [ep14|s2490]  rw=-4.994  cd=-10.138  reg=5.143  │  e+=-5.15(±0.261)  e-=+4.99(±0.021)  sep=35.7  │  fm_e=+5.0  fm=ON  fb=100%  │  ∇rw=1.51  ∇pol=0.43
[17:42:54] [ep14|s2500]  rw=-5.132  cd=-10.253  reg=5.121  │  e+=-4.79(±0.312)  e-=+5.31(±0.034)  sep=57.8  │  fm_e=+5.3  fm=ON  fb=100%  │  ∇rw=4.45  ∇pol=0.50
[17:43:39] [ep14|s2510]  rw=-5.274  cd=-10.637  reg=5.364  │  e+=-5.43(±0.821)  e-=+4.84(±0.032)  sep=49.0  │  fm_e=+4.8  fm=ON  fb=100%  │  ∇rw=3.62  ∇pol=0.52
[17:44:24] [ep14|s2520]  rw=-5.134  cd=-9.996  reg=4.862  │  e+=-4.76(±0.814)  e-=+5.03(±0.022)  sep=49.4  │  fm_e=+5.0  fm=ON  fb=100%  │  ∇rw=2.69  ∇pol=0.44
[17:45:09] [ep14|s2530]  rw=-4.762  cd=-9.604  reg=4.842  │  e+=-4.90(±0.600)  e-=+4.89(±0.016)  sep=30.7  │  fm_e=+4.9  fm=ON  fb=100%  │  ∇rw=4.96  ∇pol=1.17
[17:45:53] [ep14|s2540]  rw=-5.139  cd=-10.624  reg=5.486  │  e+=-5.37(±0.614)  e-=+5.06(±0.029)  sep=31.1  │  fm_e=+5.1  fm=ON  fb=100%  │  ∇rw=2.33  ∇pol=0.69
[17:46:38] [ep14|s2550]  rw=-4.770  cd=-9.194  reg=4.424  │  e+=-4.38(±0.595)  e-=+4.97(±0.023)  sep=35.5  │  fm_e=+5.0  fm=ON  fb=100%  │  ∇rw=6.65  ∇pol=0.74
[17:47:23] [ep14|s2560]  rw=-4.988  cd=-9.981  reg=4.994  │  e+=-4.99(±0.363)  e-=+4.99(±0.037)  sep=59.3  │  fm_e=+5.0  fm=ON  fb=100%  │  ∇rw=2.24  ∇pol=1.06
[17:48:07] [ep14|s2570]  rw=-4.921  cd=-9.813  reg=4.892  │  e+=-4.80(±0.570)  e-=+5.06(±0.017)  sep=41.2  │  fm_e=+5.1  fm=ON  fb=100%  │  ∇rw=3.28  ∇pol=0.78
[17:48:52] [ep14|s2580]  rw=-4.904  cd=-9.680  reg=4.776  │  e+=-4.81(±0.401)  e-=+4.95(±0.036)  sep=58.4  │  fm_e=+4.9  fm=ON  fb=100%  │  ∇rw=7.20  ∇pol=0.66
[17:49:37] [ep14|s2590]  rw=-5.177  cd=-10.979  reg=5.802  │  e+=-5.78(±0.965)  e-=+4.86(±0.045)  sep=35.9  │  fm_e=+4.9  fm=ON  fb=100%  │  ∇rw=7.28  ∇pol=0.91
[17:50:22] [ep14|s2600]  rw=-5.076  cd=-9.047  reg=3.971  │  e+=-3.65(±0.837)  e-=+5.07(±0.044)  sep=35.8  │  fm_e=+5.0  fm=ON  fb=100%  │  ∇rw=5.14  ∇pol=0.51
[17:51:07] [ep14|s2610]  rw=-4.942  cd=-9.781  reg=4.839  │  e+=-4.79(±0.261)  e-=+5.04(±0.023)  sep=42.6  │  fm_e=+5.0  fm=ON  fb=100%  │  ∇rw=2.74  ∇pol=0.64
[17:51:52] [ep14|s2620]  rw=-4.634  cd=-9.832  reg=5.198  │  e+=-5.21(±0.618)  e-=+4.95(±0.019)  sep=53.1  │  fm_e=+4.9  fm=ON  fb=100%  │  ∇rw=4.66  ∇pol=0.56
[17:52:37] [ep14|s2630]  rw=-4.882  cd=-9.063  reg=4.181  │  e+=-4.70(±0.436)  e-=+4.28(±0.053)  sep=33.1  │  fm_e=+4.3  fm=ON  fb=100%  │  ∇rw=24.69  ∇pol=0.43
[17:53:22] [ep14|s2640]  rw=-5.024  cd=-9.844  reg=4.820  │  e+=-4.76(±0.439)  e-=+5.03(±0.033)  sep=71.6  │  fm_e=+5.0  fm=ON  fb=100%  │  ∇rw=3.48  ∇pol=0.48
[17:54:06] [ep14|s2650]  rw=-4.960  cd=-10.340  reg=5.381  │  e+=-5.33(±0.593)  e-=+5.00(±0.034)  sep=51.6  │  fm_e=+5.0  fm=ON  fb=100%  │  ∇rw=2.41  ∇pol=0.45
[17:54:51] [ep14|s2660]  rw=-5.002  cd=-10.044  reg=5.043  │  e+=-5.05(±0.203)  e-=+4.99(±0.020)  sep=77.7  │  fm_e=+5.0  fm=ON  fb=100%  │  ∇rw=2.07  ∇pol=0.42
[17:54:52] ══════════ VAL ep14 ══════════  ρ=+0.1806 (p=0.0162) [PASS ✓]  AUROC(E)=0.6397  ECE=0.7941  N=177
[17:54:53]   ckpt saved → ckpt_epoch0014.pt
[17:54:53] ──────────────────── Epoch 15/30 ────────────────────
[17:55:38] [ep15|s2670]  rw=-4.909  cd=-9.537  reg=4.628  │  e+=-4.54(±0.278)  e-=+5.06(±0.037)  sep=61.4  │  fm_e=+5.1  fm=ON  fb=100%  │  ∇rw=5.78  ∇pol=0.64
[17:56:23] [ep15|s2680]  rw=-5.056  cd=-9.868  reg=4.812  │  e+=-4.90(±0.588)  e-=+4.87(±0.038)  sep=54.4  │  fm_e=+4.9  fm=ON  fb=100%  │  ∇rw=4.29  ∇pol=0.26
[17:57:08] [ep15|s2690]  rw=-5.027  cd=-9.568  reg=4.541  │  e+=-4.50(±0.320)  e-=+5.00(±0.027)  sep=40.8  │  fm_e=+5.0  fm=ON  fb=100%  │  ∇rw=4.11  ∇pol=0.43
[17:57:52] [ep15|s2700]  rw=-4.811  cd=-11.364  reg=6.553  │  e+=-6.31(±0.312)  e-=+5.06(±0.028)  sep=44.9  │  fm_e=+5.1  fm=ON  fb=100%  │  ∇rw=13.84  ∇pol=0.45
[17:58:37] [ep15|s2710]  rw=-5.060  cd=-10.432  reg=5.371  │  e+=-5.35(±0.258)  e-=+5.00(±0.023)  sep=47.4  │  fm_e=+5.0  fm=ON  fb=100%  │  ∇rw=1.60  ∇pol=0.42
[17:59:21] [ep15|s2720]  rw=-5.019  cd=-10.337  reg=5.319  │  e+=-5.32(±0.291)  e-=+4.98(±0.023)  sep=50.5  │  fm_e=+5.0  fm=ON  fb=100%  │  ∇rw=2.29  ∇pol=0.36
[18:00:06] [ep15|s2730]  rw=-5.133  cd=-9.958  reg=4.825  │  e+=-4.80(±0.302)  e-=+5.01(±0.025)  sep=64.8  │  fm_e=+5.0  fm=ON  fb=100%  │  ∇rw=2.12  ∇pol=0.78
[18:00:51] [ep15|s2740]  rw=-5.068  cd=-10.252  reg=5.184  │  e+=-5.16(±0.519)  e-=+4.99(±0.024)  sep=67.6  │  fm_e=+5.0  fm=ON  fb=100%  │  ∇rw=1.42  ∇pol=0.56
[18:01:36] [ep15|s2750]  rw=-4.921  cd=-9.225  reg=4.304  │  e+=-4.54(±0.203)  e-=+4.69(±0.194)  sep=47.7  │  fm_e=+4.7  fm=ON  fb=100%  │  ∇rw=19.21  ∇pol=0.33
[18:02:20] [ep15|s2760]  rw=-4.932  cd=-9.502  reg=4.571  │  e+=-4.58(±0.445)  e-=+4.95(±0.015)  sep=37.1  │  fm_e=+5.0  fm=ON  fb=100%  │  ∇rw=3.99  ∇pol=0.49
[18:03:05] [ep15|s2770]  rw=-4.917  cd=-10.822  reg=5.905  │  e+=-5.82(±0.290)  e-=+5.01(±0.016)  sep=43.1  │  fm_e=+5.0  fm=ON  fb=100%  │  ∇rw=4.74  ∇pol=0.48
[18:03:50] [ep15|s2780]  rw=-5.010  cd=-10.254  reg=5.244  │  e+=-5.24(±0.296)  e-=+4.99(±0.022)  sep=53.7  │  fm_e=+5.0  fm=ON  fb=100%  │  ∇rw=1.78  ∇pol=0.65
[18:04:35] [ep15|s2790]  rw=-4.612  cd=-8.396  reg=3.783  │  e+=-3.54(±0.942)  e-=+4.92(±0.021)  sep=100.9  │  fm_e=+4.9  fm=ON  fb=100%  │  ∇rw=28.92  ∇pol=0.75
[18:05:20] [ep15|s2800]  rw=-4.914  cd=-9.782  reg=4.868  │  e+=-4.95(±0.554)  e-=+4.89(±0.018)  sep=44.1  │  fm_e=+4.9  fm=ON  fb=100%  │  ∇rw=3.73  ∇pol=0.77
[18:06:04] [ep15|s2810]  rw=-5.047  cd=-10.443  reg=5.396  │  e+=-5.40(±0.631)  e-=+4.94(±0.032)  sep=58.9  │  fm_e=+4.9  fm=ON  fb=100%  │  ∇rw=5.41  ∇pol=0.55
[18:06:49] [ep15|s2820]  rw=-5.068  cd=-10.115  reg=5.047  │  e+=-4.98(±0.317)  e-=+5.06(±0.033)  sep=50.4  │  fm_e=+5.1  fm=ON  fb=100%  │  ∇rw=2.05  ∇pol=0.43
[18:07:34] [ep15|s2830]  rw=-5.005  cd=-10.116  reg=5.111  │  e+=-5.10(±0.231)  e-=+5.00(±0.028)  sep=63.7  │  fm_e=+5.0  fm=ON  fb=100%  │  ∇rw=2.31  ∇pol=0.52
[18:08:19] [ep15|s2840]  rw=-4.896  cd=-9.371  reg=4.475  │  e+=-4.86(±0.645)  e-=+4.54(±0.035)  sep=41.9  │  fm_e=+4.5  fm=ON  fb=100%  │  ∇rw=7.21  ∇pol=0.31
[18:09:04] [ep15|s2850]  rw=-4.957  cd=-9.641  reg=4.684  │  e+=-4.61(±0.121)  e-=+5.04(±0.068)  sep=44.5  │  fm_e=+5.1  fm=ON  fb=100%  │  ∇rw=7.12  ∇pol=0.46
[18:09:06] ══════════ VAL ep15 ══════════  ρ=+0.3301 (p=0.0000) [PASS ✓]  AUROC(E)=0.6403  ECE=0.7900  N=177 ◀ BEST
[18:09:11]   ckpt saved → ckpt_epoch0015.pt
[18:09:11] ──────────────────── Epoch 16/30 ────────────────────
[18:09:57] [ep16|s2860]  rw=-5.143  cd=-10.460  reg=5.317  │  e+=-5.28(±0.491)  e-=+5.00(±0.050)  sep=40.5  │  fm_e=+5.0  fm=ON  fb=100%  │  ∇rw=2.42  ∇pol=0.79
[18:10:41] [ep16|s2870]  rw=-4.790  cd=-9.665  reg=4.875  │  e+=-4.48(±0.830)  e-=+5.29(±0.049)  sep=29.2  │  fm_e=+5.3  fm=ON  fb=100%  │  ∇rw=7.76  ∇pol=0.48
[18:11:26] [ep16|s2880]  rw=-4.870  cd=-9.535  reg=4.665  │  e+=-4.55(±0.407)  e-=+5.07(±0.017)  sep=77.9  │  fm_e=+5.1  fm=ON  fb=100%  │  ∇rw=3.56  ∇pol=0.29
[18:12:11] [ep16|s2890]  rw=-5.118  cd=-10.259  reg=5.141  │  e+=-5.01(±0.499)  e-=+5.10(±0.034)  sep=39.0  │  fm_e=+5.1  fm=ON  fb=100%  │  ∇rw=4.19  ∇pol=0.64
[18:12:56] [ep16|s2900]  rw=-5.032  cd=-10.450  reg=5.418  │  e+=-5.33(±0.391)  e-=+5.06(±0.027)  sep=32.2  │  fm_e=+5.1  fm=ON  fb=100%  │  ∇rw=3.10  ∇pol=0.35
[18:13:41] [ep16|s2910]  rw=-5.176  cd=-9.845  reg=4.669  │  e+=-4.57(±0.913)  e-=+5.00(±0.087)  sep=45.5  │  fm_e=+5.0  fm=ON  fb=100%  │  ∇rw=3.91  ∇pol=0.56
[18:14:26] [ep16|s2920]  rw=-5.021  cd=-9.710  reg=4.690  │  e+=-4.60(±0.174)  e-=+5.07(±0.022)  sep=63.5  │  fm_e=+5.1  fm=ON  fb=100%  │  ∇rw=4.76  ∇pol=0.45
[18:15:10] [ep16|s2930]  rw=-4.918  cd=-9.478  reg=4.560  │  e+=-4.26(±0.421)  e-=+5.22(±0.043)  sep=51.9  │  fm_e=+5.2  fm=ON  fb=100%  │  ∇rw=8.74  ∇pol=0.31
[18:15:55] [ep16|s2940]  rw=-5.166  cd=-10.183  reg=5.017  │  e+=-4.99(±0.527)  e-=+5.00(±0.020)  sep=44.9  │  fm_e=+5.0  fm=ON  fb=100%  │  ∇rw=1.81  ∇pol=0.50
[18:16:39] [ep16|s2950]  rw=-5.007  cd=-9.973  reg=4.966  │  e+=-4.97(±0.298)  e-=+4.98(±0.022)  sep=34.3  │  fm_e=+5.0  fm=ON  fb=100%  │  ∇rw=3.61  ∇pol=0.35
[18:17:24] [ep16|s2960]  rw=-5.072  cd=-10.459  reg=5.387  │  e+=-5.37(±0.356)  e-=+4.99(±0.015)  sep=52.3  │  fm_e=+5.0  fm=ON  fb=100%  │  ∇rw=2.58  ∇pol=0.28
[18:18:08] [ep16|s2970]  rw=-5.112  cd=-10.121  reg=5.010  │  e+=-5.01(±0.340)  e-=+4.99(±0.017)  sep=61.4  │  fm_e=+5.0  fm=ON  fb=100%  │  ∇rw=1.65  ∇pol=0.40
[18:18:53] [ep16|s2980]  rw=-4.849  cd=-11.081  reg=6.233  │  e+=-6.01(±0.525)  e-=+5.09(±0.018)  sep=48.1  │  fm_e=+5.1  fm=ON  fb=100%  │  ∇rw=14.07  ∇pol=0.73
[18:19:38] [ep16|s2990]  rw=-5.078  cd=-9.549  reg=4.471  │  e+=-4.38(±0.966)  e-=+4.96(±0.018)  sep=40.4  │  fm_e=+5.0  fm=ON  fb=100%  │  ∇rw=5.01  ∇pol=0.41
[18:20:22] [ep16|s3000]  rw=-5.012  cd=-10.364  reg=5.353  │  e+=-4.31(±1.041)  e-=+5.82(±0.020)  sep=31.9  │  fm_e=+5.8  fm=ON  fb=100%  │  ∇rw=13.27  ∇pol=0.31
[18:21:07] [ep16|s3010]  rw=-4.990  cd=-10.287  reg=5.297  │  e+=-5.30(±0.320)  e-=+4.98(±0.017)  sep=65.5  │  fm_e=+5.0  fm=ON  fb=100%  │  ∇rw=3.08  ∇pol=0.36
[18:21:52] [ep16|s3020]  rw=-4.985  cd=-10.419  reg=5.434  │  e+=-5.44(±0.584)  e-=+4.94(±0.014)  sep=34.3  │  fm_e=+4.9  fm=ON  fb=100%  │  ∇rw=7.35  ∇pol=0.37
[18:22:37] [ep16|s3030]  rw=-5.049  cd=-9.723  reg=4.675  │  e+=-4.69(±0.366)  e-=+4.96(±0.017)  sep=107.3  │  fm_e=+5.0  fm=ON  fb=100%  │  ∇rw=2.84  ∇pol=0.50
[18:23:21] [ep16|s3040]  rw=-4.955  cd=-9.189  reg=4.234  │  e+=-4.12(±0.741)  e-=+4.98(±0.045)  sep=43.2  │  fm_e=+5.0  fm=ON  fb=100%  │  ∇rw=6.98  ∇pol=0.46
[18:23:23] ══════════ VAL ep16 ══════════  ρ=+0.0974 (p=0.1969) [FAIL ✗]  AUROC(E)=0.6458  ECE=0.7949  N=177
[18:23:24]   ckpt saved → ckpt_epoch0016.pt
[18:23:24] ──────────────────── Epoch 17/30 ────────────────────
[18:24:09] [ep17|s3050]  rw=-5.023  cd=-10.733  reg=5.710  │  e+=-5.71(±0.652)  e-=+4.88(±0.148)  sep=68.1  │  fm_e=+4.8  fm=ON  fb=100%  │  ∇rw=11.27  ∇pol=0.44
[18:24:54] [ep17|s3060]  rw=-4.932  cd=-9.372  reg=4.440  │  e+=-4.46(±0.434)  e-=+4.93(±0.037)  sep=60.7  │  fm_e=+4.9  fm=ON  fb=100%  │  ∇rw=6.09  ∇pol=0.43
[18:25:39] [ep17|s3070]  rw=-5.005  cd=-10.558  reg=5.553  │  e+=-5.40(±0.298)  e-=+5.12(±0.013)  sep=88.6  │  fm_e=+5.1  fm=ON  fb=100%  │  ∇rw=4.17  ∇pol=0.60
[18:26:23] [ep17|s3080]  rw=-4.958  cd=-10.730  reg=5.772  │  e+=-5.64(±0.391)  e-=+5.08(±0.036)  sep=50.7  │  fm_e=+5.1  fm=ON  fb=100%  │  ∇rw=3.72  ∇pol=0.42
[18:27:08] [ep17|s3090]  rw=-5.142  cd=-9.780  reg=4.638  │  e+=-4.60(±0.397)  e-=+5.00(±0.026)  sep=47.4  │  fm_e=+5.0  fm=ON  fb=100%  │  ∇rw=5.93  ∇pol=0.54
[18:27:53] [ep17|s3100]  rw=-5.110  cd=-9.781  reg=4.671  │  e+=-4.49(±0.613)  e-=+5.11(±0.042)  sep=34.4  │  fm_e=+5.1  fm=ON  fb=100%  │  ∇rw=4.02  ∇pol=0.48
[18:28:38] [ep17|s3110]  rw=-4.932  cd=-10.406  reg=5.474  │  e+=-5.38(±0.870)  e-=+5.00(±0.040)  sep=33.1  │  fm_e=+5.0  fm=ON  fb=100%  │  ∇rw=2.67  ∇pol=0.29
[18:29:22] [ep17|s3120]  rw=-4.933  cd=-9.439  reg=4.506  │  e+=-4.36(±0.350)  e-=+5.09(±0.017)  sep=45.9  │  fm_e=+5.1  fm=ON  fb=100%  │  ∇rw=8.23  ∇pol=0.37
[18:30:07] [ep17|s3130]  rw=-5.278  cd=-10.820  reg=5.542  │  e+=-5.58(±1.069)  e-=+4.80(±0.026)  sep=35.1  │  fm_e=+4.8  fm=ON  fb=100%  │  ∇rw=4.51  ∇pol=0.49
[18:30:51] [ep17|s3140]  rw=-5.057  cd=-10.112  reg=5.055  │  e+=-5.02(±1.201)  e-=+4.88(±0.023)  sep=28.9  │  fm_e=+4.9  fm=ON  fb=100%  │  ∇rw=2.89  ∇pol=0.36
[18:31:36] [ep17|s3150]  rw=-4.985  cd=-10.144  reg=5.159  │  e+=-5.29(±0.051)  e-=+4.86(±0.018)  sep=78.5  │  fm_e=+4.9  fm=ON  fb=100%  │  ∇rw=5.06  ∇pol=0.58
[18:32:21] [ep17|s3160]  rw=-5.153  cd=-10.003  reg=4.850  │  e+=-4.88(±0.545)  e-=+4.94(±0.033)  sep=39.9  │  fm_e=+4.9  fm=ON  fb=100%  │  ∇rw=1.82  ∇pol=0.42
[18:33:05] [ep17|s3170]  rw=-4.864  cd=-8.753  reg=3.889  │  e+=-3.83(±0.142)  e-=+4.92(±0.021)  sep=57.1  │  fm_e=+4.9  fm=ON  fb=100%  │  ∇rw=8.50  ∇pol=0.35
[18:33:50] [ep17|s3180]  rw=-4.974  cd=-10.910  reg=5.936  │  e+=-5.84(±0.526)  e-=+5.00(±0.012)  sep=44.6  │  fm_e=+5.0  fm=ON  fb=100%  │  ∇rw=3.90  ∇pol=0.51
[18:34:35] [ep17|s3190]  rw=-5.009  cd=-9.927  reg=4.918  │  e+=-4.92(±0.209)  e-=+4.99(±0.023)  sep=72.2  │  fm_e=+5.0  fm=ON  fb=100%  │  ∇rw=2.22  ∇pol=0.41
[18:35:19] [ep17|s3200]  rw=-5.004  cd=-10.255  reg=5.252  │  e+=-5.23(±0.199)  e-=+5.01(±0.023)  sep=107.4  │  fm_e=+5.0  fm=ON  fb=100%  │  ∇rw=2.03  ∇pol=0.37
[18:36:04] [ep17|s3210]  rw=-5.118  cd=-9.783  reg=4.666  │  e+=-4.60(±0.555)  e-=+5.02(±0.051)  sep=46.1  │  fm_e=+5.0  fm=ON  fb=100%  │  ∇rw=3.18  ∇pol=0.36
[18:36:48] [ep17|s3220]  rw=-5.082  cd=-10.440  reg=5.358  │  e+=-5.24(±0.787)  e-=+5.05(±0.067)  sep=43.4  │  fm_e=+5.1  fm=ON  fb=100%  │  ∇rw=2.16  ∇pol=0.47
[18:37:33] [ep17|s3230]  rw=-4.990  cd=-10.311  reg=5.321  │  e+=-5.28(±0.626)  e-=+4.99(±0.022)  sep=39.9  │  fm_e=+5.0  fm=ON  fb=100%  │  ∇rw=3.15  ∇pol=0.41
[18:37:35] ══════════ VAL ep17 ══════════  ρ=+0.3117 (p=0.0000) [PASS ✓]  AUROC(E)=0.6541  ECE=0.7949  N=177
[18:37:36]   ckpt saved → ckpt_epoch0017.pt
[18:37:36] ──────────────────── Epoch 18/30 ────────────────────
[18:38:21] [ep18|s3240]  rw=-4.930  cd=-10.103  reg=5.173  │  e+=-5.20(±0.291)  e-=+4.96(±0.028)  sep=61.0  │  fm_e=+5.0  fm=ON  fb=100%  │  ∇rw=1.52  ∇pol=0.32
[18:39:06] [ep18|s3250]  rw=-5.034  cd=-9.863  reg=4.829  │  e+=-4.88(±0.274)  e-=+4.94(±0.014)  sep=61.1  │  fm_e=+4.9  fm=ON  fb=100%  │  ∇rw=2.56  ∇pol=0.59
[18:39:50] [ep18|s3260]  rw=-5.122  cd=-10.017  reg=4.894  │  e+=-4.72(±0.706)  e-=+5.12(±0.017)  sep=54.8  │  fm_e=+5.1  fm=ON  fb=100%  │  ∇rw=3.98  ∇pol=0.55
[18:40:35] [ep18|s3270]  rw=-4.955  cd=-10.246  reg=5.292  │  e+=-5.28(±0.387)  e-=+4.99(±0.025)  sep=48.2  │  fm_e=+5.0  fm=ON  fb=100%  │  ∇rw=1.16  ∇pol=0.38
[18:41:20] [ep18|s3280]  rw=-4.985  cd=-10.093  reg=5.107  │  e+=-5.15(±0.172)  e-=+4.95(±0.021)  sep=51.4  │  fm_e=+4.9  fm=ON  fb=100%  │  ∇rw=3.73  ∇pol=0.57
[18:42:05] [ep18|s3290]  rw=-5.231  cd=-10.017  reg=4.786  │  e+=-4.61(±1.227)  e-=+5.01(±0.007)  sep=27.4  │  fm_e=+5.0  fm=ON  fb=100%  │  ∇rw=8.54  ∇pol=18.88
[18:42:49] [ep18|s3300]  rw=-5.005  cd=-10.097  reg=5.092  │  e+=-5.12(±0.320)  e-=+4.96(±0.013)  sep=43.5  │  fm_e=+5.0  fm=ON  fb=100%  │  ∇rw=3.91  ∇pol=0.32
[18:43:34] [ep18|s3310]  rw=-5.030  cd=-9.825  reg=4.795  │  e+=-4.98(±0.300)  e-=+4.80(±0.012)  sep=44.5  │  fm_e=+4.8  fm=ON  fb=100%  │  ∇rw=6.88  ∇pol=2.99
[18:44:19] [ep18|s3320]  rw=-5.138  cd=-9.786  reg=4.648  │  e+=-4.62(±0.813)  e-=+4.95(±0.014)  sep=42.3  │  fm_e=+4.9  fm=ON  fb=100%  │  ∇rw=5.65  ∇pol=0.29
[18:45:04] [ep18|s3330]  rw=-5.041  cd=-9.651  reg=4.610  │  e+=-4.58(±0.388)  e-=+5.00(±0.013)  sep=38.7  │  fm_e=+5.0  fm=ON  fb=100%  │  ∇rw=2.99  ∇pol=0.41
[18:45:48] [ep18|s3340]  rw=-4.909  cd=-9.206  reg=4.296  │  e+=-4.33(±0.416)  e-=+4.90(±0.014)  sep=37.3  │  fm_e=+4.9  fm=ON  fb=100%  │  ∇rw=2.36  ∇pol=0.42
[18:46:33] [ep18|s3350]  rw=-4.973  cd=-10.277  reg=5.304  │  e+=-5.22(±0.102)  e-=+5.08(±0.022)  sep=87.9  │  fm_e=+5.1  fm=ON  fb=100%  │  ∇rw=2.42  ∇pol=4.84
[18:47:18] [ep18|s3360]  rw=-5.034  cd=-10.645  reg=5.612  │  e+=-5.63(±0.343)  e-=+4.93(±0.018)  sep=76.1  │  fm_e=+4.9  fm=ON  fb=100%  │  ∇rw=5.84  ∇pol=0.41
[18:48:03] [ep18|s3370]  rw=-5.017  cd=-9.678  reg=4.661  │  e+=-4.64(±0.594)  e-=+4.97(±0.008)  sep=58.6  │  fm_e=+5.0  fm=ON  fb=100%  │  ∇rw=2.26  ∇pol=0.52
[18:48:47] [ep18|s3380]  rw=-5.123  cd=-9.884  reg=4.761  │  e+=-4.71(±0.450)  e-=+5.02(±0.009)  sep=53.4  │  fm_e=+5.0  fm=ON  fb=100%  │  ∇rw=2.51  ∇pol=0.43
[18:49:32] [ep18|s3390]  rw=-4.968  cd=-10.497  reg=5.529  │  e+=-5.37(±0.727)  e-=+5.09(±0.012)  sep=43.0  │  fm_e=+5.1  fm=ON  fb=100%  │  ∇rw=4.36  ∇pol=0.27
[18:50:17] [ep18|s3400]  rw=-4.927  cd=-10.974  reg=6.047  │  e+=-6.01(±0.193)  e-=+4.93(±0.024)  sep=74.2  │  fm_e=+4.9  fm=ON  fb=100%  │  ∇rw=11.04  ∇pol=2.54
[18:51:01] [ep18|s3410]  rw=-5.227  cd=-10.117  reg=4.889  │  e+=-4.88(±0.504)  e-=+4.98(±0.016)  sep=37.5  │  fm_e=+5.0  fm=ON  fb=100%  │  ∇rw=1.73  ∇pol=3.35
[18:51:46] [ep18|s3420]  rw=-5.007  cd=-10.320  reg=5.313  │  e+=-5.27(±0.413)  e-=+5.02(±0.013)  sep=53.1  │  fm_e=+5.0  fm=ON  fb=100%  │  ∇rw=4.96  ∇pol=0.39
[18:51:47] ══════════ VAL ep18 ══════════  ρ=+0.2673 (p=0.0003) [PASS ✓]  AUROC(E)=0.6653  ECE=0.7943  N=177
[18:51:49]   ckpt saved → ckpt_epoch0018.pt
[18:51:49] ──────────────────── Epoch 19/30 ────────────────────
[18:52:35] [ep19|s3430]  rw=-5.070  cd=-10.042  reg=4.972  │  e+=-4.95(±0.585)  e-=+4.98(±0.009)  sep=60.1  │  fm_e=+5.0  fm=ON  fb=100%  │  ∇rw=4.46  ∇pol=0.30
[18:53:19] [ep19|s3440]  rw=-4.987  cd=-9.783  reg=4.796  │  e+=-4.79(±0.244)  e-=+5.00(±0.013)  sep=80.9  │  fm_e=+5.0  fm=ON  fb=100%  │  ∇rw=3.68  ∇pol=0.29
[18:54:04] [ep19|s3450]  rw=-4.998  cd=-10.065  reg=5.068  │  e+=-5.06(±0.240)  e-=+5.00(±0.013)  sep=69.6  │  fm_e=+5.0  fm=ON  fb=100%  │  ∇rw=1.12  ∇pol=0.39
[18:54:49] [ep19|s3460]  rw=-4.906  cd=-9.635  reg=4.730  │  e+=-4.74(±0.337)  e-=+4.98(±0.012)  sep=51.1  │  fm_e=+5.0  fm=ON  fb=100%  │  ∇rw=1.50  ∇pol=34.92
[18:55:34] [ep19|s3470]  rw=-5.314  cd=-10.685  reg=5.371  │  e+=-5.32(±0.815)  e-=+4.97(±0.019)  sep=52.0  │  fm_e=+5.0  fm=ON  fb=100%  │  ∇rw=2.21  ∇pol=0.34
[18:56:18] [ep19|s3480]  rw=-4.871  cd=-9.279  reg=4.408  │  e+=-4.19(±0.734)  e-=+5.10(±0.022)  sep=38.2  │  fm_e=+5.1  fm=ON  fb=100%  │  ∇rw=4.92  ∇pol=0.47
[18:57:03] [ep19|s3490]  rw=-5.072  cd=-10.122  reg=5.050  │  e+=-4.84(±1.234)  e-=+5.05(±0.017)  sep=29.0  │  fm_e=+5.1  fm=ON  fb=100%  │  ∇rw=4.45  ∇pol=0.36
[18:57:47] [ep19|s3500]  rw=-5.002  cd=-9.380  reg=4.378  │  e+=-4.29(±0.442)  e-=+5.02(±0.010)  sep=30.2  │  fm_e=+5.0  fm=ON  fb=100%  │  ∇rw=7.33  ∇pol=0.74
[18:58:33] [ep19|s3510]  rw=-5.079  cd=-9.746  reg=4.667  │  e+=-4.58(±0.529)  e-=+5.04(±0.016)  sep=40.2  │  fm_e=+5.0  fm=ON  fb=100%  │  ∇rw=1.80  ∇pol=0.48
[18:59:17] [ep19|s3520]  rw=-4.976  cd=-10.625  reg=5.649  │  e+=-5.60(±0.152)  e-=+5.00(±0.046)  sep=83.3  │  fm_e=+5.0  fm=ON  fb=100%  │  ∇rw=4.25  ∇pol=0.38
[19:00:02] [ep19|s3530]  rw=-4.922  cd=-9.628  reg=4.706  │  e+=-4.61(±0.601)  e-=+5.04(±0.010)  sep=41.0  │  fm_e=+5.0  fm=ON  fb=100%  │  ∇rw=5.34  ∇pol=0.36
[19:00:47] [ep19|s3540]  rw=-4.461  cd=-8.883  reg=4.422  │  e+=-3.78(±1.591)  e-=+4.93(±0.021)  sep=38.4  │  fm_e=+4.9  fm=ON  fb=100%  │  ∇rw=35.37  ∇pol=0.47
[19:01:32] [ep19|s3550]  rw=-4.945  cd=-10.049  reg=5.104  │  e+=-5.09(±0.342)  e-=+5.00(±0.034)  sep=57.7  │  fm_e=+5.0  fm=ON  fb=100%  │  ∇rw=1.63  ∇pol=0.38
[19:02:17] [ep19|s3560]  rw=-5.085  cd=-10.224  reg=5.139  │  e+=-5.13(±0.382)  e-=+4.99(±0.031)  sep=57.1  │  fm_e=+5.0  fm=ON  fb=100%  │  ∇rw=2.35  ∇pol=0.47
[19:03:01] [ep19|s3570]  rw=-4.718  cd=-9.729  reg=5.011  │  e+=-4.77(±1.244)  e-=+4.87(±0.027)  sep=38.0  │  fm_e=+4.9  fm=ON  fb=100%  │  ∇rw=16.66  ∇pol=0.51
[19:03:46] [ep19|s3580]  rw=-5.047  cd=-10.010  reg=4.963  │  e+=-4.95(±0.682)  e-=+4.96(±0.013)  sep=32.7  │  fm_e=+5.0  fm=ON  fb=100%  │  ∇rw=4.35  ∇pol=0.35
[19:04:31] [ep19|s3590]  rw=-5.084  cd=-10.138  reg=5.054  │  e+=-5.02(±0.680)  e-=+4.99(±0.011)  sep=34.5  │  fm_e=+5.0  fm=ON  fb=100%  │  ∇rw=2.48  ∇pol=0.43
[19:05:15] [ep19|s3600]  rw=-4.978  cd=-10.531  reg=5.553  │  e+=-5.48(±0.088)  e-=+5.05(±0.017)  sep=85.6  │  fm_e=+5.0  fm=ON  fb=100%  │  ∇rw=4.45  ∇pol=0.54
[19:06:00] [ep19|s3610]  rw=-5.000  cd=-10.146  reg=5.146  │  e+=-5.16(±0.471)  e-=+4.96(±0.034)  sep=42.0  │  fm_e=+5.0  fm=ON  fb=100%  │  ∇rw=4.79  ∇pol=0.52
[19:06:01] ══════════ VAL ep19 ══════════  ρ=+0.2023 (p=0.0069) [PASS ✓]  AUROC(E)=0.6744  ECE=0.7920  N=177
[19:06:02]   ckpt saved → ckpt_epoch0019.pt
[19:06:02] ──────────────────── Epoch 20/30 ────────────────────
[19:06:48] [ep20|s3620]  rw=-5.039  cd=-9.523  reg=4.484  │  e+=-4.34(±0.808)  e-=+5.04(±0.026)  sep=34.3  │  fm_e=+5.0  fm=ON  fb=100%  │  ∇rw=4.20  ∇pol=0.53
[19:07:32] [ep20|s3630]  rw=-4.802  cd=-10.143  reg=5.341  │  e+=-5.36(±0.802)  e-=+4.90(±0.032)  sep=30.6  │  fm_e=+4.9  fm=ON  fb=100%  │  ∇rw=4.58  ∇pol=0.56
[19:08:17] [ep20|s3640]  rw=-4.930  cd=-10.598  reg=5.667  │  e+=-5.79(±0.065)  e-=+4.81(±0.018)  sep=95.7  │  fm_e=+4.8  fm=ON  fb=100%  │  ∇rw=9.16  ∇pol=0.50
[19:09:02] [ep20|s3650]  rw=-5.121  cd=-10.273  reg=5.152  │  e+=-5.01(±1.037)  e-=+5.03(±0.023)  sep=49.0  │  fm_e=+5.0  fm=ON  fb=100%  │  ∇rw=4.71  ∇pol=3.35
[19:09:46] [ep20|s3660]  rw=-5.019  cd=-9.969  reg=4.950  │  e+=-4.92(±0.400)  e-=+5.01(±0.017)  sep=44.8  │  fm_e=+5.0  fm=ON  fb=100%  │  ∇rw=0.76  ∇pol=0.67
[19:10:31] [ep20|s3670]  rw=-5.278  cd=-10.687  reg=5.408  │  e+=-5.29(±0.622)  e-=+5.07(±0.014)  sep=43.9  │  fm_e=+5.1  fm=ON  fb=100%  │  ∇rw=4.68  ∇pol=0.53
[19:11:16] [ep20|s3680]  rw=-4.945  cd=-9.592  reg=4.647  │  e+=-4.71(±0.343)  e-=+4.91(±0.014)  sep=46.7  │  fm_e=+4.9  fm=ON  fb=100%  │  ∇rw=3.55  ∇pol=0.59
[19:12:01] [ep20|s3690]  rw=-5.062  cd=-10.362  reg=5.301  │  e+=-5.30(±0.851)  e-=+4.91(±0.035)  sep=31.9  │  fm_e=+4.9  fm=ON  fb=100%  │  ∇rw=4.37  ∇pol=0.49
[19:12:46] [ep20|s3700]  rw=-5.022  cd=-10.135  reg=5.114  │  e+=-5.08(±0.179)  e-=+5.03(±0.021)  sep=44.8  │  fm_e=+5.0  fm=ON  fb=100%  │  ∇rw=1.47  ∇pol=1.39
[19:13:30] [ep20|s3710]  rw=-5.168  cd=-9.541  reg=4.373  │  e+=-4.24(±1.419)  e-=+4.87(±0.055)  sep=27.1  │  fm_e=+4.9  fm=ON  fb=100%  │  ∇rw=9.12  ∇pol=0.66
[19:14:15] [ep20|s3720]  rw=-5.093  cd=-10.199  reg=5.107  │  e+=-5.08(±0.514)  e-=+5.00(±0.022)  sep=48.2  │  fm_e=+5.0  fm=ON  fb=100%  │  ∇rw=2.33  ∇pol=0.78
[19:15:00] [ep20|s3730]  rw=-5.187  cd=-10.454  reg=5.267  │  e+=-5.13(±0.746)  e-=+5.08(±0.025)  sep=39.5  │  fm_e=+5.1  fm=ON  fb=100%  │  ∇rw=3.69  ∇pol=0.31
[19:15:45] [ep20|s3740]  rw=-5.226  cd=-11.055  reg=5.829  │  e+=-5.70(±1.119)  e-=+4.95(±0.016)  sep=29.9  │  fm_e=+5.0  fm=ON  fb=100%  │  ∇rw=2.40  ∇pol=0.59
[19:16:29] [ep20|s3750]  rw=-4.503  cd=-9.432  reg=4.929  │  e+=-4.84(±0.971)  e-=+4.99(±0.015)  sep=21.6  │  fm_e=+5.0  fm=ON  fb=100%  │  ∇rw=3.57  ∇pol=0.54
[19:17:14] [ep20|s3760]  rw=-5.118  cd=-10.565  reg=5.447  │  e+=-5.28(±0.433)  e-=+5.14(±0.019)  sep=37.0  │  fm_e=+5.1  fm=ON  fb=100%  │  ∇rw=2.37  ∇pol=0.41
[19:17:59] [ep20|s3770]  rw=-5.091  cd=-10.089  reg=4.998  │  e+=-4.97(±0.626)  e-=+4.99(±0.019)  sep=53.1  │  fm_e=+5.0  fm=ON  fb=100%  │  ∇rw=3.33  ∇pol=0.56
[19:18:44] [ep20|s3780]  rw=-5.051  cd=-10.170  reg=5.119  │  e+=-4.98(±1.147)  e-=+5.01(±0.018)  sep=43.9  │  fm_e=+5.0  fm=ON  fb=100%  │  ∇rw=1.03  ∇pol=0.32
[19:19:28] [ep20|s3790]  rw=-5.031  cd=-10.004  reg=4.973  │  e+=-4.99(±0.183)  e-=+4.98(±0.027)  sep=81.3  │  fm_e=+5.0  fm=ON  fb=100%  │  ∇rw=1.33  ∇pol=0.38
[19:20:13] [ep20|s3800]  rw=-4.970  cd=-10.083  reg=5.112  │  e+=-5.03(±0.952)  e-=+4.99(±0.035)  sep=37.2  │  fm_e=+5.0  fm=ON  fb=100%  │  ∇rw=1.64  ∇pol=64.51
[19:20:15] ══════════ VAL ep20 ══════════  ρ=+0.1921 (p=0.0104) [PASS ✓]  AUROC(E)=0.7324  ECE=0.7959  N=177
[19:20:17]   ckpt saved → ckpt_epoch0020.pt
[19:20:17] ──────────────────── Epoch 21/30 ────────────────────
[19:21:02] [ep21|s3810]  rw=-5.026  cd=-10.281  reg=5.254  │  e+=-5.40(±0.649)  e-=+4.79(±0.013)  sep=40.9  │  fm_e=+4.8  fm=ON  fb=100%  │  ∇rw=5.67  ∇pol=0.30
[19:21:46] [ep21|s3820]  rw=-5.016  cd=-9.935  reg=4.919  │  e+=-4.84(±0.253)  e-=+5.06(±0.016)  sep=73.4  │  fm_e=+5.1  fm=ON  fb=100%  │  ∇rw=2.29  ∇pol=0.36
[19:22:31] [ep21|s3830]  rw=-4.896  cd=-9.975  reg=5.078  │  e+=-5.06(±0.428)  e-=+5.00(±0.020)  sep=73.5  │  fm_e=+5.0  fm=ON  fb=100%  │  ∇rw=1.37  ∇pol=0.82
[19:23:15] [ep21|s3840]  rw=-5.308  cd=-10.231  reg=4.923  │  e+=-4.90(±0.576)  e-=+4.99(±0.011)  sep=101.0  │  fm_e=+5.0  fm=ON  fb=100%  │  ∇rw=1.98  ∇pol=0.53
[19:23:59] [ep21|s3850]  rw=-5.082  cd=-10.356  reg=5.274  │  e+=-5.20(±0.306)  e-=+5.06(±0.037)  sep=66.2  │  fm_e=+5.1  fm=ON  fb=100%  │  ∇rw=2.67  ∇pol=0.40
[19:24:44] [ep21|s3860]  rw=-5.048  cd=-10.414  reg=5.366  │  e+=-5.27(±0.697)  e-=+5.04(±0.025)  sep=38.6  │  fm_e=+5.0  fm=ON  fb=100%  │  ∇rw=2.14  ∇pol=0.49
[19:25:28] [ep21|s3870]  rw=-4.809  cd=-10.985  reg=6.175  │  e+=-5.94(±0.361)  e-=+5.13(±0.024)  sep=68.7  │  fm_e=+5.1  fm=ON  fb=100%  │  ∇rw=10.19  ∇pol=0.49
[19:26:13] [ep21|s3880]  rw=-4.943  cd=-10.046  reg=5.102  │  e+=-5.11(±0.330)  e-=+4.98(±0.014)  sep=81.6  │  fm_e=+5.0  fm=ON  fb=100%  │  ∇rw=4.49  ∇pol=0.43
[19:26:58] [ep21|s3890]  rw=-4.384  cd=-9.313  reg=4.929  │  e+=-4.82(±0.596)  e-=+4.32(±1.385)  sep=44.4  │  fm_e=+4.1  fm=ON  fb=100%  │  ∇rw=15.22  ∇pol=0.43
[19:27:43] [ep21|s3900]  rw=-4.946  cd=-10.424  reg=5.478  │  e+=-5.16(±0.211)  e-=+5.30(±0.009)  sep=61.5  │  fm_e=+5.3  fm=ON  fb=100%  │  ∇rw=5.73  ∇pol=0.46
[19:28:28] [ep21|s3910]  rw=-5.171  cd=-9.973  reg=4.801  │  e+=-4.82(±0.319)  e-=+4.97(±0.016)  sep=43.7  │  fm_e=+5.0  fm=ON  fb=100%  │  ∇rw=7.06  ∇pol=0.42
[19:29:13] [ep21|s3920]  rw=-5.288  cd=-10.213  reg=4.924  │  e+=-4.90(±0.699)  e-=+4.97(±0.021)  sep=120.6  │  fm_e=+5.0  fm=ON  fb=100%  │  ∇rw=1.24  ∇pol=0.34
[19:29:58] [ep21|s3930]  rw=-4.974  cd=-10.513  reg=5.539  │  e+=-5.50(±0.273)  e-=+5.01(±0.013)  sep=52.8  │  fm_e=+5.0  fm=ON  fb=100%  │  ∇rw=1.52  ∇pol=0.47
[19:30:42] [ep21|s3940]  rw=-4.958  cd=-9.796  reg=4.838  │  e+=-4.69(±0.279)  e-=+5.13(±0.020)  sep=47.0  │  fm_e=+5.1  fm=ON  fb=100%  │  ∇rw=8.37  ∇pol=3.34
[19:31:27] [ep21|s3950]  rw=-4.986  cd=-10.371  reg=5.385  │  e+=-5.39(±0.070)  e-=+4.98(±0.013)  sep=107.1  │  fm_e=+5.0  fm=ON  fb=100%  │  ∇rw=3.58  ∇pol=0.43
[19:32:12] [ep21|s3960]  rw=-5.144  cd=-9.710  reg=4.566  │  e+=-4.49(±0.617)  e-=+5.01(±0.010)  sep=60.5  │  fm_e=+5.0  fm=ON  fb=100%  │  ∇rw=3.90  ∇pol=0.56
[19:32:57] [ep21|s3970]  rw=-4.952  cd=-9.886  reg=4.934  │  e+=-4.96(±0.400)  e-=+4.96(±0.066)  sep=27.6  │  fm_e=+4.9  fm=ON  fb=100%  │  ∇rw=5.00  ∇pol=0.46
[19:33:42] [ep21|s3980]  rw=-4.909  cd=-10.291  reg=5.382  │  e+=-5.41(±0.444)  e-=+4.93(±0.047)  sep=30.9  │  fm_e=+4.9  fm=ON  fb=100%  │  ∇rw=5.00  ∇pol=55.28
[19:34:27] [ep21|s3990]  rw=-4.987  cd=-9.254  reg=4.267  │  e+=-4.24(±0.674)  e-=+4.92(±0.039)  sep=26.3  │  fm_e=+4.9  fm=ON  fb=100%  │  ∇rw=3.04  ∇pol=0.37
[19:34:29] ══════════ VAL ep21 ══════════  ρ=+0.2825 (p=0.0001) [PASS ✓]  AUROC(E)=0.7203  ECE=0.7936  N=177
[19:34:33]   ckpt saved → ckpt_epoch0021.pt
[19:34:33] ──────────────────── Epoch 22/30 ────────────────────
[19:35:18] [ep22|s4000]  rw=-4.902  cd=-9.539  reg=4.637  │  e+=-4.50(±0.964)  e-=+5.02(±0.023)  sep=36.2  │  fm_e=+5.0  fm=ON  fb=100%  │  ∇rw=3.27  ∇pol=0.60
[19:36:03] [ep22|s4010]  rw=-4.844  cd=-10.068  reg=5.224  │  e+=-5.16(±0.739)  e-=+5.00(±0.024)  sep=38.2  │  fm_e=+5.0  fm=ON  fb=100%  │  ∇rw=2.78  ∇pol=0.39
[19:36:48] [ep22|s4020]  rw=-4.848  cd=-9.792  reg=4.944  │  e+=-4.94(±0.583)  e-=+4.96(±0.025)  sep=44.6  │  fm_e=+5.0  fm=ON  fb=100%  │  ∇rw=4.83  ∇pol=0.38
[19:37:33] [ep22|s4030]  rw=-4.862  cd=-8.975  reg=4.112  │  e+=-4.07(±0.536)  e-=+4.93(±0.029)  sep=59.0  │  fm_e=+4.9  fm=ON  fb=100%  │  ∇rw=5.49  ∇pol=21.70
[19:38:18] [ep22|s4040]  rw=-5.011  cd=-10.227  reg=5.216  │  e+=-5.39(±0.409)  e-=+4.79(±0.020)  sep=46.6  │  fm_e=+4.8  fm=ON  fb=100%  │  ∇rw=5.55  ∇pol=0.28
[19:39:02] [ep22|s4050]  rw=-4.887  cd=-10.399  reg=5.512  │  e+=-5.49(±0.217)  e-=+4.99(±0.046)  sep=45.1  │  fm_e=+5.0  fm=ON  fb=100%  │  ∇rw=2.69  ∇pol=0.54
[19:39:47] [ep22|s4060]  rw=-5.009  cd=-10.005  reg=4.996  │  e+=-4.92(±0.760)  e-=+5.02(±0.041)  sep=27.0  │  fm_e=+5.0  fm=ON  fb=100%  │  ∇rw=4.25  ∇pol=0.23
[19:40:32] [ep22|s4070]  rw=-5.354  cd=-10.024  reg=4.669  │  e+=-4.55(±0.643)  e-=+5.06(±0.015)  sep=39.0  │  fm_e=+5.1  fm=ON  fb=100%  │  ∇rw=3.47  ∇pol=0.40
[19:41:17] [ep22|s4080]  rw=-5.185  cd=-10.510  reg=5.325  │  e+=-5.29(±0.531)  e-=+5.00(±0.014)  sep=47.6  │  fm_e=+5.0  fm=ON  fb=100%  │  ∇rw=1.90  ∇pol=0.48
[19:42:02] [ep22|s4090]  rw=-4.896  cd=-9.080  reg=4.184  │  e+=-4.08(±0.735)  e-=+4.97(±0.024)  sep=33.6  │  fm_e=+5.0  fm=ON  fb=100%  │  ∇rw=3.73  ∇pol=0.72
[19:42:46] [ep22|s4100]  rw=-5.017  cd=-10.459  reg=5.442  │  e+=-5.35(±0.932)  e-=+4.99(±0.055)  sep=32.4  │  fm_e=+5.0  fm=ON  fb=100%  │  ∇rw=9.68  ∇pol=0.72
[19:43:31] [ep22|s4110]  rw=-4.918  cd=-10.612  reg=5.694  │  e+=-5.63(±0.524)  e-=+4.99(±0.062)  sep=34.3  │  fm_e=+5.0  fm=ON  fb=100%  │  ∇rw=8.60  ∇pol=0.56
[19:44:16] [ep22|s4120]  rw=-5.067  cd=-9.798  reg=4.730  │  e+=-4.85(±0.579)  e-=+4.84(±0.059)  sep=29.6  │  fm_e=+4.8  fm=ON  fb=100%  │  ∇rw=4.69  ∇pol=0.67
[19:45:00] [ep22|s4130]  rw=-4.882  cd=-11.031  reg=6.149  │  e+=-6.08(±0.463)  e-=+4.93(±0.043)  sep=37.5  │  fm_e=+4.9  fm=ON  fb=100%  │  ∇rw=9.69  ∇pol=0.64
[19:45:45] [ep22|s4140]  rw=-4.998  cd=-10.140  reg=5.142  │  e+=-5.10(±0.184)  e-=+5.03(±0.026)  sep=71.1  │  fm_e=+5.0  fm=ON  fb=100%  │  ∇rw=2.13  ∇pol=54.57
[19:46:30] [ep22|s4150]  rw=-4.991  cd=-10.360  reg=5.369  │  e+=-5.38(±0.214)  e-=+4.97(±0.043)  sep=50.7  │  fm_e=+5.0  fm=ON  fb=100%  │  ∇rw=4.38  ∇pol=0.58
[19:47:14] [ep22|s4160]  rw=-4.810  cd=-9.442  reg=4.631  │  e+=-5.67(±0.443)  e-=+3.74(±0.029)  sep=40.0  │  fm_e=+3.7  fm=ON  fb=100%  │  ∇rw=24.67  ∇pol=0.48
[19:47:59] [ep22|s4170]  rw=-4.994  cd=-10.357  reg=5.363  │  e+=-5.51(±0.620)  e-=+4.78(±0.042)  sep=47.5  │  fm_e=+4.8  fm=ON  fb=100%  │  ∇rw=8.03  ∇pol=0.31
[19:48:44] [ep22|s4180]  rw=-4.994  cd=-9.861  reg=4.867  │  e+=-4.82(±0.620)  e-=+5.00(±0.032)  sep=35.9  │  fm_e=+5.0  fm=ON  fb=100%  │  ∇rw=1.55  ∇pol=0.40
[19:48:46] ══════════ VAL ep22 ══════════  ρ=+0.2818 (p=0.0001) [PASS ✓]  AUROC(E)=0.7573  ECE=0.7933  N=177
[19:48:47]   ckpt saved → ckpt_epoch0022.pt
[19:48:47] ──────────────────── Epoch 23/30 ────────────────────
[19:49:32] [ep23|s4190]  rw=-5.029  cd=-10.060  reg=5.031  │  e+=-5.04(±0.464)  e-=+4.97(±0.012)  sep=41.7  │  fm_e=+5.0  fm=ON  fb=100%  │  ∇rw=2.18  ∇pol=0.61
[19:50:17] [ep23|s4200]  rw=-5.125  cd=-9.724  reg=4.599  │  e+=-4.60(±0.294)  e-=+4.97(±0.031)  sep=57.9  │  fm_e=+5.0  fm=ON  fb=100%  │  ∇rw=2.59  ∇pol=0.50
[19:51:02] [ep23|s4210]  rw=-5.149  cd=-10.967  reg=5.818  │  e+=-5.72(±0.822)  e-=+4.98(±0.029)  sep=36.0  │  fm_e=+5.0  fm=ON  fb=100%  │  ∇rw=3.97  ∇pol=0.55
[19:51:46] [ep23|s4220]  rw=-4.997  cd=-10.563  reg=5.566  │  e+=-5.51(±0.522)  e-=+5.00(±0.026)  sep=28.5  │  fm_e=+5.0  fm=ON  fb=100%  │  ∇rw=4.32  ∇pol=0.34
[19:52:31] [ep23|s4230]  rw=-5.078  cd=-10.559  reg=5.481  │  e+=-5.45(±0.355)  e-=+4.99(±0.024)  sep=45.6  │  fm_e=+5.0  fm=ON  fb=100%  │  ∇rw=2.40  ∇pol=0.32
[19:53:15] [ep23|s4240]  rw=-4.966  cd=-9.312  reg=4.346  │  e+=-4.30(±0.291)  e-=+4.99(±0.023)  sep=47.4  │  fm_e=+5.0  fm=ON  fb=100%  │  ∇rw=6.78  ∇pol=0.39
[19:54:00] [ep23|s4250]  rw=-5.029  cd=-10.089  reg=5.060  │  e+=-5.09(±0.553)  e-=+4.94(±0.026)  sep=44.0  │  fm_e=+4.9  fm=ON  fb=100%  │  ∇rw=3.89  ∇pol=0.49
[19:54:44] [ep23|s4260]  rw=-5.049  cd=-9.875  reg=4.826  │  e+=-4.80(±0.450)  e-=+5.00(±0.020)  sep=48.6  │  fm_e=+5.0  fm=ON  fb=100%  │  ∇rw=0.94  ∇pol=0.43
[19:55:28] [ep23|s4270]  rw=-5.239  cd=-10.207  reg=4.968  │  e+=-4.83(±0.804)  e-=+5.07(±0.016)  sep=43.9  │  fm_e=+5.1  fm=ON  fb=100%  │  ∇rw=2.83  ∇pol=0.43
[19:56:13] [ep23|s4280]  rw=-5.079  cd=-10.473  reg=5.394  │  e+=-5.32(±0.779)  e-=+5.01(±0.021)  sep=35.9  │  fm_e=+5.0  fm=ON  fb=100%  │  ∇rw=1.18  ∇pol=0.42
[19:56:58] [ep23|s4290]  rw=-5.232  cd=-10.458  reg=5.227  │  e+=-5.17(±0.668)  e-=+5.01(±0.022)  sep=55.5  │  fm_e=+5.0  fm=ON  fb=100%  │  ∇rw=1.76  ∇pol=0.62
[19:57:43] [ep23|s4300]  rw=-4.857  cd=-10.706  reg=5.849  │  e+=-5.79(±0.585)  e-=+4.97(±0.051)  sep=47.3  │  fm_e=+5.0  fm=ON  fb=100%  │  ∇rw=2.98  ∇pol=0.79
[19:58:27] [ep23|s4310]  rw=-5.090  cd=-9.881  reg=4.791  │  e+=-4.78(±0.385)  e-=+4.99(±0.043)  sep=48.6  │  fm_e=+5.0  fm=ON  fb=100%  │  ∇rw=4.94  ∇pol=0.37
[19:59:12] [ep23|s4320]  rw=-5.115  cd=-10.222  reg=5.107  │  e+=-5.07(±0.636)  e-=+5.00(±0.022)  sep=44.6  │  fm_e=+5.0  fm=ON  fb=100%  │  ∇rw=2.41  ∇pol=0.40
[19:59:57] [ep23|s4330]  rw=-4.975  cd=-10.194  reg=5.218  │  e+=-5.32(±0.262)  e-=+4.88(±0.022)  sep=44.0  │  fm_e=+4.9  fm=ON  fb=100%  │  ∇rw=4.59  ∇pol=0.51
[20:00:41] [ep23|s4340]  rw=-5.057  cd=-9.413  reg=4.356  │  e+=-4.61(±0.208)  e-=+4.71(±0.041)  sep=58.3  │  fm_e=+4.7  fm=ON  fb=100%  │  ∇rw=5.75  ∇pol=0.40
[20:01:26] [ep23|s4350]  rw=-5.196  cd=-9.759  reg=4.563  │  e+=-4.57(±1.073)  e-=+4.86(±0.012)  sep=43.0  │  fm_e=+4.9  fm=ON  fb=100%  │  ∇rw=4.20  ∇pol=0.42
[20:02:10] [ep23|s4360]  rw=-4.909  cd=-10.152  reg=5.243  │  e+=-5.22(±0.564)  e-=+4.99(±0.019)  sep=39.0  │  fm_e=+5.0  fm=ON  fb=100%  │  ∇rw=1.20  ∇pol=0.31
[20:02:55] [ep23|s4370]  rw=-5.094  cd=-9.799  reg=4.705  │  e+=-4.67(±0.510)  e-=+4.99(±0.024)  sep=44.6  │  fm_e=+5.0  fm=ON  fb=100%  │  ∇rw=4.20  ∇pol=0.50
[20:02:57] ══════════ VAL ep23 ══════════  ρ=+0.3184 (p=0.0000) [PASS ✓]  AUROC(E)=0.7047  ECE=0.7926  N=177
[20:02:59]   ckpt saved → ckpt_epoch0023.pt
[20:02:59] ──────────────────── Epoch 24/30 ────────────────────
[20:03:44] [ep24|s4380]  rw=-5.095  cd=-10.016  reg=4.921  │  e+=-4.91(±0.476)  e-=+4.99(±0.016)  sep=33.8  │  fm_e=+5.0  fm=ON  fb=100%  │  ∇rw=1.91  ∇pol=0.34
[20:04:28] [ep24|s4390]  rw=-5.024  cd=-9.926  reg=4.902  │  e+=-4.89(±0.251)  e-=+5.00(±0.011)  sep=58.9  │  fm_e=+5.0  fm=ON  fb=100%  │  ∇rw=1.79  ∇pol=0.37
[20:05:13] [ep24|s4400]  rw=-5.132  cd=-10.245  reg=5.113  │  e+=-5.01(±0.448)  e-=+5.08(±0.016)  sep=53.8  │  fm_e=+5.1  fm=ON  fb=100%  │  ∇rw=2.44  ∇pol=39.75
[20:05:57] [ep24|s4410]  rw=-4.954  cd=-9.526  reg=4.573  │  e+=-4.54(±0.486)  e-=+4.98(±0.024)  sep=49.6  │  fm_e=+5.0  fm=ON  fb=100%  │  ∇rw=6.54  ∇pol=0.58
[20:06:41] [ep24|s4420]  rw=-5.133  cd=-9.741  reg=4.608  │  e+=-4.55(±0.574)  e-=+5.00(±0.026)  sep=40.9  │  fm_e=+5.0  fm=ON  fb=100%  │  ∇rw=2.03  ∇pol=0.28
[20:07:26] [ep24|s4430]  rw=-5.190  cd=-10.075  reg=4.886  │  e+=-4.88(±0.577)  e-=+4.97(±0.020)  sep=42.3  │  fm_e=+5.0  fm=ON  fb=100%  │  ∇rw=1.61  ∇pol=0.34
[20:08:11] [ep24|s4440]  rw=-4.967  cd=-9.697  reg=4.730  │  e+=-4.88(±0.400)  e-=+4.82(±0.032)  sep=31.1  │  fm_e=+4.8  fm=ON  fb=100%  │  ∇rw=2.81  ∇pol=0.33
[20:08:55] [ep24|s4450]  rw=-4.911  cd=-10.646  reg=5.735  │  e+=-5.71(±0.371)  e-=+4.96(±0.016)  sep=40.3  │  fm_e=+5.0  fm=ON  fb=100%  │  ∇rw=2.90  ∇pol=0.26
[20:09:40] [ep24|s4460]  rw=-4.963  cd=-10.126  reg=5.163  │  e+=-5.16(±0.235)  e-=+4.99(±0.013)  sep=55.6  │  fm_e=+5.0  fm=ON  fb=100%  │  ∇rw=1.84  ∇pol=0.39
[20:10:25] [ep24|s4470]  rw=-4.889  cd=-10.406  reg=5.517  │  e+=-5.34(±0.696)  e-=+5.11(±0.017)  sep=33.2  │  fm_e=+5.1  fm=ON  fb=100%  │  ∇rw=7.53  ∇pol=0.52
[20:11:09] [ep24|s4480]  rw=-5.052  cd=-10.324  reg=5.272  │  e+=-5.28(±0.407)  e-=+4.97(±0.020)  sep=43.2  │  fm_e=+5.0  fm=ON  fb=100%  │  ∇rw=3.24  ∇pol=5.63
[20:11:54] [ep24|s4490]  rw=-5.164  cd=-10.184  reg=5.021  │  e+=-4.97(±0.518)  e-=+5.02(±0.018)  sep=50.5  │  fm_e=+5.0  fm=ON  fb=100%  │  ∇rw=2.41  ∇pol=0.34
[20:12:39] [ep24|s4500]  rw=-4.887  cd=-9.454  reg=4.567  │  e+=-4.50(±0.612)  e-=+5.00(±0.015)  sep=60.6  │  fm_e=+5.0  fm=ON  fb=100%  │  ∇rw=2.83  ∇pol=0.60
[20:13:23] [ep24|s4510]  rw=-5.117  cd=-10.082  reg=4.964  │  e+=-4.86(±0.669)  e-=+5.06(±0.036)  sep=45.9  │  fm_e=+5.1  fm=ON  fb=100%  │  ∇rw=2.46  ∇pol=0.49
[20:14:08] [ep24|s4520]  rw=-5.002  cd=-9.905  reg=4.903  │  e+=-4.91(±0.398)  e-=+4.97(±0.025)  sep=33.3  │  fm_e=+5.0  fm=ON  fb=100%  │  ∇rw=2.76  ∇pol=0.31
[20:14:53] [ep24|s4530]  rw=-4.955  cd=-10.846  reg=5.891  │  e+=-5.72(±0.118)  e-=+5.12(±0.047)  sep=72.1  │  fm_e=+5.1  fm=ON  fb=100%  │  ∇rw=7.45  ∇pol=0.32
[20:15:37] [ep24|s4540]  rw=-4.784  cd=-10.987  reg=6.203  │  e+=-6.14(±0.557)  e-=+4.90(±0.049)  sep=33.6  │  fm_e=+4.9  fm=ON  fb=100%  │  ∇rw=17.70  ∇pol=0.40
[20:16:22] [ep24|s4550]  rw=-5.032  cd=-10.637  reg=5.606  │  e+=-5.69(±0.536)  e-=+4.83(±0.021)  sep=37.4  │  fm_e=+4.8  fm=ON  fb=100%  │  ∇rw=10.76  ∇pol=0.40
[20:17:06] [ep24|s4560]  rw=-5.002  cd=-9.315  reg=4.312  │  e+=-4.20(±0.376)  e-=+5.03(±0.012)  sep=39.3  │  fm_e=+5.0  fm=ON  fb=100%  │  ∇rw=11.27  ∇pol=0.43
[20:17:11] ══════════ VAL ep24 ══════════  ρ=+0.3076 (p=0.0000) [PASS ✓]  AUROC(E)=0.7360  ECE=0.7883  N=177
[20:17:14]   ckpt saved → ckpt_epoch0024.pt
[20:17:14] ──────────────────── Epoch 25/30 ────────────────────
[20:18:00] [ep25|s4570]  rw=-4.947  cd=-8.724  reg=3.776  │  e+=-3.79(±0.777)  e-=+4.77(±0.037)  sep=53.7  │  fm_e=+4.8  fm=ON  fb=100%  │  ∇rw=8.39  ∇pol=0.37
[20:18:44] [ep25|s4580]  rw=-4.952  cd=-9.653  reg=4.702  │  e+=-4.69(±0.551)  e-=+4.97(±0.019)  sep=45.1  │  fm_e=+5.0  fm=ON  fb=100%  │  ∇rw=3.26  ∇pol=0.32
[20:19:29] [ep25|s4590]  rw=-5.329  cd=-10.079  reg=4.750  │  e+=-4.63(±0.865)  e-=+5.03(±0.026)  sep=44.0  │  fm_e=+5.0  fm=ON  fb=100%  │  ∇rw=7.18  ∇pol=0.39
[20:20:13] [ep25|s4600]  rw=-4.927  cd=-9.766  reg=4.839  │  e+=-4.83(±0.604)  e-=+4.97(±0.017)  sep=36.3  │  fm_e=+5.0  fm=ON  fb=100%  │  ∇rw=3.52  ∇pol=0.47
[20:20:58] [ep25|s4610]  rw=-5.058  cd=-10.333  reg=5.275  │  e+=-5.27(±0.696)  e-=+4.92(±0.018)  sep=31.4  │  fm_e=+4.9  fm=ON  fb=100%  │  ∇rw=8.06  ∇pol=1.31
[20:21:43] [ep25|s4620]  rw=-4.966  cd=-9.308  reg=4.342  │  e+=-4.57(±0.204)  e-=+4.74(±0.120)  sep=48.8  │  fm_e=+4.7  fm=ON  fb=100%  │  ∇rw=12.90  ∇pol=0.59
[20:22:27] [ep25|s4630]  rw=-5.036  cd=-9.904  reg=4.869  │  e+=-4.82(±0.533)  e-=+5.01(±0.051)  sep=38.8  │  fm_e=+5.0  fm=ON  fb=100%  │  ∇rw=3.35  ∇pol=0.61
[20:23:11] [ep25|s4640]  rw=-5.032  cd=-10.240  reg=5.208  │  e+=-5.11(±0.793)  e-=+5.04(±0.045)  sep=37.8  │  fm_e=+5.0  fm=ON  fb=100%  │  ∇rw=2.94  ∇pol=0.23
[20:23:56] [ep25|s4650]  rw=-4.986  cd=-9.627  reg=4.640  │  e+=-4.67(±0.440)  e-=+4.94(±0.021)  sep=74.8  │  fm_e=+4.9  fm=ON  fb=100%  │  ∇rw=4.35  ∇pol=0.32
[20:24:40] [ep25|s4660]  rw=-4.988  cd=-9.333  reg=4.345  │  e+=-4.30(±0.573)  e-=+4.97(±0.036)  sep=39.4  │  fm_e=+5.0  fm=ON  fb=100%  │  ∇rw=4.18  ∇pol=0.47
[20:25:25] [ep25|s4670]  rw=-5.158  cd=-10.239  reg=5.081  │  e+=-5.06(±0.476)  e-=+5.00(±0.014)  sep=49.6  │  fm_e=+5.0  fm=ON  fb=100%  │  ∇rw=2.64  ∇pol=0.35
[20:26:10] [ep25|s4680]  rw=-4.966  cd=-10.786  reg=5.819  │  e+=-5.65(±0.358)  e-=+5.11(±0.032)  sep=38.5  │  fm_e=+5.1  fm=ON  fb=100%  │  ∇rw=55.32  ∇pol=0.21
[20:26:54] [ep25|s4690]  rw=-4.810  cd=-10.142  reg=5.333  │  e+=-5.22(±0.876)  e-=+5.03(±0.026)  sep=28.2  │  fm_e=+5.0  fm=ON  fb=100%  │  ∇rw=1.78  ∇pol=0.27
[20:27:38] [ep25|s4700]  rw=-4.936  cd=-9.726  reg=4.790  │  e+=-4.37(±1.418)  e-=+5.17(±0.013)  sep=29.2  │  fm_e=+5.2  fm=ON  fb=100%  │  ∇rw=8.20  ∇pol=0.31
[20:28:23] [ep25|s4710]  rw=-4.989  cd=-10.218  reg=5.229  │  e+=-5.20(±0.265)  e-=+5.01(±0.021)  sep=51.6  │  fm_e=+5.0  fm=ON  fb=100%  │  ∇rw=2.14  ∇pol=0.39
[20:29:07] [ep25|s4720]  rw=-5.038  cd=-10.643  reg=5.605  │  e+=-5.58(±0.393)  e-=+4.97(±0.021)  sep=51.7  │  fm_e=+5.0  fm=ON  fb=100%  │  ∇rw=7.14  ∇pol=0.21
[20:29:52] [ep25|s4730]  rw=-5.234  cd=-9.934  reg=4.700  │  e+=-4.71(±1.018)  e-=+4.87(±0.016)  sep=42.9  │  fm_e=+4.9  fm=ON  fb=100%  │  ∇rw=4.63  ∇pol=0.28
[20:30:37] [ep25|s4740]  rw=-5.074  cd=-10.134  reg=5.060  │  e+=-5.05(±0.340)  e-=+5.00(±0.017)  sep=39.4  │  fm_e=+5.0  fm=ON  fb=100%  │  ∇rw=2.20  ∇pol=0.31
[20:31:21] [ep25|s4750]  rw=-4.912  cd=-10.861  reg=5.950  │  e+=-5.84(±0.245)  e-=+5.03(±0.013)  sep=43.9  │  fm_e=+5.0  fm=ON  fb=100%  │  ∇rw=4.60  ∇pol=0.51
[20:31:23] ══════════ VAL ep25 ══════════  ρ=+0.2493 (p=0.0008) [PASS ✓]  AUROC(E)=0.6984  ECE=0.7922  N=177
[20:31:26]   ckpt saved → ckpt_epoch0025.pt
[20:31:26] ──────────────────── Epoch 26/30 ────────────────────
[20:32:11] [ep26|s4760]  rw=-3.972  cd=-6.652  reg=2.680  │  e+=-3.92(±1.728)  e-=+2.88(±0.041)  sep=32.0  │  fm_e=+2.9  fm=ON  fb=100%  │  ∇rw=48.28  ∇pol=19.41
[20:32:55] [ep26|s4770]  rw=-5.093  cd=-9.836  reg=4.743  │  e+=-4.87(±0.767)  e-=+4.80(±0.043)  sep=46.3  │  fm_e=+4.8  fm=ON  fb=100%  │  ∇rw=5.83  ∇pol=0.39
[20:33:40] [ep26|s4780]  rw=-5.009  cd=-10.387  reg=5.378  │  e+=-5.31(±0.828)  e-=+4.98(±0.029)  sep=31.8  │  fm_e=+5.0  fm=ON  fb=100%  │  ∇rw=3.99  ∇pol=0.33
[20:34:24] [ep26|s4790]  rw=-4.975  cd=-10.195  reg=5.220  │  e+=-5.21(±0.527)  e-=+4.98(±0.039)  sep=35.3  │  fm_e=+5.0  fm=ON  fb=100%  │  ∇rw=2.45  ∇pol=0.32
[20:35:09] [ep26|s4800]  rw=-5.124  cd=-9.737  reg=4.612  │  e+=-4.54(±0.764)  e-=+4.99(±0.038)  sep=48.4  │  fm_e=+5.0  fm=ON  fb=100%  │  ∇rw=3.27  ∇pol=0.34
[20:35:54] [ep26|s4810]  rw=-4.790  cd=-9.960  reg=5.170  │  e+=-5.13(±0.740)  e-=+4.98(±0.035)  sep=44.7  │  fm_e=+5.0  fm=ON  fb=100%  │  ∇rw=2.35  ∇pol=0.28
[20:36:39] [ep26|s4820]  rw=-4.969  cd=-10.509  reg=5.540  │  e+=-5.41(±0.476)  e-=+5.09(±0.030)  sep=41.7  │  fm_e=+5.1  fm=ON  fb=100%  │  ∇rw=5.65  ∇pol=0.44
[20:37:23] [ep26|s4830]  rw=-5.063  cd=-9.783  reg=4.720  │  e+=-4.58(±0.468)  e-=+5.10(±0.021)  sep=60.0  │  fm_e=+5.1  fm=ON  fb=100%  │  ∇rw=4.50  ∇pol=0.44
[20:38:08] [ep26|s4840]  rw=-5.105  cd=-10.212  reg=5.107  │  e+=-5.03(±0.743)  e-=+5.02(±0.037)  sep=32.0  │  fm_e=+5.0  fm=ON  fb=100%  │  ∇rw=3.29  ∇pol=0.47
[20:38:53] [ep26|s4850]  rw=-4.971  cd=-9.553  reg=4.582  │  e+=-4.50(±0.785)  e-=+4.99(±0.025)  sep=42.4  │  fm_e=+5.0  fm=ON  fb=100%  │  ∇rw=3.46  ∇pol=0.69
[20:39:38] [ep26|s4860]  rw=-5.064  cd=-9.515  reg=4.451  │  e+=-4.43(±0.783)  e-=+4.93(±0.028)  sep=31.1  │  fm_e=+4.9  fm=ON  fb=100%  │  ∇rw=6.18  ∇pol=0.56
[20:40:22] [ep26|s4870]  rw=-5.105  cd=-9.555  reg=4.450  │  e+=-4.44(±0.378)  e-=+4.96(±0.015)  sep=59.9  │  fm_e=+5.0  fm=ON  fb=100%  │  ∇rw=2.73  ∇pol=0.43
[20:41:07] [ep26|s4880]  rw=-5.049  cd=-10.402  reg=5.352  │  e+=-5.35(±0.257)  e-=+4.98(±0.017)  sep=41.4  │  fm_e=+5.0  fm=ON  fb=100%  │  ∇rw=2.33  ∇pol=0.28
[20:41:52] [ep26|s4890]  rw=-4.886  cd=-10.710  reg=5.824  │  e+=-5.70(±0.476)  e-=+5.06(±0.021)  sep=51.3  │  fm_e=+5.1  fm=ON  fb=100%  │  ∇rw=7.47  ∇pol=0.43
[20:42:36] [ep26|s4900]  rw=-4.975  cd=-9.568  reg=4.592  │  e+=-4.51(±0.309)  e-=+5.05(±0.029)  sep=32.9  │  fm_e=+5.1  fm=ON  fb=100%  │  ∇rw=6.60  ∇pol=0.39
[20:43:21] [ep26|s4910]  rw=-5.007  cd=-10.197  reg=5.190  │  e+=-5.12(±0.423)  e-=+5.04(±0.017)  sep=37.9  │  fm_e=+5.0  fm=ON  fb=100%  │  ∇rw=3.38  ∇pol=0.62
[20:44:06] [ep26|s4920]  rw=-4.881  cd=-9.202  reg=4.321  │  e+=-4.24(±0.298)  e-=+5.01(±0.028)  sep=48.8  │  fm_e=+5.0  fm=ON  fb=100%  │  ∇rw=4.58  ∇pol=0.37
[20:44:51] [ep26|s4930]  rw=-4.810  cd=-8.711  reg=3.902  │  e+=-3.75(±0.622)  e-=+4.95(±0.051)  sep=42.9  │  fm_e=+5.0  fm=ON  fb=100%  │  ∇rw=10.93  ∇pol=0.36
[20:45:35] [ep26|s4940]  rw=-5.055  cd=-10.045  reg=4.990  │  e+=-5.05(±0.193)  e-=+4.93(±0.044)  sep=57.6  │  fm_e=+4.9  fm=ON  fb=100%  │  ∇rw=2.23  ∇pol=0.30
[20:45:37] ══════════ VAL ep26 ══════════  ρ=+0.3359 (p=0.0000) [PASS ✓]  AUROC(E)=0.6978  ECE=0.7922  N=177 ◀ BEST
[20:45:41]   ckpt saved → ckpt_epoch0026.pt
[20:45:41] ──────────────────── Epoch 27/30 ────────────────────
[20:46:26] [ep27|s4950]  rw=-5.471  cd=-10.285  reg=4.813  │  e+=-4.46(±1.058)  e-=+5.20(±0.029)  sep=46.8  │  fm_e=+5.2  fm=ON  fb=100%  │  ∇rw=6.93  ∇pol=0.62
[20:47:10] [ep27|s4960]  rw=-5.012  cd=-10.032  reg=5.020  │  e+=-5.07(±1.020)  e-=+4.84(±0.017)  sep=49.5  │  fm_e=+4.8  fm=ON  fb=100%  │  ∇rw=4.12  ∇pol=0.40
[20:47:55] [ep27|s4970]  rw=-5.059  cd=-9.114  reg=4.055  │  e+=-3.96(±0.307)  e-=+4.98(±0.027)  sep=38.5  │  fm_e=+5.0  fm=ON  fb=100%  │  ∇rw=9.54  ∇pol=0.23
[20:48:39] [ep27|s4980]  rw=-5.039  cd=-10.521  reg=5.482  │  e+=-5.38(±0.759)  e-=+5.02(±0.063)  sep=29.3  │  fm_e=+5.0  fm=ON  fb=100%  │  ∇rw=3.30  ∇pol=0.47
[20:49:23] [ep27|s4990]  rw=-5.075  cd=-9.463  reg=4.388  │  e+=-4.43(±0.798)  e-=+4.86(±0.014)  sep=38.4  │  fm_e=+4.9  fm=ON  fb=100%  │  ∇rw=12.29  ∇pol=0.50
[20:50:08] [ep27|s5000]  rw=-5.103  cd=-9.705  reg=4.602  │  e+=-4.54(±0.460)  e-=+5.01(±0.025)  sep=40.0  │  fm_e=+5.0  fm=ON  fb=100%  │  ∇rw=2.13  ∇pol=0.51
[20:50:52] [ep27|s5010]  rw=-5.119  cd=-10.426  reg=5.307  │  e+=-5.30(±0.371)  e-=+4.98(±0.029)  sep=42.4  │  fm_e=+5.0  fm=ON  fb=100%  │  ∇rw=2.99  ∇pol=0.26
[20:51:37] [ep27|s5020]  rw=-5.060  cd=-10.549  reg=5.490  │  e+=-5.32(±0.396)  e-=+5.14(±0.013)  sep=34.7  │  fm_e=+5.1  fm=ON  fb=100%  │  ∇rw=6.03  ∇pol=0.24
[20:52:21] [ep27|s5030]  rw=-4.989  cd=-10.058  reg=5.069  │  e+=-5.08(±0.236)  e-=+4.99(±0.021)  sep=52.1  │  fm_e=+5.0  fm=ON  fb=100%  │  ∇rw=3.46  ∇pol=0.30
[20:53:06] [ep27|s5040]  rw=-5.175  cd=-10.579  reg=5.404  │  e+=-5.34(±0.777)  e-=+4.99(±0.020)  sep=46.1  │  fm_e=+5.0  fm=ON  fb=100%  │  ∇rw=3.17  ∇pol=0.33
[20:53:51] [ep27|s5050]  rw=-4.668  cd=-9.548  reg=4.880  │  e+=-4.81(±1.041)  e-=+4.96(±0.038)  sep=43.1  │  fm_e=+5.0  fm=ON  fb=100%  │  ∇rw=3.18  ∇pol=0.32
[20:54:35] [ep27|s5060]  rw=-5.029  cd=-9.888  reg=4.860  │  e+=-4.86(±0.321)  e-=+4.99(±0.012)  sep=64.9  │  fm_e=+5.0  fm=ON  fb=100%  │  ∇rw=1.04  ∇pol=0.38
[20:55:19] [ep27|s5070]  rw=-5.018  cd=-10.510  reg=5.491  │  e+=-5.46(±0.534)  e-=+4.98(±0.016)  sep=56.9  │  fm_e=+5.0  fm=ON  fb=100%  │  ∇rw=1.77  ∇pol=0.43
[20:56:04] [ep27|s5080]  rw=-5.024  cd=-10.530  reg=5.506  │  e+=-5.53(±0.283)  e-=+4.94(±0.017)  sep=53.4  │  fm_e=+4.9  fm=ON  fb=100%  │  ∇rw=4.43  ∇pol=0.45
[20:56:48] [ep27|s5090]  rw=-4.989  cd=-10.030  reg=5.041  │  e+=-4.93(±0.916)  e-=+5.03(±0.024)  sep=34.4  │  fm_e=+5.0  fm=ON  fb=100%  │  ∇rw=2.80  ∇pol=0.34
[20:57:33] [ep27|s5100]  rw=-4.887  cd=-11.107  reg=6.221  │  e+=-6.06(±0.320)  e-=+5.03(±0.015)  sep=52.5  │  fm_e=+5.0  fm=ON  fb=100%  │  ∇rw=12.38  ∇pol=0.30
[20:58:18] [ep27|s5110]  rw=-4.986  cd=-10.001  reg=5.015  │  e+=-5.00(±0.297)  e-=+5.01(±0.021)  sep=67.4  │  fm_e=+5.0  fm=ON  fb=100%  │  ∇rw=1.73  ∇pol=0.41
[20:59:03] [ep27|s5120]  rw=-4.952  cd=-9.426  reg=4.474  │  e+=-4.58(±0.212)  e-=+4.87(±0.018)  sep=48.0  │  fm_e=+4.9  fm=ON  fb=100%  │  ∇rw=6.29  ∇pol=0.43
[20:59:47] [ep27|s5130]  rw=-4.985  cd=-10.040  reg=5.055  │  e+=-5.00(±0.420)  e-=+5.03(±0.023)  sep=39.3  │  fm_e=+5.0  fm=ON  fb=100%  │  ∇rw=3.40  ∇pol=0.45
[20:59:48] ══════════ VAL ep27 ══════════  ρ=+0.3110 (p=0.0000) [PASS ✓]  AUROC(E)=0.6691  ECE=0.7946  N=177
[20:59:51]   ckpt saved → ckpt_epoch0027.pt
[20:59:51] ──────────────────── Epoch 28/30 ────────────────────
[21:00:36] [ep28|s5140]  rw=-5.045  cd=-9.840  reg=4.795  │  e+=-4.79(±0.207)  e-=+5.00(±0.036)  sep=61.9  │  fm_e=+5.0  fm=ON  fb=100%  │  ∇rw=1.28  ∇pol=0.28
[21:01:20] [ep28|s5150]  rw=-4.824  cd=-8.964  reg=4.140  │  e+=-4.04(±0.141)  e-=+5.01(±0.024)  sep=60.2  │  fm_e=+5.0  fm=ON  fb=100%  │  ∇rw=6.64  ∇pol=0.28
[21:02:05] [ep28|s5160]  rw=-5.015  cd=-10.056  reg=5.041  │  e+=-5.03(±0.382)  e-=+5.00(±0.023)  sep=58.8  │  fm_e=+5.0  fm=ON  fb=100%  │  ∇rw=1.12  ∇pol=0.42
[21:02:50] [ep28|s5170]  rw=-5.461  cd=-10.551  reg=5.090  │  e+=-5.03(±0.831)  e-=+4.99(±0.027)  sep=34.6  │  fm_e=+5.0  fm=ON  fb=100%  │  ∇rw=8.00  ∇pol=0.57
[21:03:35] [ep28|s5180]  rw=-4.942  cd=-9.644  reg=4.702  │  e+=-4.74(±0.349)  e-=+4.94(±0.017)  sep=48.9  │  fm_e=+4.9  fm=ON  fb=100%  │  ∇rw=2.47  ∇pol=0.56
[21:04:19] [ep28|s5190]  rw=-4.983  cd=-10.420  reg=5.437  │  e+=-5.22(±1.191)  e-=+5.07(±0.052)  sep=32.3  │  fm_e=+5.1  fm=ON  fb=100%  │  ∇rw=9.47  ∇pol=0.40
[21:05:04] [ep28|s5200]  rw=-4.983  cd=-9.951  reg=4.968  │  e+=-4.94(±0.404)  e-=+5.01(±0.024)  sep=28.6  │  fm_e=+5.0  fm=ON  fb=100%  │  ∇rw=2.04  ∇pol=0.46
[21:05:48] [ep28|s5210]  rw=-4.940  cd=-9.858  reg=4.918  │  e+=-4.89(±0.691)  e-=+4.98(±0.019)  sep=38.7  │  fm_e=+5.0  fm=ON  fb=100%  │  ∇rw=3.34  ∇pol=0.69
[21:06:33] [ep28|s5220]  rw=-4.994  cd=-9.583  reg=4.589  │  e+=-4.53(±0.262)  e-=+5.03(±0.024)  sep=48.0  │  fm_e=+5.0  fm=ON  fb=100%  │  ∇rw=6.84  ∇pol=0.28
[21:07:18] [ep28|s5230]  rw=-5.072  cd=-10.263  reg=5.191  │  e+=-5.18(±0.400)  e-=+4.99(±0.025)  sep=45.5  │  fm_e=+5.0  fm=ON  fb=100%  │  ∇rw=1.32  ∇pol=0.38
[21:08:02] [ep28|s5240]  rw=-4.951  cd=-10.350  reg=5.399  │  e+=-5.29(±0.391)  e-=+5.08(±0.070)  sep=62.3  │  fm_e=+5.1  fm=ON  fb=100%  │  ∇rw=4.70  ∇pol=0.28
[21:08:46] [ep28|s5250]  rw=-5.209  cd=-10.041  reg=4.833  │  e+=-4.75(±0.878)  e-=+5.00(±0.021)  sep=45.6  │  fm_e=+5.0  fm=ON  fb=100%  │  ∇rw=1.23  ∇pol=0.42
[21:09:31] [ep28|s5260]  rw=-4.964  cd=-10.579  reg=5.614  │  e+=-5.43(±0.679)  e-=+5.12(±0.021)  sep=34.0  │  fm_e=+5.1  fm=ON  fb=100%  │  ∇rw=4.79  ∇pol=0.36
[21:10:16] [ep28|s5270]  rw=-4.904  cd=-11.052  reg=6.147  │  e+=-5.94(±0.229)  e-=+5.11(±0.020)  sep=49.7  │  fm_e=+5.1  fm=ON  fb=100%  │  ∇rw=6.15  ∇pol=0.59
[21:11:01] [ep28|s5280]  rw=-5.282  cd=-10.098  reg=4.816  │  e+=-4.78(±0.717)  e-=+4.98(±0.026)  sep=34.9  │  fm_e=+5.0  fm=ON  fb=100%  │  ∇rw=7.97  ∇pol=0.37
[21:11:45] [ep28|s5290]  rw=-4.701  cd=-9.995  reg=5.294  │  e+=-5.27(±0.572)  e-=+4.98(±0.012)  sep=42.6  │  fm_e=+5.0  fm=ON  fb=100%  │  ∇rw=6.35  ∇pol=0.45
[21:12:29] [ep28|s5300]  rw=-5.071  cd=-10.552  reg=5.481  │  e+=-5.31(±0.312)  e-=+5.15(±0.036)  sep=47.1  │  fm_e=+5.2  fm=ON  fb=100%  │  ∇rw=5.45  ∇pol=0.46
[21:13:14] [ep28|s5310]  rw=-5.146  cd=-10.065  reg=4.919  │  e+=-4.90(±0.344)  e-=+5.00(±0.026)  sep=63.3  │  fm_e=+5.0  fm=ON  fb=100%  │  ∇rw=2.56  ∇pol=0.49
[21:13:58] [ep28|s5320]  rw=-5.030  cd=-10.027  reg=4.997  │  e+=-4.96(±0.421)  e-=+5.02(±0.022)  sep=40.2  │  fm_e=+5.0  fm=ON  fb=100%  │  ∇rw=1.73  ∇pol=0.69
[21:14:00] ══════════ VAL ep28 ══════════  ρ=+0.2261 (p=0.0025) [PASS ✓]  AUROC(E)=0.7059  ECE=0.7938  N=177
[21:14:03]   ckpt saved → ckpt_epoch0028.pt
[21:14:03] ──────────────────── Epoch 29/30 ────────────────────
[21:14:48] [ep29|s5330]  rw=-4.940  cd=-9.855  reg=4.916  │  e+=-4.91(±0.738)  e-=+4.95(±0.027)  sep=36.9  │  fm_e=+4.9  fm=ON  fb=100%  │  ∇rw=5.22  ∇pol=0.47
[21:15:32] [ep29|s5340]  rw=-5.138  cd=-10.126  reg=4.988  │  e+=-4.94(±0.638)  e-=+5.01(±0.019)  sep=31.0  │  fm_e=+5.0  fm=ON  fb=100%  │  ∇rw=1.04  ∇pol=0.48
[21:16:17] [ep29|s5350]  rw=-4.867  cd=-10.020  reg=5.152  │  e+=-5.09(±0.532)  e-=+5.03(±0.024)  sep=31.1  │  fm_e=+5.0  fm=ON  fb=100%  │  ∇rw=3.57  ∇pol=0.68
[21:17:01] [ep29|s5360]  rw=-5.093  cd=-10.317  reg=5.224  │  e+=-5.23(±0.375)  e-=+4.98(±0.022)  sep=31.3  │  fm_e=+5.0  fm=ON  fb=100%  │  ∇rw=3.28  ∇pol=0.38
[21:17:46] [ep29|s5370]  rw=-5.092  cd=-10.538  reg=5.447  │  e+=-5.42(±0.478)  e-=+4.99(±0.013)  sep=42.8  │  fm_e=+5.0  fm=ON  fb=100%  │  ∇rw=6.26  ∇pol=0.30
[21:18:31] [ep29|s5380]  rw=-4.798  cd=-9.084  reg=4.287  │  e+=-4.10(±0.751)  e-=+5.04(±0.016)  sep=38.4  │  fm_e=+5.0  fm=ON  fb=100%  │  ∇rw=2.62  ∇pol=0.41
[21:19:15] [ep29|s5390]  rw=-4.971  cd=-10.494  reg=5.523  │  e+=-5.47(±0.062)  e-=+5.03(±0.030)  sep=92.2  │  fm_e=+5.0  fm=ON  fb=100%  │  ∇rw=3.76  ∇pol=0.35
[21:20:00] [ep29|s5400]  rw=-4.969  cd=-10.012  reg=5.043  │  e+=-5.02(±0.276)  e-=+5.01(±0.030)  sep=60.5  │  fm_e=+5.0  fm=ON  fb=100%  │  ∇rw=1.59  ∇pol=0.43
[21:20:45] [ep29|s5410]  rw=-5.137  cd=-9.889  reg=4.752  │  e+=-4.74(±0.622)  e-=+4.96(±0.020)  sep=40.2  │  fm_e=+5.0  fm=ON  fb=100%  │  ∇rw=2.54  ∇pol=0.33
[21:21:29] [ep29|s5420]  rw=-4.937  cd=-10.072  reg=5.135  │  e+=-5.00(±0.640)  e-=+5.10(±0.019)  sep=38.1  │  fm_e=+5.1  fm=ON  fb=100%  │  ∇rw=3.83  ∇pol=0.36
[21:22:14] [ep29|s5430]  rw=-4.974  cd=-9.946  reg=4.972  │  e+=-4.94(±0.475)  e-=+5.01(±0.019)  sep=38.9  │  fm_e=+5.0  fm=ON  fb=100%  │  ∇rw=1.96  ∇pol=0.43
[21:22:58] [ep29|s5440]  rw=-4.853  cd=-10.021  reg=5.168  │  e+=-5.11(±0.931)  e-=+4.97(±0.021)  sep=34.1  │  fm_e=+5.0  fm=ON  fb=100%  │  ∇rw=1.48  ∇pol=0.33
[21:23:43] [ep29|s5450]  rw=-5.067  cd=-10.347  reg=5.280  │  e+=-5.24(±0.513)  e-=+5.01(±0.029)  sep=44.9  │  fm_e=+5.0  fm=ON  fb=100%  │  ∇rw=2.05  ∇pol=0.34
[21:24:27] [ep29|s5460]  rw=-5.107  cd=-9.912  reg=4.805  │  e+=-5.52(±0.543)  e-=+4.16(±0.033)  sep=39.4  │  fm_e=+4.2  fm=ON  fb=100%  │  ∇rw=16.88  ∇pol=0.74
[21:25:12] [ep29|s5470]  rw=-4.961  cd=-9.812  reg=4.851  │  e+=-4.77(±0.274)  e-=+5.07(±0.034)  sep=47.9  │  fm_e=+5.1  fm=ON  fb=100%  │  ∇rw=4.71  ∇pol=0.47
[21:25:57] [ep29|s5480]  rw=-4.993  cd=-9.578  reg=4.585  │  e+=-4.60(±0.635)  e-=+4.92(±0.057)  sep=38.6  │  fm_e=+4.9  fm=ON  fb=100%  │  ∇rw=1.95  ∇pol=0.42
[21:26:42] [ep29|s5490]  rw=-5.018  cd=-9.635  reg=4.617  │  e+=-4.69(±0.380)  e-=+4.90(±0.048)  sep=53.6  │  fm_e=+4.9  fm=ON  fb=100%  │  ∇rw=3.82  ∇pol=0.47
[21:27:27] [ep29|s5500]  rw=-5.136  cd=-10.345  reg=5.209  │  e+=-5.15(±0.501)  e-=+5.02(±0.031)  sep=44.0  │  fm_e=+5.0  fm=ON  fb=100%  │  ∇rw=4.99  ∇pol=0.38
[21:28:12] [ep29|s5510]  rw=-5.558  cd=-10.570  reg=5.012  │  e+=-4.68(±1.468)  e-=+5.11(±0.022)  sep=24.6  │  fm_e=+5.1  fm=ON  fb=100%  │  ∇rw=9.49  ∇pol=0.37
[21:28:15] ══════════ VAL ep29 ══════════  ρ=+0.1745 (p=0.0202) [PASS ✓]  AUROC(E)=0.6408  ECE=0.7700  N=177
[21:28:16]   ckpt saved → ckpt_epoch0029.pt
[21:28:16] ──────────────────── Epoch 30/30 ────────────────────
[21:29:01] [ep30|s5520]  rw=-4.905  cd=-10.058  reg=5.153  │  e+=-5.03(±0.801)  e-=+5.06(±0.037)  sep=33.1  │  fm_e=+5.1  fm=ON  fb=100%  │  ∇rw=2.01  ∇pol=0.40
[21:29:46] [ep30|s5530]  rw=-4.926  cd=-9.486  reg=4.559  │  e+=-4.60(±0.452)  e-=+4.92(±0.025)  sep=38.1  │  fm_e=+4.9  fm=ON  fb=100%  │  ∇rw=4.51  ∇pol=0.61
[21:30:31] [ep30|s5540]  rw=-5.052  cd=-9.354  reg=4.302  │  e+=-4.41(±0.754)  e-=+4.79(±0.028)  sep=25.1  │  fm_e=+4.8  fm=ON  fb=100%  │  ∇rw=6.88  ∇pol=0.58
[21:31:16] [ep30|s5550]  rw=-5.037  cd=-10.254  reg=5.217  │  e+=-5.22(±0.465)  e-=+4.97(±0.039)  sep=50.2  │  fm_e=+5.0  fm=ON  fb=100%  │  ∇rw=2.47  ∇pol=0.44
[21:32:01] [ep30|s5560]  rw=-4.882  cd=-10.428  reg=5.547  │  e+=-5.52(±0.344)  e-=+4.99(±0.026)  sep=91.2  │  fm_e=+5.0  fm=ON  fb=100%  │  ∇rw=2.62  ∇pol=0.48
[21:32:45] [ep30|s5570]  rw=-5.062  cd=-9.995  reg=4.932  │  e+=-4.96(±0.237)  e-=+4.97(±0.029)  sep=85.9  │  fm_e=+5.0  fm=ON  fb=100%  │  ∇rw=4.06  ∇pol=0.52
[21:33:30] [ep30|s5580]  rw=-5.062  cd=-10.253  reg=5.191  │  e+=-5.14(±0.489)  e-=+5.02(±0.021)  sep=41.5  │  fm_e=+5.0  fm=ON  fb=100%  │  ∇rw=2.45  ∇pol=0.62
[21:34:14] [ep30|s5590]  rw=-4.969  cd=-10.110  reg=5.140  │  e+=-5.15(±0.494)  e-=+4.95(±0.034)  sep=40.3  │  fm_e=+4.9  fm=ON  fb=100%  │  ∇rw=5.48  ∇pol=0.51
[21:34:59] [ep30|s5600]  rw=-5.138  cd=-10.069  reg=4.931  │  e+=-4.88(±0.773)  e-=+4.99(±0.051)  sep=43.2  │  fm_e=+5.0  fm=ON  fb=100%  │  ∇rw=2.68  ∇pol=0.34
[21:35:44] [ep30|s5610]  rw=-5.216  cd=-9.762  reg=4.546  │  e+=-4.72(±0.528)  e-=+4.79(±0.042)  sep=56.3  │  fm_e=+4.8  fm=ON  fb=100%  │  ∇rw=7.91  ∇pol=0.50
[21:36:28] [ep30|s5620]  rw=-4.853  cd=-8.867  reg=4.014  │  e+=-3.75(±0.561)  e-=+5.07(±0.036)  sep=53.9  │  fm_e=+5.1  fm=ON  fb=100%  │  ∇rw=6.11  ∇pol=0.66
[21:37:13] [ep30|s5630]  rw=-5.079  cd=-10.538  reg=5.459  │  e+=-5.33(±0.593)  e-=+5.09(±0.024)  sep=28.5  │  fm_e=+5.1  fm=ON  fb=100%  │  ∇rw=6.19  ∇pol=0.54
[21:37:58] [ep30|s5640]  rw=-4.998  cd=-10.165  reg=5.167  │  e+=-5.35(±0.631)  e-=+4.76(±0.028)  sep=43.7  │  fm_e=+4.8  fm=ON  fb=100%  │  ∇rw=9.07  ∇pol=0.34
[21:38:42] [ep30|s5650]  rw=-5.035  cd=-10.530  reg=5.495  │  e+=-5.45(±0.732)  e-=+4.97(±0.025)  sep=36.3  │  fm_e=+5.0  fm=ON  fb=100%  │  ∇rw=5.42  ∇pol=0.55
[21:39:27] [ep30|s5660]  rw=-5.085  cd=-9.824  reg=4.739  │  e+=-4.65(±0.759)  e-=+5.01(±0.021)  sep=38.9  │  fm_e=+5.0  fm=ON  fb=100%  │  ∇rw=3.20  ∇pol=0.68
[21:40:11] [ep30|s5670]  rw=-5.034  cd=-9.986  reg=4.952  │  e+=-4.96(±0.352)  e-=+4.97(±0.024)  sep=39.8  │  fm_e=+5.0  fm=ON  fb=100%  │  ∇rw=1.78  ∇pol=0.39
[21:40:56] [ep30|s5680]  rw=-5.252  cd=-10.707  reg=5.455  │  e+=-5.18(±0.686)  e-=+5.22(±0.016)  sep=44.1  │  fm_e=+5.2  fm=ON  fb=100%  │  ∇rw=5.01  ∇pol=0.50
[21:41:40] [ep30|s5690]  rw=-5.012  cd=-9.433  reg=4.421  │  e+=-4.44(±0.604)  e-=+4.91(±0.021)  sep=41.4  │  fm_e=+4.9  fm=ON  fb=100%  │  ∇rw=6.52  ∇pol=0.62
[21:42:25] [ep30|s5700]  rw=-4.964  cd=-10.321  reg=5.357  │  e+=-5.34(±0.152)  e-=+5.00(±0.014)  sep=51.8  │  fm_e=+5.0  fm=ON  fb=100%  │  ∇rw=0.98  ∇pol=0.54
[21:42:27] ══════════ VAL ep30 ══════════  ρ=+0.2592 (p=0.0005) [PASS ✓]  AUROC(E)=0.6713  ECE=0.7910  N=177
[21:42:28]   ckpt saved → ckpt_epoch0030.pt
