[13:53:07] ──────────────────── Epoch 01/30 ────────────────────
[13:54:09] [ep01|s0010]  rw=-4.951  cd=-11.084  reg=6.133  │  e+=-5.76(±0.231)  e-=+5.30(±0.013)  sep=-1.0  │  fm_e=-5.9  fm=off  │  ∇rw=4.83  ∇pol=1.63
[13:55:09] [ep01|s0020]  rw=-3.291  cd=-7.413  reg=4.122  │  e+=-3.28(±3.148)  e-=+4.44(±0.021)  sep=-1.0  │  fm_e=+1.3  fm=off  │  ∇rw=37.96  ∇pol=7.09
[13:56:10] [ep01|s0030]  rw=-4.932  cd=-10.062  reg=5.130  │  e+=-5.04(±0.462)  e-=+5.00(±0.015)  sep=-1.0  │  fm_e=-7.1  fm=off  │  ∇rw=8.95  ∇pol=2.67
[13:56:59] ══════════ VAL ep01 ══════════  ρ=-0.0271 (p=0.7201) [FAIL ✗]  AUROC(E)=0.5046  ECE=0.7949  N=177 ◀ BEST
[13:57:02]   ckpt saved → ckpt_epoch0001.pt
[13:57:02] ──────────────────── Epoch 02/30 ────────────────────
[13:57:15] [ep02|s0040]  rw=-4.956  cd=-9.606  reg=4.650  │  e+=-4.60(±0.156)  e-=+5.02(±0.029)  sep=-1.0  │  fm_e=-5.2  fm=off  │  ∇rw=5.64  ∇pol=2.81
[13:58:16] [ep02|s0050]  rw=-4.186  cd=-10.179  reg=5.992  │  e+=-5.79(±1.261)  e-=+4.98(±0.005)  sep=-1.0  │  fm_e=-13.4  fm=off  │  ∇rw=13.64  ∇pol=1.11
[13:59:16] [ep02|s0060]  rw=-4.425  cd=-9.972  reg=5.547  │  e+=-5.47(±1.452)  e-=+4.81(±0.013)  sep=-1.0  │  fm_e=-6.1  fm=off  │  ∇rw=11.26  ∇pol=1.98
[14:00:17] [ep02|s0070]  rw=-4.990  cd=-9.957  reg=4.967  │  e+=-4.94(±0.266)  e-=+5.02(±0.007)  sep=-1.0  │  fm_e=-4.9  fm=off  │  ∇rw=1.36  ∇pol=1.85
[14:00:54] ══════════ VAL ep02 ══════════  ρ=-0.0918 (p=0.2244) [FAIL ✗]  AUROC(E)=0.4782  ECE=0.7418  N=177
[14:00:57]   ckpt saved → ckpt_epoch0002.pt
[14:00:57] ──────────────────── Epoch 03/30 ────────────────────
[14:01:21] [ep03|s0080]  rw=-4.868  cd=-9.968  reg=5.100  │  e+=-5.30(±0.729)  e-=+4.72(±0.020)  sep=-1.0  │  fm_e=-5.2  fm=off  │  ∇rw=5.43  ∇pol=1.12
[14:02:22] [ep03|s0090]  rw=-5.001  cd=-9.585  reg=4.584  │  e+=-4.87(±0.211)  e-=+4.69(±0.004)  sep=-1.0  │  fm_e=-5.1  fm=off  │  ∇rw=2.98  ∇pol=2.04
[14:03:23] [ep03|s0100]  rw=-4.808  cd=-9.741  reg=4.933  │  e+=-5.01(±0.766)  e-=+4.84(±0.013)  sep=-1.0  │  fm_e=-6.4  fm=off  │  ∇rw=5.97  ∇pol=1.70
[14:04:23] [ep03|s0110]  rw=-4.966  cd=-9.931  reg=4.965  │  e+=-4.96(±0.145)  e-=+5.00(±0.008)  sep=-1.0  │  fm_e=-5.7  fm=off  │  ∇rw=0.84  ∇pol=1.94
[14:04:48] ══════════ VAL ep03 ══════════  ρ=+0.1074 (p=0.1548) [FAIL ✗]  AUROC(E)=0.4997  ECE=0.7946  N=177 ◀ BEST
[14:04:50]   ckpt saved → ckpt_epoch0003.pt
[14:04:50] ──────────────────── Epoch 04/30 ────────────────────
[14:05:27] [ep04|s0120]  rw=-5.006  cd=-9.868  reg=4.862  │  e+=-4.82(±0.144)  e-=+5.03(±0.005)  sep=-1.0  │  fm_e=-5.0  fm=off  │  ∇rw=1.79  ∇pol=1.16
[14:06:27] [ep04|s0130]  rw=-3.549  cd=-9.707  reg=6.158  │  e+=-2.31(±1.071)  e-=+7.39(±0.016)  sep=-1.0  │  fm_e=-6.9  fm=off  │  ∇rw=46.75  ∇pol=2.25
[14:07:28] [ep04|s0140]  rw=-4.906  cd=-9.314  reg=4.408  │  e+=-4.98(±0.372)  e-=+4.37(±0.102)  sep=-1.0  │  fm_e=-10.3  fm=off  │  ∇rw=14.18  ∇pol=2.59
[14:08:29] [ep04|s0150]  rw=-4.716  cd=-11.128  reg=6.412  │  e+=-6.36(±0.593)  e-=+4.83(±0.018)  sep=-1.0  │  fm_e=-6.6  fm=off  │  ∇rw=13.87  ∇pol=0.92
[14:08:41] ══════════ VAL ep04 ══════════  ρ=+0.0452 (p=0.5499) [FAIL ✗]  AUROC(E)=0.5075  ECE=0.7788  N=177
[14:08:43]   ckpt saved → ckpt_epoch0004.pt
[14:08:43] ──────────────────── Epoch 05/30 ────────────────────
[14:09:32] [ep05|s0160]  rw=-4.843  cd=-9.672  reg=4.829  │  e+=-4.44(±0.652)  e-=+5.28(±0.011)  sep=-1.0  │  fm_e=-5.4  fm=off  │  ∇rw=9.06  ∇pol=0.71
[14:10:33] [ep05|s0170]  rw=-5.305  cd=-10.082  reg=4.777  │  e+=-4.57(±1.614)  e-=+4.92(±0.010)  sep=-1.0  │  fm_e=-5.6  fm=off  │  ∇rw=4.75  ∇pol=0.89
[14:11:33] [ep05|s0180]  rw=-4.931  cd=-9.433  reg=4.502  │  e+=-5.03(±0.254)  e-=+4.40(±0.004)  sep=-1.0  │  fm_e=-5.3  fm=off  │  ∇rw=5.92  ∇pol=0.69
[14:12:34] [ep05|s0190]  rw=-4.993  cd=-10.259  reg=5.267  │  e+=-5.34(±0.372)  e-=+4.90(±0.016)  sep=-0.4  │  fm_e=-5.1  fm=off  │  ∇rw=4.08  ∇pol=0.63
[14:12:35] ══════════ VAL ep05 ══════════  ρ=+0.0195 (p=0.7971) [FAIL ✗]  AUROC(E)=0.3975  ECE=0.7965  N=177
[14:12:39]   ckpt saved → ckpt_epoch0005.pt
[14:12:39] ──────────────────── Epoch 06/30 ────────────────────
[14:13:40] [ep06|s0200]  rw=-4.927  cd=-9.588  reg=4.661  │  e+=-4.75(±0.350)  e-=+4.89(±0.016)  sep=1.4  │  fm_e=-4.6  fm=off  │  ∇rw=2.68  ∇pol=1.10
[14:14:41] [ep06|s0210]  rw=-4.940  cd=-8.972  reg=4.032  │  e+=-4.54(±0.057)  e-=+4.42(±0.018)  sep=0.8  │  fm_e=-4.7  fm=off  │  ∇rw=10.94  ∇pol=0.79
[14:15:36] [ep06|s0220]  rw=-5.019  cd=-10.057  reg=5.037  │  e+=-5.00(±0.107)  e-=+5.01(±0.015)  sep=61.9  │  fm_e=+5.0  fm=ON  fb=100%  │  ∇rw=5.66  ∇pol=0.91
[14:16:09] ══════════ VAL ep06 ══════════  ρ=+0.0244 (p=0.7467) [FAIL ✗]  AUROC(E)=0.4962  ECE=0.7966  N=177
[14:16:12]   ckpt saved → ckpt_epoch0006.pt
[14:16:12] ──────────────────── Epoch 07/30 ────────────────────
[14:16:20] [ep07|s0230]  rw=-4.984  cd=-9.971  reg=4.987  │  e+=-5.12(±0.123)  e-=+4.85(±0.029)  sep=76.3  │  fm_e=+4.9  fm=ON  fb=100%  │  ∇rw=4.42  ∇pol=0.81
[14:17:01] [ep07|s0240]  rw=-5.012  cd=-9.987  reg=4.975  │  e+=-4.82(±0.304)  e-=+5.14(±0.015)  sep=98.6  │  fm_e=+5.1  fm=ON  fb=100%  │  ∇rw=4.84  ∇pol=5.95
[14:17:42] [ep07|s0250]  rw=-4.956  cd=-9.867  reg=4.911  │  e+=-4.88(±0.152)  e-=+5.02(±0.017)  sep=114.6  │  fm_e=+5.0  fm=ON  fb=100%  │  ∇rw=2.25  ∇pol=1.09
[14:18:23] [ep07|s0260]  rw=-4.857  cd=-10.769  reg=5.912  │  e+=-5.46(±0.150)  e-=+5.41(±0.030)  sep=110.7  │  fm_e=+5.4  fm=ON  fb=100%  │  ∇rw=6.79  ∇pol=1.01
[14:18:48] ══════════ VAL ep07 ══════════  ρ=+0.0629 (p=0.4053) [FAIL ✗]  AUROC(E)=0.5407  ECE=0.7901  N=177
[14:18:50]   ckpt saved → ckpt_epoch0007.pt
[14:18:50] ──────────────────── Epoch 08/30 ────────────────────
[14:19:07] [ep08|s0270]  rw=-4.983  cd=-9.856  reg=4.873  │  e+=-4.85(±0.075)  e-=+5.02(±0.013)  sep=133.1  │  fm_e=+5.0  fm=ON  fb=100%  │  ∇rw=2.34  ∇pol=0.54
[14:19:48] [ep08|s0280]  rw=-5.152  cd=-10.331  reg=5.179  │  e+=-5.29(±0.739)  e-=+4.82(±0.009)  sep=70.2  │  fm_e=+4.8  fm=ON  fb=100%  │  ∇rw=6.21  ∇pol=0.83
[14:20:29] [ep08|s0290]  rw=-4.993  cd=-10.095  reg=5.102  │  e+=-4.84(±0.171)  e-=+5.24(±0.013)  sep=56.1  │  fm_e=+5.2  fm=ON  fb=100%  │  ∇rw=4.53  ∇pol=1.05
[14:21:10] [ep08|s0300]  rw=-4.821  cd=-9.642  reg=4.821  │  e+=-4.78(±0.743)  e-=+4.96(±0.062)  sep=41.5  │  fm_e=+5.0  fm=ON  fb=100%  │  ∇rw=9.85  ∇pol=0.59
[14:21:27] ══════════ VAL ep08 ══════════  ρ=+0.0663 (p=0.3809) [FAIL ✗]  AUROC(E)=0.6069  ECE=0.7712  N=177
[14:21:30]   ckpt saved → ckpt_epoch0008.pt
[14:21:30] ──────────────────── Epoch 09/30 ────────────────────
[14:21:55] [ep09|s0310]  rw=-4.935  cd=-9.892  reg=4.957  │  e+=-5.06(±0.612)  e-=+4.85(±0.012)  sep=76.0  │  fm_e=+4.8  fm=ON  fb=100%  │  ∇rw=2.81  ∇pol=0.75
[14:22:36] [ep09|s0320]  rw=-4.973  cd=-9.865  reg=4.892  │  e+=-4.91(±0.143)  e-=+4.97(±0.031)  sep=116.5  │  fm_e=+5.0  fm=ON  fb=100%  │  ∇rw=3.39  ∇pol=1.15
[14:23:17] [ep09|s0330]  rw=-5.010  cd=-10.055  reg=5.045  │  e+=-5.08(±0.097)  e-=+4.96(±0.043)  sep=140.6  │  fm_e=+4.9  fm=ON  fb=100%  │  ∇rw=2.10  ∇pol=0.95
[14:23:57] [ep09|s0340]  rw=-5.020  cd=-10.002  reg=4.982  │  e+=-5.00(±0.173)  e-=+4.98(±0.012)  sep=173.1  │  fm_e=+5.0  fm=ON  fb=100%  │  ∇rw=2.38  ∇pol=0.68
[14:24:06] ══════════ VAL ep09 ══════════  ρ=+0.0248 (p=0.7427) [FAIL ✗]  AUROC(E)=0.5179  ECE=0.7730  N=177
[14:24:08]   ckpt saved → ckpt_epoch0009.pt
[14:24:08] ──────────────────── Epoch 10/30 ────────────────────
[14:24:41] [ep10|s0350]  rw=-5.028  cd=-10.190  reg=5.162  │  e+=-5.18(±0.582)  e-=+4.94(±0.010)  sep=64.7  │  fm_e=+4.9  fm=ON  fb=100%  │  ∇rw=3.43  ∇pol=1.71
[14:25:22] [ep10|s0360]  rw=-4.997  cd=-9.778  reg=4.782  │  e+=-4.89(±0.078)  e-=+4.88(±0.008)  sep=94.4  │  fm_e=+4.9  fm=ON  fb=100%  │  ∇rw=2.14  ∇pol=0.73
[14:26:03] [ep10|s0370]  rw=-5.024  cd=-9.939  reg=4.916  │  e+=-5.08(±0.204)  e-=+4.83(±0.006)  sep=66.2  │  fm_e=+4.8  fm=ON  fb=100%  │  ∇rw=2.93  ∇pol=1.00
[14:26:44] [ep10|s0380]  rw=-4.892  cd=-10.243  reg=5.351  │  e+=-5.38(±0.340)  e-=+4.94(±0.037)  sep=81.3  │  fm_e=+4.9  fm=ON  fb=100%  │  ∇rw=6.88  ∇pol=1.01
[14:26:45] ══════════ VAL ep10 ══════════  ρ=+0.0459 (p=0.5439) [FAIL ✗]  AUROC(E)=0.4880  ECE=0.7883  N=177
[14:26:48]   ckpt saved → ckpt_epoch0010.pt
[14:26:48] ──────────────────── Epoch 11/30 ────────────────────
[14:27:29] [ep11|s0390]  rw=-4.694  cd=-8.675  reg=3.981  │  e+=-3.67(±0.382)  e-=+5.12(±0.011)  sep=43.7  │  fm_e=+5.1  fm=ON  fb=100%  │  ∇rw=9.78  ∇pol=4.90
[14:28:10] [ep11|s0400]  rw=-5.041  cd=-10.187  reg=5.146  │  e+=-5.14(±0.247)  e-=+4.99(±0.014)  sep=100.3  │  fm_e=+5.0  fm=ON  fb=100%  │  ∇rw=1.66  ∇pol=1.28
[14:28:51] [ep11|s0410]  rw=-5.047  cd=-10.015  reg=4.968  │  e+=-5.05(±0.333)  e-=+4.90(±0.011)  sep=121.7  │  fm_e=+4.9  fm=ON  fb=100%  │  ∇rw=1.96  ∇pol=0.97
[14:29:24] ══════════ VAL ep11 ══════════  ρ=-0.0013 (p=0.9863) [FAIL ✗]  AUROC(E)=0.4303  ECE=0.7969  N=177
[14:29:26]   ckpt saved → ckpt_epoch0011.pt
[14:29:26] ──────────────────── Epoch 12/30 ────────────────────
[14:29:34] [ep12|s0420]  rw=-4.986  cd=-9.985  reg=4.999  │  e+=-5.00(±0.176)  e-=+4.99(±0.004)  sep=103.0  │  fm_e=+5.0  fm=ON  fb=100%  │  ∇rw=1.27  ∇pol=0.66
[14:30:15] [ep12|s0430]  rw=-5.089  cd=-10.102  reg=5.013  │  e+=-5.22(±0.298)  e-=+4.77(±0.009)  sep=71.4  │  fm_e=+4.8  fm=ON  fb=100%  │  ∇rw=3.56  ∇pol=1.06
[14:30:56] [ep12|s0440]  rw=-5.218  cd=-9.032  reg=3.814  │  e+=-4.01(±0.817)  e-=+4.63(±0.013)  sep=37.2  │  fm_e=+4.6  fm=ON  fb=100%  │  ∇rw=10.72  ∇pol=0.55
[14:31:37] [ep12|s0450]  rw=-4.830  cd=-10.194  reg=5.363  │  e+=-5.19(±0.348)  e-=+5.16(±0.012)  sep=69.2  │  fm_e=+5.2  fm=ON  fb=100%  │  ∇rw=8.16  ∇pol=6.36
[14:32:02] ══════════ VAL ep12 ══════════  ρ=+0.0782 (p=0.3010) [FAIL ✗]  AUROC(E)=0.5180  ECE=0.7760  N=177
[14:32:04]   ckpt saved → ckpt_epoch0012.pt
[14:32:04] ──────────────────── Epoch 13/30 ────────────────────
[14:32:20] [ep13|s0460]  rw=-3.673  cd=-8.448  reg=4.775  │  e+=-5.96(±1.500)  e-=+2.88(±0.015)  sep=28.8  │  fm_e=+2.9  fm=ON  fb=100%  │  ∇rw=41.51  ∇pol=1.29
[14:33:01] [ep13|s0470]  rw=-5.089  cd=-10.470  reg=5.381  │  e+=-5.24(±0.310)  e-=+5.11(±0.048)  sep=114.2  │  fm_e=+5.1  fm=ON  fb=100%  │  ∇rw=4.51  ∇pol=0.58
[14:33:42] [ep13|s0480]  rw=-4.978  cd=-9.904  reg=4.926  │  e+=-4.70(±0.060)  e-=+5.21(±0.052)  sep=114.2  │  fm_e=+5.2  fm=ON  fb=100%  │  ∇rw=4.05  ∇pol=0.97
[14:34:23] [ep13|s0490]  rw=-4.525  cd=-8.465  reg=3.941  │  e+=-3.26(±1.783)  e-=+5.01(±0.060)  sep=48.4  │  fm_e=+5.0  fm=ON  fb=100%  │  ∇rw=26.22  ∇pol=1.17
[14:34:40] ══════════ VAL ep13 ══════════  ρ=+0.0459 (p=0.5444) [FAIL ✗]  AUROC(E)=0.5291  ECE=0.7960  N=177
[14:34:42]   ckpt saved → ckpt_epoch0013.pt
[14:34:42] ──────────────────── Epoch 14/30 ────────────────────
[14:35:07] [ep14|s0500]  rw=-4.947  cd=-10.612  reg=5.665  │  e+=-5.60(±0.051)  e-=+5.03(±0.023)  sep=80.0  │  fm_e=+5.0  fm=ON  fb=100%  │  ∇rw=5.70  ∇pol=0.57
[14:35:48] [ep14|s0510]  rw=-4.920  cd=-8.025  reg=3.105  │  e+=-3.74(±1.488)  e-=+3.83(±0.018)  sep=28.4  │  fm_e=+3.8  fm=ON  fb=100%  │  ∇rw=24.09  ∇pol=0.83
[14:36:29] [ep14|s0520]  rw=-4.960  cd=-9.963  reg=5.003  │  e+=-4.99(±0.212)  e-=+5.01(±0.017)  sep=61.7  │  fm_e=+5.0  fm=ON  fb=100%  │  ∇rw=2.81  ∇pol=0.77
[14:37:10] [ep14|s0530]  rw=-4.867  cd=-9.701  reg=4.834  │  e+=-5.26(±0.307)  e-=+4.50(±0.209)  sep=50.4  │  fm_e=+4.5  fm=ON  fb=100%  │  ∇rw=17.35  ∇pol=0.47
[14:37:19] ══════════ VAL ep14 ══════════  ρ=+0.1412 (p=0.0608) [FAIL ✗]  AUROC(E)=0.6204  ECE=0.7926  N=177 ◀ BEST
[14:37:21]   ckpt saved → ckpt_epoch0014.pt
[14:37:21] ──────────────────── Epoch 15/30 ────────────────────
[14:37:54] [ep15|s0540]  rw=-4.995  cd=-10.106  reg=5.111  │  e+=-4.76(±0.082)  e-=+5.33(±0.043)  sep=69.2  │  fm_e=+5.3  fm=ON  fb=100%  │  ∇rw=5.84  ∇pol=0.43
[14:38:35] [ep15|s0550]  rw=-4.996  cd=-9.514  reg=4.518  │  e+=-4.84(±0.229)  e-=+4.66(±0.017)  sep=79.7  │  fm_e=+4.7  fm=ON  fb=100%  │  ∇rw=4.52  ∇pol=0.61
[14:39:16] [ep15|s0560]  rw=-5.050  cd=-9.422  reg=4.372  │  e+=-4.49(±0.564)  e-=+4.81(±0.022)  sep=38.8  │  fm_e=+4.8  fm=ON  fb=100%  │  ∇rw=5.04  ∇pol=0.88
[14:39:57] [ep15|s0570]  rw=-5.008  cd=-10.638  reg=5.630  │  e+=-5.62(±0.334)  e-=+4.95(±0.047)  sep=34.5  │  fm_e=+5.0  fm=ON  fb=100%  │  ∇rw=6.11  ∇pol=0.41
[14:39:58] ══════════ VAL ep15 ══════════  ρ=+0.1897 (p=0.0114) [PASS ✓]  AUROC(E)=0.6230  ECE=0.7940  N=177 ◀ BEST
[14:40:03]   ckpt saved → ckpt_epoch0015.pt
[14:40:03] ──────────────────── Epoch 16/30 ────────────────────
[14:40:43] [ep16|s0580]  rw=-4.727  cd=-8.807  reg=4.079  │  e+=-5.02(±0.326)  e-=+3.78(±0.173)  sep=35.6  │  fm_e=+3.7  fm=ON  fb=100%  │  ∇rw=54.20  ∇pol=0.60
[14:41:24] [ep16|s0590]  rw=-4.906  cd=-10.519  reg=5.613  │  e+=-5.64(±0.450)  e-=+4.91(±0.039)  sep=37.7  │  fm_e=+4.9  fm=ON  fb=100%  │  ∇rw=8.16  ∇pol=0.55
[14:42:05] [ep16|s0600]  rw=-4.912  cd=-9.675  reg=4.763  │  e+=-4.71(±0.505)  e-=+5.02(±0.049)  sep=36.8  │  fm_e=+5.0  fm=ON  fb=100%  │  ∇rw=3.00  ∇pol=0.44
[14:42:39] ══════════ VAL ep16 ══════════  ρ=+0.0778 (p=0.3034) [FAIL ✗]  AUROC(E)=0.6173  ECE=0.7957  N=177
[14:42:42]   ckpt saved → ckpt_epoch0016.pt
[14:42:42] ──────────────────── Epoch 17/30 ────────────────────
[14:42:50] [ep17|s0610]  rw=-4.950  cd=-10.082  reg=5.132  │  e+=-4.92(±0.556)  e-=+5.18(±0.033)  sep=64.0  │  fm_e=+5.2  fm=ON  fb=100%  │  ∇rw=4.19  ∇pol=0.71
[14:43:31] [ep17|s0620]  rw=-4.931  cd=-10.592  reg=5.661  │  e+=-5.64(±0.222)  e-=+4.97(±0.044)  sep=62.6  │  fm_e=+5.0  fm=ON  fb=100%  │  ∇rw=6.04  ∇pol=0.67
[14:44:12] [ep17|s0630]  rw=-4.651  cd=-10.704  reg=6.053  │  e+=-6.21(±1.000)  e-=+4.57(±0.056)  sep=40.2  │  fm_e=+4.6  fm=ON  fb=100%  │  ∇rw=16.23  ∇pol=0.39
[14:44:53] [ep17|s0640]  rw=-4.935  cd=-9.819  reg=4.883  │  e+=-4.68(±1.266)  e-=+5.03(±0.054)  sep=33.2  │  fm_e=+5.0  fm=ON  fb=100%  │  ∇rw=4.53  ∇pol=0.58
[14:45:18] ══════════ VAL ep17 ══════════  ρ=+0.0166 (p=0.8262) [FAIL ✗]  AUROC(E)=0.4927  ECE=0.7901  N=177
[14:45:20]   ckpt saved → ckpt_epoch0017.pt
[14:45:20] ──────────────────── Epoch 18/30 ────────────────────
[14:45:36] [ep18|s0650]  rw=-4.920  cd=-10.707  reg=5.787  │  e+=-5.68(±0.135)  e-=+5.06(±0.028)  sep=48.6  │  fm_e=+5.1  fm=ON  fb=100%  │  ∇rw=7.31  ∇pol=0.68
[14:46:17] [ep18|s0660]  rw=-4.871  cd=-9.997  reg=5.127  │  e+=-4.96(±0.435)  e-=+5.14(±0.068)  sep=43.8  │  fm_e=+5.1  fm=ON  fb=100%  │  ∇rw=7.91  ∇pol=0.60
[14:46:58] [ep18|s0670]  rw=-5.030  cd=-10.053  reg=5.023  │  e+=-4.99(±0.308)  e-=+5.02(±0.042)  sep=67.4  │  fm_e=+5.0  fm=ON  fb=100%  │  ∇rw=1.14  ∇pol=0.36
[14:47:39] [ep18|s0680]  rw=-5.114  cd=-9.767  reg=4.653  │  e+=-4.59(±0.552)  e-=+5.02(±0.048)  sep=68.6  │  fm_e=+5.0  fm=ON  fb=100%  │  ∇rw=4.51  ∇pol=0.67
[14:47:56] ══════════ VAL ep18 ══════════  ρ=+0.1319 (p=0.0801) [FAIL ✗]  AUROC(E)=0.5891  ECE=0.7655  N=177
[14:47:58]   ckpt saved → ckpt_epoch0018.pt
[14:47:58] ──────────────────── Epoch 19/30 ────────────────────
[14:48:23] [ep19|s0690]  rw=-5.079  cd=-9.414  reg=4.335  │  e+=-4.39(±0.619)  e-=+4.86(±0.059)  sep=30.5  │  fm_e=+4.9  fm=ON  fb=100%  │  ∇rw=5.61  ∇pol=0.45
[14:49:04] [ep19|s0700]  rw=-4.944  cd=-9.258  reg=4.315  │  e+=-4.28(±0.721)  e-=+4.93(±0.058)  sep=26.6  │  fm_e=+4.9  fm=ON  fb=100%  │  ∇rw=7.21  ∇pol=0.70
[14:49:45] [ep19|s0710]  rw=-4.995  cd=-10.405  reg=5.410  │  e+=-5.44(±0.102)  e-=+4.94(±0.046)  sep=76.8  │  fm_e=+4.9  fm=ON  fb=100%  │  ∇rw=6.29  ∇pol=0.38
[14:50:26] [ep19|s0720]  rw=-5.023  cd=-9.769  reg=4.745  │  e+=-4.84(±0.226)  e-=+4.89(±0.032)  sep=52.3  │  fm_e=+4.9  fm=ON  fb=100%  │  ∇rw=2.85  ∇pol=2.99
[14:50:35] ══════════ VAL ep19 ══════════  ρ=+0.0863 (p=0.2536) [FAIL ✗]  AUROC(E)=0.5177  ECE=0.7929  N=177
[14:50:37]   ckpt saved → ckpt_epoch0019.pt
[14:50:37] ──────────────────── Epoch 20/30 ────────────────────
[14:51:10] [ep20|s0730]  rw=-5.070  cd=-10.071  reg=5.001  │  e+=-4.96(±0.631)  e-=+4.99(±0.016)  sep=53.4  │  fm_e=+5.0  fm=ON  fb=100%  │  ∇rw=2.85  ∇pol=0.80
[14:51:51] [ep20|s0740]  rw=-4.981  cd=-9.734  reg=4.753  │  e+=-4.72(±0.217)  e-=+5.02(±0.029)  sep=86.5  │  fm_e=+5.0  fm=ON  fb=100%  │  ∇rw=3.24  ∇pol=0.85
[14:52:32] [ep20|s0750]  rw=-5.129  cd=-9.652  reg=4.523  │  e+=-4.55(±0.735)  e-=+4.89(±0.025)  sep=43.6  │  fm_e=+4.9  fm=ON  fb=100%  │  ∇rw=5.51  ∇pol=0.49
[14:53:12] [ep20|s0760]  rw=-5.299  cd=-10.033  reg=4.734  │  e+=-4.57(±1.304)  e-=+4.97(±0.036)  sep=25.8  │  fm_e=+5.0  fm=ON  fb=100%  │  ∇rw=4.86  ∇pol=0.47
[14:53:13] ══════════ VAL ep20 ══════════  ρ=+0.1436 (p=0.0565) [FAIL ✗]  AUROC(E)=0.5775  ECE=0.7893  N=177
[14:53:16]   ckpt saved → ckpt_epoch0020.pt
[14:53:16] ──────────────────── Epoch 21/30 ────────────────────
[14:53:57] [ep21|s0770]  rw=-5.018  cd=-10.581  reg=5.563  │  e+=-5.68(±0.289)  e-=+4.82(±0.096)  sep=48.9  │  fm_e=+4.8  fm=ON  fb=100%  │  ∇rw=9.49  ∇pol=0.40
[14:54:38] [ep21|s0780]  rw=-4.896  cd=-8.932  reg=4.036  │  e+=-3.93(±0.439)  e-=+4.97(±0.055)  sep=36.0  │  fm_e=+5.0  fm=ON  fb=100%  │  ∇rw=11.13  ∇pol=0.50
[14:55:19] [ep21|s0790]  rw=-4.507  cd=-10.770  reg=6.263  │  e+=-6.23(±1.164)  e-=+4.73(±0.044)  sep=24.3  │  fm_e=+4.7  fm=ON  fb=100%  │  ∇rw=15.65  ∇pol=0.58
[14:55:52] ══════════ VAL ep21 ══════════  ρ=+0.0207 (p=0.7847) [FAIL ✗]  AUROC(E)=0.5183  ECE=0.7940  N=177
[14:55:57]   ckpt saved → ckpt_epoch0021.pt
[14:55:57] ──────────────────── Epoch 22/30 ────────────────────
[14:56:06] [ep22|s0800]  rw=-5.069  cd=-10.039  reg=4.970  │  e+=-4.87(±0.402)  e-=+5.06(±0.032)  sep=31.8  │  fm_e=+5.1  fm=ON  fb=100%  │  ∇rw=5.97  ∇pol=0.75
[14:56:46] [ep22|s0810]  rw=-4.714  cd=-9.396  reg=4.682  │  e+=-4.73(±1.207)  e-=+4.79(±0.052)  sep=28.5  │  fm_e=+4.8  fm=ON  fb=100%  │  ∇rw=4.80  ∇pol=0.31
[14:57:27] [ep22|s0820]  rw=-4.966  cd=-9.033  reg=4.067  │  e+=-4.11(±0.996)  e-=+4.73(±0.005)  sep=37.2  │  fm_e=+4.7  fm=ON  fb=100%  │  ∇rw=15.97  ∇pol=0.71
[14:58:08] [ep22|s0830]  rw=-4.965  cd=-9.956  reg=4.991  │  e+=-4.88(±0.386)  e-=+5.09(±0.031)  sep=59.5  │  fm_e=+5.1  fm=ON  fb=100%  │  ∇rw=1.89  ∇pol=0.50
[14:58:33] ══════════ VAL ep22 ══════════  ρ=+0.0771 (p=0.3079) [FAIL ✗]  AUROC(E)=0.5581  ECE=0.7967  N=177
[14:58:36]   ckpt saved → ckpt_epoch0022.pt
[14:58:36] ──────────────────── Epoch 23/30 ────────────────────
[14:58:53] [ep23|s0840]  rw=-4.992  cd=-10.126  reg=5.134  │  e+=-5.11(±0.051)  e-=+5.02(±0.070)  sep=73.7  │  fm_e=+5.0  fm=ON  fb=100%  │  ∇rw=2.97  ∇pol=0.47
[14:59:33] [ep23|s0850]  rw=-4.845  cd=-10.248  reg=5.403  │  e+=-5.41(±0.436)  e-=+4.95(±0.047)  sep=68.2  │  fm_e=+5.0  fm=ON  fb=100%  │  ∇rw=5.67  ∇pol=8.03
[15:00:14] [ep23|s0860]  rw=-4.929  cd=-10.021  reg=5.092  │  e+=-4.86(±0.221)  e-=+5.21(±0.018)  sep=66.6  │  fm_e=+5.2  fm=ON  fb=100%  │  ∇rw=5.41  ∇pol=0.51
[15:00:55] [ep23|s0870]  rw=-5.017  cd=-9.623  reg=4.606  │  e+=-4.61(±0.333)  e-=+4.97(±0.012)  sep=105.6  │  fm_e=+5.0  fm=ON  fb=100%  │  ∇rw=5.42  ∇pol=0.51
[15:01:12] ══════════ VAL ep23 ══════════  ρ=+0.1155 (p=0.1259) [FAIL ✗]  AUROC(E)=0.5908  ECE=0.7927  N=177
[15:01:13]   ckpt saved → ckpt_epoch0023.pt
[15:01:13] ──────────────────── Epoch 24/30 ────────────────────
[15:01:38] [ep24|s0880]  rw=-5.132  cd=-10.233  reg=5.101  │  e+=-5.08(±0.892)  e-=+4.92(±0.033)  sep=32.8  │  fm_e=+4.9  fm=ON  fb=100%  │  ∇rw=4.13  ∇pol=0.56
[15:02:19] [ep24|s0890]  rw=-4.918  cd=-10.671  reg=5.754  │  e+=-5.74(±0.289)  e-=+4.95(±0.021)  sep=41.7  │  fm_e=+4.9  fm=ON  fb=100%  │  ∇rw=8.67  ∇pol=0.56
[15:03:00] [ep24|s0900]  rw=-4.919  cd=-9.727  reg=4.807  │  e+=-4.68(±0.504)  e-=+5.08(±0.061)  sep=44.8  │  fm_e=+5.1  fm=ON  fb=100%  │  ∇rw=4.88  ∇pol=0.54
[15:03:41] [ep24|s0910]  rw=-5.004  cd=-10.481  reg=5.476  │  e+=-5.46(±0.170)  e-=+4.99(±0.042)  sep=74.3  │  fm_e=+5.0  fm=ON  fb=100%  │  ∇rw=4.77  ∇pol=1.03
[15:03:50] ══════════ VAL ep24 ══════════  ρ=+0.1397 (p=0.0637) [FAIL ✗]  AUROC(E)=0.5904  ECE=0.7854  N=177
[15:03:51]   ckpt saved → ckpt_epoch0024.pt
[15:03:51] ──────────────────── Epoch 25/30 ────────────────────
[15:04:24] [ep25|s0920]  rw=-5.122  cd=-9.467  reg=4.345  │  e+=-4.12(±0.541)  e-=+5.12(±0.063)  sep=85.4  │  fm_e=+5.1  fm=ON  fb=100%  │  ∇rw=8.61  ∇pol=0.66
[15:05:05] [ep25|s0930]  rw=-4.979  cd=-9.477  reg=4.498  │  e+=-4.61(±0.179)  e-=+4.87(±0.028)  sep=55.8  │  fm_e=+4.9  fm=ON  fb=100%  │  ∇rw=3.79  ∇pol=0.46
[15:05:46] [ep25|s0940]  rw=-4.141  cd=-8.794  reg=4.653  │  e+=-3.02(±3.469)  e-=+5.03(±0.089)  sep=19.9  │  fm_e=+5.0  fm=ON  fb=100%  │  ∇rw=21.92  ∇pol=7.09
[15:06:27] [ep25|s0950]  rw=-3.370  cd=-8.041  reg=4.672  │  e+=-3.24(±2.840)  e-=+5.29(±0.031)  sep=38.7  │  fm_e=+5.3  fm=ON  fb=100%  │  ∇rw=66.55  ∇pol=0.80
[15:06:28] ══════════ VAL ep25 ══════════  ρ=+0.1679 (p=0.0255) [PASS ✓]  AUROC(E)=0.5558  ECE=0.7891  N=177
[15:06:29]   ckpt saved → ckpt_epoch0025.pt
[15:06:29] ──────────────────── Epoch 26/30 ────────────────────
[15:07:10] [ep26|s0960]  rw=-5.092  cd=-11.001  reg=5.909  │  e+=-5.91(±0.816)  e-=+4.85(±0.035)  sep=23.5  │  fm_e=+4.9  fm=ON  fb=100%  │  ∇rw=7.88  ∇pol=0.49
[15:07:51] [ep26|s0970]  rw=-5.169  cd=-10.504  reg=5.335  │  e+=-5.06(±1.545)  e-=+5.03(±0.036)  sep=28.6  │  fm_e=+5.0  fm=ON  fb=100%  │  ∇rw=3.15  ∇pol=0.52
[15:08:32] [ep26|s0980]  rw=-5.023  cd=-10.008  reg=4.985  │  e+=-5.01(±0.158)  e-=+4.96(±0.056)  sep=55.1  │  fm_e=+5.0  fm=ON  fb=100%  │  ∇rw=3.51  ∇pol=0.57
[15:09:05] ══════════ VAL ep26 ══════════  ρ=+0.1713 (p=0.0227) [PASS ✓]  AUROC(E)=0.5121  ECE=0.7977  N=177
[15:09:07]   ckpt saved → ckpt_epoch0026.pt
[15:09:07] ──────────────────── Epoch 27/30 ────────────────────
[15:09:16] [ep27|s0990]  rw=-4.855  cd=-10.719  reg=5.864  │  e+=-5.77(±0.409)  e-=+5.02(±0.026)  sep=38.8  │  fm_e=+5.0  fm=ON  fb=100%  │  ∇rw=7.91  ∇pol=0.75
[15:09:56] [ep27|s1000]  rw=-5.017  cd=-9.596  reg=4.579  │  e+=-3.93(±1.593)  e-=+5.27(±0.028)  sep=36.4  │  fm_e=+5.3  fm=ON  fb=100%  │  ∇rw=11.59  ∇pol=0.39
[15:10:37] [ep27|s1010]  rw=-4.985  cd=-10.194  reg=5.209  │  e+=-5.14(±0.572)  e-=+5.03(±0.087)  sep=29.9  │  fm_e=+5.0  fm=ON  fb=100%  │  ∇rw=2.37  ∇pol=1.08
[15:11:18] [ep27|s1020]  rw=-4.890  cd=-10.201  reg=5.311  │  e+=-5.22(±0.627)  e-=+5.05(±0.030)  sep=25.5  │  fm_e=+5.0  fm=ON  fb=100%  │  ∇rw=3.36  ∇pol=0.46
[15:11:43] ══════════ VAL ep27 ══════════  ρ=+0.1476 (p=0.0499) [PASS ✓]  AUROC(E)=0.5535  ECE=0.7974  N=177
[15:11:44]   ckpt saved → ckpt_epoch0027.pt
[15:11:44] ──────────────────── Epoch 28/30 ────────────────────
[15:12:01] [ep28|s1030]  rw=-4.991  cd=-9.900  reg=4.910  │  e+=-4.93(±0.240)  e-=+4.98(±0.049)  sep=56.3  │  fm_e=+5.0  fm=ON  fb=100%  │  ∇rw=1.62  ∇pol=0.33
[15:12:42] [ep28|s1040]  rw=-4.007  cd=-9.071  reg=5.064  │  e+=-5.35(±0.379)  e-=+3.60(±1.698)  sep=97.1  │  fm_e=+4.3  fm=ON  fb=100%  │  ∇rw=172.60  ∇pol=0.38
[15:13:23] [ep28|s1050]  rw=-4.965  cd=-10.171  reg=5.207  │  e+=-5.23(±0.669)  e-=+4.92(±0.017)  sep=45.6  │  fm_e=+4.9  fm=ON  fb=100%  │  ∇rw=3.32  ∇pol=0.35
[15:14:03] [ep28|s1060]  rw=-5.025  cd=-10.497  reg=5.472  │  e+=-5.45(±0.381)  e-=+4.98(±0.056)  sep=46.2  │  fm_e=+5.0  fm=ON  fb=100%  │  ∇rw=6.11  ∇pol=15.56
[15:14:20] ══════════ VAL ep28 ══════════  ρ=+0.1342 (p=0.0749) [FAIL ✗]  AUROC(E)=0.5489  ECE=0.7933  N=177
[15:14:22]   ckpt saved → ckpt_epoch0028.pt
[15:14:22] ──────────────────── Epoch 29/30 ────────────────────
[15:14:47] [ep29|s1070]  rw=-5.058  cd=-10.806  reg=5.748  │  e+=-5.47(±1.489)  e-=+5.02(±0.074)  sep=27.4  │  fm_e=+5.0  fm=ON  fb=100%  │  ∇rw=5.80  ∇pol=0.41
[15:15:28] [ep29|s1080]  rw=-4.982  cd=-10.612  reg=5.630  │  e+=-5.57(±0.345)  e-=+5.01(±0.021)  sep=29.1  │  fm_e=+5.0  fm=ON  fb=100%  │  ∇rw=5.51  ∇pol=7.42
[15:16:09] [ep29|s1090]  rw=-5.041  cd=-10.625  reg=5.584  │  e+=-5.61(±0.483)  e-=+4.91(±0.047)  sep=60.5  │  fm_e=+4.9  fm=ON  fb=100%  │  ∇rw=5.55  ∇pol=0.76
[15:16:50] [ep29|s1100]  rw=-5.059  cd=-10.304  reg=5.244  │  e+=-5.42(±0.307)  e-=+4.79(±0.033)  sep=50.6  │  fm_e=+4.8  fm=ON  fb=100%  │  ∇rw=5.10  ∇pol=0.50
[15:16:59] ══════════ VAL ep29 ══════════  ρ=+0.1038 (p=0.1691) [FAIL ✗]  AUROC(E)=0.5580  ECE=0.7859  N=177
[15:17:00]   ckpt saved → ckpt_epoch0029.pt
[15:17:01] ──────────────────── Epoch 30/30 ────────────────────
[15:17:34] [ep30|s1110]  rw=-4.940  cd=-10.111  reg=5.172  │  e+=-5.18(±0.278)  e-=+4.97(±0.073)  sep=40.2  │  fm_e=+5.0  fm=ON  fb=100%  │  ∇rw=4.63  ∇pol=1.31
[15:18:15] [ep30|s1120]  rw=-5.113  cd=-9.214  reg=4.101  │  e+=-3.98(±0.667)  e-=+4.97(±0.017)  sep=36.9  │  fm_e=+5.0  fm=ON  fb=100%  │  ∇rw=11.88  ∇pol=0.77
[15:18:56] [ep30|s1130]  rw=-5.074  cd=-9.711  reg=4.636  │  e+=-4.64(±0.455)  e-=+4.96(±0.053)  sep=32.4  │  fm_e=+5.0  fm=ON  fb=100%  │  ∇rw=5.77  ∇pol=0.51
[15:19:37] [ep30|s1140]  rw=-4.966  cd=-8.966  reg=4.000  │  e+=-3.42(±0.945)  e-=+5.23(±0.031)  sep=34.3  │  fm_e=+5.2  fm=ON  fb=100%  │  ∇rw=22.04  ∇pol=0.47
[15:19:37] ══════════ VAL ep30 ══════════  ρ=+0.1391 (p=0.0649) [FAIL ✗]  AUROC(E)=0.6380  ECE=0.7354  N=177
[15:19:38]   ckpt saved → ckpt_epoch0030.pt
