[19:39:23] ──────────────────── Epoch 01/200 ────────────────────
[19:39:23] ──────────────────── Epoch 02/200 ────────────────────
[19:39:24] ──────────────────── Epoch 03/200 ────────────────────
[19:39:24] ──────────────────── Epoch 04/200 ────────────────────
[19:39:24] ──────────────────── Epoch 05/200 ────────────────────
[19:39:24] ──────────────────── Epoch 06/200 ────────────────────
[19:39:25] ──────────────────── Epoch 07/200 ────────────────────
[19:39:25] ──────────────────── Epoch 08/200 ────────────────────
[19:39:25] ──────────────────── Epoch 09/200 ────────────────────
[19:39:26] ──────────────────── Epoch 10/200 ────────────────────
[19:39:26] ══════════ VAL ep10 ══════════  ρ=+0.0384 (p=0.6119) [FAIL ✗]  AUROC(E)=0.5266  ECE=0.1772  N=177  avg_loss=0.2936
[19:39:26]   best so far: ρ=0.0384 @ ep10
[19:39:27]   ckpt saved → ckpt_epoch0010.pt
[19:39:27] ──────────────────── Epoch 11/200 ────────────────────
[19:39:27] ──────────────────── Epoch 12/200 ────────────────────
[19:39:28] ──────────────────── Epoch 13/200 ────────────────────
[19:39:28] [ep13|s0050]  loss=+0.4007  mse=0.3555  reg=0.0451
[19:39:28] ──────────────────── Epoch 14/200 ────────────────────
[19:39:28] ──────────────────── Epoch 15/200 ────────────────────
[19:39:28] ──────────────────── Epoch 16/200 ────────────────────
[19:39:29] ──────────────────── Epoch 17/200 ────────────────────
[19:39:29] ──────────────────── Epoch 18/200 ────────────────────
[19:39:29] ──────────────────── Epoch 19/200 ────────────────────
[19:39:29] ──────────────────── Epoch 20/200 ────────────────────
[19:39:30] ══════════ VAL ep20 ══════════  ρ=+0.2210 (p=0.0031) [PASS ✓]  AUROC(E)=0.6442  ECE=0.1826  N=177  avg_loss=0.2516
[19:39:30]   best so far: ρ=0.2210 @ ep20
[19:39:31]   ckpt saved → ckpt_epoch0020.pt
[19:39:31] ──────────────────── Epoch 21/200 ────────────────────
[19:39:31] ──────────────────── Epoch 22/200 ────────────────────
[19:39:31] ──────────────────── Epoch 23/200 ────────────────────
[19:39:32] ──────────────────── Epoch 24/200 ────────────────────
[19:39:32] ──────────────────── Epoch 25/200 ────────────────────
[19:39:32] [ep25|s0100]  loss=+0.2397  mse=0.2136  reg=0.0260
[19:39:32] ──────────────────── Epoch 26/200 ────────────────────
[19:39:32] ──────────────────── Epoch 27/200 ────────────────────
[19:39:33] ──────────────────── Epoch 28/200 ────────────────────
[19:39:33] ──────────────────── Epoch 29/200 ────────────────────
[19:39:33] ──────────────────── Epoch 30/200 ────────────────────
[19:39:34] ══════════ VAL ep30 ══════════  ρ=+0.1668 (p=0.0265) [PASS ✓]  AUROC(E)=0.5850  ECE=0.1864  N=177  avg_loss=0.1514
[19:39:34]   best so far: ρ=0.2210 @ ep20
[19:39:35]   ckpt saved → ckpt_epoch0030.pt
[19:39:35] ──────────────────── Epoch 31/200 ────────────────────
[19:39:35] ──────────────────── Epoch 32/200 ────────────────────
[19:39:35] ──────────────────── Epoch 33/200 ────────────────────
[19:39:36] ──────────────────── Epoch 34/200 ────────────────────
[19:39:36] ──────────────────── Epoch 35/200 ────────────────────
[19:39:36] ──────────────────── Epoch 36/200 ────────────────────
[19:39:37] ──────────────────── Epoch 37/200 ────────────────────
[19:39:37] ──────────────────── Epoch 38/200 ────────────────────
[19:39:37] [ep38|s0150]  loss=+0.1558  mse=0.0869  reg=0.0689
[19:39:37] ──────────────────── Epoch 39/200 ────────────────────
[19:39:37] ──────────────────── Epoch 40/200 ────────────────────
[19:39:38] ══════════ VAL ep40 ══════════  ρ=+0.1659 (p=0.0273) [PASS ✓]  AUROC(E)=0.6021  ECE=0.2351  N=177  avg_loss=0.1452
[19:39:38]   best so far: ρ=0.2210 @ ep20
[19:39:39]   ckpt saved → ckpt_epoch0040.pt
[19:39:39] ──────────────────── Epoch 41/200 ────────────────────
[19:39:39] ──────────────────── Epoch 42/200 ────────────────────
[19:39:39] ──────────────────── Epoch 43/200 ────────────────────
[19:39:40] ──────────────────── Epoch 44/200 ────────────────────
[19:39:40] ──────────────────── Epoch 45/200 ────────────────────
[19:39:40] ──────────────────── Epoch 46/200 ────────────────────
[19:39:41] ──────────────────── Epoch 47/200 ────────────────────
[19:39:41] ──────────────────── Epoch 48/200 ────────────────────
[19:39:41] ──────────────────── Epoch 49/200 ────────────────────
[19:39:41] ──────────────────── Epoch 50/200 ────────────────────
[19:39:42] [ep50|s0200]  loss=+0.0827  mse=0.0654  reg=0.0174
[19:39:42] ══════════ VAL ep50 ══════════  ρ=+0.2557 (p=0.0006) [PASS ✓]  AUROC(E)=0.6362  ECE=0.2039  N=177  avg_loss=0.1006
[19:39:42]   best so far: ρ=0.2557 @ ep50
[19:39:43]   ckpt saved → ckpt_epoch0050.pt
[19:39:43] ──────────────────── Epoch 51/200 ────────────────────
[19:39:43] ──────────────────── Epoch 52/200 ────────────────────
[19:39:43] ──────────────────── Epoch 53/200 ────────────────────
[19:39:44] ──────────────────── Epoch 54/200 ────────────────────
[19:39:44] ──────────────────── Epoch 55/200 ────────────────────
[19:39:44] ──────────────────── Epoch 56/200 ────────────────────
[19:39:45] ──────────────────── Epoch 57/200 ────────────────────
[19:39:45] ──────────────────── Epoch 58/200 ────────────────────
[19:39:45] ──────────────────── Epoch 59/200 ────────────────────
[19:39:45] ──────────────────── Epoch 60/200 ────────────────────
[19:39:46] ══════════ VAL ep60 ══════════  ρ=+0.2854 (p=0.0001) [PASS ✓]  AUROC(E)=0.6393  ECE=0.1989  N=177  avg_loss=0.0920
[19:39:46]   best so far: ρ=0.2854 @ ep60
[19:39:47]   ckpt saved → ckpt_epoch0060.pt
[19:39:47] ──────────────────── Epoch 61/200 ────────────────────
[19:39:47] ──────────────────── Epoch 62/200 ────────────────────
[19:39:48] ──────────────────── Epoch 63/200 ────────────────────
[19:39:48] [ep63|s0250]  loss=+0.0968  mse=0.0547  reg=0.0421
[19:39:48] ──────────────────── Epoch 64/200 ────────────────────
[19:39:48] ──────────────────── Epoch 65/200 ────────────────────
[19:39:48] ──────────────────── Epoch 66/200 ────────────────────
[19:39:49] ──────────────────── Epoch 67/200 ────────────────────
[19:39:49] ──────────────────── Epoch 68/200 ────────────────────
[19:39:49] ──────────────────── Epoch 69/200 ────────────────────
[19:39:50] ──────────────────── Epoch 70/200 ────────────────────
[19:39:50] ══════════ VAL ep70 ══════════  ρ=+0.1164 (p=0.1227) [FAIL ✗]  AUROC(E)=0.6578  ECE=0.2297  N=177  avg_loss=0.0756
[19:39:50]   best so far: ρ=0.2854 @ ep60
[19:39:51]   ckpt saved → ckpt_epoch0070.pt
[19:39:51] ──────────────────── Epoch 71/200 ────────────────────
[19:39:51] ──────────────────── Epoch 72/200 ────────────────────
[19:39:52] ──────────────────── Epoch 73/200 ────────────────────
[19:39:52] ──────────────────── Epoch 74/200 ────────────────────
[19:39:52] ──────────────────── Epoch 75/200 ────────────────────
[19:39:52] [ep75|s0300]  loss=+0.0633  mse=0.0164  reg=0.0469
[19:39:52] ──────────────────── Epoch 76/200 ────────────────────
[19:39:53] ──────────────────── Epoch 77/200 ────────────────────
[19:39:53] ──────────────────── Epoch 78/200 ────────────────────
[19:39:53] ──────────────────── Epoch 79/200 ────────────────────
[19:39:54] ──────────────────── Epoch 80/200 ────────────────────
[19:39:54] ══════════ VAL ep80 ══════════  ρ=+0.1671 (p=0.0262) [PASS ✓]  AUROC(E)=0.6139  ECE=0.2120  N=177  avg_loss=0.0766
[19:39:54]   best so far: ρ=0.2854 @ ep60
[19:39:55]   ckpt saved → ckpt_epoch0080.pt
[19:39:55] ──────────────────── Epoch 81/200 ────────────────────
[19:39:55] ──────────────────── Epoch 82/200 ────────────────────
[19:39:56] ──────────────────── Epoch 83/200 ────────────────────
[19:39:56] ──────────────────── Epoch 84/200 ────────────────────
[19:39:56] ──────────────────── Epoch 85/200 ────────────────────
[19:39:56] ──────────────────── Epoch 86/200 ────────────────────
[19:39:57] ──────────────────── Epoch 87/200 ────────────────────
[19:39:57] ──────────────────── Epoch 88/200 ────────────────────
[19:39:57] [ep88|s0350]  loss=+0.0616  mse=0.0161  reg=0.0454
[19:39:57] ──────────────────── Epoch 89/200 ────────────────────
[19:39:58] ──────────────────── Epoch 90/200 ────────────────────
[19:39:58] ══════════ VAL ep90 ══════════  ρ=+0.1731 (p=0.0212) [PASS ✓]  AUROC(E)=0.6574  ECE=0.2175  N=177  avg_loss=0.0696
[19:39:58]   best so far: ρ=0.2854 @ ep60
[19:39:59]   ckpt saved → ckpt_epoch0090.pt
[19:39:59] ──────────────────── Epoch 91/200 ────────────────────
[19:39:59] ──────────────────── Epoch 92/200 ────────────────────
[19:40:00] ──────────────────── Epoch 93/200 ────────────────────
[19:40:00] ──────────────────── Epoch 94/200 ────────────────────
[19:40:00] ──────────────────── Epoch 95/200 ────────────────────
[19:40:01] ──────────────────── Epoch 96/200 ────────────────────
[19:40:01] ──────────────────── Epoch 97/200 ────────────────────
[19:40:01] ──────────────────── Epoch 98/200 ────────────────────
[19:40:01] ──────────────────── Epoch 99/200 ────────────────────
[19:40:02] ──────────────────── Epoch 100/200 ────────────────────
[19:40:02] [ep100|s0400]  loss=+0.0520  mse=0.0108  reg=0.0412
[19:40:02] ══════════ VAL ep100 ══════════  ρ=+0.2212 (p=0.0031) [PASS ✓]  AUROC(E)=0.6562  ECE=0.2259  N=177  avg_loss=0.0625
[19:40:02]   best so far: ρ=0.2854 @ ep60
[19:40:03]   ckpt saved → ckpt_epoch0100.pt
[19:40:03] ──────────────────── Epoch 101/200 ────────────────────
[19:40:03] ──────────────────── Epoch 102/200 ────────────────────
[19:40:04] ──────────────────── Epoch 103/200 ────────────────────
[19:40:04] ──────────────────── Epoch 104/200 ────────────────────
[19:40:04] ──────────────────── Epoch 105/200 ────────────────────
[19:40:04] ──────────────────── Epoch 106/200 ────────────────────
[19:40:05] ──────────────────── Epoch 107/200 ────────────────────
[19:40:05] ──────────────────── Epoch 108/200 ────────────────────
[19:40:05] ──────────────────── Epoch 109/200 ────────────────────
[19:40:06] ──────────────────── Epoch 110/200 ────────────────────
[19:40:06] ══════════ VAL ep110 ══════════  ρ=+0.2208 (p=0.0031) [PASS ✓]  AUROC(E)=0.6562  ECE=0.1977  N=177  avg_loss=0.0534
[19:40:06]   best so far: ρ=0.2854 @ ep60
[19:40:07]   ckpt saved → ckpt_epoch0110.pt
[19:40:07] ──────────────────── Epoch 111/200 ────────────────────
[19:40:07] ──────────────────── Epoch 112/200 ────────────────────
[19:40:07] ──────────────────── Epoch 113/200 ────────────────────
[19:40:08] [ep113|s0450]  loss=+0.0496  mse=0.0052  reg=0.0444
[19:40:08] ──────────────────── Epoch 114/200 ────────────────────
[19:40:08] ──────────────────── Epoch 115/200 ────────────────────
[19:40:08] ──────────────────── Epoch 116/200 ────────────────────
[19:40:09] ──────────────────── Epoch 117/200 ────────────────────
[19:40:09] ──────────────────── Epoch 118/200 ────────────────────
[19:40:09] ──────────────────── Epoch 119/200 ────────────────────
[19:40:09] ──────────────────── Epoch 120/200 ────────────────────
[19:40:10] ══════════ VAL ep120 ══════════  ρ=+0.2154 (p=0.0040) [PASS ✓]  AUROC(E)=0.6465  ECE=0.1991  N=177  avg_loss=0.0530
[19:40:10]   best so far: ρ=0.2854 @ ep60
[19:40:11]   ckpt saved → ckpt_epoch0120.pt
[19:40:11] ──────────────────── Epoch 121/200 ────────────────────
[19:40:11] ──────────────────── Epoch 122/200 ────────────────────
[19:40:11] ──────────────────── Epoch 123/200 ────────────────────
[19:40:12] ──────────────────── Epoch 124/200 ────────────────────
[19:40:12] ──────────────────── Epoch 125/200 ────────────────────
[19:40:12] [ep125|s0500]  loss=+0.0393  mse=0.0136  reg=0.0257
[19:40:12] ──────────────────── Epoch 126/200 ────────────────────
[19:40:13] ──────────────────── Epoch 127/200 ────────────────────
[19:40:13] ──────────────────── Epoch 128/200 ────────────────────
[19:40:13] ──────────────────── Epoch 129/200 ────────────────────
[19:40:14] ──────────────────── Epoch 130/200 ────────────────────
[19:40:14] ══════════ VAL ep130 ══════════  ρ=+0.2192 (p=0.0034) [PASS ✓]  AUROC(E)=0.6364  ECE=0.2060  N=177  avg_loss=0.0575
[19:40:14]   best so far: ρ=0.2854 @ ep60
[19:40:15]   ckpt saved → ckpt_epoch0130.pt
[19:40:15] ──────────────────── Epoch 131/200 ────────────────────
[19:40:15] ──────────────────── Epoch 132/200 ────────────────────
[19:40:16] ──────────────────── Epoch 133/200 ────────────────────
[19:40:16] ──────────────────── Epoch 134/200 ────────────────────
[19:40:16] ──────────────────── Epoch 135/200 ────────────────────
[19:40:16] ──────────────────── Epoch 136/200 ────────────────────
[19:40:17] ──────────────────── Epoch 137/200 ────────────────────
[19:40:17] ──────────────────── Epoch 138/200 ────────────────────
[19:40:17] [ep138|s0550]  loss=+0.0383  mse=0.0034  reg=0.0349
[19:40:17] ──────────────────── Epoch 139/200 ────────────────────
[19:40:18] ──────────────────── Epoch 140/200 ────────────────────
[19:40:18] ══════════ VAL ep140 ══════════  ρ=+0.2210 (p=0.0031) [PASS ✓]  AUROC(E)=0.6465  ECE=0.2149  N=177  avg_loss=0.0559
[19:40:18]   best so far: ρ=0.2854 @ ep60
[19:40:19]   ckpt saved → ckpt_epoch0140.pt
[19:40:19] ──────────────────── Epoch 141/200 ────────────────────
[19:40:19] ──────────────────── Epoch 142/200 ────────────────────
[19:40:20] ──────────────────── Epoch 143/200 ────────────────────
[19:40:20] ──────────────────── Epoch 144/200 ────────────────────
[19:40:20] ──────────────────── Epoch 145/200 ────────────────────
[19:40:20] ──────────────────── Epoch 146/200 ────────────────────
[19:40:21] ──────────────────── Epoch 147/200 ────────────────────
[19:40:21] ──────────────────── Epoch 148/200 ────────────────────
[19:40:21] ──────────────────── Epoch 149/200 ────────────────────
[19:40:22] ──────────────────── Epoch 150/200 ────────────────────
[19:40:22] [ep150|s0600]  loss=+0.0713  mse=0.0073  reg=0.0640
[19:40:22] ══════════ VAL ep150 ══════════  ρ=+0.2248 (p=0.0026) [PASS ✓]  AUROC(E)=0.6472  ECE=0.2096  N=177  avg_loss=0.0528
[19:40:22]   best so far: ρ=0.2854 @ ep60
[19:40:23]   ckpt saved → ckpt_epoch0150.pt
[19:40:23] ──────────────────── Epoch 151/200 ────────────────────
[19:40:23] ──────────────────── Epoch 152/200 ────────────────────
[19:40:23] ──────────────────── Epoch 153/200 ────────────────────
[19:40:24] ──────────────────── Epoch 154/200 ────────────────────
[19:40:24] ──────────────────── Epoch 155/200 ────────────────────
[19:40:24] ──────────────────── Epoch 156/200 ────────────────────
[19:40:25] ──────────────────── Epoch 157/200 ────────────────────
[19:40:25] ──────────────────── Epoch 158/200 ────────────────────
[19:40:25] ──────────────────── Epoch 159/200 ────────────────────
[19:40:25] ──────────────────── Epoch 160/200 ────────────────────
[19:40:26] ══════════ VAL ep160 ══════════  ρ=+0.2246 (p=0.0027) [PASS ✓]  AUROC(E)=0.6481  ECE=0.2091  N=177  avg_loss=0.0570
[19:40:26]   best so far: ρ=0.2854 @ ep60
[19:40:27]   ckpt saved → ckpt_epoch0160.pt
[19:40:27] ──────────────────── Epoch 161/200 ────────────────────
[19:40:27] ──────────────────── Epoch 162/200 ────────────────────
[19:40:27] ──────────────────── Epoch 163/200 ────────────────────
[19:40:28] [ep163|s0650]  loss=+0.0574  mse=0.0070  reg=0.0504
[19:40:28] ──────────────────── Epoch 164/200 ────────────────────
[19:40:28] ──────────────────── Epoch 165/200 ────────────────────
[19:40:28] ──────────────────── Epoch 166/200 ────────────────────
[19:40:28] ──────────────────── Epoch 167/200 ────────────────────
[19:40:29] ──────────────────── Epoch 168/200 ────────────────────
[19:40:29] ──────────────────── Epoch 169/200 ────────────────────
[19:40:29] ──────────────────── Epoch 170/200 ────────────────────
[19:40:30] ══════════ VAL ep170 ══════════  ρ=+0.2263 (p=0.0025) [PASS ✓]  AUROC(E)=0.6471  ECE=0.2092  N=177  avg_loss=0.0467
[19:40:30]   best so far: ρ=0.2854 @ ep60
[19:40:31]   ckpt saved → ckpt_epoch0170.pt
[19:40:31] ──────────────────── Epoch 171/200 ────────────────────
[19:40:31] ──────────────────── Epoch 172/200 ────────────────────
[19:40:31] ──────────────────── Epoch 173/200 ────────────────────
[19:40:31] ──────────────────── Epoch 174/200 ────────────────────
[19:40:32] ──────────────────── Epoch 175/200 ────────────────────
[19:40:32] [ep175|s0700]  loss=+0.0363  mse=0.0041  reg=0.0322
[19:40:32] ──────────────────── Epoch 176/200 ────────────────────
[19:40:32] ──────────────────── Epoch 177/200 ────────────────────
[19:40:33] ──────────────────── Epoch 178/200 ────────────────────
[19:40:33] ──────────────────── Epoch 179/200 ────────────────────
[19:40:33] ──────────────────── Epoch 180/200 ────────────────────
[19:40:34] ══════════ VAL ep180 ══════════  ρ=+0.2250 (p=0.0026) [PASS ✓]  AUROC(E)=0.6463  ECE=0.2094  N=177  avg_loss=0.0560
[19:40:34]   best so far: ρ=0.2854 @ ep60
[19:40:35]   ckpt saved → ckpt_epoch0180.pt
[19:40:35] ──────────────────── Epoch 181/200 ────────────────────
[19:40:35] ──────────────────── Epoch 182/200 ────────────────────
[19:40:35] ──────────────────── Epoch 183/200 ────────────────────
[19:40:35] ──────────────────── Epoch 184/200 ────────────────────
[19:40:36] ──────────────────── Epoch 185/200 ────────────────────
[19:40:36] ──────────────────── Epoch 186/200 ────────────────────
[19:40:36] ──────────────────── Epoch 187/200 ────────────────────
[19:40:36] ──────────────────── Epoch 188/200 ────────────────────
[19:40:37] [ep188|s0750]  loss=+0.0496  mse=0.0049  reg=0.0446
[19:40:37] ──────────────────── Epoch 189/200 ────────────────────
[19:40:37] ──────────────────── Epoch 190/200 ────────────────────
[19:40:38] ══════════ VAL ep190 ══════════  ρ=+0.2259 (p=0.0025) [PASS ✓]  AUROC(E)=0.6468  ECE=0.2094  N=177  avg_loss=0.0492
[19:40:38]   best so far: ρ=0.2854 @ ep60
[19:40:38]   ckpt saved → ckpt_epoch0190.pt
[19:40:38] ──────────────────── Epoch 191/200 ────────────────────
[19:40:39] ──────────────────── Epoch 192/200 ────────────────────
[19:40:39] ──────────────────── Epoch 193/200 ────────────────────
[19:40:39] ──────────────────── Epoch 194/200 ────────────────────
[19:40:39] ──────────────────── Epoch 195/200 ────────────────────
[19:40:40] ──────────────────── Epoch 196/200 ────────────────────
[19:40:40] ──────────────────── Epoch 197/200 ────────────────────
[19:40:40] ──────────────────── Epoch 198/200 ────────────────────
[19:40:41] ──────────────────── Epoch 199/200 ────────────────────
[19:40:41] ──────────────────── Epoch 200/200 ────────────────────
[19:40:41] [ep200|s0800]  loss=+0.0391  mse=0.0047  reg=0.0344
[19:40:41] ══════════ VAL ep200 ══════════  ρ=+0.2254 (p=0.0026) [PASS ✓]  AUROC(E)=0.6471  ECE=0.2091  N=177  avg_loss=0.0472
[19:40:41]   best so far: ρ=0.2854 @ ep60
[19:40:42]   ckpt saved → ckpt_epoch0200.pt
