[13:52:21] ──────────────────── Epoch 01/200 ────────────────────
[13:52:23] ──────────────────── Epoch 02/200 ────────────────────
[13:52:23] [ep02|s0050]  loss=+0.1338  mse=0.1254  reg=0.0084
[13:52:24] ──────────────────── Epoch 03/200 ────────────────────
[13:52:25] [ep03|s0100]  loss=+0.1828  mse=0.1625  reg=0.0203
[13:52:27] ──────────────────── Epoch 04/200 ────────────────────
[13:52:27] [ep04|s0150]  loss=+0.7300  mse=0.7080  reg=0.0220
[13:52:29] ──────────────────── Epoch 05/200 ────────────────────
[13:52:30] [ep05|s0200]  loss=+0.1245  mse=0.1140  reg=0.0105
[13:52:31] ──────────────────── Epoch 06/200 ────────────────────
[13:52:32] [ep06|s0250]  loss=+0.1709  mse=0.1546  reg=0.0163
[13:52:34] ──────────────────── Epoch 07/200 ────────────────────
[13:52:35] [ep07|s0300]  loss=+0.2239  mse=0.2077  reg=0.0162
[13:52:36] ──────────────────── Epoch 08/200 ────────────────────
[13:52:37] [ep08|s0350]  loss=+0.3014  mse=0.2916  reg=0.0098
[13:52:38] ──────────────────── Epoch 09/200 ────────────────────
[13:52:39] [ep09|s0400]  loss=+0.1938  mse=0.1664  reg=0.0274
[13:52:40] ──────────────────── Epoch 10/200 ────────────────────
[13:52:41] [ep10|s0450]  loss=+0.3748  mse=0.3570  reg=0.0178
[13:52:42] ══════════ VAL ep10 ══════════  ρ=+0.2640 (p=0.0004) [PASS ✓]  AUROC(E)=0.7136  ECE=0.2219  N=177  avg_loss=0.2661
[13:52:42]   best so far: ρ=0.2640 @ ep10
[13:52:43]   ckpt saved → ckpt_epoch0010.pt
[13:52:43] ──────────────────── Epoch 11/200 ────────────────────
[13:52:44] [ep11|s0500]  loss=+0.2509  mse=0.2308  reg=0.0201
[13:52:44] ──────────────────── Epoch 12/200 ────────────────────
[13:52:45] [ep12|s0550]  loss=+0.2033  mse=0.1906  reg=0.0126
[13:52:46] ──────────────────── Epoch 13/200 ────────────────────
[13:52:47] [ep13|s0600]  loss=+0.1233  mse=0.1008  reg=0.0225
[13:52:47] ──────────────────── Epoch 14/200 ────────────────────
[13:52:48] [ep14|s0650]  loss=+0.1979  mse=0.1572  reg=0.0406
[13:52:48] ──────────────────── Epoch 15/200 ────────────────────
[13:52:50] [ep15|s0700]  loss=+0.1787  mse=0.1521  reg=0.0266
[13:52:50] ──────────────────── Epoch 16/200 ────────────────────
[13:52:52] [ep16|s0750]  loss=+0.3129  mse=0.2846  reg=0.0283
[13:52:52] ──────────────────── Epoch 17/200 ────────────────────
[13:52:53] ──────────────────── Epoch 18/200 ────────────────────
[13:52:53] [ep18|s0800]  loss=+0.2230  mse=0.2016  reg=0.0214
[13:52:55] ──────────────────── Epoch 19/200 ────────────────────
[13:52:55] [ep19|s0850]  loss=+0.1718  mse=0.1526  reg=0.0191
[13:52:57] ──────────────────── Epoch 20/200 ────────────────────
[13:52:57] [ep20|s0900]  loss=+0.3359  mse=0.3111  reg=0.0248
[13:53:00] ══════════ VAL ep20 ══════════  ρ=+0.2749 (p=0.0002) [PASS ✓]  AUROC(E)=0.7427  ECE=0.1998  N=177  avg_loss=0.2488
[13:53:00]   best so far: ρ=0.2749 @ ep20
[13:53:02]   ckpt saved → ckpt_epoch0020.pt
[13:53:02] ──────────────────── Epoch 21/200 ────────────────────
[13:53:03] [ep21|s0950]  loss=+0.2737  mse=0.2575  reg=0.0162
[13:53:04] ──────────────────── Epoch 22/200 ────────────────────
[13:53:05] [ep22|s1000]  loss=+0.1988  mse=0.1810  reg=0.0178
[13:53:07] ──────────────────── Epoch 23/200 ────────────────────
[13:53:08] [ep23|s1050]  loss=+0.1204  mse=0.1039  reg=0.0165
[13:53:09] ──────────────────── Epoch 24/200 ────────────────────
[13:53:10] [ep24|s1100]  loss=+0.2777  mse=0.2589  reg=0.0188
[13:53:11] ──────────────────── Epoch 25/200 ────────────────────
[13:53:13] [ep25|s1150]  loss=+0.2348  mse=0.2162  reg=0.0186
[13:53:14] ──────────────────── Epoch 26/200 ────────────────────
[13:53:15] [ep26|s1200]  loss=+0.1373  mse=0.1121  reg=0.0251
[13:53:16] ──────────────────── Epoch 27/200 ────────────────────
[13:53:18] [ep27|s1250]  loss=+0.4479  mse=0.4252  reg=0.0227
[13:53:19] ──────────────────── Epoch 28/200 ────────────────────
[13:53:20] [ep28|s1300]  loss=+0.2363  mse=0.2124  reg=0.0239
[13:53:21] ──────────────────── Epoch 29/200 ────────────────────
[13:53:22] [ep29|s1350]  loss=+0.2684  mse=0.2507  reg=0.0177
[13:53:23] ──────────────────── Epoch 30/200 ────────────────────
[13:53:24] [ep30|s1400]  loss=+0.2061  mse=0.1696  reg=0.0365
[13:53:25] ══════════ VAL ep30 ══════════  ρ=+0.3232 (p=0.0000) [PASS ✓]  AUROC(E)=0.7287  ECE=0.1851  N=177  avg_loss=0.2176
[13:53:25]   best so far: ρ=0.3232 @ ep30
[13:53:26]   ckpt saved → ckpt_epoch0030.pt
[13:53:26] ──────────────────── Epoch 31/200 ────────────────────
[13:53:28] [ep31|s1450]  loss=+0.4485  mse=0.4215  reg=0.0270
[13:53:28] ──────────────────── Epoch 32/200 ────────────────────
[13:53:30] [ep32|s1500]  loss=+0.1079  mse=0.0861  reg=0.0218
[13:53:30] ──────────────────── Epoch 33/200 ────────────────────
[13:53:32] [ep33|s1550]  loss=+0.1692  mse=0.1514  reg=0.0177
[13:53:32] ──────────────────── Epoch 34/200 ────────────────────
[13:53:34] ──────────────────── Epoch 35/200 ────────────────────
[13:53:34] [ep35|s1600]  loss=+0.1209  mse=0.1009  reg=0.0200
[13:53:36] ──────────────────── Epoch 36/200 ────────────────────
[13:53:37] [ep36|s1650]  loss=+0.2281  mse=0.1804  reg=0.0476
[13:53:38] ──────────────────── Epoch 37/200 ────────────────────
[13:53:39] [ep37|s1700]  loss=+0.2131  mse=0.1679  reg=0.0452
[13:53:40] ──────────────────── Epoch 38/200 ────────────────────
[13:53:41] [ep38|s1750]  loss=+0.1313  mse=0.0999  reg=0.0314
[13:53:42] ──────────────────── Epoch 39/200 ────────────────────
[13:53:42] [ep39|s1800]  loss=+0.0971  mse=0.0813  reg=0.0158
[13:53:44] ──────────────────── Epoch 40/200 ────────────────────
[13:53:44] [ep40|s1850]  loss=+0.1767  mse=0.1605  reg=0.0162
[13:53:46] ══════════ VAL ep40 ══════════  ρ=+0.2957 (p=0.0001) [PASS ✓]  AUROC(E)=0.7182  ECE=0.2028  N=177  avg_loss=0.1889
[13:53:46]   best so far: ρ=0.3232 @ ep30
[13:53:47]   ckpt saved → ckpt_epoch0040.pt
[13:53:47] ──────────────────── Epoch 41/200 ────────────────────
[13:53:48] [ep41|s1900]  loss=+0.1393  mse=0.1217  reg=0.0176
[13:53:49] ──────────────────── Epoch 42/200 ────────────────────
[13:53:50] [ep42|s1950]  loss=+0.1355  mse=0.1185  reg=0.0170
[13:53:51] ──────────────────── Epoch 43/200 ────────────────────
[13:53:51] [ep43|s2000]  loss=+0.2426  mse=0.2047  reg=0.0379
[13:53:52] ──────────────────── Epoch 44/200 ────────────────────
[13:53:53] [ep44|s2050]  loss=+0.1191  mse=0.0986  reg=0.0205
[13:53:53] ──────────────────── Epoch 45/200 ────────────────────
[13:53:55] [ep45|s2100]  loss=+0.1800  mse=0.1309  reg=0.0491
[13:53:55] ──────────────────── Epoch 46/200 ────────────────────
[13:53:56] [ep46|s2150]  loss=+0.2084  mse=0.1780  reg=0.0304
[13:53:57] ──────────────────── Epoch 47/200 ────────────────────
[13:53:58] [ep47|s2200]  loss=+0.1108  mse=0.0904  reg=0.0203
[13:53:59] ──────────────────── Epoch 48/200 ────────────────────
[13:54:01] [ep48|s2250]  loss=+0.2770  mse=0.2431  reg=0.0339
[13:54:01] ──────────────────── Epoch 49/200 ────────────────────
[13:54:02] [ep49|s2300]  loss=+0.1102  mse=0.0737  reg=0.0365
[13:54:03] ──────────────────── Epoch 50/200 ────────────────────
[13:54:05] [ep50|s2350]  loss=+0.1102  mse=0.0844  reg=0.0258
[13:54:05] ══════════ VAL ep50 ══════════  ρ=+0.2740 (p=0.0002) [PASS ✓]  AUROC(E)=0.7053  ECE=0.1987  N=177  avg_loss=0.1476
[13:54:05]   best so far: ρ=0.3232 @ ep30
[13:54:09]   ckpt saved → ckpt_epoch0050.pt
[13:54:09] ──────────────────── Epoch 51/200 ────────────────────
[13:54:11] ──────────────────── Epoch 52/200 ────────────────────
[13:54:11] [ep52|s2400]  loss=+0.1501  mse=0.0864  reg=0.0637
[13:54:13] ──────────────────── Epoch 53/200 ────────────────────
[13:54:13] [ep53|s2450]  loss=+0.1060  mse=0.0771  reg=0.0290
[13:54:15] ──────────────────── Epoch 54/200 ────────────────────
[13:54:15] [ep54|s2500]  loss=+0.1820  mse=0.1216  reg=0.0604
[13:54:16] ──────────────────── Epoch 55/200 ────────────────────
[13:54:17] [ep55|s2550]  loss=+0.1606  mse=0.1365  reg=0.0241
[13:54:18] ──────────────────── Epoch 56/200 ────────────────────
[13:54:18] [ep56|s2600]  loss=+0.2721  mse=0.2295  reg=0.0426
[13:54:19] ──────────────────── Epoch 57/200 ────────────────────
[13:54:20] [ep57|s2650]  loss=+0.1157  mse=0.0873  reg=0.0283
[13:54:21] ──────────────────── Epoch 58/200 ────────────────────
[13:54:22] [ep58|s2700]  loss=+0.2448  mse=0.1828  reg=0.0620
[13:54:23] ──────────────────── Epoch 59/200 ────────────────────
[13:54:23] [ep59|s2750]  loss=+0.0842  mse=0.0382  reg=0.0459
[13:54:24] ──────────────────── Epoch 60/200 ────────────────────
[13:54:25] [ep60|s2800]  loss=+0.1205  mse=0.0929  reg=0.0276
[13:54:26] ══════════ VAL ep60 ══════════  ρ=+0.2947 (p=0.0001) [PASS ✓]  AUROC(E)=0.7463  ECE=0.2059  N=177  avg_loss=0.1224
[13:54:26]   best so far: ρ=0.3232 @ ep30
[13:54:27]   ckpt saved → ckpt_epoch0060.pt
[13:54:27] ──────────────────── Epoch 61/200 ────────────────────
[13:54:29] [ep61|s2850]  loss=+0.0870  mse=0.0607  reg=0.0263
[13:54:29] ──────────────────── Epoch 62/200 ────────────────────
[13:54:31] [ep62|s2900]  loss=+0.1232  mse=0.0821  reg=0.0411
[13:54:31] ──────────────────── Epoch 63/200 ────────────────────
[13:54:32] [ep63|s2950]  loss=+0.1308  mse=0.0709  reg=0.0599
[13:54:33] ──────────────────── Epoch 64/200 ────────────────────
[13:54:34] [ep64|s3000]  loss=+0.1376  mse=0.1049  reg=0.0327
[13:54:35] ──────────────────── Epoch 65/200 ────────────────────
[13:54:37] [ep65|s3050]  loss=+0.1188  mse=0.1000  reg=0.0188
[13:54:37] ──────────────────── Epoch 66/200 ────────────────────
[13:54:39] [ep66|s3100]  loss=+0.1490  mse=0.0929  reg=0.0561
[13:54:39] ──────────────────── Epoch 67/200 ────────────────────
[13:54:41] ──────────────────── Epoch 68/200 ────────────────────
[13:54:41] [ep68|s3150]  loss=+0.1322  mse=0.1016  reg=0.0306
[13:54:43] ──────────────────── Epoch 69/200 ────────────────────
[13:54:43] [ep69|s3200]  loss=+0.0918  mse=0.0659  reg=0.0259
[13:54:44] ──────────────────── Epoch 70/200 ────────────────────
[13:54:45] [ep70|s3250]  loss=+0.1809  mse=0.1218  reg=0.0591
[13:54:46] ══════════ VAL ep70 ══════════  ρ=+0.2767 (p=0.0002) [PASS ✓]  AUROC(E)=0.6984  ECE=0.2060  N=177  avg_loss=0.1084
[13:54:46]   best so far: ρ=0.3232 @ ep30
[13:54:47]   ckpt saved → ckpt_epoch0070.pt
[13:54:47] ──────────────────── Epoch 71/200 ────────────────────
[13:54:48] [ep71|s3300]  loss=+0.1093  mse=0.0908  reg=0.0185
[13:54:49] ──────────────────── Epoch 72/200 ────────────────────
[13:54:50] [ep72|s3350]  loss=+0.2000  mse=0.1744  reg=0.0256
[13:54:51] ──────────────────── Epoch 73/200 ────────────────────
[13:54:52] [ep73|s3400]  loss=+0.1277  mse=0.0891  reg=0.0386
[13:54:53] ──────────────────── Epoch 74/200 ────────────────────
[13:54:53] [ep74|s3450]  loss=+0.1735  mse=0.1215  reg=0.0519
[13:54:54] ──────────────────── Epoch 75/200 ────────────────────
[13:54:56] [ep75|s3500]  loss=+0.0704  mse=0.0489  reg=0.0215
[13:54:56] ──────────────────── Epoch 76/200 ────────────────────
[13:54:57] [ep76|s3550]  loss=+0.1873  mse=0.1190  reg=0.0682
[13:54:58] ──────────────────── Epoch 77/200 ────────────────────
[13:54:59] [ep77|s3600]  loss=+0.0912  mse=0.0677  reg=0.0235
[13:55:00] ──────────────────── Epoch 78/200 ────────────────────
[13:55:02] [ep78|s3650]  loss=+0.1477  mse=0.1177  reg=0.0300
[13:55:02] ──────────────────── Epoch 79/200 ────────────────────
[13:55:04] [ep79|s3700]  loss=+0.0850  mse=0.0563  reg=0.0287
[13:55:04] ──────────────────── Epoch 80/200 ────────────────────
[13:55:06] [ep80|s3750]  loss=+0.0882  mse=0.0548  reg=0.0335
[13:55:07] ══════════ VAL ep80 ══════════  ρ=+0.3005 (p=0.0000) [PASS ✓]  AUROC(E)=0.6943  ECE=0.1901  N=177  avg_loss=0.0880
[13:55:07]   best so far: ρ=0.3232 @ ep30
[13:55:10]   ckpt saved → ckpt_epoch0080.pt
[13:55:10] ──────────────────── Epoch 81/200 ────────────────────
[13:55:12] [ep81|s3800]  loss=+0.0787  mse=0.0471  reg=0.0316
[13:55:12] ──────────────────── Epoch 82/200 ────────────────────
[13:55:14] [ep82|s3850]  loss=+0.0686  mse=0.0480  reg=0.0206
[13:55:14] ──────────────────── Epoch 83/200 ────────────────────
[13:55:15] [ep83|s3900]  loss=+0.0944  mse=0.0384  reg=0.0560
[13:55:15] ──────────────────── Epoch 84/200 ────────────────────
[13:55:17] ──────────────────── Epoch 85/200 ────────────────────
[13:55:17] [ep85|s3950]  loss=+0.0499  mse=0.0231  reg=0.0268
[13:55:19] ──────────────────── Epoch 86/200 ────────────────────
[13:55:19] [ep86|s4000]  loss=+0.0629  mse=0.0293  reg=0.0336
[13:55:20] ──────────────────── Epoch 87/200 ────────────────────
[13:55:21] [ep87|s4050]  loss=+0.1372  mse=0.0231  reg=0.1142
[13:55:22] ──────────────────── Epoch 88/200 ────────────────────
[13:55:23] [ep88|s4100]  loss=+0.1459  mse=0.0865  reg=0.0594
[13:55:24] ──────────────────── Epoch 89/200 ────────────────────
[13:55:24] [ep89|s4150]  loss=+0.0550  mse=0.0214  reg=0.0336
[13:55:25] ──────────────────── Epoch 90/200 ────────────────────
[13:55:26] [ep90|s4200]  loss=+0.0566  mse=0.0233  reg=0.0334
[13:55:28] ══════════ VAL ep90 ══════════  ρ=+0.2480 (p=0.0009) [PASS ✓]  AUROC(E)=0.7174  ECE=0.2000  N=177  avg_loss=0.0775
[13:55:28]   best so far: ρ=0.3232 @ ep30
[13:55:29]   ckpt saved → ckpt_epoch0090.pt
[13:55:29] ──────────────────── Epoch 91/200 ────────────────────
[13:55:30] [ep91|s4250]  loss=+0.0958  mse=0.0451  reg=0.0506
[13:55:32] ──────────────────── Epoch 92/200 ────────────────────
[13:55:33] [ep92|s4300]  loss=+0.0488  mse=0.0158  reg=0.0330
[13:55:34] ──────────────────── Epoch 93/200 ────────────────────
[13:55:35] [ep93|s4350]  loss=+0.0528  mse=0.0274  reg=0.0254
[13:55:36] ──────────────────── Epoch 94/200 ────────────────────
[13:55:38] [ep94|s4400]  loss=+0.0838  mse=0.0388  reg=0.0450
[13:55:39] ──────────────────── Epoch 95/200 ────────────────────
[13:55:40] [ep95|s4450]  loss=+0.0328  mse=0.0172  reg=0.0156
[13:55:41] ──────────────────── Epoch 96/200 ────────────────────
[13:55:43] [ep96|s4500]  loss=+0.0633  mse=0.0159  reg=0.0474
[13:55:43] ──────────────────── Epoch 97/200 ────────────────────
[13:55:45] [ep97|s4550]  loss=+0.0805  mse=0.0201  reg=0.0604
[13:55:45] ──────────────────── Epoch 98/200 ────────────────────
[13:55:47] [ep98|s4600]  loss=+0.1336  mse=0.0369  reg=0.0966
[13:55:47] ──────────────────── Epoch 99/200 ────────────────────
[13:55:49] [ep99|s4650]  loss=+0.0655  mse=0.0268  reg=0.0387
[13:55:49] ──────────────────── Epoch 100/200 ────────────────────
[13:55:51] [ep100|s4700]  loss=+0.0496  mse=0.0136  reg=0.0360
[13:55:51] ══════════ VAL ep100 ══════════  ρ=+0.3174 (p=0.0000) [PASS ✓]  AUROC(E)=0.7028  ECE=0.2039  N=177  avg_loss=0.0698
[13:55:51]   best so far: ρ=0.3232 @ ep30
[13:55:53]   ckpt saved → ckpt_epoch0100.pt
[13:55:53] ──────────────────── Epoch 101/200 ────────────────────
[13:55:55] ──────────────────── Epoch 102/200 ────────────────────
[13:55:55] [ep102|s4750]  loss=+0.0594  mse=0.0279  reg=0.0316
[13:55:56] ──────────────────── Epoch 103/200 ────────────────────
[13:55:57] [ep103|s4800]  loss=+0.0532  mse=0.0249  reg=0.0283
[13:55:58] ──────────────────── Epoch 104/200 ────────────────────
[13:55:59] [ep104|s4850]  loss=+0.0679  mse=0.0353  reg=0.0327
[13:56:00] ──────────────────── Epoch 105/200 ────────────────────
[13:56:01] [ep105|s4900]  loss=+0.0299  mse=0.0151  reg=0.0148
[13:56:02] ──────────────────── Epoch 106/200 ────────────────────
[13:56:03] [ep106|s4950]  loss=+0.0374  mse=0.0202  reg=0.0172
[13:56:05] ──────────────────── Epoch 107/200 ────────────────────
[13:56:05] [ep107|s5000]  loss=+0.0826  mse=0.0351  reg=0.0476
[13:56:07] ──────────────────── Epoch 108/200 ────────────────────
[13:56:08] [ep108|s5050]  loss=+0.0664  mse=0.0360  reg=0.0305
[13:56:09] ──────────────────── Epoch 109/200 ────────────────────
[13:56:11] [ep109|s5100]  loss=+0.0801  mse=0.0251  reg=0.0550
[13:56:12] ──────────────────── Epoch 110/200 ────────────────────
[13:56:13] [ep110|s5150]  loss=+0.0702  mse=0.0266  reg=0.0436
[13:56:14] ══════════ VAL ep110 ══════════  ρ=+0.3128 (p=0.0000) [PASS ✓]  AUROC(E)=0.7086  ECE=0.1947  N=177  avg_loss=0.0632
[13:56:14]   best so far: ρ=0.3232 @ ep30
[13:56:15]   ckpt saved → ckpt_epoch0110.pt
[13:56:15] ──────────────────── Epoch 111/200 ────────────────────
[13:56:16] [ep111|s5200]  loss=+0.0530  mse=0.0134  reg=0.0396
[13:56:17] ──────────────────── Epoch 112/200 ────────────────────
[13:56:18] [ep112|s5250]  loss=+0.0669  mse=0.0161  reg=0.0508
[13:56:19] ──────────────────── Epoch 113/200 ────────────────────
[13:56:20] [ep113|s5300]  loss=+0.0544  mse=0.0161  reg=0.0384
[13:56:21] ──────────────────── Epoch 114/200 ────────────────────
[13:56:22] [ep114|s5350]  loss=+0.0565  mse=0.0181  reg=0.0384
[13:56:22] ──────────────────── Epoch 115/200 ────────────────────
[13:56:24] [ep115|s5400]  loss=+0.0312  mse=0.0110  reg=0.0201
[13:56:24] ──────────────────── Epoch 116/200 ────────────────────
[13:56:25] [ep116|s5450]  loss=+0.0288  mse=0.0051  reg=0.0237
[13:56:25] ──────────────────── Epoch 117/200 ────────────────────
[13:56:27] ──────────────────── Epoch 118/200 ────────────────────
[13:56:27] [ep118|s5500]  loss=+0.0301  mse=0.0088  reg=0.0213
[13:56:28] ──────────────────── Epoch 119/200 ────────────────────
[13:56:28] [ep119|s5550]  loss=+0.0321  mse=0.0150  reg=0.0171
[13:56:30] ──────────────────── Epoch 120/200 ────────────────────
[13:56:30] [ep120|s5600]  loss=+0.0766  mse=0.0330  reg=0.0437
[13:56:31] ══════════ VAL ep120 ══════════  ρ=+0.2575 (p=0.0005) [PASS ✓]  AUROC(E)=0.7035  ECE=0.1973  N=177  avg_loss=0.0565
[13:56:31]   best so far: ρ=0.3232 @ ep30
[13:56:34]   ckpt saved → ckpt_epoch0120.pt
[13:56:34] ──────────────────── Epoch 121/200 ────────────────────
[13:56:35] [ep121|s5650]  loss=+0.0347  mse=0.0090  reg=0.0257
[13:56:36] ──────────────────── Epoch 122/200 ────────────────────
[13:56:37] [ep122|s5700]  loss=+0.0888  mse=0.0185  reg=0.0703
[13:56:38] ──────────────────── Epoch 123/200 ────────────────────
[13:56:39] [ep123|s5750]  loss=+0.0344  mse=0.0110  reg=0.0234
[13:56:40] ──────────────────── Epoch 124/200 ────────────────────
[13:56:40] [ep124|s5800]  loss=+0.0617  mse=0.0140  reg=0.0477
[13:56:41] ──────────────────── Epoch 125/200 ────────────────────
[13:56:42] [ep125|s5850]  loss=+0.0676  mse=0.0165  reg=0.0511
[13:56:43] ──────────────────── Epoch 126/200 ────────────────────
[13:56:44] [ep126|s5900]  loss=+0.0445  mse=0.0138  reg=0.0308
[13:56:44] ──────────────────── Epoch 127/200 ────────────────────
[13:56:45] [ep127|s5950]  loss=+0.0432  mse=0.0210  reg=0.0222
[13:56:46] ──────────────────── Epoch 128/200 ────────────────────
[13:56:47] [ep128|s6000]  loss=+0.0301  mse=0.0132  reg=0.0169
[13:56:47] ──────────────────── Epoch 129/200 ────────────────────
[13:56:48] [ep129|s6050]  loss=+0.0883  mse=0.0097  reg=0.0786
[13:56:48] ──────────────────── Epoch 130/200 ────────────────────
[13:56:50] [ep130|s6100]  loss=+0.0629  mse=0.0108  reg=0.0520
[13:56:50] ══════════ VAL ep130 ══════════  ρ=+0.2915 (p=0.0001) [PASS ✓]  AUROC(E)=0.7099  ECE=0.2033  N=177  avg_loss=0.0537
[13:56:50]   best so far: ρ=0.3232 @ ep30
[13:56:51]   ckpt saved → ckpt_epoch0130.pt
[13:56:51] ──────────────────── Epoch 131/200 ────────────────────
[13:56:53] [ep131|s6150]  loss=+0.0427  mse=0.0087  reg=0.0340
[13:56:53] ──────────────────── Epoch 132/200 ────────────────────
[13:56:54] [ep132|s6200]  loss=+0.0528  mse=0.0110  reg=0.0417
[13:56:55] ──────────────────── Epoch 133/200 ────────────────────
[13:56:56] [ep133|s6250]  loss=+0.0476  mse=0.0178  reg=0.0298
[13:56:56] ──────────────────── Epoch 134/200 ────────────────────
[13:56:58] ──────────────────── Epoch 135/200 ────────────────────
[13:56:58] [ep135|s6300]  loss=+0.0673  mse=0.0153  reg=0.0519
[13:56:59] ──────────────────── Epoch 136/200 ────────────────────
[13:57:00] [ep136|s6350]  loss=+0.0674  mse=0.0307  reg=0.0367
[13:57:01] ──────────────────── Epoch 137/200 ────────────────────
[13:57:01] [ep137|s6400]  loss=+0.0344  mse=0.0075  reg=0.0268
[13:57:02] ──────────────────── Epoch 138/200 ────────────────────
[13:57:03] [ep138|s6450]  loss=+0.0282  mse=0.0061  reg=0.0221
[13:57:04] ──────────────────── Epoch 139/200 ────────────────────
[13:57:05] [ep139|s6500]  loss=+0.0615  mse=0.0075  reg=0.0540
[13:57:06] ──────────────────── Epoch 140/200 ────────────────────
[13:57:06] [ep140|s6550]  loss=+0.0218  mse=0.0056  reg=0.0162
[13:57:08] ══════════ VAL ep140 ══════════  ρ=+0.2811 (p=0.0002) [PASS ✓]  AUROC(E)=0.7001  ECE=0.1989  N=177  avg_loss=0.0519
[13:57:08]   best so far: ρ=0.3232 @ ep30
[13:57:09]   ckpt saved → ckpt_epoch0140.pt
[13:57:09] ──────────────────── Epoch 141/200 ────────────────────
[13:57:09] [ep141|s6600]  loss=+0.0308  mse=0.0037  reg=0.0271
[13:57:10] ──────────────────── Epoch 142/200 ────────────────────
[13:57:11] [ep142|s6650]  loss=+0.0752  mse=0.0152  reg=0.0600
[13:57:12] ──────────────────── Epoch 143/200 ────────────────────
[13:57:13] [ep143|s6700]  loss=+0.0606  mse=0.0069  reg=0.0537
[13:57:13] ──────────────────── Epoch 144/200 ────────────────────
[13:57:14] [ep144|s6750]  loss=+0.0484  mse=0.0170  reg=0.0314
[13:57:15] ──────────────────── Epoch 145/200 ────────────────────
[13:57:16] [ep145|s6800]  loss=+0.0622  mse=0.0077  reg=0.0544
[13:57:16] ──────────────────── Epoch 146/200 ────────────────────
[13:57:17] [ep146|s6850]  loss=+0.0524  mse=0.0045  reg=0.0480
[13:57:18] ──────────────────── Epoch 147/200 ────────────────────
[13:57:19] [ep147|s6900]  loss=+0.0872  mse=0.0120  reg=0.0751
[13:57:20] ──────────────────── Epoch 148/200 ────────────────────
[13:57:21] [ep148|s6950]  loss=+0.0389  mse=0.0067  reg=0.0322
[13:57:21] ──────────────────── Epoch 149/200 ────────────────────
[13:57:22] [ep149|s7000]  loss=+0.0217  mse=0.0060  reg=0.0157
[13:57:22] ──────────────────── Epoch 150/200 ────────────────────
[13:57:24] [ep150|s7050]  loss=+0.0842  mse=0.0081  reg=0.0761
[13:57:24] ══════════ VAL ep150 ══════════  ρ=+0.2813 (p=0.0001) [PASS ✓]  AUROC(E)=0.7079  ECE=0.1992  N=177  avg_loss=0.0498
[13:57:24]   best so far: ρ=0.3232 @ ep30
[13:57:25]   ckpt saved → ckpt_epoch0150.pt
[13:57:25] ──────────────────── Epoch 151/200 ────────────────────
[13:57:27] ──────────────────── Epoch 152/200 ────────────────────
[13:57:27] [ep152|s7100]  loss=+0.0474  mse=0.0125  reg=0.0349
[13:57:28] ──────────────────── Epoch 153/200 ────────────────────
[13:57:29] [ep153|s7150]  loss=+0.0696  mse=0.0104  reg=0.0591
[13:57:30] ──────────────────── Epoch 154/200 ────────────────────
[13:57:31] [ep154|s7200]  loss=+0.0701  mse=0.0075  reg=0.0626
[13:57:32] ──────────────────── Epoch 155/200 ────────────────────
[13:57:32] [ep155|s7250]  loss=+0.0256  mse=0.0058  reg=0.0198
[13:57:33] ──────────────────── Epoch 156/200 ────────────────────
[13:57:34] [ep156|s7300]  loss=+0.0406  mse=0.0049  reg=0.0358
[13:57:35] ──────────────────── Epoch 157/200 ────────────────────
[13:57:35] [ep157|s7350]  loss=+0.0218  mse=0.0038  reg=0.0180
[13:57:36] ──────────────────── Epoch 158/200 ────────────────────
[13:57:37] [ep158|s7400]  loss=+0.0608  mse=0.0078  reg=0.0530
[13:57:37] ──────────────────── Epoch 159/200 ────────────────────
[13:57:38] [ep159|s7450]  loss=+0.0730  mse=0.0082  reg=0.0649
[13:57:39] ──────────────────── Epoch 160/200 ────────────────────
[13:57:40] [ep160|s7500]  loss=+0.0283  mse=0.0041  reg=0.0242
[13:57:41] ══════════ VAL ep160 ══════════  ρ=+0.2840 (p=0.0001) [PASS ✓]  AUROC(E)=0.7081  ECE=0.1999  N=177  avg_loss=0.0490
[13:57:41]   best so far: ρ=0.3232 @ ep30
[13:57:42]   ckpt saved → ckpt_epoch0160.pt
[13:57:42] ──────────────────── Epoch 161/200 ────────────────────
[13:57:44] [ep161|s7550]  loss=+0.0546  mse=0.0083  reg=0.0462
[13:57:44] ──────────────────── Epoch 162/200 ────────────────────
[13:57:45] [ep162|s7600]  loss=+0.0941  mse=0.0171  reg=0.0770
[13:57:46] ──────────────────── Epoch 163/200 ────────────────────
[13:57:47] [ep163|s7650]  loss=+0.0391  mse=0.0046  reg=0.0345
[13:57:47] ──────────────────── Epoch 164/200 ────────────────────
[13:57:48] [ep164|s7700]  loss=+0.0392  mse=0.0065  reg=0.0328
[13:57:49] ──────────────────── Epoch 165/200 ────────────────────
[13:57:50] [ep165|s7750]  loss=+0.0397  mse=0.0057  reg=0.0340
[13:57:50] ──────────────────── Epoch 166/200 ────────────────────
[13:57:52] [ep166|s7800]  loss=+0.0538  mse=0.0051  reg=0.0487
[13:57:52] ──────────────────── Epoch 167/200 ────────────────────
[13:57:54] ──────────────────── Epoch 168/200 ────────────────────
[13:57:54] [ep168|s7850]  loss=+0.0405  mse=0.0082  reg=0.0323
[13:57:55] ──────────────────── Epoch 169/200 ────────────────────
[13:57:56] [ep169|s7900]  loss=+0.0297  mse=0.0038  reg=0.0259
[13:57:57] ──────────────────── Epoch 170/200 ────────────────────
[13:57:58] [ep170|s7950]  loss=+0.0290  mse=0.0035  reg=0.0255
[13:57:59] ══════════ VAL ep170 ══════════  ρ=+0.2831 (p=0.0001) [PASS ✓]  AUROC(E)=0.7098  ECE=0.2004  N=177  avg_loss=0.0482
[13:57:59]   best so far: ρ=0.3232 @ ep30
[13:58:01]   ckpt saved → ckpt_epoch0170.pt
[13:58:01] ──────────────────── Epoch 171/200 ────────────────────
[13:58:01] [ep171|s8000]  loss=+0.0693  mse=0.0071  reg=0.0622
[13:58:03] ──────────────────── Epoch 172/200 ────────────────────
[13:58:03] [ep172|s8050]  loss=+0.0362  mse=0.0078  reg=0.0284
[13:58:04] ──────────────────── Epoch 173/200 ────────────────────
[13:58:05] [ep173|s8100]  loss=+0.0172  mse=0.0027  reg=0.0145
[13:58:06] ──────────────────── Epoch 174/200 ────────────────────
[13:58:07] [ep174|s8150]  loss=+0.0597  mse=0.0067  reg=0.0530
[13:58:08] ──────────────────── Epoch 175/200 ────────────────────
[13:58:09] [ep175|s8200]  loss=+0.0674  mse=0.0071  reg=0.0603
[13:58:10] ──────────────────── Epoch 176/200 ────────────────────
[13:58:11] [ep176|s8250]  loss=+0.0338  mse=0.0033  reg=0.0305
[13:58:11] ──────────────────── Epoch 177/200 ────────────────────
[13:58:12] [ep177|s8300]  loss=+0.0463  mse=0.0057  reg=0.0406
[13:58:13] ──────────────────── Epoch 178/200 ────────────────────
[13:58:14] [ep178|s8350]  loss=+0.0320  mse=0.0055  reg=0.0266
[13:58:15] ──────────────────── Epoch 179/200 ────────────────────
[13:58:16] [ep179|s8400]  loss=+0.0246  mse=0.0031  reg=0.0215
[13:58:17] ──────────────────── Epoch 180/200 ────────────────────
[13:58:18] [ep180|s8450]  loss=+0.0514  mse=0.0040  reg=0.0474
[13:58:19] ══════════ VAL ep180 ══════════  ρ=+0.2797 (p=0.0002) [PASS ✓]  AUROC(E)=0.7045  ECE=0.2003  N=177  avg_loss=0.0473
[13:58:19]   best so far: ρ=0.3232 @ ep30
[13:58:20]   ckpt saved → ckpt_epoch0180.pt
[13:58:20] ──────────────────── Epoch 181/200 ────────────────────
[13:58:22] [ep181|s8500]  loss=+0.0890  mse=0.0099  reg=0.0792
[13:58:22] ──────────────────── Epoch 182/200 ────────────────────
[13:58:24] [ep182|s8550]  loss=+0.0485  mse=0.0054  reg=0.0431
[13:58:24] ──────────────────── Epoch 183/200 ────────────────────
[13:58:26] [ep183|s8600]  loss=+0.0289  mse=0.0034  reg=0.0256
[13:58:26] ──────────────────── Epoch 184/200 ────────────────────
[13:58:27] ──────────────────── Epoch 185/200 ────────────────────
[13:58:28] [ep185|s8650]  loss=+0.0389  mse=0.0052  reg=0.0337
[13:58:29] ──────────────────── Epoch 186/200 ────────────────────
[13:58:29] [ep186|s8700]  loss=+0.0664  mse=0.0080  reg=0.0585
[13:58:31] ──────────────────── Epoch 187/200 ────────────────────
[13:58:31] [ep187|s8750]  loss=+0.0306  mse=0.0039  reg=0.0267
[13:58:33] ──────────────────── Epoch 188/200 ────────────────────
[13:58:33] [ep188|s8800]  loss=+0.0527  mse=0.0064  reg=0.0463
[13:58:35] ──────────────────── Epoch 189/200 ────────────────────
[13:58:35] [ep189|s8850]  loss=+0.0361  mse=0.0043  reg=0.0318
[13:58:36] ──────────────────── Epoch 190/200 ────────────────────
[13:58:37] [ep190|s8900]  loss=+0.0651  mse=0.0065  reg=0.0587
[13:58:38] ══════════ VAL ep190 ══════════  ρ=+0.2796 (p=0.0002) [PASS ✓]  AUROC(E)=0.7081  ECE=0.2005  N=177  avg_loss=0.0482
[13:58:38]   best so far: ρ=0.3232 @ ep30
[13:58:39]   ckpt saved → ckpt_epoch0190.pt
[13:58:39] ──────────────────── Epoch 191/200 ────────────────────
[13:58:40] [ep191|s8950]  loss=+0.0484  mse=0.0048  reg=0.0436
[13:58:41] ──────────────────── Epoch 192/200 ────────────────────
[13:58:42] [ep192|s9000]  loss=+0.0473  mse=0.0075  reg=0.0398
[13:58:43] ──────────────────── Epoch 193/200 ────────────────────
[13:58:44] [ep193|s9050]  loss=+0.0582  mse=0.0117  reg=0.0465
[13:58:45] ──────────────────── Epoch 194/200 ────────────────────
[13:58:46] [ep194|s9100]  loss=+0.0267  mse=0.0041  reg=0.0226
[13:58:46] ──────────────────── Epoch 195/200 ────────────────────
[13:58:47] [ep195|s9150]  loss=+0.0280  mse=0.0036  reg=0.0244
[13:58:48] ──────────────────── Epoch 196/200 ────────────────────
[13:58:49] [ep196|s9200]  loss=+0.0349  mse=0.0046  reg=0.0303
[13:58:50] ──────────────────── Epoch 197/200 ────────────────────
[13:58:51] [ep197|s9250]  loss=+0.0371  mse=0.0072  reg=0.0299
[13:58:51] ──────────────────── Epoch 198/200 ────────────────────
[13:58:53] [ep198|s9300]  loss=+0.0491  mse=0.0040  reg=0.0451
[13:58:53] ──────────────────── Epoch 199/200 ────────────────────
[13:58:55] [ep199|s9350]  loss=+0.0330  mse=0.0030  reg=0.0301
[13:58:55] ──────────────────── Epoch 200/200 ────────────────────
[13:58:56] [ep200|s9400]  loss=+0.0564  mse=0.0072  reg=0.0492
[13:58:57] ══════════ VAL ep200 ══════════  ρ=+0.2794 (p=0.0002) [PASS ✓]  AUROC(E)=0.7072  ECE=0.1999  N=177  avg_loss=0.0471
[13:58:57]   best so far: ρ=0.3232 @ ep30
[13:58:58]   ckpt saved → ckpt_epoch0200.pt
