[15:35:22] ──────────────────── Epoch 01/30 ────────────────────
[15:36:32] [ep01|s0010]  rw=+7.200  cd=+0.000  reg=7.200  │  e+=-6.00(±0.000)  e-=-6.00(±0.000)  sep=-1.0  │  fm_e=-38.1  fm=off  │  ∇rw=0.00  ∇pol=1.36
[15:37:34] [ep01|s0020]  rw=+7.200  cd=+0.000  reg=7.200  │  e+=-6.00(±0.000)  e-=-6.00(±0.000)  sep=-1.0  │  fm_e=-47.0  fm=off  │  ∇rw=0.00  ∇pol=1.49
[15:38:36] [ep01|s0030]  rw=+7.200  cd=+0.000  reg=7.200  │  e+=-6.00(±0.000)  e-=-6.00(±0.000)  sep=-1.0  │  fm_e=-47.5  fm=off  │  ∇rw=0.00  ∇pol=5.16
[15:39:38] [ep01|s0040]  rw=+7.200  cd=+0.000  reg=7.200  │  e+=-6.00(±0.000)  e-=-6.00(±0.000)  sep=-1.0  │  fm_e=-47.9  fm=off  │  ∇rw=0.00  ∇pol=0.75
[15:40:40] [ep01|s0050]  rw=+7.200  cd=+0.000  reg=7.200  │  e+=-6.00(±0.000)  e-=-6.00(±0.000)  sep=-1.0  │  fm_e=-47.8  fm=off  │  ∇rw=0.00  ∇pol=0.81
[15:41:42] [ep01|s0060]  rw=+7.200  cd=+0.000  reg=7.200  │  e+=-6.00(±0.000)  e-=-6.00(±0.000)  sep=-1.0  │  fm_e=-48.0  fm=off  │  ∇rw=0.00  ∇pol=0.75
[15:42:44] [ep01|s0070]  rw=+7.200  cd=+0.000  reg=7.200  │  e+=-6.00(±0.000)  e-=-6.00(±0.000)  sep=-1.0  │  fm_e=-48.0  fm=off  │  ∇rw=0.00  ∇pol=0.92
[15:43:46] [ep01|s0080]  rw=+7.200  cd=+0.000  reg=7.200  │  e+=-6.00(±0.000)  e-=-6.00(±0.000)  sep=-1.0  │  fm_e=-48.1  fm=off  │  ∇rw=0.00  ∇pol=1.18
[15:44:48] [ep01|s0090]  rw=+7.200  cd=+0.000  reg=7.200  │  e+=-6.00(±0.000)  e-=-6.00(±0.000)  sep=-1.0  │  fm_e=-48.1  fm=off  │  ∇rw=0.00  ∇pol=0.90
[15:45:50] [ep01|s0100]  rw=+7.200  cd=+0.000  reg=7.200  │  e+=-6.00(±0.000)  e-=-6.00(±0.000)  sep=-1.0  │  fm_e=-48.2  fm=off  │  ∇rw=0.00  ∇pol=1.16
[15:46:53] [ep01|s0110]  rw=+7.200  cd=+0.000  reg=7.200  │  e+=-6.00(±0.000)  e-=-6.00(±0.000)  sep=-1.0  │  fm_e=-48.2  fm=off  │  ∇rw=0.00  ∇pol=0.89
[15:47:55] [ep01|s0120]  rw=+7.200  cd=+0.000  reg=7.200  │  e+=-6.00(±0.000)  e-=-6.00(±0.000)  sep=-1.0  │  fm_e=-48.2  fm=off  │  ∇rw=0.00  ∇pol=0.93
[15:48:57] [ep01|s0130]  rw=+7.200  cd=+0.000  reg=7.200  │  e+=-6.00(±0.000)  e-=-6.00(±0.000)  sep=-1.0  │  fm_e=-48.2  fm=off  │  ∇rw=0.00  ∇pol=0.86
[15:50:23] ──────────────────── Epoch 01/30 ────────────────────
[15:51:25] [ep01|s0010]  rw=-0.460  cd=-0.546  reg=0.085  │  e+=-0.84(±0.062)  e-=-0.30(±0.004)  sep=-1.0  │  fm_e=-1.2  fm=off  │  ∇rw=16.45  ∇pol=1.67
[15:52:27] [ep01|s0020]  rw=-4.701  cd=-11.420  reg=6.719  │  e+=-5.61(±0.355)  e-=+5.74(±0.038)  sep=-1.0  │  fm_e=-9.4  fm=off  │  ∇rw=96.30  ∇pol=1.29
[15:53:29] [ep01|s0030]  rw=-4.932  cd=-9.440  reg=4.508  │  e+=-4.48(±1.109)  e-=+4.85(±0.043)  sep=-1.0  │  fm_e=-7.2  fm=off  │  ∇rw=14.11  ∇pol=2.13
[15:54:31] [ep01|s0040]  rw=-4.995  cd=-9.690  reg=4.695  │  e+=-4.27(±0.228)  e-=+5.35(±0.032)  sep=-1.0  │  fm_e=-4.9  fm=off  │  ∇rw=16.00  ∇pol=1.08
[15:55:33] [ep01|s0050]  rw=-4.990  cd=-9.479  reg=4.489  │  e+=-4.52(±0.145)  e-=+4.93(±0.004)  sep=-1.0  │  fm_e=-5.6  fm=off  │  ∇rw=3.92  ∇pol=0.89
[15:56:35] [ep01|s0060]  rw=-4.942  cd=-8.875  reg=3.932  │  e+=-4.20(±0.174)  e-=+4.65(±0.025)  sep=-1.0  │  fm_e=-5.6  fm=off  │  ∇rw=6.84  ∇pol=0.83
[15:57:38] [ep01|s0070]  rw=-4.884  cd=-10.244  reg=5.360  │  e+=-5.34(±0.257)  e-=+4.97(±0.017)  sep=-1.0  │  fm_e=-7.3  fm=off  │  ∇rw=6.94  ∇pol=0.91
[15:58:40] [ep01|s0080]  rw=-4.895  cd=-11.042  reg=6.148  │  e+=-5.97(±0.051)  e-=+5.07(±0.005)  sep=-1.0  │  fm_e=+4.3  fm=off  │  ∇rw=58.52  ∇pol=0.96
[15:59:42] [ep01|s0090]  rw=-4.965  cd=-10.172  reg=5.207  │  e+=-5.15(±0.120)  e-=+5.05(±0.006)  sep=-1.0  │  fm_e=-5.5  fm=off  │  ∇rw=2.68  ∇pol=0.84
[16:00:44] [ep01|s0100]  rw=-4.978  cd=-9.986  reg=5.008  │  e+=-5.01(±0.212)  e-=+4.99(±0.010)  sep=-1.0  │  fm_e=-6.4  fm=off  │  ∇rw=2.34  ∇pol=1.24
[16:01:46] [ep01|s0110]  rw=-4.944  cd=-9.513  reg=4.569  │  e+=-4.47(±0.217)  e-=+5.07(±0.013)  sep=-1.0  │  fm_e=-9.1  fm=off  │  ∇rw=2.16  ∇pol=1.00
[16:02:48] [ep01|s0120]  rw=-4.990  cd=-9.960  reg=4.969  │  e+=-5.08(±0.030)  e-=+4.88(±0.053)  sep=-1.0  │  fm_e=-5.8  fm=off  │  ∇rw=8.47  ∇pol=0.73
[16:03:50] [ep01|s0130]  rw=-4.969  cd=-10.060  reg=5.090  │  e+=-5.13(±0.096)  e-=+4.96(±0.003)  sep=-1.0  │  fm_e=-6.8  fm=off  │  ∇rw=1.46  ∇pol=0.82
[16:04:52] [ep01|s0140]  rw=-4.989  cd=-10.222  reg=5.233  │  e+=-5.17(±0.125)  e-=+5.05(±0.003)  sep=-1.0  │  fm_e=-9.6  fm=off  │  ∇rw=2.38  ∇pol=0.87
[16:05:54] [ep01|s0150]  rw=-4.950  cd=-10.250  reg=5.300  │  e+=-5.24(±0.366)  e-=+5.03(±0.019)  sep=-1.0  │  fm_e=-8.2  fm=off  │  ∇rw=3.73  ∇pol=0.98
[16:06:56] [ep01|s0160]  rw=-4.971  cd=-10.260  reg=5.289  │  e+=-5.34(±0.165)  e-=+4.93(±0.031)  sep=-1.0  │  fm_e=-13.7  fm=off  │  ∇rw=2.23  ∇pol=0.55
[16:07:58] [ep01|s0170]  rw=-5.033  cd=-10.198  reg=5.166  │  e+=-5.16(±0.126)  e-=+5.00(±0.002)  sep=-1.0  │  fm_e=-6.4  fm=off  │  ∇rw=1.38  ∇pol=0.53
[16:09:01] [ep01|s0180]  rw=-4.298  cd=-12.043  reg=7.745  │  e+=-6.99(±1.764)  e-=+5.03(±0.044)  sep=-1.0  │  fm_e=-18.9  fm=off  │  ∇rw=13.51  ∇pol=1.41
[16:10:03] [ep01|s0190]  rw=-4.950  cd=-9.942  reg=4.992  │  e+=-4.82(±0.447)  e-=+5.15(±0.007)  sep=2.5  │  fm_e=-7.2  fm=off  │  ∇rw=4.27  ∇pol=0.93
[16:10:05] ══════════ VAL ep01 ══════════  ρ=-0.0444 (p=0.5575) [FAIL ✗]  AUROC(E)=0.5380  ECE=0.7979  N=177 ◀ BEST
[16:10:08]   ckpt saved → ckpt_epoch0001.pt
[16:10:08] ──────────────────── Epoch 02/30 ────────────────────
[16:11:10] [ep02|s0200]  rw=-5.011  cd=-9.915  reg=4.904  │  e+=-4.89(±0.170)  e-=+5.01(±0.003)  sep=12.9  │  fm_e=-0.6  fm=off  │  ∇rw=0.77  ∇pol=0.86
[16:12:12] [ep02|s0210]  rw=-4.871  cd=-10.257  reg=5.385  │  e+=-5.50(±0.252)  e-=+4.84(±0.021)  sep=10.9  │  fm_e=-6.3  fm=off  │  ∇rw=13.77  ∇pol=0.79
[16:13:06] [ep02|s0220]  rw=+1.759  cd=+1.350  reg=0.409  │  e+=-0.28(±0.334)  e-=-1.58(±0.359)  sep=15.2  │  fm_e=-1.7  fm=ON  │  ∇rw=74.96  ∇pol=1.03
[16:13:42] [ep02|s0230]  rw=-1.661  cd=-3.219  reg=1.558  │  e+=-1.88(±0.546)  e-=+1.60(±2.769)  sep=8.2  │  fm_e=+0.0  fm=ON  │  ∇rw=59.98  ∇pol=0.94
[16:14:19] [ep02|s0240]  rw=-0.791  cd=-6.350  reg=5.560  │  e+=-0.52(±3.141)  e-=+6.67(±0.245)  sep=19.3  │  fm_e=+6.8  fm=ON  │  ∇rw=243.70  ∇pol=0.79
[16:14:55] [ep02|s0250]  rw=-4.127  cd=-6.305  reg=2.178  │  e+=-2.01(±1.368)  e-=+3.71(±1.350)  sep=27.7  │  fm_e=+2.9  fm=ON  │  ∇rw=74.00  ∇pol=0.49
[16:15:31] [ep02|s0260]  rw=-3.768  cd=-6.567  reg=2.799  │  e+=-4.15(±1.751)  e-=+2.61(±0.280)  sep=13.2  │  fm_e=+2.8  fm=ON  │  ∇rw=40.89  ∇pol=0.44
[16:16:07] [ep02|s0270]  rw=-3.298  cd=-4.710  reg=1.412  │  e+=-1.21(±0.230)  e-=+3.51(±0.405)  sep=79.6  │  fm_e=+3.3  fm=ON  │  ∇rw=76.33  ∇pol=1.17
[16:16:43] [ep02|s0280]  rw=-0.909  cd=-5.109  reg=4.200  │  e+=-1.43(±4.225)  e-=+4.46(±1.261)  sep=18.8  │  fm_e=+3.7  fm=ON  │  ∇rw=120.38  ∇pol=0.51
[16:17:19] [ep02|s0290]  rw=-4.436  cd=-7.962  reg=3.526  │  e+=-3.96(±0.510)  e-=+4.02(±0.075)  sep=29.4  │  fm_e=+4.0  fm=ON  │  ∇rw=47.01  ∇pol=0.96
[16:17:55] [ep02|s0300]  rw=-4.835  cd=-8.388  reg=3.552  │  e+=-4.11(±0.165)  e-=+4.28(±0.191)  sep=61.8  │  fm_e=+4.2  fm=ON  │  ∇rw=13.47  ∇pol=0.51
[16:18:31] [ep02|s0310]  rw=-4.727  cd=-11.275  reg=6.548  │  e+=-6.51(±0.259)  e-=+4.79(±0.014)  sep=40.6  │  fm_e=+4.8  fm=ON  │  ∇rw=18.14  ∇pol=0.56
[16:19:07] [ep02|s0320]  rw=-4.943  cd=-10.020  reg=5.077  │  e+=-5.47(±0.135)  e-=+4.55(±0.126)  sep=137.1  │  fm_e=+4.6  fm=ON  │  ∇rw=6.00  ∇pol=0.55
[16:19:43] [ep02|s0330]  rw=-4.774  cd=-8.582  reg=3.809  │  e+=-4.15(±0.132)  e-=+4.47(±0.513)  sep=119.8  │  fm_e=+4.2  fm=ON  │  ∇rw=135.59  ∇pol=0.53
[16:20:19] [ep02|s0340]  rw=-3.678  cd=-6.146  reg=2.468  │  e+=-2.20(±1.087)  e-=+4.19(±0.288)  sep=80.4  │  fm_e=+4.0  fm=ON  │  ∇rw=90.16  ∇pol=0.49
[16:20:55] [ep02|s0350]  rw=-4.981  cd=-10.181  reg=5.201  │  e+=-5.44(±0.076)  e-=+4.73(±0.087)  sep=74.5  │  fm_e=+4.8  fm=ON  │  ∇rw=64.75  ∇pol=0.65
[16:21:31] [ep02|s0360]  rw=+1.552  cd=-2.039  reg=3.592  │  e+=-3.29(±2.631)  e-=-0.40(±2.271)  sep=21.3  │  fm_e=-1.7  fm=ON  │  ∇rw=240.66  ∇pol=1.91
[16:22:07] [ep02|s0370]  rw=-3.847  cd=-10.519  reg=6.672  │  e+=-7.03(±1.936)  e-=+3.66(±0.261)  sep=9.1  │  fm_e=+3.5  fm=ON  │  ∇rw=59.40  ∇pol=5.23
[16:22:43] [ep02|s0380]  rw=-4.626  cd=-8.662  reg=4.035  │  e+=-3.18(±0.247)  e-=+5.49(±0.193)  sep=21.4  │  fm_e=+5.4  fm=ON  │  ∇rw=17.05  ∇pol=2.32
[16:22:44] ══════════ VAL ep02 ══════════  ρ=+0.0103 (p=0.8916) [FAIL ✗]  AUROC(E)=0.4351  ECE=0.7439  N=177 ◀ BEST
[16:22:48]   ckpt saved → ckpt_epoch0002.pt
[16:22:48] ──────────────────── Epoch 03/30 ────────────────────
[16:23:24] [ep03|s0390]  rw=-4.356  cd=-8.473  reg=4.117  │  e+=-4.61(±2.691)  e-=+3.18(±0.717)  sep=17.3  │  fm_e=+3.4  fm=ON  │  ∇rw=181.18  ∇pol=0.75
[16:24:00] [ep03|s0400]  rw=-3.414  cd=-6.765  reg=3.350  │  e+=-2.28(±2.365)  e-=+4.75(±0.205)  sep=6.0  │  fm_e=+4.6  fm=ON  │  ∇rw=33.17  ∇pol=0.83
[16:24:36] [ep03|s0410]  rw=-4.911  cd=-8.972  reg=4.061  │  e+=-4.70(±0.153)  e-=+4.29(±0.068)  sep=99.3  │  fm_e=+4.3  fm=ON  │  ∇rw=8.12  ∇pol=2.62
[16:25:13] [ep03|s0420]  rw=-4.988  cd=-10.011  reg=5.023  │  e+=-5.04(±0.242)  e-=+4.97(±0.129)  sep=98.8  │  fm_e=+4.9  fm=ON  │  ∇rw=2.99  ∇pol=0.70
[16:25:49] [ep03|s0430]  rw=-2.229  cd=-7.298  reg=5.068  │  e+=-5.56(±0.174)  e-=+1.75(±1.872)  sep=76.4  │  fm_e=+0.7  fm=ON  │  ∇rw=124.24  ∇pol=1.05
[16:26:25] [ep03|s0440]  rw=-4.885  cd=-10.309  reg=5.424  │  e+=-4.43(±0.131)  e-=+5.88(±0.074)  sep=127.6  │  fm_e=+5.9  fm=ON  │  ∇rw=9.08  ∇pol=0.57
[16:27:01] [ep03|s0450]  rw=-3.327  cd=-7.505  reg=4.178  │  e+=-3.61(±2.278)  e-=+4.58(±0.063)  sep=79.3  │  fm_e=+4.5  fm=ON  │  ∇rw=479.57  ∇pol=0.37
[16:27:37] [ep03|s0460]  rw=-4.999  cd=-9.962  reg=4.964  │  e+=-5.11(±0.106)  e-=+4.85(±0.123)  sep=111.3  │  fm_e=+4.8  fm=ON  │  ∇rw=11.27  ∇pol=0.74
[16:28:13] [ep03|s0470]  rw=-0.110  cd=-4.938  reg=4.827  │  e+=-4.90(±0.255)  e-=-0.02(±2.903)  sep=94.5  │  fm_e=-1.7  fm=ON  │  ∇rw=712.53  ∇pol=1.50
[16:28:49] [ep03|s0480]  rw=-4.976  cd=-9.056  reg=4.080  │  e+=-4.63(±0.386)  e-=+4.38(±0.051)  sep=70.6  │  fm_e=+4.4  fm=ON  │  ∇rw=8.93  ∇pol=0.60
[16:29:25] [ep03|s0490]  rw=-4.965  cd=-9.432  reg=4.468  │  e+=-4.77(±0.192)  e-=+4.67(±0.008)  sep=99.5  │  fm_e=+4.7  fm=ON  │  ∇rw=3.18  ∇pol=0.54
[16:30:01] [ep03|s0500]  rw=-5.042  cd=-10.313  reg=5.272  │  e+=-5.26(±0.140)  e-=+5.00(±0.007)  sep=120.6  │  fm_e=+5.0  fm=ON  │  ∇rw=2.00  ∇pol=0.47
[16:30:37] [ep03|s0510]  rw=-4.978  cd=-8.986  reg=4.008  │  e+=-4.25(±0.310)  e-=+4.68(±0.229)  sep=54.3  │  fm_e=+4.5  fm=ON  │  ∇rw=7.42  ∇pol=0.46
[16:31:14] [ep03|s0520]  rw=-4.989  cd=-9.998  reg=5.009  │  e+=-4.80(±0.052)  e-=+5.20(±0.050)  sep=201.6  │  fm_e=+5.2  fm=ON  │  ∇rw=2.80  ∇pol=0.67
[16:31:50] [ep03|s0530]  rw=-5.009  cd=-9.966  reg=4.957  │  e+=-5.04(±0.709)  e-=+4.86(±0.086)  sep=59.6  │  fm_e=+4.9  fm=ON  │  ∇rw=2.16  ∇pol=0.49
[16:32:26] [ep03|s0540]  rw=-4.995  cd=-10.593  reg=5.597  │  e+=-5.27(±0.157)  e-=+5.30(±0.071)  sep=77.0  │  fm_e=+5.3  fm=ON  │  ∇rw=3.52  ∇pol=0.60
[16:33:02] [ep03|s0550]  rw=-4.972  cd=-10.234  reg=5.262  │  e+=-5.21(±0.414)  e-=+5.03(±0.070)  sep=160.1  │  fm_e=+5.0  fm=ON  │  ∇rw=6.35  ∇pol=0.76
[16:33:38] [ep03|s0560]  rw=-5.106  cd=-10.080  reg=4.974  │  e+=-4.93(±0.370)  e-=+5.02(±0.022)  sep=51.7  │  fm_e=+5.0  fm=ON  │  ∇rw=2.93  ∇pol=0.69
[16:34:14] [ep03|s0570]  rw=-5.111  cd=-10.107  reg=4.996  │  e+=-4.84(±0.338)  e-=+5.14(±0.070)  sep=78.1  │  fm_e=+5.2  fm=ON  │  ∇rw=2.47  ∇pol=0.45
[16:34:15] ══════════ VAL ep03 ══════════  ρ=+0.1103 (p=0.1440) [FAIL ✗]  AUROC(E)=0.5839  ECE=0.7980  N=177 ◀ BEST
[16:34:18]   ckpt saved → ckpt_epoch0003.pt
[16:34:18] ──────────────────── Epoch 04/30 ────────────────────
[16:34:54] [ep04|s0580]  rw=-4.939  cd=-10.137  reg=5.198  │  e+=-5.52(±0.073)  e-=+4.62(±0.245)  sep=100.8  │  fm_e=+4.5  fm=ON  │  ∇rw=4.76  ∇pol=0.71
[16:35:30] [ep04|s0590]  rw=-4.923  cd=-9.384  reg=4.461  │  e+=-4.43(±0.541)  e-=+4.97(±0.040)  sep=67.2  │  fm_e=+5.0  fm=ON  │  ∇rw=5.78  ∇pol=0.65
[16:36:06] [ep04|s0600]  rw=-4.959  cd=-10.549  reg=5.590  │  e+=-5.55(±0.281)  e-=+5.00(±0.067)  sep=135.9  │  fm_e=+5.0  fm=ON  │  ∇rw=3.07  ∇pol=0.79
[16:36:42] [ep04|s0610]  rw=-5.062  cd=-9.993  reg=4.931  │  e+=-5.08(±0.263)  e-=+4.83(±0.107)  sep=66.5  │  fm_e=+4.9  fm=ON  │  ∇rw=3.80  ∇pol=0.66
[16:37:18] [ep04|s0620]  rw=-2.537  cd=-7.301  reg=4.764  │  e+=-2.17(±3.951)  e-=+5.22(±0.049)  sep=63.8  │  fm_e=+5.2  fm=ON  │  ∇rw=32.67  ∇pol=0.55
[16:37:55] [ep04|s0630]  rw=-4.986  cd=-9.725  reg=4.740  │  e+=-4.80(±0.097)  e-=+4.92(±0.016)  sep=165.8  │  fm_e=+4.9  fm=ON  │  ∇rw=5.39  ∇pol=0.43
[16:38:31] [ep04|s0640]  rw=-5.054  cd=-10.388  reg=5.333  │  e+=-5.36(±0.315)  e-=+4.94(±0.016)  sep=111.4  │  fm_e=+4.9  fm=ON  │  ∇rw=8.36  ∇pol=0.68
[16:39:06] [ep04|s0650]  rw=-5.033  cd=-10.172  reg=5.138  │  e+=-5.26(±0.282)  e-=+4.85(±0.054)  sep=69.6  │  fm_e=+4.8  fm=ON  │  ∇rw=12.63  ∇pol=0.78
[16:39:43] [ep04|s0660]  rw=+2.258  cd=-2.599  reg=4.857  │  e+=-5.05(±0.155)  e-=-2.48(±4.093)  sep=47.3  │  fm_e=-4.8  fm=ON  │  ∇rw=81.62  ∇pol=0.54
[16:40:19] [ep04|s0670]  rw=-4.996  cd=-10.117  reg=5.122  │  e+=-5.34(±0.100)  e-=+4.77(±0.043)  sep=203.5  │  fm_e=+4.8  fm=ON  │  ∇rw=5.36  ∇pol=0.41
[16:40:55] [ep04|s0680]  rw=-5.007  cd=-10.067  reg=5.060  │  e+=-4.72(±0.075)  e-=+5.32(±0.051)  sep=170.3  │  fm_e=+5.4  fm=ON  │  ∇rw=3.74  ∇pol=0.42
[16:41:31] [ep04|s0690]  rw=-4.950  cd=-9.470  reg=4.520  │  e+=-4.82(±0.499)  e-=+4.60(±0.016)  sep=149.9  │  fm_e=+4.6  fm=ON  │  ∇rw=32.28  ∇pol=1.03
[16:42:07] [ep04|s0700]  rw=-5.004  cd=-9.999  reg=4.995  │  e+=-4.98(±0.146)  e-=+5.01(±0.050)  sep=173.3  │  fm_e=+5.0  fm=ON  │  ∇rw=1.58  ∇pol=0.55
[16:42:43] [ep04|s0710]  rw=-5.138  cd=-10.298  reg=5.161  │  e+=-5.14(±0.301)  e-=+5.00(±0.021)  sep=50.6  │  fm_e=+5.0  fm=ON  │  ∇rw=2.07  ∇pol=0.66
[16:43:19] [ep04|s0720]  rw=-4.446  cd=-9.910  reg=5.465  │  e+=-5.40(±1.028)  e-=+4.94(±0.017)  sep=37.4  │  fm_e=+4.9  fm=ON  │  ∇rw=4.18  ∇pol=0.53
[16:43:55] [ep04|s0730]  rw=-5.038  cd=-9.429  reg=4.392  │  e+=-4.86(±0.319)  e-=+4.48(±0.123)  sep=36.3  │  fm_e=+4.4  fm=ON  │  ∇rw=8.75  ∇pol=0.38
[16:44:31] [ep04|s0740]  rw=-2.607  cd=-6.126  reg=3.520  │  e+=-4.54(±0.362)  e-=+1.51(±2.009)  sep=36.6  │  fm_e=+0.4  fm=ON  │  ∇rw=397.43  ∇pol=0.65
[16:45:07] [ep04|s0750]  rw=-4.954  cd=-10.012  reg=5.058  │  e+=-5.07(±0.264)  e-=+4.98(±0.052)  sep=87.7  │  fm_e=+5.0  fm=ON  │  ∇rw=1.65  ∇pol=0.83
[16:45:43] [ep04|s0760]  rw=-4.983  cd=-9.690  reg=4.707  │  e+=-4.63(±0.512)  e-=+5.03(±0.025)  sep=86.6  │  fm_e=+5.0  fm=ON  │  ∇rw=1.88  ∇pol=0.61
[16:45:44] ══════════ VAL ep04 ══════════  ρ=+0.1073 (p=0.1551) [FAIL ✗]  AUROC(E)=0.4729  ECE=0.7826  N=177
[16:45:46]   ckpt saved → ckpt_epoch0004.pt
[16:45:46] ──────────────────── Epoch 05/30 ────────────────────
[16:46:22] [ep05|s0770]  rw=-5.182  cd=-8.845  reg=3.663  │  e+=-4.53(±0.897)  e-=+3.91(±0.136)  sep=34.4  │  fm_e=+4.0  fm=ON  │  ∇rw=12.33  ∇pol=0.61
[16:46:58] [ep05|s0780]  rw=-4.598  cd=-7.742  reg=3.144  │  e+=-4.70(±0.181)  e-=+3.05(±0.238)  sep=78.1  │  fm_e=+3.2  fm=ON  │  ∇rw=21.04  ∇pol=0.55
[16:47:34] [ep05|s0790]  rw=-4.605  cd=-7.259  reg=2.654  │  e+=-2.98(±0.714)  e-=+4.13(±0.195)  sep=54.8  │  fm_e=+4.1  fm=ON  │  ∇rw=17.31  ∇pol=0.64
[16:48:10] [ep05|s0800]  rw=-5.041  cd=-9.707  reg=4.666  │  e+=-4.47(±0.354)  e-=+5.15(±0.030)  sep=48.2  │  fm_e=+5.2  fm=ON  │  ∇rw=7.45  ∇pol=0.93
[16:48:46] [ep05|s0810]  rw=-4.699  cd=-8.969  reg=4.270  │  e+=-4.00(±1.416)  e-=+4.81(±0.021)  sep=91.4  │  fm_e=+4.8  fm=ON  │  ∇rw=40.92  ∇pol=0.45
[16:49:23] [ep05|s0820]  rw=-4.884  cd=-9.992  reg=5.108  │  e+=-4.70(±0.472)  e-=+5.35(±0.179)  sep=64.6  │  fm_e=+5.5  fm=ON  │  ∇rw=8.16  ∇pol=0.48
[16:49:59] [ep05|s0830]  rw=-5.007  cd=-9.997  reg=4.990  │  e+=-4.92(±0.237)  e-=+5.06(±0.018)  sep=139.8  │  fm_e=+5.1  fm=ON  │  ∇rw=2.16  ∇pol=0.48
[16:50:35] [ep05|s0840]  rw=-5.019  cd=-9.653  reg=4.634  │  e+=-4.50(±0.652)  e-=+5.06(±0.011)  sep=97.7  │  fm_e=+5.1  fm=ON  │  ∇rw=5.59  ∇pol=0.42
[16:51:11] [ep05|s0850]  rw=-5.028  cd=-9.838  reg=4.810  │  e+=-4.81(±0.297)  e-=+4.95(±0.320)  sep=59.9  │  fm_e=+4.8  fm=ON  │  ∇rw=12.40  ∇pol=1.11
[16:51:47] [ep05|s0860]  rw=-4.895  cd=-9.880  reg=4.985  │  e+=-4.07(±1.962)  e-=+5.29(±0.059)  sep=39.6  │  fm_e=+5.3  fm=ON  │  ∇rw=41.12  ∇pol=0.39
[16:52:23] [ep05|s0870]  rw=-4.990  cd=-10.268  reg=5.278  │  e+=-5.28(±0.262)  e-=+4.96(±0.433)  sep=46.8  │  fm_e=+4.7  fm=ON  │  ∇rw=7.77  ∇pol=1.53
[16:52:59] [ep05|s0880]  rw=-4.916  cd=-9.843  reg=4.928  │  e+=-4.93(±0.585)  e-=+4.96(±0.012)  sep=83.3  │  fm_e=+5.0  fm=ON  │  ∇rw=2.72  ∇pol=1.79
[16:53:35] [ep05|s0890]  rw=-4.640  cd=-8.759  reg=4.119  │  e+=-4.45(±1.784)  e-=+4.15(±0.133)  sep=62.3  │  fm_e=+4.2  fm=ON  │  ∇rw=40.12  ∇pol=0.53
[16:54:11] [ep05|s0900]  rw=-2.651  cd=-7.051  reg=4.400  │  e+=-5.13(±0.238)  e-=+1.91(±2.247)  sep=72.2  │  fm_e=+0.8  fm=ON  │  ∇rw=479.79  ∇pol=0.61
[16:54:47] [ep05|s0910]  rw=-4.496  cd=-12.211  reg=7.715  │  e+=-4.99(±0.092)  e-=+7.22(±0.069)  sep=92.0  │  fm_e=+7.3  fm=ON  │  ∇rw=29.73  ∇pol=0.46
[16:55:24] [ep05|s0920]  rw=-5.003  cd=-9.959  reg=4.956  │  e+=-4.86(±0.053)  e-=+5.09(±0.018)  sep=224.1  │  fm_e=+5.1  fm=ON  │  ∇rw=1.32  ∇pol=0.37
[16:56:00] [ep05|s0930]  rw=-4.997  cd=-9.550  reg=4.554  │  e+=-4.78(±0.219)  e-=+4.75(±0.087)  sep=73.6  │  fm_e=+4.7  fm=ON  │  ∇rw=3.62  ∇pol=0.60
[16:56:36] [ep05|s0940]  rw=-3.060  cd=-8.384  reg=5.324  │  e+=-6.49(±0.439)  e-=+1.94(±2.497)  sep=25.1  │  fm_e=+0.7  fm=ON  │  ∇rw=349.59  ∇pol=1.17
[16:57:12] [ep05|s0950]  rw=-1.269  cd=-4.469  reg=3.199  │  e+=-4.18(±0.548)  e-=+0.02(±3.082)  sep=41.1  │  fm_e=-1.8  fm=ON  │  ∇rw=138.82  ∇pol=2.39
[16:57:13] ══════════ VAL ep05 ══════════  ρ=+0.0240 (p=0.7510) [FAIL ✗]  AUROC(E)=0.4410  ECE=0.7660  N=177
[16:57:16]   ckpt saved → ckpt_epoch0005.pt
[16:57:16] ──────────────────── Epoch 06/30 ────────────────────
[16:57:53] [ep06|s0960]  rw=-4.611  cd=-12.548  reg=7.936  │  e+=-5.17(±0.518)  e-=+7.20(±0.449)  sep=19.1  │  fm_e=+7.5  fm=ON  │  ∇rw=67.33  ∇pol=1.30
[16:58:29] [ep06|s0970]  rw=-5.028  cd=-10.294  reg=5.266  │  e+=-5.09(±0.270)  e-=+5.16(±0.092)  sep=100.2  │  fm_e=+5.1  fm=ON  │  ∇rw=5.52  ∇pol=1.20
[16:59:05] [ep06|s0980]  rw=-5.041  cd=-10.699  reg=5.658  │  e+=-5.78(±0.279)  e-=+4.80(±0.210)  sep=92.9  │  fm_e=+4.7  fm=ON  │  ∇rw=7.94  ∇pol=0.48
[16:59:41] [ep06|s0990]  rw=-1.923  cd=-4.914  reg=2.990  │  e+=-0.86(±2.947)  e-=+4.50(±0.323)  sep=24.6  │  fm_e=+4.3  fm=ON  │  ∇rw=30.27  ∇pol=0.84
[17:00:17] [ep06|s1000]  rw=-4.858  cd=-10.207  reg=5.349  │  e+=-5.56(±0.277)  e-=+4.74(±0.080)  sep=64.3  │  fm_e=+4.7  fm=ON  │  ∇rw=8.48  ∇pol=1.29
[17:00:53] [ep06|s1010]  rw=-4.125  cd=-6.811  reg=2.685  │  e+=-1.96(±1.365)  e-=+4.55(±0.224)  sep=22.6  │  fm_e=+4.4  fm=ON  │  ∇rw=72.02  ∇pol=16.81
[17:01:29] [ep06|s1020]  rw=-4.909  cd=-9.858  reg=4.949  │  e+=-4.78(±0.549)  e-=+4.98(±0.513)  sep=32.2  │  fm_e=+4.7  fm=ON  │  ∇rw=19.03  ∇pol=0.93
[17:02:05] [ep06|s1030]  rw=-4.955  cd=-9.862  reg=4.907  │  e+=-4.74(±0.139)  e-=+5.15(±0.071)  sep=96.3  │  fm_e=+5.1  fm=ON  │  ∇rw=3.50  ∇pol=0.72
[17:02:41] [ep06|s1040]  rw=-2.994  cd=-5.680  reg=2.685  │  e+=-2.87(±0.181)  e-=+2.80(±1.655)  sep=46.9  │  fm_e=+1.8  fm=ON  │  ∇rw=122.90  ∇pol=32.79
[17:03:17] [ep06|s1050]  rw=-4.550  cd=-9.055  reg=4.505  │  e+=-5.67(±0.437)  e-=+3.54(±0.281)  sep=39.4  │  fm_e=+3.4  fm=ON  │  ∇rw=31.79  ∇pol=0.61
[17:03:54] [ep06|s1060]  rw=-5.002  cd=-9.619  reg=4.617  │  e+=-5.00(±0.091)  e-=+4.59(±0.085)  sep=200.8  │  fm_e=+4.6  fm=ON  │  ∇rw=9.99  ∇pol=0.45
[17:04:30] [ep06|s1070]  rw=-4.953  cd=-9.860  reg=4.907  │  e+=-5.26(±0.085)  e-=+4.62(±0.075)  sep=118.2  │  fm_e=+4.6  fm=ON  │  ∇rw=4.80  ∇pol=0.58
[17:05:06] [ep06|s1080]  rw=-4.950  cd=-9.942  reg=4.992  │  e+=-4.95(±0.160)  e-=+5.04(±0.042)  sep=80.6  │  fm_e=+5.0  fm=ON  │  ∇rw=2.16  ∇pol=0.40
[17:05:42] [ep06|s1090]  rw=-4.925  cd=-10.683  reg=5.758  │  e+=-5.77(±0.146)  e-=+4.92(±0.095)  sep=90.4  │  fm_e=+4.9  fm=ON  │  ∇rw=11.74  ∇pol=0.65
[17:06:18] [ep06|s1100]  rw=-2.097  cd=-5.195  reg=3.098  │  e+=-4.58(±0.686)  e-=+0.52(±2.530)  sep=39.6  │  fm_e=-0.9  fm=ON  │  ∇rw=188.34  ∇pol=0.79
[17:06:54] [ep06|s1110]  rw=-4.929  cd=-9.534  reg=4.605  │  e+=-4.83(±0.216)  e-=+4.75(±0.141)  sep=83.3  │  fm_e=+4.7  fm=ON  │  ∇rw=4.36  ∇pol=1.33
[17:07:30] [ep06|s1120]  rw=-4.998  cd=-10.063  reg=5.064  │  e+=-4.75(±0.157)  e-=+5.29(±0.046)  sep=87.5  │  fm_e=+5.3  fm=ON  │  ∇rw=5.77  ∇pol=1.04
[17:08:06] [ep06|s1130]  rw=-4.953  cd=-9.881  reg=4.927  │  e+=-5.09(±0.163)  e-=+4.79(±0.248)  sep=93.1  │  fm_e=+4.7  fm=ON  │  ∇rw=17.66  ∇pol=1.67
[17:08:42] [ep06|s1140]  rw=-5.028  cd=-10.029  reg=5.001  │  e+=-5.03(±0.165)  e-=+4.97(±0.100)  sep=107.8  │  fm_e=+4.9  fm=ON  │  ∇rw=2.41  ∇pol=0.42
[17:08:43] ══════════ VAL ep06 ══════════  ρ=+0.0411 (p=0.5875) [FAIL ✗]  AUROC(E)=0.5928  ECE=0.7937  N=177
[17:08:45]   ckpt saved → ckpt_epoch0006.pt
[17:08:45] ──────────────────── Epoch 07/30 ────────────────────
[17:09:21] [ep07|s1150]  rw=-5.081  cd=-9.883  reg=4.802  │  e+=-4.76(±0.165)  e-=+5.03(±0.041)  sep=125.9  │  fm_e=+5.0  fm=ON  │  ∇rw=20.42  ∇pol=0.92
[17:09:57] [ep07|s1160]  rw=-5.025  cd=-10.178  reg=5.153  │  e+=-5.01(±0.303)  e-=+5.13(±0.026)  sep=131.5  │  fm_e=+5.1  fm=ON  │  ∇rw=1.65  ∇pol=1.69
[17:10:34] [ep07|s1170]  rw=-4.977  cd=-9.952  reg=4.975  │  e+=-4.99(±0.345)  e-=+4.98(±0.012)  sep=86.1  │  fm_e=+5.0  fm=ON  │  ∇rw=1.30  ∇pol=0.48
[17:11:10] [ep07|s1180]  rw=-4.988  cd=-10.012  reg=5.024  │  e+=-4.93(±0.299)  e-=+5.08(±0.100)  sep=103.2  │  fm_e=+5.1  fm=ON  │  ∇rw=1.81  ∇pol=0.36
[17:11:46] [ep07|s1190]  rw=+2.059  cd=-2.433  reg=4.492  │  e+=-4.61(±0.105)  e-=-2.15(±4.351)  sep=112.0  │  fm_e=-4.7  fm=ON  │  ∇rw=69.08  ∇pol=0.38
[17:12:22] [ep07|s1200]  rw=-4.991  cd=-10.355  reg=5.364  │  e+=-5.34(±0.109)  e-=+5.00(±0.048)  sep=99.7  │  fm_e=+5.0  fm=ON  │  ∇rw=7.22  ∇pol=3.29
[17:12:58] [ep07|s1210]  rw=-5.080  cd=-9.980  reg=4.900  │  e+=-5.05(±0.190)  e-=+4.85(±0.029)  sep=113.7  │  fm_e=+4.9  fm=ON  │  ∇rw=4.98  ∇pol=0.38
[17:13:34] [ep07|s1220]  rw=-4.945  cd=-10.766  reg=5.822  │  e+=-5.30(±0.453)  e-=+5.47(±0.133)  sep=54.7  │  fm_e=+5.5  fm=ON  │  ∇rw=11.08  ∇pol=0.47
[17:14:10] [ep07|s1230]  rw=-5.034  cd=-10.172  reg=5.138  │  e+=-5.10(±0.229)  e-=+5.03(±0.070)  sep=87.6  │  fm_e=+5.1  fm=ON  │  ∇rw=4.57  ∇pol=1.59
[17:14:47] [ep07|s1240]  rw=-4.638  cd=-7.644  reg=3.006  │  e+=-3.44(±0.178)  e-=+4.20(±0.643)  sep=59.5  │  fm_e=+3.8  fm=ON  │  ∇rw=31.36  ∇pol=0.83
[17:15:23] [ep07|s1250]  rw=-4.890  cd=-11.306  reg=6.417  │  e+=-5.51(±0.134)  e-=+5.80(±0.217)  sep=55.5  │  fm_e=+5.9  fm=ON  │  ∇rw=14.40  ∇pol=0.43
[17:15:59] [ep07|s1260]  rw=-5.027  cd=-10.041  reg=5.015  │  e+=-5.07(±0.223)  e-=+4.94(±0.157)  sep=103.9  │  fm_e=+4.8  fm=ON  │  ∇rw=1.54  ∇pol=1.00
[17:16:35] [ep07|s1270]  rw=-5.012  cd=-9.602  reg=4.589  │  e+=-4.70(±0.110)  e-=+4.88(±0.050)  sep=133.0  │  fm_e=+4.8  fm=ON  │  ∇rw=10.67  ∇pol=0.56
[17:17:11] [ep07|s1280]  rw=-5.089  cd=-9.968  reg=4.880  │  e+=-4.91(±0.487)  e-=+4.95(±0.047)  sep=76.1  │  fm_e=+4.9  fm=ON  │  ∇rw=1.84  ∇pol=0.86
[17:17:47] [ep07|s1290]  rw=-5.061  cd=-9.974  reg=4.913  │  e+=-4.97(±0.142)  e-=+4.94(±0.015)  sep=81.3  │  fm_e=+4.9  fm=ON  │  ∇rw=1.93  ∇pol=0.58
[17:18:23] [ep07|s1300]  rw=-4.960  cd=-10.317  reg=5.357  │  e+=-5.31(±0.233)  e-=+5.02(±0.007)  sep=50.9  │  fm_e=+5.0  fm=ON  │  ∇rw=5.76  ∇pol=1.33
[17:18:59] [ep07|s1310]  rw=-5.002  cd=-10.103  reg=5.100  │  e+=-5.04(±0.185)  e-=+5.06(±0.038)  sep=74.8  │  fm_e=+5.0  fm=ON  │  ∇rw=2.99  ∇pol=0.42
[17:19:35] [ep07|s1320]  rw=+1.427  cd=-3.868  reg=5.294  │  e+=-5.45(±0.788)  e-=-1.73(±4.408)  sep=33.6  │  fm_e=-4.3  fm=ON  │  ∇rw=239.65  ∇pol=0.32
[17:20:11] [ep07|s1330]  rw=-4.917  cd=-10.190  reg=5.273  │  e+=-5.15(±0.221)  e-=+5.09(±0.214)  sep=72.9  │  fm_e=+5.2  fm=ON  │  ∇rw=7.39  ∇pol=0.57
[17:20:11] ══════════ VAL ep07 ══════════  ρ=+0.1449 (p=0.0544) [FAIL ✗]  AUROC(E)=0.5271  ECE=0.7774  N=177 ◀ BEST
[17:20:17]   ckpt saved → ckpt_epoch0007.pt
[17:20:17] ──────────────────── Epoch 08/30 ────────────────────
[17:20:54] [ep08|s1340]  rw=-4.898  cd=-9.160  reg=4.262  │  e+=-2.84(±2.989)  e-=+4.99(±0.314)  sep=43.5  │  fm_e=+5.2  fm=ON  │  ∇rw=264.91  ∇pol=0.38
[17:21:30] [ep08|s1350]  rw=-5.247  cd=-9.552  reg=4.305  │  e+=-4.20(±1.089)  e-=+4.91(±0.104)  sep=52.2  │  fm_e=+4.9  fm=ON  │  ∇rw=3.64  ∇pol=0.49
[17:22:06] [ep08|s1360]  rw=-2.310  cd=-5.744  reg=3.435  │  e+=-2.24(±3.681)  e-=+3.96(±0.231)  sep=49.7  │  fm_e=+4.1  fm=ON  │  ∇rw=8.38  ∇pol=0.69
[17:22:42] [ep08|s1370]  rw=-4.927  cd=-9.098  reg=4.170  │  e+=-5.07(±0.186)  e-=+4.00(±0.086)  sep=70.8  │  fm_e=+4.0  fm=ON  │  ∇rw=13.29  ∇pol=0.49
[17:23:18] [ep08|s1380]  rw=-5.053  cd=-10.139  reg=5.086  │  e+=-4.70(±0.796)  e-=+5.30(±0.044)  sep=60.2  │  fm_e=+5.3  fm=ON  │  ∇rw=4.39  ∇pol=0.57
[17:23:54] [ep08|s1390]  rw=-4.924  cd=-10.516  reg=5.591  │  e+=-5.36(±1.002)  e-=+5.12(±0.021)  sep=53.4  │  fm_e=+5.1  fm=ON  │  ∇rw=5.75  ∇pol=0.61
[17:24:30] [ep08|s1400]  rw=-5.013  cd=-9.941  reg=4.928  │  e+=-5.02(±0.113)  e-=+4.91(±0.032)  sep=148.5  │  fm_e=+4.9  fm=ON  │  ∇rw=2.00  ∇pol=0.45
[17:25:06] [ep08|s1410]  rw=-4.992  cd=-9.845  reg=4.854  │  e+=-4.84(±0.195)  e-=+5.01(±0.096)  sep=123.8  │  fm_e=+5.0  fm=ON  │  ∇rw=2.20  ∇pol=0.53
[17:25:42] [ep08|s1420]  rw=-5.014  cd=-9.719  reg=4.705  │  e+=-4.86(±0.283)  e-=+4.83(±0.051)  sep=107.5  │  fm_e=+4.9  fm=ON  │  ∇rw=4.32  ∇pol=0.54
[17:26:18] [ep08|s1430]  rw=-5.081  cd=-10.145  reg=5.065  │  e+=-5.19(±0.280)  e-=+4.85(±0.101)  sep=72.9  │  fm_e=+4.9  fm=ON  │  ∇rw=5.22  ∇pol=0.60
[17:26:54] [ep08|s1440]  rw=-5.033  cd=-10.175  reg=5.142  │  e+=-5.12(±0.372)  e-=+5.00(±0.142)  sep=79.7  │  fm_e=+4.9  fm=ON  │  ∇rw=2.85  ∇pol=0.51
[17:27:30] [ep08|s1450]  rw=-4.992  cd=-9.766  reg=4.774  │  e+=-4.97(±0.109)  e-=+4.79(±0.055)  sep=127.8  │  fm_e=+4.8  fm=ON  │  ∇rw=3.25  ∇pol=0.55
[17:28:06] [ep08|s1460]  rw=-4.922  cd=-10.505  reg=5.584  │  e+=-5.35(±0.306)  e-=+5.21(±0.109)  sep=56.7  │  fm_e=+5.1  fm=ON  │  ∇rw=4.61  ∇pol=0.48
[17:28:42] [ep08|s1470]  rw=-5.010  cd=-9.911  reg=4.900  │  e+=-5.00(±0.222)  e-=+4.88(±0.252)  sep=81.2  │  fm_e=+5.0  fm=ON  │  ∇rw=3.89  ∇pol=0.63
[17:29:18] [ep08|s1480]  rw=-4.391  cd=-8.388  reg=3.997  │  e+=-5.61(±0.236)  e-=+2.90(±0.217)  sep=55.1  │  fm_e=+3.0  fm=ON  │  ∇rw=18.50  ∇pol=0.62
[17:29:54] [ep08|s1490]  rw=-4.891  cd=-10.574  reg=5.683  │  e+=-4.84(±0.957)  e-=+5.68(±0.134)  sep=42.9  │  fm_e=+5.6  fm=ON  │  ∇rw=24.85  ∇pol=0.45
[17:30:30] [ep08|s1500]  rw=-4.977  cd=-10.138  reg=5.161  │  e+=-4.45(±0.197)  e-=+5.61(±0.462)  sep=31.1  │  fm_e=+5.4  fm=ON  │  ∇rw=13.17  ∇pol=0.65
[17:31:07] [ep08|s1510]  rw=-4.902  cd=-9.412  reg=4.509  │  e+=-4.98(±0.262)  e-=+4.49(±0.072)  sep=59.2  │  fm_e=+4.5  fm=ON  │  ∇rw=9.07  ∇pol=0.60
[17:31:43] [ep08|s1520]  rw=-4.928  cd=-9.275  reg=4.347  │  e+=-4.29(±0.281)  e-=+4.98(±0.272)  sep=77.1  │  fm_e=+5.1  fm=ON  │  ∇rw=8.60  ∇pol=1.16
[17:31:43] ══════════ VAL ep08 ══════════  ρ=+0.1196 (p=0.1129) [FAIL ✗]  AUROC(E)=0.5747  ECE=0.7906  N=177
[17:31:46]   ckpt saved → ckpt_epoch0008.pt
[17:31:46] ──────────────────── Epoch 09/30 ────────────────────
[17:32:22] [ep09|s1530]  rw=-4.772  cd=-11.290  reg=6.518  │  e+=-5.24(±0.386)  e-=+6.11(±0.433)  sep=71.6  │  fm_e=+6.4  fm=ON  │  ∇rw=18.94  ∇pol=1.85
[17:32:58] [ep09|s1540]  rw=-4.992  cd=-9.884  reg=4.892  │  e+=-4.97(±0.235)  e-=+4.91(±0.110)  sep=56.6  │  fm_e=+5.0  fm=ON  │  ∇rw=5.19  ∇pol=2.07
[17:33:35] [ep09|s1550]  rw=-4.905  cd=-9.477  reg=4.572  │  e+=-4.38(±0.497)  e-=+5.13(±0.035)  sep=39.5  │  fm_e=+5.1  fm=ON  │  ∇rw=8.04  ∇pol=0.49
[17:34:12] [ep09|s1560]  rw=-5.043  cd=-9.639  reg=4.595  │  e+=-4.72(±0.303)  e-=+4.85(±0.015)  sep=73.0  │  fm_e=+4.9  fm=ON  │  ∇rw=4.66  ∇pol=0.89
[17:34:48] [ep09|s1570]  rw=-5.438  cd=-10.572  reg=5.134  │  e+=-4.98(±0.976)  e-=+5.05(±0.095)  sep=58.7  │  fm_e=+5.1  fm=ON  │  ∇rw=3.01  ∇pol=0.81
[17:35:24] [ep09|s1580]  rw=-4.446  cd=-8.619  reg=4.173  │  e+=-4.15(±1.660)  e-=+4.25(±0.507)  sep=19.8  │  fm_e=+4.0  fm=ON  │  ∇rw=137.63  ∇pol=0.76
[17:36:00] [ep09|s1590]  rw=-3.575  cd=-8.705  reg=5.130  │  e+=-3.39(±2.234)  e-=+5.60(±0.012)  sep=55.0  │  fm_e=+5.6  fm=ON  │  ∇rw=133.32  ∇pol=0.45
[17:36:36] [ep09|s1600]  rw=-5.247  cd=-9.916  reg=4.670  │  e+=-4.52(±0.734)  e-=+5.07(±0.093)  sep=38.1  │  fm_e=+5.1  fm=ON  │  ∇rw=7.45  ∇pol=1.07
[17:37:12] [ep09|s1610]  rw=-4.975  cd=-10.309  reg=5.334  │  e+=-4.37(±0.479)  e-=+5.83(±0.157)  sep=28.6  │  fm_e=+5.9  fm=ON  │  ∇rw=34.50  ∇pol=4.10
[17:37:48] [ep09|s1620]  rw=-4.967  cd=-9.666  reg=4.698  │  e+=-4.84(±0.243)  e-=+4.83(±0.076)  sep=79.0  │  fm_e=+4.9  fm=ON  │  ∇rw=7.66  ∇pol=0.40
[17:38:24] [ep09|s1630]  rw=-5.170  cd=-10.141  reg=4.971  │  e+=-5.12(±0.558)  e-=+4.80(±0.303)  sep=53.5  │  fm_e=+4.6  fm=ON  │  ∇rw=6.28  ∇pol=0.49
[17:39:00] [ep09|s1640]  rw=-3.762  cd=-8.554  reg=4.793  │  e+=-6.55(±0.614)  e-=+1.99(±0.515)  sep=19.5  │  fm_e=+2.3  fm=ON  │  ∇rw=75.06  ∇pol=2.33
[17:39:36] [ep09|s1650]  rw=-4.988  cd=-10.241  reg=5.253  │  e+=-4.94(±0.161)  e-=+5.26(±0.605)  sep=44.3  │  fm_e=+4.9  fm=ON  │  ∇rw=12.77  ∇pol=0.34
[17:40:12] [ep09|s1660]  rw=-2.760  cd=-6.973  reg=4.213  │  e+=-2.95(±3.399)  e-=+4.66(±0.152)  sep=42.5  │  fm_e=+4.6  fm=ON  │  ∇rw=24.47  ∇pol=0.55
[17:40:48] [ep09|s1670]  rw=-5.236  cd=-10.113  reg=4.877  │  e+=-4.96(±0.913)  e-=+4.80(±0.168)  sep=36.6  │  fm_e=+4.7  fm=ON  │  ∇rw=11.12  ∇pol=0.68
[17:41:24] [ep09|s1680]  rw=-5.176  cd=-10.413  reg=5.237  │  e+=-5.30(±0.479)  e-=+4.91(±0.039)  sep=54.0  │  fm_e=+4.9  fm=ON  │  ∇rw=5.70  ∇pol=0.35
[17:42:00] [ep09|s1690]  rw=-4.936  cd=-9.832  reg=4.895  │  e+=-4.65(±0.253)  e-=+5.21(±0.128)  sep=81.7  │  fm_e=+5.3  fm=ON  │  ∇rw=6.48  ∇pol=0.56
[17:42:36] [ep09|s1700]  rw=-4.959  cd=-9.896  reg=4.937  │  e+=-5.03(±0.377)  e-=+4.88(±0.057)  sep=89.3  │  fm_e=+4.9  fm=ON  │  ∇rw=5.78  ∇pol=0.51
[17:43:12] [ep09|s1710]  rw=-4.957  cd=-9.318  reg=4.361  │  e+=-4.46(±0.102)  e-=+4.86(±0.033)  sep=103.5  │  fm_e=+4.9  fm=ON  │  ∇rw=9.62  ∇pol=1.10
[17:43:13] ══════════ VAL ep09 ══════════  ρ=-0.0304 (p=0.6882) [FAIL ✗]  AUROC(E)=0.5644  ECE=0.7871  N=177
[17:43:16]   ckpt saved → ckpt_epoch0009.pt
[17:43:16] ──────────────────── Epoch 10/30 ────────────────────
[17:43:52] [ep10|s1720]  rw=-5.007  cd=-10.106  reg=5.099  │  e+=-4.77(±0.306)  e-=+5.30(±0.131)  sep=107.2  │  fm_e=+5.4  fm=ON  │  ∇rw=5.19  ∇pol=0.63
[17:44:28] [ep10|s1730]  rw=-4.843  cd=-9.493  reg=4.651  │  e+=-4.82(±0.372)  e-=+4.80(±0.113)  sep=60.0  │  fm_e=+4.9  fm=ON  │  ∇rw=4.81  ∇pol=0.29
[17:45:04] [ep10|s1740]  rw=-4.925  cd=-10.257  reg=5.332  │  e+=-5.28(±0.227)  e-=+5.03(±0.058)  sep=98.3  │  fm_e=+5.0  fm=ON  │  ∇rw=4.86  ∇pol=0.56
[17:45:40] [ep10|s1750]  rw=-4.995  cd=-10.396  reg=5.401  │  e+=-4.96(±0.050)  e-=+5.42(±0.144)  sep=125.8  │  fm_e=+5.4  fm=ON  │  ∇rw=6.66  ∇pol=0.40
[17:46:16] [ep10|s1760]  rw=-4.995  cd=-10.046  reg=5.050  │  e+=-5.06(±0.036)  e-=+4.98(±0.121)  sep=163.5  │  fm_e=+4.9  fm=ON  │  ∇rw=2.36  ∇pol=0.25
[17:46:52] [ep10|s1770]  rw=-5.006  cd=-10.187  reg=5.181  │  e+=-5.09(±0.193)  e-=+5.08(±0.016)  sep=78.8  │  fm_e=+5.1  fm=ON  │  ∇rw=2.22  ∇pol=0.63
[17:47:28] [ep10|s1780]  rw=-4.963  cd=-9.712  reg=4.748  │  e+=-4.75(±0.211)  e-=+4.99(±0.043)  sep=76.8  │  fm_e=+5.0  fm=ON  │  ∇rw=3.13  ∇pol=0.39
[17:48:04] [ep10|s1790]  rw=-4.996  cd=-9.902  reg=4.906  │  e+=-4.94(±0.179)  e-=+4.96(±0.031)  sep=115.7  │  fm_e=+5.0  fm=ON  │  ∇rw=1.18  ∇pol=0.39
[17:48:40] [ep10|s1800]  rw=-5.002  cd=-10.037  reg=5.034  │  e+=-5.00(±0.031)  e-=+5.04(±0.010)  sep=219.8  │  fm_e=+5.0  fm=ON  │  ∇rw=1.21  ∇pol=0.49
[17:49:16] [ep10|s1810]  rw=-4.967  cd=-9.899  reg=4.932  │  e+=-4.90(±0.271)  e-=+5.02(±0.036)  sep=66.9  │  fm_e=+5.0  fm=ON  │  ∇rw=0.79  ∇pol=0.52
[17:49:53] [ep10|s1820]  rw=-5.000  cd=-9.882  reg=4.883  │  e+=-4.91(±0.075)  e-=+4.97(±0.036)  sep=206.1  │  fm_e=+5.0  fm=ON  │  ∇rw=1.45  ∇pol=0.40
[17:50:29] [ep10|s1830]  rw=-4.756  cd=-10.589  reg=5.832  │  e+=-5.56(±0.383)  e-=+5.22(±0.058)  sep=85.5  │  fm_e=+5.2  fm=ON  │  ∇rw=10.27  ∇pol=0.58
[17:51:05] [ep10|s1840]  rw=-4.974  cd=-9.811  reg=4.838  │  e+=-4.75(±0.416)  e-=+5.06(±0.068)  sep=51.7  │  fm_e=+5.0  fm=ON  │  ∇rw=5.76  ∇pol=0.36
[17:51:41] [ep10|s1850]  rw=-4.930  cd=-10.332  reg=5.402  │  e+=-5.16(±0.197)  e-=+5.23(±0.184)  sep=75.3  │  fm_e=+5.1  fm=ON  │  ∇rw=4.61  ∇pol=0.39
[17:52:16] [ep10|s1860]  rw=-5.047  cd=-10.175  reg=5.128  │  e+=-5.10(±0.136)  e-=+5.03(±0.096)  sep=87.5  │  fm_e=+5.0  fm=ON  │  ∇rw=1.82  ∇pol=0.41
[17:52:52] [ep10|s1870]  rw=-5.195  cd=-10.275  reg=5.080  │  e+=-4.96(±0.530)  e-=+5.09(±0.066)  sep=40.2  │  fm_e=+5.1  fm=ON  │  ∇rw=2.87  ∇pol=0.50
[17:53:28] [ep10|s1880]  rw=-5.063  cd=-10.220  reg=5.158  │  e+=-5.01(±0.274)  e-=+5.13(±0.052)  sep=77.1  │  fm_e=+5.1  fm=ON  │  ∇rw=2.50  ∇pol=0.37
[17:54:05] [ep10|s1890]  rw=-4.801  cd=-9.911  reg=5.110  │  e+=-5.12(±0.434)  e-=+4.94(±0.178)  sep=66.9  │  fm_e=+4.9  fm=ON  │  ∇rw=12.24  ∇pol=0.96
[17:54:41] [ep10|s1900]  rw=-5.289  cd=-9.371  reg=4.082  │  e+=-3.97(±2.240)  e-=+4.43(±0.097)  sep=22.4  │  fm_e=+4.4  fm=ON  │  ∇rw=74.39  ∇pol=0.47
[17:54:41] ══════════ VAL ep10 ══════════  ρ=+0.0523 (p=0.4889) [FAIL ✗]  AUROC(E)=0.6135  ECE=0.7395  N=177
[17:54:44]   ckpt saved → ckpt_epoch0010.pt
[17:54:44] ──────────────────── Epoch 11/30 ────────────────────
[17:55:20] [ep11|s1910]  rw=-4.250  cd=-8.531  reg=4.282  │  e+=-4.37(±1.303)  e-=+4.55(±0.454)  sep=35.9  │  fm_e=+4.8  fm=ON  │  ∇rw=52.63  ∇pol=0.60
[17:55:56] [ep11|s1920]  rw=-4.918  cd=-10.252  reg=5.334  │  e+=-5.80(±0.248)  e-=+4.42(±0.340)  sep=56.2  │  fm_e=+4.2  fm=ON  │  ∇rw=13.56  ∇pol=0.69
[17:56:32] [ep11|s1930]  rw=-5.078  cd=-9.886  reg=4.808  │  e+=-4.81(±0.725)  e-=+4.94(±0.034)  sep=143.0  │  fm_e=+4.9  fm=ON  │  ∇rw=1.98  ∇pol=0.73
[17:57:08] [ep11|s1940]  rw=-4.850  cd=-9.834  reg=4.984  │  e+=-5.12(±0.702)  e-=+4.80(±0.131)  sep=55.9  │  fm_e=+4.7  fm=ON  │  ∇rw=4.45  ∇pol=0.78
[17:57:44] [ep11|s1950]  rw=+13.105  cd=+2.781  reg=10.324  │  e+=-3.66(±0.387)  e-=-6.43(±6.889)  sep=42.0  │  fm_e=-10.4  fm=ON  │  ∇rw=335.83  ∇pol=1.20
[17:58:20] [ep11|s1960]  rw=-5.042  cd=-10.077  reg=5.034  │  e+=-5.04(±0.238)  e-=+4.99(±0.120)  sep=50.8  │  fm_e=+5.1  fm=ON  │  ∇rw=3.10  ∇pol=0.70
[17:58:56] [ep11|s1970]  rw=-4.904  cd=-9.219  reg=4.315  │  e+=-4.26(±0.413)  e-=+4.98(±0.030)  sep=46.2  │  fm_e=+5.0  fm=ON  │  ∇rw=8.41  ∇pol=0.39
[17:59:32] [ep11|s1980]  rw=-5.047  cd=-10.162  reg=5.115  │  e+=-5.25(±0.311)  e-=+4.84(±0.083)  sep=59.8  │  fm_e=+4.9  fm=ON  │  ∇rw=5.48  ∇pol=0.60
[18:00:08] [ep11|s1990]  rw=-4.986  cd=-9.243  reg=4.257  │  e+=-4.44(±0.312)  e-=+4.77(±0.085)  sep=43.6  │  fm_e=+4.7  fm=ON  │  ∇rw=7.37  ∇pol=0.61
[18:00:45] [ep11|s2000]  rw=-4.993  cd=-10.184  reg=5.191  │  e+=-5.12(±0.361)  e-=+5.05(±0.050)  sep=83.6  │  fm_e=+5.0  fm=ON  │  ∇rw=2.74  ∇pol=0.35
[18:01:21] [ep11|s2010]  rw=-4.833  cd=-9.944  reg=5.111  │  e+=-5.51(±0.383)  e-=+4.53(±0.148)  sep=46.8  │  fm_e=+4.6  fm=ON  │  ∇rw=18.91  ∇pol=0.74
[18:01:57] [ep11|s2020]  rw=-5.259  cd=-9.805  reg=4.546  │  e+=-4.48(±0.550)  e-=+5.00(±0.041)  sep=59.2  │  fm_e=+5.0  fm=ON  │  ∇rw=5.87  ∇pol=0.55
[18:02:33] [ep11|s2030]  rw=-4.929  cd=-9.967  reg=5.038  │  e+=-4.99(±0.435)  e-=+5.03(±0.059)  sep=67.7  │  fm_e=+5.0  fm=ON  │  ∇rw=2.10  ∇pol=0.70
[18:03:09] [ep11|s2040]  rw=-5.088  cd=-10.541  reg=5.453  │  e+=-5.37(±0.321)  e-=+5.06(±0.019)  sep=48.5  │  fm_e=+5.1  fm=ON  │  ∇rw=5.77  ∇pol=0.54
[18:03:45] [ep11|s2050]  rw=-5.119  cd=-9.730  reg=4.611  │  e+=-4.67(±0.391)  e-=+4.91(±0.100)  sep=60.5  │  fm_e=+5.0  fm=ON  │  ∇rw=4.17  ∇pol=0.37
[18:04:21] [ep11|s2060]  rw=-4.903  cd=-8.533  reg=3.630  │  e+=-4.35(±0.240)  e-=+4.17(±0.026)  sep=50.9  │  fm_e=+4.2  fm=ON  │  ∇rw=13.41  ∇pol=0.61
[18:04:57] [ep11|s2070]  rw=-4.938  cd=-9.917  reg=4.980  │  e+=-4.84(±0.143)  e-=+5.12(±0.190)  sep=66.3  │  fm_e=+5.0  fm=ON  │  ∇rw=6.05  ∇pol=0.34
[18:05:33] [ep11|s2080]  rw=-4.980  cd=-10.122  reg=5.142  │  e+=-4.93(±0.314)  e-=+5.19(±0.093)  sep=88.1  │  fm_e=+5.1  fm=ON  │  ∇rw=3.51  ∇pol=0.43
[18:06:09] [ep11|s2090]  rw=-5.087  cd=-9.938  reg=4.851  │  e+=-4.84(±0.432)  e-=+4.99(±0.036)  sep=55.5  │  fm_e=+5.0  fm=ON  │  ∇rw=2.29  ∇pol=0.63
[18:06:10] ══════════ VAL ep11 ══════════  ρ=+0.1094 (p=0.1471) [FAIL ✗]  AUROC(E)=0.6222  ECE=0.7942  N=177
[18:06:11]   ckpt saved → ckpt_epoch0011.pt
[18:06:11] ──────────────────── Epoch 12/30 ────────────────────
[18:06:48] [ep12|s2100]  rw=-4.980  cd=-9.665  reg=4.685  │  e+=-4.60(±0.980)  e-=+4.97(±0.081)  sep=55.2  │  fm_e=+5.0  fm=ON  │  ∇rw=2.43  ∇pol=0.26
[18:07:24] [ep12|s2110]  rw=-5.025  cd=-10.095  reg=5.070  │  e+=-5.02(±0.238)  e-=+5.04(±0.075)  sep=76.4  │  fm_e=+5.0  fm=ON  │  ∇rw=2.17  ∇pol=0.48
[18:08:00] [ep12|s2120]  rw=-4.957  cd=-10.072  reg=5.115  │  e+=-5.11(±0.284)  e-=+4.99(±0.026)  sep=99.4  │  fm_e=+5.0  fm=ON  │  ∇rw=2.51  ∇pol=0.56
[18:08:36] [ep12|s2130]  rw=-5.010  cd=-9.997  reg=4.987  │  e+=-5.01(±0.450)  e-=+4.95(±0.154)  sep=62.0  │  fm_e=+5.0  fm=ON  │  ∇rw=17.98  ∇pol=0.44
[18:09:12] [ep12|s2140]  rw=-4.934  cd=-9.956  reg=5.022  │  e+=-5.41(±0.162)  e-=+4.57(±0.161)  sep=61.9  │  fm_e=+4.7  fm=ON  │  ∇rw=7.32  ∇pol=0.54
[18:09:48] [ep12|s2150]  rw=-5.075  cd=-10.241  reg=5.166  │  e+=-5.15(±0.257)  e-=+5.01(±0.104)  sep=57.9  │  fm_e=+5.1  fm=ON  │  ∇rw=2.09  ∇pol=0.62
[18:10:24] [ep12|s2160]  rw=-4.412  cd=-12.016  reg=7.604  │  e+=-5.23(±0.424)  e-=+6.95(±0.062)  sep=35.9  │  fm_e=+7.0  fm=ON  │  ∇rw=44.05  ∇pol=0.36
[18:11:00] [ep12|s2170]  rw=-4.724  cd=-8.885  reg=4.162  │  e+=-4.36(±1.079)  e-=+4.56(±0.133)  sep=64.5  │  fm_e=+4.5  fm=ON  │  ∇rw=124.15  ∇pol=0.52
[18:11:36] [ep12|s2180]  rw=-4.803  cd=-8.981  reg=4.178  │  e+=-3.97(±0.423)  e-=+5.06(±0.438)  sep=54.1  │  fm_e=+4.8  fm=ON  │  ∇rw=10.96  ∇pol=0.62
[18:12:12] [ep12|s2190]  rw=-5.242  cd=-9.533  reg=4.291  │  e+=-4.00(±1.420)  e-=+4.90(±0.146)  sep=38.3  │  fm_e=+5.0  fm=ON  │  ∇rw=12.89  ∇pol=0.91
[18:12:49] [ep12|s2200]  rw=-4.989  cd=-9.464  reg=4.475  │  e+=-4.68(±0.281)  e-=+4.77(±0.089)  sep=57.0  │  fm_e=+4.8  fm=ON  │  ∇rw=12.70  ∇pol=0.48
[18:13:25] [ep12|s2210]  rw=-2.661  cd=-8.937  reg=6.276  │  e+=-0.94(±3.689)  e-=+6.90(±0.565)  sep=25.8  │  fm_e=+6.6  fm=ON  │  ∇rw=143.69  ∇pol=0.66
[18:14:01] [ep12|s2220]  rw=-4.938  cd=-10.182  reg=5.244  │  e+=-5.47(±0.552)  e-=+4.70(±0.066)  sep=68.4  │  fm_e=+4.7  fm=ON  │  ∇rw=10.79  ∇pol=0.68
[18:14:37] [ep12|s2230]  rw=-5.003  cd=-9.881  reg=4.878  │  e+=-4.90(±0.250)  e-=+4.97(±0.070)  sep=72.0  │  fm_e=+5.0  fm=ON  │  ∇rw=23.91  ∇pol=0.64
[18:15:13] [ep12|s2240]  rw=-5.148  cd=-9.816  reg=4.668  │  e+=-4.74(±0.582)  e-=+4.88(±0.112)  sep=68.6  │  fm_e=+4.8  fm=ON  │  ∇rw=2.65  ∇pol=0.73
[18:15:49] [ep12|s2250]  rw=-4.803  cd=-8.421  reg=3.618  │  e+=-3.76(±0.288)  e-=+4.67(±0.155)  sep=38.2  │  fm_e=+4.7  fm=ON  │  ∇rw=11.52  ∇pol=0.57
[18:16:25] [ep12|s2260]  rw=-4.967  cd=-10.024  reg=5.057  │  e+=-5.03(±0.293)  e-=+5.01(±0.083)  sep=39.4  │  fm_e=+5.0  fm=ON  │  ∇rw=4.54  ∇pol=0.29
[18:17:01] [ep12|s2270]  rw=-5.013  cd=-9.714  reg=4.701  │  e+=-5.22(±0.401)  e-=+4.42(±0.107)  sep=42.0  │  fm_e=+4.5  fm=ON  │  ∇rw=11.05  ∇pol=0.41
[18:17:37] [ep12|s2280]  rw=-5.277  cd=-10.391  reg=5.113  │  e+=-5.18(±0.864)  e-=+4.86(±0.043)  sep=46.9  │  fm_e=+4.8  fm=ON  │  ∇rw=5.65  ∇pol=0.43
[18:17:38] ══════════ VAL ep12 ══════════  ρ=+0.2218 (p=0.0030) [PASS ✓]  AUROC(E)=0.5600  ECE=0.7772  N=177 ◀ BEST
[18:17:40]   ckpt saved → ckpt_epoch0012.pt
[18:17:40] ──────────────────── Epoch 13/30 ────────────────────
[18:18:16] [ep13|s2290]  rw=-5.048  cd=-10.135  reg=5.087  │  e+=-5.07(±0.433)  e-=+4.99(±0.061)  sep=31.5  │  fm_e=+5.0  fm=ON  │  ∇rw=4.61  ∇pol=0.36
[18:18:53] [ep13|s2300]  rw=-4.976  cd=-9.836  reg=4.860  │  e+=-4.95(±0.415)  e-=+4.88(±0.134)  sep=47.9  │  fm_e=+4.8  fm=ON  │  ∇rw=3.19  ∇pol=1.01
[18:19:29] [ep13|s2310]  rw=-4.887  cd=-10.462  reg=5.575  │  e+=-5.58(±0.333)  e-=+4.95(±0.062)  sep=46.9  │  fm_e=+5.0  fm=ON  │  ∇rw=4.50  ∇pol=0.49
[18:20:05] [ep13|s2320]  rw=-3.952  cd=-7.602  reg=3.650  │  e+=-4.94(±0.761)  e-=+2.72(±1.417)  sep=45.1  │  fm_e=+2.0  fm=ON  │  ∇rw=540.08  ∇pol=2.34
[18:20:41] [ep13|s2330]  rw=-5.045  cd=-9.983  reg=4.939  │  e+=-5.05(±0.610)  e-=+4.84(±0.135)  sep=54.4  │  fm_e=+4.9  fm=ON  │  ∇rw=5.14  ∇pol=0.99
[18:21:17] [ep13|s2340]  rw=-4.996  cd=-10.416  reg=5.420  │  e+=-5.25(±1.270)  e-=+5.00(±0.115)  sep=29.1  │  fm_e=+4.9  fm=ON  │  ∇rw=7.30  ∇pol=0.80
[18:21:53] [ep13|s2350]  rw=-4.815  cd=-9.800  reg=4.986  │  e+=-5.41(±0.653)  e-=+4.47(±0.129)  sep=36.5  │  fm_e=+4.5  fm=ON  │  ∇rw=31.65  ∇pol=0.44
[18:22:29] [ep13|s2360]  rw=-2.494  cd=-6.845  reg=4.351  │  e+=-4.54(±0.102)  e-=+2.31(±1.641)  sep=86.1  │  fm_e=+1.4  fm=ON  │  ∇rw=73.21  ∇pol=1.17
[18:23:05] [ep13|s2370]  rw=-3.552  cd=-7.890  reg=4.338  │  e+=-4.94(±0.442)  e-=+2.89(±1.807)  sep=46.3  │  fm_e=+2.0  fm=ON  │  ∇rw=242.65  ∇pol=1.20
[18:23:41] [ep13|s2380]  rw=-3.264  cd=-5.638  reg=2.374  │  e+=-3.74(±1.023)  e-=+1.62(±1.554)  sep=13.7  │  fm_e=+1.1  fm=ON  │  ∇rw=70.71  ∇pol=0.71
[18:24:17] [ep13|s2390]  rw=-4.908  cd=-9.567  reg=4.659  │  e+=-4.36(±0.319)  e-=+5.23(±0.172)  sep=129.0  │  fm_e=+5.3  fm=ON  │  ∇rw=11.03  ∇pol=0.59
[18:24:53] [ep13|s2400]  rw=-4.966  cd=-10.102  reg=5.137  │  e+=-5.13(±0.479)  e-=+4.98(±0.074)  sep=54.2  │  fm_e=+4.9  fm=ON  │  ∇rw=3.24  ∇pol=0.47
[18:25:29] [ep13|s2410]  rw=-4.949  cd=-9.946  reg=4.997  │  e+=-4.54(±0.573)  e-=+5.38(±0.078)  sep=52.3  │  fm_e=+5.4  fm=ON  │  ∇rw=9.37  ∇pol=0.38
[18:26:05] [ep13|s2420]  rw=-5.026  cd=-10.195  reg=5.169  │  e+=-5.20(±0.321)  e-=+4.95(±0.105)  sep=52.4  │  fm_e=+4.9  fm=ON  │  ∇rw=3.52  ∇pol=1.17
[18:26:41] [ep13|s2430]  rw=-4.909  cd=-10.846  reg=5.938  │  e+=-5.89(±0.152)  e-=+4.96(±0.200)  sep=64.4  │  fm_e=+4.9  fm=ON  │  ∇rw=7.93  ∇pol=1.00
[18:27:17] [ep13|s2440]  rw=-5.010  cd=-9.992  reg=4.982  │  e+=-5.05(±0.334)  e-=+4.91(±0.063)  sep=69.3  │  fm_e=+4.9  fm=ON  │  ∇rw=4.95  ∇pol=1.28
[18:27:53] [ep13|s2450]  rw=-5.126  cd=-9.975  reg=4.849  │  e+=-4.55(±0.262)  e-=+5.25(±0.389)  sep=90.2  │  fm_e=+5.5  fm=ON  │  ∇rw=6.35  ∇pol=0.68
[18:28:29] [ep13|s2460]  rw=-5.082  cd=-9.591  reg=4.508  │  e+=-4.22(±0.404)  e-=+5.21(±0.041)  sep=45.4  │  fm_e=+5.2  fm=ON  │  ∇rw=15.20  ∇pol=0.64
[18:29:05] [ep13|s2470]  rw=-4.859  cd=-9.344  reg=4.484  │  e+=-4.06(±0.542)  e-=+5.29(±0.111)  sep=48.4  │  fm_e=+5.2  fm=ON  │  ∇rw=9.86  ∇pol=0.52
[18:29:06] ══════════ VAL ep13 ══════════  ρ=+0.1469 (p=0.0510) [FAIL ✗]  AUROC(E)=0.5877  ECE=0.7861  N=177
[18:29:08]   ckpt saved → ckpt_epoch0013.pt
[18:29:08] ──────────────────── Epoch 14/30 ────────────────────
[18:29:44] [ep14|s2480]  rw=-4.650  cd=-8.843  reg=4.193  │  e+=-3.93(±1.036)  e-=+5.00(±0.161)  sep=43.8  │  fm_e=+5.1  fm=ON  │  ∇rw=9.16  ∇pol=0.55
[18:30:20] [ep14|s2490]  rw=-5.010  cd=-9.747  reg=4.736  │  e+=-4.79(±0.222)  e-=+4.94(±0.083)  sep=33.3  │  fm_e=+4.9  fm=ON  │  ∇rw=2.84  ∇pol=0.52
[18:30:57] [ep14|s2500]  rw=-4.896  cd=-10.053  reg=5.157  │  e+=-4.91(±0.410)  e-=+5.22(±0.088)  sep=39.6  │  fm_e=+5.3  fm=ON  │  ∇rw=16.25  ∇pol=0.73
[18:31:33] [ep14|s2510]  rw=-5.274  cd=-10.831  reg=5.557  │  e+=-5.21(±0.684)  e-=+5.27(±0.321)  sep=42.7  │  fm_e=+5.5  fm=ON  │  ∇rw=6.55  ∇pol=0.71
[18:32:09] [ep14|s2520]  rw=-5.011  cd=-10.071  reg=5.060  │  e+=-5.11(±0.200)  e-=+4.95(±0.030)  sep=114.1  │  fm_e=+5.0  fm=ON  │  ∇rw=2.01  ∇pol=0.37
[18:32:45] [ep14|s2530]  rw=-4.950  cd=-9.921  reg=4.971  │  e+=-5.14(±0.130)  e-=+4.81(±0.109)  sep=72.5  │  fm_e=+4.8  fm=ON  │  ∇rw=7.65  ∇pol=0.53
[18:33:21] [ep14|s2540]  rw=-5.171  cd=-9.940  reg=4.769  │  e+=-4.75(±0.613)  e-=+4.98(±0.053)  sep=60.9  │  fm_e=+4.9  fm=ON  │  ∇rw=8.03  ∇pol=0.44
[18:33:57] [ep14|s2550]  rw=-4.861  cd=-10.081  reg=5.220  │  e+=-5.29(±0.393)  e-=+4.90(±0.117)  sep=38.9  │  fm_e=+4.8  fm=ON  │  ∇rw=3.61  ∇pol=0.38
[18:34:33] [ep14|s2560]  rw=-4.980  cd=-10.208  reg=5.228  │  e+=-5.01(±0.256)  e-=+5.21(±0.028)  sep=94.7  │  fm_e=+5.2  fm=ON  │  ∇rw=3.39  ∇pol=0.48
[18:35:09] [ep14|s2570]  rw=-4.912  cd=-10.514  reg=5.602  │  e+=-5.59(±0.593)  e-=+4.94(±0.054)  sep=59.7  │  fm_e=+5.0  fm=ON  │  ∇rw=12.64  ∇pol=0.29
[18:35:45] [ep14|s2580]  rw=-4.966  cd=-9.902  reg=4.936  │  e+=-4.91(±0.328)  e-=+5.02(±0.016)  sep=90.5  │  fm_e=+5.0  fm=ON  │  ∇rw=4.13  ∇pol=0.29
[18:36:21] [ep14|s2590]  rw=-4.996  cd=-9.793  reg=4.797  │  e+=-4.74(±0.242)  e-=+5.05(±0.043)  sep=55.9  │  fm_e=+5.0  fm=ON  │  ∇rw=2.66  ∇pol=0.40
[18:36:57] [ep14|s2600]  rw=-5.301  cd=-9.726  reg=4.425  │  e+=-4.29(±1.057)  e-=+4.97(±0.062)  sep=34.7  │  fm_e=+4.9  fm=ON  │  ∇rw=2.69  ∇pol=0.64
[18:37:33] [ep14|s2610]  rw=-4.871  cd=-9.523  reg=4.652  │  e+=-4.64(±1.036)  e-=+4.89(±0.073)  sep=25.4  │  fm_e=+4.9  fm=ON  │  ∇rw=3.25  ∇pol=0.59
[18:38:09] [ep14|s2620]  rw=-5.027  cd=-9.735  reg=4.708  │  e+=-4.70(±0.107)  e-=+4.99(±0.051)  sep=92.9  │  fm_e=+5.0  fm=ON  │  ∇rw=2.38  ∇pol=0.53
[18:38:45] [ep14|s2630]  rw=-5.065  cd=-10.273  reg=5.208  │  e+=-5.17(±0.415)  e-=+5.01(±0.067)  sep=53.9  │  fm_e=+5.0  fm=ON  │  ∇rw=2.53  ∇pol=0.46
[18:39:21] [ep14|s2640]  rw=-4.944  cd=-10.283  reg=5.339  │  e+=-4.78(±0.392)  e-=+5.51(±0.175)  sep=26.5  │  fm_e=+5.6  fm=ON  │  ∇rw=8.59  ∇pol=5.07
[18:39:57] [ep14|s2650]  rw=+4.529  cd=-2.122  reg=6.651  │  e+=-5.60(±0.177)  e-=-3.45(±4.746)  sep=39.4  │  fm_e=-6.2  fm=ON  │  ∇rw=396.28  ∇pol=1.50
[18:40:33] [ep14|s2660]  rw=+0.536  cd=-0.602  reg=1.138  │  e+=-0.10(±2.883)  e-=+0.91(±0.851)  sep=9.6  │  fm_e=+0.4  fm=ON  │  ∇rw=138.21  ∇pol=1.18
[18:40:34] ══════════ VAL ep14 ══════════  ρ=-0.0923 (p=0.2218) [FAIL ✗]  AUROC(E)=0.3943  ECE=0.3846  N=177
[18:40:36]   ckpt saved → ckpt_epoch0014.pt
[18:40:36] ──────────────────── Epoch 15/30 ────────────────────
[18:41:12] [ep15|s2670]  rw=-1.008  cd=-5.529  reg=4.521  │  e+=-4.33(±0.977)  e-=+1.14(±3.425)  sep=18.6  │  fm_e=-0.8  fm=ON  │  ∇rw=176.39  ∇pol=2.44
[18:41:48] [ep15|s2680]  rw=-4.669  cd=-9.043  reg=4.374  │  e+=-3.61(±2.119)  e-=+5.07(±0.530)  sep=24.8  │  fm_e=+5.2  fm=ON  │  ∇rw=18.69  ∇pol=0.74
[18:42:24] [ep15|s2690]  rw=-4.455  cd=-8.514  reg=4.059  │  e+=-5.60(±0.222)  e-=+2.95(±0.539)  sep=53.1  │  fm_e=+2.6  fm=ON  │  ∇rw=30.96  ∇pol=0.65
[18:43:00] [ep15|s2700]  rw=-4.835  cd=-9.151  reg=4.316  │  e+=-4.66(±0.878)  e-=+4.53(±0.114)  sep=41.6  │  fm_e=+4.6  fm=ON  │  ∇rw=29.51  ∇pol=0.58
[18:43:36] [ep15|s2710]  rw=-4.931  cd=-11.343  reg=6.412  │  e+=-5.83(±0.662)  e-=+5.45(±0.074)  sep=33.1  │  fm_e=+5.5  fm=ON  │  ∇rw=10.72  ∇pol=0.39
[18:44:12] [ep15|s2720]  rw=-4.903  cd=-9.733  reg=4.830  │  e+=-4.73(±0.244)  e-=+5.07(±0.251)  sep=46.8  │  fm_e=+5.2  fm=ON  │  ∇rw=6.43  ∇pol=2.46
[18:44:48] [ep15|s2730]  rw=-5.102  cd=-9.836  reg=4.733  │  e+=-4.69(±0.561)  e-=+4.99(±0.112)  sep=35.2  │  fm_e=+5.0  fm=ON  │  ∇rw=9.08  ∇pol=0.41
[18:45:24] [ep15|s2740]  rw=-5.070  cd=-10.212  reg=5.142  │  e+=-5.26(±0.253)  e-=+4.87(±0.128)  sep=84.7  │  fm_e=+4.9  fm=ON  │  ∇rw=5.19  ∇pol=1.07
[18:46:00] [ep15|s2750]  rw=-4.989  cd=-9.922  reg=4.933  │  e+=-4.92(±0.154)  e-=+5.01(±0.056)  sep=92.6  │  fm_e=+5.0  fm=ON  │  ∇rw=3.50  ∇pol=1.31
[18:46:36] [ep15|s2760]  rw=-4.996  cd=-10.027  reg=5.031  │  e+=-5.00(±0.440)  e-=+5.00(±0.199)  sep=49.4  │  fm_e=+5.1  fm=ON  │  ∇rw=3.36  ∇pol=0.69
[18:47:12] [ep15|s2770]  rw=-4.301  cd=-8.912  reg=4.610  │  e+=-4.85(±0.117)  e-=+4.07(±1.298)  sep=40.0  │  fm_e=+3.4  fm=ON  │  ∇rw=219.18  ∇pol=2.25
[18:47:48] [ep15|s2780]  rw=-4.991  cd=-9.589  reg=4.598  │  e+=-4.67(±0.184)  e-=+4.91(±0.025)  sep=61.5  │  fm_e=+4.9  fm=ON  │  ∇rw=6.83  ∇pol=0.57
[18:48:24] [ep15|s2790]  rw=-4.986  cd=-10.160  reg=5.174  │  e+=-4.98(±0.083)  e-=+5.19(±0.177)  sep=89.3  │  fm_e=+5.1  fm=ON  │  ∇rw=5.82  ∇pol=1.79
[18:49:00] [ep15|s2800]  rw=-5.005  cd=-10.169  reg=5.164  │  e+=-4.84(±0.156)  e-=+5.31(±0.057)  sep=75.7  │  fm_e=+5.3  fm=ON  │  ∇rw=5.61  ∇pol=0.86
[18:49:36] [ep15|s2810]  rw=-4.918  cd=-10.025  reg=5.107  │  e+=-5.11(±0.387)  e-=+4.98(±0.045)  sep=68.4  │  fm_e=+5.0  fm=ON  │  ∇rw=3.57  ∇pol=0.94
[18:50:12] [ep15|s2820]  rw=-5.077  cd=-10.034  reg=4.957  │  e+=-4.95(±0.468)  e-=+4.99(±0.016)  sep=59.8  │  fm_e=+5.0  fm=ON  │  ∇rw=1.90  ∇pol=0.74
[18:50:48] [ep15|s2830]  rw=-4.994  cd=-9.919  reg=4.925  │  e+=-4.96(±0.245)  e-=+4.96(±0.021)  sep=49.8  │  fm_e=+5.0  fm=ON  │  ∇rw=1.73  ∇pol=0.42
[18:51:24] [ep15|s2840]  rw=-4.997  cd=-10.019  reg=5.021  │  e+=-5.02(±0.344)  e-=+4.99(±0.034)  sep=47.7  │  fm_e=+5.0  fm=ON  │  ∇rw=1.98  ∇pol=0.47
[18:52:00] [ep15|s2850]  rw=-5.016  cd=-10.208  reg=5.191  │  e+=-5.14(±0.395)  e-=+5.03(±0.077)  sep=75.5  │  fm_e=+5.1  fm=ON  │  ∇rw=3.44  ∇pol=0.62
[18:52:01] ══════════ VAL ep15 ══════════  ρ=-0.0035 (p=0.9636) [FAIL ✗]  AUROC(E)=0.5571  ECE=0.7782  N=177
[18:52:03]   ckpt saved → ckpt_epoch0015.pt
[18:52:03] ──────────────────── Epoch 16/30 ────────────────────
[18:52:39] [ep16|s2860]  rw=-5.067  cd=-9.938  reg=4.871  │  e+=-5.04(±0.185)  e-=+4.82(±0.058)  sep=109.3  │  fm_e=+4.8  fm=ON  │  ∇rw=4.84  ∇pol=0.26
[18:53:15] [ep16|s2870]  rw=-5.003  cd=-9.850  reg=4.847  │  e+=-4.71(±0.419)  e-=+5.10(±0.105)  sep=78.4  │  fm_e=+5.2  fm=ON  │  ∇rw=4.15  ∇pol=0.29
[18:53:51] [ep16|s2880]  rw=-4.961  cd=-10.835  reg=5.874  │  e+=-5.70(±0.573)  e-=+5.08(±0.165)  sep=50.4  │  fm_e=+5.2  fm=ON  │  ∇rw=14.90  ∇pol=0.32
[18:54:27] [ep16|s2890]  rw=-5.017  cd=-10.244  reg=5.227  │  e+=-4.98(±0.368)  e-=+5.23(±0.097)  sep=52.7  │  fm_e=+5.2  fm=ON  │  ∇rw=6.65  ∇pol=0.33
[18:55:03] [ep16|s2900]  rw=-4.976  cd=-9.467  reg=4.491  │  e+=-4.70(±0.218)  e-=+4.77(±0.075)  sep=49.1  │  fm_e=+4.7  fm=ON  │  ∇rw=28.02  ∇pol=0.55
[18:55:39] [ep16|s2910]  rw=-5.185  cd=-10.170  reg=4.984  │  e+=-4.85(±0.673)  e-=+5.08(±0.080)  sep=46.7  │  fm_e=+5.0  fm=ON  │  ∇rw=3.75  ∇pol=0.92
[18:56:15] [ep16|s2920]  rw=-5.183  cd=-9.893  reg=4.710  │  e+=-4.77(±0.389)  e-=+4.92(±0.085)  sep=59.9  │  fm_e=+4.9  fm=ON  │  ∇rw=7.28  ∇pol=0.42
[18:56:52] [ep16|s2930]  rw=-4.992  cd=-10.299  reg=5.306  │  e+=-5.11(±0.206)  e-=+5.18(±0.069)  sep=30.8  │  fm_e=+5.2  fm=ON  │  ∇rw=4.95  ∇pol=0.47
[18:57:28] [ep16|s2940]  rw=-5.188  cd=-9.930  reg=4.742  │  e+=-4.71(±0.576)  e-=+4.99(±0.035)  sep=44.1  │  fm_e=+5.0  fm=ON  │  ∇rw=2.21  ∇pol=0.67
[18:58:03] [ep16|s2950]  rw=-4.977  cd=-9.892  reg=4.915  │  e+=-4.99(±0.166)  e-=+4.92(±0.039)  sep=51.2  │  fm_e=+4.9  fm=ON  │  ∇rw=2.03  ∇pol=0.57
[18:58:40] [ep16|s2960]  rw=-4.981  cd=-10.279  reg=5.298  │  e+=-5.33(±0.206)  e-=+4.95(±0.022)  sep=75.6  │  fm_e=+5.0  fm=ON  │  ∇rw=4.81  ∇pol=0.64
[18:59:16] [ep16|s2970]  rw=-5.098  cd=-10.001  reg=4.904  │  e+=-4.87(±0.611)  e-=+4.98(±0.264)  sep=33.0  │  fm_e=+5.1  fm=ON  │  ∇rw=6.36  ∇pol=0.84
[18:59:52] [ep16|s2980]  rw=-4.906  cd=-10.781  reg=5.875  │  e+=-5.51(±0.195)  e-=+5.32(±0.147)  sep=45.6  │  fm_e=+5.4  fm=ON  │  ∇rw=8.20  ∇pol=0.60
[19:00:28] [ep16|s2990]  rw=-5.086  cd=-10.098  reg=5.011  │  e+=-4.94(±0.764)  e-=+5.01(±0.009)  sep=47.6  │  fm_e=+5.0  fm=ON  │  ∇rw=2.90  ∇pol=0.57
[19:01:04] [ep16|s3000]  rw=-4.842  cd=-9.477  reg=4.635  │  e+=-4.20(±0.579)  e-=+5.31(±0.427)  sep=72.4  │  fm_e=+5.6  fm=ON  │  ∇rw=15.32  ∇pol=1.01
[19:01:40] [ep16|s3010]  rw=-4.925  cd=-10.317  reg=5.392  │  e+=-5.42(±0.355)  e-=+4.94(±0.074)  sep=59.8  │  fm_e=+5.0  fm=ON  │  ∇rw=3.52  ∇pol=0.68
[19:02:16] [ep16|s3020]  rw=-4.995  cd=-10.093  reg=5.098  │  e+=-5.02(±0.715)  e-=+5.03(±0.016)  sep=48.9  │  fm_e=+5.0  fm=ON  │  ∇rw=3.95  ∇pol=0.71
[19:02:52] [ep16|s3030]  rw=-4.952  cd=-9.809  reg=4.857  │  e+=-5.12(±0.146)  e-=+4.72(±0.064)  sep=103.8  │  fm_e=+4.7  fm=ON  │  ∇rw=5.91  ∇pol=0.87
[19:03:28] [ep16|s3040]  rw=-4.883  cd=-9.980  reg=5.097  │  e+=-4.78(±0.559)  e-=+5.28(±0.036)  sep=76.2  │  fm_e=+5.3  fm=ON  │  ∇rw=5.10  ∇pol=0.28
[19:03:29] ══════════ VAL ep16 ══════════  ρ=+0.2042 (p=0.0064) [PASS ✓]  AUROC(E)=0.6600  ECE=0.7946  N=177
[19:03:31]   ckpt saved → ckpt_epoch0016.pt
[19:03:31] ──────────────────── Epoch 17/30 ────────────────────
[19:04:07] [ep17|s3050]  rw=-4.951  cd=-10.526  reg=5.575  │  e+=-5.52(±0.170)  e-=+5.02(±0.089)  sep=81.8  │  fm_e=+5.1  fm=ON  │  ∇rw=6.68  ∇pol=0.72
[19:04:43] [ep17|s3060]  rw=-4.950  cd=-10.155  reg=5.205  │  e+=-5.19(±0.427)  e-=+4.99(±0.044)  sep=93.3  │  fm_e=+5.0  fm=ON  │  ∇rw=1.75  ∇pol=0.44
[19:05:19] [ep17|s3070]  rw=-3.041  cd=-7.556  reg=4.516  │  e+=-5.11(±0.340)  e-=+2.40(±1.631)  sep=73.3  │  fm_e=+1.5  fm=ON  │  ∇rw=220.20  ∇pol=0.58
[19:05:55] [ep17|s3080]  rw=-4.969  cd=-10.046  reg=5.077  │  e+=-5.08(±0.463)  e-=+4.97(±0.086)  sep=37.2  │  fm_e=+5.0  fm=ON  │  ∇rw=2.46  ∇pol=0.96
[19:06:31] [ep17|s3090]  rw=-5.028  cd=-10.039  reg=5.011  │  e+=-5.02(±0.172)  e-=+4.98(±0.072)  sep=75.6  │  fm_e=+5.0  fm=ON  │  ∇rw=2.99  ∇pol=1.21
[19:07:08] [ep17|s3100]  rw=-5.049  cd=-9.507  reg=4.458  │  e+=-4.38(±0.476)  e-=+5.01(±0.095)  sep=53.7  │  fm_e=+5.1  fm=ON  │  ∇rw=6.15  ∇pol=0.56
[19:07:44] [ep17|s3110]  rw=-4.975  cd=-9.939  reg=4.963  │  e+=-4.88(±0.808)  e-=+5.01(±0.055)  sep=56.5  │  fm_e=+5.0  fm=ON  │  ∇rw=4.70  ∇pol=0.51
[19:08:20] [ep17|s3120]  rw=-5.042  cd=-9.634  reg=4.592  │  e+=-4.39(±0.619)  e-=+5.12(±0.029)  sep=55.4  │  fm_e=+5.1  fm=ON  │  ∇rw=16.83  ∇pol=1.60
[19:08:56] [ep17|s3130]  rw=-4.982  cd=-10.742  reg=5.760  │  e+=-5.46(±0.190)  e-=+5.27(±0.124)  sep=59.6  │  fm_e=+5.3  fm=ON  │  ∇rw=7.46  ∇pol=0.86
[19:09:32] [ep17|s3140]  rw=-4.995  cd=-10.595  reg=5.600  │  e+=-5.61(±0.572)  e-=+4.92(±0.048)  sep=50.3  │  fm_e=+4.9  fm=ON  │  ∇rw=9.50  ∇pol=0.34
[19:10:08] [ep17|s3150]  rw=-5.016  cd=-9.940  reg=4.924  │  e+=-5.04(±0.194)  e-=+4.88(±0.077)  sep=50.8  │  fm_e=+4.8  fm=ON  │  ∇rw=3.88  ∇pol=1.06
[19:10:44] [ep17|s3160]  rw=-5.138  cd=-10.489  reg=5.352  │  e+=-5.09(±0.570)  e-=+5.22(±0.112)  sep=32.8  │  fm_e=+5.2  fm=ON  │  ∇rw=6.67  ∇pol=0.62
[19:11:20] [ep17|s3170]  rw=-4.841  cd=-9.783  reg=4.942  │  e+=-4.46(±1.389)  e-=+5.19(±0.068)  sep=33.2  │  fm_e=+5.2  fm=ON  │  ∇rw=20.65  ∇pol=0.79
[19:11:56] [ep17|s3180]  rw=-5.016  cd=-10.369  reg=5.353  │  e+=-5.05(±0.554)  e-=+5.26(±0.025)  sep=41.4  │  fm_e=+5.2  fm=ON  │  ∇rw=7.68  ∇pol=0.58
[19:12:32] [ep17|s3190]  rw=-4.995  cd=-9.908  reg=4.913  │  e+=-4.94(±0.153)  e-=+4.97(±0.019)  sep=137.1  │  fm_e=+5.0  fm=ON  │  ∇rw=2.18  ∇pol=0.77
[19:13:08] [ep17|s3200]  rw=-5.010  cd=-10.120  reg=5.109  │  e+=-5.09(±0.172)  e-=+5.02(±0.009)  sep=60.6  │  fm_e=+5.0  fm=ON  │  ∇rw=3.37  ∇pol=0.52
[19:13:44] [ep17|s3210]  rw=-5.017  cd=-9.609  reg=4.593  │  e+=-4.69(±0.354)  e-=+4.88(±0.007)  sep=81.1  │  fm_e=+4.9  fm=ON  │  ∇rw=4.02  ∇pol=0.64
[19:14:20] [ep17|s3220]  rw=-5.084  cd=-9.904  reg=4.821  │  e+=-4.75(±0.550)  e-=+5.03(±0.025)  sep=44.2  │  fm_e=+5.0  fm=ON  │  ∇rw=1.82  ∇pol=0.39
[19:14:56] [ep17|s3230]  rw=-4.918  cd=-10.503  reg=5.584  │  e+=-5.38(±0.531)  e-=+5.16(±0.040)  sep=40.1  │  fm_e=+5.2  fm=ON  │  ∇rw=5.25  ∇pol=0.52
[19:14:57] ══════════ VAL ep17 ══════════  ρ=+0.2259 (p=0.0025) [PASS ✓]  AUROC(E)=0.6158  ECE=0.7896  N=177 ◀ BEST
[19:14:59]   ckpt saved → ckpt_epoch0017.pt
[19:14:59] ──────────────────── Epoch 18/30 ────────────────────
[19:15:35] [ep18|s3240]  rw=-5.054  cd=-10.167  reg=5.113  │  e+=-5.07(±0.316)  e-=+5.03(±0.076)  sep=38.4  │  fm_e=+5.0  fm=ON  │  ∇rw=2.45  ∇pol=0.60
[19:16:11] [ep18|s3250]  rw=-5.017  cd=-9.340  reg=4.323  │  e+=-4.28(±0.475)  e-=+4.97(±0.048)  sep=36.1  │  fm_e=+4.9  fm=ON  │  ∇rw=11.19  ∇pol=0.78
[19:16:47] [ep18|s3260]  rw=-5.126  cd=-10.409  reg=5.283  │  e+=-5.06(±0.788)  e-=+5.16(±0.097)  sep=44.9  │  fm_e=+5.1  fm=ON  │  ∇rw=3.71  ∇pol=0.45
[19:17:23] [ep18|s3270]  rw=-4.913  cd=-10.889  reg=5.976  │  e+=-5.79(±0.428)  e-=+5.10(±0.095)  sep=33.3  │  fm_e=+5.0  fm=ON  │  ∇rw=8.11  ∇pol=3.27
[19:17:59] [ep18|s3280]  rw=-5.018  cd=-10.106  reg=5.088  │  e+=-5.06(±0.178)  e-=+5.02(±0.061)  sep=58.0  │  fm_e=+5.1  fm=ON  │  ∇rw=4.41  ∇pol=1.22
[19:18:36] [ep18|s3290]  rw=-5.106  cd=-10.064  reg=4.958  │  e+=-5.01(±0.577)  e-=+4.91(±0.024)  sep=69.4  │  fm_e=+4.9  fm=ON  │  ∇rw=3.56  ∇pol=0.67
[19:19:12] [ep18|s3300]  rw=-4.967  cd=-9.842  reg=4.875  │  e+=-4.84(±0.389)  e-=+5.02(±0.108)  sep=47.2  │  fm_e=+5.0  fm=ON  │  ∇rw=2.94  ∇pol=0.37
[19:19:48] [ep18|s3310]  rw=-5.021  cd=-9.735  reg=4.714  │  e+=-4.68(±0.368)  e-=+5.01(±0.050)  sep=60.4  │  fm_e=+5.0  fm=ON  │  ∇rw=4.30  ∇pol=0.50
[19:20:24] [ep18|s3320]  rw=-5.075  cd=-10.331  reg=5.256  │  e+=-5.17(±0.618)  e-=+5.05(±0.041)  sep=62.4  │  fm_e=+5.0  fm=ON  │  ∇rw=3.63  ∇pol=0.40
[19:21:00] [ep18|s3330]  rw=-5.023  cd=-10.237  reg=5.214  │  e+=-5.26(±0.403)  e-=+4.93(±0.060)  sep=39.6  │  fm_e=+4.9  fm=ON  │  ∇rw=2.37  ∇pol=0.49
[19:21:36] [ep18|s3340]  rw=-4.870  cd=-9.490  reg=4.621  │  e+=-4.32(±0.589)  e-=+5.21(±0.037)  sep=42.3  │  fm_e=+5.2  fm=ON  │  ∇rw=7.29  ∇pol=0.46
[19:22:13] [ep18|s3350]  rw=-4.976  cd=-10.377  reg=5.401  │  e+=-5.46(±0.211)  e-=+4.90(±0.124)  sep=82.4  │  fm_e=+4.8  fm=ON  │  ∇rw=5.12  ∇pol=0.59
[19:22:49] [ep18|s3360]  rw=-4.988  cd=-9.840  reg=4.852  │  e+=-4.85(±0.061)  e-=+5.00(±0.041)  sep=118.1  │  fm_e=+5.0  fm=ON  │  ∇rw=2.76  ∇pol=0.50
[19:23:25] [ep18|s3370]  rw=-4.924  cd=-9.941  reg=5.017  │  e+=-5.05(±0.380)  e-=+4.95(±0.019)  sep=68.1  │  fm_e=+5.0  fm=ON  │  ∇rw=9.60  ∇pol=0.48
[19:24:01] [ep18|s3380]  rw=-5.138  cd=-10.091  reg=4.954  │  e+=-4.95(±0.834)  e-=+4.94(±0.022)  sep=47.0  │  fm_e=+4.9  fm=ON  │  ∇rw=2.13  ∇pol=0.52
[19:24:37] [ep18|s3390]  rw=-4.965  cd=-10.425  reg=5.460  │  e+=-5.49(±0.462)  e-=+4.92(±0.105)  sep=35.5  │  fm_e=+5.0  fm=ON  │  ∇rw=5.88  ∇pol=0.41
[19:25:13] [ep18|s3400]  rw=-4.812  cd=-10.139  reg=5.327  │  e+=-5.39(±0.287)  e-=+4.92(±0.026)  sep=46.3  │  fm_e=+4.9  fm=ON  │  ∇rw=6.92  ∇pol=0.49
[19:25:49] [ep18|s3410]  rw=-5.027  cd=-10.401  reg=5.374  │  e+=-5.29(±0.549)  e-=+5.04(±0.044)  sep=47.6  │  fm_e=+5.1  fm=ON  │  ∇rw=4.25  ∇pol=0.45
[19:26:25] [ep18|s3420]  rw=-5.151  cd=-10.195  reg=5.044  │  e+=-5.03(±0.360)  e-=+5.00(±0.046)  sep=64.9  │  fm_e=+5.0  fm=ON  │  ∇rw=1.96  ∇pol=0.37
[19:26:25] ══════════ VAL ep18 ══════════  ρ=+0.1791 (p=0.0171) [PASS ✓]  AUROC(E)=0.6946  ECE=0.7962  N=177
[19:26:30]   ckpt saved → ckpt_epoch0018.pt
[19:26:30] ──────────────────── Epoch 19/30 ────────────────────
[19:27:06] [ep19|s3430]  rw=-4.928  cd=-10.388  reg=5.460  │  e+=-5.45(±0.213)  e-=+4.98(±0.122)  sep=70.2  │  fm_e=+5.1  fm=ON  │  ∇rw=3.27  ∇pol=0.35
[19:27:42] [ep19|s3440]  rw=-4.873  cd=-9.257  reg=4.383  │  e+=-4.72(±0.440)  e-=+4.61(±0.144)  sep=54.3  │  fm_e=+4.6  fm=ON  │  ∇rw=10.01  ∇pol=0.38
[19:28:18] [ep19|s3450]  rw=-4.882  cd=-9.253  reg=4.371  │  e+=-5.26(±0.485)  e-=+3.98(±0.109)  sep=35.0  │  fm_e=+4.0  fm=ON  │  ∇rw=17.81  ∇pol=0.35
[19:28:54] [ep19|s3460]  rw=-4.977  cd=-9.877  reg=4.900  │  e+=-4.89(±0.213)  e-=+5.00(±0.025)  sep=102.3  │  fm_e=+5.0  fm=ON  │  ∇rw=1.68  ∇pol=0.56
[19:29:31] [ep19|s3470]  rw=-5.073  cd=-9.811  reg=4.739  │  e+=-4.75(±0.461)  e-=+4.96(±0.022)  sep=44.5  │  fm_e=+5.0  fm=ON  │  ∇rw=3.60  ∇pol=0.51
[19:30:07] [ep19|s3480]  rw=-4.982  cd=-9.587  reg=4.605  │  e+=-4.65(±0.193)  e-=+4.94(±0.009)  sep=100.1  │  fm_e=+4.9  fm=ON  │  ∇rw=2.60  ∇pol=0.45
[19:30:43] [ep19|s3490]  rw=-4.946  cd=-9.879  reg=4.933  │  e+=-4.86(±0.824)  e-=+5.00(±0.077)  sep=60.9  │  fm_e=+5.0  fm=ON  │  ∇rw=3.60  ∇pol=0.71
[19:31:19] [ep19|s3500]  rw=-5.069  cd=-10.542  reg=5.473  │  e+=-5.41(±0.349)  e-=+5.03(±0.124)  sep=31.7  │  fm_e=+5.1  fm=ON  │  ∇rw=7.93  ∇pol=0.70
[19:31:55] [ep19|s3510]  rw=-5.116  cd=-10.496  reg=5.381  │  e+=-5.20(±0.313)  e-=+5.16(±0.045)  sep=56.8  │  fm_e=+5.1  fm=ON  │  ∇rw=4.73  ∇pol=0.86
[19:32:30] [ep19|s3520]  rw=-4.793  cd=-11.303  reg=6.510  │  e+=-6.16(±0.632)  e-=+5.16(±0.187)  sep=36.2  │  fm_e=+5.2  fm=ON  │  ∇rw=12.07  ∇pol=1.07
[19:33:06] [ep19|s3530]  rw=-4.995  cd=-10.258  reg=5.263  │  e+=-5.24(±0.141)  e-=+5.02(±0.075)  sep=65.6  │  fm_e=+5.1  fm=ON  │  ∇rw=4.18  ∇pol=2.96
[19:33:42] [ep19|s3540]  rw=-4.812  cd=-9.190  reg=4.378  │  e+=-3.75(±0.489)  e-=+5.41(±0.267)  sep=46.3  │  fm_e=+5.6  fm=ON  │  ∇rw=19.32  ∇pol=0.60
[19:34:18] [ep19|s3550]  rw=-4.965  cd=-9.844  reg=4.880  │  e+=-4.62(±0.167)  e-=+5.23(±0.290)  sep=57.8  │  fm_e=+5.4  fm=ON  │  ∇rw=11.14  ∇pol=1.80
[19:34:54] [ep19|s3560]  rw=-5.017  cd=-9.871  reg=4.855  │  e+=-4.79(±0.163)  e-=+5.04(±0.113)  sep=69.0  │  fm_e=+5.0  fm=ON  │  ∇rw=11.30  ∇pol=2.40
[19:35:30] [ep19|s3570]  rw=-4.957  cd=-10.426  reg=5.469  │  e+=-5.28(±0.521)  e-=+5.14(±0.145)  sep=68.3  │  fm_e=+5.1  fm=ON  │  ∇rw=10.14  ∇pol=0.70
[19:36:06] [ep19|s3580]  rw=-4.768  cd=-8.870  reg=4.101  │  e+=-4.98(±0.353)  e-=+4.01(±0.150)  sep=45.2  │  fm_e=+3.9  fm=ON  │  ∇rw=19.86  ∇pol=1.05
[19:36:43] [ep19|s3590]  rw=+1.821  cd=-3.227  reg=5.047  │  e+=-1.83(±4.775)  e-=+3.07(±1.882)  sep=29.7  │  fm_e=+2.1  fm=ON  │  ∇rw=282.39  ∇pol=1.65
[19:37:19] [ep19|s3600]  rw=-4.963  cd=-9.924  reg=4.960  │  e+=-5.29(±0.198)  e-=+4.61(±0.440)  sep=59.9  │  fm_e=+4.4  fm=ON  │  ∇rw=10.78  ∇pol=0.64
[19:37:55] [ep19|s3610]  rw=-5.011  cd=-9.990  reg=4.979  │  e+=-5.11(±0.272)  e-=+4.86(±0.103)  sep=58.0  │  fm_e=+4.8  fm=ON  │  ∇rw=3.13  ∇pol=0.68
[19:37:55] ══════════ VAL ep19 ══════════  ρ=+0.2249 (p=0.0026) [PASS ✓]  AUROC(E)=0.6544  ECE=0.7937  N=177
[19:37:56]   ckpt saved → ckpt_epoch0019.pt
[19:37:56] ──────────────────── Epoch 20/30 ────────────────────
[19:38:32] [ep20|s3620]  rw=+1.623  cd=-3.544  reg=5.166  │  e+=-5.46(±0.811)  e-=-2.00(±4.140)  sep=29.6  │  fm_e=-4.4  fm=ON  │  ∇rw=116.32  ∇pol=2.29
[19:39:08] [ep20|s3630]  rw=-4.849  cd=-8.526  reg=3.677  │  e+=-3.98(±0.274)  e-=+4.54(±0.234)  sep=20.8  │  fm_e=+4.4  fm=ON  │  ∇rw=13.75  ∇pol=1.35
[19:39:44] [ep20|s3640]  rw=-4.941  cd=-10.132  reg=5.191  │  e+=-5.43(±0.283)  e-=+4.72(±0.062)  sep=70.6  │  fm_e=+4.7  fm=ON  │  ∇rw=10.79  ∇pol=2.77
[19:40:20] [ep20|s3650]  rw=-4.595  cd=-9.110  reg=4.516  │  e+=-5.19(±0.755)  e-=+3.95(±0.882)  sep=47.0  │  fm_e=+3.5  fm=ON  │  ∇rw=132.52  ∇pol=0.99
[19:40:56] [ep20|s3660]  rw=-4.669  cd=-7.755  reg=3.086  │  e+=-4.15(±0.414)  e-=+3.59(±0.426)  sep=11.9  │  fm_e=+3.5  fm=ON  │  ∇rw=71.71  ∇pol=1.23
[19:41:32] [ep20|s3670]  rw=-5.027  cd=-9.331  reg=4.303  │  e+=-4.58(±0.157)  e-=+4.68(±0.129)  sep=45.9  │  fm_e=+4.6  fm=ON  │  ∇rw=9.47  ∇pol=1.99
[19:42:08] [ep20|s3680]  rw=-4.994  cd=-10.412  reg=5.419  │  e+=-5.36(±0.439)  e-=+5.02(±0.047)  sep=51.6  │  fm_e=+5.0  fm=ON  │  ∇rw=3.54  ∇pol=1.71
[19:42:44] [ep20|s3690]  rw=-5.037  cd=-10.659  reg=5.621  │  e+=-5.24(±0.271)  e-=+5.35(±0.162)  sep=59.0  │  fm_e=+5.4  fm=ON  │  ∇rw=8.32  ∇pol=1.46
[19:43:20] [ep20|s3700]  rw=-4.978  cd=-10.709  reg=5.731  │  e+=-5.49(±0.166)  e-=+5.21(±0.077)  sep=54.5  │  fm_e=+5.2  fm=ON  │  ∇rw=4.24  ∇pol=1.40
[19:43:56] [ep20|s3710]  rw=-5.232  cd=-9.996  reg=4.764  │  e+=-4.57(±1.376)  e-=+4.98(±0.093)  sep=34.9  │  fm_e=+4.9  fm=ON  │  ∇rw=2.40  ∇pol=1.09
[19:44:33] [ep20|s3720]  rw=-4.941  cd=-10.024  reg=5.084  │  e+=-4.78(±0.346)  e-=+5.27(±0.118)  sep=71.1  │  fm_e=+5.3  fm=ON  │  ∇rw=6.01  ∇pol=0.90
[19:45:09] [ep20|s3730]  rw=-4.832  cd=-9.664  reg=4.832  │  e+=-4.99(±0.521)  e-=+4.80(±0.198)  sep=54.7  │  fm_e=+4.7  fm=ON  │  ∇rw=7.60  ∇pol=0.86
[19:45:45] [ep20|s3740]  rw=-5.137  cd=-10.823  reg=5.686  │  e+=-5.53(±0.480)  e-=+5.10(±0.162)  sep=59.8  │  fm_e=+5.0  fm=ON  │  ∇rw=4.48  ∇pol=0.65
[19:46:21] [ep20|s3750]  rw=-4.867  cd=-10.110  reg=5.243  │  e+=-4.91(±0.305)  e-=+5.31(±0.083)  sep=35.0  │  fm_e=+5.4  fm=ON  │  ∇rw=6.25  ∇pol=0.46
[19:46:57] [ep20|s3760]  rw=-5.069  cd=-10.060  reg=4.990  │  e+=-4.98(±0.294)  e-=+5.00(±0.071)  sep=66.0  │  fm_e=+5.0  fm=ON  │  ∇rw=2.22  ∇pol=0.75
[19:47:33] [ep20|s3770]  rw=-4.946  cd=-10.012  reg=5.066  │  e+=-4.57(±0.254)  e-=+5.45(±0.030)  sep=62.8  │  fm_e=+5.4  fm=ON  │  ∇rw=8.89  ∇pol=0.58
[19:48:09] [ep20|s3780]  rw=-5.051  cd=-10.070  reg=5.019  │  e+=-4.90(±0.788)  e-=+5.06(±0.048)  sep=73.1  │  fm_e=+5.1  fm=ON  │  ∇rw=1.72  ∇pol=0.29
[19:48:45] [ep20|s3790]  rw=-5.019  cd=-10.172  reg=5.153  │  e+=-5.20(±0.132)  e-=+4.94(±0.069)  sep=100.8  │  fm_e=+5.0  fm=ON  │  ∇rw=4.16  ∇pol=0.82
[19:49:21] [ep20|s3800]  rw=-4.905  cd=-9.756  reg=4.851  │  e+=-4.55(±0.642)  e-=+5.18(±0.539)  sep=35.8  │  fm_e=+4.9  fm=ON  │  ∇rw=12.34  ∇pol=1.82
[19:49:21] ══════════ VAL ep20 ══════════  ρ=+0.1149 (p=0.1279) [FAIL ✗]  AUROC(E)=0.5329  ECE=0.6878  N=177
[19:49:22]   ckpt saved → ckpt_epoch0020.pt
[19:49:22] ──────────────────── Epoch 21/30 ────────────────────
[19:49:58] [ep21|s3810]  rw=-4.567  cd=-8.473  reg=3.906  │  e+=-4.28(±1.280)  e-=+4.23(±0.435)  sep=16.7  │  fm_e=+4.0  fm=ON  │  ∇rw=26.87  ∇pol=1.13
[19:50:34] [ep21|s3820]  rw=-4.952  cd=-9.905  reg=4.953  │  e+=-5.20(±0.617)  e-=+4.69(±0.243)  sep=40.5  │  fm_e=+4.6  fm=ON  │  ∇rw=8.29  ∇pol=2.36
[19:51:11] [ep21|s3830]  rw=-4.859  cd=-9.387  reg=4.528  │  e+=-4.66(±0.742)  e-=+4.80(±0.022)  sep=38.3  │  fm_e=+4.8  fm=ON  │  ∇rw=5.27  ∇pol=2.19
[19:51:47] [ep21|s3840]  rw=-5.415  cd=-10.501  reg=5.085  │  e+=-4.90(±0.841)  e-=+5.12(±0.084)  sep=36.4  │  fm_e=+5.2  fm=ON  │  ∇rw=4.61  ∇pol=0.83
[19:52:23] [ep21|s3850]  rw=-5.189  cd=-10.459  reg=5.270  │  e+=-5.25(±0.644)  e-=+4.97(±0.053)  sep=44.7  │  fm_e=+4.9  fm=ON  │  ∇rw=2.53  ∇pol=0.53
[19:52:59] [ep21|s3860]  rw=-5.119  cd=-10.322  reg=5.203  │  e+=-5.35(±0.665)  e-=+4.79(±0.178)  sep=28.8  │  fm_e=+4.9  fm=ON  │  ∇rw=6.51  ∇pol=1.72
[19:53:35] [ep21|s3870]  rw=-4.878  cd=-9.334  reg=4.456  │  e+=-4.32(±0.458)  e-=+5.06(±0.172)  sep=47.0  │  fm_e=+5.0  fm=ON  │  ∇rw=10.05  ∇pol=0.88
[19:54:11] [ep21|s3880]  rw=-4.912  cd=-10.196  reg=5.284  │  e+=-5.20(±0.475)  e-=+5.05(±0.073)  sep=54.5  │  fm_e=+5.1  fm=ON  │  ∇rw=7.35  ∇pol=0.41
[19:54:47] [ep21|s3890]  rw=-5.120  cd=-9.886  reg=4.766  │  e+=-4.69(±0.663)  e-=+5.02(±0.036)  sep=48.1  │  fm_e=+5.0  fm=ON  │  ∇rw=6.06  ∇pol=0.47
[19:55:23] [ep21|s3900]  rw=-5.128  cd=-10.517  reg=5.389  │  e+=-5.34(±0.378)  e-=+5.02(±0.020)  sep=52.7  │  fm_e=+5.0  fm=ON  │  ∇rw=3.80  ∇pol=0.43
[19:55:59] [ep21|s3910]  rw=-5.233  cd=-9.528  reg=4.294  │  e+=-4.34(±0.681)  e-=+4.86(±0.044)  sep=32.2  │  fm_e=+4.8  fm=ON  │  ∇rw=11.75  ∇pol=0.28
[19:56:35] [ep21|s3920]  rw=-5.262  cd=-9.777  reg=4.516  │  e+=-4.85(±0.919)  e-=+4.55(±0.115)  sep=24.6  │  fm_e=+4.5  fm=ON  │  ∇rw=9.86  ∇pol=0.36
[19:57:11] [ep21|s3930]  rw=-4.950  cd=-10.360  reg=5.410  │  e+=-5.50(±0.298)  e-=+4.87(±0.078)  sep=52.8  │  fm_e=+4.9  fm=ON  │  ∇rw=2.93  ∇pol=0.37
[19:57:47] [ep21|s3940]  rw=-4.983  cd=-10.145  reg=5.162  │  e+=-5.04(±0.176)  e-=+5.12(±0.020)  sep=52.8  │  fm_e=+5.1  fm=ON  │  ∇rw=4.19  ∇pol=0.43
[19:58:23] [ep21|s3950]  rw=-5.040  cd=-10.050  reg=5.011  │  e+=-5.07(±0.132)  e-=+4.94(±0.031)  sep=66.5  │  fm_e=+4.9  fm=ON  │  ∇rw=2.27  ∇pol=0.55
[19:58:59] [ep21|s3960]  rw=-5.097  cd=-9.741  reg=4.644  │  e+=-4.78(±0.424)  e-=+4.83(±0.040)  sep=41.6  │  fm_e=+4.8  fm=ON  │  ∇rw=5.53  ∇pol=0.50
[19:59:35] [ep21|s3970]  rw=-4.909  cd=-10.180  reg=5.272  │  e+=-5.05(±0.656)  e-=+5.17(±0.053)  sep=36.1  │  fm_e=+5.2  fm=ON  │  ∇rw=7.80  ∇pol=0.57
[20:00:11] [ep21|s3980]  rw=-4.975  cd=-10.284  reg=5.308  │  e+=-5.27(±0.296)  e-=+5.02(±0.040)  sep=43.4  │  fm_e=+5.0  fm=ON  │  ∇rw=2.23  ∇pol=0.68
[20:00:47] [ep21|s3990]  rw=-4.942  cd=-9.740  reg=4.798  │  e+=-4.63(±0.691)  e-=+5.11(±0.080)  sep=49.2  │  fm_e=+5.1  fm=ON  │  ∇rw=2.78  ∇pol=0.70
[20:00:47] ══════════ VAL ep21 ══════════  ρ=+0.1738 (p=0.0207) [PASS ✓]  AUROC(E)=0.6756  ECE=0.7947  N=177
[20:00:48]   ckpt saved → ckpt_epoch0021.pt
[20:00:48] ──────────────────── Epoch 22/30 ────────────────────
[20:01:24] [ep22|s4000]  rw=-4.996  cd=-10.036  reg=5.040  │  e+=-4.97(±0.711)  e-=+5.02(±0.035)  sep=46.5  │  fm_e=+5.0  fm=ON  │  ∇rw=1.82  ∇pol=0.67
[20:02:00] [ep22|s4010]  rw=-3.790  cd=-8.624  reg=4.833  │  e+=-2.51(±4.144)  e-=+4.98(±0.144)  sep=28.4  │  fm_e=+4.9  fm=ON  │  ∇rw=24.82  ∇pol=0.64
[20:02:36] [ep22|s4020]  rw=-4.898  cd=-9.907  reg=5.009  │  e+=-5.08(±0.344)  e-=+4.91(±0.087)  sep=80.1  │  fm_e=+4.9  fm=ON  │  ∇rw=2.93  ∇pol=0.46
[20:03:12] [ep22|s4030]  rw=-4.939  cd=-9.465  reg=4.526  │  e+=-4.59(±0.304)  e-=+4.91(±0.009)  sep=92.4  │  fm_e=+4.9  fm=ON  │  ∇rw=2.59  ∇pol=0.50
[20:03:48] [ep22|s4040]  rw=-5.005  cd=-9.941  reg=4.935  │  e+=-4.92(±0.069)  e-=+5.01(±0.019)  sep=126.0  │  fm_e=+5.0  fm=ON  │  ∇rw=1.61  ∇pol=0.51
[20:04:24] [ep22|s4050]  rw=-5.008  cd=-10.059  reg=5.051  │  e+=-5.00(±0.113)  e-=+5.05(±0.036)  sep=102.5  │  fm_e=+5.1  fm=ON  │  ∇rw=3.15  ∇pol=0.53
[20:05:01] [ep22|s4060]  rw=-4.966  cd=-9.856  reg=4.890  │  e+=-4.82(±0.902)  e-=+4.98(±0.045)  sep=41.5  │  fm_e=+5.0  fm=ON  │  ∇rw=5.24  ∇pol=0.58
[20:05:37] [ep22|s4070]  rw=-4.920  cd=-9.489  reg=4.570  │  e+=-4.27(±0.296)  e-=+5.23(±0.034)  sep=54.4  │  fm_e=+5.3  fm=ON  │  ∇rw=8.26  ∇pol=0.69
[20:06:13] [ep22|s4080]  rw=-5.244  cd=-10.389  reg=5.145  │  e+=-4.94(±0.675)  e-=+5.15(±0.048)  sep=52.3  │  fm_e=+5.2  fm=ON  │  ∇rw=4.75  ∇pol=0.72
[20:06:49] [ep22|s4090]  rw=-5.000  cd=-10.365  reg=5.365  │  e+=-5.09(±0.919)  e-=+5.19(±0.063)  sep=30.9  │  fm_e=+5.2  fm=ON  │  ∇rw=3.92  ∇pol=0.38
[20:07:25] [ep22|s4100]  rw=-5.044  cd=-9.889  reg=4.845  │  e+=-4.81(±0.675)  e-=+4.98(±0.043)  sep=40.5  │  fm_e=+5.0  fm=ON  │  ∇rw=2.22  ∇pol=0.83
[20:08:01] [ep22|s4110]  rw=-4.986  cd=-10.200  reg=5.214  │  e+=-5.28(±0.191)  e-=+4.92(±0.052)  sep=45.3  │  fm_e=+4.9  fm=ON  │  ∇rw=2.19  ∇pol=0.96
[20:08:37] [ep22|s4120]  rw=-4.995  cd=-10.046  reg=5.051  │  e+=-5.08(±0.083)  e-=+4.97(±0.044)  sep=83.2  │  fm_e=+4.9  fm=ON  │  ∇rw=2.05  ∇pol=0.63
[20:09:13] [ep22|s4130]  rw=-5.001  cd=-10.343  reg=5.341  │  e+=-5.31(±0.272)  e-=+5.01(±0.030)  sep=75.6  │  fm_e=+5.0  fm=ON  │  ∇rw=29.15  ∇pol=0.60
[20:09:49] [ep22|s4140]  rw=-5.008  cd=-9.991  reg=4.983  │  e+=-4.95(±0.351)  e-=+5.02(±0.038)  sep=117.1  │  fm_e=+5.0  fm=ON  │  ∇rw=1.75  ∇pol=0.57
[20:10:25] [ep22|s4150]  rw=-4.954  cd=-10.799  reg=5.845  │  e+=-5.68(±0.391)  e-=+5.11(±0.044)  sep=57.9  │  fm_e=+5.1  fm=ON  │  ∇rw=9.64  ∇pol=0.67
[20:11:01] [ep22|s4160]  rw=-4.993  cd=-10.227  reg=5.234  │  e+=-5.10(±0.294)  e-=+5.12(±0.109)  sep=47.2  │  fm_e=+5.2  fm=ON  │  ∇rw=2.79  ∇pol=0.74
[20:11:37] [ep22|s4170]  rw=-5.008  cd=-10.219  reg=5.211  │  e+=-5.18(±0.245)  e-=+5.02(±0.011)  sep=55.4  │  fm_e=+5.0  fm=ON  │  ∇rw=5.16  ∇pol=0.43
[20:12:13] [ep22|s4180]  rw=-5.049  cd=-10.080  reg=5.032  │  e+=-5.00(±0.417)  e-=+5.01(±0.035)  sep=65.6  │  fm_e=+5.0  fm=ON  │  ∇rw=1.47  ∇pol=0.77
[20:12:14] ══════════ VAL ep22 ══════════  ρ=+0.1665 (p=0.0268) [PASS ✓]  AUROC(E)=0.7164  ECE=0.7920  N=177
[20:12:15]   ckpt saved → ckpt_epoch0022.pt
[20:12:15] ──────────────────── Epoch 23/30 ────────────────────
[20:12:51] [ep23|s4190]  rw=-4.610  cd=-9.460  reg=4.850  │  e+=-4.46(±1.179)  e-=+5.07(±0.109)  sep=45.6  │  fm_e=+5.1  fm=ON  │  ∇rw=54.37  ∇pol=0.58
[20:13:27] [ep23|s4200]  rw=-2.248  cd=-6.591  reg=4.343  │  e+=-5.04(±0.549)  e-=+1.44(±1.986)  sep=43.4  │  fm_e=+0.3  fm=ON  │  ∇rw=263.34  ∇pol=3.32
[20:14:03] [ep23|s4210]  rw=-4.931  cd=-9.696  reg=4.766  │  e+=-5.20(±0.398)  e-=+4.52(±0.027)  sep=33.8  │  fm_e=+4.5  fm=ON  │  ∇rw=10.66  ∇pol=0.54
[20:14:39] [ep23|s4220]  rw=-4.999  cd=-10.398  reg=5.399  │  e+=-5.37(±0.244)  e-=+5.01(±0.061)  sep=59.6  │  fm_e=+5.0  fm=ON  │  ∇rw=1.92  ∇pol=0.36
[20:15:15] [ep23|s4230]  rw=-5.019  cd=-9.991  reg=4.972  │  e+=-5.00(±0.361)  e-=+4.96(±0.071)  sep=57.6  │  fm_e=+5.0  fm=ON  │  ∇rw=3.74  ∇pol=0.59
[20:15:51] [ep23|s4240]  rw=-5.101  cd=-10.031  reg=4.930  │  e+=-4.90(±0.687)  e-=+4.99(±0.022)  sep=45.0  │  fm_e=+5.0  fm=ON  │  ∇rw=4.28  ∇pol=0.67
[20:16:27] [ep23|s4250]  rw=-5.003  cd=-9.967  reg=4.964  │  e+=-4.95(±0.509)  e-=+4.99(±0.017)  sep=40.1  │  fm_e=+5.0  fm=ON  │  ∇rw=1.96  ∇pol=0.62
[20:17:03] [ep23|s4260]  rw=-5.017  cd=-10.153  reg=5.136  │  e+=-5.16(±0.167)  e-=+4.97(±0.019)  sep=102.6  │  fm_e=+5.0  fm=ON  │  ∇rw=2.51  ∇pol=0.29
[20:17:39] [ep23|s4270]  rw=-5.139  cd=-9.907  reg=4.768  │  e+=-4.79(±0.307)  e-=+4.96(±0.031)  sep=70.5  │  fm_e=+5.0  fm=ON  │  ∇rw=2.87  ∇pol=0.66
[20:18:15] [ep23|s4280]  rw=-5.048  cd=-10.410  reg=5.361  │  e+=-5.30(±0.431)  e-=+5.03(±0.021)  sep=73.7  │  fm_e=+5.0  fm=ON  │  ∇rw=2.35  ∇pol=0.44
[20:18:51] [ep23|s4290]  rw=-5.024  cd=-10.002  reg=4.977  │  e+=-4.84(±0.344)  e-=+5.12(±0.026)  sep=52.2  │  fm_e=+5.1  fm=ON  │  ∇rw=4.39  ∇pol=0.60
[20:19:27] [ep23|s4300]  rw=-4.992  cd=-10.172  reg=5.179  │  e+=-5.17(±0.393)  e-=+4.99(±0.062)  sep=44.8  │  fm_e=+5.0  fm=ON  │  ∇rw=5.00  ∇pol=0.58
[20:20:03] [ep23|s4310]  rw=-5.074  cd=-10.192  reg=5.117  │  e+=-5.15(±0.202)  e-=+4.96(±0.069)  sep=80.2  │  fm_e=+4.9  fm=ON  │  ∇rw=2.60  ∇pol=0.84
[20:20:39] [ep23|s4320]  rw=-5.100  cd=-9.852  reg=4.752  │  e+=-4.69(±0.640)  e-=+5.01(±0.024)  sep=38.7  │  fm_e=+5.0  fm=ON  │  ∇rw=5.99  ∇pol=0.84
[20:21:15] [ep23|s4330]  rw=-4.950  cd=-10.867  reg=5.917  │  e+=-5.85(±0.389)  e-=+4.97(±0.008)  sep=54.9  │  fm_e=+5.0  fm=ON  │  ∇rw=10.21  ∇pol=0.35
[20:21:51] [ep23|s4340]  rw=-5.234  cd=-10.036  reg=4.802  │  e+=-4.81(±0.477)  e-=+4.97(±0.022)  sep=53.3  │  fm_e=+5.0  fm=ON  │  ∇rw=2.66  ∇pol=0.85
[20:22:27] [ep23|s4350]  rw=-5.222  cd=-10.081  reg=4.859  │  e+=-4.52(±1.461)  e-=+5.10(±0.024)  sep=32.3  │  fm_e=+5.1  fm=ON  │  ∇rw=4.29  ∇pol=0.52
[20:23:03] [ep23|s4360]  rw=-4.911  cd=-10.114  reg=5.202  │  e+=-5.54(±0.440)  e-=+4.59(±0.087)  sep=40.6  │  fm_e=+4.5  fm=ON  │  ∇rw=9.67  ∇pol=0.52
[20:23:39] [ep23|s4370]  rw=-5.078  cd=-9.607  reg=4.528  │  e+=-4.25(±1.040)  e-=+5.11(±0.023)  sep=26.4  │  fm_e=+5.1  fm=ON  │  ∇rw=4.81  ∇pol=0.61
[20:23:40] ══════════ VAL ep23 ══════════  ρ=+0.1969 (p=0.0086) [PASS ✓]  AUROC(E)=0.6484  ECE=0.7964  N=177
[20:23:42]   ckpt saved → ckpt_epoch0023.pt
[20:23:42] ──────────────────── Epoch 24/30 ────────────────────
[20:24:19] [ep24|s4380]  rw=-5.053  cd=-10.024  reg=4.971  │  e+=-4.96(±0.639)  e-=+4.97(±0.035)  sep=47.0  │  fm_e=+5.0  fm=ON  │  ∇rw=2.25  ∇pol=1.06
[20:24:54] [ep24|s4390]  rw=-1.928  cd=-6.275  reg=4.347  │  e+=-2.61(±3.792)  e-=+4.71(±0.027)  sep=29.3  │  fm_e=+4.7  fm=ON  │  ∇rw=22.84  ∇pol=0.81
[20:25:30] [ep24|s4400]  rw=-5.090  cd=-9.547  reg=4.457  │  e+=-4.41(±0.504)  e-=+4.98(±0.075)  sep=37.7  │  fm_e=+4.9  fm=ON  │  ∇rw=3.91  ∇pol=0.65
[20:26:06] [ep24|s4410]  rw=-4.997  cd=-10.372  reg=5.375  │  e+=-5.33(±0.181)  e-=+5.03(±0.072)  sep=57.5  │  fm_e=+5.1  fm=ON  │  ∇rw=1.31  ∇pol=3.46
[20:26:42] [ep24|s4420]  rw=-5.101  cd=-9.534  reg=4.434  │  e+=-4.24(±0.855)  e-=+5.06(±0.142)  sep=37.1  │  fm_e=+5.0  fm=ON  │  ∇rw=7.16  ∇pol=0.88
[20:27:18] [ep24|s4430]  rw=-5.028  cd=-10.121  reg=5.093  │  e+=-5.11(±0.349)  e-=+4.97(±0.026)  sep=105.2  │  fm_e=+5.0  fm=ON  │  ∇rw=5.16  ∇pol=0.71
[20:27:54] [ep24|s4440]  rw=-4.955  cd=-10.553  reg=5.599  │  e+=-5.48(±0.484)  e-=+5.08(±0.063)  sep=74.4  │  fm_e=+5.1  fm=ON  │  ∇rw=6.10  ∇pol=1.84
[20:28:30] [ep24|s4450]  rw=-4.842  cd=-10.704  reg=5.862  │  e+=-5.81(±0.371)  e-=+4.97(±0.033)  sep=52.3  │  fm_e=+5.0  fm=ON  │  ∇rw=4.46  ∇pol=1.63
[20:29:06] [ep24|s4460]  rw=-4.903  cd=-10.132  reg=5.229  │  e+=-5.12(±0.365)  e-=+5.09(±0.126)  sep=38.9  │  fm_e=+5.1  fm=ON  │  ∇rw=4.98  ∇pol=1.17
[20:29:42] [ep24|s4470]  rw=-4.881  cd=-9.995  reg=5.114  │  e+=-4.87(±0.504)  e-=+5.21(±0.033)  sep=78.7  │  fm_e=+5.2  fm=ON  │  ∇rw=5.99  ∇pol=1.11
[20:30:18] [ep24|s4480]  rw=-5.003  cd=-10.143  reg=5.140  │  e+=-5.11(±0.479)  e-=+5.00(±0.031)  sep=51.4  │  fm_e=+5.0  fm=ON  │  ∇rw=3.19  ∇pol=1.05
[20:30:55] [ep24|s4490]  rw=-5.131  cd=-10.124  reg=4.993  │  e+=-5.01(±0.367)  e-=+4.97(±0.043)  sep=43.7  │  fm_e=+5.0  fm=ON  │  ∇rw=2.02  ∇pol=0.75
[20:31:31] [ep24|s4500]  rw=-4.992  cd=-9.507  reg=4.515  │  e+=-4.62(±0.282)  e-=+4.87(±0.031)  sep=60.1  │  fm_e=+4.9  fm=ON  │  ∇rw=6.92  ∇pol=0.58
[20:32:07] [ep24|s4510]  rw=-4.993  cd=-10.121  reg=5.128  │  e+=-5.16(±0.720)  e-=+4.91(±0.042)  sep=41.7  │  fm_e=+4.9  fm=ON  │  ∇rw=5.55  ∇pol=1.65
[20:32:43] [ep24|s4520]  rw=-4.953  cd=-10.162  reg=5.209  │  e+=-5.13(±0.365)  e-=+5.06(±0.026)  sep=53.6  │  fm_e=+5.1  fm=ON  │  ∇rw=2.21  ∇pol=6.67
[20:33:19] [ep24|s4530]  rw=-4.989  cd=-10.151  reg=5.162  │  e+=-5.17(±0.158)  e-=+4.98(±0.034)  sep=71.8  │  fm_e=+5.0  fm=ON  │  ∇rw=1.30  ∇pol=1.50
[20:33:55] [ep24|s4540]  rw=-4.823  cd=-11.034  reg=6.211  │  e+=-6.02(±0.485)  e-=+5.06(±0.016)  sep=43.6  │  fm_e=+5.1  fm=ON  │  ∇rw=12.39  ∇pol=2.17
[20:34:31] [ep24|s4550]  rw=-5.000  cd=-10.396  reg=5.397  │  e+=-5.34(±0.518)  e-=+5.02(±0.028)  sep=52.2  │  fm_e=+5.0  fm=ON  │  ∇rw=4.61  ∇pol=1.38
[20:35:07] [ep24|s4560]  rw=-4.939  cd=-10.322  reg=5.383  │  e+=-5.07(±0.730)  e-=+5.26(±0.028)  sep=29.9  │  fm_e=+5.3  fm=ON  │  ∇rw=8.43  ∇pol=1.64
[20:35:08] ══════════ VAL ep24 ══════════  ρ=+0.2074 (p=0.0056) [PASS ✓]  AUROC(E)=0.6661  ECE=0.7915  N=177
[20:35:09]   ckpt saved → ckpt_epoch0024.pt
[20:35:09] ──────────────────── Epoch 25/30 ────────────────────
[20:35:45] [ep25|s4570]  rw=-4.952  cd=-9.242  reg=4.290  │  e+=-4.40(±0.303)  e-=+4.84(±0.124)  sep=82.1  │  fm_e=+4.8  fm=ON  │  ∇rw=8.47  ∇pol=1.40
[20:36:21] [ep25|s4580]  rw=-4.992  cd=-10.118  reg=5.126  │  e+=-4.91(±0.343)  e-=+5.20(±0.036)  sep=52.7  │  fm_e=+5.2  fm=ON  │  ∇rw=4.87  ∇pol=0.86
[20:36:57] [ep25|s4590]  rw=-5.202  cd=-10.143  reg=4.941  │  e+=-4.98(±0.438)  e-=+4.94(±0.026)  sep=69.8  │  fm_e=+5.0  fm=ON  │  ∇rw=2.27  ∇pol=0.72
[20:37:33] [ep25|s4600]  rw=-5.017  cd=-9.802  reg=4.785  │  e+=-4.78(±0.736)  e-=+4.95(±0.016)  sep=44.8  │  fm_e=+4.9  fm=ON  │  ∇rw=6.84  ∇pol=0.87
[20:38:09] [ep25|s4610]  rw=-5.168  cd=-9.373  reg=4.205  │  e+=-4.53(±0.499)  e-=+4.61(±0.210)  sep=60.9  │  fm_e=+4.5  fm=ON  │  ∇rw=9.28  ∇pol=0.70
[20:38:45] [ep25|s4620]  rw=-5.078  cd=-9.938  reg=4.860  │  e+=-4.85(±0.607)  e-=+4.98(±0.039)  sep=41.7  │  fm_e=+5.0  fm=ON  │  ∇rw=1.96  ∇pol=1.06
[20:39:21] [ep25|s4630]  rw=-4.951  cd=-9.798  reg=4.847  │  e+=-4.60(±0.696)  e-=+5.18(±0.030)  sep=88.8  │  fm_e=+5.2  fm=ON  │  ∇rw=4.65  ∇pol=1.32
[20:39:57] [ep25|s4640]  rw=-5.053  cd=-10.087  reg=5.034  │  e+=-5.07(±0.341)  e-=+4.95(±0.016)  sep=44.7  │  fm_e=+4.9  fm=ON  │  ∇rw=2.60  ∇pol=0.77
[20:40:33] [ep25|s4650]  rw=-4.987  cd=-9.986  reg=4.999  │  e+=-5.12(±0.406)  e-=+4.86(±0.041)  sep=48.2  │  fm_e=+4.8  fm=ON  │  ∇rw=3.75  ∇pol=0.78
[20:41:09] [ep25|s4660]  rw=-5.190  cd=-9.601  reg=4.411  │  e+=-4.17(±0.717)  e-=+5.12(±0.053)  sep=52.7  │  fm_e=+5.2  fm=ON  │  ∇rw=4.23  ∇pol=0.58
[20:41:45] [ep25|s4670]  rw=-5.163  cd=-9.888  reg=4.725  │  e+=-4.58(±0.633)  e-=+5.09(±0.019)  sep=56.2  │  fm_e=+5.1  fm=ON  │  ∇rw=6.71  ∇pol=0.39
[20:42:21] [ep25|s4680]  rw=-4.978  cd=-10.156  reg=5.179  │  e+=-5.27(±0.134)  e-=+4.89(±0.019)  sep=52.5  │  fm_e=+4.9  fm=ON  │  ∇rw=5.93  ∇pol=0.94
[20:42:57] [ep25|s4690]  rw=-4.899  cd=-9.948  reg=5.050  │  e+=-4.95(±1.020)  e-=+5.00(±0.039)  sep=24.8  │  fm_e=+5.0  fm=ON  │  ∇rw=2.78  ∇pol=0.83
[20:43:33] [ep25|s4700]  rw=-4.905  cd=-9.824  reg=4.919  │  e+=-4.91(±1.041)  e-=+4.90(±0.034)  sep=32.1  │  fm_e=+4.9  fm=ON  │  ∇rw=2.85  ∇pol=0.86
[20:44:09] [ep25|s4710]  rw=-4.878  cd=-11.177  reg=6.299  │  e+=-5.81(±0.638)  e-=+5.37(±0.034)  sep=37.6  │  fm_e=+5.4  fm=ON  │  ∇rw=11.92  ∇pol=0.70
[20:44:45] [ep25|s4720]  rw=-5.060  cd=-9.874  reg=4.814  │  e+=-4.77(±0.501)  e-=+5.01(±0.032)  sep=40.4  │  fm_e=+5.0  fm=ON  │  ∇rw=4.59  ∇pol=0.96
[20:45:21] [ep25|s4730]  rw=-5.174  cd=-9.898  reg=4.724  │  e+=-4.61(±0.714)  e-=+5.05(±0.041)  sep=40.3  │  fm_e=+5.1  fm=ON  │  ∇rw=5.14  ∇pol=0.74
[20:45:57] [ep25|s4740]  rw=-5.038  cd=-10.346  reg=5.308  │  e+=-5.28(±0.760)  e-=+4.96(±0.085)  sep=35.1  │  fm_e=+5.0  fm=ON  │  ∇rw=3.42  ∇pol=0.46
[20:46:33] [ep25|s4750]  rw=-4.875  cd=-10.637  reg=5.762  │  e+=-5.92(±0.343)  e-=+4.73(±0.234)  sep=36.2  │  fm_e=+4.9  fm=ON  │  ∇rw=10.70  ∇pol=0.80
[20:46:34] ══════════ VAL ep25 ══════════  ρ=+0.2306 (p=0.0020) [PASS ✓]  AUROC(E)=0.6348  ECE=0.7929  N=177 ◀ BEST
[20:46:39]   ckpt saved → ckpt_epoch0025.pt
[20:46:39] ──────────────────── Epoch 26/30 ────────────────────
[20:47:15] [ep26|s4760]  rw=-4.862  cd=-9.936  reg=5.074  │  e+=-5.03(±0.645)  e-=+5.00(±0.080)  sep=35.3  │  fm_e=+5.0  fm=ON  │  ∇rw=6.83  ∇pol=0.66
[20:47:51] [ep26|s4770]  rw=-5.002  cd=-10.450  reg=5.448  │  e+=-5.82(±0.540)  e-=+4.50(±0.059)  sep=68.8  │  fm_e=+4.5  fm=ON  │  ∇rw=15.68  ∇pol=0.50
[20:48:27] [ep26|s4780]  rw=-4.950  cd=-10.238  reg=5.288  │  e+=-5.05(±0.925)  e-=+5.15(±0.022)  sep=39.9  │  fm_e=+5.2  fm=ON  │  ∇rw=4.80  ∇pol=0.50
[20:49:03] [ep26|s4790]  rw=-4.919  cd=-10.493  reg=5.575  │  e+=-5.36(±0.453)  e-=+5.17(±0.032)  sep=66.2  │  fm_e=+5.2  fm=ON  │  ∇rw=4.49  ∇pol=0.32
[20:49:39] [ep26|s4800]  rw=-5.050  cd=-9.894  reg=4.844  │  e+=-4.79(±0.595)  e-=+5.02(±0.045)  sep=70.8  │  fm_e=+5.0  fm=ON  │  ∇rw=3.03  ∇pol=0.44
[20:50:15] [ep26|s4810]  rw=-4.936  cd=-9.889  reg=4.953  │  e+=-4.84(±0.470)  e-=+5.09(±0.022)  sep=58.3  │  fm_e=+5.1  fm=ON  │  ∇rw=5.77  ∇pol=0.44
[20:50:51] [ep26|s4820]  rw=-4.924  cd=-10.694  reg=5.770  │  e+=-5.74(±0.500)  e-=+4.95(±0.016)  sep=48.9  │  fm_e=+4.9  fm=ON  │  ∇rw=11.03  ∇pol=0.49
[20:51:27] [ep26|s4830]  rw=-5.053  cd=-9.881  reg=4.828  │  e+=-4.81(±0.412)  e-=+5.00(±0.028)  sep=55.8  │  fm_e=+5.0  fm=ON  │  ∇rw=1.99  ∇pol=0.65
[20:52:04] [ep26|s4840]  rw=-5.153  cd=-10.247  reg=5.094  │  e+=-5.02(±1.072)  e-=+4.96(±0.025)  sep=35.2  │  fm_e=+4.9  fm=ON  │  ∇rw=2.27  ∇pol=0.92
[20:52:40] [ep26|s4850]  rw=-4.966  cd=-9.541  reg=4.575  │  e+=-4.46(±0.920)  e-=+5.00(±0.021)  sep=36.9  │  fm_e=+5.0  fm=ON  │  ∇rw=4.48  ∇pol=1.26
[20:53:16] [ep26|s4860]  rw=-5.071  cd=-10.073  reg=5.002  │  e+=-5.02(±0.591)  e-=+4.95(±0.051)  sep=39.0  │  fm_e=+4.9  fm=ON  │  ∇rw=3.16  ∇pol=0.84
[20:53:52] [ep26|s4870]  rw=-5.092  cd=-10.204  reg=5.112  │  e+=-5.03(±0.639)  e-=+5.04(±0.022)  sep=33.3  │  fm_e=+5.0  fm=ON  │  ∇rw=3.17  ∇pol=0.56
[20:54:28] [ep26|s4880]  rw=-5.068  cd=-10.334  reg=5.265  │  e+=-5.23(±0.311)  e-=+5.02(±0.055)  sep=51.6  │  fm_e=+5.1  fm=ON  │  ∇rw=2.51  ∇pol=0.48
[20:55:04] [ep26|s4890]  rw=-4.952  cd=-9.998  reg=5.046  │  e+=-5.40(±0.265)  e-=+4.61(±0.019)  sep=43.6  │  fm_e=+4.6  fm=ON  │  ∇rw=9.03  ∇pol=0.46
[20:55:40] [ep26|s4900]  rw=-4.982  cd=-9.476  reg=4.494  │  e+=-4.54(±0.298)  e-=+4.92(±0.032)  sep=83.1  │  fm_e=+4.9  fm=ON  │  ∇rw=5.87  ∇pol=0.80
[20:56:16] [ep26|s4910]  rw=-5.002  cd=-10.217  reg=5.215  │  e+=-5.23(±0.253)  e-=+4.98(±0.032)  sep=58.2  │  fm_e=+5.0  fm=ON  │  ∇rw=3.93  ∇pol=0.53
[20:56:52] [ep26|s4920]  rw=-4.885  cd=-9.657  reg=4.772  │  e+=-4.76(±0.220)  e-=+5.00(±0.019)  sep=78.2  │  fm_e=+5.0  fm=ON  │  ∇rw=1.44  ∇pol=0.68
[20:57:28] [ep26|s4930]  rw=-5.000  cd=-9.549  reg=4.549  │  e+=-4.56(±0.435)  e-=+4.95(±0.040)  sep=67.2  │  fm_e=+4.9  fm=ON  │  ∇rw=4.77  ∇pol=0.93
[20:58:04] [ep26|s4940]  rw=-5.007  cd=-10.961  reg=5.955  │  e+=-5.92(±0.346)  e-=+4.93(±0.150)  sep=52.0  │  fm_e=+5.0  fm=ON  │  ∇rw=9.75  ∇pol=0.96
[20:58:04] ══════════ VAL ep26 ══════════  ρ=+0.2514 (p=0.0007) [PASS ✓]  AUROC(E)=0.6827  ECE=0.7950  N=177 ◀ BEST
[20:58:06]   ckpt saved → ckpt_epoch0026.pt
[20:58:06] ──────────────────── Epoch 27/30 ────────────────────
[20:58:42] [ep27|s4950]  rw=-5.383  cd=-10.255  reg=4.872  │  e+=-4.83(±0.904)  e-=+4.95(±0.126)  sep=40.0  │  fm_e=+4.9  fm=ON  │  ∇rw=4.25  ∇pol=1.81
[20:59:18] [ep27|s4960]  rw=-5.003  cd=-11.310  reg=6.307  │  e+=-5.61(±1.106)  e-=+5.51(±0.230)  sep=35.3  │  fm_e=+5.6  fm=ON  │  ∇rw=13.27  ∇pol=1.58
[20:59:54] [ep27|s4970]  rw=-1.678  cd=-6.479  reg=4.801  │  e+=-1.77(±4.408)  e-=+4.49(±1.010)  sep=15.5  │  fm_e=+3.9  fm=ON  │  ∇rw=204.57  ∇pol=1.69
[21:00:31] [ep27|s4980]  rw=-4.661  cd=-8.695  reg=4.035  │  e+=-4.27(±1.818)  e-=+4.25(±0.083)  sep=31.4  │  fm_e=+4.3  fm=ON  │  ∇rw=22.59  ∇pol=0.89
[21:01:07] [ep27|s4990]  rw=-5.368  cd=-10.603  reg=5.235  │  e+=-5.15(±0.870)  e-=+5.01(±0.046)  sep=27.9  │  fm_e=+5.0  fm=ON  │  ∇rw=4.20  ∇pol=0.86
[21:01:43] [ep27|s5000]  rw=-5.053  cd=-10.049  reg=4.996  │  e+=-4.58(±0.488)  e-=+5.35(±0.094)  sep=82.2  │  fm_e=+5.4  fm=ON  │  ∇rw=7.62  ∇pol=0.48
[21:02:19] [ep27|s5010]  rw=-5.142  cd=-9.806  reg=4.664  │  e+=-4.61(±0.435)  e-=+5.01(±0.091)  sep=43.6  │  fm_e=+5.1  fm=ON  │  ∇rw=7.40  ∇pol=1.20
[21:02:55] [ep27|s5020]  rw=-5.033  cd=-9.897  reg=4.865  │  e+=-5.14(±0.221)  e-=+4.71(±0.033)  sep=47.8  │  fm_e=+4.7  fm=ON  │  ∇rw=7.68  ∇pol=0.80
[21:03:31] [ep27|s5030]  rw=-4.966  cd=-10.257  reg=5.290  │  e+=-5.43(±0.088)  e-=+4.84(±0.076)  sep=51.1  │  fm_e=+4.8  fm=ON  │  ∇rw=4.29  ∇pol=1.46
[21:04:07] [ep27|s5040]  rw=-3.952  cd=-8.432  reg=4.480  │  e+=-5.41(±0.532)  e-=+2.87(±1.678)  sep=35.5  │  fm_e=+2.0  fm=ON  │  ∇rw=341.01  ∇pol=0.88
[21:04:43] [ep27|s5050]  rw=-4.554  cd=-9.310  reg=4.756  │  e+=-4.16(±1.117)  e-=+5.38(±0.217)  sep=30.1  │  fm_e=+5.5  fm=ON  │  ∇rw=9.74  ∇pol=0.92
[21:05:19] [ep27|s5060]  rw=-4.933  cd=-9.681  reg=4.748  │  e+=-4.95(±0.312)  e-=+4.78(±0.095)  sep=45.3  │  fm_e=+4.7  fm=ON  │  ∇rw=4.16  ∇pol=0.78
[21:05:55] [ep27|s5070]  rw=-5.048  cd=-10.170  reg=5.122  │  e+=-5.08(±0.355)  e-=+5.03(±0.045)  sep=64.7  │  fm_e=+5.1  fm=ON  │  ∇rw=0.96  ∇pol=0.66
[21:06:31] [ep27|s5080]  rw=-4.964  cd=-10.137  reg=5.173  │  e+=-4.96(±0.272)  e-=+5.19(±0.128)  sep=48.6  │  fm_e=+5.1  fm=ON  │  ∇rw=4.82  ∇pol=0.93
[21:07:07] [ep27|s5090]  rw=-5.065  cd=-9.974  reg=4.909  │  e+=-4.73(±0.717)  e-=+5.12(±0.088)  sep=43.3  │  fm_e=+5.1  fm=ON  │  ∇rw=2.94  ∇pol=0.53
[21:07:43] [ep27|s5100]  rw=-4.960  cd=-10.365  reg=5.405  │  e+=-5.56(±0.046)  e-=+4.81(±0.207)  sep=94.2  │  fm_e=+4.7  fm=ON  │  ∇rw=8.95  ∇pol=0.41
[21:08:19] [ep27|s5110]  rw=-4.612  cd=-8.343  reg=3.731  │  e+=-4.62(±0.928)  e-=+3.81(±0.520)  sep=41.1  │  fm_e=+3.5  fm=ON  │  ∇rw=20.38  ∇pol=1.85
[21:08:55] [ep27|s5120]  rw=-4.951  cd=-10.212  reg=5.260  │  e+=-5.18(±0.327)  e-=+5.06(±0.042)  sep=55.7  │  fm_e=+5.1  fm=ON  │  ∇rw=1.90  ∇pol=0.65
[21:09:31] [ep27|s5130]  rw=-4.910  cd=-9.345  reg=4.435  │  e+=-4.33(±0.403)  e-=+5.04(±0.053)  sep=39.5  │  fm_e=+5.1  fm=ON  │  ∇rw=5.97  ∇pol=1.31
[21:09:31] ══════════ VAL ep27 ══════════  ρ=+0.2170 (p=0.0037) [PASS ✓]  AUROC(E)=0.6730  ECE=0.7867  N=177
[21:09:32]   ckpt saved → ckpt_epoch0027.pt
[21:09:32] ──────────────────── Epoch 28/30 ────────────────────
[21:10:09] [ep28|s5140]  rw=-4.924  cd=-10.359  reg=5.434  │  e+=-5.31(±0.241)  e-=+5.10(±0.060)  sep=65.5  │  fm_e=+5.1  fm=ON  │  ∇rw=6.28  ∇pol=0.58
[21:10:45] [ep28|s5150]  rw=-5.267  cd=-10.868  reg=5.601  │  e+=-4.98(±0.454)  e-=+5.57(±0.024)  sep=50.9  │  fm_e=+5.6  fm=ON  │  ∇rw=17.59  ∇pol=0.81
[21:11:21] [ep28|s5160]  rw=-4.729  cd=-9.058  reg=4.329  │  e+=-4.97(±0.498)  e-=+4.16(±0.268)  sep=36.0  │  fm_e=+4.0  fm=ON  │  ∇rw=35.73  ∇pol=1.74
[21:11:57] [ep28|s5170]  rw=-5.579  cd=-10.670  reg=5.092  │  e+=-5.15(±0.889)  e-=+4.84(±0.345)  sep=28.5  │  fm_e=+4.6  fm=ON  │  ∇rw=6.25  ∇pol=1.01
[21:12:33] [ep28|s5180]  rw=-4.908  cd=-9.796  reg=4.888  │  e+=-4.78(±0.496)  e-=+5.07(±0.227)  sep=40.0  │  fm_e=+5.0  fm=ON  │  ∇rw=5.50  ∇pol=1.14
[21:13:09] [ep28|s5190]  rw=-5.045  cd=-9.894  reg=4.849  │  e+=-4.80(±0.613)  e-=+5.00(±0.207)  sep=37.7  │  fm_e=+4.9  fm=ON  │  ∇rw=5.36  ∇pol=0.78
[21:13:45] [ep28|s5200]  rw=-4.924  cd=-10.070  reg=5.145  │  e+=-4.99(±0.849)  e-=+5.08(±0.077)  sep=26.1  │  fm_e=+5.0  fm=ON  │  ∇rw=4.47  ∇pol=1.07
[21:14:21] [ep28|s5210]  rw=-5.012  cd=-9.452  reg=4.441  │  e+=-4.35(±0.839)  e-=+4.98(±0.072)  sep=43.4  │  fm_e=+4.9  fm=ON  │  ∇rw=4.84  ∇pol=1.09
[21:14:57] [ep28|s5220]  rw=-4.992  cd=-9.941  reg=4.949  │  e+=-4.95(±0.202)  e-=+4.99(±0.040)  sep=47.0  │  fm_e=+5.0  fm=ON  │  ∇rw=3.43  ∇pol=0.52
[21:15:33] [ep28|s5230]  rw=-5.002  cd=-10.089  reg=5.087  │  e+=-5.18(±0.496)  e-=+4.87(±0.072)  sep=77.7  │  fm_e=+4.8  fm=ON  │  ∇rw=4.30  ∇pol=0.77
[21:16:09] [ep28|s5240]  rw=-5.016  cd=-10.197  reg=5.181  │  e+=-5.05(±0.198)  e-=+5.11(±0.111)  sep=57.7  │  fm_e=+5.2  fm=ON  │  ∇rw=8.09  ∇pol=0.88
[21:16:45] [ep28|s5250]  rw=-5.134  cd=-10.085  reg=4.951  │  e+=-5.16(±0.581)  e-=+4.73(±0.239)  sep=62.6  │  fm_e=+4.6  fm=ON  │  ∇rw=7.14  ∇pol=1.40
[21:17:21] [ep28|s5260]  rw=-5.092  cd=-9.868  reg=4.776  │  e+=-4.73(±0.420)  e-=+5.02(±0.152)  sep=54.3  │  fm_e=+4.9  fm=ON  │  ∇rw=4.33  ∇pol=0.86
[21:17:57] [ep28|s5270]  rw=-4.621  cd=-9.208  reg=4.587  │  e+=-5.67(±0.278)  e-=+3.51(±0.992)  sep=36.6  │  fm_e=+3.1  fm=ON  │  ∇rw=185.84  ∇pol=1.01
[21:18:33] [ep28|s5280]  rw=-5.098  cd=-10.076  reg=4.979  │  e+=-5.06(±0.297)  e-=+4.90(±0.053)  sep=47.2  │  fm_e=+4.9  fm=ON  │  ∇rw=5.60  ∇pol=0.65
[21:19:09] [ep28|s5290]  rw=-4.991  cd=-9.281  reg=4.291  │  e+=-4.54(±0.093)  e-=+4.72(±0.063)  sep=87.1  │  fm_e=+4.7  fm=ON  │  ∇rw=7.82  ∇pol=0.81
[21:19:45] [ep28|s5300]  rw=-5.123  cd=-10.178  reg=5.055  │  e+=-4.98(±0.716)  e-=+5.02(±0.058)  sep=38.5  │  fm_e=+5.0  fm=ON  │  ∇rw=4.05  ∇pol=0.82
[21:20:21] [ep28|s5310]  rw=-5.007  cd=-10.454  reg=5.446  │  e+=-5.42(±0.257)  e-=+5.00(±0.081)  sep=67.2  │  fm_e=+5.0  fm=ON  │  ∇rw=4.86  ∇pol=0.52
[21:20:57] [ep28|s5320]  rw=-5.007  cd=-10.107  reg=5.100  │  e+=-5.03(±0.273)  e-=+5.06(±0.027)  sep=48.9  │  fm_e=+5.1  fm=ON  │  ∇rw=2.29  ∇pol=0.54
[21:20:58] ══════════ VAL ep28 ══════════  ρ=+0.2657 (p=0.0004) [PASS ✓]  AUROC(E)=0.7264  ECE=0.7955  N=177 ◀ BEST
[21:20:59]   ckpt saved → ckpt_epoch0028.pt
[21:20:59] ──────────────────── Epoch 29/30 ────────────────────
[21:21:36] [ep29|s5330]  rw=-4.972  cd=-10.240  reg=5.268  │  e+=-5.19(±0.405)  e-=+5.05(±0.016)  sep=60.6  │  fm_e=+5.1  fm=ON  │  ∇rw=2.68  ∇pol=0.58
[21:22:12] [ep29|s5340]  rw=-5.086  cd=-9.537  reg=4.451  │  e+=-4.76(±0.638)  e-=+4.62(±0.147)  sep=31.2  │  fm_e=+4.5  fm=ON  │  ∇rw=15.79  ∇pol=0.76
[21:22:48] [ep29|s5350]  rw=-4.805  cd=-10.045  reg=5.240  │  e+=-5.04(±0.983)  e-=+5.10(±0.036)  sep=29.3  │  fm_e=+5.1  fm=ON  │  ∇rw=3.37  ∇pol=0.83
[21:23:24] [ep29|s5360]  rw=-5.045  cd=-9.688  reg=4.643  │  e+=-4.63(±0.332)  e-=+4.99(±0.046)  sep=32.8  │  fm_e=+5.0  fm=ON  │  ∇rw=6.52  ∇pol=0.76
[21:24:00] [ep29|s5370]  rw=-5.095  cd=-9.704  reg=4.608  │  e+=-4.58(±0.484)  e-=+4.98(±0.029)  sep=29.9  │  fm_e=+5.0  fm=ON  │  ∇rw=4.14  ∇pol=0.80
[21:24:36] [ep29|s5380]  rw=-4.713  cd=-8.887  reg=4.174  │  e+=-4.29(±0.864)  e-=+4.75(±0.048)  sep=37.4  │  fm_e=+4.7  fm=ON  │  ∇rw=5.59  ∇pol=0.71
[21:25:12] [ep29|s5390]  rw=-4.975  cd=-10.530  reg=5.555  │  e+=-5.46(±0.163)  e-=+5.06(±0.080)  sep=81.2  │  fm_e=+5.1  fm=ON  │  ∇rw=4.15  ∇pol=0.37
[21:25:48] [ep29|s5400]  rw=-4.936  cd=-10.338  reg=5.402  │  e+=-5.46(±0.404)  e-=+4.90(±0.115)  sep=35.2  │  fm_e=+4.9  fm=ON  │  ∇rw=5.86  ∇pol=0.45
[21:26:24] [ep29|s5410]  rw=-5.143  cd=-10.169  reg=5.027  │  e+=-4.89(±0.524)  e-=+5.11(±0.041)  sep=31.9  │  fm_e=+5.1  fm=ON  │  ∇rw=3.07  ∇pol=0.65
[21:27:00] [ep29|s5420]  rw=-5.050  cd=-10.066  reg=5.017  │  e+=-5.02(±0.629)  e-=+4.96(±0.026)  sep=32.9  │  fm_e=+4.9  fm=ON  │  ∇rw=4.54  ∇pol=1.87
[21:27:36] [ep29|s5430]  rw=-4.969  cd=-10.354  reg=5.385  │  e+=-5.20(±0.432)  e-=+5.15(±0.055)  sep=26.6  │  fm_e=+5.1  fm=ON  │  ∇rw=8.33  ∇pol=0.63
[21:28:12] [ep29|s5440]  rw=-4.787  cd=-9.965  reg=5.178  │  e+=-4.86(±0.996)  e-=+5.14(±0.162)  sep=32.7  │  fm_e=+5.2  fm=ON  │  ∇rw=24.57  ∇pol=1.08
[21:28:48] [ep29|s5450]  rw=-4.981  cd=-9.353  reg=4.372  │  e+=-4.77(±0.385)  e-=+4.49(±0.376)  sep=41.3  │  fm_e=+4.4  fm=ON  │  ∇rw=65.81  ∇pol=0.86
[21:29:24] [ep29|s5460]  rw=-5.169  cd=-9.097  reg=3.928  │  e+=-3.95(±0.920)  e-=+4.77(±0.135)  sep=30.3  │  fm_e=+4.8  fm=ON  │  ∇rw=13.38  ∇pol=0.57
[21:30:00] [ep29|s5470]  rw=-4.797  cd=-8.817  reg=4.019  │  e+=-4.25(±0.672)  e-=+4.65(±0.090)  sep=38.1  │  fm_e=+4.7  fm=ON  │  ∇rw=11.21  ∇pol=0.30
[21:30:36] [ep29|s5480]  rw=-4.969  cd=-9.638  reg=4.670  │  e+=-4.99(±0.465)  e-=+4.63(±0.297)  sep=34.7  │  fm_e=+4.8  fm=ON  │  ∇rw=10.00  ∇pol=0.70
[21:31:12] [ep29|s5490]  rw=-5.056  cd=-10.124  reg=5.068  │  e+=-4.89(±0.293)  e-=+5.16(±0.059)  sep=45.0  │  fm_e=+5.2  fm=ON  │  ∇rw=5.42  ∇pol=0.77
[21:31:48] [ep29|s5500]  rw=-4.362  cd=-8.433  reg=4.072  │  e+=-4.63(±0.503)  e-=+3.68(±1.129)  sep=38.1  │  fm_e=+3.2  fm=ON  │  ∇rw=617.33  ∇pol=0.57
[21:32:24] [ep29|s5510]  rw=-5.451  cd=-10.808  reg=5.357  │  e+=-5.48(±1.180)  e-=+4.70(±0.193)  sep=21.5  │  fm_e=+4.8  fm=ON  │  ∇rw=10.18  ∇pol=0.65
[21:32:25] ══════════ VAL ep29 ══════════  ρ=+0.2848 (p=0.0001) [PASS ✓]  AUROC(E)=0.6761  ECE=0.7588  N=177 ◀ BEST
[21:32:28]   ckpt saved → ckpt_epoch0029.pt
[21:32:28] ──────────────────── Epoch 30/30 ────────────────────
[21:33:05] [ep30|s5520]  rw=-4.847  cd=-9.456  reg=4.609  │  e+=-4.77(±0.938)  e-=+4.73(±0.051)  sep=27.0  │  fm_e=+4.7  fm=ON  │  ∇rw=8.75  ∇pol=1.58
[21:33:41] [ep30|s5530]  rw=-4.801  cd=-10.952  reg=6.151  │  e+=-6.01(±0.594)  e-=+5.00(±0.171)  sep=30.4  │  fm_e=+4.9  fm=ON  │  ∇rw=18.97  ∇pol=1.35
[21:34:17] [ep30|s5540]  rw=-5.025  cd=-9.870  reg=4.845  │  e+=-4.90(±0.425)  e-=+4.92(±0.064)  sep=38.2  │  fm_e=+5.0  fm=ON  │  ∇rw=5.34  ∇pol=0.71
[21:34:53] [ep30|s5550]  rw=-5.011  cd=-9.906  reg=4.895  │  e+=-4.96(±0.259)  e-=+4.93(±0.048)  sep=56.8  │  fm_e=+5.0  fm=ON  │  ∇rw=5.81  ∇pol=0.50
[21:35:29] [ep30|s5560]  rw=-4.966  cd=-10.378  reg=5.412  │  e+=-5.36(±0.381)  e-=+5.02(±0.053)  sep=31.8  │  fm_e=+5.0  fm=ON  │  ∇rw=5.13  ∇pol=0.87
[21:36:05] [ep30|s5570]  rw=-4.877  cd=-10.711  reg=5.835  │  e+=-5.75(±0.516)  e-=+5.00(±0.152)  sep=39.0  │  fm_e=+4.9  fm=ON  │  ∇rw=14.13  ∇pol=0.54
[21:36:41] [ep30|s5580]  rw=-5.028  cd=-10.395  reg=5.367  │  e+=-5.35(±0.179)  e-=+4.99(±0.091)  sep=51.8  │  fm_e=+5.0  fm=ON  │  ∇rw=2.92  ∇pol=0.72
[21:37:17] [ep30|s5590]  rw=-5.066  cd=-10.825  reg=5.759  │  e+=-5.38(±0.456)  e-=+5.34(±0.023)  sep=28.6  │  fm_e=+5.3  fm=ON  │  ∇rw=9.99  ∇pol=0.86
[21:37:53] [ep30|s5600]  rw=-5.135  cd=-10.083  reg=4.947  │  e+=-4.94(±1.002)  e-=+4.90(±0.115)  sep=34.9  │  fm_e=+4.9  fm=ON  │  ∇rw=3.91  ∇pol=1.34
[21:38:29] [ep30|s5610]  rw=-5.082  cd=-10.301  reg=5.219  │  e+=-5.23(±0.382)  e-=+4.97(±0.036)  sep=51.0  │  fm_e=+5.0  fm=ON  │  ∇rw=3.44  ∇pol=1.59
[21:39:05] [ep30|s5620]  rw=-5.037  cd=-9.604  reg=4.567  │  e+=-4.45(±0.414)  e-=+5.07(±0.120)  sep=43.5  │  fm_e=+5.0  fm=ON  │  ∇rw=5.20  ∇pol=1.04
[21:39:41] [ep30|s5630]  rw=-5.036  cd=-10.306  reg=5.269  │  e+=-5.38(±0.524)  e-=+4.83(±0.220)  sep=35.3  │  fm_e=+4.7  fm=ON  │  ∇rw=7.36  ∇pol=0.96
[21:40:17] [ep30|s5640]  rw=-4.831  cd=-10.600  reg=5.768  │  e+=-5.45(±1.019)  e-=+5.18(±0.049)  sep=35.4  │  fm_e=+5.2  fm=ON  │  ∇rw=6.63  ∇pol=0.42
[21:40:53] [ep30|s5650]  rw=-4.968  cd=-10.361  reg=5.393  │  e+=-5.11(±0.889)  e-=+5.19(±0.102)  sep=44.6  │  fm_e=+5.1  fm=ON  │  ∇rw=8.30  ∇pol=0.48
[21:41:29] [ep30|s5660]  rw=-5.243  cd=-10.281  reg=5.038  │  e+=-4.86(±0.764)  e-=+5.12(±0.044)  sep=40.4  │  fm_e=+5.1  fm=ON  │  ∇rw=3.35  ∇pol=0.88
[21:42:05] [ep30|s5670]  rw=-4.939  cd=-9.557  reg=4.618  │  e+=-4.60(±0.267)  e-=+5.00(±0.043)  sep=51.8  │  fm_e=+5.0  fm=ON  │  ∇rw=2.29  ∇pol=0.69
[21:42:41] [ep30|s5680]  rw=-5.270  cd=-10.017  reg=4.747  │  e+=-4.50(±1.166)  e-=+5.07(±0.046)  sep=38.4  │  fm_e=+5.1  fm=ON  │  ∇rw=6.74  ∇pol=0.66
[21:43:17] [ep30|s5690]  rw=-4.998  cd=-10.038  reg=5.040  │  e+=-5.29(±0.149)  e-=+4.73(±0.048)  sep=74.3  │  fm_e=+4.8  fm=ON  │  ∇rw=9.21  ∇pol=0.52
[21:43:53] [ep30|s5700]  rw=-4.966  cd=-9.977  reg=5.011  │  e+=-5.03(±0.142)  e-=+4.98(±0.045)  sep=64.5  │  fm_e=+5.0  fm=ON  │  ∇rw=5.12  ∇pol=0.71
[21:43:54] ══════════ VAL ep30 ══════════  ρ=+0.2211 (p=0.0031) [PASS ✓]  AUROC(E)=0.7160  ECE=0.7929  N=177
[21:43:55]   ckpt saved → ckpt_epoch0030.pt
