[21:47:03] ──────────────────── Epoch 01/200 ────────────────────
[21:47:05] ──────────────────── Epoch 02/200 ────────────────────
[21:47:07] ──────────────────── Epoch 03/200 ────────────────────
[21:47:08] ──────────────────── Epoch 04/200 ────────────────────
[21:47:10] ──────────────────── Epoch 05/200 ────────────────────
[21:47:12] [ep05|s0050]  loss=+0.2488  mse=0.2245  reg=0.0243
[21:47:12] ──────────────────── Epoch 06/200 ────────────────────
[21:47:14] ──────────────────── Epoch 07/200 ────────────────────
[21:47:16] ──────────────────── Epoch 08/200 ────────────────────
[21:47:18] ──────────────────── Epoch 09/200 ────────────────────
[21:47:19] ──────────────────── Epoch 10/200 ────────────────────
[21:47:20] [ep10|s0100]  loss=+0.1558  mse=0.1447  reg=0.0111
[21:47:21] ══════════ VAL ep10 ══════════  ρ=+0.3086 (p=0.0000) [PASS ✓]  AUROC(E)=0.7294  ECE=0.1876  N=177  avg_loss=0.2426
[21:47:21]   best so far: ρ=0.3086 @ ep10
[21:47:25]   ckpt saved → ckpt_epoch0010.pt
[21:47:26] ──────────────────── Epoch 11/200 ────────────────────
[21:47:29] ──────────────────── Epoch 12/200 ────────────────────
[21:47:31] ──────────────────── Epoch 13/200 ────────────────────
[21:47:33] ──────────────────── Epoch 14/200 ────────────────────
[21:47:34] [ep14|s0150]  loss=+0.2845  mse=0.2565  reg=0.0279
[21:47:35] ──────────────────── Epoch 15/200 ────────────────────
[21:47:37] ──────────────────── Epoch 16/200 ────────────────────
[21:47:39] ──────────────────── Epoch 17/200 ────────────────────
[21:47:40] ──────────────────── Epoch 18/200 ────────────────────
[21:47:42] ──────────────────── Epoch 19/200 ────────────────────
[21:47:43] [ep19|s0200]  loss=+0.2990  mse=0.2797  reg=0.0193
[21:47:44] ──────────────────── Epoch 20/200 ────────────────────
[21:47:47] ══════════ VAL ep20 ══════════  ρ=+0.2991 (p=0.0001) [PASS ✓]  AUROC(E)=0.7621  ECE=0.1996  N=177  avg_loss=0.2691
[21:47:47]   best so far: ρ=0.3086 @ ep10
[21:47:50]   ckpt saved → ckpt_epoch0020.pt
[21:47:50] ──────────────────── Epoch 21/200 ────────────────────
[21:47:54] ──────────────────── Epoch 22/200 ────────────────────
[21:47:57] ──────────────────── Epoch 23/200 ────────────────────
[21:47:58] [ep23|s0250]  loss=+0.3669  mse=0.3439  reg=0.0230
[21:47:59] ──────────────────── Epoch 24/200 ────────────────────
[21:48:00] ──────────────────── Epoch 25/200 ────────────────────
[21:48:02] ──────────────────── Epoch 26/200 ────────────────────
[21:48:04] ──────────────────── Epoch 27/200 ────────────────────
[21:48:06] ──────────────────── Epoch 28/200 ────────────────────
[21:48:07] [ep28|s0300]  loss=+0.2014  mse=0.1847  reg=0.0166
[21:48:08] ──────────────────── Epoch 29/200 ────────────────────
[21:48:09] ──────────────────── Epoch 30/200 ────────────────────
[21:48:12] ══════════ VAL ep30 ══════════  ρ=+0.2685 (p=0.0003) [PASS ✓]  AUROC(E)=0.7417  ECE=0.2105  N=177  avg_loss=0.2068
[21:48:12]   best so far: ρ=0.3086 @ ep10
[21:48:14]   ckpt saved → ckpt_epoch0030.pt
[21:48:14] ──────────────────── Epoch 31/200 ────────────────────
[21:48:15] ──────────────────── Epoch 32/200 ────────────────────
[21:48:17] [ep32|s0350]  loss=+0.2083  mse=0.1893  reg=0.0190
[21:48:18] ──────────────────── Epoch 33/200 ────────────────────
[21:48:19] ──────────────────── Epoch 34/200 ────────────────────
[21:48:21] ──────────────────── Epoch 35/200 ────────────────────
[21:48:24] ──────────────────── Epoch 36/200 ────────────────────
[21:48:26] ──────────────────── Epoch 37/200 ────────────────────
[21:48:27] [ep37|s0400]  loss=+0.2286  mse=0.1370  reg=0.0916
[21:48:28] ──────────────────── Epoch 38/200 ────────────────────
[21:48:31] ──────────────────── Epoch 39/200 ────────────────────
[21:48:32] ──────────────────── Epoch 40/200 ────────────────────
[21:48:34] ══════════ VAL ep40 ══════════  ρ=+0.2755 (p=0.0002) [PASS ✓]  AUROC(E)=0.6941  ECE=0.2114  N=177  avg_loss=0.1781
[21:48:34]   best so far: ρ=0.3086 @ ep10
[21:48:38]   ckpt saved → ckpt_epoch0040.pt
[21:48:38] ──────────────────── Epoch 41/200 ────────────────────
[21:48:42] [ep41|s0450]  loss=+0.1595  mse=0.1191  reg=0.0404
[21:48:42] ──────────────────── Epoch 42/200 ────────────────────
[21:48:45] ──────────────────── Epoch 43/200 ────────────────────
[21:48:47] ──────────────────── Epoch 44/200 ────────────────────
[21:48:50] ──────────────────── Epoch 45/200 ────────────────────
[21:48:53] ──────────────────── Epoch 46/200 ────────────────────
[21:48:54] [ep46|s0500]  loss=+0.1486  mse=0.1084  reg=0.0402
[21:48:55] ──────────────────── Epoch 47/200 ────────────────────
[21:48:56] ──────────────────── Epoch 48/200 ────────────────────
[21:48:57] ──────────────────── Epoch 49/200 ────────────────────
[21:48:58] ──────────────────── Epoch 50/200 ────────────────────
[21:49:00] [ep50|s0550]  loss=+0.0595  mse=0.0410  reg=0.0185
[21:49:00] ══════════ VAL ep50 ══════════  ρ=+0.2456 (p=0.0010) [PASS ✓]  AUROC(E)=0.6813  ECE=0.2293  N=177  avg_loss=0.1350
[21:49:00]   best so far: ρ=0.3086 @ ep10
[21:49:01]   ckpt saved → ckpt_epoch0050.pt
[21:49:01] ──────────────────── Epoch 51/200 ────────────────────
[21:49:03] ──────────────────── Epoch 52/200 ────────────────────
[21:49:04] ──────────────────── Epoch 53/200 ────────────────────
[21:49:05] ──────────────────── Epoch 54/200 ────────────────────
[21:49:06] ──────────────────── Epoch 55/200 ────────────────────
[21:49:07] [ep55|s0600]  loss=+0.0809  mse=0.0590  reg=0.0219
[21:49:07] ──────────────────── Epoch 56/200 ────────────────────
[21:49:08] ──────────────────── Epoch 57/200 ────────────────────
[21:49:09] ──────────────────── Epoch 58/200 ────────────────────
[21:49:10] ──────────────────── Epoch 59/200 ────────────────────
[21:49:11] ──────────────────── Epoch 60/200 ────────────────────
[21:49:11] [ep60|s0650]  loss=+0.1115  mse=0.0650  reg=0.0464
[21:49:13] ══════════ VAL ep60 ══════════  ρ=+0.2166 (p=0.0038) [PASS ✓]  AUROC(E)=0.6775  ECE=0.1875  N=177  avg_loss=0.1102
[21:49:13]   best so far: ρ=0.3086 @ ep10
[21:49:14]   ckpt saved → ckpt_epoch0060.pt
[21:49:14] ──────────────────── Epoch 61/200 ────────────────────
[21:49:15] ──────────────────── Epoch 62/200 ────────────────────
[21:49:16] ──────────────────── Epoch 63/200 ────────────────────
[21:49:16] ──────────────────── Epoch 64/200 ────────────────────
[21:49:17] [ep64|s0700]  loss=+0.1327  mse=0.1037  reg=0.0290
[21:49:17] ──────────────────── Epoch 65/200 ────────────────────
[21:49:18] ──────────────────── Epoch 66/200 ────────────────────
[21:49:19] ──────────────────── Epoch 67/200 ────────────────────
[21:49:19] ──────────────────── Epoch 68/200 ────────────────────
[21:49:20] ──────────────────── Epoch 69/200 ────────────────────
[21:49:20] [ep69|s0750]  loss=+0.1292  mse=0.0613  reg=0.0679
[21:49:21] ──────────────────── Epoch 70/200 ────────────────────
[21:49:22] ══════════ VAL ep70 ══════════  ρ=+0.2084 (p=0.0054) [PASS ✓]  AUROC(E)=0.6576  ECE=0.1896  N=177  avg_loss=0.1111
[21:49:22]   best so far: ρ=0.3086 @ ep10
[21:49:23]   ckpt saved → ckpt_epoch0070.pt
[21:49:23] ──────────────────── Epoch 71/200 ────────────────────
[21:49:23] ──────────────────── Epoch 72/200 ────────────────────
[21:49:24] ──────────────────── Epoch 73/200 ────────────────────
[21:49:25] [ep73|s0800]  loss=+0.0604  mse=0.0344  reg=0.0260
[21:49:26] ──────────────────── Epoch 74/200 ────────────────────
[21:49:27] ──────────────────── Epoch 75/200 ────────────────────
[21:49:28] ──────────────────── Epoch 76/200 ────────────────────
[21:49:28] ──────────────────── Epoch 77/200 ────────────────────
[21:49:29] ──────────────────── Epoch 78/200 ────────────────────
[21:49:30] [ep78|s0850]  loss=+0.0323  mse=0.0215  reg=0.0108
[21:49:30] ──────────────────── Epoch 79/200 ────────────────────
[21:49:31] ──────────────────── Epoch 80/200 ────────────────────
[21:49:32] ══════════ VAL ep80 ══════════  ρ=+0.1353 (p=0.0725) [FAIL ✗]  AUROC(E)=0.6315  ECE=0.2041  N=177  avg_loss=0.0840
[21:49:32]   best so far: ρ=0.3086 @ ep10
[21:49:33]   ckpt saved → ckpt_epoch0080.pt
[21:49:33] ──────────────────── Epoch 81/200 ────────────────────
[21:49:35] ──────────────────── Epoch 82/200 ────────────────────
[21:49:36] [ep82|s0900]  loss=+0.1505  mse=0.0829  reg=0.0676
[21:49:37] ──────────────────── Epoch 83/200 ────────────────────
[21:49:38] ──────────────────── Epoch 84/200 ────────────────────
[21:49:39] ──────────────────── Epoch 85/200 ────────────────────
[21:49:40] ──────────────────── Epoch 86/200 ────────────────────
[21:49:41] ──────────────────── Epoch 87/200 ────────────────────
[21:49:41] [ep87|s0950]  loss=+0.0538  mse=0.0221  reg=0.0317
[21:49:42] ──────────────────── Epoch 88/200 ────────────────────
[21:49:43] ──────────────────── Epoch 89/200 ────────────────────
[21:49:44] ──────────────────── Epoch 90/200 ────────────────────
[21:49:45] ══════════ VAL ep90 ══════════  ρ=+0.2093 (p=0.0052) [PASS ✓]  AUROC(E)=0.6433  ECE=0.2043  N=177  avg_loss=0.0725
[21:49:45]   best so far: ρ=0.3086 @ ep10
[21:49:46]   ckpt saved → ckpt_epoch0090.pt
[21:49:46] ──────────────────── Epoch 91/200 ────────────────────
[21:49:47] [ep91|s1000]  loss=+0.0604  mse=0.0349  reg=0.0255
[21:49:47] ──────────────────── Epoch 92/200 ────────────────────
[21:49:48] ──────────────────── Epoch 93/200 ────────────────────
[21:49:48] ──────────────────── Epoch 94/200 ────────────────────
[21:49:49] ──────────────────── Epoch 95/200 ────────────────────
[21:49:50] ──────────────────── Epoch 96/200 ────────────────────
[21:49:50] [ep96|s1050]  loss=+0.0512  mse=0.0227  reg=0.0286
[21:49:50] ──────────────────── Epoch 97/200 ────────────────────
[21:49:51] ──────────────────── Epoch 98/200 ────────────────────
[21:49:52] ──────────────────── Epoch 99/200 ────────────────────
[21:49:55] ──────────────────── Epoch 100/200 ────────────────────
[21:49:57] [ep100|s1100]  loss=+0.0608  mse=0.0247  reg=0.0361
[21:49:58] ══════════ VAL ep100 ══════════  ρ=+0.2317 (p=0.0019) [PASS ✓]  AUROC(E)=0.6601  ECE=0.2052  N=177  avg_loss=0.0653
[21:49:58]   best so far: ρ=0.3086 @ ep10
[21:50:00]   ckpt saved → ckpt_epoch0100.pt
[21:50:00] ──────────────────── Epoch 101/200 ────────────────────
[21:50:02] ──────────────────── Epoch 102/200 ────────────────────
[21:50:04] ──────────────────── Epoch 103/200 ────────────────────
[21:50:06] ──────────────────── Epoch 104/200 ────────────────────
[21:50:08] ──────────────────── Epoch 105/200 ────────────────────
[21:50:09] [ep105|s1150]  loss=+0.0591  mse=0.0217  reg=0.0374
[21:50:10] ──────────────────── Epoch 106/200 ────────────────────
[21:50:11] ──────────────────── Epoch 107/200 ────────────────────
[21:50:12] ──────────────────── Epoch 108/200 ────────────────────
[21:50:13] ──────────────────── Epoch 109/200 ────────────────────
[21:50:15] ──────────────────── Epoch 110/200 ────────────────────
[21:50:15] [ep110|s1200]  loss=+0.0431  mse=0.0116  reg=0.0315
[21:50:17] ══════════ VAL ep110 ══════════  ρ=+0.2101 (p=0.0050) [PASS ✓]  AUROC(E)=0.6517  ECE=0.2083  N=177  avg_loss=0.0537
[21:50:17]   best so far: ρ=0.3086 @ ep10
[21:50:19]   ckpt saved → ckpt_epoch0110.pt
[21:50:19] ──────────────────── Epoch 111/200 ────────────────────
[21:50:21] ──────────────────── Epoch 112/200 ────────────────────
[21:50:23] ──────────────────── Epoch 113/200 ────────────────────
[21:50:25] ──────────────────── Epoch 114/200 ────────────────────
[21:50:26] [ep114|s1250]  loss=+0.0408  mse=0.0092  reg=0.0316
[21:50:27] ──────────────────── Epoch 115/200 ────────────────────
[21:50:29] ──────────────────── Epoch 116/200 ────────────────────
[21:50:30] ──────────────────── Epoch 117/200 ────────────────────
[21:50:31] ──────────────────── Epoch 118/200 ────────────────────
[21:50:32] ──────────────────── Epoch 119/200 ────────────────────
[21:50:33] [ep119|s1300]  loss=+0.0765  mse=0.0140  reg=0.0626
[21:50:33] ──────────────────── Epoch 120/200 ────────────────────
[21:50:34] ══════════ VAL ep120 ══════════  ρ=+0.2022 (p=0.0070) [PASS ✓]  AUROC(E)=0.6583  ECE=0.2083  N=177  avg_loss=0.0569
[21:50:34]   best so far: ρ=0.3086 @ ep10
[21:50:35]   ckpt saved → ckpt_epoch0120.pt
[21:50:35] ──────────────────── Epoch 121/200 ────────────────────
[21:50:36] ──────────────────── Epoch 122/200 ────────────────────
[21:50:37] ──────────────────── Epoch 123/200 ────────────────────
[21:50:38] [ep123|s1350]  loss=+0.0283  mse=0.0092  reg=0.0191
[21:50:38] ──────────────────── Epoch 124/200 ────────────────────
[21:50:39] ──────────────────── Epoch 125/200 ────────────────────
[21:50:40] ──────────────────── Epoch 126/200 ────────────────────
[21:50:41] ──────────────────── Epoch 127/200 ────────────────────
[21:50:41] ──────────────────── Epoch 128/200 ────────────────────
[21:50:42] [ep128|s1400]  loss=+0.0459  mse=0.0046  reg=0.0412
[21:50:43] ──────────────────── Epoch 129/200 ────────────────────
[21:50:44] ──────────────────── Epoch 130/200 ────────────────────
[21:50:45] ══════════ VAL ep130 ══════════  ρ=+0.1895 (p=0.0115) [PASS ✓]  AUROC(E)=0.6652  ECE=0.2062  N=177  avg_loss=0.0532
[21:50:45]   best so far: ρ=0.3086 @ ep10
[21:50:46]   ckpt saved → ckpt_epoch0130.pt
[21:50:46] ──────────────────── Epoch 131/200 ────────────────────
[21:50:47] ──────────────────── Epoch 132/200 ────────────────────
[21:50:48] [ep132|s1450]  loss=+0.0614  mse=0.0116  reg=0.0498
[21:50:48] ──────────────────── Epoch 133/200 ────────────────────
[21:50:49] ──────────────────── Epoch 134/200 ────────────────────
[21:50:50] ──────────────────── Epoch 135/200 ────────────────────
[21:50:51] ──────────────────── Epoch 136/200 ────────────────────
[21:50:52] ──────────────────── Epoch 137/200 ────────────────────
[21:50:52] [ep137|s1500]  loss=+0.0381  mse=0.0071  reg=0.0310
[21:50:52] ──────────────────── Epoch 138/200 ────────────────────
[21:50:53] ──────────────────── Epoch 139/200 ────────────────────
[21:50:54] ──────────────────── Epoch 140/200 ────────────────────
[21:50:55] ══════════ VAL ep140 ══════════  ρ=+0.1809 (p=0.0160) [PASS ✓]  AUROC(E)=0.6591  ECE=0.2092  N=177  avg_loss=0.0519
[21:50:55]   best so far: ρ=0.3086 @ ep10
[21:50:56]   ckpt saved → ckpt_epoch0140.pt
[21:50:57] ──────────────────── Epoch 141/200 ────────────────────
[21:50:58] [ep141|s1550]  loss=+0.0373  mse=0.0073  reg=0.0300
[21:50:58] ──────────────────── Epoch 142/200 ────────────────────
[21:50:59] ──────────────────── Epoch 143/200 ────────────────────
[21:51:00] ──────────────────── Epoch 144/200 ────────────────────
[21:51:00] ──────────────────── Epoch 145/200 ────────────────────
[21:51:01] ──────────────────── Epoch 146/200 ────────────────────
[21:51:02] [ep146|s1600]  loss=+0.0594  mse=0.0055  reg=0.0539
[21:51:02] ──────────────────── Epoch 147/200 ────────────────────
[21:51:03] ──────────────────── Epoch 148/200 ────────────────────
[21:51:04] ──────────────────── Epoch 149/200 ────────────────────
[21:51:05] ──────────────────── Epoch 150/200 ────────────────────
[21:51:06] [ep150|s1650]  loss=+0.0473  mse=0.0048  reg=0.0425
[21:51:06] ══════════ VAL ep150 ══════════  ρ=+0.1817 (p=0.0155) [PASS ✓]  AUROC(E)=0.6642  ECE=0.2075  N=177  avg_loss=0.0528
[21:51:06]   best so far: ρ=0.3086 @ ep10
[21:51:07]   ckpt saved → ckpt_epoch0150.pt
[21:51:07] ──────────────────── Epoch 151/200 ────────────────────
[21:51:08] ──────────────────── Epoch 152/200 ────────────────────
[21:51:09] ──────────────────── Epoch 153/200 ────────────────────
[21:51:10] ──────────────────── Epoch 154/200 ────────────────────
[21:51:11] ──────────────────── Epoch 155/200 ────────────────────
[21:51:12] [ep155|s1700]  loss=+0.0670  mse=0.0068  reg=0.0602
[21:51:12] ──────────────────── Epoch 156/200 ────────────────────
[21:51:13] ──────────────────── Epoch 157/200 ────────────────────
[21:51:14] ──────────────────── Epoch 158/200 ────────────────────
[21:51:15] ──────────────────── Epoch 159/200 ────────────────────
[21:51:15] ──────────────────── Epoch 160/200 ────────────────────
[21:51:16] [ep160|s1750]  loss=+0.0552  mse=0.0052  reg=0.0500
[21:51:17] ══════════ VAL ep160 ══════════  ρ=+0.1873 (p=0.0125) [PASS ✓]  AUROC(E)=0.6647  ECE=0.2033  N=177  avg_loss=0.0433
[21:51:17]   best so far: ρ=0.3086 @ ep10
[21:51:18]   ckpt saved → ckpt_epoch0160.pt
[21:51:18] ──────────────────── Epoch 161/200 ────────────────────
[21:51:20] ──────────────────── Epoch 162/200 ────────────────────
[21:51:21] ──────────────────── Epoch 163/200 ────────────────────
[21:51:21] ──────────────────── Epoch 164/200 ────────────────────
[21:51:22] [ep164|s1800]  loss=+0.0333  mse=0.0053  reg=0.0280
[21:51:22] ──────────────────── Epoch 165/200 ────────────────────
[21:51:23] ──────────────────── Epoch 166/200 ────────────────────
[21:51:24] ──────────────────── Epoch 167/200 ────────────────────
[21:51:25] ──────────────────── Epoch 168/200 ────────────────────
[21:51:26] ──────────────────── Epoch 169/200 ────────────────────
[21:51:26] [ep169|s1850]  loss=+0.0547  mse=0.0096  reg=0.0450
[21:51:27] ──────────────────── Epoch 170/200 ────────────────────
[21:51:28] ══════════ VAL ep170 ══════════  ρ=+0.1898 (p=0.0114) [PASS ✓]  AUROC(E)=0.6634  ECE=0.2025  N=177  avg_loss=0.0518
[21:51:28]   best so far: ρ=0.3086 @ ep10
[21:51:29]   ckpt saved → ckpt_epoch0170.pt
[21:51:29] ──────────────────── Epoch 171/200 ────────────────────
[21:51:30] ──────────────────── Epoch 172/200 ────────────────────
[21:51:31] ──────────────────── Epoch 173/200 ────────────────────
[21:51:32] [ep173|s1900]  loss=+0.0492  mse=0.0068  reg=0.0424
[21:51:32] ──────────────────── Epoch 174/200 ────────────────────
[21:51:33] ──────────────────── Epoch 175/200 ────────────────────
[21:51:34] ──────────────────── Epoch 176/200 ────────────────────
[21:51:34] ──────────────────── Epoch 177/200 ────────────────────
[21:51:35] ──────────────────── Epoch 178/200 ────────────────────
[21:51:35] [ep178|s1950]  loss=+0.0373  mse=0.0067  reg=0.0306
[21:51:36] ──────────────────── Epoch 179/200 ────────────────────
[21:51:36] ──────────────────── Epoch 180/200 ────────────────────
[21:51:38] ══════════ VAL ep180 ══════════  ρ=+0.1883 (p=0.0121) [PASS ✓]  AUROC(E)=0.6619  ECE=0.2028  N=177  avg_loss=0.0476
[21:51:38]   best so far: ρ=0.3086 @ ep10
[21:51:39]   ckpt saved → ckpt_epoch0180.pt
[21:51:39] ──────────────────── Epoch 181/200 ────────────────────
[21:51:40] ──────────────────── Epoch 182/200 ────────────────────
[21:51:41] [ep182|s2000]  loss=+0.0462  mse=0.0050  reg=0.0412
[21:51:41] ──────────────────── Epoch 183/200 ────────────────────
[21:51:42] ──────────────────── Epoch 184/200 ────────────────────
[21:51:43] ──────────────────── Epoch 185/200 ────────────────────
[21:51:43] ──────────────────── Epoch 186/200 ────────────────────
[21:51:44] ──────────────────── Epoch 187/200 ────────────────────
[21:51:45] [ep187|s2050]  loss=+0.0395  mse=0.0052  reg=0.0343
[21:51:45] ──────────────────── Epoch 188/200 ────────────────────
[21:51:46] ──────────────────── Epoch 189/200 ────────────────────
[21:51:47] ──────────────────── Epoch 190/200 ────────────────────
[21:51:49] ══════════ VAL ep190 ══════════  ρ=+0.1877 (p=0.0123) [PASS ✓]  AUROC(E)=0.6630  ECE=0.2029  N=177  avg_loss=0.0423
[21:51:49]   best so far: ρ=0.3086 @ ep10
[21:51:50]   ckpt saved → ckpt_epoch0190.pt
[21:51:50] ──────────────────── Epoch 191/200 ────────────────────
[21:51:51] [ep191|s2100]  loss=+0.0941  mse=0.0095  reg=0.0846
[21:51:51] ──────────────────── Epoch 192/200 ────────────────────
[21:51:52] ──────────────────── Epoch 193/200 ────────────────────
[21:51:53] ──────────────────── Epoch 194/200 ────────────────────
[21:51:54] ──────────────────── Epoch 195/200 ────────────────────
[21:51:56] ──────────────────── Epoch 196/200 ────────────────────
[21:51:57] [ep196|s2150]  loss=+0.0323  mse=0.0036  reg=0.0287
[21:51:57] ──────────────────── Epoch 197/200 ────────────────────
[21:51:58] ──────────────────── Epoch 198/200 ────────────────────
[21:52:00] ──────────────────── Epoch 199/200 ────────────────────
[21:52:01] ──────────────────── Epoch 200/200 ────────────────────
[21:52:02] [ep200|s2200]  loss=+0.0606  mse=0.0072  reg=0.0534
[21:52:02] ══════════ VAL ep200 ══════════  ρ=+0.1870 (p=0.0127) [PASS ✓]  AUROC(E)=0.6633  ECE=0.2027  N=177  avg_loss=0.0473
[21:52:02]   best so far: ρ=0.3086 @ ep10
[21:52:04]   ckpt saved → ckpt_epoch0200.pt
