[10:48:00] ──────────────────── Epoch 01/200 ────────────────────
[10:48:59] ──────────────────── Epoch 02/200 ────────────────────
[10:49:02] [ep02|s0050]  loss=-0.143  cd=-0.143  reg=0.000  │  e+=+0.05(±0.035)  e-=+0.19(±0.007)  │  x_neg [0.00/0.50/1.00]
[10:49:53] ──────────────────── Epoch 03/200 ────────────────────
[10:50:00] [ep03|s0100]  loss=-49.891  cd=-96.540  reg=46.648  │  e+=-47.02(±1.203)  e-=+49.52(±0.564)  │  x_neg [0.00/0.50/1.00]
[10:50:48] ──────────────────── Epoch 04/200 ────────────────────
[10:50:58] [ep04|s0150]  loss=-49.187  cd=-90.582  reg=41.395  │  e+=-43.47(±5.236)  e-=+47.11(±1.718)  │  x_neg [0.00/0.50/1.00]
[10:51:43] ──────────────────── Epoch 05/200 ────────────────────
[10:51:57] [ep05|s0200]  loss=-49.964  cd=-101.613  reg=51.648  │  e+=-50.92(±1.476)  e-=+50.69(±0.232)  │  x_neg [0.00/0.50/1.00]
[10:52:37] ──────────────────── Epoch 06/200 ────────────────────
[10:52:55] [ep06|s0250]  loss=-49.978  cd=-98.196  reg=48.218  │  e+=-48.68(±0.495)  e-=+49.51(±0.131)  │  x_neg [0.00/0.50/1.00]
[10:53:32] ──────────────────── Epoch 07/200 ────────────────────
[10:53:53] [ep07|s0300]  loss=-49.949  cd=-97.938  reg=47.989  │  e+=-47.75(±0.241)  e-=+50.18(±0.038)  │  x_neg [0.00/0.50/1.00]
[10:54:27] ──────────────────── Epoch 08/200 ────────────────────
[10:54:52] [ep08|s0350]  loss=-49.989  cd=-101.467  reg=51.478  │  e+=-50.69(±0.249)  e-=+50.77(±0.039)  │  x_neg [0.00/0.50/1.00]
[10:55:22] ──────────────────── Epoch 09/200 ────────────────────
[10:55:50] [ep09|s0400]  loss=-49.985  cd=-101.115  reg=51.130  │  e+=-51.22(±0.142)  e-=+49.90(±0.079)  │  x_neg [0.00/0.50/1.00]
[10:56:17] ──────────────────── Epoch 10/200 ────────────────────
[10:56:48] [ep10|s0450]  loss=-49.946  cd=-96.968  reg=47.022  │  e+=-47.85(±0.092)  e-=+49.11(±0.033)  │  x_neg [0.00/0.50/1.00]
[10:57:13] ══════════ VAL ep10 ══════════  ρ=+0.1179 (p=0.1182) [FAIL ✗]  AUROC(E)=0.5744  ECE=0.8023  N=177  avg_loss=-49.9796
[10:57:13]   best so far: ρ=0.1179 @ ep10
[10:57:15]   best ckpt saved → ckpt_best_val.pt
[10:57:18]   ckpt saved → ckpt_epoch0010.pt
[10:57:18] ──────────────────── Epoch 11/200 ────────────────────
[10:57:52] [ep11|s0500]  loss=-49.998  cd=-100.542  reg=50.544  │  e+=-50.34(±0.119)  e-=+50.20(±0.037)  │  x_neg [0.00/0.50/1.00]
[10:58:12] ──────────────────── Epoch 12/200 ────────────────────
[10:58:51] [ep12|s0550]  loss=-49.992  cd=-100.309  reg=50.317  │  e+=-49.55(±0.085)  e-=+50.76(±0.041)  │  x_neg [0.00/0.50/1.00]
[10:59:07] ──────────────────── Epoch 13/200 ────────────────────
[10:59:49] [ep13|s0600]  loss=-49.973  cd=-102.129  reg=52.156  │  e+=-51.49(±0.328)  e-=+50.64(±0.084)  │  x_neg [0.00/0.50/1.00]
[11:00:02] ──────────────────── Epoch 14/200 ────────────────────
[11:00:47] [ep14|s0650]  loss=-49.995  cd=-100.334  reg=50.339  │  e+=-50.62(±0.060)  e-=+49.72(±0.034)  │  x_neg [0.00/0.50/1.00]
[11:00:57] ──────────────────── Epoch 15/200 ────────────────────
[11:01:46] [ep15|s0700]  loss=-49.989  cd=-98.783  reg=48.794  │  e+=-49.81(±0.058)  e-=+48.98(±0.018)  │  x_neg [0.00/0.50/1.00]
[11:01:52] ──────────────────── Epoch 16/200 ────────────────────
[11:02:44] [ep16|s0750]  loss=-49.991  cd=-101.307  reg=51.317  │  e+=-50.46(±0.065)  e-=+50.85(±0.023)  │  x_neg [0.00/0.50/1.00]
[11:02:46] ──────────────────── Epoch 17/200 ────────────────────
[11:03:41] ──────────────────── Epoch 18/200 ────────────────────
[11:03:43] [ep18|s0800]  loss=-49.997  cd=-99.320  reg=49.322  │  e+=-49.77(±0.061)  e-=+49.55(±0.022)  │  x_neg [0.00/0.50/1.00]
[11:04:36] ──────────────────── Epoch 19/200 ────────────────────
[11:04:41] [ep19|s0850]  loss=-49.999  cd=-100.471  reg=50.472  │  e+=-50.25(±0.079)  e-=+50.22(±0.034)  │  x_neg [0.00/0.50/1.00]
[11:05:31] ──────────────────── Epoch 20/200 ────────────────────
[11:05:40] [ep20|s0900]  loss=-49.997  cd=-99.309  reg=49.312  │  e+=-49.78(±0.050)  e-=+49.53(±0.019)  │  x_neg [0.00/0.50/1.00]
[11:06:27] ══════════ VAL ep20 ══════════  ρ=+0.0669 (p=0.3763) [FAIL ✗]  AUROC(E)=0.5282  ECE=0.8023  N=177  avg_loss=-49.9960
[11:06:27]   best so far: ρ=0.1179 @ ep10
[11:06:28]   ckpt saved → ckpt_epoch0020.pt
[11:06:28] ──────────────────── Epoch 21/200 ────────────────────
[11:06:40] [ep21|s0950]  loss=-49.993  cd=-101.189  reg=51.196  │  e+=-50.49(±0.047)  e-=+50.70(±0.018)  │  x_neg [0.00/0.50/1.00]
[11:07:23] ──────────────────── Epoch 22/200 ────────────────────
[11:07:38] [ep22|s1000]  loss=-49.999  cd=-99.538  reg=49.539  │  e+=-49.73(±0.048)  e-=+49.81(±0.020)  │  x_neg [0.00/0.50/1.00]
[11:08:18] ──────────────────── Epoch 23/200 ────────────────────
[11:08:36] [ep23|s1050]  loss=-49.998  cd=-100.589  reg=50.591  │  e+=-50.20(±0.034)  e-=+50.39(±0.020)  │  x_neg [0.00/0.50/1.00]
[11:09:12] ──────────────────── Epoch 24/200 ────────────────────
[11:09:35] [ep24|s1100]  loss=-49.999  cd=-99.464  reg=49.466  │  e+=-49.76(±0.040)  e-=+49.70(±0.030)  │  x_neg [0.00/0.50/1.00]
[11:10:07] ──────────────────── Epoch 25/200 ────────────────────
[11:10:33] [ep25|s1150]  loss=-49.996  cd=-100.843  reg=50.846  │  e+=-50.53(±0.039)  e-=+50.31(±0.017)  │  x_neg [0.00/0.50/1.00]
[11:11:02] ──────────────────── Epoch 26/200 ────────────────────
[11:11:32] [ep26|s1200]  loss=-49.998  cd=-99.433  reg=49.435  │  e+=-49.87(±0.038)  e-=+49.56(±0.030)  │  x_neg [0.00/0.50/1.00]
[11:11:57] ──────────────────── Epoch 27/200 ────────────────────
[11:12:30] [ep27|s1250]  loss=-49.998  cd=-100.652  reg=50.655  │  e+=-50.23(±0.040)  e-=+50.42(±0.017)  │  x_neg [0.00/0.50/1.00]
[11:12:52] ──────────────────── Epoch 28/200 ────────────────────
[11:13:28] [ep28|s1300]  loss=-49.999  cd=-99.578  reg=49.579  │  e+=-49.73(±0.030)  e-=+49.85(±0.020)  │  x_neg [0.00/0.50/1.00]
[11:13:47] ──────────────────── Epoch 29/200 ────────────────────
[11:14:27] [ep29|s1350]  loss=-49.998  cd=-100.335  reg=50.337  │  e+=-50.44(±0.038)  e-=+49.89(±0.017)  │  x_neg [0.00/0.50/1.00]
[11:14:42] ──────────────────── Epoch 30/200 ────────────────────
[11:15:25] [ep30|s1400]  loss=-49.999  cd=-99.818  reg=49.819  │  e+=-49.67(±0.026)  e-=+50.15(±0.015)  │  x_neg [0.00/0.50/1.00]
[11:15:37] ══════════ VAL ep30 ══════════  ρ=+0.0617 (p=0.4145) [FAIL ✗]  AUROC(E)=0.5255  ECE=0.8023  N=177  avg_loss=-49.9979
[11:15:37]   best so far: ρ=0.1179 @ ep10
[11:15:39]   ckpt saved → ckpt_epoch0030.pt
[11:15:39] ──────────────────── Epoch 31/200 ────────────────────
[11:16:25] [ep31|s1450]  loss=-49.998  cd=-100.208  reg=50.210  │  e+=-50.36(±0.035)  e-=+49.85(±0.014)  │  x_neg [0.00/0.50/1.00]
[11:16:33] ──────────────────── Epoch 32/200 ────────────────────
[11:17:24] [ep32|s1500]  loss=-49.998  cd=-99.767  reg=49.768  │  e+=-49.63(±0.055)  e-=+50.14(±0.015)  │  x_neg [0.00/0.50/1.00]
[11:17:28] ──────────────────── Epoch 33/200 ────────────────────
[11:18:22] [ep33|s1550]  loss=-49.998  cd=-100.247  reg=50.249  │  e+=-50.40(±0.032)  e-=+49.85(±0.016)  │  x_neg [0.00/0.50/1.00]
[11:18:23] ──────────────────── Epoch 34/200 ────────────────────
[11:19:18] ──────────────────── Epoch 35/200 ────────────────────
[11:19:21] [ep35|s1600]  loss=-49.999  cd=-99.804  reg=49.805  │  e+=-50.04(±0.027)  e-=+49.77(±0.015)  │  x_neg [0.00/0.50/1.00]
[11:20:13] ──────────────────── Epoch 36/200 ────────────────────
[11:20:19] [ep36|s1650]  loss=-50.000  cd=-100.082  reg=50.082  │  e+=-50.04(±0.013)  e-=+50.04(±0.016)  │  x_neg [0.00/0.50/1.00]
[11:21:08] ──────────────────── Epoch 37/200 ────────────────────
[11:21:17] [ep37|s1700]  loss=-50.000  cd=-99.895  reg=49.895  │  e+=-49.97(±0.012)  e-=+49.93(±0.013)  │  x_neg [0.00/0.50/1.00]
[11:22:03] ──────────────────── Epoch 38/200 ────────────────────
[11:22:16] [ep38|s1750]  loss=-50.000  cd=-100.262  reg=50.262  │  e+=-50.07(±0.017)  e-=+50.19(±0.017)  │  x_neg [0.00/0.50/1.00]
[11:22:58] ──────────────────── Epoch 39/200 ────────────────────
[11:23:14] [ep39|s1800]  loss=-50.000  cd=-99.780  reg=49.780  │  e+=-49.94(±0.013)  e-=+49.84(±0.013)  │  x_neg [0.00/0.50/1.00]
[11:23:53] ──────────────────── Epoch 40/200 ────────────────────
[11:24:13] [ep40|s1850]  loss=-50.000  cd=-99.936  reg=49.936  │  e+=-49.99(±0.014)  e-=+49.94(±0.013)  │  x_neg [0.00/0.50/1.00]
[11:24:48] ══════════ VAL ep40 ══════════  ρ=+0.0958 (p=0.2048) [FAIL ✗]  AUROC(E)=0.5779  ECE=0.8023  N=177  avg_loss=-49.9998
[11:24:48]   best so far: ρ=0.1179 @ ep10
[11:24:49]   ckpt saved → ckpt_epoch0040.pt
[11:24:49] ──────────────────── Epoch 41/200 ────────────────────
[11:25:13] [ep41|s1900]  loss=-50.000  cd=-100.186  reg=50.187  │  e+=-50.07(±0.012)  e-=+50.11(±0.015)  │  x_neg [0.00/0.50/1.00]
[11:25:44] ──────────────────── Epoch 42/200 ────────────────────
[11:26:11] [ep42|s1950]  loss=-49.999  cd=-99.623  reg=49.623  │  e+=-49.86(±0.015)  e-=+49.76(±0.014)  │  x_neg [0.00/0.50/1.00]
[11:26:39] ──────────────────── Epoch 43/200 ────────────────────
[11:27:10] [ep43|s2000]  loss=-50.000  cd=-100.101  reg=50.101  │  e+=-50.03(±0.011)  e-=+50.07(±0.015)  │  x_neg [0.00/0.50/1.00]
[11:27:34] ──────────────────── Epoch 44/200 ────────────────────
[11:28:08] [ep44|s2050]  loss=-50.000  cd=-100.260  reg=50.260  │  e+=-50.08(±0.028)  e-=+50.18(±0.015)  │  x_neg [0.00/0.50/1.00]
[11:28:29] ──────────────────── Epoch 45/200 ────────────────────
[11:29:06] [ep45|s2100]  loss=-49.999  cd=-100.370  reg=50.371  │  e+=-50.16(±0.017)  e-=+50.21(±0.012)  │  x_neg [0.00/0.50/1.00]
[11:29:24] ──────────────────── Epoch 46/200 ────────────────────
[11:30:05] [ep46|s2150]  loss=-50.000  cd=-100.237  reg=50.238  │  e+=-50.06(±0.012)  e-=+50.18(±0.013)  │  x_neg [0.00/0.50/1.00]
[11:30:19] ──────────────────── Epoch 47/200 ────────────────────
[11:31:03] [ep47|s2200]  loss=-49.999  cd=-100.416  reg=50.417  │  e+=-50.15(±0.013)  e-=+50.26(±0.011)  │  x_neg [0.00/0.50/1.00]
[11:31:14] ──────────────────── Epoch 48/200 ────────────────────
[11:32:02] [ep48|s2250]  loss=-49.999  cd=-99.666  reg=49.666  │  e+=-49.86(±0.015)  e-=+49.80(±0.012)  │  x_neg [0.00/0.50/1.00]
[11:32:09] ──────────────────── Epoch 49/200 ────────────────────
[11:33:00] [ep49|s2300]  loss=-50.000  cd=-99.943  reg=49.943  │  e+=-49.99(±0.016)  e-=+49.96(±0.013)  │  x_neg [0.00/0.50/1.00]
[11:33:04] ──────────────────── Epoch 50/200 ────────────────────
[11:33:59] [ep50|s2350]  loss=-49.999  cd=-100.395  reg=50.396  │  e+=-50.13(±0.015)  e-=+50.27(±0.013)  │  x_neg [0.00/0.50/1.00]
[11:33:59] ══════════ VAL ep50 ══════════  ρ=+0.0205 (p=0.7864) [FAIL ✗]  AUROC(E)=0.5733  ECE=0.8023  N=177  avg_loss=-49.9997
[11:33:59]   best so far: ρ=0.1179 @ ep10
[11:34:01]   ckpt saved → ckpt_epoch0050.pt
[11:34:01] ──────────────────── Epoch 51/200 ────────────────────
[11:34:56] ──────────────────── Epoch 52/200 ────────────────────
[11:35:00] [ep52|s2400]  loss=-50.000  cd=-99.727  reg=49.727  │  e+=-49.88(±0.013)  e-=+49.84(±0.015)  │  x_neg [0.00/0.50/1.00]
[11:35:51] ──────────────────── Epoch 53/200 ────────────────────
[11:35:58] [ep53|s2450]  loss=-50.000  cd=-99.988  reg=49.988  │  e+=-50.02(±0.018)  e-=+49.97(±0.011)  │  x_neg [0.00/0.50/1.00]
[11:36:46] ──────────────────── Epoch 54/200 ────────────────────
[11:36:56] [ep54|s2500]  loss=-50.000  cd=-100.109  reg=50.109  │  e+=-50.05(±0.011)  e-=+50.06(±0.014)  │  x_neg [0.00/0.50/1.00]
[11:37:40] ──────────────────── Epoch 55/200 ────────────────────
[11:37:55] [ep55|s2550]  loss=-50.000  cd=-99.866  reg=49.866  │  e+=-49.91(±0.024)  e-=+49.95(±0.015)  │  x_neg [0.00/0.50/1.00]
[11:38:35] ──────────────────── Epoch 56/200 ────────────────────
[11:38:53] [ep56|s2600]  loss=-50.000  cd=-100.062  reg=50.062  │  e+=-50.01(±0.010)  e-=+50.05(±0.012)  │  x_neg [0.00/0.50/1.00]
[11:39:30] ──────────────────── Epoch 57/200 ────────────────────
[11:39:52] [ep57|s2650]  loss=-50.000  cd=-99.743  reg=49.743  │  e+=-49.91(±0.012)  e-=+49.84(±0.013)  │  x_neg [0.00/0.50/1.00]
[11:40:25] ──────────────────── Epoch 58/200 ────────────────────
[11:40:50] [ep58|s2700]  loss=-50.000  cd=-100.109  reg=50.109  │  e+=-50.01(±0.024)  e-=+50.10(±0.009)  │  x_neg [0.00/0.50/1.00]
[11:41:20] ──────────────────── Epoch 59/200 ────────────────────
[11:41:49] [ep59|s2750]  loss=-50.000  cd=-100.214  reg=50.214  │  e+=-50.07(±0.020)  e-=+50.14(±0.010)  │  x_neg [0.00/0.50/1.00]
[11:42:15] ──────────────────── Epoch 60/200 ────────────────────
[11:42:47] [ep60|s2800]  loss=-50.000  cd=-100.009  reg=50.009  │  e+=-50.02(±0.009)  e-=+49.99(±0.010)  │  x_neg [0.00/0.50/1.00]
[11:43:11] ══════════ VAL ep60 ══════════  ρ=+0.0695 (p=0.3578) [FAIL ✗]  AUROC(E)=0.5358  ECE=0.8023  N=177  avg_loss=-49.9999
[11:43:11]   best so far: ρ=0.1179 @ ep10
[11:43:14]   ckpt saved → ckpt_epoch0060.pt
[11:43:14] ──────────────────── Epoch 61/200 ────────────────────
[11:43:49] [ep61|s2850]  loss=-50.000  cd=-99.951  reg=49.951  │  e+=-49.98(±0.016)  e-=+49.97(±0.010)  │  x_neg [0.00/0.50/1.00]
[11:44:08] ──────────────────── Epoch 62/200 ────────────────────
[11:44:47] [ep62|s2900]  loss=-50.000  cd=-100.223  reg=50.223  │  e+=-50.07(±0.015)  e-=+50.15(±0.011)  │  x_neg [0.00/0.50/1.00]
[11:45:03] ──────────────────── Epoch 63/200 ────────────────────
[11:45:46] [ep63|s2950]  loss=-50.000  cd=-99.930  reg=49.930  │  e+=-49.96(±0.008)  e-=+49.97(±0.012)  │  x_neg [0.00/0.50/1.00]
[11:45:58] ──────────────────── Epoch 64/200 ────────────────────
[11:46:44] [ep64|s3000]  loss=-49.999  cd=-99.685  reg=49.686  │  e+=-49.87(±0.016)  e-=+49.82(±0.010)  │  x_neg [0.00/0.50/1.00]
[11:46:53] ──────────────────── Epoch 65/200 ────────────────────
[11:47:42] [ep65|s3050]  loss=-50.000  cd=-100.000  reg=50.000  │  e+=-50.00(±0.011)  e-=+50.00(±0.011)  │  x_neg [0.00/0.50/1.00]
[11:47:48] ──────────────────── Epoch 66/200 ────────────────────
[11:48:41] [ep66|s3100]  loss=-50.000  cd=-100.181  reg=50.181  │  e+=-50.07(±0.014)  e-=+50.11(±0.013)  │  x_neg [0.00/0.50/1.00]
[11:48:43] ──────────────────── Epoch 67/200 ────────────────────
[11:49:38] ──────────────────── Epoch 68/200 ────────────────────
[11:49:40] [ep68|s3150]  loss=-49.999  cd=-100.332  reg=50.333  │  e+=-50.17(±0.014)  e-=+50.16(±0.009)  │  x_neg [0.00/0.50/1.00]
[11:50:33] ──────────────────── Epoch 69/200 ────────────────────
[11:50:38] [ep69|s3200]  loss=-50.000  cd=-99.796  reg=49.797  │  e+=-49.95(±0.010)  e-=+49.85(±0.008)  │  x_neg [0.00/0.50/1.00]
[11:51:28] ──────────────────── Epoch 70/200 ────────────────────
[11:51:37] [ep70|s3250]  loss=-50.000  cd=-100.190  reg=50.190  │  e+=-50.10(±0.012)  e-=+50.09(±0.013)  │  x_neg [0.00/0.50/1.00]
[11:52:24] ══════════ VAL ep70 ══════════  ρ=-0.0585 (p=0.4389) [FAIL ✗]  AUROC(E)=0.4722  ECE=0.8023  N=177  avg_loss=-49.9998
[11:52:24]   best so far: ρ=0.1179 @ ep10
[11:52:27]   ckpt saved → ckpt_epoch0070.pt
[11:52:27] ──────────────────── Epoch 71/200 ────────────────────
[11:52:39] [ep71|s3300]  loss=-50.000  cd=-99.773  reg=49.773  │  e+=-49.88(±0.010)  e-=+49.90(±0.011)  │  x_neg [0.00/0.50/1.00]
[11:53:22] ──────────────────── Epoch 72/200 ────────────────────
[11:53:37] [ep72|s3350]  loss=-50.000  cd=-100.075  reg=50.075  │  e+=-50.02(±0.010)  e-=+50.06(±0.012)  │  x_neg [0.00/0.50/1.00]
[11:54:17] ──────────────────── Epoch 73/200 ────────────────────
[11:54:36] [ep73|s3400]  loss=-50.000  cd=-99.833  reg=49.833  │  e+=-49.94(±0.011)  e-=+49.89(±0.008)  │  x_neg [0.00/0.50/1.00]
[11:55:12] ──────────────────── Epoch 74/200 ────────────────────
[11:55:34] [ep74|s3450]  loss=-50.000  cd=-100.159  reg=50.159  │  e+=-50.04(±0.013)  e-=+50.12(±0.010)  │  x_neg [0.00/0.50/1.00]
[11:56:07] ──────────────────── Epoch 75/200 ────────────────────
[11:56:33] [ep75|s3500]  loss=-50.000  cd=-100.042  reg=50.042  │  e+=-50.00(±0.008)  e-=+50.05(±0.010)  │  x_neg [0.00/0.50/1.00]
[11:57:02] ──────────────────── Epoch 76/200 ────────────────────
[11:57:31] [ep76|s3550]  loss=-50.000  cd=-100.094  reg=50.094  │  e+=-50.04(±0.007)  e-=+50.06(±0.010)  │  x_neg [0.00/0.50/1.00]
[11:57:57] ──────────────────── Epoch 77/200 ────────────────────
[11:58:29] [ep77|s3600]  loss=-50.000  cd=-99.877  reg=49.877  │  e+=-49.93(±0.008)  e-=+49.95(±0.011)  │  x_neg [0.00/0.50/1.00]
[11:58:52] ──────────────────── Epoch 78/200 ────────────────────
[11:59:28] [ep78|s3650]  loss=-50.000  cd=-100.079  reg=50.079  │  e+=-50.09(±0.017)  e-=+49.99(±0.012)  │  x_neg [0.00/0.50/1.00]
[11:59:47] ──────────────────── Epoch 79/200 ────────────────────
[12:00:26] [ep79|s3700]  loss=-50.000  cd=-100.086  reg=50.086  │  e+=-50.03(±0.007)  e-=+50.05(±0.012)  │  x_neg [0.00/0.50/1.00]
[12:00:42] ──────────────────── Epoch 80/200 ────────────────────
[12:01:25] [ep80|s3750]  loss=-50.000  cd=-100.016  reg=50.016  │  e+=-50.00(±0.011)  e-=+50.02(±0.007)  │  x_neg [0.00/0.50/1.00]
[12:01:37] ══════════ VAL ep80 ══════════  ρ=+0.0619 (p=0.4129) [FAIL ✗]  AUROC(E)=0.4708  ECE=0.8023  N=177  avg_loss=-49.9998
[12:01:37]   best so far: ρ=0.1179 @ ep10
[12:01:41]   ckpt saved → ckpt_epoch0080.pt
[12:01:41] ──────────────────── Epoch 81/200 ────────────────────
[12:02:28] [ep81|s3800]  loss=-50.000  cd=-100.009  reg=50.009  │  e+=-50.05(±0.007)  e-=+49.96(±0.012)  │  x_neg [0.00/0.50/1.00]
[12:02:36] ──────────────────── Epoch 82/200 ────────────────────
[12:03:26] [ep82|s3850]  loss=-50.000  cd=-99.893  reg=49.894  │  e+=-49.93(±0.009)  e-=+49.96(±0.010)  │  x_neg [0.00/0.50/1.00]
[12:03:31] ──────────────────── Epoch 83/200 ────────────────────
[12:04:25] [ep83|s3900]  loss=-49.999  cd=-99.543  reg=49.544  │  e+=-49.79(±0.007)  e-=+49.75(±0.010)  │  x_neg [0.00/0.50/1.00]
[12:04:26] ──────────────────── Epoch 84/200 ────────────────────
[12:05:21] ──────────────────── Epoch 85/200 ────────────────────
[12:05:24] [ep85|s3950]  loss=-50.000  cd=-100.106  reg=50.106  │  e+=-50.02(±0.009)  e-=+50.09(±0.008)  │  x_neg [0.00/0.50/1.00]
[12:06:16] ──────────────────── Epoch 86/200 ────────────────────
[12:06:22] [ep86|s4000]  loss=-50.000  cd=-99.941  reg=49.941  │  e+=-49.93(±0.007)  e-=+50.02(±0.009)  │  x_neg [0.00/0.50/1.00]
[12:07:11] ──────────────────── Epoch 87/200 ────────────────────
[12:07:21] [ep87|s4050]  loss=-50.000  cd=-99.834  reg=49.834  │  e+=-49.88(±0.010)  e-=+49.95(±0.011)  │  x_neg [0.00/0.50/1.00]
[12:08:06] ──────────────────── Epoch 88/200 ────────────────────
[12:08:19] [ep88|s4100]  loss=-50.000  cd=-99.874  reg=49.874  │  e+=-49.94(±0.015)  e-=+49.93(±0.009)  │  x_neg [0.00/0.50/1.00]
[12:09:01] ──────────────────── Epoch 89/200 ────────────────────
[12:09:18] [ep89|s4150]  loss=-50.000  cd=-100.034  reg=50.034  │  e+=-49.99(±0.007)  e-=+50.05(±0.011)  │  x_neg [0.00/0.50/1.00]
[12:09:56] ──────────────────── Epoch 90/200 ────────────────────
[12:10:16] [ep90|s4200]  loss=-50.000  cd=-100.010  reg=50.010  │  e+=-50.00(±0.009)  e-=+50.01(±0.009)  │  x_neg [0.00/0.50/1.00]
[12:10:52] ══════════ VAL ep90 ══════════  ρ=+0.1383 (p=0.0665) [FAIL ✗]  AUROC(E)=0.4992  ECE=0.8023  N=177  avg_loss=-50.0000
[12:10:52]   best so far: ρ=0.1383 @ ep90
[12:10:53]   best ckpt saved → ckpt_best_val.pt
[12:10:55]   ckpt saved → ckpt_epoch0090.pt
[12:10:55] ──────────────────── Epoch 91/200 ────────────────────
[12:11:19] [ep91|s4250]  loss=-50.000  cd=-100.055  reg=50.055  │  e+=-50.03(±0.008)  e-=+50.02(±0.008)  │  x_neg [0.00/0.50/1.00]
[12:11:50] ──────────────────── Epoch 92/200 ────────────────────
[12:12:17] [ep92|s4300]  loss=-50.000  cd=-100.029  reg=50.029  │  e+=-50.01(±0.008)  e-=+50.02(±0.009)  │  x_neg [0.00/0.50/1.00]
[12:12:45] ──────────────────── Epoch 93/200 ────────────────────
[12:13:16] [ep93|s4350]  loss=-50.000  cd=-99.940  reg=49.940  │  e+=-49.96(±0.008)  e-=+49.98(±0.011)  │  x_neg [0.00/0.50/1.00]
[12:13:40] ──────────────────── Epoch 94/200 ────────────────────
[12:14:14] [ep94|s4400]  loss=-50.000  cd=-99.975  reg=49.975  │  e+=-49.99(±0.008)  e-=+49.99(±0.010)  │  x_neg [0.00/0.50/1.00]
[12:14:35] ──────────────────── Epoch 95/200 ────────────────────
[12:15:13] [ep95|s4450]  loss=-50.000  cd=-100.013  reg=50.013  │  e+=-49.97(±0.006)  e-=+50.04(±0.011)  │  x_neg [0.00/0.50/1.00]
[12:15:30] ──────────────────── Epoch 96/200 ────────────────────
[12:16:11] [ep96|s4500]  loss=-50.000  cd=-99.982  reg=49.982  │  e+=-50.01(±0.012)  e-=+49.97(±0.008)  │  x_neg [0.00/0.50/1.00]
[12:16:25] ──────────────────── Epoch 97/200 ────────────────────
[12:17:09] [ep97|s4550]  loss=-50.000  cd=-100.063  reg=50.063  │  e+=-50.05(±0.008)  e-=+50.02(±0.009)  │  x_neg [0.00/0.50/1.00]
[12:17:20] ──────────────────── Epoch 98/200 ────────────────────
[12:18:08] [ep98|s4600]  loss=-50.000  cd=-100.058  reg=50.058  │  e+=-50.06(±0.009)  e-=+49.99(±0.009)  │  x_neg [0.00/0.50/1.00]
[12:18:15] ──────────────────── Epoch 99/200 ────────────────────
[12:19:06] [ep99|s4650]  loss=-50.000  cd=-100.064  reg=50.064  │  e+=-50.05(±0.010)  e-=+50.01(±0.010)  │  x_neg [0.00/0.50/1.00]
[12:19:10] ──────────────────── Epoch 100/200 ────────────────────
[12:20:05] [ep100|s4700]  loss=-50.000  cd=-100.050  reg=50.050  │  e+=-50.03(±0.005)  e-=+50.02(±0.009)  │  x_neg [0.00/0.50/1.00]
[12:20:06] ══════════ VAL ep100 ══════════  ρ=+0.0821 (p=0.2774) [FAIL ✗]  AUROC(E)=0.5097  ECE=0.8023  N=177  avg_loss=-50.0000
[12:20:06]   best so far: ρ=0.1383 @ ep90
[12:20:07]   ckpt saved → ckpt_epoch0100.pt
[12:20:07] ──────────────────── Epoch 101/200 ────────────────────
[12:21:02] ──────────────────── Epoch 102/200 ────────────────────
[12:21:06] [ep102|s4750]  loss=-50.000  cd=-100.009  reg=50.009  │  e+=-50.04(±0.006)  e-=+49.97(±0.008)  │  x_neg [0.00/0.50/1.00]
[12:21:57] ──────────────────── Epoch 103/200 ────────────────────
[12:22:05] [ep103|s4800]  loss=-50.000  cd=-100.100  reg=50.100  │  e+=-50.04(±0.008)  e-=+50.06(±0.008)  │  x_neg [0.00/0.50/1.00]
[12:22:52] ──────────────────── Epoch 104/200 ────────────────────
[12:23:03] [ep104|s4850]  loss=-50.000  cd=-100.092  reg=50.092  │  e+=-50.08(±0.009)  e-=+50.02(±0.009)  │  x_neg [0.00/0.50/1.00]
[12:23:47] ──────────────────── Epoch 105/200 ────────────────────
[12:24:01] [ep105|s4900]  loss=-50.000  cd=-100.037  reg=50.037  │  e+=-50.03(±0.009)  e-=+50.01(±0.007)  │  x_neg [0.00/0.50/1.00]
[12:24:42] ──────────────────── Epoch 106/200 ────────────────────
[12:25:00] [ep106|s4950]  loss=-50.000  cd=-100.078  reg=50.078  │  e+=-50.04(±0.005)  e-=+50.03(±0.009)  │  x_neg [0.00/0.50/1.00]
[12:25:37] ──────────────────── Epoch 107/200 ────────────────────
[12:25:58] [ep107|s5000]  loss=-50.000  cd=-99.978  reg=49.978  │  e+=-50.01(±0.006)  e-=+49.97(±0.007)  │  x_neg [0.00/0.50/1.00]
[12:26:32] ──────────────────── Epoch 108/200 ────────────────────
[12:26:57] [ep108|s5050]  loss=-50.000  cd=-100.019  reg=50.019  │  e+=-50.00(±0.005)  e-=+50.02(±0.008)  │  x_neg [0.00/0.50/1.00]
[12:27:27] ──────────────────── Epoch 109/200 ────────────────────
[12:27:55] [ep109|s5100]  loss=-50.000  cd=-100.109  reg=50.109  │  e+=-50.05(±0.008)  e-=+50.06(±0.007)  │  x_neg [0.00/0.50/1.00]
[12:28:22] ──────────────────── Epoch 110/200 ────────────────────
[12:28:54] [ep110|s5150]  loss=-50.000  cd=-99.986  reg=49.986  │  e+=-50.01(±0.005)  e-=+49.98(±0.009)  │  x_neg [0.00/0.50/1.00]
[12:29:17] ══════════ VAL ep110 ══════════  ρ=+0.0507 (p=0.5024) [FAIL ✗]  AUROC(E)=0.4790  ECE=0.8023  N=177  avg_loss=-50.0000
[12:29:17]   best so far: ρ=0.1383 @ ep90
[12:29:19]   ckpt saved → ckpt_epoch0110.pt
[12:29:19] ──────────────────── Epoch 111/200 ────────────────────
[12:29:54] [ep111|s5200]  loss=-50.000  cd=-100.042  reg=50.042  │  e+=-50.04(±0.005)  e-=+50.00(±0.008)  │  x_neg [0.00/0.50/1.00]
[12:30:14] ──────────────────── Epoch 112/200 ────────────────────
[12:30:52] [ep112|s5250]  loss=-50.000  cd=-100.001  reg=50.001  │  e+=-49.99(±0.007)  e-=+50.01(±0.007)  │  x_neg [0.00/0.50/1.00]
[12:31:09] ──────────────────── Epoch 113/200 ────────────────────
[12:31:51] [ep113|s5300]  loss=-50.000  cd=-99.987  reg=49.987  │  e+=-50.01(±0.006)  e-=+49.98(±0.007)  │  x_neg [0.00/0.50/1.00]
[12:32:04] ──────────────────── Epoch 114/200 ────────────────────
[12:32:49] [ep114|s5350]  loss=-50.000  cd=-100.088  reg=50.088  │  e+=-50.05(±0.006)  e-=+50.04(±0.007)  │  x_neg [0.00/0.50/1.00]
[12:32:59] ──────────────────── Epoch 115/200 ────────────────────
[12:33:48] [ep115|s5400]  loss=-50.000  cd=-99.917  reg=49.917  │  e+=-49.95(±0.004)  e-=+49.96(±0.007)  │  x_neg [0.00/0.50/1.00]
[12:33:54] ──────────────────── Epoch 116/200 ────────────────────
[12:34:46] [ep116|s5450]  loss=-50.000  cd=-100.019  reg=50.019  │  e+=-50.02(±0.008)  e-=+50.00(±0.007)  │  x_neg [0.00/0.50/1.00]
[12:34:49] ──────────────────── Epoch 117/200 ────────────────────
[12:35:44] ──────────────────── Epoch 118/200 ────────────────────
[12:35:45] [ep118|s5500]  loss=-50.000  cd=-100.111  reg=50.111  │  e+=-50.06(±0.008)  e-=+50.05(±0.007)  │  x_neg [0.00/0.50/1.00]
[12:36:38] ──────────────────── Epoch 119/200 ────────────────────
[12:36:43] [ep119|s5550]  loss=-50.000  cd=-99.987  reg=49.987  │  e+=-49.99(±0.006)  e-=+49.99(±0.007)  │  x_neg [0.00/0.50/1.00]
[12:37:33] ──────────────────── Epoch 120/200 ────────────────────
[12:37:42] [ep120|s5600]  loss=-50.000  cd=-100.093  reg=50.094  │  e+=-50.04(±0.007)  e-=+50.05(±0.006)  │  x_neg [0.00/0.50/1.00]
[12:38:29] ══════════ VAL ep120 ══════════  ρ=+0.0718 (p=0.3420) [FAIL ✗]  AUROC(E)=0.4799  ECE=0.8023  N=177  avg_loss=-50.0000
[12:38:29]   best so far: ρ=0.1383 @ ep90
[12:38:30]   ckpt saved → ckpt_epoch0120.pt
[12:38:30] ──────────────────── Epoch 121/200 ────────────────────
[12:38:42] [ep121|s5650]  loss=-50.000  cd=-100.010  reg=50.010  │  e+=-50.02(±0.005)  e-=+49.99(±0.008)  │  x_neg [0.00/0.50/1.00]
[12:39:25] ──────────────────── Epoch 122/200 ────────────────────
[12:39:41] [ep122|s5700]  loss=-50.000  cd=-100.038  reg=50.038  │  e+=-50.03(±0.004)  e-=+50.01(±0.008)  │  x_neg [0.00/0.50/1.00]
[12:40:20] ──────────────────── Epoch 123/200 ────────────────────
[12:40:39] [ep123|s5750]  loss=-50.000  cd=-100.015  reg=50.015  │  e+=-50.01(±0.005)  e-=+50.01(±0.007)  │  x_neg [0.00/0.50/1.00]
[12:41:15] ──────────────────── Epoch 124/200 ────────────────────
[12:41:37] [ep124|s5800]  loss=-50.000  cd=-100.014  reg=50.014  │  e+=-50.02(±0.005)  e-=+49.99(±0.007)  │  x_neg [0.00/0.50/1.00]
[12:42:10] ──────────────────── Epoch 125/200 ────────────────────
[12:42:36] [ep125|s5850]  loss=-50.000  cd=-99.934  reg=49.934  │  e+=-49.95(±0.005)  e-=+49.98(±0.006)  │  x_neg [0.00/0.50/1.00]
[12:43:05] ──────────────────── Epoch 126/200 ────────────────────
[12:43:34] [ep126|s5900]  loss=-50.000  cd=-100.036  reg=50.036  │  e+=-50.01(±0.005)  e-=+50.02(±0.008)  │  x_neg [0.00/0.50/1.00]
[12:44:00] ──────────────────── Epoch 127/200 ────────────────────
[12:44:33] [ep127|s5950]  loss=-50.000  cd=-100.046  reg=50.046  │  e+=-50.01(±0.005)  e-=+50.04(±0.004)  │  x_neg [0.00/0.50/1.00]
[12:44:55] ──────────────────── Epoch 128/200 ────────────────────
[12:45:31] [ep128|s6000]  loss=-50.000  cd=-100.032  reg=50.032  │  e+=-50.01(±0.005)  e-=+50.03(±0.007)  │  x_neg [0.00/0.50/1.00]
[12:45:50] ──────────────────── Epoch 129/200 ────────────────────
[12:46:30] [ep129|s6050]  loss=-50.000  cd=-99.985  reg=49.985  │  e+=-50.01(±0.004)  e-=+49.98(±0.006)  │  x_neg [0.00/0.50/1.00]
[12:46:45] ──────────────────── Epoch 130/200 ────────────────────
[12:47:28] [ep130|s6100]  loss=-50.000  cd=-100.032  reg=50.032  │  e+=-50.02(±0.006)  e-=+50.01(±0.008)  │  x_neg [0.00/0.50/1.00]
[12:47:41] ══════════ VAL ep130 ══════════  ρ=+0.0459 (p=0.5440) [FAIL ✗]  AUROC(E)=0.4818  ECE=0.8023  N=177  avg_loss=-50.0000
[12:47:41]   best so far: ρ=0.1383 @ ep90
[12:47:43]   ckpt saved → ckpt_epoch0130.pt
[12:47:43] ──────────────────── Epoch 131/200 ────────────────────
[12:48:29] [ep131|s6150]  loss=-50.000  cd=-100.010  reg=50.010  │  e+=-50.02(±0.005)  e-=+49.99(±0.008)  │  x_neg [0.00/0.50/1.00]
[12:48:37] ──────────────────── Epoch 132/200 ────────────────────
[12:49:28] [ep132|s6200]  loss=-50.000  cd=-100.018  reg=50.018  │  e+=-50.00(±0.004)  e-=+50.02(±0.006)  │  x_neg [0.00/0.50/1.00]
[12:49:32] ──────────────────── Epoch 133/200 ────────────────────
[12:50:26] [ep133|s6250]  loss=-50.000  cd=-100.017  reg=50.017  │  e+=-49.99(±0.003)  e-=+50.03(±0.007)  │  x_neg [0.00/0.50/1.00]
[12:50:27] ──────────────────── Epoch 134/200 ────────────────────
[12:51:22] ──────────────────── Epoch 135/200 ────────────────────
[12:51:25] [ep135|s6300]  loss=-50.000  cd=-99.957  reg=49.957  │  e+=-49.98(±0.004)  e-=+49.98(±0.006)  │  x_neg [0.00/0.50/1.00]
[12:52:17] ──────────────────── Epoch 136/200 ────────────────────
[12:52:24] [ep136|s6350]  loss=-50.000  cd=-100.005  reg=50.005  │  e+=-50.00(±0.006)  e-=+50.00(±0.005)  │  x_neg [0.00/0.50/1.00]
[12:53:12] ──────────────────── Epoch 137/200 ────────────────────
[12:53:22] [ep137|s6400]  loss=-50.000  cd=-99.972  reg=49.972  │  e+=-49.99(±0.004)  e-=+49.99(±0.005)  │  x_neg [0.00/0.50/1.00]
[12:54:07] ──────────────────── Epoch 138/200 ────────────────────
[12:54:20] [ep138|s6450]  loss=-50.000  cd=-99.979  reg=49.979  │  e+=-49.98(±0.005)  e-=+50.00(±0.006)  │  x_neg [0.00/0.50/1.00]
[12:55:02] ──────────────────── Epoch 139/200 ────────────────────
[12:55:19] [ep139|s6500]  loss=-50.000  cd=-100.011  reg=50.011  │  e+=-50.00(±0.004)  e-=+50.01(±0.007)  │  x_neg [0.00/0.50/1.00]
[12:55:57] ──────────────────── Epoch 140/200 ────────────────────
[12:56:17] [ep140|s6550]  loss=-50.000  cd=-99.975  reg=49.975  │  e+=-50.00(±0.005)  e-=+49.97(±0.008)  │  x_neg [0.00/0.50/1.00]
[12:56:53] ══════════ VAL ep140 ══════════  ρ=+0.0525 (p=0.4877) [FAIL ✗]  AUROC(E)=0.4601  ECE=0.8023  N=177  avg_loss=-50.0000
[12:56:53]   best so far: ρ=0.1383 @ ep90
[12:56:54]   ckpt saved → ckpt_epoch0140.pt
[12:56:54] ──────────────────── Epoch 141/200 ────────────────────
[12:57:18] [ep141|s6600]  loss=-50.000  cd=-100.000  reg=50.000  │  e+=-50.00(±0.004)  e-=+50.00(±0.007)  │  x_neg [0.00/0.50/1.00]
[12:57:49] ──────────────────── Epoch 142/200 ────────────────────
[12:58:16] [ep142|s6650]  loss=-50.000  cd=-100.000  reg=50.000  │  e+=-50.00(±0.004)  e-=+50.00(±0.005)  │  x_neg [0.00/0.50/1.00]
[12:58:44] ──────────────────── Epoch 143/200 ────────────────────
[12:59:14] [ep143|s6700]  loss=-50.000  cd=-99.982  reg=49.982  │  e+=-50.01(±0.009)  e-=+49.97(±0.006)  │  x_neg [0.00/0.50/1.00]
[12:59:39] ──────────────────── Epoch 144/200 ────────────────────
[13:00:13] [ep144|s6750]  loss=-50.000  cd=-99.979  reg=49.979  │  e+=-49.99(±0.004)  e-=+49.99(±0.006)  │  x_neg [0.00/0.50/1.00]
[13:00:34] ──────────────────── Epoch 145/200 ────────────────────
[13:01:11] [ep145|s6800]  loss=-50.000  cd=-100.007  reg=50.007  │  e+=-50.00(±0.004)  e-=+50.01(±0.007)  │  x_neg [0.00/0.50/1.00]
[13:01:29] ──────────────────── Epoch 146/200 ────────────────────
[13:02:10] [ep146|s6850]  loss=-50.000  cd=-100.005  reg=50.005  │  e+=-50.00(±0.004)  e-=+50.01(±0.006)  │  x_neg [0.00/0.50/1.00]
[13:02:24] ──────────────────── Epoch 147/200 ────────────────────
[13:03:08] [ep147|s6900]  loss=-50.000  cd=-99.986  reg=49.986  │  e+=-50.00(±0.004)  e-=+49.99(±0.006)  │  x_neg [0.00/0.50/1.00]
[13:03:19] ──────────────────── Epoch 148/200 ────────────────────
[13:04:07] [ep148|s6950]  loss=-50.000  cd=-100.009  reg=50.009  │  e+=-50.00(±0.005)  e-=+50.01(±0.006)  │  x_neg [0.00/0.50/1.00]
[13:04:14] ──────────────────── Epoch 149/200 ────────────────────
[13:05:05] [ep149|s7000]  loss=-50.000  cd=-99.989  reg=49.989  │  e+=-50.00(±0.005)  e-=+49.99(±0.005)  │  x_neg [0.00/0.50/1.00]
[13:05:09] ──────────────────── Epoch 150/200 ────────────────────
[13:06:03] [ep150|s7050]  loss=-50.000  cd=-100.000  reg=50.000  │  e+=-50.01(±0.004)  e-=+49.99(±0.006)  │  x_neg [0.00/0.50/1.00]
[13:06:04] ══════════ VAL ep150 ══════════  ρ=+0.0712 (p=0.3460) [FAIL ✗]  AUROC(E)=0.4518  ECE=0.8023  N=177  avg_loss=-50.0000
[13:06:04]   best so far: ρ=0.1383 @ ep90
[13:06:06]   ckpt saved → ckpt_epoch0150.pt
[13:06:06] ──────────────────── Epoch 151/200 ────────────────────
[13:07:01] ──────────────────── Epoch 152/200 ────────────────────
[13:07:05] [ep152|s7100]  loss=-50.000  cd=-100.010  reg=50.010  │  e+=-50.01(±0.006)  e-=+50.00(±0.005)  │  x_neg [0.00/0.50/1.00]
[13:07:56] ──────────────────── Epoch 153/200 ────────────────────
[13:08:03] [ep153|s7150]  loss=-50.000  cd=-100.012  reg=50.012  │  e+=-50.01(±0.003)  e-=+50.00(±0.006)  │  x_neg [0.00/0.50/1.00]
[13:08:51] ──────────────────── Epoch 154/200 ────────────────────
[13:09:02] [ep154|s7200]  loss=-50.000  cd=-99.984  reg=49.984  │  e+=-49.99(±0.004)  e-=+49.99(±0.006)  │  x_neg [0.00/0.50/1.00]
[13:09:46] ──────────────────── Epoch 155/200 ────────────────────
[13:10:00] [ep155|s7250]  loss=-50.000  cd=-100.026  reg=50.026  │  e+=-50.01(±0.006)  e-=+50.02(±0.006)  │  x_neg [0.00/0.50/1.00]
[13:10:41] ──────────────────── Epoch 156/200 ────────────────────
[13:10:59] [ep156|s7300]  loss=-50.000  cd=-99.990  reg=49.990  │  e+=-50.00(±0.003)  e-=+49.99(±0.006)  │  x_neg [0.00/0.50/1.00]
[13:11:36] ──────────────────── Epoch 157/200 ────────────────────
[13:11:57] [ep157|s7350]  loss=-50.000  cd=-99.986  reg=49.986  │  e+=-49.99(±0.004)  e-=+49.99(±0.005)  │  x_neg [0.00/0.50/1.00]
[13:12:31] ──────────────────── Epoch 158/200 ────────────────────
[13:12:56] [ep158|s7400]  loss=-50.000  cd=-99.991  reg=49.991  │  e+=-50.00(±0.005)  e-=+50.00(±0.007)  │  x_neg [0.00/0.50/1.00]
[13:13:26] ──────────────────── Epoch 159/200 ────────────────────
[13:13:54] [ep159|s7450]  loss=-50.000  cd=-99.984  reg=49.984  │  e+=-49.99(±0.004)  e-=+49.99(±0.006)  │  x_neg [0.00/0.50/1.00]
[13:14:21] ──────────────────── Epoch 160/200 ────────────────────
[13:14:53] [ep160|s7500]  loss=-50.000  cd=-99.982  reg=49.982  │  e+=-49.99(±0.005)  e-=+50.00(±0.006)  │  x_neg [0.00/0.50/1.00]
[13:15:16] ══════════ VAL ep160 ══════════  ρ=+0.0472 (p=0.5330) [FAIL ✗]  AUROC(E)=0.4546  ECE=0.8023  N=177  avg_loss=-50.0000
[13:15:16]   best so far: ρ=0.1383 @ ep90
[13:15:18]   ckpt saved → ckpt_epoch0160.pt
[13:15:18] ──────────────────── Epoch 161/200 ────────────────────
[13:15:53] [ep161|s7550]  loss=-50.000  cd=-99.995  reg=49.995  │  e+=-50.00(±0.004)  e-=+49.99(±0.006)  │  x_neg [0.00/0.50/1.00]
[13:16:13] ──────────────────── Epoch 162/200 ────────────────────
[13:16:51] [ep162|s7600]  loss=-50.000  cd=-100.005  reg=50.005  │  e+=-50.00(±0.003)  e-=+50.01(±0.006)  │  x_neg [0.00/0.50/1.00]
[13:17:08] ──────────────────── Epoch 163/200 ────────────────────
[13:17:50] [ep163|s7650]  loss=-50.000  cd=-99.999  reg=49.999  │  e+=-50.00(±0.003)  e-=+50.00(±0.005)  │  x_neg [0.00/0.50/1.00]
[13:18:02] ──────────────────── Epoch 164/200 ────────────────────
[13:18:48] [ep164|s7700]  loss=-50.000  cd=-99.991  reg=49.991  │  e+=-49.99(±0.002)  e-=+50.00(±0.005)  │  x_neg [0.00/0.50/1.00]
[13:18:57] ──────────────────── Epoch 165/200 ────────────────────
[13:19:46] [ep165|s7750]  loss=-50.000  cd=-99.993  reg=49.993  │  e+=-50.00(±0.004)  e-=+49.99(±0.005)  │  x_neg [0.00/0.50/1.00]
[13:19:52] ──────────────────── Epoch 166/200 ────────────────────
[13:20:45] [ep166|s7800]  loss=-50.000  cd=-99.988  reg=49.988  │  e+=-50.00(±0.003)  e-=+49.99(±0.006)  │  x_neg [0.00/0.50/1.00]
[13:20:47] ──────────────────── Epoch 167/200 ────────────────────
[13:21:42] ──────────────────── Epoch 168/200 ────────────────────
[13:21:44] [ep168|s7850]  loss=-50.000  cd=-99.995  reg=49.995  │  e+=-49.99(±0.004)  e-=+50.00(±0.006)  │  x_neg [0.00/0.50/1.00]
[13:22:37] ──────────────────── Epoch 169/200 ────────────────────
[13:22:42] [ep169|s7900]  loss=-50.000  cd=-100.000  reg=50.000  │  e+=-50.00(±0.003)  e-=+50.00(±0.007)  │  x_neg [0.00/0.50/1.00]
[13:23:32] ──────────────────── Epoch 170/200 ────────────────────
[13:23:41] [ep170|s7950]  loss=-50.000  cd=-100.001  reg=50.001  │  e+=-50.00(±0.004)  e-=+50.00(±0.005)  │  x_neg [0.00/0.50/1.00]
[13:24:28] ══════════ VAL ep170 ══════════  ρ=+0.0492 (p=0.5154) [FAIL ✗]  AUROC(E)=0.4671  ECE=0.8023  N=177  avg_loss=-50.0000
[13:24:28]   best so far: ρ=0.1383 @ ep90
[13:24:30]   ckpt saved → ckpt_epoch0170.pt
[13:24:30] ──────────────────── Epoch 171/200 ────────────────────
[13:24:42] [ep171|s8000]  loss=-50.000  cd=-99.996  reg=49.996  │  e+=-50.00(±0.004)  e-=+49.99(±0.005)  │  x_neg [0.00/0.50/1.00]
[13:25:24] ──────────────────── Epoch 172/200 ────────────────────
[13:25:40] [ep172|s8050]  loss=-50.000  cd=-100.000  reg=50.000  │  e+=-50.00(±0.005)  e-=+50.00(±0.007)  │  x_neg [0.00/0.50/1.00]
[13:26:19] ──────────────────── Epoch 173/200 ────────────────────
[13:26:38] [ep173|s8100]  loss=-50.000  cd=-99.999  reg=49.999  │  e+=-50.00(±0.004)  e-=+50.00(±0.006)  │  x_neg [0.00/0.50/1.00]
[13:27:14] ──────────────────── Epoch 174/200 ────────────────────
[13:27:37] [ep174|s8150]  loss=-50.000  cd=-99.999  reg=49.999  │  e+=-50.00(±0.003)  e-=+50.00(±0.007)  │  x_neg [0.00/0.50/1.00]
[13:28:09] ──────────────────── Epoch 175/200 ────────────────────
[13:28:35] [ep175|s8200]  loss=-50.000  cd=-99.999  reg=49.999  │  e+=-50.00(±0.005)  e-=+50.00(±0.006)  │  x_neg [0.00/0.50/1.00]
[13:29:04] ──────────────────── Epoch 176/200 ────────────────────
[13:29:34] [ep176|s8250]  loss=-50.000  cd=-100.004  reg=50.004  │  e+=-50.00(±0.003)  e-=+50.00(±0.005)  │  x_neg [0.00/0.50/1.00]
[13:29:59] ──────────────────── Epoch 177/200 ────────────────────
[13:30:32] [ep177|s8300]  loss=-50.000  cd=-100.003  reg=50.003  │  e+=-50.00(±0.003)  e-=+50.00(±0.006)  │  x_neg [0.00/0.50/1.00]
[13:30:54] ──────────────────── Epoch 178/200 ────────────────────
[13:31:30] [ep178|s8350]  loss=-50.000  cd=-99.998  reg=49.998  │  e+=-50.00(±0.003)  e-=+50.00(±0.005)  │  x_neg [0.00/0.50/1.00]
[13:31:49] ──────────────────── Epoch 179/200 ────────────────────
[13:32:29] [ep179|s8400]  loss=-50.000  cd=-99.998  reg=49.998  │  e+=-50.00(±0.004)  e-=+50.00(±0.005)  │  x_neg [0.00/0.50/1.00]
[13:32:44] ──────────────────── Epoch 180/200 ────────────────────
[13:33:27] [ep180|s8450]  loss=-50.000  cd=-100.003  reg=50.003  │  e+=-50.00(±0.005)  e-=+50.00(±0.006)  │  x_neg [0.00/0.50/1.00]
[13:33:40] ══════════ VAL ep180 ══════════  ρ=+0.0420 (p=0.5786) [FAIL ✗]  AUROC(E)=0.4503  ECE=0.8023  N=177  avg_loss=-50.0000
[13:33:40]   best so far: ρ=0.1383 @ ep90
[13:33:41]   ckpt saved → ckpt_epoch0180.pt
[13:33:41] ──────────────────── Epoch 181/200 ────────────────────
[13:34:28] [ep181|s8500]  loss=-50.000  cd=-100.001  reg=50.001  │  e+=-50.00(±0.004)  e-=+50.00(±0.007)  │  x_neg [0.00/0.50/1.00]
[13:34:36] ──────────────────── Epoch 182/200 ────────────────────
[13:35:26] [ep182|s8550]  loss=-50.000  cd=-100.002  reg=50.002  │  e+=-50.00(±0.004)  e-=+50.00(±0.006)  │  x_neg [0.00/0.50/1.00]
[13:35:31] ──────────────────── Epoch 183/200 ────────────────────
[13:36:25] [ep183|s8600]  loss=-50.000  cd=-100.003  reg=50.003  │  e+=-50.00(±0.003)  e-=+50.00(±0.006)  │  x_neg [0.00/0.50/1.00]
[13:36:26] ──────────────────── Epoch 184/200 ────────────────────
[13:37:21] ──────────────────── Epoch 185/200 ────────────────────
[13:37:24] [ep185|s8650]  loss=-50.000  cd=-99.996  reg=49.996  │  e+=-50.00(±0.003)  e-=+50.00(±0.006)  │  x_neg [0.00/0.50/1.00]
[13:38:16] ──────────────────── Epoch 186/200 ────────────────────
[13:38:22] [ep186|s8700]  loss=-50.000  cd=-100.000  reg=50.000  │  e+=-50.00(±0.004)  e-=+50.00(±0.005)  │  x_neg [0.00/0.50/1.00]
[13:39:11] ──────────────────── Epoch 187/200 ────────────────────
[13:39:20] [ep187|s8750]  loss=-50.000  cd=-100.004  reg=50.004  │  e+=-50.00(±0.005)  e-=+50.01(±0.005)  │  x_neg [0.00/0.50/1.00]
[13:40:06] ──────────────────── Epoch 188/200 ────────────────────
[13:40:19] [ep188|s8800]  loss=-50.000  cd=-99.999  reg=49.999  │  e+=-50.00(±0.004)  e-=+50.00(±0.006)  │  x_neg [0.00/0.50/1.00]
[13:41:01] ──────────────────── Epoch 189/200 ────────────────────
[13:41:17] [ep189|s8850]  loss=-50.000  cd=-100.005  reg=50.005  │  e+=-50.00(±0.003)  e-=+50.00(±0.007)  │  x_neg [0.00/0.50/1.00]
[13:41:56] ──────────────────── Epoch 190/200 ────────────────────
[13:42:16] [ep190|s8900]  loss=-50.000  cd=-100.000  reg=50.000  │  e+=-50.00(±0.003)  e-=+50.00(±0.005)  │  x_neg [0.00/0.50/1.00]
[13:42:51] ══════════ VAL ep190 ══════════  ρ=+0.0425 (p=0.5747) [FAIL ✗]  AUROC(E)=0.4607  ECE=0.8023  N=177  avg_loss=-50.0000
[13:42:51]   best so far: ρ=0.1383 @ ep90
[13:42:53]   ckpt saved → ckpt_epoch0190.pt
[13:42:53] ──────────────────── Epoch 191/200 ────────────────────
[13:43:16] [ep191|s8950]  loss=-50.000  cd=-100.005  reg=50.005  │  e+=-50.00(±0.003)  e-=+50.00(±0.006)  │  x_neg [0.00/0.50/1.00]
[13:43:48] ──────────────────── Epoch 192/200 ────────────────────
[13:44:15] [ep192|s9000]  loss=-50.000  cd=-99.995  reg=49.995  │  e+=-50.00(±0.002)  e-=+50.00(±0.008)  │  x_neg [0.00/0.50/1.00]
[13:44:43] ──────────────────── Epoch 193/200 ────────────────────
[13:45:13] [ep193|s9050]  loss=-50.000  cd=-100.001  reg=50.001  │  e+=-50.00(±0.003)  e-=+50.00(±0.005)  │  x_neg [0.00/0.50/1.00]
[13:45:38] ──────────────────── Epoch 194/200 ────────────────────
[13:46:12] [ep194|s9100]  loss=-50.000  cd=-100.001  reg=50.001  │  e+=-50.00(±0.005)  e-=+50.00(±0.006)  │  x_neg [0.00/0.50/1.00]
[13:46:33] ──────────────────── Epoch 195/200 ────────────────────
[13:47:10] [ep195|s9150]  loss=-50.000  cd=-100.001  reg=50.001  │  e+=-50.00(±0.005)  e-=+50.00(±0.007)  │  x_neg [0.00/0.50/1.00]
[13:47:28] ──────────────────── Epoch 196/200 ────────────────────
[13:48:08] [ep196|s9200]  loss=-50.000  cd=-99.999  reg=49.999  │  e+=-50.00(±0.008)  e-=+50.00(±0.006)  │  x_neg [0.00/0.50/1.00]
[13:48:22] ──────────────────── Epoch 197/200 ────────────────────
[13:49:07] [ep197|s9250]  loss=-50.000  cd=-100.000  reg=50.000  │  e+=-50.00(±0.004)  e-=+50.00(±0.005)  │  x_neg [0.00/0.50/1.00]
[13:49:18] ──────────────────── Epoch 198/200 ────────────────────
[13:50:05] [ep198|s9300]  loss=-50.000  cd=-99.999  reg=49.999  │  e+=-50.00(±0.004)  e-=+50.00(±0.004)  │  x_neg [0.00/0.50/1.00]
[13:50:13] ──────────────────── Epoch 199/200 ────────────────────
[13:51:04] [ep199|s9350]  loss=-50.000  cd=-99.999  reg=49.999  │  e+=-50.00(±0.003)  e-=+50.00(±0.006)  │  x_neg [0.00/0.50/1.00]
[13:51:08] ──────────────────── Epoch 200/200 ────────────────────
[13:52:02] [ep200|s9400]  loss=-50.000  cd=-100.001  reg=50.001  │  e+=-50.00(±0.004)  e-=+50.00(±0.005)  │  x_neg [0.00/0.50/1.00]
[13:52:03] ══════════ VAL ep200 ══════════  ρ=+0.0377 (p=0.6179) [FAIL ✗]  AUROC(E)=0.4630  ECE=0.8023  N=177  avg_loss=-50.0000
[13:52:03]   best so far: ρ=0.1383 @ ep90
[13:52:05]   ckpt saved → ckpt_epoch0200.pt
