
*****************************************
Setting OMP_NUM_THREADS environment variable for each process to be 1 in default, to avoid your system being overloaded, please further tune the variable for optimal performance in your application as needed. 
*****************************************
[INFO] device=cuda:0, world_size=2
[rank0|step 50] reward_loss=-5.0000 e_pos=-5.0008 e_neg=4.9992 fm_loss=0.1089
[rank0|step 100] reward_loss=-5.0000 e_pos=-4.9997 e_neg=5.0001 fm_loss=0.0652
[rank0|step 150] reward_loss=-5.0000 e_pos=-5.0002 e_neg=4.9994 fm_loss=0.0735
[rank0|step 200] reward_loss=-5.0000 e_pos=-5.0003 e_neg=4.9999 fm_loss=0.0834
[epoch 10] checkpoint saved
[epoch 10] val: N=177 | Spearman ρ=-0.0031 (p=0.9675, FAIL) | AUROC=0.5295 | ECE=0.7955
[rank0|step 250] reward_loss=-5.0000 e_pos=-4.9991 e_neg=4.9974 fm_loss=0.0682
[rank0|step 300] reward_loss=-4.9999 e_pos=-5.0015 e_neg=4.9956 fm_loss=0.0642
[rank0|step 350] reward_loss=-5.0000 e_pos=-4.9997 e_neg=5.0019 fm_loss=0.0799
[rank0|step 400] reward_loss=-5.0000 e_pos=-4.9966 e_neg=4.9990 fm_loss=0.0740
[rank0|step 450] reward_loss=-4.7639 e_pos=-4.7640 e_neg=4.8721 fm_loss=0.0750
[epoch 20] checkpoint saved
[epoch 20] val: N=177 | Spearman ρ=0.0766 (p=0.3108, FAIL) | AUROC=0.5848 | ECE=0.7931
[rank0|step 500] reward_loss=-5.0000 e_pos=-5.0000 e_neg=5.0003 fm_loss=0.0724
[rank0|step 550] reward_loss=-5.0000 e_pos=-5.0014 e_neg=4.9999 fm_loss=0.0697
[rank0|step 600] reward_loss=-4.9999 e_pos=-5.0055 e_neg=4.9993 fm_loss=0.0554
[rank0|step 650] reward_loss=-5.0000 e_pos=-4.9971 e_neg=5.0003 fm_loss=0.0557
[epoch 30] checkpoint saved
[epoch 30] val: N=177 | Spearman ρ=-0.0620 (p=0.4124, FAIL) | AUROC=0.4820 | ECE=0.7956
[rank0|step 700] reward_loss=-5.0000 e_pos=-4.9992 e_neg=4.9995 fm_loss=0.0547
[rank0|step 750] reward_loss=-5.0000 e_pos=-5.0012 e_neg=4.9995 fm_loss=0.0591
[rank0|step 800] reward_loss=-5.0000 e_pos=-4.9994 e_neg=5.0002 fm_loss=0.0719
[rank0|step 850] reward_loss=-5.0000 e_pos=-5.0009 e_neg=5.0004 fm_loss=0.0728
[rank0|step 900] reward_loss=-5.0000 e_pos=-4.9973 e_neg=5.0019 fm_loss=0.0687
[epoch 40] checkpoint saved
[epoch 40] val: N=177 | Spearman ρ=0.0081 (p=0.9146, FAIL) | AUROC=0.4925 | ECE=0.7955
[rank0|step 950] reward_loss=-4.9997 e_pos=-5.0091 e_neg=4.9946 fm_loss=0.0557
[rank0|step 1000] reward_loss=-5.0000 e_pos=-4.9971 e_neg=5.0022 fm_loss=0.0646
[rank0|step 1050] reward_loss=-4.9999 e_pos=-4.9999 e_neg=5.0044 fm_loss=0.0504
[rank0|step 1100] reward_loss=-4.9998 e_pos=-5.0038 e_neg=4.9944 fm_loss=0.0522
[rank0|step 1150] reward_loss=-5.0000 e_pos=-4.9969 e_neg=5.0009 fm_loss=0.0471
[epoch 50] checkpoint saved
[epoch 50] val: N=177 | Spearman ρ=0.0759 (p=0.3151, FAIL) | AUROC=0.5078 | ECE=0.7957
[rank0|step 1200] reward_loss=-4.9895 e_pos=-4.9805 e_neg=4.9917 fm_loss=0.0632
[rank0|step 1250] reward_loss=-5.0000 e_pos=-4.9961 e_neg=5.0008 fm_loss=0.0591
[rank0|step 1300] reward_loss=-5.0000 e_pos=-4.9981 e_neg=5.0009 fm_loss=0.0557
[rank0|step 1350] reward_loss=-5.0000 e_pos=-4.9993 e_neg=4.9986 fm_loss=0.0632
[epoch 60] checkpoint saved
[epoch 60] val: N=177 | Spearman ρ=0.0279 (p=0.7122, FAIL) | AUROC=0.4718 | ECE=0.7954
[rank0|step 1400] reward_loss=-5.0000 e_pos=-4.9988 e_neg=5.0001 fm_loss=0.0594
[rank0|step 1450] reward_loss=-5.0000 e_pos=-5.0017 e_neg=5.0008 fm_loss=0.0669
[rank0|step 1500] reward_loss=-5.0000 e_pos=-5.0007 e_neg=5.0020 fm_loss=0.0763
[rank0|step 1550] reward_loss=-5.0000 e_pos=-4.9997 e_neg=5.0008 fm_loss=0.0666
[rank0|step 1600] reward_loss=-5.0000 e_pos=-5.0002 e_neg=4.9995 fm_loss=0.0586
[epoch 70] checkpoint saved
[epoch 70] val: N=177 | Spearman ρ=0.0188 (p=0.8035, FAIL) | AUROC=0.5354 | ECE=0.7955
[rank0|step 1650] reward_loss=-5.0000 e_pos=-5.0006 e_neg=4.9993 fm_loss=0.0586
[rank0|step 1700] reward_loss=-5.0000 e_pos=-4.9989 e_neg=4.9984 fm_loss=0.0597
[rank0|step 1750] reward_loss=-4.8267 e_pos=-4.5703 e_neg=5.3282 fm_loss=0.0592
[rank0|step 1800] reward_loss=-5.0000 e_pos=-4.9996 e_neg=5.0004 fm_loss=0.0474
[epoch 80] checkpoint saved
[epoch 80] val: N=177 | Spearman ρ=0.0623 (p=0.4104, FAIL) | AUROC=0.4754 | ECE=0.7956
[rank0|step 1850] reward_loss=-5.0000 e_pos=-5.0001 e_neg=4.9996 fm_loss=0.0675
[rank0|step 1900] reward_loss=-5.0000 e_pos=-5.0001 e_neg=4.9999 fm_loss=0.0512
[rank0|step 1950] reward_loss=-5.0000 e_pos=-5.0004 e_neg=4.9997 fm_loss=0.0654
[rank0|step 2000] reward_loss=-5.0000 e_pos=-4.9986 e_neg=5.0003 fm_loss=0.0566
[rank0|step 2050] reward_loss=-5.0000 e_pos=-5.0000 e_neg=5.0001 fm_loss=0.0683
[epoch 90] checkpoint saved
[epoch 90] val: N=177 | Spearman ρ=0.0902 (p=0.2326, FAIL) | AUROC=0.4696 | ECE=0.7956
[rank0|step 2100] reward_loss=-4.9999 e_pos=-5.0049 e_neg=4.9992 fm_loss=0.0504
[rank0|step 2150] reward_loss=-5.0000 e_pos=-4.9998 e_neg=5.0000 fm_loss=0.0639
[rank0|step 2200] reward_loss=-5.0000 e_pos=-5.0000 e_neg=5.0002 fm_loss=0.0883
[rank0|step 2250] reward_loss=-5.0000 e_pos=-5.0002 e_neg=5.0002 fm_loss=0.0617
[rank0|step 2300] reward_loss=-5.0000 e_pos=-5.0023 e_neg=4.9985 fm_loss=0.0512
[epoch 100] checkpoint saved
[epoch 100] val: N=177 | Spearman ρ=0.0422 (p=0.5772, FAIL) | AUROC=0.4139 | ECE=0.7956
[rank0|step 2350] reward_loss=-4.9999 e_pos=-4.9972 e_neg=5.0011 fm_loss=0.0585
[rank0|step 2400] reward_loss=-5.0000 e_pos=-4.9998 e_neg=4.9990 fm_loss=0.0537
[rank0|step 2450] reward_loss=-5.0000 e_pos=-5.0001 e_neg=4.9997 fm_loss=0.0571
[rank0|step 2500] reward_loss=-5.0000 e_pos=-5.0002 e_neg=4.9970 fm_loss=0.0675
[epoch 110] checkpoint saved
[epoch 110] val: N=177 | Spearman ρ=0.0113 (p=0.8813, FAIL) | AUROC=0.4123 | ECE=0.7954
[rank0|step 2550] reward_loss=-5.0000 e_pos=-4.9998 e_neg=5.0008 fm_loss=0.0593
[rank0|step 2600] reward_loss=-5.0000 e_pos=-5.0017 e_neg=4.9999 fm_loss=0.0597
[rank0|step 2650] reward_loss=-4.5886 e_pos=-4.9706 e_neg=4.8553 fm_loss=0.0662
[rank0|step 2700] reward_loss=-4.9982 e_pos=-4.9773 e_neg=5.0317 fm_loss=0.0650
[rank0|step 2750] reward_loss=-5.0000 e_pos=-5.0002 e_neg=4.9980 fm_loss=0.0621
[epoch 120] checkpoint saved
[epoch 120] val: N=177 | Spearman ρ=0.1014 (p=0.1793, FAIL) | AUROC=0.4697 | ECE=0.7956
[rank0|step 2800] reward_loss=-4.9999 e_pos=-4.9992 e_neg=4.9944 fm_loss=0.0509
[rank0|step 2850] reward_loss=-5.0000 e_pos=-5.0002 e_neg=5.0011 fm_loss=0.0590
[rank0|step 2900] reward_loss=-5.0000 e_pos=-4.9986 e_neg=5.0011 fm_loss=0.0547
[rank0|step 2950] reward_loss=-5.0000 e_pos=-4.9992 e_neg=4.9967 fm_loss=0.0812
[epoch 130] checkpoint saved
[epoch 130] val: N=177 | Spearman ρ=0.0023 (p=0.9758, FAIL) | AUROC=0.4344 | ECE=0.7956
[rank0|step 3000] reward_loss=-4.9999 e_pos=-4.9962 e_neg=4.9985 fm_loss=0.0559
[rank0|step 3050] reward_loss=-5.0000 e_pos=-5.0009 e_neg=5.0023 fm_loss=0.0515
[rank0|step 3100] reward_loss=-5.0000 e_pos=-5.0007 e_neg=5.0023 fm_loss=0.0623
[rank0|step 3150] reward_loss=-4.9998 e_pos=-4.9978 e_neg=4.9919 fm_loss=0.0572
[rank0|step 3200] reward_loss=-5.0000 e_pos=-4.9992 e_neg=4.9979 fm_loss=0.0446
[epoch 140] checkpoint saved
[epoch 140] val: N=177 | Spearman ρ=0.0162 (p=0.8301, FAIL) | AUROC=0.4395 | ECE=0.7958
[rank0|step 3250] reward_loss=-5.0000 e_pos=-5.0012 e_neg=5.0017 fm_loss=0.0632
[rank0|step 3300] reward_loss=-5.0000 e_pos=-5.0009 e_neg=5.0003 fm_loss=0.0511
[rank0|step 3350] reward_loss=-4.9781 e_pos=-4.9080 e_neg=4.8790 fm_loss=0.0778
[rank0|step 3400] reward_loss=-5.0000 e_pos=-4.9993 e_neg=5.0004 fm_loss=0.0446
[rank0|step 3450] reward_loss=-5.0000 e_pos=-5.0005 e_neg=5.0005 fm_loss=0.0559
[epoch 150] checkpoint saved
[epoch 150] val: N=177 | Spearman ρ=0.0323 (p=0.6698, FAIL) | AUROC=0.4633 | ECE=0.7956
[rank0|step 3500] reward_loss=-5.0000 e_pos=-5.0003 e_neg=4.9996 fm_loss=0.0535
[rank0|step 3550] reward_loss=-5.0000 e_pos=-5.0001 e_neg=4.9998 fm_loss=0.0627
[rank0|step 3600] reward_loss=-5.0000 e_pos=-4.9996 e_neg=4.9998 fm_loss=0.0673
[rank0|step 3650] reward_loss=-5.0000 e_pos=-5.0019 e_neg=4.9992 fm_loss=0.0598
[epoch 160] checkpoint saved
[epoch 160] val: N=177 | Spearman ρ=0.0424 (p=0.5753, FAIL) | AUROC=0.4801 | ECE=0.7956
[rank0|step 3700] reward_loss=-5.0000 e_pos=-5.0010 e_neg=4.9991 fm_loss=0.0486
[rank0|step 3750] reward_loss=-5.0000 e_pos=-5.0001 e_neg=4.9997 fm_loss=0.0528
[rank0|step 3800] reward_loss=-5.0000 e_pos=-4.9999 e_neg=5.0001 fm_loss=0.0646
[rank0|step 3850] reward_loss=-5.0000 e_pos=-5.0001 e_neg=5.0004 fm_loss=0.0427
[rank0|step 3900] reward_loss=-4.9906 e_pos=-5.0051 e_neg=4.9744 fm_loss=0.0574
[epoch 170] checkpoint saved
[epoch 170] val: N=177 | Spearman ρ=-0.0081 (p=0.9145, FAIL) | AUROC=0.5300 | ECE=0.7971
[rank0|step 3950] reward_loss=-5.0000 e_pos=-5.0041 e_neg=4.9994 fm_loss=0.0559
[rank0|step 4000] reward_loss=-5.0000 e_pos=-4.9988 e_neg=4.9999 fm_loss=0.0443
[rank0|step 4050] reward_loss=-5.0000 e_pos=-5.0002 e_neg=4.9997 fm_loss=0.0613
[rank0|step 4100] reward_loss=-5.0000 e_pos=-4.9999 e_neg=4.9998 fm_loss=0.0514
[epoch 180] checkpoint saved
[epoch 180] val: N=177 | Spearman ρ=0.1071 (p=0.1560, FAIL) | AUROC=0.5128 | ECE=0.7956
[rank0|step 4150] reward_loss=-5.0000 e_pos=-5.0000 e_neg=4.9997 fm_loss=0.0623
[rank0|step 4200] reward_loss=-5.0000 e_pos=-5.0023 e_neg=5.0013 fm_loss=0.0534
[rank0|step 4250] reward_loss=-5.0000 e_pos=-4.9989 e_neg=5.0004 fm_loss=0.0573
[rank0|step 4300] reward_loss=-5.0000 e_pos=-5.0012 e_neg=4.9983 fm_loss=0.0683
[rank0|step 4350] reward_loss=-5.0000 e_pos=-4.9992 e_neg=5.0003 fm_loss=0.0573
[epoch 190] checkpoint saved
[epoch 190] val: N=177 | Spearman ρ=-0.0053 (p=0.9441, FAIL) | AUROC=0.5200 | ECE=0.7956
[rank0|step 4400] reward_loss=-5.0000 e_pos=-5.0036 e_neg=4.9998 fm_loss=0.0637
[rank0|step 4450] reward_loss=-5.0000 e_pos=-4.9999 e_neg=5.0008 fm_loss=0.0753
[rank0|step 4500] reward_loss=-5.0000 e_pos=-5.0002 e_neg=5.0041 fm_loss=0.0540
[rank0|step 4550] reward_loss=-5.0000 e_pos=-5.0012 e_neg=4.9997 fm_loss=0.0543
[rank0|step 4600] reward_loss=-4.9966 e_pos=-5.0081 e_neg=5.0434 fm_loss=0.0691
[epoch 200] checkpoint saved
[epoch 200] val: N=177 | Spearman ρ=0.0778 (p=0.3034, FAIL) | AUROC=0.5812 | ECE=0.7955
