
*****************************************
Setting OMP_NUM_THREADS environment variable for each process to be 1 in default, to avoid your system being overloaded, please further tune the variable for optimal performance in your application as needed. 
*****************************************
[INFO] device=cuda:0, world_size=2
[rank0|step 50] loss=0.3843 mse=0.3708
[rank0|step 100] loss=0.2563 mse=0.2409
/home/introai26/miniconda3/envs/dxmi_medical/lib/python3.10/site-packages/torch/optim/lr_scheduler.py:243: UserWarning: The epoch parameter in `scheduler.step()` was not necessary and is being deprecated where possible. Please use `scheduler.step()` to step the scheduler. During the deprecation, if epoch is different from None, the closed form is used instead of the new chainable form, where available. Please open an issue if you are unable to replicate your use case: https://github.com/pytorch/pytorch/issues/new/choose.
  warnings.warn(EPOCH_DEPRECATION_WARNING, UserWarning)
/home/introai26/miniconda3/envs/dxmi_medical/lib/python3.10/site-packages/torch/optim/lr_scheduler.py:243: UserWarning: The epoch parameter in `scheduler.step()` was not necessary and is being deprecated where possible. Please use `scheduler.step()` to step the scheduler. During the deprecation, if epoch is different from None, the closed form is used instead of the new chainable form, where available. Please open an issue if you are unable to replicate your use case: https://github.com/pytorch/pytorch/issues/new/choose.
  warnings.warn(EPOCH_DEPRECATION_WARNING, UserWarning)
[rank0|step 150] loss=0.1787 mse=0.1481
[rank0|step 200] loss=0.1918 mse=0.1794
[epoch 10] avg_loss=0.2995
[epoch 10] val: N=177 | Spearman ρ=0.2767 (p=0.0002, PASS) | AUROC=0.2758 | ECE=0.1894
[rank0|step 250] loss=0.2627 mse=0.2505
[rank0|step 300] loss=0.1811 mse=0.1521
[rank0|step 350] loss=0.3383 mse=0.3166
[rank0|step 400] loss=0.3813 mse=0.3599
[rank0|step 450] loss=0.1707 mse=0.1450
[epoch 20] avg_loss=0.2785
[epoch 20] val: N=177 | Spearman ρ=0.2901 (p=0.0001, PASS) | AUROC=0.2826 | ECE=0.2009
[rank0|step 500] loss=0.2648 mse=0.2363
[rank0|step 550] loss=0.1439 mse=0.1181
[rank0|step 600] loss=0.1349 mse=0.1064
[rank0|step 650] loss=0.4737 mse=0.4359
[epoch 30] avg_loss=0.1941
[epoch 30] val: N=177 | Spearman ρ=0.2920 (p=0.0001, PASS) | AUROC=0.3363 | ECE=0.1972
[rank0|step 700] loss=0.1335 mse=0.1193
[rank0|step 750] loss=0.4769 mse=0.4204
[rank0|step 800] loss=0.2664 mse=0.2447
[rank0|step 850] loss=0.2890 mse=0.2654
[rank0|step 900] loss=0.0984 mse=0.0603
[epoch 40] avg_loss=0.1572
[epoch 40] val: N=177 | Spearman ρ=0.2389 (p=0.0014, PASS) | AUROC=0.3413 | ECE=0.1926
[rank0|step 950] loss=0.2047 mse=0.1595
[rank0|step 1000] loss=0.1221 mse=0.0996
[rank0|step 1050] loss=0.1993 mse=0.1759
[rank0|step 1100] loss=0.1571 mse=0.1175
[rank0|step 1150] loss=0.0879 mse=0.0492
[epoch 50] avg_loss=0.1487
[epoch 50] val: N=177 | Spearman ρ=0.2430 (p=0.0011, PASS) | AUROC=0.2818 | ECE=0.1913
[rank0|step 1200] loss=0.1225 mse=0.0833
[rank0|step 1250] loss=0.1529 mse=0.0972
[rank0|step 1300] loss=0.0970 mse=0.0750
[rank0|step 1350] loss=0.0723 mse=0.0473
[epoch 60] avg_loss=0.1101
[epoch 60] val: N=177 | Spearman ρ=0.2461 (p=0.0010, PASS) | AUROC=0.3159 | ECE=0.1984
[rank0|step 1400] loss=0.0626 mse=0.0407
[rank0|step 1450] loss=0.1032 mse=0.0641
[rank0|step 1500] loss=0.0691 mse=0.0459
[rank0|step 1550] loss=0.0719 mse=0.0461
[rank0|step 1600] loss=0.0948 mse=0.0619
[epoch 70] avg_loss=0.1005
[epoch 70] val: N=177 | Spearman ρ=0.2517 (p=0.0007, PASS) | AUROC=0.3317 | ECE=0.2124
[rank0|step 1650] loss=0.0972 mse=0.0491
[rank0|step 1700] loss=0.0647 mse=0.0332
[rank0|step 1750] loss=0.0682 mse=0.0409
[rank0|step 1800] loss=0.0621 mse=0.0435
[epoch 80] avg_loss=0.0770
[epoch 80] val: N=177 | Spearman ρ=0.3028 (p=0.0000, PASS) | AUROC=0.3281 | ECE=0.2095
[rank0|step 1850] loss=0.0975 mse=0.0666
[rank0|step 1900] loss=0.0743 mse=0.0503
[rank0|step 1950] loss=0.0726 mse=0.0437
[rank0|step 2000] loss=0.0985 mse=0.0583
[rank0|step 2050] loss=0.1074 mse=0.0483
[epoch 90] avg_loss=0.0741
[epoch 90] val: N=177 | Spearman ρ=0.2355 (p=0.0016, PASS) | AUROC=0.3458 | ECE=0.2050
[rank0|step 2100] loss=0.0616 mse=0.0336
[rank0|step 2150] loss=0.0609 mse=0.0188
[rank0|step 2200] loss=0.0429 mse=0.0201
[rank0|step 2250] loss=0.0404 mse=0.0124
[rank0|step 2300] loss=0.0355 mse=0.0176
[epoch 100] avg_loss=0.0639
[epoch 100] val: N=177 | Spearman ρ=0.2589 (p=0.0005, PASS) | AUROC=0.3313 | ECE=0.2017
[rank0|step 2350] loss=0.0865 mse=0.0310
[rank0|step 2400] loss=0.0424 mse=0.0126
[rank0|step 2450] loss=0.0488 mse=0.0130
[rank0|step 2500] loss=0.0381 mse=0.0124
[epoch 110] avg_loss=0.0659
[epoch 110] val: N=177 | Spearman ρ=0.2192 (p=0.0034, PASS) | AUROC=0.3224 | ECE=0.2183
[rank0|step 2550] loss=0.0687 mse=0.0246
[rank0|step 2600] loss=0.0485 mse=0.0109
[rank0|step 2650] loss=0.0482 mse=0.0115
[rank0|step 2700] loss=0.0385 mse=0.0104
[rank0|step 2750] loss=0.0352 mse=0.0059
[epoch 120] avg_loss=0.0518
[epoch 120] val: N=177 | Spearman ρ=0.2522 (p=0.0007, PASS) | AUROC=0.3396 | ECE=0.1962
[rank0|step 2800] loss=0.0524 mse=0.0143
[rank0|step 2850] loss=0.0404 mse=0.0068
[rank0|step 2900] loss=0.0263 mse=0.0058
[rank0|step 2950] loss=0.0313 mse=0.0064
[epoch 130] avg_loss=0.0501
[epoch 130] val: N=177 | Spearman ρ=0.2360 (p=0.0016, PASS) | AUROC=0.3366 | ECE=0.1973
[rank0|step 3000] loss=0.0437 mse=0.0106
[rank0|step 3050] loss=0.0314 mse=0.0070
[rank0|step 3100] loss=0.0353 mse=0.0061
[rank0|step 3150] loss=0.0531 mse=0.0078
[rank0|step 3200] loss=0.0458 mse=0.0141
[epoch 140] avg_loss=0.0550
[epoch 140] val: N=177 | Spearman ρ=0.2413 (p=0.0012, PASS) | AUROC=0.3304 | ECE=0.1987
[rank0|step 3250] loss=0.0785 mse=0.0134
[rank0|step 3300] loss=0.0654 mse=0.0134
[rank0|step 3350] loss=0.0407 mse=0.0054
[rank0|step 3400] loss=0.0269 mse=0.0042
[rank0|step 3450] loss=0.0462 mse=0.0047
[epoch 150] avg_loss=0.0477
[epoch 150] val: N=177 | Spearman ρ=0.2465 (p=0.0009, PASS) | AUROC=0.3298 | ECE=0.1984
[rank0|step 3500] loss=0.0493 mse=0.0076
[rank0|step 3550] loss=0.0369 mse=0.0074
[rank0|step 3600] loss=0.0810 mse=0.0082
[rank0|step 3650] loss=0.0297 mse=0.0040
[epoch 160] avg_loss=0.0475
[epoch 160] val: N=177 | Spearman ρ=0.2412 (p=0.0012, PASS) | AUROC=0.3267 | ECE=0.2013
[rank0|step 3700] loss=0.0590 mse=0.0067
[rank0|step 3750] loss=0.0408 mse=0.0078
[rank0|step 3800] loss=0.0759 mse=0.0097
[rank0|step 3850] loss=0.0552 mse=0.0079
[rank0|step 3900] loss=0.0551 mse=0.0077
[epoch 170] avg_loss=0.0510
[epoch 170] val: N=177 | Spearman ρ=0.2425 (p=0.0011, PASS) | AUROC=0.3248 | ECE=0.1994
[rank0|step 3950] loss=0.0685 mse=0.0066
[rank0|step 4000] loss=0.0291 mse=0.0050
[rank0|step 4050] loss=0.0684 mse=0.0125
[rank0|step 4100] loss=0.0216 mse=0.0035
[epoch 180] avg_loss=0.0460
[epoch 180] val: N=177 | Spearman ρ=0.2445 (p=0.0010, PASS) | AUROC=0.3258 | ECE=0.1987
[rank0|step 4150] loss=0.0357 mse=0.0063
[rank0|step 4200] loss=0.0369 mse=0.0038
[rank0|step 4250] loss=0.0581 mse=0.0066
[rank0|step 4300] loss=0.0394 mse=0.0038
[rank0|step 4350] loss=0.0565 mse=0.0069
[epoch 190] avg_loss=0.0457
[epoch 190] val: N=177 | Spearman ρ=0.2462 (p=0.0010, PASS) | AUROC=0.3265 | ECE=0.1990
[rank0|step 4400] loss=0.0515 mse=0.0121
[rank0|step 4450] loss=0.0389 mse=0.0044
[rank0|step 4500] loss=0.0266 mse=0.0036
[rank0|step 4550] loss=0.0498 mse=0.0048
[rank0|step 4600] loss=0.0882 mse=0.0098
[epoch 200] avg_loss=0.0461
[epoch 200] val: N=177 | Spearman ρ=0.2455 (p=0.0010, PASS) | AUROC=0.3261 | ECE=0.1989
