[STEP 1] 시리즈 목록 조회 중...
[INFO] 총 시리즈 수: 15116
[STEP 2] 다운로드 대상: 15116개 시리즈
  [10/15116] ok=10 skipped=0 failed=0
  [20/15116] ok=20 skipped=0 failed=0
  [30/15116] ok=30 skipped=0 failed=0
  [40/15116] ok=40 skipped=0 failed=0
  [50/15116] ok=50 skipped=0 failed=0
  [60/15116] ok=60 skipped=0 failed=0
  [70/15116] ok=70 skipped=0 failed=0
  [80/15116] ok=80 skipped=0 failed=0
  [90/15116] ok=90 skipped=0 failed=0
  [100/15116] ok=100 skipped=0 failed=0
  [110/15116] ok=110 skipped=0 failed=0
  [120/15116] ok=120 skipped=0 failed=0
  [130/15116] ok=130 skipped=0 failed=0
  [140/15116] ok=140 skipped=0 failed=0
  [150/15116] ok=150 skipped=0 failed=0
  [160/15116] ok=160 skipped=0 failed=0
  [170/15116] ok=170 skipped=0 failed=0
  [180/15116] ok=180 skipped=0 failed=0
  [190/15116] ok=190 skipped=0 failed=0
  [200/15116] ok=200 skipped=0 failed=0
  [210/15116] ok=210 skipped=0 failed=0
  [220/15116] ok=220 skipped=0 failed=0
  [230/15116] ok=230 skipped=0 failed=0
  [240/15116] ok=240 skipped=0 failed=0
  [250/15116] ok=250 skipped=0 failed=0
  [260/15116] ok=260 skipped=0 failed=0
  [270/15116] ok=270 skipped=0 failed=0
  [280/15116] ok=280 skipped=0 failed=0
  [290/15116] ok=290 skipped=0 failed=0
  [300/15116] ok=300 skipped=0 failed=0
  [310/15116] ok=310 skipped=0 failed=0
  [320/15116] ok=320 skipped=0 failed=0
  [330/15116] ok=330 skipped=0 failed=0
  [340/15116] ok=340 skipped=0 failed=0
  [350/15116] ok=350 skipped=0 failed=0
  [360/15116] ok=360 skipped=0 failed=0
  [370/15116] ok=370 skipped=0 failed=0
  [380/15116] ok=380 skipped=0 failed=0
  [390/15116] ok=390 skipped=0 failed=0
  [400/15116] ok=400 skipped=0 failed=0
  [410/15116] ok=410 skipped=0 failed=0
  [420/15116] ok=420 skipped=0 failed=0
  [430/15116] ok=430 skipped=0 failed=0
  [440/15116] ok=440 skipped=0 failed=0
  [450/15116] ok=450 skipped=0 failed=0
  [460/15116] ok=460 skipped=0 failed=0
  [470/15116] ok=470 skipped=0 failed=0
  [480/15116] ok=480 skipped=0 failed=0
  [490/15116] ok=490 skipped=0 failed=0
  [500/15116] ok=500 skipped=0 failed=0
  [510/15116] ok=510 skipped=0 failed=0
  [520/15116] ok=520 skipped=0 failed=0
  [530/15116] ok=530 skipped=0 failed=0
  [540/15116] ok=540 skipped=0 failed=0
  [550/15116] ok=550 skipped=0 failed=0
  [560/15116] ok=560 skipped=0 failed=0
  [570/15116] ok=570 skipped=0 failed=0
  [580/15116] ok=580 skipped=0 failed=0
  [590/15116] ok=590 skipped=0 failed=0
  [600/15116] ok=600 skipped=0 failed=0
  [610/15116] ok=610 skipped=0 failed=0
  [620/15116] ok=620 skipped=0 failed=0
  [630/15116] ok=630 skipped=0 failed=0
  [640/15116] ok=640 skipped=0 failed=0
  [650/15116] ok=650 skipped=0 failed=0
  [660/15116] ok=660 skipped=0 failed=0
  [670/15116] ok=670 skipped=0 failed=0
  [680/15116] ok=680 skipped=0 failed=0
  [690/15116] ok=690 skipped=0 failed=0
  [700/15116] ok=700 skipped=0 failed=0
  [710/15116] ok=710 skipped=0 failed=0
  [720/15116] ok=720 skipped=0 failed=0
  [730/15116] ok=730 skipped=0 failed=0
  [740/15116] ok=740 skipped=0 failed=0
  [750/15116] ok=750 skipped=0 failed=0
  [760/15116] ok=760 skipped=0 failed=0
  [770/15116] ok=770 skipped=0 failed=0
  [780/15116] ok=780 skipped=0 failed=0
  [790/15116] ok=790 skipped=0 failed=0
  [800/15116] ok=800 skipped=0 failed=0
  [810/15116] ok=810 skipped=0 failed=0
  [820/15116] ok=820 skipped=0 failed=0
  [830/15116] ok=830 skipped=0 failed=0
  [840/15116] ok=840 skipped=0 failed=0
  [850/15116] ok=850 skipped=0 failed=0
  [860/15116] ok=860 skipped=0 failed=0
  [870/15116] ok=870 skipped=0 failed=0
  [880/15116] ok=880 skipped=0 failed=0
  [890/15116] ok=890 skipped=0 failed=0
  [900/15116] ok=900 skipped=0 failed=0
  [910/15116] ok=910 skipped=0 failed=0
  [920/15116] ok=920 skipped=0 failed=0
  [930/15116] ok=930 skipped=0 failed=0
  [940/15116] ok=940 skipped=0 failed=0
  [950/15116] ok=950 skipped=0 failed=0
  [960/15116] ok=960 skipped=0 failed=0
  [970/15116] ok=970 skipped=0 failed=0
  [980/15116] ok=980 skipped=0 failed=0
  [990/15116] ok=990 skipped=0 failed=0
  [1000/15116] ok=1000 skipped=0 failed=0
  [1010/15116] ok=1010 skipped=0 failed=0
  [1020/15116] ok=1020 skipped=0 failed=0
  [1030/15116] ok=1030 skipped=0 failed=0
  [1040/15116] ok=1040 skipped=0 failed=0
  [1050/15116] ok=1050 skipped=0 failed=0
  [1060/15116] ok=1060 skipped=0 failed=0
  [1070/15116] ok=1070 skipped=0 failed=0
  [1080/15116] ok=1080 skipped=0 failed=0
  [1090/15116] ok=1090 skipped=0 failed=0
  [1100/15116] ok=1100 skipped=0 failed=0
  [1110/15116] ok=1110 skipped=0 failed=0
  [1120/15116] ok=1120 skipped=0 failed=0
  [1130/15116] ok=1130 skipped=0 failed=0
  [1140/15116] ok=1140 skipped=0 failed=0
  [1150/15116] ok=1150 skipped=0 failed=0
  [1160/15116] ok=1160 skipped=0 failed=0
  [1170/15116] ok=1170 skipped=0 failed=0
  [1180/15116] ok=1180 skipped=0 failed=0
  [1190/15116] ok=1190 skipped=0 failed=0
  [1200/15116] ok=1200 skipped=0 failed=0
  [1210/15116] ok=1210 skipped=0 failed=0
  [1220/15116] ok=1220 skipped=0 failed=0
  [1230/15116] ok=1230 skipped=0 failed=0
  [1240/15116] ok=1240 skipped=0 failed=0
  [1250/15116] ok=1250 skipped=0 failed=0
  [1260/15116] ok=1260 skipped=0 failed=0
  [1270/15116] ok=1270 skipped=0 failed=0
  [1280/15116] ok=1280 skipped=0 failed=0
  [1290/15116] ok=1290 skipped=0 failed=0
  [1300/15116] ok=1300 skipped=0 failed=0
  [1310/15116] ok=1310 skipped=0 failed=0
  [1320/15116] ok=1320 skipped=0 failed=0
  [1330/15116] ok=1330 skipped=0 failed=0
  [1340/15116] ok=1340 skipped=0 failed=0
  [1350/15116] ok=1350 skipped=0 failed=0
  [1360/15116] ok=1360 skipped=0 failed=0
  [1370/15116] ok=1370 skipped=0 failed=0
  [1380/15116] ok=1380 skipped=0 failed=0
  [1390/15116] ok=1390 skipped=0 failed=0
  [1400/15116] ok=1400 skipped=0 failed=0
  [1410/15116] ok=1410 skipped=0 failed=0
  [1420/15116] ok=1420 skipped=0 failed=0
  [1430/15116] ok=1430 skipped=0 failed=0
  [1440/15116] ok=1440 skipped=0 failed=0
  [1450/15116] ok=1450 skipped=0 failed=0
  [1460/15116] ok=1460 skipped=0 failed=0
  [1470/15116] ok=1470 skipped=0 failed=0
  [1480/15116] ok=1480 skipped=0 failed=0
  [1490/15116] ok=1490 skipped=0 failed=0
  [1500/15116] ok=1500 skipped=0 failed=0
  [1510/15116] ok=1510 skipped=0 failed=0
  [1520/15116] ok=1520 skipped=0 failed=0
  [1530/15116] ok=1530 skipped=0 failed=0
  [1540/15116] ok=1540 skipped=0 failed=0
  [1550/15116] ok=1550 skipped=0 failed=0
  [1560/15116] ok=1560 skipped=0 failed=0
  [1570/15116] ok=1570 skipped=0 failed=0
  [1580/15116] ok=1580 skipped=0 failed=0
  [1590/15116] ok=1590 skipped=0 failed=0
  [1600/15116] ok=1600 skipped=0 failed=0
  [1610/15116] ok=1610 skipped=0 failed=0
  [1620/15116] ok=1620 skipped=0 failed=0
  [1630/15116] ok=1630 skipped=0 failed=0
  [1640/15116] ok=1640 skipped=0 failed=0
  [1650/15116] ok=1650 skipped=0 failed=0
  [1660/15116] ok=1660 skipped=0 failed=0
  [1670/15116] ok=1670 skipped=0 failed=0
  [1680/15116] ok=1680 skipped=0 failed=0
  [1690/15116] ok=1690 skipped=0 failed=0
  [1700/15116] ok=1700 skipped=0 failed=0
  [1710/15116] ok=1710 skipped=0 failed=0
  [1720/15116] ok=1720 skipped=0 failed=0
  [1730/15116] ok=1730 skipped=0 failed=0
  [1740/15116] ok=1740 skipped=0 failed=0
  [1750/15116] ok=1750 skipped=0 failed=0
  [1760/15116] ok=1760 skipped=0 failed=0
  [1770/15116] ok=1770 skipped=0 failed=0
  [1780/15116] ok=1780 skipped=0 failed=0
  [1790/15116] ok=1790 skipped=0 failed=0
  [1800/15116] ok=1800 skipped=0 failed=0
  [1810/15116] ok=1810 skipped=0 failed=0
  [1820/15116] ok=1820 skipped=0 failed=0
  [1830/15116] ok=1830 skipped=0 failed=0
  [1840/15116] ok=1840 skipped=0 failed=0
  [1850/15116] ok=1850 skipped=0 failed=0
  [1860/15116] ok=1860 skipped=0 failed=0
  [1870/15116] ok=1870 skipped=0 failed=0
  [1880/15116] ok=1880 skipped=0 failed=0
  [1890/15116] ok=1890 skipped=0 failed=0
  [1900/15116] ok=1900 skipped=0 failed=0
  [1910/15116] ok=1910 skipped=0 failed=0
  [1920/15116] ok=1920 skipped=0 failed=0
  [1930/15116] ok=1930 skipped=0 failed=0
  [1940/15116] ok=1940 skipped=0 failed=0
  [1950/15116] ok=1950 skipped=0 failed=0
  [1960/15116] ok=1960 skipped=0 failed=0
  [1970/15116] ok=1970 skipped=0 failed=0
  [1980/15116] ok=1980 skipped=0 failed=0
  [1990/15116] ok=1990 skipped=0 failed=0
  [2000/15116] ok=2000 skipped=0 failed=0
  [2010/15116] ok=2010 skipped=0 failed=0
  [2020/15116] ok=2020 skipped=0 failed=0
  [2030/15116] ok=2030 skipped=0 failed=0
  [2040/15116] ok=2040 skipped=0 failed=0
  [2050/15116] ok=2050 skipped=0 failed=0
  [2060/15116] ok=2060 skipped=0 failed=0
  [2070/15116] ok=2070 skipped=0 failed=0
  [2080/15116] ok=2080 skipped=0 failed=0
  [2090/15116] ok=2090 skipped=0 failed=0
  [2100/15116] ok=2100 skipped=0 failed=0
  [2110/15116] ok=2110 skipped=0 failed=0
  [2120/15116] ok=2120 skipped=0 failed=0
  [2130/15116] ok=2130 skipped=0 failed=0
  [2140/15116] ok=2140 skipped=0 failed=0
  [2150/15116] ok=2150 skipped=0 failed=0
  [2160/15116] ok=2160 skipped=0 failed=0
  [2170/15116] ok=2170 skipped=0 failed=0
  [2180/15116] ok=2180 skipped=0 failed=0
  [2190/15116] ok=2190 skipped=0 failed=0
  [2200/15116] ok=2200 skipped=0 failed=0
  [2210/15116] ok=2210 skipped=0 failed=0
  [2220/15116] ok=2220 skipped=0 failed=0
  [2230/15116] ok=2230 skipped=0 failed=0
  [2240/15116] ok=2240 skipped=0 failed=0
  [2250/15116] ok=2250 skipped=0 failed=0
  [2260/15116] ok=2260 skipped=0 failed=0
  [2270/15116] ok=2270 skipped=0 failed=0
  [2280/15116] ok=2280 skipped=0 failed=0
  [2290/15116] ok=2290 skipped=0 failed=0
  [2300/15116] ok=2300 skipped=0 failed=0
  [2310/15116] ok=2310 skipped=0 failed=0
  [2320/15116] ok=2320 skipped=0 failed=0
  [2330/15116] ok=2330 skipped=0 failed=0
  [2340/15116] ok=2340 skipped=0 failed=0
  [2350/15116] ok=2350 skipped=0 failed=0
  [2360/15116] ok=2360 skipped=0 failed=0
  [2370/15116] ok=2370 skipped=0 failed=0
  [2380/15116] ok=2380 skipped=0 failed=0
  [2390/15116] ok=2390 skipped=0 failed=0
  [2400/15116] ok=2400 skipped=0 failed=0
  [2410/15116] ok=2410 skipped=0 failed=0
  [2420/15116] ok=2420 skipped=0 failed=0
  [2430/15116] ok=2430 skipped=0 failed=0
  [2440/15116] ok=2440 skipped=0 failed=0
  [2450/15116] ok=2450 skipped=0 failed=0
  [2460/15116] ok=2460 skipped=0 failed=0
  [2470/15116] ok=2470 skipped=0 failed=0
  [2480/15116] ok=2480 skipped=0 failed=0
  [2490/15116] ok=2490 skipped=0 failed=0
  [2500/15116] ok=2500 skipped=0 failed=0
  [2510/15116] ok=2510 skipped=0 failed=0
  [2520/15116] ok=2520 skipped=0 failed=0
  [2530/15116] ok=2530 skipped=0 failed=0
  [2540/15116] ok=2540 skipped=0 failed=0
  [2550/15116] ok=2550 skipped=0 failed=0
  [2560/15116] ok=2560 skipped=0 failed=0
  [2570/15116] ok=2570 skipped=0 failed=0
  [2580/15116] ok=2580 skipped=0 failed=0
  [2590/15116] ok=2590 skipped=0 failed=0
  [2600/15116] ok=2600 skipped=0 failed=0
  [2610/15116] ok=2610 skipped=0 failed=0
  [2620/15116] ok=2620 skipped=0 failed=0
  [2630/15116] ok=2630 skipped=0 failed=0
  [2640/15116] ok=2640 skipped=0 failed=0
  [2650/15116] ok=2650 skipped=0 failed=0
  [2660/15116] ok=2660 skipped=0 failed=0
  [2670/15116] ok=2670 skipped=0 failed=0
  [2680/15116] ok=2680 skipped=0 failed=0
  [2690/15116] ok=2690 skipped=0 failed=0
  [2700/15116] ok=2700 skipped=0 failed=0
  [2710/15116] ok=2710 skipped=0 failed=0
  [2720/15116] ok=2720 skipped=0 failed=0
  [2730/15116] ok=2730 skipped=0 failed=0
  [2740/15116] ok=2740 skipped=0 failed=0
  [2750/15116] ok=2750 skipped=0 failed=0
  [2760/15116] ok=2760 skipped=0 failed=0
  [2770/15116] ok=2770 skipped=0 failed=0
  [2780/15116] ok=2780 skipped=0 failed=0
  [2790/15116] ok=2790 skipped=0 failed=0
  [2800/15116] ok=2800 skipped=0 failed=0
  [2810/15116] ok=2810 skipped=0 failed=0
  [2820/15116] ok=2820 skipped=0 failed=0
  [2830/15116] ok=2830 skipped=0 failed=0
  [2840/15116] ok=2840 skipped=0 failed=0
  [2850/15116] ok=2850 skipped=0 failed=0
  [2860/15116] ok=2860 skipped=0 failed=0
  [2870/15116] ok=2870 skipped=0 failed=0
  [2880/15116] ok=2880 skipped=0 failed=0
  [2890/15116] ok=2890 skipped=0 failed=0
  [2900/15116] ok=2900 skipped=0 failed=0
  [2910/15116] ok=2910 skipped=0 failed=0
  [2920/15116] ok=2920 skipped=0 failed=0
  [2930/15116] ok=2930 skipped=0 failed=0
  [2940/15116] ok=2940 skipped=0 failed=0
  [2950/15116] ok=2950 skipped=0 failed=0
  [2960/15116] ok=2960 skipped=0 failed=0
  [2970/15116] ok=2970 skipped=0 failed=0
  [2980/15116] ok=2980 skipped=0 failed=0
  [2990/15116] ok=2990 skipped=0 failed=0
  [3000/15116] ok=3000 skipped=0 failed=0
  [3010/15116] ok=3010 skipped=0 failed=0
  [3020/15116] ok=3020 skipped=0 failed=0
  [3030/15116] ok=3030 skipped=0 failed=0
  [3040/15116] ok=3040 skipped=0 failed=0
  [3050/15116] ok=3050 skipped=0 failed=0
  [3060/15116] ok=3060 skipped=0 failed=0
  [3070/15116] ok=3070 skipped=0 failed=0
  [3080/15116] ok=3080 skipped=0 failed=0
  [3090/15116] ok=3090 skipped=0 failed=0
  [3100/15116] ok=3100 skipped=0 failed=0
  [3110/15116] ok=3110 skipped=0 failed=0
  [3120/15116] ok=3120 skipped=0 failed=0
  [3130/15116] ok=3130 skipped=0 failed=0
  [3140/15116] ok=3140 skipped=0 failed=0
  [3150/15116] ok=3150 skipped=0 failed=0
  [3160/15116] ok=3160 skipped=0 failed=0
  [3170/15116] ok=3170 skipped=0 failed=0
  [3180/15116] ok=3180 skipped=0 failed=0
  [3190/15116] ok=3190 skipped=0 failed=0
  [3200/15116] ok=3200 skipped=0 failed=0
  [3210/15116] ok=3210 skipped=0 failed=0
  [3220/15116] ok=3220 skipped=0 failed=0
  [3230/15116] ok=3230 skipped=0 failed=0
  [3240/15116] ok=3240 skipped=0 failed=0
  [3250/15116] ok=3250 skipped=0 failed=0
  [3260/15116] ok=3260 skipped=0 failed=0
  [3270/15116] ok=3270 skipped=0 failed=0
  [3280/15116] ok=3280 skipped=0 failed=0
  [3290/15116] ok=3290 skipped=0 failed=0
  [3300/15116] ok=3300 skipped=0 failed=0
  [3310/15116] ok=3310 skipped=0 failed=0
  [3320/15116] ok=3320 skipped=0 failed=0
  [3330/15116] ok=3330 skipped=0 failed=0
  [3340/15116] ok=3340 skipped=0 failed=0
  [3350/15116] ok=3350 skipped=0 failed=0
  [3360/15116] ok=3360 skipped=0 failed=0
  [3370/15116] ok=3370 skipped=0 failed=0
  [3380/15116] ok=3380 skipped=0 failed=0
  [3390/15116] ok=3390 skipped=0 failed=0
  [3400/15116] ok=3400 skipped=0 failed=0
  [3410/15116] ok=3410 skipped=0 failed=0
  [3420/15116] ok=3420 skipped=0 failed=0
  [3430/15116] ok=3430 skipped=0 failed=0
  [3440/15116] ok=3440 skipped=0 failed=0
  [3450/15116] ok=3450 skipped=0 failed=0
  [3460/15116] ok=3460 skipped=0 failed=0
  [3470/15116] ok=3470 skipped=0 failed=0
  [3480/15116] ok=3480 skipped=0 failed=0
  [3490/15116] ok=3490 skipped=0 failed=0
  [3500/15116] ok=3500 skipped=0 failed=0
  [3510/15116] ok=3510 skipped=0 failed=0
  [3520/15116] ok=3520 skipped=0 failed=0
  [3530/15116] ok=3530 skipped=0 failed=0
  [3540/15116] ok=3540 skipped=0 failed=0
  [3550/15116] ok=3550 skipped=0 failed=0
  [3560/15116] ok=3560 skipped=0 failed=0
  [3570/15116] ok=3570 skipped=0 failed=0
  [3580/15116] ok=3580 skipped=0 failed=0
  [3590/15116] ok=3590 skipped=0 failed=0
  [3600/15116] ok=3600 skipped=0 failed=0
  [3610/15116] ok=3610 skipped=0 failed=0
  [3620/15116] ok=3620 skipped=0 failed=0
  [3630/15116] ok=3630 skipped=0 failed=0
  [3640/15116] ok=3640 skipped=0 failed=0
  [3650/15116] ok=3650 skipped=0 failed=0
  [3660/15116] ok=3660 skipped=0 failed=0
  [3670/15116] ok=3670 skipped=0 failed=0
  [3680/15116] ok=3680 skipped=0 failed=0
  [3690/15116] ok=3690 skipped=0 failed=0
  [3700/15116] ok=3700 skipped=0 failed=0
  [3710/15116] ok=3710 skipped=0 failed=0
  [3720/15116] ok=3720 skipped=0 failed=0
  [3730/15116] ok=3730 skipped=0 failed=0
  [3740/15116] ok=3740 skipped=0 failed=0
  [3750/15116] ok=3750 skipped=0 failed=0
  [3760/15116] ok=3760 skipped=0 failed=0
  [3770/15116] ok=3770 skipped=0 failed=0
  [3780/15116] ok=3780 skipped=0 failed=0
  [3790/15116] ok=3790 skipped=0 failed=0
  [3800/15116] ok=3800 skipped=0 failed=0
  [3810/15116] ok=3810 skipped=0 failed=0
  [3820/15116] ok=3820 skipped=0 failed=0
  [3830/15116] ok=3830 skipped=0 failed=0
  [3840/15116] ok=3840 skipped=0 failed=0
  [3850/15116] ok=3850 skipped=0 failed=0
  [3860/15116] ok=3860 skipped=0 failed=0
  [3870/15116] ok=3870 skipped=0 failed=0
  [3880/15116] ok=3880 skipped=0 failed=0
  [3890/15116] ok=3890 skipped=0 failed=0
  [3900/15116] ok=3900 skipped=0 failed=0
  [3910/15116] ok=3910 skipped=0 failed=0
  [3920/15116] ok=3920 skipped=0 failed=0
  [3930/15116] ok=3930 skipped=0 failed=0
  [3940/15116] ok=3940 skipped=0 failed=0
  [3950/15116] ok=3950 skipped=0 failed=0
  [3960/15116] ok=3960 skipped=0 failed=0
  [3970/15116] ok=3970 skipped=0 failed=0
  [3980/15116] ok=3980 skipped=0 failed=0
  [3990/15116] ok=3990 skipped=0 failed=0
  [4000/15116] ok=4000 skipped=0 failed=0
  [4010/15116] ok=4010 skipped=0 failed=0
  [4020/15116] ok=4020 skipped=0 failed=0
  [4030/15116] ok=4030 skipped=0 failed=0
  [4040/15116] ok=4040 skipped=0 failed=0
  [4050/15116] ok=4050 skipped=0 failed=0
  [4060/15116] ok=4060 skipped=0 failed=0
  [4070/15116] ok=4070 skipped=0 failed=0
  [4080/15116] ok=4080 skipped=0 failed=0
  [4090/15116] ok=4090 skipped=0 failed=0
  [4100/15116] ok=4100 skipped=0 failed=0
  [4110/15116] ok=4110 skipped=0 failed=0
  [4120/15116] ok=4120 skipped=0 failed=0
  [4130/15116] ok=4130 skipped=0 failed=0
  [4140/15116] ok=4140 skipped=0 failed=0
  [4150/15116] ok=4150 skipped=0 failed=0
  [4160/15116] ok=4160 skipped=0 failed=0
  [4170/15116] ok=4170 skipped=0 failed=0
  [4180/15116] ok=4180 skipped=0 failed=0
  [4190/15116] ok=4190 skipped=0 failed=0
  [4200/15116] ok=4200 skipped=0 failed=0
  [4210/15116] ok=4210 skipped=0 failed=0
  [4220/15116] ok=4220 skipped=0 failed=0
  [4230/15116] ok=4230 skipped=0 failed=0
  [4240/15116] ok=4240 skipped=0 failed=0
  [4250/15116] ok=4250 skipped=0 failed=0
  [4260/15116] ok=4260 skipped=0 failed=0
  [4270/15116] ok=4270 skipped=0 failed=0
  [4280/15116] ok=4280 skipped=0 failed=0
  [4290/15116] ok=4290 skipped=0 failed=0
  [4300/15116] ok=4300 skipped=0 failed=0
  [4310/15116] ok=4310 skipped=0 failed=0
  [4320/15116] ok=4320 skipped=0 failed=0
  [4330/15116] ok=4330 skipped=0 failed=0
  [4340/15116] ok=4340 skipped=0 failed=0
  [4350/15116] ok=4350 skipped=0 failed=0
  [4360/15116] ok=4360 skipped=0 failed=0
  [4370/15116] ok=4370 skipped=0 failed=0
  [4380/15116] ok=4380 skipped=0 failed=0
  [4390/15116] ok=4390 skipped=0 failed=0
  [4400/15116] ok=4400 skipped=0 failed=0
  [4410/15116] ok=4410 skipped=0 failed=0
  [4420/15116] ok=4420 skipped=0 failed=0
  [4430/15116] ok=4430 skipped=0 failed=0
  [4440/15116] ok=4440 skipped=0 failed=0
  [4450/15116] ok=4450 skipped=0 failed=0
  [4460/15116] ok=4460 skipped=0 failed=0
  [4470/15116] ok=4470 skipped=0 failed=0
  [4480/15116] ok=4480 skipped=0 failed=0
  [4490/15116] ok=4490 skipped=0 failed=0
  [4500/15116] ok=4500 skipped=0 failed=0
  [4510/15116] ok=4510 skipped=0 failed=0
  [4520/15116] ok=4520 skipped=0 failed=0
  [4530/15116] ok=4530 skipped=0 failed=0
  [4540/15116] ok=4540 skipped=0 failed=0
  [4550/15116] ok=4550 skipped=0 failed=0
  [4560/15116] ok=4560 skipped=0 failed=0
  [4570/15116] ok=4570 skipped=0 failed=0
  [4580/15116] ok=4580 skipped=0 failed=0
  [4590/15116] ok=4590 skipped=0 failed=0
  [4600/15116] ok=4600 skipped=0 failed=0
  [4610/15116] ok=4610 skipped=0 failed=0
  [4620/15116] ok=4620 skipped=0 failed=0
  [4630/15116] ok=4630 skipped=0 failed=0
  [4640/15116] ok=4640 skipped=0 failed=0
  [4650/15116] ok=4650 skipped=0 failed=0
  [4660/15116] ok=4660 skipped=0 failed=0
  [4670/15116] ok=4670 skipped=0 failed=0
  [4680/15116] ok=4680 skipped=0 failed=0
  [4690/15116] ok=4690 skipped=0 failed=0
  [4700/15116] ok=4700 skipped=0 failed=0
  [4710/15116] ok=4710 skipped=0 failed=0
  [4720/15116] ok=4720 skipped=0 failed=0
  [4730/15116] ok=4730 skipped=0 failed=0
  [4740/15116] ok=4740 skipped=0 failed=0
  [4750/15116] ok=4750 skipped=0 failed=0
  [4760/15116] ok=4760 skipped=0 failed=0
  [4770/15116] ok=4770 skipped=0 failed=0
  [4780/15116] ok=4780 skipped=0 failed=0
  [4790/15116] ok=4790 skipped=0 failed=0
  [4800/15116] ok=4800 skipped=0 failed=0
  [4810/15116] ok=4810 skipped=0 failed=0
  [4820/15116] ok=4820 skipped=0 failed=0
  [4830/15116] ok=4830 skipped=0 failed=0
  [4840/15116] ok=4840 skipped=0 failed=0
  [4850/15116] ok=4850 skipped=0 failed=0
  [4860/15116] ok=4860 skipped=0 failed=0
  [4870/15116] ok=4870 skipped=0 failed=0
  [4880/15116] ok=4880 skipped=0 failed=0
  [4890/15116] ok=4890 skipped=0 failed=0
  [4900/15116] ok=4900 skipped=0 failed=0
  [4910/15116] ok=4910 skipped=0 failed=0
  [4920/15116] ok=4920 skipped=0 failed=0
  [4930/15116] ok=4930 skipped=0 failed=0
  [4940/15116] ok=4940 skipped=0 failed=0
  [4950/15116] ok=4950 skipped=0 failed=0
  [4960/15116] ok=4960 skipped=0 failed=0
  [4970/15116] ok=4970 skipped=0 failed=0
  [4980/15116] ok=4980 skipped=0 failed=0
  [4990/15116] ok=4990 skipped=0 failed=0
  [5000/15116] ok=5000 skipped=0 failed=0
  [5010/15116] ok=5010 skipped=0 failed=0
  [5020/15116] ok=5020 skipped=0 failed=0
  [5030/15116] ok=5030 skipped=0 failed=0
  [5040/15116] ok=5040 skipped=0 failed=0
  [5050/15116] ok=5050 skipped=0 failed=0
  [5060/15116] ok=5060 skipped=0 failed=0
  [5070/15116] ok=5070 skipped=0 failed=0
  [5080/15116] ok=5080 skipped=0 failed=0
  [5090/15116] ok=5090 skipped=0 failed=0
  [5100/15116] ok=5100 skipped=0 failed=0
  [5110/15116] ok=5110 skipped=0 failed=0
  [5120/15116] ok=5120 skipped=0 failed=0
  [5130/15116] ok=5130 skipped=0 failed=0
  [5140/15116] ok=5140 skipped=0 failed=0
  [5150/15116] ok=5150 skipped=0 failed=0
  [5160/15116] ok=5160 skipped=0 failed=0
  [5170/15116] ok=5170 skipped=0 failed=0
  [5180/15116] ok=5180 skipped=0 failed=0
  [5190/15116] ok=5190 skipped=0 failed=0
  [5200/15116] ok=5200 skipped=0 failed=0
  [5210/15116] ok=5210 skipped=0 failed=0
  [5220/15116] ok=5220 skipped=0 failed=0
  [5230/15116] ok=5230 skipped=0 failed=0
  [5240/15116] ok=5240 skipped=0 failed=0
  [5250/15116] ok=5250 skipped=0 failed=0
  [5260/15116] ok=5260 skipped=0 failed=0
  [5270/15116] ok=5270 skipped=0 failed=0
  [5280/15116] ok=5280 skipped=0 failed=0
  [5290/15116] ok=5290 skipped=0 failed=0
  [5300/15116] ok=5300 skipped=0 failed=0
  [5310/15116] ok=5310 skipped=0 failed=0
  [5320/15116] ok=5320 skipped=0 failed=0
  [5330/15116] ok=5330 skipped=0 failed=0
  [5340/15116] ok=5340 skipped=0 failed=0
  [5350/15116] ok=5350 skipped=0 failed=0
  [5360/15116] ok=5360 skipped=0 failed=0
  [5370/15116] ok=5370 skipped=0 failed=0
  [5380/15116] ok=5380 skipped=0 failed=0
  [5390/15116] ok=5390 skipped=0 failed=0
  [5400/15116] ok=5400 skipped=0 failed=0
  [5410/15116] ok=5410 skipped=0 failed=0
  [5420/15116] ok=5420 skipped=0 failed=0
  [5430/15116] ok=5430 skipped=0 failed=0
  [5440/15116] ok=5440 skipped=0 failed=0
  [5450/15116] ok=5450 skipped=0 failed=0
  [5460/15116] ok=5460 skipped=0 failed=0
  [5470/15116] ok=5470 skipped=0 failed=0
  [5480/15116] ok=5480 skipped=0 failed=0
  [5490/15116] ok=5490 skipped=0 failed=0
  [5500/15116] ok=5500 skipped=0 failed=0
  [5510/15116] ok=5510 skipped=0 failed=0
  [5520/15116] ok=5520 skipped=0 failed=0
  [5530/15116] ok=5530 skipped=0 failed=0
  [5540/15116] ok=5540 skipped=0 failed=0
  [5550/15116] ok=5550 skipped=0 failed=0
  [5560/15116] ok=5560 skipped=0 failed=0
  [5570/15116] ok=5570 skipped=0 failed=0
  [5580/15116] ok=5580 skipped=0 failed=0
  [5590/15116] ok=5590 skipped=0 failed=0
  [5600/15116] ok=5600 skipped=0 failed=0
  [5610/15116] ok=5610 skipped=0 failed=0
  [5620/15116] ok=5620 skipped=0 failed=0
  [5630/15116] ok=5630 skipped=0 failed=0
  [5640/15116] ok=5640 skipped=0 failed=0
  [5650/15116] ok=5650 skipped=0 failed=0
  [5660/15116] ok=5660 skipped=0 failed=0
  [5670/15116] ok=5670 skipped=0 failed=0
  [5680/15116] ok=5680 skipped=0 failed=0
  [5690/15116] ok=5690 skipped=0 failed=0
  [5700/15116] ok=5700 skipped=0 failed=0
  [5710/15116] ok=5710 skipped=0 failed=0
  [5720/15116] ok=5720 skipped=0 failed=0
  [5730/15116] ok=5730 skipped=0 failed=0
  [5740/15116] ok=5740 skipped=0 failed=0
  [5750/15116] ok=5750 skipped=0 failed=0
  [5760/15116] ok=5760 skipped=0 failed=0
  [5770/15116] ok=5770 skipped=0 failed=0
  [5780/15116] ok=5780 skipped=0 failed=0
  [5790/15116] ok=5790 skipped=0 failed=0
  [5800/15116] ok=5800 skipped=0 failed=0
  [5810/15116] ok=5810 skipped=0 failed=0
  [5820/15116] ok=5820 skipped=0 failed=0
  [5830/15116] ok=5830 skipped=0 failed=0
  [5840/15116] ok=5840 skipped=0 failed=0
  [5850/15116] ok=5850 skipped=0 failed=0
  [5860/15116] ok=5860 skipped=0 failed=0
  [5870/15116] ok=5870 skipped=0 failed=0
  [5880/15116] ok=5880 skipped=0 failed=0
  [5890/15116] ok=5890 skipped=0 failed=0
  [5900/15116] ok=5900 skipped=0 failed=0
  [5910/15116] ok=5910 skipped=0 failed=0
  [5920/15116] ok=5920 skipped=0 failed=0
  [5930/15116] ok=5930 skipped=0 failed=0
  [5940/15116] ok=5940 skipped=0 failed=0
  [5950/15116] ok=5950 skipped=0 failed=0
  [5960/15116] ok=5960 skipped=0 failed=0
  [5970/15116] ok=5970 skipped=0 failed=0
  [5980/15116] ok=5980 skipped=0 failed=0
  [5990/15116] ok=5990 skipped=0 failed=0
  [6000/15116] ok=6000 skipped=0 failed=0
  [6010/15116] ok=6010 skipped=0 failed=0
  [6020/15116] ok=6020 skipped=0 failed=0
  [6030/15116] ok=6030 skipped=0 failed=0
  [6040/15116] ok=6040 skipped=0 failed=0
  [6050/15116] ok=6050 skipped=0 failed=0
  [6060/15116] ok=6060 skipped=0 failed=0
  [6070/15116] ok=6070 skipped=0 failed=0
  [6080/15116] ok=6080 skipped=0 failed=0
  [6090/15116] ok=6090 skipped=0 failed=0
  [6100/15116] ok=6100 skipped=0 failed=0
  [6110/15116] ok=6110 skipped=0 failed=0
  [6120/15116] ok=6120 skipped=0 failed=0
  [6130/15116] ok=6130 skipped=0 failed=0
  [6140/15116] ok=6140 skipped=0 failed=0
  [6150/15116] ok=6150 skipped=0 failed=0
  [6160/15116] ok=6160 skipped=0 failed=0
  [6170/15116] ok=6170 skipped=0 failed=0
  [6180/15116] ok=6180 skipped=0 failed=0
  [6190/15116] ok=6190 skipped=0 failed=0
  [6200/15116] ok=6200 skipped=0 failed=0
  [6210/15116] ok=6210 skipped=0 failed=0
  [6220/15116] ok=6220 skipped=0 failed=0
  [6230/15116] ok=6230 skipped=0 failed=0
  [6240/15116] ok=6240 skipped=0 failed=0
  [6250/15116] ok=6250 skipped=0 failed=0
  [6260/15116] ok=6260 skipped=0 failed=0
  [6270/15116] ok=6270 skipped=0 failed=0
  [6280/15116] ok=6280 skipped=0 failed=0
  [6290/15116] ok=6290 skipped=0 failed=0
  [6300/15116] ok=6300 skipped=0 failed=0
  [6310/15116] ok=6310 skipped=0 failed=0
  [6320/15116] ok=6320 skipped=0 failed=0
  [6330/15116] ok=6330 skipped=0 failed=0
  [6340/15116] ok=6340 skipped=0 failed=0
  [6350/15116] ok=6350 skipped=0 failed=0
  [6360/15116] ok=6360 skipped=0 failed=0
  [6370/15116] ok=6370 skipped=0 failed=0
  [6380/15116] ok=6380 skipped=0 failed=0
  [6390/15116] ok=6390 skipped=0 failed=0
  [6400/15116] ok=6400 skipped=0 failed=0
  [6410/15116] ok=6410 skipped=0 failed=0
  [6420/15116] ok=6420 skipped=0 failed=0
  [6430/15116] ok=6430 skipped=0 failed=0
  [6440/15116] ok=6440 skipped=0 failed=0
  [6450/15116] ok=6450 skipped=0 failed=0
  [6460/15116] ok=6460 skipped=0 failed=0
  [6470/15116] ok=6470 skipped=0 failed=0
  [6480/15116] ok=6480 skipped=0 failed=0
  [6490/15116] ok=6490 skipped=0 failed=0
  [6500/15116] ok=6500 skipped=0 failed=0
  [6510/15116] ok=6510 skipped=0 failed=0
  [6520/15116] ok=6520 skipped=0 failed=0
  [6530/15116] ok=6530 skipped=0 failed=0
  [6540/15116] ok=6540 skipped=0 failed=0
  [6550/15116] ok=6550 skipped=0 failed=0
  [6560/15116] ok=6560 skipped=0 failed=0
  [6570/15116] ok=6570 skipped=0 failed=0
  [6580/15116] ok=6580 skipped=0 failed=0
  [6590/15116] ok=6590 skipped=0 failed=0
  [6600/15116] ok=6600 skipped=0 failed=0
  [6610/15116] ok=6610 skipped=0 failed=0
  [6620/15116] ok=6620 skipped=0 failed=0
  [6630/15116] ok=6630 skipped=0 failed=0
  [6640/15116] ok=6640 skipped=0 failed=0
  [6650/15116] ok=6650 skipped=0 failed=0
  [6660/15116] ok=6660 skipped=0 failed=0
  [6670/15116] ok=6670 skipped=0 failed=0
  [6680/15116] ok=6680 skipped=0 failed=0
  [6690/15116] ok=6690 skipped=0 failed=0
  [6700/15116] ok=6700 skipped=0 failed=0
  [6710/15116] ok=6710 skipped=0 failed=0
  [6720/15116] ok=6720 skipped=0 failed=0
  [6730/15116] ok=6730 skipped=0 failed=0
  [6740/15116] ok=6740 skipped=0 failed=0
  [6750/15116] ok=6750 skipped=0 failed=0
  [6760/15116] ok=6760 skipped=0 failed=0
  [6770/15116] ok=6770 skipped=0 failed=0
  [6780/15116] ok=6780 skipped=0 failed=0
  [6790/15116] ok=6790 skipped=0 failed=0
  [6800/15116] ok=6800 skipped=0 failed=0
  [6810/15116] ok=6810 skipped=0 failed=0
  [6820/15116] ok=6820 skipped=0 failed=0
  [6830/15116] ok=6830 skipped=0 failed=0
  [6840/15116] ok=6840 skipped=0 failed=0
  [6850/15116] ok=6850 skipped=0 failed=0
  [6860/15116] ok=6860 skipped=0 failed=0
  [6870/15116] ok=6870 skipped=0 failed=0
  [6880/15116] ok=6880 skipped=0 failed=0
  [6890/15116] ok=6890 skipped=0 failed=0
  [6900/15116] ok=6900 skipped=0 failed=0
  [6910/15116] ok=6910 skipped=0 failed=0
  [6920/15116] ok=6920 skipped=0 failed=0
  [6930/15116] ok=6930 skipped=0 failed=0
  [6940/15116] ok=6940 skipped=0 failed=0
  [6950/15116] ok=6950 skipped=0 failed=0
  [6960/15116] ok=6960 skipped=0 failed=0
  [6970/15116] ok=6970 skipped=0 failed=0
  [6980/15116] ok=6980 skipped=0 failed=0
  [6990/15116] ok=6990 skipped=0 failed=0
  [7000/15116] ok=7000 skipped=0 failed=0
  [7010/15116] ok=7010 skipped=0 failed=0
  [7020/15116] ok=7020 skipped=0 failed=0
  [7030/15116] ok=7030 skipped=0 failed=0
  [7040/15116] ok=7040 skipped=0 failed=0
  [7050/15116] ok=7050 skipped=0 failed=0
  [7060/15116] ok=7060 skipped=0 failed=0
  [7070/15116] ok=7070 skipped=0 failed=0
  [7080/15116] ok=7080 skipped=0 failed=0
  [7090/15116] ok=7090 skipped=0 failed=0
  [7100/15116] ok=7100 skipped=0 failed=0
  [7110/15116] ok=7110 skipped=0 failed=0
  [7120/15116] ok=7120 skipped=0 failed=0
  [7130/15116] ok=7130 skipped=0 failed=0
  [7140/15116] ok=7140 skipped=0 failed=0
  [7150/15116] ok=7150 skipped=0 failed=0
  [7160/15116] ok=7160 skipped=0 failed=0
  [7170/15116] ok=7170 skipped=0 failed=0
  [7180/15116] ok=7180 skipped=0 failed=0
  [7190/15116] ok=7190 skipped=0 failed=0
  [7200/15116] ok=7200 skipped=0 failed=0
  [7210/15116] ok=7210 skipped=0 failed=0
  [7220/15116] ok=7220 skipped=0 failed=0
  [7230/15116] ok=7230 skipped=0 failed=0
  [7240/15116] ok=7240 skipped=0 failed=0
  [7250/15116] ok=7250 skipped=0 failed=0
  [7260/15116] ok=7260 skipped=0 failed=0
  [7270/15116] ok=7270 skipped=0 failed=0
  [7280/15116] ok=7280 skipped=0 failed=0
  [7290/15116] ok=7290 skipped=0 failed=0
  [7300/15116] ok=7300 skipped=0 failed=0
  [7310/15116] ok=7310 skipped=0 failed=0
  [7320/15116] ok=7320 skipped=0 failed=0
  [7330/15116] ok=7330 skipped=0 failed=0
  [7340/15116] ok=7340 skipped=0 failed=0
  [7350/15116] ok=7350 skipped=0 failed=0
  [7360/15116] ok=7360 skipped=0 failed=0
  [7370/15116] ok=7370 skipped=0 failed=0
  [7380/15116] ok=7380 skipped=0 failed=0
  [7390/15116] ok=7390 skipped=0 failed=0
  [7400/15116] ok=7400 skipped=0 failed=0
  [7410/15116] ok=7410 skipped=0 failed=0
  [7420/15116] ok=7420 skipped=0 failed=0
  [7430/15116] ok=7430 skipped=0 failed=0
  [7440/15116] ok=7440 skipped=0 failed=0
  [7450/15116] ok=7450 skipped=0 failed=0
  [7460/15116] ok=7460 skipped=0 failed=0
  [7470/15116] ok=7470 skipped=0 failed=0
  [7480/15116] ok=7480 skipped=0 failed=0
  [7490/15116] ok=7490 skipped=0 failed=0
  [7500/15116] ok=7500 skipped=0 failed=0
  [7510/15116] ok=7510 skipped=0 failed=0
  [7520/15116] ok=7520 skipped=0 failed=0
  [7530/15116] ok=7530 skipped=0 failed=0
  [7540/15116] ok=7540 skipped=0 failed=0
  [7550/15116] ok=7550 skipped=0 failed=0
  [7560/15116] ok=7560 skipped=0 failed=0
  [7570/15116] ok=7570 skipped=0 failed=0
  [7580/15116] ok=7580 skipped=0 failed=0
  [7590/15116] ok=7590 skipped=0 failed=0
  [7600/15116] ok=7600 skipped=0 failed=0
  [7610/15116] ok=7610 skipped=0 failed=0
  [7620/15116] ok=7620 skipped=0 failed=0
  [7630/15116] ok=7630 skipped=0 failed=0
  [7640/15116] ok=7640 skipped=0 failed=0
  [7650/15116] ok=7650 skipped=0 failed=0
  [7660/15116] ok=7660 skipped=0 failed=0
  [7670/15116] ok=7670 skipped=0 failed=0
  [7680/15116] ok=7680 skipped=0 failed=0
  [7690/15116] ok=7690 skipped=0 failed=0
  [7700/15116] ok=7700 skipped=0 failed=0
  [7710/15116] ok=7710 skipped=0 failed=0
  [7720/15116] ok=7720 skipped=0 failed=0
  [7730/15116] ok=7730 skipped=0 failed=0
  [7740/15116] ok=7740 skipped=0 failed=0
  [7750/15116] ok=7750 skipped=0 failed=0
  [7760/15116] ok=7760 skipped=0 failed=0
  [7770/15116] ok=7770 skipped=0 failed=0
  [7780/15116] ok=7780 skipped=0 failed=0
  [7790/15116] ok=7790 skipped=0 failed=0
  [7800/15116] ok=7800 skipped=0 failed=0
  [7810/15116] ok=7810 skipped=0 failed=0
  [7820/15116] ok=7820 skipped=0 failed=0
  [7830/15116] ok=7830 skipped=0 failed=0
  [7840/15116] ok=7840 skipped=0 failed=0
  [7850/15116] ok=7850 skipped=0 failed=0
  [7860/15116] ok=7860 skipped=0 failed=0
  [7870/15116] ok=7870 skipped=0 failed=0
  [7880/15116] ok=7880 skipped=0 failed=0
  [7890/15116] ok=7890 skipped=0 failed=0
  [7900/15116] ok=7900 skipped=0 failed=0
  [7910/15116] ok=7910 skipped=0 failed=0
  [7920/15116] ok=7920 skipped=0 failed=0
  [7930/15116] ok=7930 skipped=0 failed=0
  [7940/15116] ok=7940 skipped=0 failed=0
  [7950/15116] ok=7950 skipped=0 failed=0
  [7960/15116] ok=7960 skipped=0 failed=0
  [7970/15116] ok=7970 skipped=0 failed=0
  [7980/15116] ok=7980 skipped=0 failed=0
  [7990/15116] ok=7990 skipped=0 failed=0
  [8000/15116] ok=8000 skipped=0 failed=0
  [8010/15116] ok=8010 skipped=0 failed=0
  [8020/15116] ok=8020 skipped=0 failed=0
  [8030/15116] ok=8030 skipped=0 failed=0
  [8040/15116] ok=8040 skipped=0 failed=0
  [8050/15116] ok=8050 skipped=0 failed=0
  [8060/15116] ok=8060 skipped=0 failed=0
  [8070/15116] ok=8070 skipped=0 failed=0
  [8080/15116] ok=8080 skipped=0 failed=0
  [8090/15116] ok=8090 skipped=0 failed=0
  [8100/15116] ok=8100 skipped=0 failed=0
  [8110/15116] ok=8110 skipped=0 failed=0
  [8120/15116] ok=8120 skipped=0 failed=0
  [8130/15116] ok=8130 skipped=0 failed=0
  [8140/15116] ok=8140 skipped=0 failed=0
  [8150/15116] ok=8150 skipped=0 failed=0
  [8160/15116] ok=8160 skipped=0 failed=0
  [8170/15116] ok=8170 skipped=0 failed=0
  [8180/15116] ok=8180 skipped=0 failed=0
  [8190/15116] ok=8190 skipped=0 failed=0
  [8200/15116] ok=8200 skipped=0 failed=0
  [8210/15116] ok=8210 skipped=0 failed=0
  [8220/15116] ok=8220 skipped=0 failed=0
  [8230/15116] ok=8230 skipped=0 failed=0
  [8240/15116] ok=8240 skipped=0 failed=0
  [8250/15116] ok=8250 skipped=0 failed=0
  [8260/15116] ok=8260 skipped=0 failed=0
  [8270/15116] ok=8270 skipped=0 failed=0
  [8280/15116] ok=8280 skipped=0 failed=0
  [8290/15116] ok=8290 skipped=0 failed=0
  [8300/15116] ok=8300 skipped=0 failed=0
  [8310/15116] ok=8310 skipped=0 failed=0
  [8320/15116] ok=8320 skipped=0 failed=0
  [8330/15116] ok=8330 skipped=0 failed=0
  [8340/15116] ok=8340 skipped=0 failed=0
  [8350/15116] ok=8350 skipped=0 failed=0
  [8360/15116] ok=8360 skipped=0 failed=0
  [8370/15116] ok=8370 skipped=0 failed=0
  [8380/15116] ok=8380 skipped=0 failed=0
  [8390/15116] ok=8390 skipped=0 failed=0
  [8400/15116] ok=8400 skipped=0 failed=0
  [8410/15116] ok=8410 skipped=0 failed=0
  [8420/15116] ok=8420 skipped=0 failed=0
  [8430/15116] ok=8430 skipped=0 failed=0
  [8440/15116] ok=8440 skipped=0 failed=0
  [8450/15116] ok=8450 skipped=0 failed=0
  [8460/15116] ok=8460 skipped=0 failed=0
  [8470/15116] ok=8470 skipped=0 failed=0
  [8480/15116] ok=8480 skipped=0 failed=0
  [8490/15116] ok=8490 skipped=0 failed=0
  [8500/15116] ok=8500 skipped=0 failed=0
  [8510/15116] ok=8510 skipped=0 failed=0
  [8520/15116] ok=8520 skipped=0 failed=0
  [8530/15116] ok=8530 skipped=0 failed=0
  [8540/15116] ok=8540 skipped=0 failed=0
  [8550/15116] ok=8550 skipped=0 failed=0
  [8560/15116] ok=8560 skipped=0 failed=0
  [8570/15116] ok=8570 skipped=0 failed=0
  [8580/15116] ok=8580 skipped=0 failed=0
  [8590/15116] ok=8590 skipped=0 failed=0
  [8600/15116] ok=8600 skipped=0 failed=0
  [8610/15116] ok=8610 skipped=0 failed=0
  [8620/15116] ok=8620 skipped=0 failed=0
  [8630/15116] ok=8630 skipped=0 failed=0
  [8640/15116] ok=8640 skipped=0 failed=0
  [8650/15116] ok=8650 skipped=0 failed=0
  [8660/15116] ok=8660 skipped=0 failed=0
  [8670/15116] ok=8670 skipped=0 failed=0
  [8680/15116] ok=8680 skipped=0 failed=0
  [8690/15116] ok=8690 skipped=0 failed=0
  [8700/15116] ok=8700 skipped=0 failed=0
  [8710/15116] ok=8710 skipped=0 failed=0
  [8720/15116] ok=8720 skipped=0 failed=0
  [8730/15116] ok=8730 skipped=0 failed=0
  [8740/15116] ok=8740 skipped=0 failed=0
  [8750/15116] ok=8750 skipped=0 failed=0
  [8760/15116] ok=8760 skipped=0 failed=0
  [8770/15116] ok=8770 skipped=0 failed=0
  [8780/15116] ok=8780 skipped=0 failed=0
  [8790/15116] ok=8790 skipped=0 failed=0
  [8800/15116] ok=8800 skipped=0 failed=0
  [8810/15116] ok=8810 skipped=0 failed=0
  [8820/15116] ok=8820 skipped=0 failed=0
  [8830/15116] ok=8830 skipped=0 failed=0
  [8840/15116] ok=8840 skipped=0 failed=0
  [8850/15116] ok=8850 skipped=0 failed=0
  [8860/15116] ok=8860 skipped=0 failed=0
  [8870/15116] ok=8870 skipped=0 failed=0
  [8880/15116] ok=8880 skipped=0 failed=0
  [8890/15116] ok=8890 skipped=0 failed=0
  [8900/15116] ok=8900 skipped=0 failed=0
  [8910/15116] ok=8910 skipped=0 failed=0
  [8920/15116] ok=8920 skipped=0 failed=0
  [8930/15116] ok=8930 skipped=0 failed=0
  [8940/15116] ok=8940 skipped=0 failed=0
  [8950/15116] ok=8950 skipped=0 failed=0
  [8960/15116] ok=8960 skipped=0 failed=0
  [8970/15116] ok=8970 skipped=0 failed=0
  [8980/15116] ok=8980 skipped=0 failed=0
  [8990/15116] ok=8990 skipped=0 failed=0
  [9000/15116] ok=9000 skipped=0 failed=0
  [9010/15116] ok=9010 skipped=0 failed=0
  [9020/15116] ok=9020 skipped=0 failed=0
  [9030/15116] ok=9030 skipped=0 failed=0
  [9040/15116] ok=9040 skipped=0 failed=0
  [9050/15116] ok=9050 skipped=0 failed=0
  [9060/15116] ok=9060 skipped=0 failed=0
  [9070/15116] ok=9070 skipped=0 failed=0
  [9080/15116] ok=9080 skipped=0 failed=0
  [9090/15116] ok=9090 skipped=0 failed=0
  [9100/15116] ok=9100 skipped=0 failed=0
  [9110/15116] ok=9110 skipped=0 failed=0
  [9120/15116] ok=9120 skipped=0 failed=0
  [9130/15116] ok=9130 skipped=0 failed=0
  [9140/15116] ok=9140 skipped=0 failed=0
  [9150/15116] ok=9150 skipped=0 failed=0
  [9160/15116] ok=9160 skipped=0 failed=0
  [9170/15116] ok=9170 skipped=0 failed=0
  [9180/15116] ok=9180 skipped=0 failed=0
  [9190/15116] ok=9190 skipped=0 failed=0
  [9200/15116] ok=9200 skipped=0 failed=0
  [9210/15116] ok=9210 skipped=0 failed=0
  [9220/15116] ok=9220 skipped=0 failed=0
  [9230/15116] ok=9230 skipped=0 failed=0
  [9240/15116] ok=9240 skipped=0 failed=0
  [9250/15116] ok=9250 skipped=0 failed=0
  [9260/15116] ok=9260 skipped=0 failed=0
  [9270/15116] ok=9270 skipped=0 failed=0
  [9280/15116] ok=9280 skipped=0 failed=0
  [9290/15116] ok=9290 skipped=0 failed=0
  [9300/15116] ok=9300 skipped=0 failed=0
  [9310/15116] ok=9310 skipped=0 failed=0
  [9320/15116] ok=9320 skipped=0 failed=0
  [9330/15116] ok=9330 skipped=0 failed=0
  [9340/15116] ok=9340 skipped=0 failed=0
  [9350/15116] ok=9350 skipped=0 failed=0
  [9360/15116] ok=9360 skipped=0 failed=0
  [9370/15116] ok=9370 skipped=0 failed=0
  [9380/15116] ok=9380 skipped=0 failed=0
  [9390/15116] ok=9390 skipped=0 failed=0
  [9400/15116] ok=9400 skipped=0 failed=0
  [9410/15116] ok=9410 skipped=0 failed=0
  [9420/15116] ok=9420 skipped=0 failed=0
  [9430/15116] ok=9430 skipped=0 failed=0
  [9440/15116] ok=9440 skipped=0 failed=0
  [9450/15116] ok=9450 skipped=0 failed=0
  [9460/15116] ok=9460 skipped=0 failed=0
  [9470/15116] ok=9470 skipped=0 failed=0
  [9480/15116] ok=9480 skipped=0 failed=0
  [9490/15116] ok=9490 skipped=0 failed=0
  [9500/15116] ok=9500 skipped=0 failed=0
  [9510/15116] ok=9510 skipped=0 failed=0
  [9520/15116] ok=9520 skipped=0 failed=0
  [9530/15116] ok=9530 skipped=0 failed=0
  [9540/15116] ok=9540 skipped=0 failed=0
  [9550/15116] ok=9550 skipped=0 failed=0
  [9560/15116] ok=9560 skipped=0 failed=0
  [9570/15116] ok=9570 skipped=0 failed=0
  [9580/15116] ok=9580 skipped=0 failed=0
  [9590/15116] ok=9590 skipped=0 failed=0
  [9600/15116] ok=9600 skipped=0 failed=0
  [9610/15116] ok=9610 skipped=0 failed=0
  [9620/15116] ok=9620 skipped=0 failed=0
  [9630/15116] ok=9630 skipped=0 failed=0
  [9640/15116] ok=9640 skipped=0 failed=0
  [9650/15116] ok=9650 skipped=0 failed=0
  [9660/15116] ok=9660 skipped=0 failed=0
  [9670/15116] ok=9670 skipped=0 failed=0
  [9680/15116] ok=9680 skipped=0 failed=0
  [9690/15116] ok=9690 skipped=0 failed=0
  [9700/15116] ok=9700 skipped=0 failed=0
  [9710/15116] ok=9710 skipped=0 failed=0
  [9720/15116] ok=9720 skipped=0 failed=0
  [9730/15116] ok=9730 skipped=0 failed=0
  [9740/15116] ok=9740 skipped=0 failed=0
  [9750/15116] ok=9750 skipped=0 failed=0
  [9760/15116] ok=9760 skipped=0 failed=0
  [9770/15116] ok=9770 skipped=0 failed=0
  [9780/15116] ok=9780 skipped=0 failed=0
  [9790/15116] ok=9790 skipped=0 failed=0
  [9800/15116] ok=9800 skipped=0 failed=0
  [9810/15116] ok=9810 skipped=0 failed=0
  [9820/15116] ok=9820 skipped=0 failed=0
  [9830/15116] ok=9830 skipped=0 failed=0
  [9840/15116] ok=9840 skipped=0 failed=0
  [9850/15116] ok=9850 skipped=0 failed=0
  [9860/15116] ok=9860 skipped=0 failed=0
  [9870/15116] ok=9870 skipped=0 failed=0
  [9880/15116] ok=9880 skipped=0 failed=0
  [9890/15116] ok=9890 skipped=0 failed=0
  [9900/15116] ok=9900 skipped=0 failed=0
  [9910/15116] ok=9910 skipped=0 failed=0
  [9920/15116] ok=9920 skipped=0 failed=0
  [9930/15116] ok=9930 skipped=0 failed=0
  [9940/15116] ok=9940 skipped=0 failed=0
  [9950/15116] ok=9950 skipped=0 failed=0
  [9960/15116] ok=9960 skipped=0 failed=0
  [9970/15116] ok=9970 skipped=0 failed=0
  [9980/15116] ok=9980 skipped=0 failed=0
  [9990/15116] ok=9990 skipped=0 failed=0
  [10000/15116] ok=10000 skipped=0 failed=0
  [10010/15116] ok=10010 skipped=0 failed=0
  [10020/15116] ok=10020 skipped=0 failed=0
  [10030/15116] ok=10030 skipped=0 failed=0
  [10040/15116] ok=10040 skipped=0 failed=0
  [10050/15116] ok=10050 skipped=0 failed=0
  [10060/15116] ok=10060 skipped=0 failed=0
  [10070/15116] ok=10070 skipped=0 failed=0
  [10080/15116] ok=10080 skipped=0 failed=0
  [10090/15116] ok=10090 skipped=0 failed=0
  [10100/15116] ok=10100 skipped=0 failed=0
  [10110/15116] ok=10110 skipped=0 failed=0
  [10120/15116] ok=10120 skipped=0 failed=0
  [10130/15116] ok=10130 skipped=0 failed=0
  [10140/15116] ok=10140 skipped=0 failed=0
  [10150/15116] ok=10150 skipped=0 failed=0
  [10160/15116] ok=10160 skipped=0 failed=0
  [10170/15116] ok=10170 skipped=0 failed=0
  [10180/15116] ok=10180 skipped=0 failed=0
  [10190/15116] ok=10190 skipped=0 failed=0
  [10200/15116] ok=10200 skipped=0 failed=0
  [10210/15116] ok=10210 skipped=0 failed=0
  [10220/15116] ok=10220 skipped=0 failed=0
  [10230/15116] ok=10230 skipped=0 failed=0
  [10240/15116] ok=10240 skipped=0 failed=0
  [10250/15116] ok=10250 skipped=0 failed=0
  [10260/15116] ok=10260 skipped=0 failed=0
  [10270/15116] ok=10270 skipped=0 failed=0
  [10280/15116] ok=10280 skipped=0 failed=0
  [10290/15116] ok=10290 skipped=0 failed=0
  [10300/15116] ok=10300 skipped=0 failed=0
  [10310/15116] ok=10310 skipped=0 failed=0
  [10320/15116] ok=10320 skipped=0 failed=0
  [10330/15116] ok=10330 skipped=0 failed=0
  [10340/15116] ok=10340 skipped=0 failed=0
  [10350/15116] ok=10350 skipped=0 failed=0
  [10360/15116] ok=10360 skipped=0 failed=0
  [10370/15116] ok=10370 skipped=0 failed=0
  [10380/15116] ok=10380 skipped=0 failed=0
  [10390/15116] ok=10390 skipped=0 failed=0
  [10400/15116] ok=10400 skipped=0 failed=0
  [10410/15116] ok=10410 skipped=0 failed=0
  [10420/15116] ok=10420 skipped=0 failed=0
  [10430/15116] ok=10430 skipped=0 failed=0
  [10440/15116] ok=10440 skipped=0 failed=0
  [10450/15116] ok=10450 skipped=0 failed=0
  [10460/15116] ok=10460 skipped=0 failed=0
  [10470/15116] ok=10470 skipped=0 failed=0
  [10480/15116] ok=10480 skipped=0 failed=0
  [10490/15116] ok=10490 skipped=0 failed=0
  [10500/15116] ok=10500 skipped=0 failed=0
  [10510/15116] ok=10510 skipped=0 failed=0
  [10520/15116] ok=10520 skipped=0 failed=0
  [10530/15116] ok=10530 skipped=0 failed=0
  [10540/15116] ok=10540 skipped=0 failed=0
  [10550/15116] ok=10550 skipped=0 failed=0
  [10560/15116] ok=10560 skipped=0 failed=0
  [10570/15116] ok=10570 skipped=0 failed=0
  [10580/15116] ok=10580 skipped=0 failed=0
  [10590/15116] ok=10590 skipped=0 failed=0
  [10600/15116] ok=10600 skipped=0 failed=0
  [10610/15116] ok=10610 skipped=0 failed=0
  [10620/15116] ok=10620 skipped=0 failed=0
  [10630/15116] ok=10630 skipped=0 failed=0
  [10640/15116] ok=10640 skipped=0 failed=0
  [10650/15116] ok=10650 skipped=0 failed=0
  [10660/15116] ok=10660 skipped=0 failed=0
  [10670/15116] ok=10670 skipped=0 failed=0
  [10680/15116] ok=10680 skipped=0 failed=0
  [10690/15116] ok=10690 skipped=0 failed=0
  [10700/15116] ok=10700 skipped=0 failed=0
  [10710/15116] ok=10710 skipped=0 failed=0
  [10720/15116] ok=10720 skipped=0 failed=0
  [10730/15116] ok=10730 skipped=0 failed=0
  [10740/15116] ok=10740 skipped=0 failed=0
  [10750/15116] ok=10750 skipped=0 failed=0
  [10760/15116] ok=10760 skipped=0 failed=0
  [10770/15116] ok=10770 skipped=0 failed=0
  [10780/15116] ok=10780 skipped=0 failed=0
  [10790/15116] ok=10790 skipped=0 failed=0
  [10800/15116] ok=10800 skipped=0 failed=0
  [10810/15116] ok=10810 skipped=0 failed=0
  [10820/15116] ok=10820 skipped=0 failed=0
  [10830/15116] ok=10830 skipped=0 failed=0
  [10840/15116] ok=10840 skipped=0 failed=0
  [10850/15116] ok=10850 skipped=0 failed=0
  [10860/15116] ok=10860 skipped=0 failed=0
  [10870/15116] ok=10870 skipped=0 failed=0
  [10880/15116] ok=10880 skipped=0 failed=0
  [10890/15116] ok=10890 skipped=0 failed=0
  [10900/15116] ok=10900 skipped=0 failed=0
  [10910/15116] ok=10910 skipped=0 failed=0
  [10920/15116] ok=10920 skipped=0 failed=0
  [10930/15116] ok=10930 skipped=0 failed=0
  [10940/15116] ok=10940 skipped=0 failed=0
  [10950/15116] ok=10950 skipped=0 failed=0
  [10960/15116] ok=10960 skipped=0 failed=0
  [10970/15116] ok=10970 skipped=0 failed=0
  [10980/15116] ok=10980 skipped=0 failed=0
  [10990/15116] ok=10990 skipped=0 failed=0
  [11000/15116] ok=11000 skipped=0 failed=0
  [11010/15116] ok=11010 skipped=0 failed=0
  [11020/15116] ok=11020 skipped=0 failed=0
  [11030/15116] ok=11030 skipped=0 failed=0
  [11040/15116] ok=11040 skipped=0 failed=0
  [11050/15116] ok=11050 skipped=0 failed=0
  [11060/15116] ok=11060 skipped=0 failed=0
  [11070/15116] ok=11070 skipped=0 failed=0
  [11080/15116] ok=11080 skipped=0 failed=0
  [11090/15116] ok=11090 skipped=0 failed=0
  [11100/15116] ok=11100 skipped=0 failed=0
  [11110/15116] ok=11110 skipped=0 failed=0
  [11120/15116] ok=11120 skipped=0 failed=0
  [11130/15116] ok=11130 skipped=0 failed=0
  [11140/15116] ok=11140 skipped=0 failed=0
  [11150/15116] ok=11150 skipped=0 failed=0
  [11160/15116] ok=11160 skipped=0 failed=0
  [11170/15116] ok=11170 skipped=0 failed=0
  [11180/15116] ok=11180 skipped=0 failed=0
  [11190/15116] ok=11190 skipped=0 failed=0
  [11200/15116] ok=11200 skipped=0 failed=0
  [11210/15116] ok=11210 skipped=0 failed=0
  [11220/15116] ok=11220 skipped=0 failed=0
  [11230/15116] ok=11230 skipped=0 failed=0
  [11240/15116] ok=11240 skipped=0 failed=0
  [11250/15116] ok=11250 skipped=0 failed=0
  [11260/15116] ok=11260 skipped=0 failed=0
  [11270/15116] ok=11270 skipped=0 failed=0
  [11280/15116] ok=11280 skipped=0 failed=0
  [11290/15116] ok=11290 skipped=0 failed=0
  [11300/15116] ok=11300 skipped=0 failed=0
  [11310/15116] ok=11310 skipped=0 failed=0
  [11320/15116] ok=11320 skipped=0 failed=0
  [11330/15116] ok=11330 skipped=0 failed=0
  [11340/15116] ok=11340 skipped=0 failed=0
  [11350/15116] ok=11350 skipped=0 failed=0
  [11360/15116] ok=11360 skipped=0 failed=0
  [11370/15116] ok=11370 skipped=0 failed=0
  [11380/15116] ok=11380 skipped=0 failed=0
  [11390/15116] ok=11390 skipped=0 failed=0
  [11400/15116] ok=11400 skipped=0 failed=0
  [11410/15116] ok=11410 skipped=0 failed=0
  [11420/15116] ok=11420 skipped=0 failed=0
  [11430/15116] ok=11430 skipped=0 failed=0
  [11440/15116] ok=11440 skipped=0 failed=0
  [11450/15116] ok=11450 skipped=0 failed=0
  [11460/15116] ok=11460 skipped=0 failed=0
  [11470/15116] ok=11470 skipped=0 failed=0
  [11480/15116] ok=11480 skipped=0 failed=0
  [11490/15116] ok=11490 skipped=0 failed=0
  [11500/15116] ok=11500 skipped=0 failed=0
  [11510/15116] ok=11510 skipped=0 failed=0
  [11520/15116] ok=11520 skipped=0 failed=0
  [11530/15116] ok=11530 skipped=0 failed=0
  [11540/15116] ok=11540 skipped=0 failed=0
  [11550/15116] ok=11550 skipped=0 failed=0
  [11560/15116] ok=11560 skipped=0 failed=0
  [11570/15116] ok=11570 skipped=0 failed=0
  [11580/15116] ok=11580 skipped=0 failed=0
  [11590/15116] ok=11590 skipped=0 failed=0
  [11600/15116] ok=11600 skipped=0 failed=0
  [11610/15116] ok=11610 skipped=0 failed=0
  [11620/15116] ok=11620 skipped=0 failed=0
  [11630/15116] ok=11630 skipped=0 failed=0
  [11640/15116] ok=11640 skipped=0 failed=0
  [11650/15116] ok=11650 skipped=0 failed=0
  [11660/15116] ok=11660 skipped=0 failed=0
  [11670/15116] ok=11670 skipped=0 failed=0
  [11680/15116] ok=11680 skipped=0 failed=0
  [11690/15116] ok=11690 skipped=0 failed=0
  [11700/15116] ok=11700 skipped=0 failed=0
  [11710/15116] ok=11710 skipped=0 failed=0
  [11720/15116] ok=11720 skipped=0 failed=0
  [11730/15116] ok=11730 skipped=0 failed=0
  [11740/15116] ok=11740 skipped=0 failed=0
  [11750/15116] ok=11750 skipped=0 failed=0
  [11760/15116] ok=11760 skipped=0 failed=0
  [11770/15116] ok=11770 skipped=0 failed=0
  [11780/15116] ok=11780 skipped=0 failed=0
  [11790/15116] ok=11790 skipped=0 failed=0
  [11800/15116] ok=11800 skipped=0 failed=0
  [11810/15116] ok=11810 skipped=0 failed=0
  [11820/15116] ok=11820 skipped=0 failed=0
  [11830/15116] ok=11830 skipped=0 failed=0
  [11840/15116] ok=11840 skipped=0 failed=0
  [11850/15116] ok=11850 skipped=0 failed=0
  [11860/15116] ok=11860 skipped=0 failed=0
  [11870/15116] ok=11870 skipped=0 failed=0
  [11880/15116] ok=11880 skipped=0 failed=0
  [11890/15116] ok=11890 skipped=0 failed=0
  [11900/15116] ok=11900 skipped=0 failed=0
  [11910/15116] ok=11910 skipped=0 failed=0
  [11920/15116] ok=11920 skipped=0 failed=0
  [11930/15116] ok=11930 skipped=0 failed=0
  [11940/15116] ok=11940 skipped=0 failed=0
  [11950/15116] ok=11950 skipped=0 failed=0
  [11960/15116] ok=11960 skipped=0 failed=0
  [11970/15116] ok=11970 skipped=0 failed=0
  [11980/15116] ok=11980 skipped=0 failed=0
  [11990/15116] ok=11990 skipped=0 failed=0
  [12000/15116] ok=12000 skipped=0 failed=0
  [12010/15116] ok=12010 skipped=0 failed=0
  [12020/15116] ok=12020 skipped=0 failed=0
  [12030/15116] ok=12030 skipped=0 failed=0
  [12040/15116] ok=12040 skipped=0 failed=0
  [12050/15116] ok=12050 skipped=0 failed=0
  [12060/15116] ok=12060 skipped=0 failed=0
  [12070/15116] ok=12070 skipped=0 failed=0
  [12080/15116] ok=12080 skipped=0 failed=0
  [12090/15116] ok=12090 skipped=0 failed=0
  [12100/15116] ok=12100 skipped=0 failed=0
  [12110/15116] ok=12110 skipped=0 failed=0
  [12120/15116] ok=12120 skipped=0 failed=0
  [12130/15116] ok=12130 skipped=0 failed=0
  [12140/15116] ok=12140 skipped=0 failed=0
  [12150/15116] ok=12150 skipped=0 failed=0
  [12160/15116] ok=12160 skipped=0 failed=0
  [12170/15116] ok=12170 skipped=0 failed=0
  [12180/15116] ok=12180 skipped=0 failed=0
  [12190/15116] ok=12190 skipped=0 failed=0
  [12200/15116] ok=12200 skipped=0 failed=0
  [12210/15116] ok=12210 skipped=0 failed=0
  [12220/15116] ok=12220 skipped=0 failed=0
  [12230/15116] ok=12230 skipped=0 failed=0
  [12240/15116] ok=12240 skipped=0 failed=0
  [12250/15116] ok=12250 skipped=0 failed=0
  [12260/15116] ok=12260 skipped=0 failed=0
  [12270/15116] ok=12270 skipped=0 failed=0
  [12280/15116] ok=12280 skipped=0 failed=0
  [12290/15116] ok=12290 skipped=0 failed=0
  [12300/15116] ok=12300 skipped=0 failed=0
  [12310/15116] ok=12310 skipped=0 failed=0
  [12320/15116] ok=12320 skipped=0 failed=0
  [12330/15116] ok=12330 skipped=0 failed=0
  [12340/15116] ok=12340 skipped=0 failed=0
  [12350/15116] ok=12350 skipped=0 failed=0
  [12360/15116] ok=12360 skipped=0 failed=0
  [12370/15116] ok=12370 skipped=0 failed=0
  [12380/15116] ok=12380 skipped=0 failed=0
  [12390/15116] ok=12390 skipped=0 failed=0
  [12400/15116] ok=12400 skipped=0 failed=0
  [12410/15116] ok=12410 skipped=0 failed=0
  [12420/15116] ok=12420 skipped=0 failed=0
  [12430/15116] ok=12430 skipped=0 failed=0
  [12440/15116] ok=12440 skipped=0 failed=0
  [12450/15116] ok=12450 skipped=0 failed=0
  [12460/15116] ok=12460 skipped=0 failed=0
  [12470/15116] ok=12470 skipped=0 failed=0
  [12480/15116] ok=12480 skipped=0 failed=0
  [12490/15116] ok=12490 skipped=0 failed=0
  [12500/15116] ok=12500 skipped=0 failed=0
  [12510/15116] ok=12510 skipped=0 failed=0
  [12520/15116] ok=12520 skipped=0 failed=0
  [12530/15116] ok=12530 skipped=0 failed=0
  [12540/15116] ok=12540 skipped=0 failed=0
  [12550/15116] ok=12550 skipped=0 failed=0
  [12560/15116] ok=12560 skipped=0 failed=0
  [12570/15116] ok=12570 skipped=0 failed=0
  [12580/15116] ok=12580 skipped=0 failed=0
  [12590/15116] ok=12590 skipped=0 failed=0
  [12600/15116] ok=12600 skipped=0 failed=0
  [12610/15116] ok=12610 skipped=0 failed=0
  [12620/15116] ok=12620 skipped=0 failed=0
  [12630/15116] ok=12630 skipped=0 failed=0
  [12640/15116] ok=12640 skipped=0 failed=0
  [12650/15116] ok=12650 skipped=0 failed=0
  [12660/15116] ok=12660 skipped=0 failed=0
  [12670/15116] ok=12670 skipped=0 failed=0
  [12680/15116] ok=12680 skipped=0 failed=0
  [12690/15116] ok=12690 skipped=0 failed=0
  [12700/15116] ok=12700 skipped=0 failed=0
  [12710/15116] ok=12710 skipped=0 failed=0
  [12720/15116] ok=12720 skipped=0 failed=0
  [12730/15116] ok=12730 skipped=0 failed=0
  [12740/15116] ok=12740 skipped=0 failed=0
  [12750/15116] ok=12750 skipped=0 failed=0
  [12760/15116] ok=12760 skipped=0 failed=0
  [12770/15116] ok=12770 skipped=0 failed=0
  [12780/15116] ok=12780 skipped=0 failed=0
  [12790/15116] ok=12790 skipped=0 failed=0
  [12800/15116] ok=12800 skipped=0 failed=0
  [12810/15116] ok=12810 skipped=0 failed=0
  [12820/15116] ok=12820 skipped=0 failed=0
  [12830/15116] ok=12830 skipped=0 failed=0
  [12840/15116] ok=12840 skipped=0 failed=0
  [12850/15116] ok=12850 skipped=0 failed=0
  [12860/15116] ok=12860 skipped=0 failed=0
  [12870/15116] ok=12870 skipped=0 failed=0
  [12880/15116] ok=12880 skipped=0 failed=0
  [12890/15116] ok=12890 skipped=0 failed=0
  [12900/15116] ok=12900 skipped=0 failed=0
  [12910/15116] ok=12910 skipped=0 failed=0
  [12920/15116] ok=12920 skipped=0 failed=0
  [12930/15116] ok=12930 skipped=0 failed=0
  [12940/15116] ok=12940 skipped=0 failed=0
  [12950/15116] ok=12950 skipped=0 failed=0
  [12960/15116] ok=12960 skipped=0 failed=0
  [12970/15116] ok=12970 skipped=0 failed=0
  [12980/15116] ok=12980 skipped=0 failed=0
  [12990/15116] ok=12990 skipped=0 failed=0
  [13000/15116] ok=13000 skipped=0 failed=0
  [13010/15116] ok=13010 skipped=0 failed=0
  [13020/15116] ok=13020 skipped=0 failed=0
  [13030/15116] ok=13030 skipped=0 failed=0
  [13040/15116] ok=13040 skipped=0 failed=0
  [13050/15116] ok=13050 skipped=0 failed=0
  [13060/15116] ok=13060 skipped=0 failed=0
  [13070/15116] ok=13070 skipped=0 failed=0
  [13080/15116] ok=13080 skipped=0 failed=0
  [13090/15116] ok=13090 skipped=0 failed=0
  [13100/15116] ok=13100 skipped=0 failed=0
  [13110/15116] ok=13110 skipped=0 failed=0
  [13120/15116] ok=13120 skipped=0 failed=0
  [13130/15116] ok=13130 skipped=0 failed=0
  [13140/15116] ok=13140 skipped=0 failed=0
  [13150/15116] ok=13150 skipped=0 failed=0
  [13160/15116] ok=13160 skipped=0 failed=0
  [13170/15116] ok=13170 skipped=0 failed=0
  [13180/15116] ok=13180 skipped=0 failed=0
  [13190/15116] ok=13190 skipped=0 failed=0
  [13200/15116] ok=13200 skipped=0 failed=0
  [13210/15116] ok=13210 skipped=0 failed=0
  [13220/15116] ok=13220 skipped=0 failed=0
  [13230/15116] ok=13230 skipped=0 failed=0
  [13240/15116] ok=13240 skipped=0 failed=0
  [13250/15116] ok=13250 skipped=0 failed=0
  [13260/15116] ok=13260 skipped=0 failed=0
  [13270/15116] ok=13270 skipped=0 failed=0
  [13280/15116] ok=13280 skipped=0 failed=0
  [13290/15116] ok=13290 skipped=0 failed=0
  [13300/15116] ok=13300 skipped=0 failed=0
  [13310/15116] ok=13310 skipped=0 failed=0
  [13320/15116] ok=13320 skipped=0 failed=0
  [13330/15116] ok=13330 skipped=0 failed=0
  [13340/15116] ok=13340 skipped=0 failed=0
  [13350/15116] ok=13350 skipped=0 failed=0
  [13360/15116] ok=13360 skipped=0 failed=0
  [13370/15116] ok=13370 skipped=0 failed=0
  [13380/15116] ok=13380 skipped=0 failed=0
  [13390/15116] ok=13390 skipped=0 failed=0
  [13400/15116] ok=13400 skipped=0 failed=0
  [13410/15116] ok=13410 skipped=0 failed=0
  [13420/15116] ok=13420 skipped=0 failed=0
  [13430/15116] ok=13430 skipped=0 failed=0
  [13440/15116] ok=13440 skipped=0 failed=0
  [13450/15116] ok=13450 skipped=0 failed=0
  [13460/15116] ok=13460 skipped=0 failed=0
  [13470/15116] ok=13470 skipped=0 failed=0
  [13480/15116] ok=13480 skipped=0 failed=0
  [13490/15116] ok=13490 skipped=0 failed=0
  [13500/15116] ok=13500 skipped=0 failed=0
  [13510/15116] ok=13510 skipped=0 failed=0
  [13520/15116] ok=13520 skipped=0 failed=0
  [13530/15116] ok=13530 skipped=0 failed=0
  [13540/15116] ok=13540 skipped=0 failed=0
  [13550/15116] ok=13550 skipped=0 failed=0
  [13560/15116] ok=13560 skipped=0 failed=0
  [13570/15116] ok=13570 skipped=0 failed=0
  [13580/15116] ok=13580 skipped=0 failed=0
  [13590/15116] ok=13590 skipped=0 failed=0
  [13600/15116] ok=13600 skipped=0 failed=0
  [13610/15116] ok=13610 skipped=0 failed=0
  [13620/15116] ok=13620 skipped=0 failed=0
  [13630/15116] ok=13630 skipped=0 failed=0
  [13640/15116] ok=13640 skipped=0 failed=0
  [13650/15116] ok=13650 skipped=0 failed=0
  [13660/15116] ok=13660 skipped=0 failed=0
  [13670/15116] ok=13670 skipped=0 failed=0
  [13680/15116] ok=13680 skipped=0 failed=0
  [13690/15116] ok=13690 skipped=0 failed=0
  [13700/15116] ok=13700 skipped=0 failed=0
  [13710/15116] ok=13710 skipped=0 failed=0
  [13720/15116] ok=13720 skipped=0 failed=0
  [13730/15116] ok=13730 skipped=0 failed=0
  [13740/15116] ok=13740 skipped=0 failed=0
  [13750/15116] ok=13750 skipped=0 failed=0
  [13760/15116] ok=13760 skipped=0 failed=0
  [13770/15116] ok=13770 skipped=0 failed=0
  [13780/15116] ok=13780 skipped=0 failed=0
  [13790/15116] ok=13790 skipped=0 failed=0
  [13800/15116] ok=13800 skipped=0 failed=0
  [13810/15116] ok=13810 skipped=0 failed=0
  [13820/15116] ok=13820 skipped=0 failed=0
  [13830/15116] ok=13830 skipped=0 failed=0
  [13840/15116] ok=13840 skipped=0 failed=0
  [13850/15116] ok=13850 skipped=0 failed=0
  [13860/15116] ok=13860 skipped=0 failed=0
  [13870/15116] ok=13870 skipped=0 failed=0
  [13880/15116] ok=13880 skipped=0 failed=0
  [13890/15116] ok=13890 skipped=0 failed=0
  [13900/15116] ok=13900 skipped=0 failed=0
  [13910/15116] ok=13910 skipped=0 failed=0
  [13920/15116] ok=13920 skipped=0 failed=0
  [13930/15116] ok=13930 skipped=0 failed=0
  [13940/15116] ok=13940 skipped=0 failed=0
  [13950/15116] ok=13950 skipped=0 failed=0
  [13960/15116] ok=13960 skipped=0 failed=0
  [13970/15116] ok=13970 skipped=0 failed=0
  [13980/15116] ok=13980 skipped=0 failed=0
  [13990/15116] ok=13990 skipped=0 failed=0
  [14000/15116] ok=14000 skipped=0 failed=0
  [14010/15116] ok=14010 skipped=0 failed=0
  [14020/15116] ok=14020 skipped=0 failed=0
  [14030/15116] ok=14030 skipped=0 failed=0
  [14040/15116] ok=14040 skipped=0 failed=0
  [14050/15116] ok=14050 skipped=0 failed=0
  [14060/15116] ok=14060 skipped=0 failed=0
  [14070/15116] ok=14070 skipped=0 failed=0
  [14080/15116] ok=14080 skipped=0 failed=0
  [14090/15116] ok=14090 skipped=0 failed=0
  [14100/15116] ok=14100 skipped=0 failed=0
  [14110/15116] ok=14110 skipped=0 failed=0
  [14120/15116] ok=14120 skipped=0 failed=0
  [14130/15116] ok=14130 skipped=0 failed=0
  [14140/15116] ok=14140 skipped=0 failed=0
  [14150/15116] ok=14150 skipped=0 failed=0
  [14160/15116] ok=14160 skipped=0 failed=0
  [14170/15116] ok=14170 skipped=0 failed=0
  [14180/15116] ok=14180 skipped=0 failed=0
  [14190/15116] ok=14190 skipped=0 failed=0
  [14200/15116] ok=14200 skipped=0 failed=0
  [14210/15116] ok=14210 skipped=0 failed=0
  [14220/15116] ok=14220 skipped=0 failed=0
  [14230/15116] ok=14230 skipped=0 failed=0
  [14240/15116] ok=14240 skipped=0 failed=0
  [14250/15116] ok=14250 skipped=0 failed=0
  [14260/15116] ok=14260 skipped=0 failed=0
  [14270/15116] ok=14270 skipped=0 failed=0
  [14280/15116] ok=14280 skipped=0 failed=0
  [14290/15116] ok=14290 skipped=0 failed=0
  [14300/15116] ok=14300 skipped=0 failed=0
  [14310/15116] ok=14310 skipped=0 failed=0
  [14320/15116] ok=14320 skipped=0 failed=0
  [14330/15116] ok=14330 skipped=0 failed=0
  [14340/15116] ok=14340 skipped=0 failed=0
  [14350/15116] ok=14350 skipped=0 failed=0
  [14360/15116] ok=14360 skipped=0 failed=0
  [14370/15116] ok=14370 skipped=0 failed=0
  [14380/15116] ok=14380 skipped=0 failed=0
  [14390/15116] ok=14390 skipped=0 failed=0
  [14400/15116] ok=14400 skipped=0 failed=0
  [14410/15116] ok=14410 skipped=0 failed=0
  [14420/15116] ok=14420 skipped=0 failed=0
  [14430/15116] ok=14430 skipped=0 failed=0
  [14440/15116] ok=14440 skipped=0 failed=0
  [14450/15116] ok=14450 skipped=0 failed=0
  [14460/15116] ok=14460 skipped=0 failed=0
  [14470/15116] ok=14470 skipped=0 failed=0
  [14480/15116] ok=14480 skipped=0 failed=0
  [14490/15116] ok=14490 skipped=0 failed=0
  [14500/15116] ok=14500 skipped=0 failed=0
  [14510/15116] ok=14510 skipped=0 failed=0
  [14520/15116] ok=14520 skipped=0 failed=0
  [14530/15116] ok=14530 skipped=0 failed=0
  [14540/15116] ok=14540 skipped=0 failed=0
  [14550/15116] ok=14550 skipped=0 failed=0
  [14560/15116] ok=14560 skipped=0 failed=0
  [14570/15116] ok=14570 skipped=0 failed=0
  [14580/15116] ok=14580 skipped=0 failed=0
  [14590/15116] ok=14590 skipped=0 failed=0
  [14600/15116] ok=14600 skipped=0 failed=0
  [14610/15116] ok=14610 skipped=0 failed=0
  [14620/15116] ok=14620 skipped=0 failed=0
  [14630/15116] ok=14630 skipped=0 failed=0
  [14640/15116] ok=14640 skipped=0 failed=0
  [14650/15116] ok=14650 skipped=0 failed=0
  [14660/15116] ok=14660 skipped=0 failed=0
  [14670/15116] ok=14670 skipped=0 failed=0
  [14680/15116] ok=14680 skipped=0 failed=0
  [14690/15116] ok=14690 skipped=0 failed=0
  [14700/15116] ok=14700 skipped=0 failed=0
  [14710/15116] ok=14710 skipped=0 failed=0
  [14720/15116] ok=14720 skipped=0 failed=0
  [14730/15116] ok=14730 skipped=0 failed=0
  [14740/15116] ok=14740 skipped=0 failed=0
  [14750/15116] ok=14750 skipped=0 failed=0
  [14760/15116] ok=14760 skipped=0 failed=0
  [14770/15116] ok=14770 skipped=0 failed=0
  [14780/15116] ok=14780 skipped=0 failed=0
  [14790/15116] ok=14790 skipped=0 failed=0
  [14800/15116] ok=14800 skipped=0 failed=0
  [14810/15116] ok=14810 skipped=0 failed=0
  [14820/15116] ok=14820 skipped=0 failed=0
  [14830/15116] ok=14830 skipped=0 failed=0
  [14840/15116] ok=14840 skipped=0 failed=0
  [14850/15116] ok=14850 skipped=0 failed=0
  [14860/15116] ok=14860 skipped=0 failed=0
  [14870/15116] ok=14870 skipped=0 failed=0
  [14880/15116] ok=14880 skipped=0 failed=0
  [14890/15116] ok=14890 skipped=0 failed=0
  [14900/15116] ok=14900 skipped=0 failed=0
  [14910/15116] ok=14910 skipped=0 failed=0
  [14920/15116] ok=14920 skipped=0 failed=0
  [14930/15116] ok=14930 skipped=0 failed=0
  [14940/15116] ok=14940 skipped=0 failed=0
  [14950/15116] ok=14950 skipped=0 failed=0
  [14960/15116] ok=14960 skipped=0 failed=0
  [14970/15116] ok=14970 skipped=0 failed=0
  [14980/15116] ok=14980 skipped=0 failed=0
  [14990/15116] ok=14990 skipped=0 failed=0
  [15000/15116] ok=15000 skipped=0 failed=0
  [15010/15116] ok=15010 skipped=0 failed=0
  [15020/15116] ok=15020 skipped=0 failed=0
  [15030/15116] ok=15030 skipped=0 failed=0
  [15040/15116] ok=15040 skipped=0 failed=0
  [15050/15116] ok=15050 skipped=0 failed=0
  [15060/15116] ok=15060 skipped=0 failed=0
  [15070/15116] ok=15070 skipped=0 failed=0
  [15080/15116] ok=15080 skipped=0 failed=0
  [15090/15116] ok=15090 skipped=0 failed=0
  [15100/15116] ok=15100 skipped=0 failed=0
  [15110/15116] ok=15110 skipped=0 failed=0
  [15116/15116] ok=15116 skipped=0 failed=0

[완료]
  성공: 15116 | 스킵(이미 존재): 0 | 실패: 0
