[15:19:34] ──────────────────── Epoch 01/30 ────────────────────
[15:20:37] [ep01|s0010]  rw=-0.459  cd=-0.545  reg=0.086  │  e+=-0.84(±0.062)  e-=-0.30(±0.004)  sep=23.3  │  fm_e=-0.6  fm=off  │  ∇rw=16.55  ∇pol=1.23
[15:21:39] [ep01|s0020]  rw=-4.910  cd=-11.677  reg=6.767  │  e+=-5.83(±0.397)  e-=+5.78(±0.045)  sep=13.1  │  fm_e=-9.2  fm=off  │  ∇rw=36.55  ∇pol=1.17
[15:22:42] [ep01|s0030]  rw=-4.951  cd=-9.474  reg=4.524  │  e+=-4.39(±0.983)  e-=+5.00(±0.017)  sep=17.3  │  fm_e=-6.8  fm=off  │  ∇rw=3.83  ∇pol=2.10
[15:23:27] [ep01|s0040]  rw=+0.424  cd=-2.169  reg=2.593  │  e+=-3.32(±0.096)  e-=-1.18(±3.672)  sep=9.3  │  fm_e=+nan  fm=ON  │  ∇rw=26.92  ∇pol=1.03
[15:24:03] [ep01|s0050]  rw=-2.018  cd=-4.589  reg=2.571  │  e+=-3.51(±0.199)  e-=+1.09(±2.039)  sep=9.3  │  fm_e=+nan  fm=ON  │  ∇rw=126.71  ∇pol=0.82
[15:24:40] [ep01|s0060]  rw=-4.533  cd=-7.801  reg=3.268  │  e+=-2.94(±0.237)  e-=+4.84(±0.180)  sep=9.3  │  fm_e=+nan  fm=ON  │  ∇rw=22.34  ∇pol=0.84
[15:25:16] [ep01|s0070]  rw=-2.907  cd=-6.234  reg=3.328  │  e+=-2.10(±3.649)  e-=+3.94(±0.025)  sep=9.3  │  fm_e=+nan  fm=ON  │  ∇rw=19.93  ∇pol=0.94
[15:25:52] [ep01|s0080]  rw=-4.387  cd=-9.490  reg=5.103  │  e+=-5.36(±1.419)  e-=+4.39(±0.291)  sep=9.3  │  fm_e=+nan  fm=ON  │  ∇rw=93.99  ∇pol=1.28
[15:26:29] [ep01|s0090]  rw=-4.613  cd=-11.555  reg=6.942  │  e+=-4.86(±0.289)  e-=+6.74(±0.208)  sep=9.3  │  fm_e=+nan  fm=ON  │  ∇rw=24.94  ∇pol=0.73
[15:27:05] [ep01|s0100]  rw=-5.074  cd=-9.427  reg=4.353  │  e+=-4.10(±1.181)  e-=+5.00(±0.038)  sep=9.3  │  fm_e=+nan  fm=ON  │  ∇rw=20.80  ∇pol=0.99
[15:27:41] [ep01|s0110]  rw=-4.913  cd=-8.812  reg=3.898  │  e+=-4.56(±0.358)  e-=+4.23(±0.036)  sep=9.3  │  fm_e=+nan  fm=ON  │  ∇rw=8.67  ∇pol=0.74
[15:28:17] [ep01|s0120]  rw=-4.715  cd=-11.807  reg=7.092  │  e+=-5.15(±0.250)  e-=+6.65(±0.174)  sep=9.3  │  fm_e=+nan  fm=ON  │  ∇rw=57.11  ∇pol=0.95
[15:28:54] [ep01|s0130]  rw=-4.920  cd=-10.138  reg=5.218  │  e+=-5.14(±0.306)  e-=+5.06(±0.136)  sep=9.3  │  fm_e=+nan  fm=ON  │  ∇rw=3.66  ∇pol=0.89
[15:29:30] [ep01|s0140]  rw=-4.864  cd=-10.948  reg=6.084  │  e+=-6.06(±0.294)  e-=+4.90(±0.040)  sep=9.3  │  fm_e=+nan  fm=ON  │  ∇rw=61.19  ∇pol=0.61
[15:30:06] [ep01|s0150]  rw=-4.988  cd=-10.054  reg=5.065  │  e+=-5.09(±0.087)  e-=+4.97(±0.010)  sep=9.3  │  fm_e=+nan  fm=ON  │  ∇rw=1.25  ∇pol=0.75
[15:30:43] [ep01|s0160]  rw=+2.036  cd=-3.370  reg=5.405  │  e+=-5.19(±0.240)  e-=-1.80(±4.094)  sep=9.3  │  fm_e=+nan  fm=ON  │  ∇rw=486.54  ∇pol=0.79
[15:31:19] [ep01|s0170]  rw=-4.941  cd=-9.855  reg=4.914  │  e+=-4.92(±0.131)  e-=+4.98(±0.226)  sep=9.3  │  fm_e=+nan  fm=ON  │  ∇rw=2.92  ∇pol=0.60
[15:31:55] [ep01|s0180]  rw=+0.306  cd=-4.048  reg=4.354  │  e+=-0.41(±5.254)  e-=+3.68(±1.231)  sep=9.3  │  fm_e=+nan  fm=ON  │  ∇rw=179.37  ∇pol=0.64
[15:32:31] [ep01|s0190]  rw=-4.438  cd=-8.362  reg=3.924  │  e+=-5.45(±0.565)  e-=+2.89(±0.728)  sep=9.3  │  fm_e=+nan  fm=ON  │  ∇rw=38.80  ∇pol=0.74
[15:32:32] ══════════ VAL ep01 ══════════  ρ=+0.0522 (p=0.4900) [FAIL ✗]  AUROC(E)=0.4941  ECE=0.7143  N=177 ◀ BEST
[15:32:32]   ckpt saved → ckpt_epoch0001.pt
[15:32:32] ──────────────────── Epoch 02/30 ────────────────────
[15:33:08] [ep02|s0200]  rw=-4.811  cd=-9.249  reg=4.438  │  e+=-4.27(±0.134)  e-=+5.00(±0.297)  sep=9.3  │  fm_e=+nan  fm=ON  │  ∇rw=19.53  ∇pol=0.59
[15:33:45] [ep02|s0210]  rw=-4.932  cd=-10.633  reg=5.701  │  e+=-5.28(±0.154)  e-=+5.38(±0.151)  sep=9.3  │  fm_e=+nan  fm=ON  │  ∇rw=6.88  ∇pol=0.67
[15:34:21] [ep02|s0220]  rw=-5.181  cd=-9.326  reg=4.145  │  e+=-4.73(±0.900)  e-=+4.25(±0.365)  sep=9.3  │  fm_e=+nan  fm=ON  │  ∇rw=20.25  ∇pol=3.11
[15:35:29] ──────────────────── Epoch 01/30 ────────────────────
[15:36:32] [ep01|s0010]  rw=-0.461  cd=-0.546  reg=0.085  │  e+=-0.84(±0.062)  e-=-0.30(±0.004)  sep=-1.0  │  fm_e=-0.8  fm=off  │  ∇rw=16.36  ∇pol=1.27
[15:37:34] [ep01|s0020]  rw=-4.369  cd=-9.608  reg=5.239  │  e+=-5.52(±0.327)  e-=+4.03(±0.068)  sep=-1.0  │  fm_e=-9.4  fm=off  │  ∇rw=221.76  ∇pol=0.88
[15:38:36] [ep01|s0030]  rw=-4.973  cd=-10.150  reg=5.177  │  e+=-5.07(±0.632)  e-=+5.05(±0.045)  sep=-1.0  │  fm_e=-7.3  fm=off  │  ∇rw=9.45  ∇pol=1.79
[15:39:39] [ep01|s0040]  rw=-5.031  cd=-10.319  reg=5.288  │  e+=-5.06(±0.179)  e-=+5.21(±0.023)  sep=-1.0  │  fm_e=-6.3  fm=off  │  ∇rw=4.14  ∇pol=0.98
[15:40:41] [ep01|s0050]  rw=-4.995  cd=-9.853  reg=4.858  │  e+=-5.05(±0.116)  e-=+4.79(±0.015)  sep=-1.0  │  fm_e=-5.8  fm=off  │  ∇rw=4.36  ∇pol=0.78
[15:41:44] [ep01|s0060]  rw=-5.095  cd=-10.247  reg=5.152  │  e+=-5.14(±0.490)  e-=+4.97(±0.061)  sep=-1.0  │  fm_e=-6.0  fm=off  │  ∇rw=4.19  ∇pol=0.83
[15:42:47] [ep01|s0070]  rw=-4.922  cd=-9.962  reg=5.041  │  e+=-4.93(±0.247)  e-=+5.10(±0.005)  sep=-1.0  │  fm_e=-5.5  fm=off  │  ∇rw=2.35  ∇pol=0.81
[15:43:49] [ep01|s0080]  rw=-4.953  cd=-10.300  reg=5.347  │  e+=-5.21(±0.171)  e-=+5.12(±0.004)  sep=-1.0  │  fm_e=-5.5  fm=off  │  ∇rw=3.48  ∇pol=1.07
[15:44:52] [ep01|s0090]  rw=-4.822  cd=-10.444  reg=5.622  │  e+=-5.73(±0.744)  e-=+4.78(±0.015)  sep=-1.0  │  fm_e=-13.2  fm=off  │  ∇rw=7.72  ∇pol=0.83
[15:45:55] [ep01|s0100]  rw=-5.008  cd=-9.660  reg=4.652  │  e+=-4.71(±0.140)  e-=+4.93(±0.003)  sep=-1.0  │  fm_e=-7.6  fm=off  │  ∇rw=2.36  ∇pol=0.99
[15:46:57] [ep01|s0110]  rw=-4.878  cd=-9.315  reg=4.437  │  e+=-4.27(±0.704)  e-=+5.06(±0.008)  sep=-1.0  │  fm_e=-14.8  fm=off  │  ∇rw=3.17  ∇pol=0.74
[15:48:00] [ep01|s0120]  rw=-4.981  cd=-10.176  reg=5.195  │  e+=-5.10(±0.125)  e-=+5.08(±0.005)  sep=-1.0  │  fm_e=-6.0  fm=off  │  ∇rw=1.98  ∇pol=0.60
[15:49:03] [ep01|s0130]  rw=-4.978  cd=-10.069  reg=5.091  │  e+=-5.06(±0.134)  e-=+5.03(±0.003)  sep=-1.0  │  fm_e=-7.6  fm=off  │  ∇rw=1.81  ∇pol=0.86
[15:50:05] [ep01|s0140]  rw=-4.987  cd=-10.239  reg=5.252  │  e+=-5.23(±0.345)  e-=+5.00(±0.008)  sep=-1.0  │  fm_e=-8.7  fm=off  │  ∇rw=1.48  ∇pol=0.80
[15:51:08] [ep01|s0150]  rw=-4.966  cd=-9.833  reg=4.866  │  e+=-4.84(±0.297)  e-=+5.01(±0.006)  sep=-1.0  │  fm_e=-7.8  fm=off  │  ∇rw=1.15  ∇pol=0.97
[15:52:10] [ep01|s0160]  rw=-4.966  cd=-10.336  reg=5.370  │  e+=-5.27(±0.246)  e-=+5.08(±0.006)  sep=-1.0  │  fm_e=-14.8  fm=off  │  ∇rw=2.76  ∇pol=0.66
[15:53:13] [ep01|s0170]  rw=-5.088  cd=-10.272  reg=5.184  │  e+=-5.19(±0.362)  e-=+4.97(±0.003)  sep=-1.0  │  fm_e=-9.8  fm=off  │  ∇rw=1.87  ∇pol=0.62
[15:54:16] [ep01|s0180]  rw=-4.941  cd=-10.598  reg=5.657  │  e+=-5.50(±0.622)  e-=+5.09(±0.007)  sep=-1.0  │  fm_e=-12.8  fm=off  │  ∇rw=3.00  ∇pol=1.50
[15:55:18] [ep01|s0190]  rw=-4.943  cd=-9.773  reg=4.830  │  e+=-4.78(±0.738)  e-=+4.96(±0.005)  sep=15.8  │  fm_e=-9.0  fm=off  │  ∇rw=3.96  ∇pol=0.87
[15:55:19] ══════════ VAL ep01 ══════════  ρ=-0.1223 (p=0.1050) [FAIL ✗]  AUROC(E)=0.5015  ECE=0.7707  N=177 ◀ BEST
[15:55:19]   ckpt saved → ckpt_epoch0001.pt
[15:55:19] ──────────────────── Epoch 02/30 ────────────────────
[15:56:22] [ep02|s0200]  rw=-4.983  cd=-9.273  reg=4.290  │  e+=-4.25(±0.176)  e-=+4.97(±0.002)  sep=11.9  │  fm_e=-5.1  fm=off  │  ∇rw=6.68  ∇pol=0.78
[15:57:25] [ep02|s0210]  rw=-5.023  cd=-9.644  reg=4.621  │  e+=-4.52(±0.236)  e-=+5.07(±0.026)  sep=11.3  │  fm_e=-6.0  fm=off  │  ∇rw=4.91  ∇pol=0.74
[15:58:19] [ep02|s0220]  rw=+2.831  cd=-1.170  reg=4.001  │  e+=-3.80(±0.149)  e-=-2.64(±4.264)  sep=32.7  │  fm_e=+nan  fm=ON  │  ∇rw=65.32  ∇pol=0.50
[15:58:55] [ep02|s0230]  rw=-2.296  cd=-3.563  reg=1.268  │  e+=-0.68(±0.194)  e-=+2.94(±0.842)  sep=32.7  │  fm_e=+nan  fm=ON  │  ∇rw=144.86  ∇pol=0.85
[15:59:32] [ep02|s0240]  rw=-3.769  cd=-7.811  reg=4.042  │  e+=-4.39(±1.635)  e-=+3.87(±0.569)  sep=32.7  │  fm_e=+nan  fm=ON  │  ∇rw=157.54  ∇pol=1.00
[16:00:08] [ep02|s0250]  rw=-4.668  cd=-9.141  reg=4.473  │  e+=-4.78(±0.485)  e-=+4.48(±0.124)  sep=32.7  │  fm_e=+nan  fm=ON  │  ∇rw=61.48  ∇pol=0.66
[16:00:44] [ep02|s0260]  rw=-4.783  cd=-10.093  reg=5.310  │  e+=-4.48(±0.409)  e-=+5.66(±0.233)  sep=32.7  │  fm_e=+nan  fm=ON  │  ∇rw=17.03  ∇pol=0.43
[16:01:21] [ep02|s0270]  rw=-4.982  cd=-9.914  reg=4.932  │  e+=-4.82(±0.129)  e-=+5.09(±0.179)  sep=32.7  │  fm_e=+nan  fm=ON  │  ∇rw=2.79  ∇pol=0.57
[16:01:57] [ep02|s0280]  rw=-4.968  cd=-10.436  reg=5.468  │  e+=-5.14(±0.134)  e-=+5.27(±0.499)  sep=32.7  │  fm_e=+nan  fm=ON  │  ∇rw=7.51  ∇pol=0.71
[16:02:33] [ep02|s0290]  rw=-4.844  cd=-9.139  reg=4.295  │  e+=-4.77(±0.269)  e-=+4.47(±0.025)  sep=32.7  │  fm_e=+nan  fm=ON  │  ∇rw=11.67  ∇pol=0.76
[16:03:09] [ep02|s0300]  rw=-4.958  cd=-9.778  reg=4.820  │  e+=-5.15(±0.034)  e-=+4.63(±0.244)  sep=32.7  │  fm_e=+nan  fm=ON  │  ∇rw=21.07  ∇pol=0.60
[16:03:46] [ep02|s0310]  rw=-4.856  cd=-8.579  reg=3.722  │  e+=-4.51(±0.197)  e-=+4.09(±0.189)  sep=32.7  │  fm_e=+nan  fm=ON  │  ∇rw=8.11  ∇pol=0.58
[16:04:22] [ep02|s0320]  rw=-3.032  cd=-7.926  reg=4.894  │  e+=-5.86(±0.407)  e-=+2.06(±1.907)  sep=32.7  │  fm_e=+nan  fm=ON  │  ∇rw=372.59  ∇pol=0.53
[16:04:58] [ep02|s0330]  rw=+2.015  cd=-2.133  reg=4.148  │  e+=-4.80(±0.231)  e-=-2.66(±3.297)  sep=32.7  │  fm_e=+nan  fm=ON  │  ∇rw=72.23  ∇pol=0.42
[16:05:35] [ep02|s0340]  rw=-4.848  cd=-8.894  reg=4.046  │  e+=-4.92(±0.258)  e-=+3.98(±0.353)  sep=32.7  │  fm_e=+nan  fm=ON  │  ∇rw=23.09  ∇pol=0.65
[16:06:11] [ep02|s0350]  rw=-4.841  cd=-9.676  reg=4.834  │  e+=-4.63(±0.203)  e-=+5.07(±0.622)  sep=32.7  │  fm_e=+nan  fm=ON  │  ∇rw=33.51  ∇pol=0.94
[16:06:47] [ep02|s0360]  rw=-1.641  cd=-5.391  reg=3.749  │  e+=-5.47(±0.105)  e-=-0.07(±0.320)  sep=32.7  │  fm_e=+nan  fm=ON  │  ∇rw=623.92  ∇pol=0.87
[16:07:24] [ep02|s0370]  rw=-4.944  cd=-9.656  reg=4.712  │  e+=-4.80(±0.084)  e-=+4.86(±0.592)  sep=32.7  │  fm_e=+nan  fm=ON  │  ∇rw=4.78  ∇pol=0.60
[16:08:00] [ep02|s0380]  rw=-3.375  cd=-5.894  reg=2.518  │  e+=-2.98(±2.635)  e-=+2.65(±0.035)  sep=32.7  │  fm_e=+nan  fm=ON  │  ∇rw=136.90  ∇pol=0.86
[16:08:00] ══════════ VAL ep02 ══════════  ρ=+0.0040 (p=0.9580) [FAIL ✗]  AUROC(E)=0.4696  ECE=0.6983  N=177 ◀ BEST
[16:08:01]   ckpt saved → ckpt_epoch0002.pt
[16:08:01] ──────────────────── Epoch 03/30 ────────────────────
[16:08:37] [ep03|s0390]  rw=-4.447  cd=-8.136  reg=3.689  │  e+=-5.44(±0.486)  e-=+2.55(±0.583)  sep=32.7  │  fm_e=+nan  fm=ON  │  ∇rw=47.80  ∇pol=0.35
[16:09:13] [ep03|s0400]  rw=-4.972  cd=-11.701  reg=6.728  │  e+=-5.69(±0.520)  e-=+5.87(±0.312)  sep=32.7  │  fm_e=+nan  fm=ON  │  ∇rw=15.82  ∇pol=0.54
[16:09:50] [ep03|s0410]  rw=+2.675  cd=-1.945  reg=4.621  │  e+=-4.51(±0.183)  e-=-2.53(±4.380)  sep=32.7  │  fm_e=+nan  fm=ON  │  ∇rw=57.35  ∇pol=0.70
[16:10:26] [ep03|s0420]  rw=-4.742  cd=-9.328  reg=4.586  │  e+=-5.39(±0.686)  e-=+3.92(±0.318)  sep=32.7  │  fm_e=+nan  fm=ON  │  ∇rw=70.93  ∇pol=0.62
[16:11:02] [ep03|s0430]  rw=-4.955  cd=-10.423  reg=5.467  │  e+=-5.33(±0.307)  e-=+5.11(±0.113)  sep=32.7  │  fm_e=+nan  fm=ON  │  ∇rw=5.82  ∇pol=0.82
[16:11:38] [ep03|s0440]  rw=-4.952  cd=-10.670  reg=5.717  │  e+=-5.27(±0.277)  e-=+5.39(±0.114)  sep=32.7  │  fm_e=+nan  fm=ON  │  ∇rw=15.74  ∇pol=0.66
[16:12:15] [ep03|s0450]  rw=-3.541  cd=-5.934  reg=2.393  │  e+=-1.26(±0.309)  e-=+4.71(±0.187)  sep=32.7  │  fm_e=+nan  fm=ON  │  ∇rw=78.99  ∇pol=2.26
[16:12:51] [ep03|s0460]  rw=-4.909  cd=-10.956  reg=6.047  │  e+=-5.87(±0.320)  e-=+5.06(±0.233)  sep=32.7  │  fm_e=+nan  fm=ON  │  ∇rw=34.02  ∇pol=1.31
[16:13:27] [ep03|s0470]  rw=+3.441  cd=-1.609  reg=5.050  │  e+=-4.73(±0.109)  e-=-3.13(±4.234)  sep=32.7  │  fm_e=+nan  fm=ON  │  ∇rw=194.32  ∇pol=0.86
[16:14:04] [ep03|s0480]  rw=+4.583  cd=-1.897  reg=6.480  │  e+=-5.16(±0.410)  e-=-3.20(±5.176)  sep=32.7  │  fm_e=+nan  fm=ON  │  ∇rw=171.61  ∇pol=0.65
[16:14:40] [ep03|s0490]  rw=-4.848  cd=-10.035  reg=5.187  │  e+=-5.16(±0.300)  e-=+4.90(±0.581)  sep=32.7  │  fm_e=+nan  fm=ON  │  ∇rw=19.49  ∇pol=0.78
[16:15:16] [ep03|s0500]  rw=-4.887  cd=-11.237  reg=6.351  │  e+=-5.13(±0.225)  e-=+6.06(±0.295)  sep=32.7  │  fm_e=+nan  fm=ON  │  ∇rw=20.42  ∇pol=0.68
[16:15:53] [ep03|s0510]  rw=-4.868  cd=-8.569  reg=3.701  │  e+=-4.70(±0.183)  e-=+3.85(±0.202)  sep=32.7  │  fm_e=+nan  fm=ON  │  ∇rw=16.05  ∇pol=0.65
[16:16:29] [ep03|s0520]  rw=-4.797  cd=-9.034  reg=4.238  │  e+=-3.66(±0.075)  e-=+5.38(±0.175)  sep=32.7  │  fm_e=+nan  fm=ON  │  ∇rw=32.65  ∇pol=1.39
[16:17:05] [ep03|s0530]  rw=-4.974  cd=-10.144  reg=5.170  │  e+=-5.13(±0.033)  e-=+5.02(±0.279)  sep=32.7  │  fm_e=+nan  fm=ON  │  ∇rw=8.70  ∇pol=0.51
[16:17:41] [ep03|s0540]  rw=-5.003  cd=-10.284  reg=5.280  │  e+=-4.87(±0.156)  e-=+5.37(±0.166)  sep=32.7  │  fm_e=+nan  fm=ON  │  ∇rw=8.28  ∇pol=1.03
[16:18:18] [ep03|s0550]  rw=-0.898  cd=-5.772  reg=4.874  │  e+=-5.81(±1.591)  e-=-0.37(±3.474)  sep=32.7  │  fm_e=+nan  fm=ON  │  ∇rw=498.93  ∇pol=1.06
[16:18:54] [ep03|s0560]  rw=-5.027  cd=-9.514  reg=4.487  │  e+=-4.99(±0.251)  e-=+4.45(±0.261)  sep=32.7  │  fm_e=+nan  fm=ON  │  ∇rw=11.39  ∇pol=0.77
[16:19:30] [ep03|s0570]  rw=-4.502  cd=-7.412  reg=2.910  │  e+=-2.32(±2.916)  e-=+3.86(±0.404)  sep=32.7  │  fm_e=+nan  fm=ON  │  ∇rw=58.22  ∇pol=1.86
[16:19:31] ══════════ VAL ep03 ══════════  ρ=+0.0209 (p=0.7823) [FAIL ✗]  AUROC(E)=0.5116  ECE=0.5563  N=177 ◀ BEST
[16:19:31]   ckpt saved → ckpt_epoch0003.pt
[16:19:31] ──────────────────── Epoch 04/30 ────────────────────
[16:20:08] [ep04|s0580]  rw=-3.561  cd=-8.124  reg=4.563  │  e+=-2.71(±3.208)  e-=+5.28(±0.031)  sep=32.7  │  fm_e=+nan  fm=ON  │  ∇rw=29.86  ∇pol=0.63
[16:20:44] [ep04|s0590]  rw=-4.955  cd=-9.986  reg=5.031  │  e+=-5.39(±0.215)  e-=+4.59(±0.307)  sep=32.7  │  fm_e=+nan  fm=ON  │  ∇rw=10.42  ∇pol=0.43
[16:21:20] [ep04|s0600]  rw=-4.929  cd=-10.862  reg=5.933  │  e+=-5.17(±0.213)  e-=+5.69(±0.146)  sep=32.7  │  fm_e=+nan  fm=ON  │  ∇rw=11.88  ∇pol=0.68
[16:21:56] [ep04|s0610]  rw=-5.008  cd=-10.163  reg=5.155  │  e+=-5.40(±0.259)  e-=+4.71(±0.103)  sep=32.7  │  fm_e=+nan  fm=ON  │  ∇rw=7.20  ∇pol=0.49
[16:22:33] [ep04|s0620]  rw=-4.909  cd=-9.165  reg=4.256  │  e+=-4.67(±0.414)  e-=+4.53(±0.112)  sep=32.7  │  fm_e=+nan  fm=ON  │  ∇rw=7.93  ∇pol=0.71
[16:23:09] [ep04|s0630]  rw=-5.007  cd=-10.195  reg=5.188  │  e+=-4.61(±0.313)  e-=+5.52(±0.214)  sep=32.7  │  fm_e=+nan  fm=ON  │  ∇rw=12.01  ∇pol=0.86
[16:23:45] [ep04|s0640]  rw=+7.202  cd=-0.532  reg=7.734  │  e+=-5.02(±0.727)  e-=-4.48(±5.613)  sep=32.7  │  fm_e=+nan  fm=ON  │  ∇rw=192.49  ∇pol=14.64
[16:24:22] [ep04|s0650]  rw=-4.984  cd=-9.321  reg=4.337  │  e+=-4.42(±0.167)  e-=+4.88(±0.071)  sep=32.7  │  fm_e=+nan  fm=ON  │  ∇rw=7.42  ∇pol=0.67
[16:24:58] [ep04|s0660]  rw=-4.437  cd=-7.031  reg=2.595  │  e+=-2.88(±0.125)  e-=+4.18(±0.325)  sep=32.7  │  fm_e=+nan  fm=ON  │  ∇rw=29.71  ∇pol=0.62
[16:25:34] [ep04|s0670]  rw=+0.889  cd=-2.756  reg=3.645  │  e+=-3.83(±0.078)  e-=-1.08(±4.516)  sep=32.7  │  fm_e=+nan  fm=ON  │  ∇rw=87.36  ∇pol=14.92
[16:26:10] [ep04|s0680]  rw=-4.379  cd=-7.073  reg=2.694  │  e+=-4.42(±0.227)  e-=+2.63(±0.546)  sep=32.7  │  fm_e=+nan  fm=ON  │  ∇rw=47.90  ∇pol=0.43
[16:26:47] [ep04|s0690]  rw=-3.167  cd=-6.518  reg=3.351  │  e+=-3.61(±1.982)  e-=+2.70(±0.191)  sep=32.7  │  fm_e=+nan  fm=ON  │  ∇rw=114.44  ∇pol=0.50
[16:27:23] [ep04|s0700]  rw=-4.971  cd=-10.417  reg=5.446  │  e+=-5.28(±0.296)  e-=+5.12(±0.451)  sep=32.7  │  fm_e=+nan  fm=ON  │  ∇rw=3.46  ∇pol=0.51
[16:27:59] [ep04|s0710]  rw=-4.679  cd=-10.770  reg=6.091  │  e+=-5.76(±0.848)  e-=+5.18(±0.162)  sep=32.7  │  fm_e=+nan  fm=ON  │  ∇rw=22.22  ∇pol=0.43
[16:28:36] [ep04|s0720]  rw=-4.810  cd=-10.130  reg=5.320  │  e+=-5.45(±0.392)  e-=+4.80(±0.404)  sep=32.7  │  fm_e=+nan  fm=ON  │  ∇rw=8.36  ∇pol=1.16
[16:29:12] [ep04|s0730]  rw=-4.946  cd=-9.852  reg=4.905  │  e+=-5.12(±0.286)  e-=+4.76(±0.112)  sep=32.7  │  fm_e=+nan  fm=ON  │  ∇rw=7.18  ∇pol=0.56
[16:29:48] [ep04|s0740]  rw=-4.962  cd=-10.333  reg=5.370  │  e+=-5.31(±0.135)  e-=+5.05(±0.025)  sep=32.7  │  fm_e=+nan  fm=ON  │  ∇rw=4.44  ∇pol=0.69
[16:30:25] [ep04|s0750]  rw=-4.839  cd=-8.772  reg=3.932  │  e+=-3.74(±0.176)  e-=+5.02(±0.082)  sep=32.7  │  fm_e=+nan  fm=ON  │  ∇rw=16.54  ∇pol=0.67
[16:31:01] [ep04|s0760]  rw=-3.997  cd=-7.379  reg=3.382  │  e+=-4.29(±0.369)  e-=+3.05(±1.120)  sep=32.7  │  fm_e=+nan  fm=ON  │  ∇rw=311.00  ∇pol=0.55
[16:31:01] ══════════ VAL ep04 ══════════  ρ=+0.0141 (p=0.8518) [FAIL ✗]  AUROC(E)=0.4985  ECE=0.7505  N=177
[16:31:02]   ckpt saved → ckpt_epoch0004.pt
[16:31:02] ──────────────────── Epoch 05/30 ────────────────────
[16:31:38] [ep05|s0770]  rw=-5.020  cd=-10.249  reg=5.229  │  e+=-5.00(±0.269)  e-=+5.21(±0.065)  sep=32.7  │  fm_e=+nan  fm=ON  │  ∇rw=4.23  ∇pol=0.48
[16:32:14] [ep05|s0780]  rw=-4.989  cd=-9.773  reg=4.784  │  e+=-4.85(±0.215)  e-=+4.93(±0.070)  sep=32.7  │  fm_e=+nan  fm=ON  │  ∇rw=1.88  ∇pol=0.72
[16:32:51] [ep05|s0790]  rw=-4.903  cd=-8.958  reg=4.056  │  e+=-4.50(±0.560)  e-=+4.41(±0.365)  sep=32.7  │  fm_e=+nan  fm=ON  │  ∇rw=32.05  ∇pol=1.69
[16:33:27] [ep05|s0800]  rw=-5.040  cd=-9.122  reg=4.082  │  e+=-3.88(±0.644)  e-=+5.02(±0.384)  sep=32.7  │  fm_e=+nan  fm=ON  │  ∇rw=8.73  ∇pol=2.98
[16:34:03] [ep05|s0810]  rw=-0.944  cd=-1.955  reg=1.011  │  e+=-1.53(±1.128)  e-=+0.61(±2.198)  sep=32.7  │  fm_e=+nan  fm=ON  │  ∇rw=30.58  ∇pol=0.62
[16:34:39] [ep05|s0820]  rw=-3.341  cd=-8.075  reg=4.734  │  e+=-4.17(±3.465)  e-=+4.05(±0.477)  sep=32.7  │  fm_e=+nan  fm=ON  │  ∇rw=43.71  ∇pol=1.79
[16:35:16] [ep05|s0830]  rw=-4.976  cd=-10.443  reg=5.466  │  e+=-5.23(±0.469)  e-=+5.19(±0.069)  sep=32.7  │  fm_e=+nan  fm=ON  │  ∇rw=11.33  ∇pol=1.14
[16:35:52] [ep05|s0840]  rw=-4.982  cd=-10.044  reg=5.062  │  e+=-5.08(±0.269)  e-=+4.96(±0.103)  sep=32.7  │  fm_e=+nan  fm=ON  │  ∇rw=7.40  ∇pol=1.24
[16:36:28] [ep05|s0850]  rw=-2.717  cd=-7.093  reg=4.376  │  e+=-2.66(±3.112)  e-=+5.18(±0.020)  sep=32.7  │  fm_e=+nan  fm=ON  │  ∇rw=55.20  ∇pol=0.82
[16:37:04] [ep05|s0860]  rw=-5.002  cd=-11.149  reg=6.147  │  e+=-6.00(±0.925)  e-=+4.93(±0.139)  sep=32.7  │  fm_e=+nan  fm=ON  │  ∇rw=23.29  ∇pol=1.58
[16:37:41] [ep05|s0870]  rw=-4.848  cd=-9.719  reg=4.871  │  e+=-5.18(±0.286)  e-=+4.54(±0.556)  sep=32.7  │  fm_e=+nan  fm=ON  │  ∇rw=107.46  ∇pol=0.61
[16:38:17] [ep05|s0880]  rw=-4.916  cd=-10.276  reg=5.360  │  e+=-5.45(±0.719)  e-=+4.83(±0.087)  sep=32.7  │  fm_e=+nan  fm=ON  │  ∇rw=36.33  ∇pol=0.66
[16:38:53] [ep05|s0890]  rw=-2.780  cd=-6.757  reg=3.977  │  e+=-2.98(±3.195)  e-=+4.51(±0.075)  sep=32.7  │  fm_e=+nan  fm=ON  │  ∇rw=34.12  ∇pol=1.41
[16:39:30] [ep05|s0900]  rw=-0.498  cd=-3.004  reg=2.507  │  e+=-3.62(±0.381)  e-=-0.64(±3.320)  sep=32.7  │  fm_e=+nan  fm=ON  │  ∇rw=58.53  ∇pol=0.82
[16:40:06] [ep05|s0910]  rw=-4.979  cd=-10.155  reg=5.176  │  e+=-5.16(±0.245)  e-=+5.00(±0.019)  sep=32.7  │  fm_e=+nan  fm=ON  │  ∇rw=5.30  ∇pol=0.47
[16:40:42] [ep05|s0920]  rw=-4.952  cd=-9.933  reg=4.981  │  e+=-4.96(±0.176)  e-=+5.01(±0.022)  sep=32.7  │  fm_e=+nan  fm=ON  │  ∇rw=4.48  ∇pol=0.39
[16:41:19] [ep05|s0930]  rw=-4.928  cd=-9.355  reg=4.427  │  e+=-4.39(±0.241)  e-=+4.98(±0.093)  sep=32.7  │  fm_e=+nan  fm=ON  │  ∇rw=7.15  ∇pol=0.86
[16:41:55] [ep05|s0940]  rw=-4.839  cd=-8.873  reg=4.034  │  e+=-3.89(±0.290)  e-=+4.94(±0.640)  sep=32.7  │  fm_e=+nan  fm=ON  │  ∇rw=23.51  ∇pol=0.77
[16:42:31] [ep05|s0950]  rw=-5.063  cd=-10.023  reg=4.960  │  e+=-4.96(±0.155)  e-=+4.98(±0.167)  sep=32.7  │  fm_e=+nan  fm=ON  │  ∇rw=2.85  ∇pol=0.61
[16:42:32] ══════════ VAL ep05 ══════════  ρ=+0.1355 (p=0.0722) [FAIL ✗]  AUROC(E)=0.6107  ECE=0.7946  N=177 ◀ BEST
[16:42:32]   ckpt saved → ckpt_epoch0005.pt
[16:42:32] ──────────────────── Epoch 06/30 ────────────────────
[16:43:08] [ep06|s0960]  rw=-5.020  cd=-9.808  reg=4.788  │  e+=-4.45(±0.204)  e-=+5.29(±0.066)  sep=32.7  │  fm_e=+nan  fm=ON  │  ∇rw=7.40  ∇pol=0.89
[16:43:45] [ep06|s0970]  rw=-4.934  cd=-10.015  reg=5.081  │  e+=-5.25(±0.251)  e-=+4.81(±0.102)  sep=32.7  │  fm_e=+nan  fm=ON  │  ∇rw=4.46  ∇pol=0.37
[16:44:21] [ep06|s0980]  rw=-5.148  cd=-10.235  reg=5.087  │  e+=-5.25(±0.661)  e-=+4.77(±0.115)  sep=32.7  │  fm_e=+nan  fm=ON  │  ∇rw=4.08  ∇pol=0.84
[16:44:57] [ep06|s0990]  rw=-4.402  cd=-6.595  reg=2.193  │  e+=-2.86(±0.249)  e-=+3.69(±0.083)  sep=32.7  │  fm_e=+nan  fm=ON  │  ∇rw=46.53  ∇pol=1.11
[16:45:34] [ep06|s1000]  rw=-4.835  cd=-8.901  reg=4.066  │  e+=-4.93(±0.307)  e-=+4.02(±0.146)  sep=32.7  │  fm_e=+nan  fm=ON  │  ∇rw=16.07  ∇pol=5.00
[16:46:10] [ep06|s1010]  rw=-4.938  cd=-11.028  reg=6.090  │  e+=-5.52(±0.142)  e-=+5.50(±0.229)  sep=32.7  │  fm_e=+nan  fm=ON  │  ∇rw=23.10  ∇pol=2.86
[16:46:46] [ep06|s1020]  rw=-4.502  cd=-9.525  reg=5.023  │  e+=-5.69(±0.458)  e-=+3.89(±0.758)  sep=32.7  │  fm_e=+nan  fm=ON  │  ∇rw=225.39  ∇pol=1.41
[16:47:23] [ep06|s1030]  rw=-4.996  cd=-9.601  reg=4.605  │  e+=-4.53(±0.136)  e-=+5.05(±0.162)  sep=32.7  │  fm_e=+nan  fm=ON  │  ∇rw=5.16  ∇pol=3.90
[16:47:59] [ep06|s1040]  rw=-4.962  cd=-9.453  reg=4.492  │  e+=-4.56(±0.021)  e-=+4.90(±0.176)  sep=32.7  │  fm_e=+nan  fm=ON  │  ∇rw=8.89  ∇pol=4.24
[16:48:35] [ep06|s1050]  rw=-4.998  cd=-9.651  reg=4.653  │  e+=-4.72(±0.093)  e-=+4.92(±0.189)  sep=32.7  │  fm_e=+nan  fm=ON  │  ∇rw=2.93  ∇pol=0.46
[16:49:11] [ep06|s1060]  rw=-5.051  cd=-9.963  reg=4.912  │  e+=-5.29(±0.474)  e-=+4.50(±0.482)  sep=32.7  │  fm_e=+nan  fm=ON  │  ∇rw=55.59  ∇pol=1.17
[16:49:48] [ep06|s1070]  rw=-2.628  cd=-7.134  reg=4.505  │  e+=-2.63(±3.633)  e-=+4.99(±0.033)  sep=32.7  │  fm_e=+nan  fm=ON  │  ∇rw=36.29  ∇pol=0.92
[16:50:24] [ep06|s1080]  rw=-5.042  cd=-10.296  reg=5.253  │  e+=-5.13(±0.332)  e-=+5.10(±0.190)  sep=32.7  │  fm_e=+nan  fm=ON  │  ∇rw=2.94  ∇pol=0.31
[16:51:00] [ep06|s1090]  rw=-4.884  cd=-9.982  reg=5.097  │  e+=-4.71(±0.275)  e-=+5.36(±0.038)  sep=32.7  │  fm_e=+nan  fm=ON  │  ∇rw=4.81  ∇pol=0.76
[16:51:37] [ep06|s1100]  rw=-4.963  cd=-10.133  reg=5.169  │  e+=-5.43(±0.203)  e-=+4.70(±0.099)  sep=32.7  │  fm_e=+nan  fm=ON  │  ∇rw=5.73  ∇pol=0.55
[16:52:13] [ep06|s1110]  rw=-4.814  cd=-10.516  reg=5.702  │  e+=-5.34(±0.599)  e-=+5.30(±0.192)  sep=32.7  │  fm_e=+nan  fm=ON  │  ∇rw=6.50  ∇pol=0.62
[16:52:49] [ep06|s1120]  rw=-4.607  cd=-8.533  reg=3.925  │  e+=-4.88(±0.587)  e-=+3.75(±0.789)  sep=32.7  │  fm_e=+nan  fm=ON  │  ∇rw=84.91  ∇pol=0.44
[16:53:26] [ep06|s1130]  rw=-1.615  cd=-4.318  reg=2.702  │  e+=-0.50(±2.146)  e-=+3.94(±1.775)  sep=32.7  │  fm_e=+nan  fm=ON  │  ∇rw=93.75  ∇pol=4.15
[16:54:02] [ep06|s1140]  rw=-5.042  cd=-10.656  reg=5.615  │  e+=-5.33(±0.489)  e-=+5.22(±0.169)  sep=32.7  │  fm_e=+nan  fm=ON  │  ∇rw=8.53  ∇pol=0.54
[16:54:02] ══════════ VAL ep06 ══════════  ρ=+0.0970 (p=0.1991) [FAIL ✗]  AUROC(E)=0.5561  ECE=0.7867  N=177
[16:54:02]   ckpt saved → ckpt_epoch0006.pt
[16:54:02] ──────────────────── Epoch 07/30 ────────────────────
[16:54:39] [ep07|s1150]  rw=-4.900  cd=-10.235  reg=5.335  │  e+=-4.64(±0.195)  e-=+5.62(±0.350)  sep=32.7  │  fm_e=+nan  fm=ON  │  ∇rw=26.58  ∇pol=1.67
[16:55:15] [ep07|s1160]  rw=-5.090  cd=-10.543  reg=5.453  │  e+=-5.30(±0.490)  e-=+5.11(±0.054)  sep=32.7  │  fm_e=+nan  fm=ON  │  ∇rw=3.84  ∇pol=0.65
[16:55:51] [ep07|s1170]  rw=-4.946  cd=-10.379  reg=5.433  │  e+=-5.65(±0.163)  e-=+4.73(±0.065)  sep=32.7  │  fm_e=+nan  fm=ON  │  ∇rw=13.85  ∇pol=0.39
[16:56:28] [ep07|s1180]  rw=-4.990  cd=-10.171  reg=5.181  │  e+=-5.14(±0.194)  e-=+5.04(±0.019)  sep=32.7  │  fm_e=+nan  fm=ON  │  ∇rw=6.70  ∇pol=0.44
[16:57:04] [ep07|s1190]  rw=-2.328  cd=-7.618  reg=5.290  │  e+=-2.89(±4.057)  e-=+5.29(±0.073)  sep=32.7  │  fm_e=+nan  fm=ON  │  ∇rw=23.60  ∇pol=0.51
[16:57:40] [ep07|s1200]  rw=-5.057  cd=-10.265  reg=5.208  │  e+=-5.28(±0.460)  e-=+4.89(±0.073)  sep=32.7  │  fm_e=+nan  fm=ON  │  ∇rw=5.98  ∇pol=0.60
[16:58:17] [ep07|s1210]  rw=-4.993  cd=-10.426  reg=5.433  │  e+=-5.14(±0.020)  e-=+5.28(±0.103)  sep=32.7  │  fm_e=+nan  fm=ON  │  ∇rw=4.51  ∇pol=0.88
[16:58:53] [ep07|s1220]  rw=-4.973  cd=-10.215  reg=5.242  │  e+=-5.28(±0.271)  e-=+4.95(±0.025)  sep=32.7  │  fm_e=+nan  fm=ON  │  ∇rw=4.91  ∇pol=1.26
[16:59:29] [ep07|s1230]  rw=-5.105  cd=-10.318  reg=5.213  │  e+=-5.24(±0.422)  e-=+4.95(±0.037)  sep=32.7  │  fm_e=+nan  fm=ON  │  ∇rw=4.09  ∇pol=0.38
[17:00:05] [ep07|s1240]  rw=-1.858  cd=-6.754  reg=4.896  │  e+=-3.55(±2.893)  e-=+4.79(±0.084)  sep=32.7  │  fm_e=+nan  fm=ON  │  ∇rw=26.05  ∇pol=0.76
[17:00:42] [ep07|s1250]  rw=-4.983  cd=-9.761  reg=4.779  │  e+=-4.74(±0.336)  e-=+5.02(±0.080)  sep=32.7  │  fm_e=+nan  fm=ON  │  ∇rw=2.24  ∇pol=1.38
[17:01:18] [ep07|s1260]  rw=-5.029  cd=-10.077  reg=5.049  │  e+=-4.99(±0.353)  e-=+5.04(±0.141)  sep=32.7  │  fm_e=+nan  fm=ON  │  ∇rw=2.18  ∇pol=0.48
[17:01:54] [ep07|s1270]  rw=-4.974  cd=-10.047  reg=5.074  │  e+=-5.04(±0.194)  e-=+5.02(±0.120)  sep=32.7  │  fm_e=+nan  fm=ON  │  ∇rw=8.47  ∇pol=0.77
[17:02:31] [ep07|s1280]  rw=-4.992  cd=-9.798  reg=4.806  │  e+=-4.88(±0.110)  e-=+4.90(±0.389)  sep=32.7  │  fm_e=+nan  fm=ON  │  ∇rw=5.77  ∇pol=0.66
[17:03:07] [ep07|s1290]  rw=-5.190  cd=-10.483  reg=5.293  │  e+=-5.28(±0.674)  e-=+4.95(±0.053)  sep=32.7  │  fm_e=+nan  fm=ON  │  ∇rw=6.82  ∇pol=0.83
[17:03:43] [ep07|s1300]  rw=-4.843  cd=-10.208  reg=5.365  │  e+=-5.29(±0.451)  e-=+5.00(±0.248)  sep=32.7  │  fm_e=+nan  fm=ON  │  ∇rw=13.93  ∇pol=1.71
[17:04:19] [ep07|s1310]  rw=-2.722  cd=-3.982  reg=1.260  │  e+=-1.54(±0.515)  e-=+2.55(±1.562)  sep=32.7  │  fm_e=+nan  fm=ON  │  ∇rw=55.28  ∇pol=0.77
[17:04:56] [ep07|s1320]  rw=-4.871  cd=-9.970  reg=5.099  │  e+=-4.87(±1.078)  e-=+5.09(±0.370)  sep=32.7  │  fm_e=+nan  fm=ON  │  ∇rw=7.25  ∇pol=2.03
[17:05:32] [ep07|s1330]  rw=-2.036  cd=-2.936  reg=0.901  │  e+=-2.79(±0.772)  e-=+0.09(±0.161)  sep=32.7  │  fm_e=+nan  fm=ON  │  ∇rw=95.09  ∇pol=2.76
[17:05:32] ══════════ VAL ep07 ══════════  ρ=-0.0460 (p=0.5431) [FAIL ✗]  AUROC(E)=0.4779  ECE=0.7029  N=177
[17:05:33]   ckpt saved → ckpt_epoch0007.pt
[17:05:33] ──────────────────── Epoch 08/30 ────────────────────
[17:06:09] [ep08|s1340]  rw=-4.262  cd=-8.434  reg=4.172  │  e+=-2.54(±0.424)  e-=+5.92(±0.035)  sep=32.7  │  fm_e=+nan  fm=ON  │  ∇rw=58.85  ∇pol=2.54
[17:06:45] [ep08|s1350]  rw=-4.998  cd=-10.144  reg=5.147  │  e+=-4.86(±0.278)  e-=+5.25(±0.063)  sep=32.7  │  fm_e=+nan  fm=ON  │  ∇rw=14.11  ∇pol=2.42
[17:07:22] [ep08|s1360]  rw=-4.751  cd=-8.736  reg=3.985  │  e+=-3.76(±0.641)  e-=+5.02(±0.038)  sep=32.7  │  fm_e=+nan  fm=ON  │  ∇rw=26.29  ∇pol=3.08
[17:07:58] [ep08|s1370]  rw=-4.982  cd=-10.384  reg=5.402  │  e+=-5.36(±0.276)  e-=+5.00(±0.013)  sep=32.7  │  fm_e=+nan  fm=ON  │  ∇rw=12.62  ∇pol=2.69
[17:08:34] [ep08|s1380]  rw=-4.975  cd=-9.393  reg=4.419  │  e+=-4.42(±0.302)  e-=+4.93(±0.037)  sep=32.7  │  fm_e=+nan  fm=ON  │  ∇rw=12.55  ∇pol=2.77
[17:09:10] [ep08|s1390]  rw=-5.019  cd=-9.725  reg=4.705  │  e+=-4.70(±0.687)  e-=+4.95(±0.034)  sep=32.7  │  fm_e=+nan  fm=ON  │  ∇rw=5.46  ∇pol=0.93
[17:09:47] [ep08|s1400]  rw=-4.730  cd=-10.135  reg=5.405  │  e+=-5.43(±0.661)  e-=+4.92(±0.023)  sep=32.7  │  fm_e=+nan  fm=ON  │  ∇rw=12.35  ∇pol=0.71
[17:10:23] [ep08|s1410]  rw=-4.932  cd=-9.743  reg=4.810  │  e+=-4.75(±0.521)  e-=+5.03(±0.033)  sep=32.7  │  fm_e=+nan  fm=ON  │  ∇rw=4.40  ∇pol=0.65
[17:10:59] [ep08|s1420]  rw=+1.665  cd=-2.710  reg=4.374  │  e+=-4.82(±0.173)  e-=-2.11(±3.988)  sep=32.7  │  fm_e=+nan  fm=ON  │  ∇rw=89.95  ∇pol=7.28
[17:11:36] [ep08|s1430]  rw=-5.034  cd=-9.988  reg=4.954  │  e+=-5.01(±0.208)  e-=+4.92(±0.045)  sep=32.7  │  fm_e=+nan  fm=ON  │  ∇rw=6.84  ∇pol=3.96
[17:12:12] [ep08|s1440]  rw=-5.088  cd=-9.847  reg=4.759  │  e+=-4.73(±0.471)  e-=+5.00(±0.025)  sep=32.7  │  fm_e=+nan  fm=ON  │  ∇rw=5.20  ∇pol=3.35
[17:12:48] [ep08|s1450]  rw=-4.821  cd=-9.875  reg=5.054  │  e+=-4.93(±0.501)  e-=+5.09(±0.198)  sep=32.7  │  fm_e=+nan  fm=ON  │  ∇rw=4.47  ∇pol=0.57
[17:13:25] [ep08|s1460]  rw=-4.965  cd=-9.891  reg=4.926  │  e+=-4.36(±0.868)  e-=+5.41(±0.032)  sep=32.7  │  fm_e=+nan  fm=ON  │  ∇rw=15.52  ∇pol=0.71
[17:14:01] [ep08|s1470]  rw=-5.023  cd=-9.887  reg=4.864  │  e+=-4.99(±0.178)  e-=+4.85(±0.125)  sep=32.7  │  fm_e=+nan  fm=ON  │  ∇rw=5.97  ∇pol=1.91
[17:14:37] [ep08|s1480]  rw=-4.821  cd=-8.727  reg=3.906  │  e+=-4.55(±0.303)  e-=+4.15(±0.568)  sep=32.7  │  fm_e=+nan  fm=ON  │  ∇rw=161.45  ∇pol=3.60
[17:15:14] [ep08|s1490]  rw=-4.849  cd=-9.573  reg=4.723  │  e+=-5.27(±0.386)  e-=+4.28(±0.661)  sep=32.7  │  fm_e=+nan  fm=ON  │  ∇rw=121.15  ∇pol=0.56
[17:15:50] [ep08|s1500]  rw=-5.068  cd=-9.739  reg=4.672  │  e+=-4.72(±0.359)  e-=+4.93(±0.045)  sep=32.7  │  fm_e=+nan  fm=ON  │  ∇rw=5.60  ∇pol=0.90
[17:16:26] [ep08|s1510]  rw=-4.986  cd=-9.921  reg=4.935  │  e+=-4.97(±0.066)  e-=+4.97(±0.011)  sep=32.7  │  fm_e=+nan  fm=ON  │  ∇rw=2.82  ∇pol=0.68
[17:17:02] [ep08|s1520]  rw=-4.906  cd=-9.105  reg=4.199  │  e+=-4.09(±0.338)  e-=+5.01(±0.130)  sep=32.7  │  fm_e=+nan  fm=ON  │  ∇rw=9.91  ∇pol=0.87
[17:17:03] ══════════ VAL ep08 ══════════  ρ=+0.0888 (p=0.2397) [FAIL ✗]  AUROC(E)=0.5180  ECE=0.7859  N=177
[17:17:03]   ckpt saved → ckpt_epoch0008.pt
[17:17:03] ──────────────────── Epoch 09/30 ────────────────────
[17:17:40] [ep09|s1530]  rw=-4.925  cd=-9.457  reg=4.532  │  e+=-4.68(±0.297)  e-=+4.81(±0.241)  sep=32.7  │  fm_e=+nan  fm=ON  │  ∇rw=7.75  ∇pol=0.57
[17:18:16] [ep09|s1540]  rw=-4.985  cd=-10.306  reg=5.321  │  e+=-5.22(±0.085)  e-=+5.09(±0.048)  sep=32.7  │  fm_e=+nan  fm=ON  │  ∇rw=3.98  ∇pol=0.81
[17:18:52] [ep09|s1550]  rw=-4.926  cd=-9.519  reg=4.593  │  e+=-4.50(±0.402)  e-=+5.05(±0.012)  sep=32.7  │  fm_e=+nan  fm=ON  │  ∇rw=3.86  ∇pol=0.96
[17:19:28] [ep09|s1560]  rw=-5.097  cd=-10.035  reg=4.939  │  e+=-4.86(±0.309)  e-=+5.06(±0.037)  sep=32.7  │  fm_e=+nan  fm=ON  │  ∇rw=5.03  ∇pol=0.61
[17:20:05] [ep09|s1570]  rw=-5.235  cd=-10.279  reg=5.045  │  e+=-4.85(±0.482)  e-=+5.16(±0.079)  sep=32.7  │  fm_e=+nan  fm=ON  │  ∇rw=5.05  ∇pol=0.58
[17:20:41] [ep09|s1580]  rw=-4.973  cd=-9.994  reg=5.021  │  e+=-5.22(±0.196)  e-=+4.78(±0.063)  sep=32.7  │  fm_e=+nan  fm=ON  │  ∇rw=4.01  ∇pol=0.71
[17:21:17] [ep09|s1590]  rw=+4.193  cd=-2.044  reg=6.237  │  e+=-4.23(±0.888)  e-=-2.24(±4.360)  sep=32.7  │  fm_e=+nan  fm=ON  │  ∇rw=456.46  ∇pol=26.07
[17:21:54] [ep09|s1600]  rw=-0.766  cd=-2.983  reg=2.217  │  e+=-0.68(±3.399)  e-=+2.20(±1.349)  sep=32.7  │  fm_e=+nan  fm=ON  │  ∇rw=127.73  ∇pol=0.79
[17:22:30] [ep09|s1610]  rw=-5.153  cd=-10.556  reg=5.403  │  e+=-5.35(±1.365)  e-=+4.84(±0.163)  sep=32.7  │  fm_e=+nan  fm=ON  │  ∇rw=15.81  ∇pol=1.37
[17:23:06] [ep09|s1620]  rw=-4.873  cd=-8.388  reg=3.515  │  e+=-4.34(±0.288)  e-=+4.01(±0.147)  sep=32.7  │  fm_e=+nan  fm=ON  │  ∇rw=75.81  ∇pol=1.01
[17:23:43] [ep09|s1630]  rw=-5.091  cd=-10.529  reg=5.438  │  e+=-5.31(±0.481)  e-=+5.03(±0.536)  sep=32.7  │  fm_e=+nan  fm=ON  │  ∇rw=15.12  ∇pol=0.95
[17:24:19] [ep09|s1640]  rw=-4.780  cd=-8.823  reg=4.044  │  e+=-5.21(±0.245)  e-=+3.62(±0.202)  sep=32.7  │  fm_e=+nan  fm=ON  │  ∇rw=16.81  ∇pol=3.53
[17:24:55] [ep09|s1650]  rw=-5.094  cd=-9.913  reg=4.819  │  e+=-4.84(±0.351)  e-=+4.93(±0.456)  sep=32.7  │  fm_e=+nan  fm=ON  │  ∇rw=6.73  ∇pol=6.69
[17:25:31] [ep09|s1660]  rw=-4.965  cd=-10.141  reg=5.176  │  e+=-4.71(±0.282)  e-=+5.43(±0.123)  sep=32.7  │  fm_e=+nan  fm=ON  │  ∇rw=8.29  ∇pol=1.77
[17:26:08] [ep09|s1670]  rw=-5.170  cd=-10.229  reg=5.060  │  e+=-5.20(±0.369)  e-=+4.83(±0.201)  sep=32.7  │  fm_e=+nan  fm=ON  │  ∇rw=7.58  ∇pol=0.47
[17:26:44] [ep09|s1680]  rw=-4.981  cd=-10.806  reg=5.825  │  e+=-5.77(±0.147)  e-=+4.99(±0.030)  sep=32.7  │  fm_e=+nan  fm=ON  │  ∇rw=10.57  ∇pol=0.82
[17:27:20] [ep09|s1690]  rw=-4.994  cd=-8.833  reg=3.839  │  e+=-4.13(±0.722)  e-=+4.56(±0.103)  sep=32.7  │  fm_e=+nan  fm=ON  │  ∇rw=9.38  ∇pol=0.74
[17:27:57] [ep09|s1700]  rw=-4.984  cd=-10.212  reg=5.228  │  e+=-4.97(±0.194)  e-=+5.23(±0.042)  sep=32.7  │  fm_e=+nan  fm=ON  │  ∇rw=4.79  ∇pol=0.62
[17:28:33] [ep09|s1710]  rw=-4.902  cd=-10.017  reg=5.115  │  e+=-5.09(±0.668)  e-=+4.98(±0.017)  sep=32.7  │  fm_e=+nan  fm=ON  │  ∇rw=4.09  ∇pol=0.73
[17:28:33] ══════════ VAL ep09 ══════════  ρ=+0.0131 (p=0.8622) [FAIL ✗]  AUROC(E)=0.6087  ECE=0.7841  N=177
[17:28:33]   ckpt saved → ckpt_epoch0009.pt
[17:28:33] ──────────────────── Epoch 10/30 ────────────────────
[17:29:10] [ep10|s1720]  rw=-5.021  cd=-10.421  reg=5.400  │  e+=-4.99(±0.236)  e-=+5.39(±0.077)  sep=32.7  │  fm_e=+nan  fm=ON  │  ∇rw=4.74  ∇pol=0.62
[17:29:46] [ep10|s1730]  rw=-5.036  cd=-9.937  reg=4.901  │  e+=-4.79(±0.180)  e-=+5.09(±0.067)  sep=32.7  │  fm_e=+nan  fm=ON  │  ∇rw=3.41  ∇pol=0.69
[17:30:22] [ep10|s1740]  rw=-4.964  cd=-9.765  reg=4.801  │  e+=-5.20(±0.079)  e-=+4.57(±0.089)  sep=32.7  │  fm_e=+nan  fm=ON  │  ∇rw=6.25  ∇pol=3.74
[17:30:59] [ep10|s1750]  rw=-4.946  cd=-9.801  reg=4.855  │  e+=-5.16(±0.301)  e-=+4.67(±0.100)  sep=32.7  │  fm_e=+nan  fm=ON  │  ∇rw=4.33  ∇pol=0.71
[17:31:35] [ep10|s1760]  rw=-5.006  cd=-9.623  reg=4.617  │  e+=-4.58(±0.156)  e-=+5.01(±0.149)  sep=32.7  │  fm_e=+nan  fm=ON  │  ∇rw=5.24  ∇pol=1.33
[17:32:11] [ep10|s1770]  rw=-5.020  cd=-10.147  reg=5.127  │  e+=-5.09(±0.295)  e-=+5.03(±0.016)  sep=32.7  │  fm_e=+nan  fm=ON  │  ∇rw=1.90  ∇pol=2.81
[17:32:48] [ep10|s1780]  rw=-5.055  cd=-10.228  reg=5.173  │  e+=-4.96(±0.260)  e-=+5.19(±0.106)  sep=32.7  │  fm_e=+nan  fm=ON  │  ∇rw=3.65  ∇pol=0.59
[17:33:24] [ep10|s1790]  rw=-4.948  cd=-9.600  reg=4.652  │  e+=-4.72(±0.144)  e-=+4.92(±0.026)  sep=32.7  │  fm_e=+nan  fm=ON  │  ∇rw=6.21  ∇pol=14.96
[17:34:00] [ep10|s1800]  rw=-5.087  cd=-9.963  reg=4.876  │  e+=-4.68(±0.331)  e-=+5.17(±0.026)  sep=32.7  │  fm_e=+nan  fm=ON  │  ∇rw=3.42  ∇pol=0.62
[17:34:37] [ep10|s1810]  rw=-4.977  cd=-9.914  reg=4.937  │  e+=-4.99(±0.231)  e-=+4.94(±0.032)  sep=32.7  │  fm_e=+nan  fm=ON  │  ∇rw=2.04  ∇pol=2.88
[17:35:13] [ep10|s1820]  rw=-4.755  cd=-10.631  reg=5.877  │  e+=-5.79(±0.522)  e-=+4.99(±0.032)  sep=32.7  │  fm_e=+nan  fm=ON  │  ∇rw=91.62  ∇pol=0.40
[17:35:49] [ep10|s1830]  rw=-5.062  cd=-10.308  reg=5.246  │  e+=-5.02(±0.242)  e-=+5.21(±0.133)  sep=32.7  │  fm_e=+nan  fm=ON  │  ∇rw=4.71  ∇pol=0.60
[17:36:25] [ep10|s1840]  rw=-4.978  cd=-10.427  reg=5.449  │  e+=-5.41(±0.132)  e-=+5.02(±0.028)  sep=32.7  │  fm_e=+nan  fm=ON  │  ∇rw=3.47  ∇pol=0.84
[17:37:02] [ep10|s1850]  rw=-4.994  cd=-9.593  reg=4.598  │  e+=-4.66(±0.129)  e-=+4.92(±0.019)  sep=32.7  │  fm_e=+nan  fm=ON  │  ∇rw=18.78  ∇pol=1.43
[17:37:38] [ep10|s1860]  rw=-5.098  cd=-9.979  reg=4.881  │  e+=-4.84(±0.320)  e-=+5.03(±0.053)  sep=32.7  │  fm_e=+nan  fm=ON  │  ∇rw=3.28  ∇pol=1.03
[17:38:14] [ep10|s1870]  rw=-5.207  cd=-9.879  reg=4.671  │  e+=-4.52(±0.735)  e-=+5.07(±0.119)  sep=32.7  │  fm_e=+nan  fm=ON  │  ∇rw=3.92  ∇pol=0.67
[17:38:51] [ep10|s1880]  rw=-4.979  cd=-9.904  reg=4.925  │  e+=-4.93(±0.141)  e-=+4.99(±0.075)  sep=32.7  │  fm_e=+nan  fm=ON  │  ∇rw=4.20  ∇pol=0.79
[17:39:27] [ep10|s1890]  rw=-4.991  cd=-9.771  reg=4.780  │  e+=-4.79(±0.295)  e-=+4.98(±0.010)  sep=32.7  │  fm_e=+nan  fm=ON  │  ∇rw=4.69  ∇pol=0.90
[17:40:03] [ep10|s1900]  rw=-4.994  cd=-9.305  reg=4.311  │  e+=-4.43(±0.091)  e-=+4.84(±0.064)  sep=32.7  │  fm_e=+nan  fm=ON  │  ∇rw=5.29  ∇pol=0.52
[17:40:04] ══════════ VAL ep10 ══════════  ρ=+0.1390 (p=0.0650) [FAIL ✗]  AUROC(E)=0.6189  ECE=0.7948  N=177 ◀ BEST
[17:40:04]   ckpt saved → ckpt_epoch0010.pt
[17:40:04] ──────────────────── Epoch 11/30 ────────────────────
[17:40:41] [ep11|s1910]  rw=-5.036  cd=-10.733  reg=5.697  │  e+=-5.36(±0.356)  e-=+5.30(±0.009)  sep=32.7  │  fm_e=+nan  fm=ON  │  ∇rw=9.37  ∇pol=0.71
[17:41:17] [ep11|s1920]  rw=-4.924  cd=-10.869  reg=5.945  │  e+=-5.41(±0.531)  e-=+5.46(±0.147)  sep=32.7  │  fm_e=+nan  fm=ON  │  ∇rw=10.87  ∇pol=1.88
[17:41:53] [ep11|s1930]  rw=-5.093  cd=-9.984  reg=4.890  │  e+=-4.90(±0.551)  e-=+4.96(±0.036)  sep=32.7  │  fm_e=+nan  fm=ON  │  ∇rw=3.14  ∇pol=0.75
[17:42:30] [ep11|s1940]  rw=-4.963  cd=-10.100  reg=5.137  │  e+=-5.15(±0.317)  e-=+4.97(±0.048)  sep=32.7  │  fm_e=+nan  fm=ON  │  ∇rw=2.23  ∇pol=0.42
[17:43:06] [ep11|s1950]  rw=-5.001  cd=-10.010  reg=5.009  │  e+=-5.08(±0.073)  e-=+4.92(±0.015)  sep=32.7  │  fm_e=+nan  fm=ON  │  ∇rw=2.00  ∇pol=0.45
[17:43:42] [ep11|s1960]  rw=-5.073  cd=-10.110  reg=5.037  │  e+=-5.29(±0.243)  e-=+4.72(±0.013)  sep=32.7  │  fm_e=+nan  fm=ON  │  ∇rw=7.30  ∇pol=0.42
[17:44:18] [ep11|s1970]  rw=-4.933  cd=-10.209  reg=5.276  │  e+=-5.11(±0.354)  e-=+5.15(±0.135)  sep=32.7  │  fm_e=+nan  fm=ON  │  ∇rw=4.36  ∇pol=0.46
[17:44:55] [ep11|s1980]  rw=-4.945  cd=-9.825  reg=4.880  │  e+=-4.92(±0.366)  e-=+4.94(±0.019)  sep=32.7  │  fm_e=+nan  fm=ON  │  ∇rw=2.37  ∇pol=0.92
[17:45:31] [ep11|s1990]  rw=-5.043  cd=-10.016  reg=4.973  │  e+=-4.95(±0.237)  e-=+5.01(±0.011)  sep=32.7  │  fm_e=+nan  fm=ON  │  ∇rw=1.66  ∇pol=1.09
[17:46:07] [ep11|s2000]  rw=-4.937  cd=-9.676  reg=4.740  │  e+=-4.52(±0.572)  e-=+5.16(±0.026)  sep=32.7  │  fm_e=+nan  fm=ON  │  ∇rw=7.92  ∇pol=1.51
[17:46:44] [ep11|s2010]  rw=-4.836  cd=-10.078  reg=5.243  │  e+=-5.05(±0.422)  e-=+5.17(±0.100)  sep=32.7  │  fm_e=+nan  fm=ON  │  ∇rw=8.10  ∇pol=0.72
[17:47:20] [ep11|s2020]  rw=-5.308  cd=-10.384  reg=5.075  │  e+=-5.07(±0.667)  e-=+4.95(±0.059)  sep=32.7  │  fm_e=+nan  fm=ON  │  ∇rw=6.61  ∇pol=2.15
[17:47:56] [ep11|s2030]  rw=-5.002  cd=-10.182  reg=5.180  │  e+=-5.11(±0.386)  e-=+5.06(±0.041)  sep=32.7  │  fm_e=+nan  fm=ON  │  ∇rw=3.55  ∇pol=1.28
[17:48:32] [ep11|s2040]  rw=-5.071  cd=-9.947  reg=4.876  │  e+=-4.87(±0.215)  e-=+5.00(±0.024)  sep=32.7  │  fm_e=+nan  fm=ON  │  ∇rw=1.55  ∇pol=1.16
[17:49:09] [ep11|s2050]  rw=-5.033  cd=-10.330  reg=5.297  │  e+=-5.01(±0.148)  e-=+5.27(±0.182)  sep=32.7  │  fm_e=+nan  fm=ON  │  ∇rw=7.46  ∇pol=0.71
[17:49:45] [ep11|s2060]  rw=-4.903  cd=-9.707  reg=4.804  │  e+=-4.76(±0.504)  e-=+5.01(±0.069)  sep=32.7  │  fm_e=+nan  fm=ON  │  ∇rw=2.77  ∇pol=5.90
[17:50:21] [ep11|s2070]  rw=-4.959  cd=-10.029  reg=5.071  │  e+=-4.94(±0.165)  e-=+5.11(±0.294)  sep=32.7  │  fm_e=+nan  fm=ON  │  ∇rw=4.61  ∇pol=1.53
[17:50:58] [ep11|s2080]  rw=-4.886  cd=-10.614  reg=5.728  │  e+=-5.51(±0.531)  e-=+5.16(±0.064)  sep=32.7  │  fm_e=+nan  fm=ON  │  ∇rw=4.81  ∇pol=1.33
[17:51:34] [ep11|s2090]  rw=-5.046  cd=-10.095  reg=5.049  │  e+=-4.82(±0.274)  e-=+5.21(±0.050)  sep=32.7  │  fm_e=+nan  fm=ON  │  ∇rw=4.37  ∇pol=2.47
[17:51:34] ══════════ VAL ep11 ══════════  ρ=+0.1200 (p=0.1117) [FAIL ✗]  AUROC(E)=0.5545  ECE=0.7938  N=177
[17:51:35]   ckpt saved → ckpt_epoch0011.pt
[17:51:35] ──────────────────── Epoch 12/30 ────────────────────
[17:52:11] [ep12|s2100]  rw=-5.037  cd=-9.888  reg=4.851  │  e+=-4.81(±0.558)  e-=+5.01(±0.063)  sep=32.7  │  fm_e=+nan  fm=ON  │  ∇rw=1.91  ∇pol=0.90
[17:52:47] [ep12|s2110]  rw=-4.982  cd=-10.014  reg=5.032  │  e+=-4.95(±0.261)  e-=+5.07(±0.020)  sep=32.7  │  fm_e=+nan  fm=ON  │  ∇rw=1.68  ∇pol=0.74
[17:53:24] [ep12|s2120]  rw=-4.935  cd=-10.428  reg=5.492  │  e+=-5.47(±0.392)  e-=+4.99(±0.016)  sep=32.7  │  fm_e=+nan  fm=ON  │  ∇rw=2.92  ∇pol=1.29
[17:54:00] [ep12|s2130]  rw=-5.000  cd=-10.314  reg=5.314  │  e+=-5.28(±0.942)  e-=+4.94(±0.019)  sep=32.7  │  fm_e=+nan  fm=ON  │  ∇rw=2.19  ∇pol=0.65
[17:54:36] [ep12|s2140]  rw=-4.944  cd=-9.825  reg=4.881  │  e+=-4.81(±0.313)  e-=+5.05(±0.086)  sep=32.7  │  fm_e=+nan  fm=ON  │  ∇rw=4.26  ∇pol=0.48
[17:55:13] [ep12|s2150]  rw=-5.074  cd=-10.368  reg=5.294  │  e+=-5.10(±0.364)  e-=+5.16(±0.120)  sep=32.7  │  fm_e=+nan  fm=ON  │  ∇rw=6.38  ∇pol=0.81
[17:55:49] [ep12|s2160]  rw=-0.577  cd=-5.164  reg=4.586  │  e+=-5.16(±0.407)  e-=-0.03(±2.367)  sep=32.7  │  fm_e=+nan  fm=ON  │  ∇rw=237.89  ∇pol=2.44
[17:56:25] [ep12|s2170]  rw=-5.021  cd=-10.683  reg=5.662  │  e+=-5.26(±0.336)  e-=+5.36(±0.105)  sep=32.7  │  fm_e=+nan  fm=ON  │  ∇rw=6.23  ∇pol=0.43
[17:57:02] [ep12|s2180]  rw=-4.790  cd=-9.181  reg=4.391  │  e+=-4.42(±0.690)  e-=+4.89(±0.043)  sep=32.7  │  fm_e=+nan  fm=ON  │  ∇rw=18.09  ∇pol=1.02
[17:57:38] [ep12|s2190]  rw=-4.709  cd=-10.278  reg=5.569  │  e+=-5.35(±0.580)  e-=+5.17(±0.076)  sep=32.7  │  fm_e=+nan  fm=ON  │  ∇rw=5.22  ∇pol=1.04
[17:58:14] [ep12|s2200]  rw=-5.002  cd=-10.331  reg=5.330  │  e+=-5.17(±0.275)  e-=+5.14(±0.106)  sep=32.7  │  fm_e=+nan  fm=ON  │  ∇rw=4.80  ∇pol=0.72
[17:58:50] [ep12|s2210]  rw=-5.135  cd=-10.058  reg=4.923  │  e+=-4.73(±0.387)  e-=+5.17(±0.017)  sep=32.7  │  fm_e=+nan  fm=ON  │  ∇rw=6.49  ∇pol=0.71
[17:59:27] [ep12|s2220]  rw=-4.967  cd=-9.800  reg=4.832  │  e+=-4.92(±0.271)  e-=+4.90(±0.015)  sep=32.7  │  fm_e=+nan  fm=ON  │  ∇rw=2.73  ∇pol=0.75
[18:00:03] [ep12|s2230]  rw=-4.875  cd=-9.116  reg=4.242  │  e+=-4.30(±0.274)  e-=+4.89(±0.016)  sep=32.7  │  fm_e=+nan  fm=ON  │  ∇rw=13.35  ∇pol=1.35
[18:00:39] [ep12|s2240]  rw=-5.222  cd=-10.360  reg=5.138  │  e+=-5.42(±0.704)  e-=+4.63(±0.177)  sep=32.7  │  fm_e=+nan  fm=ON  │  ∇rw=10.46  ∇pol=1.76
[18:01:16] [ep12|s2250]  rw=-4.534  cd=-8.374  reg=3.840  │  e+=-3.11(±0.497)  e-=+5.33(±0.227)  sep=32.7  │  fm_e=+nan  fm=ON  │  ∇rw=17.27  ∇pol=1.42
[18:01:52] [ep12|s2260]  rw=-4.967  cd=-9.740  reg=4.772  │  e+=-4.69(±0.227)  e-=+5.07(±0.038)  sep=32.7  │  fm_e=+nan  fm=ON  │  ∇rw=4.93  ∇pol=0.31
[18:02:28] [ep12|s2270]  rw=-4.689  cd=-8.511  reg=3.821  │  e+=-5.27(±0.272)  e-=+3.21(±0.198)  sep=32.7  │  fm_e=+nan  fm=ON  │  ∇rw=37.22  ∇pol=1.83
[18:03:04] [ep12|s2280]  rw=-5.061  cd=-10.073  reg=5.013  │  e+=-5.38(±0.314)  e-=+4.59(±0.150)  sep=32.7  │  fm_e=+nan  fm=ON  │  ∇rw=17.03  ∇pol=2.23
[18:03:05] ══════════ VAL ep12 ══════════  ρ=+0.1742 (p=0.0204) [PASS ✓]  AUROC(E)=0.6044  ECE=0.7945  N=177 ◀ BEST
[18:03:05]   ckpt saved → ckpt_epoch0012.pt
[18:03:05] ──────────────────── Epoch 13/30 ────────────────────
[18:03:42] [ep13|s2290]  rw=-4.974  cd=-10.068  reg=5.094  │  e+=-4.83(±0.369)  e-=+5.24(±0.072)  sep=32.7  │  fm_e=+nan  fm=ON  │  ∇rw=5.79  ∇pol=1.75
[18:04:18] [ep13|s2300]  rw=-4.985  cd=-10.412  reg=5.427  │  e+=-5.29(±0.195)  e-=+5.12(±0.088)  sep=32.7  │  fm_e=+nan  fm=ON  │  ∇rw=5.86  ∇pol=1.94
[18:04:54] [ep13|s2310]  rw=-4.824  cd=-9.349  reg=4.525  │  e+=-4.80(±0.445)  e-=+4.63(±0.308)  sep=32.7  │  fm_e=+nan  fm=ON  │  ∇rw=26.87  ∇pol=11.46
[18:05:30] [ep13|s2320]  rw=-4.097  cd=-9.024  reg=4.927  │  e+=-4.11(±1.550)  e-=+5.30(±0.106)  sep=32.7  │  fm_e=+nan  fm=ON  │  ∇rw=43.13  ∇pol=1.74
[18:06:07] [ep13|s2330]  rw=-1.674  cd=-5.164  reg=3.491  │  e+=-0.03(±3.088)  e-=+4.77(±0.894)  sep=32.7  │  fm_e=+nan  fm=ON  │  ∇rw=101.70  ∇pol=1.66
[18:06:43] [ep13|s2340]  rw=-4.795  cd=-8.871  reg=4.076  │  e+=-4.95(±0.316)  e-=+3.91(±0.877)  sep=32.7  │  fm_e=+nan  fm=ON  │  ∇rw=49.46  ∇pol=4.19
[18:07:19] [ep13|s2350]  rw=-4.879  cd=-8.806  reg=3.927  │  e+=-4.44(±0.278)  e-=+4.40(±0.308)  sep=32.7  │  fm_e=+nan  fm=ON  │  ∇rw=9.24  ∇pol=0.61
[18:07:55] [ep13|s2360]  rw=-4.972  cd=-10.146  reg=5.174  │  e+=-4.86(±0.213)  e-=+5.29(±0.237)  sep=32.7  │  fm_e=+nan  fm=ON  │  ∇rw=7.71  ∇pol=0.60
[18:08:32] [ep13|s2370]  rw=-4.960  cd=-9.651  reg=4.692  │  e+=-5.40(±0.653)  e-=+4.13(±0.258)  sep=32.7  │  fm_e=+nan  fm=ON  │  ∇rw=22.91  ∇pol=3.04
[18:09:08] [ep13|s2380]  rw=-4.997  cd=-10.265  reg=5.268  │  e+=-5.10(±0.200)  e-=+5.16(±0.101)  sep=32.7  │  fm_e=+nan  fm=ON  │  ∇rw=4.81  ∇pol=0.73
[18:09:44] [ep13|s2390]  rw=-5.022  cd=-9.535  reg=4.513  │  e+=-4.84(±0.325)  e-=+4.64(±0.195)  sep=32.7  │  fm_e=+nan  fm=ON  │  ∇rw=10.02  ∇pol=0.56
[18:10:21] [ep13|s2400]  rw=-4.988  cd=-10.082  reg=5.094  │  e+=-5.22(±0.179)  e-=+4.87(±0.048)  sep=32.7  │  fm_e=+nan  fm=ON  │  ∇rw=5.37  ∇pol=0.64
[18:10:57] [ep13|s2410]  rw=-4.997  cd=-10.215  reg=5.218  │  e+=-5.29(±0.645)  e-=+4.88(±0.022)  sep=32.7  │  fm_e=+nan  fm=ON  │  ∇rw=13.32  ∇pol=0.40
[18:11:33] [ep13|s2420]  rw=-5.015  cd=-10.244  reg=5.230  │  e+=-5.34(±0.373)  e-=+4.86(±0.016)  sep=32.7  │  fm_e=+nan  fm=ON  │  ∇rw=7.19  ∇pol=0.32
[18:12:10] [ep13|s2430]  rw=-4.788  cd=-8.285  reg=3.497  │  e+=-4.15(±0.646)  e-=+4.12(±0.163)  sep=32.7  │  fm_e=+nan  fm=ON  │  ∇rw=26.82  ∇pol=0.99
[18:12:46] [ep13|s2440]  rw=-5.025  cd=-9.916  reg=4.891  │  e+=-4.86(±0.300)  e-=+5.01(±0.119)  sep=32.7  │  fm_e=+nan  fm=ON  │  ∇rw=3.41  ∇pol=1.50
[18:13:22] [ep13|s2450]  rw=-2.393  cd=-5.801  reg=3.408  │  e+=-2.85(±2.906)  e-=+3.93(±0.316)  sep=32.7  │  fm_e=+nan  fm=ON  │  ∇rw=36.94  ∇pol=0.36
[18:13:59] [ep13|s2460]  rw=-4.865  cd=-9.145  reg=4.280  │  e+=-4.28(±0.322)  e-=+4.93(±0.056)  sep=32.7  │  fm_e=+nan  fm=ON  │  ∇rw=28.37  ∇pol=0.78
[18:14:35] [ep13|s2470]  rw=-4.923  cd=-9.374  reg=4.451  │  e+=-4.35(±0.426)  e-=+5.03(±0.063)  sep=32.7  │  fm_e=+nan  fm=ON  │  ∇rw=6.59  ∇pol=1.02
[18:14:36] ══════════ VAL ep13 ══════════  ρ=+0.0780 (p=0.3021) [FAIL ✗]  AUROC(E)=0.5319  ECE=0.7821  N=177
[18:14:36]   ckpt saved → ckpt_epoch0013.pt
[18:14:36] ──────────────────── Epoch 14/30 ────────────────────
[18:15:12] [ep14|s2480]  rw=-4.828  cd=-10.858  reg=6.030  │  e+=-5.92(±0.648)  e-=+4.99(±0.013)  sep=32.7  │  fm_e=+nan  fm=ON  │  ∇rw=9.74  ∇pol=2.47
[18:15:49] [ep14|s2490]  rw=-4.963  cd=-10.626  reg=5.663  │  e+=-5.71(±0.403)  e-=+4.89(±0.070)  sep=32.7  │  fm_e=+nan  fm=ON  │  ∇rw=12.67  ∇pol=0.59
[18:16:25] [ep14|s2500]  rw=-4.981  cd=-9.463  reg=4.482  │  e+=-4.32(±0.336)  e-=+5.10(±0.040)  sep=32.7  │  fm_e=+nan  fm=ON  │  ∇rw=7.34  ∇pol=0.40
[18:17:01] [ep14|s2510]  rw=-5.052  cd=-10.268  reg=5.215  │  e+=-5.04(±0.268)  e-=+5.17(±0.040)  sep=32.7  │  fm_e=+nan  fm=ON  │  ∇rw=4.50  ∇pol=0.96
[18:17:38] [ep14|s2520]  rw=-4.774  cd=-11.696  reg=6.922  │  e+=-6.77(±0.708)  e-=+4.78(±0.205)  sep=32.7  │  fm_e=+nan  fm=ON  │  ∇rw=20.03  ∇pol=1.54
[18:18:14] [ep14|s2530]  rw=-5.068  cd=-9.781  reg=4.713  │  e+=-4.84(±0.324)  e-=+4.86(±0.089)  sep=32.7  │  fm_e=+nan  fm=ON  │  ∇rw=3.45  ∇pol=0.64
[18:18:50] [ep14|s2540]  rw=-5.017  cd=-10.050  reg=5.033  │  e+=-5.20(±0.447)  e-=+4.81(±0.065)  sep=32.7  │  fm_e=+nan  fm=ON  │  ∇rw=4.95  ∇pol=1.22
[18:19:26] [ep14|s2550]  rw=-4.689  cd=-9.159  reg=4.470  │  e+=-4.39(±0.774)  e-=+4.98(±0.103)  sep=32.7  │  fm_e=+nan  fm=ON  │  ∇rw=7.80  ∇pol=1.21
[18:20:03] [ep14|s2560]  rw=-4.965  cd=-10.215  reg=5.251  │  e+=-5.20(±0.285)  e-=+5.03(±0.093)  sep=32.7  │  fm_e=+nan  fm=ON  │  ∇rw=3.33  ∇pol=0.72
[18:20:39] [ep14|s2570]  rw=-4.929  cd=-9.463  reg=4.534  │  e+=-4.48(±0.510)  e-=+5.00(±0.108)  sep=32.7  │  fm_e=+nan  fm=ON  │  ∇rw=5.01  ∇pol=3.10
[18:21:15] [ep14|s2580]  rw=-4.973  cd=-9.585  reg=4.612  │  e+=-4.84(±0.086)  e-=+4.76(±0.044)  sep=32.7  │  fm_e=+nan  fm=ON  │  ∇rw=10.34  ∇pol=0.37
[18:21:52] [ep14|s2590]  rw=-4.626  cd=-9.554  reg=4.928  │  e+=-4.43(±0.540)  e-=+5.41(±0.062)  sep=32.7  │  fm_e=+nan  fm=ON  │  ∇rw=16.85  ∇pol=0.44
[18:22:28] [ep14|s2600]  rw=-4.781  cd=-8.927  reg=4.146  │  e+=-4.31(±0.697)  e-=+4.73(±0.033)  sep=32.7  │  fm_e=+nan  fm=ON  │  ∇rw=14.39  ∇pol=0.20
[18:23:04] [ep14|s2610]  rw=-4.977  cd=-9.837  reg=4.859  │  e+=-4.71(±0.515)  e-=+5.11(±0.059)  sep=32.7  │  fm_e=+nan  fm=ON  │  ∇rw=7.52  ∇pol=0.46
[18:23:41] [ep14|s2620]  rw=-4.877  cd=-9.553  reg=4.676  │  e+=-4.60(±0.281)  e-=+5.05(±0.042)  sep=32.7  │  fm_e=+nan  fm=ON  │  ∇rw=7.44  ∇pol=0.39
[18:24:17] [ep14|s2630]  rw=-2.777  cd=-6.828  reg=4.052  │  e+=-2.21(±3.717)  e-=+4.64(±0.171)  sep=32.7  │  fm_e=+nan  fm=ON  │  ∇rw=18.20  ∇pol=0.52
[18:24:53] [ep14|s2640]  rw=-3.973  cd=-8.046  reg=4.073  │  e+=-4.68(±0.371)  e-=+3.43(±1.115)  sep=32.7  │  fm_e=+nan  fm=ON  │  ∇rw=94.71  ∇pol=0.87
[18:25:29] [ep14|s2650]  rw=-4.927  cd=-10.387  reg=5.460  │  e+=-5.53(±0.305)  e-=+4.88(±0.131)  sep=32.7  │  fm_e=+nan  fm=ON  │  ∇rw=7.87  ∇pol=0.81
[18:26:06] [ep14|s2660]  rw=-4.994  cd=-9.819  reg=4.825  │  e+=-4.86(±0.238)  e-=+4.94(±0.107)  sep=32.7  │  fm_e=+nan  fm=ON  │  ∇rw=4.70  ∇pol=0.37
[18:26:06] ══════════ VAL ep14 ══════════  ρ=+0.1481 (p=0.0491) [PASS ✓]  AUROC(E)=0.5641  ECE=0.7860  N=177
[18:26:06]   ckpt saved → ckpt_epoch0014.pt
[18:26:06] ──────────────────── Epoch 15/30 ────────────────────
[18:26:43] [ep15|s2670]  rw=-4.937  cd=-9.923  reg=4.987  │  e+=-4.78(±0.332)  e-=+5.18(±0.108)  sep=32.7  │  fm_e=+nan  fm=ON  │  ∇rw=4.42  ∇pol=0.68
[18:27:19] [ep15|s2680]  rw=-5.059  cd=-9.962  reg=4.903  │  e+=-4.90(±0.525)  e-=+4.98(±0.067)  sep=32.7  │  fm_e=+nan  fm=ON  │  ∇rw=1.98  ∇pol=0.66
[18:27:56] [ep15|s2690]  rw=-4.937  cd=-10.141  reg=5.204  │  e+=-5.08(±0.363)  e-=+5.10(±0.109)  sep=32.7  │  fm_e=+nan  fm=ON  │  ∇rw=5.33  ∇pol=0.56
[18:28:32] [ep15|s2700]  rw=-4.981  cd=-10.013  reg=5.031  │  e+=-4.84(±0.249)  e-=+5.18(±0.246)  sep=32.7  │  fm_e=+nan  fm=ON  │  ∇rw=3.71  ∇pol=1.31
[18:29:08] [ep15|s2710]  rw=-5.015  cd=-10.559  reg=5.543  │  e+=-5.42(±0.256)  e-=+5.10(±0.040)  sep=32.7  │  fm_e=+nan  fm=ON  │  ∇rw=2.59  ∇pol=0.68
[18:29:45] [ep15|s2720]  rw=-4.879  cd=-10.552  reg=5.672  │  e+=-5.28(±0.271)  e-=+5.36(±0.207)  sep=32.7  │  fm_e=+nan  fm=ON  │  ∇rw=8.22  ∇pol=0.62
[18:30:21] [ep15|s2730]  rw=-4.957  cd=-10.502  reg=5.545  │  e+=-5.43(±0.232)  e-=+5.08(±0.071)  sep=32.7  │  fm_e=+nan  fm=ON  │  ∇rw=5.97  ∇pol=0.45
[18:30:57] [ep15|s2740]  rw=-5.065  cd=-10.142  reg=5.078  │  e+=-5.12(±0.357)  e-=+4.94(±0.069)  sep=32.7  │  fm_e=+nan  fm=ON  │  ∇rw=1.91  ∇pol=0.38
[18:31:34] [ep15|s2750]  rw=-4.988  cd=-10.119  reg=5.131  │  e+=-5.04(±0.210)  e-=+5.08(±0.073)  sep=32.7  │  fm_e=+nan  fm=ON  │  ∇rw=3.44  ∇pol=0.80
[18:32:10] [ep15|s2760]  rw=-4.839  cd=-9.938  reg=5.099  │  e+=-4.98(±0.751)  e-=+5.04(±0.251)  sep=32.7  │  fm_e=+nan  fm=ON  │  ∇rw=5.82  ∇pol=0.44
[18:32:46] [ep15|s2770]  rw=-4.706  cd=-8.793  reg=4.087  │  e+=-4.17(±1.065)  e-=+4.71(±0.288)  sep=32.7  │  fm_e=+nan  fm=ON  │  ∇rw=19.92  ∇pol=0.71
[18:33:23] [ep15|s2780]  rw=-4.956  cd=-10.478  reg=5.522  │  e+=-5.30(±0.479)  e-=+5.18(±0.020)  sep=32.7  │  fm_e=+nan  fm=ON  │  ∇rw=4.99  ∇pol=0.57
[18:33:59] [ep15|s2790]  rw=-4.896  cd=-9.725  reg=4.829  │  e+=-5.46(±0.218)  e-=+4.29(±0.220)  sep=32.7  │  fm_e=+nan  fm=ON  │  ∇rw=16.80  ∇pol=0.43
[18:34:35] [ep15|s2800]  rw=-2.796  cd=-6.096  reg=3.300  │  e+=-1.74(±3.148)  e-=+4.25(±0.726)  sep=32.7  │  fm_e=+nan  fm=ON  │  ∇rw=42.72  ∇pol=16.89
[18:35:11] [ep15|s2810]  rw=-5.055  cd=-10.192  reg=5.137  │  e+=-5.04(±0.308)  e-=+5.09(±0.153)  sep=32.7  │  fm_e=+nan  fm=ON  │  ∇rw=5.99  ∇pol=1.58
[18:35:48] [ep15|s2820]  rw=-2.873  cd=-3.724  reg=0.851  │  e+=-1.77(±0.394)  e-=+2.01(±0.766)  sep=32.7  │  fm_e=+nan  fm=ON  │  ∇rw=118.85  ∇pol=3.71
[18:36:24] [ep15|s2830]  rw=+2.220  cd=-0.822  reg=3.042  │  e+=-1.27(±3.134)  e-=-1.00(±4.217)  sep=32.7  │  fm_e=+nan  fm=ON  │  ∇rw=103.87  ∇pol=0.80
[18:37:00] [ep15|s2840]  rw=-2.723  cd=-5.325  reg=2.603  │  e+=-1.56(±2.519)  e-=+3.93(±0.571)  sep=32.7  │  fm_e=+nan  fm=ON  │  ∇rw=55.98  ∇pol=0.69
[18:37:37] [ep15|s2850]  rw=-4.685  cd=-7.850  reg=3.164  │  e+=-4.29(±0.320)  e-=+3.60(±0.332)  sep=32.7  │  fm_e=+nan  fm=ON  │  ∇rw=50.59  ∇pol=0.78
[18:37:37] ══════════ VAL ep15 ══════════  ρ=+0.0788 (p=0.2974) [FAIL ✗]  AUROC(E)=0.5423  ECE=0.7273  N=177
[18:37:37]   ckpt saved → ckpt_epoch0015.pt
[18:37:37] ──────────────────── Epoch 16/30 ────────────────────
[18:38:14] [ep16|s2860]  rw=-4.919  cd=-9.295  reg=4.375  │  e+=-4.32(±0.486)  e-=+4.86(±0.713)  sep=32.7  │  fm_e=+nan  fm=ON  │  ∇rw=25.47  ∇pol=2.12
[18:38:50] [ep16|s2870]  rw=+2.400  cd=-0.200  reg=2.600  │  e+=-2.60(±0.433)  e-=-2.27(±3.324)  sep=32.7  │  fm_e=+nan  fm=ON  │  ∇rw=264.80  ∇pol=5.39
[18:39:26] [ep16|s2880]  rw=-5.045  cd=-9.571  reg=4.525  │  e+=-4.79(±0.392)  e-=+4.67(±0.181)  sep=32.7  │  fm_e=+nan  fm=ON  │  ∇rw=18.70  ∇pol=3.47
[18:40:03] [ep16|s2890]  rw=-4.951  cd=-9.673  reg=4.723  │  e+=-4.50(±0.253)  e-=+5.13(±0.044)  sep=32.7  │  fm_e=+nan  fm=ON  │  ∇rw=22.15  ∇pol=2.06
[18:40:39] [ep16|s2900]  rw=-4.977  cd=-9.716  reg=4.739  │  e+=-4.78(±0.316)  e-=+4.94(±0.063)  sep=32.7  │  fm_e=+nan  fm=ON  │  ∇rw=10.73  ∇pol=5.89
[18:41:15] [ep16|s2910]  rw=-4.984  cd=-10.711  reg=5.727  │  e+=-5.36(±0.506)  e-=+5.30(±0.096)  sep=32.7  │  fm_e=+nan  fm=ON  │  ∇rw=21.04  ∇pol=6.28
[18:41:52] [ep16|s2920]  rw=-4.978  cd=-10.651  reg=5.673  │  e+=-4.92(±0.191)  e-=+5.69(±0.280)  sep=32.7  │  fm_e=+nan  fm=ON  │  ∇rw=18.00  ∇pol=4.11
[18:42:28] [ep16|s2930]  rw=-5.016  cd=-10.211  reg=5.194  │  e+=-5.14(±0.398)  e-=+5.03(±0.062)  sep=32.7  │  fm_e=+nan  fm=ON  │  ∇rw=4.54  ∇pol=7.17
[18:43:04] [ep16|s2940]  rw=-5.211  cd=-10.031  reg=4.820  │  e+=-4.80(±0.678)  e-=+4.97(±0.068)  sep=32.7  │  fm_e=+nan  fm=ON  │  ∇rw=3.40  ∇pol=2.51
[18:43:40] [ep16|s2950]  rw=-4.934  cd=-10.175  reg=5.241  │  e+=-5.42(±0.415)  e-=+4.78(±0.041)  sep=32.7  │  fm_e=+nan  fm=ON  │  ∇rw=8.41  ∇pol=11.53
[18:44:17] [ep16|s2960]  rw=-4.973  cd=-10.580  reg=5.607  │  e+=-5.52(±0.172)  e-=+5.06(±0.166)  sep=32.7  │  fm_e=+nan  fm=ON  │  ∇rw=7.65  ∇pol=5.86
[18:44:53] [ep16|s2970]  rw=-4.972  cd=-9.915  reg=4.943  │  e+=-5.49(±0.199)  e-=+4.39(±0.029)  sep=32.7  │  fm_e=+nan  fm=ON  │  ∇rw=19.62  ∇pol=0.83
[18:45:29] [ep16|s2980]  rw=-2.572  cd=-7.652  reg=5.080  │  e+=-2.81(±4.021)  e-=+5.17(±0.035)  sep=32.7  │  fm_e=+nan  fm=ON  │  ∇rw=50.28  ∇pol=0.69
[18:46:06] [ep16|s2990]  rw=-5.057  cd=-11.176  reg=6.120  │  e+=-5.53(±1.248)  e-=+5.38(±0.334)  sep=32.7  │  fm_e=+nan  fm=ON  │  ∇rw=9.98  ∇pol=1.14
[18:46:42] [ep16|s3000]  rw=-4.880  cd=-9.644  reg=4.765  │  e+=-5.12(±0.717)  e-=+4.50(±0.484)  sep=32.7  │  fm_e=+nan  fm=ON  │  ∇rw=24.27  ∇pol=0.98
[18:47:18] [ep16|s3010]  rw=-4.958  cd=-10.168  reg=5.211  │  e+=-5.19(±0.391)  e-=+4.99(±0.280)  sep=32.7  │  fm_e=+nan  fm=ON  │  ∇rw=3.41  ∇pol=1.23
[18:47:54] [ep16|s3020]  rw=-4.903  cd=-10.976  reg=6.073  │  e+=-5.61(±0.618)  e-=+5.37(±0.033)  sep=32.7  │  fm_e=+nan  fm=ON  │  ∇rw=11.58  ∇pol=0.76
[18:48:31] [ep16|s3030]  rw=-4.973  cd=-10.047  reg=5.074  │  e+=-5.16(±0.090)  e-=+4.90(±0.189)  sep=32.7  │  fm_e=+nan  fm=ON  │  ∇rw=6.15  ∇pol=0.78
[18:49:07] [ep16|s3040]  rw=-4.885  cd=-9.947  reg=5.063  │  e+=-4.97(±1.018)  e-=+4.98(±0.132)  sep=32.7  │  fm_e=+nan  fm=ON  │  ∇rw=4.61  ∇pol=15.28
[18:49:07] ══════════ VAL ep16 ══════════  ρ=+0.1680 (p=0.0254) [PASS ✓]  AUROC(E)=0.5887  ECE=0.7935  N=177
[18:49:08]   ckpt saved → ckpt_epoch0016.pt
[18:49:08] ──────────────────── Epoch 17/30 ────────────────────
[18:49:44] [ep17|s3050]  rw=-4.960  cd=-10.712  reg=5.752  │  e+=-5.55(±0.040)  e-=+5.16(±0.186)  sep=32.7  │  fm_e=+nan  fm=ON  │  ∇rw=7.23  ∇pol=0.44
[18:50:20] [ep17|s3060]  rw=-4.992  cd=-10.016  reg=5.024  │  e+=-4.95(±0.033)  e-=+5.07(±0.020)  sep=32.7  │  fm_e=+nan  fm=ON  │  ∇rw=3.55  ∇pol=0.77
[18:50:57] [ep17|s3070]  rw=-4.887  cd=-10.724  reg=5.837  │  e+=-5.63(±0.225)  e-=+5.16(±0.018)  sep=32.7  │  fm_e=+nan  fm=ON  │  ∇rw=52.05  ∇pol=0.42
[18:51:33] [ep17|s3080]  rw=-3.385  cd=-9.200  reg=5.815  │  e+=-3.98(±3.701)  e-=+5.33(±0.078)  sep=32.7  │  fm_e=+nan  fm=ON  │  ∇rw=22.59  ∇pol=0.61
[18:52:09] [ep17|s3090]  rw=-4.958  cd=-10.031  reg=5.073  │  e+=-5.05(±0.118)  e-=+5.01(±0.290)  sep=32.7  │  fm_e=+nan  fm=ON  │  ∇rw=6.05  ∇pol=1.27
[18:52:46] [ep17|s3100]  rw=-5.242  cd=-10.160  reg=4.918  │  e+=-4.74(±0.781)  e-=+5.09(±0.189)  sep=32.7  │  fm_e=+nan  fm=ON  │  ∇rw=8.48  ∇pol=0.48
[18:53:22] [ep17|s3110]  rw=-2.918  cd=-6.141  reg=3.222  │  e+=-5.18(±0.733)  e-=+0.98(±1.391)  sep=32.7  │  fm_e=+nan  fm=ON  │  ∇rw=147.64  ∇pol=5.85
[18:53:58] [ep17|s3120]  rw=-4.992  cd=-9.885  reg=4.893  │  e+=-4.57(±0.729)  e-=+5.24(±0.147)  sep=32.7  │  fm_e=+nan  fm=ON  │  ∇rw=12.30  ∇pol=2.30
[18:54:34] [ep17|s3130]  rw=-5.052  cd=-10.250  reg=5.198  │  e+=-5.14(±0.296)  e-=+5.03(±0.158)  sep=32.7  │  fm_e=+nan  fm=ON  │  ∇rw=9.09  ∇pol=3.57
[18:55:11] [ep17|s3140]  rw=-4.978  cd=-10.971  reg=5.993  │  e+=-5.57(±0.615)  e-=+5.34(±0.083)  sep=32.7  │  fm_e=+nan  fm=ON  │  ∇rw=16.43  ∇pol=11.70
[18:55:47] [ep17|s3150]  rw=-4.821  cd=-9.623  reg=4.802  │  e+=-5.49(±0.295)  e-=+4.16(±0.655)  sep=32.7  │  fm_e=+nan  fm=ON  │  ∇rw=143.58  ∇pol=0.95
[18:56:24] [ep17|s3160]  rw=-5.005  cd=-9.376  reg=4.371  │  e+=-4.31(±0.259)  e-=+5.00(±0.184)  sep=32.7  │  fm_e=+nan  fm=ON  │  ∇rw=4.07  ∇pol=1.90
[18:57:00] [ep17|s3170]  rw=-4.933  cd=-9.263  reg=4.330  │  e+=-4.30(±0.563)  e-=+4.94(±0.030)  sep=32.7  │  fm_e=+nan  fm=ON  │  ∇rw=8.06  ∇pol=3.26
[18:57:36] [ep17|s3180]  rw=-5.039  cd=-10.854  reg=5.815  │  e+=-5.51(±0.632)  e-=+5.24(±0.036)  sep=32.7  │  fm_e=+nan  fm=ON  │  ∇rw=5.08  ∇pol=0.79
[18:58:13] [ep17|s3190]  rw=-4.942  cd=-10.178  reg=5.236  │  e+=-4.93(±0.315)  e-=+5.28(±0.023)  sep=32.7  │  fm_e=+nan  fm=ON  │  ∇rw=6.25  ∇pol=0.79
[18:58:49] [ep17|s3200]  rw=-4.941  cd=-11.115  reg=6.174  │  e+=-5.70(±0.915)  e-=+5.32(±0.197)  sep=32.7  │  fm_e=+nan  fm=ON  │  ∇rw=16.10  ∇pol=0.71
[18:59:25] [ep17|s3210]  rw=-4.963  cd=-9.594  reg=4.631  │  e+=-4.58(±0.034)  e-=+5.03(±0.162)  sep=32.7  │  fm_e=+nan  fm=ON  │  ∇rw=11.31  ∇pol=1.05
[19:00:02] [ep17|s3220]  rw=-5.059  cd=-10.098  reg=5.039  │  e+=-4.77(±0.433)  e-=+5.24(±0.043)  sep=32.7  │  fm_e=+nan  fm=ON  │  ∇rw=7.66  ∇pol=0.55
[19:00:38] [ep17|s3230]  rw=-4.956  cd=-10.896  reg=5.940  │  e+=-5.17(±0.270)  e-=+5.71(±0.207)  sep=32.7  │  fm_e=+nan  fm=ON  │  ∇rw=17.05  ∇pol=0.91
[19:00:38] ══════════ VAL ep17 ══════════  ρ=+0.1884 (p=0.0120) [PASS ✓]  AUROC(E)=0.6845  ECE=0.7929  N=177 ◀ BEST
[19:00:39]   ckpt saved → ckpt_epoch0017.pt
[19:00:39] ──────────────────── Epoch 18/30 ────────────────────
[19:01:15] [ep18|s3240]  rw=-5.032  cd=-10.129  reg=5.097  │  e+=-5.11(±0.356)  e-=+4.97(±0.087)  sep=32.7  │  fm_e=+nan  fm=ON  │  ∇rw=3.66  ∇pol=2.91
[19:01:51] [ep18|s3250]  rw=-5.011  cd=-10.407  reg=5.397  │  e+=-5.15(±0.170)  e-=+5.23(±0.056)  sep=32.7  │  fm_e=+nan  fm=ON  │  ∇rw=5.97  ∇pol=0.58
[19:02:28] [ep18|s3260]  rw=-5.065  cd=-10.008  reg=4.943  │  e+=-5.08(±0.285)  e-=+4.86(±0.046)  sep=32.7  │  fm_e=+nan  fm=ON  │  ∇rw=2.90  ∇pol=0.58
[19:03:04] [ep18|s3270]  rw=-4.942  cd=-10.098  reg=5.157  │  e+=-5.13(±0.522)  e-=+4.99(±0.032)  sep=32.7  │  fm_e=+nan  fm=ON  │  ∇rw=4.64  ∇pol=1.95
[19:03:40] [ep18|s3280]  rw=-4.987  cd=-10.061  reg=5.075  │  e+=-5.10(±0.081)  e-=+4.97(±0.075)  sep=32.7  │  fm_e=+nan  fm=ON  │  ∇rw=3.18  ∇pol=0.69
[19:04:17] [ep18|s3290]  rw=-5.118  cd=-9.931  reg=4.813  │  e+=-4.82(±0.467)  e-=+4.97(±0.029)  sep=32.7  │  fm_e=+nan  fm=ON  │  ∇rw=5.67  ∇pol=0.50
[19:04:53] [ep18|s3300]  rw=-4.978  cd=-9.858  reg=4.880  │  e+=-4.98(±0.412)  e-=+4.88(±0.078)  sep=32.7  │  fm_e=+nan  fm=ON  │  ∇rw=5.19  ∇pol=1.16
[19:05:29] [ep18|s3310]  rw=-5.114  cd=-10.289  reg=5.175  │  e+=-5.25(±0.477)  e-=+4.90(±0.085)  sep=32.7  │  fm_e=+nan  fm=ON  │  ∇rw=6.48  ∇pol=0.44
[19:06:06] [ep18|s3320]  rw=-5.093  cd=-10.453  reg=5.361  │  e+=-5.27(±0.562)  e-=+5.05(±0.010)  sep=32.7  │  fm_e=+nan  fm=ON  │  ∇rw=4.82  ∇pol=0.65
[19:06:42] [ep18|s3330]  rw=-4.889  cd=-10.415  reg=5.526  │  e+=-5.42(±0.665)  e-=+5.04(±0.120)  sep=32.7  │  fm_e=+nan  fm=ON  │  ∇rw=2.64  ∇pol=0.98
[19:07:18] [ep18|s3340]  rw=-4.942  cd=-9.774  reg=4.832  │  e+=-4.84(±0.495)  e-=+4.96(±0.031)  sep=32.7  │  fm_e=+nan  fm=ON  │  ∇rw=2.93  ∇pol=0.35
[19:07:55] [ep18|s3350]  rw=-5.108  cd=-10.161  reg=5.054  │  e+=-5.04(±0.392)  e-=+5.00(±0.064)  sep=32.7  │  fm_e=+nan  fm=ON  │  ∇rw=6.49  ∇pol=0.55
[19:08:31] [ep18|s3360]  rw=-5.011  cd=-10.323  reg=5.312  │  e+=-5.34(±0.080)  e-=+4.96(±0.022)  sep=32.7  │  fm_e=+nan  fm=ON  │  ∇rw=7.93  ∇pol=0.46
[19:09:07] [ep18|s3370]  rw=-4.937  cd=-9.497  reg=4.560  │  e+=-4.61(±0.191)  e-=+4.93(±0.113)  sep=32.7  │  fm_e=+nan  fm=ON  │  ∇rw=5.52  ∇pol=0.57
[19:09:44] [ep18|s3380]  rw=-5.023  cd=-10.040  reg=5.017  │  e+=-4.83(±0.457)  e-=+5.15(±0.090)  sep=32.7  │  fm_e=+nan  fm=ON  │  ∇rw=3.91  ∇pol=0.31
[19:10:20] [ep18|s3390]  rw=-4.987  cd=-10.132  reg=5.145  │  e+=-5.09(±0.301)  e-=+5.04(±0.101)  sep=32.7  │  fm_e=+nan  fm=ON  │  ∇rw=2.75  ∇pol=0.48
[19:10:56] [ep18|s3400]  rw=-5.203  cd=-10.584  reg=5.381  │  e+=-5.22(±0.307)  e-=+5.15(±0.082)  sep=32.7  │  fm_e=+nan  fm=ON  │  ∇rw=4.93  ∇pol=0.67
[19:11:32] [ep18|s3410]  rw=-5.147  cd=-10.271  reg=5.124  │  e+=-5.01(±0.683)  e-=+5.07(±0.015)  sep=32.7  │  fm_e=+nan  fm=ON  │  ∇rw=2.89  ∇pol=0.44
[19:12:09] [ep18|s3420]  rw=-5.204  cd=-9.769  reg=4.565  │  e+=-4.60(±0.733)  e-=+4.89(±0.042)  sep=32.7  │  fm_e=+nan  fm=ON  │  ∇rw=6.40  ∇pol=1.45
[19:12:09] ══════════ VAL ep18 ══════════  ρ=+0.2246 (p=0.0026) [PASS ✓]  AUROC(E)=0.6525  ECE=0.7944  N=177 ◀ BEST
[19:12:10]   ckpt saved → ckpt_epoch0018.pt
[19:12:10] ──────────────────── Epoch 19/30 ────────────────────
[19:12:46] [ep19|s3430]  rw=-4.958  cd=-9.947  reg=4.989  │  e+=-5.04(±0.235)  e-=+4.94(±0.032)  sep=32.7  │  fm_e=+nan  fm=ON  │  ∇rw=3.31  ∇pol=0.57
[19:13:22] [ep19|s3440]  rw=-5.017  cd=-9.950  reg=4.933  │  e+=-4.96(±0.127)  e-=+4.97(±0.048)  sep=32.7  │  fm_e=+nan  fm=ON  │  ∇rw=3.80  ∇pol=0.66
[19:13:59] [ep19|s3450]  rw=-4.924  cd=-10.158  reg=5.233  │  e+=-5.26(±0.371)  e-=+4.95(±0.013)  sep=32.7  │  fm_e=+nan  fm=ON  │  ∇rw=3.39  ∇pol=0.63
[19:14:35] [ep19|s3460]  rw=-4.979  cd=-9.892  reg=4.912  │  e+=-4.91(±0.113)  e-=+5.00(±0.066)  sep=32.7  │  fm_e=+nan  fm=ON  │  ∇rw=1.91  ∇pol=0.58
[19:15:11] [ep19|s3470]  rw=-5.155  cd=-10.533  reg=5.378  │  e+=-5.20(±0.345)  e-=+5.16(±0.048)  sep=32.7  │  fm_e=+nan  fm=ON  │  ∇rw=4.38  ∇pol=1.70
[19:15:47] [ep19|s3480]  rw=-4.891  cd=-9.186  reg=4.295  │  e+=-4.31(±0.655)  e-=+4.89(±0.090)  sep=32.7  │  fm_e=+nan  fm=ON  │  ∇rw=5.38  ∇pol=0.44
[19:16:23] [ep19|s3490]  rw=-4.929  cd=-9.409  reg=4.480  │  e+=-4.55(±0.974)  e-=+4.80(±0.100)  sep=32.7  │  fm_e=+nan  fm=ON  │  ∇rw=4.68  ∇pol=1.00
[19:17:00] [ep19|s3500]  rw=-4.883  cd=-10.124  reg=5.241  │  e+=-5.06(±0.746)  e-=+5.12(±0.037)  sep=32.7  │  fm_e=+nan  fm=ON  │  ∇rw=16.67  ∇pol=0.60
[19:17:36] [ep19|s3510]  rw=-4.967  cd=-10.002  reg=5.036  │  e+=-4.87(±0.434)  e-=+5.13(±0.279)  sep=32.7  │  fm_e=+nan  fm=ON  │  ∇rw=4.88  ∇pol=0.56
[19:18:12] [ep19|s3520]  rw=-4.886  cd=-10.367  reg=5.482  │  e+=-5.50(±0.429)  e-=+4.94(±0.124)  sep=32.7  │  fm_e=+nan  fm=ON  │  ∇rw=4.77  ∇pol=0.40
[19:18:49] [ep19|s3530]  rw=-4.954  cd=-9.735  reg=4.781  │  e+=-4.45(±0.162)  e-=+5.29(±0.040)  sep=32.7  │  fm_e=+nan  fm=ON  │  ∇rw=9.05  ∇pol=8.97
[19:19:25] [ep19|s3540]  rw=-4.955  cd=-9.186  reg=4.231  │  e+=-4.25(±0.612)  e-=+4.88(±0.036)  sep=32.7  │  fm_e=+nan  fm=ON  │  ∇rw=6.98  ∇pol=1.91
[19:20:01] [ep19|s3550]  rw=-5.030  cd=-10.272  reg=5.243  │  e+=-5.29(±0.571)  e-=+4.90(±0.086)  sep=32.7  │  fm_e=+nan  fm=ON  │  ∇rw=5.68  ∇pol=0.93
[19:20:38] [ep19|s3560]  rw=-5.026  cd=-9.937  reg=4.912  │  e+=-4.81(±0.233)  e-=+5.08(±0.120)  sep=32.7  │  fm_e=+nan  fm=ON  │  ∇rw=6.26  ∇pol=0.81
[19:21:14] [ep19|s3570]  rw=-4.952  cd=-10.088  reg=5.136  │  e+=-4.71(±0.254)  e-=+5.39(±0.197)  sep=32.7  │  fm_e=+nan  fm=ON  │  ∇rw=9.00  ∇pol=0.45
[19:21:50] [ep19|s3580]  rw=-4.808  cd=-9.461  reg=4.653  │  e+=-4.79(±0.338)  e-=+4.84(±0.206)  sep=32.7  │  fm_e=+nan  fm=ON  │  ∇rw=4.37  ∇pol=0.73
[19:22:26] [ep19|s3590]  rw=-4.680  cd=-10.151  reg=5.471  │  e+=-5.13(±0.590)  e-=+5.29(±0.210)  sep=32.7  │  fm_e=+nan  fm=ON  │  ∇rw=7.08  ∇pol=0.47
[19:23:03] [ep19|s3600]  rw=-4.979  cd=-9.505  reg=4.526  │  e+=-4.68(±0.191)  e-=+4.82(±0.103)  sep=32.7  │  fm_e=+nan  fm=ON  │  ∇rw=6.88  ∇pol=0.50
[19:23:39] [ep19|s3610]  rw=-5.013  cd=-10.313  reg=5.301  │  e+=-5.34(±0.280)  e-=+4.94(±0.025)  sep=32.7  │  fm_e=+nan  fm=ON  │  ∇rw=3.20  ∇pol=0.67
[19:23:39] ══════════ VAL ep19 ══════════  ρ=+0.2609 (p=0.0005) [PASS ✓]  AUROC(E)=0.6676  ECE=0.7954  N=177 ◀ BEST
[19:23:40]   ckpt saved → ckpt_epoch0019.pt
[19:23:40] ──────────────────── Epoch 20/30 ────────────────────
[19:24:16] [ep20|s3620]  rw=-5.024  cd=-9.376  reg=4.353  │  e+=-4.23(±1.247)  e-=+4.90(±0.051)  sep=32.7  │  fm_e=+nan  fm=ON  │  ∇rw=5.83  ∇pol=0.94
[19:24:53] [ep20|s3630]  rw=-4.904  cd=-10.981  reg=6.077  │  e+=-5.80(±0.609)  e-=+5.17(±0.016)  sep=32.7  │  fm_e=+nan  fm=ON  │  ∇rw=4.75  ∇pol=0.59
[19:25:29] [ep20|s3640]  rw=-4.941  cd=-10.244  reg=5.303  │  e+=-5.47(±0.228)  e-=+4.80(±0.085)  sep=32.7  │  fm_e=+nan  fm=ON  │  ∇rw=6.35  ∇pol=0.75
[19:26:05] [ep20|s3650]  rw=-4.965  cd=-9.914  reg=4.949  │  e+=-4.77(±0.527)  e-=+5.15(±0.075)  sep=32.7  │  fm_e=+nan  fm=ON  │  ∇rw=5.29  ∇pol=0.82
[19:26:41] [ep20|s3660]  rw=-4.434  cd=-7.956  reg=3.522  │  e+=-2.69(±0.356)  e-=+5.27(±0.331)  sep=32.7  │  fm_e=+nan  fm=ON  │  ∇rw=29.76  ∇pol=2.23
[19:27:18] [ep20|s3670]  rw=-5.215  cd=-10.190  reg=4.974  │  e+=-5.08(±0.859)  e-=+4.77(±0.382)  sep=32.7  │  fm_e=+nan  fm=ON  │  ∇rw=14.87  ∇pol=0.82
[19:27:54] [ep20|s3680]  rw=-5.007  cd=-9.943  reg=4.936  │  e+=-4.91(±0.108)  e-=+5.02(±0.118)  sep=32.7  │  fm_e=+nan  fm=ON  │  ∇rw=6.39  ∇pol=1.16
[19:28:30] [ep20|s3690]  rw=-4.999  cd=-9.297  reg=4.298  │  e+=-4.33(±0.477)  e-=+4.90(±0.069)  sep=32.7  │  fm_e=+nan  fm=ON  │  ∇rw=6.54  ∇pol=0.68
[19:29:07] [ep20|s3700]  rw=-4.994  cd=-10.190  reg=5.196  │  e+=-5.22(±0.267)  e-=+4.96(±0.074)  sep=32.7  │  fm_e=+nan  fm=ON  │  ∇rw=4.23  ∇pol=1.09
[19:29:43] [ep20|s3710]  rw=-5.194  cd=-9.906  reg=4.712  │  e+=-4.46(±1.414)  e-=+5.02(±0.039)  sep=32.7  │  fm_e=+nan  fm=ON  │  ∇rw=3.16  ∇pol=1.23
[19:30:19] [ep20|s3720]  rw=-5.080  cd=-9.334  reg=4.254  │  e+=-4.33(±0.286)  e-=+4.87(±0.050)  sep=32.7  │  fm_e=+nan  fm=ON  │  ∇rw=6.41  ∇pol=2.34
[19:30:55] [ep20|s3730]  rw=-3.738  cd=-7.600  reg=3.862  │  e+=-3.60(±1.944)  e-=+4.58(±0.096)  sep=32.7  │  fm_e=+nan  fm=ON  │  ∇rw=55.67  ∇pol=0.67
[19:31:32] [ep20|s3740]  rw=-5.240  cd=-9.858  reg=4.619  │  e+=-4.58(±0.854)  e-=+4.94(±0.128)  sep=32.7  │  fm_e=+nan  fm=ON  │  ∇rw=11.57  ∇pol=0.69
[19:32:08] [ep20|s3750]  rw=-4.943  cd=-9.564  reg=4.620  │  e+=-4.71(±0.263)  e-=+4.89(±0.055)  sep=32.7  │  fm_e=+nan  fm=ON  │  ∇rw=4.62  ∇pol=0.39
[19:32:44] [ep20|s3760]  rw=-5.143  cd=-10.286  reg=5.143  │  e+=-4.94(±0.388)  e-=+5.18(±0.052)  sep=32.7  │  fm_e=+nan  fm=ON  │  ∇rw=4.19  ∇pol=0.65
[19:33:21] [ep20|s3770]  rw=-4.957  cd=-9.853  reg=4.896  │  e+=-4.82(±0.420)  e-=+5.06(±0.088)  sep=32.7  │  fm_e=+nan  fm=ON  │  ∇rw=2.42  ∇pol=0.52
[19:33:57] [ep20|s3780]  rw=-5.048  cd=-9.913  reg=4.865  │  e+=-5.00(±0.672)  e-=+4.80(±0.111)  sep=32.7  │  fm_e=+nan  fm=ON  │  ∇rw=7.25  ∇pol=1.18
[19:34:33] [ep20|s3790]  rw=-4.986  cd=-10.641  reg=5.655  │  e+=-5.56(±0.235)  e-=+5.05(±0.030)  sep=32.7  │  fm_e=+nan  fm=ON  │  ∇rw=7.03  ∇pol=0.58
[19:35:09] [ep20|s3800]  rw=-5.015  cd=-10.012  reg=4.998  │  e+=-5.13(±0.504)  e-=+4.84(±0.035)  sep=32.7  │  fm_e=+nan  fm=ON  │  ∇rw=4.70  ∇pol=0.60
[19:35:10] ══════════ VAL ep20 ══════════  ρ=+0.0059 (p=0.9379) [FAIL ✗]  AUROC(E)=0.5188  ECE=0.7963  N=177
[19:35:10]   ckpt saved → ckpt_epoch0020.pt
[19:35:10] ──────────────────── Epoch 21/30 ────────────────────
[19:35:47] [ep21|s3810]  rw=-4.765  cd=-9.620  reg=4.855  │  e+=-5.53(±0.569)  e-=+3.93(±0.573)  sep=32.7  │  fm_e=+nan  fm=ON  │  ∇rw=75.45  ∇pol=1.00
[19:36:23] [ep21|s3820]  rw=-4.928  cd=-9.870  reg=4.942  │  e+=-5.15(±0.523)  e-=+4.76(±0.120)  sep=32.7  │  fm_e=+nan  fm=ON  │  ∇rw=5.86  ∇pol=0.71
[19:36:59] [ep21|s3830]  rw=-5.015  cd=-10.087  reg=5.072  │  e+=-5.09(±0.174)  e-=+4.98(±0.044)  sep=32.7  │  fm_e=+nan  fm=ON  │  ∇rw=1.68  ∇pol=0.70
[19:37:35] [ep21|s3840]  rw=-5.286  cd=-10.674  reg=5.388  │  e+=-5.41(±0.620)  e-=+4.92(±0.036)  sep=32.7  │  fm_e=+nan  fm=ON  │  ∇rw=2.65  ∇pol=1.31
[19:38:12] [ep21|s3850]  rw=-5.082  cd=-10.476  reg=5.394  │  e+=-5.34(±0.509)  e-=+5.01(±0.057)  sep=32.7  │  fm_e=+nan  fm=ON  │  ∇rw=2.93  ∇pol=0.84
[19:38:48] [ep21|s3860]  rw=-5.076  cd=-9.838  reg=4.762  │  e+=-4.82(±0.364)  e-=+4.91(±0.244)  sep=32.7  │  fm_e=+nan  fm=ON  │  ∇rw=5.37  ∇pol=1.17
[19:39:24] [ep21|s3870]  rw=-4.908  cd=-9.546  reg=4.638  │  e+=-4.52(±0.283)  e-=+5.09(±0.058)  sep=32.7  │  fm_e=+nan  fm=ON  │  ∇rw=11.27  ∇pol=0.77
[19:40:00] [ep21|s3880]  rw=-2.530  cd=-7.057  reg=4.527  │  e+=-5.15(±0.262)  e-=+1.87(±2.152)  sep=32.7  │  fm_e=+nan  fm=ON  │  ∇rw=683.64  ∇pol=0.75
[19:40:37] [ep21|s3890]  rw=-5.131  cd=-10.512  reg=5.381  │  e+=-5.04(±0.716)  e-=+5.27(±0.091)  sep=32.7  │  fm_e=+nan  fm=ON  │  ∇rw=7.62  ∇pol=1.72
[19:41:13] [ep21|s3900]  rw=-5.206  cd=-10.368  reg=5.162  │  e+=-5.20(±0.477)  e-=+4.94(±0.083)  sep=32.7  │  fm_e=+nan  fm=ON  │  ∇rw=3.37  ∇pol=0.35
[19:41:49] [ep21|s3910]  rw=-5.128  cd=-9.897  reg=4.769  │  e+=-4.67(±0.670)  e-=+5.04(±0.030)  sep=32.7  │  fm_e=+nan  fm=ON  │  ∇rw=7.88  ∇pol=0.75
[19:42:26] [ep21|s3920]  rw=-5.177  cd=-10.041  reg=4.864  │  e+=-4.86(±0.482)  e-=+4.98(±0.069)  sep=32.7  │  fm_e=+nan  fm=ON  │  ∇rw=4.35  ∇pol=0.86
[19:43:02] [ep21|s3930]  rw=-3.274  cd=-7.429  reg=4.155  │  e+=-4.95(±0.257)  e-=+2.49(±1.359)  sep=32.7  │  fm_e=+nan  fm=ON  │  ∇rw=518.59  ∇pol=5.07
[19:43:38] [ep21|s3940]  rw=+1.389  cd=-1.481  reg=2.870  │  e+=-3.61(±0.423)  e-=-2.08(±3.325)  sep=32.7  │  fm_e=+nan  fm=ON  │  ∇rw=86.66  ∇pol=0.94
[19:44:15] [ep21|s3950]  rw=-4.725  cd=-8.853  reg=4.128  │  e+=-4.02(±0.321)  e-=+4.96(±0.514)  sep=32.7  │  fm_e=+nan  fm=ON  │  ∇rw=16.95  ∇pol=0.83
[19:44:51] [ep21|s3960]  rw=-4.999  cd=-9.681  reg=4.682  │  e+=-4.91(±0.181)  e-=+4.69(±0.251)  sep=32.7  │  fm_e=+nan  fm=ON  │  ∇rw=36.37  ∇pol=4.23
[19:45:27] [ep21|s3970]  rw=-4.975  cd=-10.107  reg=5.132  │  e+=-4.89(±0.378)  e-=+5.22(±0.191)  sep=32.7  │  fm_e=+nan  fm=ON  │  ∇rw=16.72  ∇pol=6.55
[19:46:04] [ep21|s3980]  rw=-4.999  cd=-10.560  reg=5.561  │  e+=-5.39(±0.276)  e-=+5.12(±0.307)  sep=32.7  │  fm_e=+nan  fm=ON  │  ∇rw=16.59  ∇pol=5.14
[19:46:40] [ep21|s3990]  rw=-4.988  cd=-9.780  reg=4.792  │  e+=-4.80(±0.185)  e-=+4.99(±0.031)  sep=32.7  │  fm_e=+nan  fm=ON  │  ∇rw=2.05  ∇pol=1.73
[19:46:41] ══════════ VAL ep21 ══════════  ρ=+0.2187 (p=0.0035) [PASS ✓]  AUROC(E)=0.6484  ECE=0.7964  N=177
[19:46:41]   ckpt saved → ckpt_epoch0021.pt
[19:46:41] ──────────────────── Epoch 22/30 ────────────────────
[19:47:17] [ep22|s4000]  rw=-5.035  cd=-9.680  reg=4.644  │  e+=-4.66(±0.304)  e-=+4.96(±0.102)  sep=32.7  │  fm_e=+nan  fm=ON  │  ∇rw=3.38  ∇pol=1.94
[19:47:54] [ep22|s4010]  rw=-4.881  cd=-10.134  reg=5.252  │  e+=-5.18(±0.394)  e-=+5.04(±0.091)  sep=32.7  │  fm_e=+nan  fm=ON  │  ∇rw=5.20  ∇pol=1.35
[19:48:30] [ep22|s4020]  rw=-5.049  cd=-10.148  reg=5.099  │  e+=-5.03(±0.488)  e-=+5.04(±0.135)  sep=32.7  │  fm_e=+nan  fm=ON  │  ∇rw=8.47  ∇pol=11.15
[19:49:06] [ep22|s4030]  rw=-3.628  cd=-7.311  reg=3.683  │  e+=-2.73(±2.772)  e-=+4.58(±0.234)  sep=32.7  │  fm_e=+nan  fm=ON  │  ∇rw=74.69  ∇pol=6.55
[19:49:42] [ep22|s4040]  rw=-5.002  cd=-9.712  reg=4.710  │  e+=-4.81(±0.593)  e-=+4.86(±0.085)  sep=32.7  │  fm_e=+nan  fm=ON  │  ∇rw=5.23  ∇pol=0.93
[19:50:19] [ep22|s4050]  rw=-4.956  cd=-10.350  reg=5.394  │  e+=-5.34(±0.054)  e-=+5.02(±0.203)  sep=32.7  │  fm_e=+nan  fm=ON  │  ∇rw=9.03  ∇pol=0.50
[19:50:55] [ep22|s4060]  rw=-4.982  cd=-9.224  reg=4.242  │  e+=-4.40(±0.370)  e-=+4.78(±0.160)  sep=32.7  │  fm_e=+nan  fm=ON  │  ∇rw=11.06  ∇pol=0.41
[19:51:31] [ep22|s4070]  rw=-4.934  cd=-9.587  reg=4.653  │  e+=-4.86(±0.620)  e-=+4.72(±0.232)  sep=32.7  │  fm_e=+nan  fm=ON  │  ∇rw=15.81  ∇pol=1.92
[19:52:08] [ep22|s4080]  rw=-5.223  cd=-10.163  reg=4.940  │  e+=-4.85(±0.686)  e-=+5.04(±0.045)  sep=32.7  │  fm_e=+nan  fm=ON  │  ∇rw=3.86  ∇pol=1.40
[19:52:44] [ep22|s4090]  rw=-4.962  cd=-10.048  reg=5.087  │  e+=-4.89(±0.536)  e-=+5.15(±0.135)  sep=32.7  │  fm_e=+nan  fm=ON  │  ∇rw=6.92  ∇pol=1.52
[19:53:20] [ep22|s4100]  rw=-5.021  cd=-10.385  reg=5.363  │  e+=-5.34(±0.371)  e-=+4.99(±0.045)  sep=32.7  │  fm_e=+nan  fm=ON  │  ∇rw=7.58  ∇pol=4.58
[19:53:57] [ep22|s4110]  rw=-4.880  cd=-10.301  reg=5.421  │  e+=-5.39(±0.916)  e-=+4.93(±0.063)  sep=32.7  │  fm_e=+nan  fm=ON  │  ∇rw=6.60  ∇pol=5.44
[19:54:33] [ep22|s4120]  rw=-4.941  cd=-10.767  reg=5.826  │  e+=-5.47(±0.351)  e-=+5.31(±0.206)  sep=32.7  │  fm_e=+nan  fm=ON  │  ∇rw=10.91  ∇pol=4.00
[19:55:09] [ep22|s4130]  rw=-5.002  cd=-10.287  reg=5.284  │  e+=-5.22(±0.529)  e-=+5.02(±0.092)  sep=32.7  │  fm_e=+nan  fm=ON  │  ∇rw=4.80  ∇pol=4.32
[19:55:45] [ep22|s4140]  rw=-4.976  cd=-10.116  reg=5.140  │  e+=-5.09(±0.760)  e-=+4.99(±0.063)  sep=32.7  │  fm_e=+nan  fm=ON  │  ∇rw=3.58  ∇pol=6.27
[19:56:22] [ep22|s4150]  rw=-4.999  cd=-10.299  reg=5.300  │  e+=-5.27(±0.052)  e-=+5.03(±0.021)  sep=32.7  │  fm_e=+nan  fm=ON  │  ∇rw=6.34  ∇pol=2.75
[19:56:58] [ep22|s4160]  rw=-4.981  cd=-9.974  reg=4.993  │  e+=-5.08(±0.145)  e-=+4.91(±0.032)  sep=32.7  │  fm_e=+nan  fm=ON  │  ∇rw=4.41  ∇pol=2.89
[19:57:34] [ep22|s4170]  rw=-4.988  cd=-10.017  reg=5.030  │  e+=-5.05(±0.499)  e-=+4.96(±0.075)  sep=32.7  │  fm_e=+nan  fm=ON  │  ∇rw=6.71  ∇pol=3.29
[19:58:11] [ep22|s4180]  rw=-5.032  cd=-10.345  reg=5.314  │  e+=-5.32(±0.328)  e-=+4.98(±0.067)  sep=32.7  │  fm_e=+nan  fm=ON  │  ∇rw=3.01  ∇pol=2.12
[19:58:11] ══════════ VAL ep22 ══════════  ρ=+0.1975 (p=0.0084) [PASS ✓]  AUROC(E)=0.7111  ECE=0.7946  N=177
[19:58:11]   ckpt saved → ckpt_epoch0022.pt
[19:58:11] ──────────────────── Epoch 23/30 ────────────────────
[19:58:48] [ep23|s4190]  rw=-5.003  cd=-10.231  reg=5.227  │  e+=-5.14(±0.294)  e-=+5.07(±0.124)  sep=32.7  │  fm_e=+nan  fm=ON  │  ∇rw=6.82  ∇pol=1.35
[19:59:24] [ep23|s4200]  rw=-5.216  cd=-10.119  reg=4.903  │  e+=-4.74(±0.508)  e-=+5.12(±0.036)  sep=32.7  │  fm_e=+nan  fm=ON  │  ∇rw=4.95  ∇pol=2.38
[20:00:00] [ep23|s4210]  rw=-4.737  cd=-9.741  reg=5.004  │  e+=-5.41(±0.699)  e-=+4.45(±0.311)  sep=32.7  │  fm_e=+nan  fm=ON  │  ∇rw=19.28  ∇pol=1.64
[20:00:37] [ep23|s4220]  rw=-4.993  cd=-10.293  reg=5.300  │  e+=-5.31(±0.057)  e-=+4.98(±0.099)  sep=32.7  │  fm_e=+nan  fm=ON  │  ∇rw=2.91  ∇pol=0.53
[20:01:13] [ep23|s4230]  rw=-5.020  cd=-10.314  reg=5.294  │  e+=-5.09(±0.296)  e-=+5.18(±0.077)  sep=32.7  │  fm_e=+nan  fm=ON  │  ∇rw=5.14  ∇pol=0.70
[20:01:49] [ep23|s4240]  rw=-5.021  cd=-10.205  reg=5.183  │  e+=-5.27(±0.460)  e-=+4.88(±0.044)  sep=32.7  │  fm_e=+nan  fm=ON  │  ∇rw=7.34  ∇pol=1.58
[20:02:25] [ep23|s4250]  rw=-4.989  cd=-9.978  reg=4.989  │  e+=-4.92(±0.777)  e-=+5.01(±0.052)  sep=32.7  │  fm_e=+nan  fm=ON  │  ∇rw=5.15  ∇pol=1.76
[20:03:02] [ep23|s4260]  rw=-5.013  cd=-10.135  reg=5.122  │  e+=-5.09(±0.144)  e-=+5.03(±0.024)  sep=32.7  │  fm_e=+nan  fm=ON  │  ∇rw=2.10  ∇pol=1.69
[20:03:38] [ep23|s4270]  rw=-5.129  cd=-10.135  reg=5.006  │  e+=-5.09(±0.359)  e-=+4.90(±0.105)  sep=32.7  │  fm_e=+nan  fm=ON  │  ∇rw=3.80  ∇pol=3.55
[20:04:14] [ep23|s4280]  rw=-5.029  cd=-10.240  reg=5.211  │  e+=-5.13(±0.211)  e-=+5.07(±0.112)  sep=32.7  │  fm_e=+nan  fm=ON  │  ∇rw=4.62  ∇pol=3.47
[20:04:50] [ep23|s4290]  rw=-5.129  cd=-10.188  reg=5.059  │  e+=-4.84(±0.343)  e-=+5.20(±0.069)  sep=32.7  │  fm_e=+nan  fm=ON  │  ∇rw=6.41  ∇pol=2.76
[20:05:27] [ep23|s4300]  rw=-4.973  cd=-10.485  reg=5.512  │  e+=-5.26(±0.350)  e-=+5.22(±0.124)  sep=32.7  │  fm_e=+nan  fm=ON  │  ∇rw=7.63  ∇pol=2.98
[20:06:03] [ep23|s4310]  rw=-5.087  cd=-10.019  reg=4.932  │  e+=-4.93(±0.253)  e-=+4.99(±0.038)  sep=32.7  │  fm_e=+nan  fm=ON  │  ∇rw=4.93  ∇pol=2.48
[20:06:39] [ep23|s4320]  rw=-5.099  cd=-10.069  reg=4.970  │  e+=-4.96(±0.488)  e-=+4.99(±0.067)  sep=32.7  │  fm_e=+nan  fm=ON  │  ∇rw=2.83  ∇pol=1.79
[20:07:15] [ep23|s4330]  rw=-4.917  cd=-10.757  reg=5.840  │  e+=-5.94(±0.158)  e-=+4.81(±0.074)  sep=32.7  │  fm_e=+nan  fm=ON  │  ∇rw=13.26  ∇pol=2.88
[20:07:52] [ep23|s4340]  rw=-5.073  cd=-9.914  reg=4.842  │  e+=-4.81(±0.185)  e-=+5.02(±0.075)  sep=32.7  │  fm_e=+nan  fm=ON  │  ∇rw=2.75  ∇pol=4.56
[20:08:28] [ep23|s4350]  rw=-5.071  cd=-9.502  reg=4.431  │  e+=-4.84(±0.743)  e-=+4.50(±0.286)  sep=32.7  │  fm_e=+nan  fm=ON  │  ∇rw=12.22  ∇pol=1.64
[20:09:04] [ep23|s4360]  rw=-4.916  cd=-10.282  reg=5.366  │  e+=-5.34(±0.691)  e-=+4.96(±0.091)  sep=32.7  │  fm_e=+nan  fm=ON  │  ∇rw=9.41  ∇pol=4.17
[20:09:41] [ep23|s4370]  rw=-4.977  cd=-9.616  reg=4.640  │  e+=-4.10(±0.568)  e-=+5.40(±0.185)  sep=32.7  │  fm_e=+nan  fm=ON  │  ∇rw=17.60  ∇pol=2.85
[20:09:41] ══════════ VAL ep23 ══════════  ρ=+0.1875 (p=0.0125) [PASS ✓]  AUROC(E)=0.5986  ECE=0.7936  N=177
[20:09:41]   ckpt saved → ckpt_epoch0023.pt
[20:09:41] ──────────────────── Epoch 24/30 ────────────────────
[20:10:18] [ep24|s4380]  rw=-5.023  cd=-10.149  reg=5.126  │  e+=-5.07(±0.128)  e-=+5.05(±0.016)  sep=32.7  │  fm_e=+nan  fm=ON  │  ∇rw=4.49  ∇pol=1.61
[20:10:54] [ep24|s4390]  rw=-4.847  cd=-9.574  reg=4.727  │  e+=-4.76(±0.386)  e-=+4.94(±0.053)  sep=32.7  │  fm_e=+nan  fm=ON  │  ∇rw=3.13  ∇pol=1.54
[20:11:31] [ep24|s4400]  rw=-5.070  cd=-9.250  reg=4.180  │  e+=-4.55(±0.361)  e-=+4.57(±0.152)  sep=32.7  │  fm_e=+nan  fm=ON  │  ∇rw=9.38  ∇pol=1.19
[20:12:07] [ep24|s4410]  rw=-4.963  cd=-10.487  reg=5.524  │  e+=-5.36(±0.223)  e-=+5.14(±0.114)  sep=32.7  │  fm_e=+nan  fm=ON  │  ∇rw=3.87  ∇pol=0.69
[20:12:43] [ep24|s4420]  rw=-5.147  cd=-10.234  reg=5.087  │  e+=-4.72(±0.934)  e-=+5.26(±0.176)  sep=32.7  │  fm_e=+nan  fm=ON  │  ∇rw=6.56  ∇pol=0.48
[20:13:19] [ep24|s4430]  rw=-5.202  cd=-10.159  reg=4.957  │  e+=-4.80(±0.628)  e-=+5.11(±0.056)  sep=32.7  │  fm_e=+nan  fm=ON  │  ∇rw=2.66  ∇pol=0.64
[20:13:56] [ep24|s4440]  rw=-5.010  cd=-9.906  reg=4.895  │  e+=-4.93(±0.252)  e-=+4.94(±0.164)  sep=32.7  │  fm_e=+nan  fm=ON  │  ∇rw=5.37  ∇pol=0.79
[20:14:32] [ep24|s4450]  rw=-4.937  cd=-10.636  reg=5.699  │  e+=-5.57(±0.231)  e-=+5.09(±0.044)  sep=32.7  │  fm_e=+nan  fm=ON  │  ∇rw=5.27  ∇pol=0.82
[20:15:08] [ep24|s4460]  rw=-4.878  cd=-10.168  reg=5.289  │  e+=-5.49(±0.381)  e-=+4.75(±0.091)  sep=32.7  │  fm_e=+nan  fm=ON  │  ∇rw=7.09  ∇pol=1.71
[20:15:45] [ep24|s4470]  rw=-4.849  cd=-9.222  reg=4.373  │  e+=-4.95(±0.511)  e-=+4.34(±0.254)  sep=32.7  │  fm_e=+nan  fm=ON  │  ∇rw=22.77  ∇pol=0.79
[20:16:21] [ep24|s4480]  rw=-5.003  cd=-10.075  reg=5.072  │  e+=-5.45(±0.463)  e-=+4.56(±0.154)  sep=32.7  │  fm_e=+nan  fm=ON  │  ∇rw=11.83  ∇pol=1.09
[20:16:57] [ep24|s4490]  rw=-4.988  cd=-10.664  reg=5.676  │  e+=-5.34(±0.237)  e-=+5.30(±0.126)  sep=32.7  │  fm_e=+nan  fm=ON  │  ∇rw=6.00  ∇pol=2.62
[20:17:34] [ep24|s4500]  rw=-4.894  cd=-9.522  reg=4.628  │  e+=-4.51(±0.368)  e-=+5.08(±0.078)  sep=32.7  │  fm_e=+nan  fm=ON  │  ∇rw=5.49  ∇pol=0.81
[20:18:10] [ep24|s4510]  rw=-5.004  cd=-10.895  reg=5.891  │  e+=-5.81(±0.465)  e-=+4.99(±0.044)  sep=32.7  │  fm_e=+nan  fm=ON  │  ∇rw=12.65  ∇pol=0.78
[20:18:46] [ep24|s4520]  rw=-4.904  cd=-10.801  reg=5.897  │  e+=-5.87(±0.470)  e-=+4.93(±0.123)  sep=32.7  │  fm_e=+nan  fm=ON  │  ∇rw=13.59  ∇pol=1.29
[20:19:22] [ep24|s4530]  rw=-4.994  cd=-10.158  reg=5.164  │  e+=-5.25(±0.235)  e-=+4.90(±0.043)  sep=32.7  │  fm_e=+nan  fm=ON  │  ∇rw=2.87  ∇pol=0.76
[20:19:59] [ep24|s4540]  rw=-4.908  cd=-10.766  reg=5.858  │  e+=-5.84(±0.185)  e-=+4.95(±0.059)  sep=32.7  │  fm_e=+nan  fm=ON  │  ∇rw=12.29  ∇pol=0.95
[20:20:35] [ep24|s4550]  rw=-5.001  cd=-10.528  reg=5.526  │  e+=-4.78(±0.334)  e-=+5.68(±0.280)  sep=32.7  │  fm_e=+nan  fm=ON  │  ∇rw=20.95  ∇pol=1.85
[20:21:11] [ep24|s4560]  rw=-5.021  cd=-10.030  reg=5.009  │  e+=-5.11(±0.662)  e-=+4.85(±0.100)  sep=32.7  │  fm_e=+nan  fm=ON  │  ∇rw=8.11  ∇pol=3.21
[20:21:12] ══════════ VAL ep24 ══════════  ρ=+0.1995 (p=0.0078) [PASS ✓]  AUROC(E)=0.5967  ECE=0.7820  N=177
[20:21:12]   ckpt saved → ckpt_epoch0024.pt
[20:21:12] ──────────────────── Epoch 25/30 ────────────────────
[20:21:49] [ep25|s4570]  rw=-5.045  cd=-10.305  reg=5.260  │  e+=-4.96(±0.262)  e-=+5.28(±0.050)  sep=32.7  │  fm_e=+nan  fm=ON  │  ∇rw=6.97  ∇pol=2.02
[20:22:25] [ep25|s4580]  rw=-4.944  cd=-10.050  reg=5.105  │  e+=-4.97(±0.546)  e-=+5.06(±0.288)  sep=32.7  │  fm_e=+nan  fm=ON  │  ∇rw=15.24  ∇pol=0.80
[20:23:01] [ep25|s4590]  rw=-5.086  cd=-9.868  reg=4.783  │  e+=-4.84(±0.340)  e-=+4.90(±0.230)  sep=32.7  │  fm_e=+nan  fm=ON  │  ∇rw=11.50  ∇pol=0.79
[20:23:38] [ep25|s4600]  rw=-5.140  cd=-10.028  reg=4.888  │  e+=-4.78(±0.573)  e-=+5.07(±0.053)  sep=32.7  │  fm_e=+nan  fm=ON  │  ∇rw=7.52  ∇pol=1.91
[20:24:14] [ep25|s4610]  rw=-5.248  cd=-9.740  reg=4.492  │  e+=-4.60(±0.642)  e-=+4.83(±0.044)  sep=32.7  │  fm_e=+nan  fm=ON  │  ∇rw=7.87  ∇pol=1.36
[20:24:50] [ep25|s4620]  rw=-4.999  cd=-10.044  reg=5.045  │  e+=-4.76(±0.283)  e-=+5.27(±0.039)  sep=32.7  │  fm_e=+nan  fm=ON  │  ∇rw=5.74  ∇pol=0.31
[20:25:26] [ep25|s4630]  rw=-4.977  cd=-9.983  reg=5.006  │  e+=-4.74(±0.438)  e-=+5.24(±0.036)  sep=32.7  │  fm_e=+nan  fm=ON  │  ∇rw=5.78  ∇pol=0.49
[20:26:03] [ep25|s4640]  rw=-5.005  cd=-10.073  reg=5.068  │  e+=-5.16(±0.125)  e-=+4.90(±0.039)  sep=32.7  │  fm_e=+nan  fm=ON  │  ∇rw=2.63  ∇pol=0.56
[20:26:39] [ep25|s4650]  rw=-5.026  cd=-9.738  reg=4.712  │  e+=-4.91(±0.644)  e-=+4.74(±0.129)  sep=32.7  │  fm_e=+nan  fm=ON  │  ∇rw=11.09  ∇pol=0.63
[20:27:15] [ep25|s4660]  rw=-5.196  cd=-9.450  reg=4.254  │  e+=-4.45(±0.499)  e-=+4.74(±0.033)  sep=32.7  │  fm_e=+nan  fm=ON  │  ∇rw=11.11  ∇pol=0.52
[20:27:52] [ep25|s4670]  rw=-5.199  cd=-10.379  reg=5.180  │  e+=-5.22(±0.507)  e-=+4.92(±0.058)  sep=32.7  │  fm_e=+nan  fm=ON  │  ∇rw=2.97  ∇pol=0.67
[20:28:28] [ep25|s4680]  rw=-4.989  cd=-10.182  reg=5.193  │  e+=-5.17(±0.052)  e-=+5.01(±0.094)  sep=32.7  │  fm_e=+nan  fm=ON  │  ∇rw=6.61  ∇pol=0.53
[20:29:04] [ep25|s4690]  rw=-4.838  cd=-9.524  reg=4.685  │  e+=-4.84(±0.806)  e-=+4.76(±0.122)  sep=32.7  │  fm_e=+nan  fm=ON  │  ∇rw=6.47  ∇pol=0.89
[20:29:41] [ep25|s4700]  rw=-4.850  cd=-9.388  reg=4.538  │  e+=-4.47(±0.981)  e-=+4.94(±0.274)  sep=32.7  │  fm_e=+nan  fm=ON  │  ∇rw=5.74  ∇pol=0.47
[20:30:17] [ep25|s4710]  rw=-4.954  cd=-10.111  reg=5.157  │  e+=-5.15(±0.566)  e-=+4.96(±0.100)  sep=32.7  │  fm_e=+nan  fm=ON  │  ∇rw=5.94  ∇pol=0.88
[20:30:53] [ep25|s4720]  rw=-5.016  cd=-10.345  reg=5.329  │  e+=-5.29(±0.193)  e-=+5.03(±0.033)  sep=32.7  │  fm_e=+nan  fm=ON  │  ∇rw=2.17  ∇pol=0.55
[20:31:30] [ep25|s4730]  rw=-5.131  cd=-10.342  reg=5.212  │  e+=-5.34(±0.655)  e-=+4.81(±0.041)  sep=32.7  │  fm_e=+nan  fm=ON  │  ∇rw=6.20  ∇pol=0.48
[20:32:06] [ep25|s4740]  rw=-5.018  cd=-10.336  reg=5.318  │  e+=-5.29(±0.383)  e-=+5.00(±0.016)  sep=32.7  │  fm_e=+nan  fm=ON  │  ∇rw=2.45  ∇pol=0.51
[20:32:42] [ep25|s4750]  rw=-4.936  cd=-10.683  reg=5.747  │  e+=-5.76(±0.348)  e-=+4.92(±0.096)  sep=32.7  │  fm_e=+nan  fm=ON  │  ∇rw=3.97  ∇pol=0.40
[20:32:43] ══════════ VAL ep25 ══════════  ρ=+0.2114 (p=0.0047) [PASS ✓]  AUROC(E)=0.6319  ECE=0.7888  N=177
[20:32:43]   ckpt saved → ckpt_epoch0025.pt
[20:32:43] ──────────────────── Epoch 26/30 ────────────────────
[20:33:19] [ep26|s4760]  rw=-4.762  cd=-10.948  reg=6.186  │  e+=-4.63(±0.673)  e-=+6.32(±0.052)  sep=32.7  │  fm_e=+nan  fm=ON  │  ∇rw=40.40  ∇pol=0.42
[20:33:56] [ep26|s4770]  rw=-5.051  cd=-9.542  reg=4.492  │  e+=-5.09(±0.553)  e-=+4.33(±0.119)  sep=32.7  │  fm_e=+nan  fm=ON  │  ∇rw=16.26  ∇pol=0.32
[20:34:32] [ep26|s4780]  rw=-4.982  cd=-10.041  reg=5.059  │  e+=-4.73(±0.582)  e-=+5.27(±0.317)  sep=32.7  │  fm_e=+nan  fm=ON  │  ∇rw=9.84  ∇pol=0.53
[20:35:08] [ep26|s4790]  rw=-4.879  cd=-10.455  reg=5.575  │  e+=-5.60(±0.513)  e-=+4.91(±0.172)  sep=32.7  │  fm_e=+nan  fm=ON  │  ∇rw=4.53  ∇pol=0.46
[20:35:45] [ep26|s4800]  rw=-5.126  cd=-9.758  reg=4.632  │  e+=-4.46(±1.226)  e-=+4.99(±0.023)  sep=32.7  │  fm_e=+nan  fm=ON  │  ∇rw=1.23  ∇pol=0.40
[20:36:21] [ep26|s4810]  rw=-2.930  cd=-7.320  reg=4.390  │  e+=-4.91(±0.157)  e-=+2.41(±1.641)  sep=32.7  │  fm_e=+nan  fm=ON  │  ∇rw=154.97  ∇pol=0.68
[20:36:57] [ep26|s4820]  rw=-4.958  cd=-9.445  reg=4.487  │  e+=-4.44(±0.378)  e-=+5.00(±0.135)  sep=32.7  │  fm_e=+nan  fm=ON  │  ∇rw=6.14  ∇pol=0.56
[20:37:34] [ep26|s4830]  rw=-5.007  cd=-10.248  reg=5.241  │  e+=-5.24(±0.161)  e-=+4.99(±0.084)  sep=32.7  │  fm_e=+nan  fm=ON  │  ∇rw=3.27  ∇pol=0.54
[20:38:10] [ep26|s4840]  rw=-5.140  cd=-10.115  reg=4.975  │  e+=-4.68(±0.861)  e-=+5.21(±0.056)  sep=32.7  │  fm_e=+nan  fm=ON  │  ∇rw=6.71  ∇pol=1.07
[20:38:46] [ep26|s4850]  rw=-5.007  cd=-10.135  reg=5.128  │  e+=-5.08(±0.704)  e-=+5.00(±0.066)  sep=32.7  │  fm_e=+nan  fm=ON  │  ∇rw=5.26  ∇pol=0.91
[20:39:22] [ep26|s4860]  rw=-5.076  cd=-10.194  reg=5.117  │  e+=-5.05(±0.763)  e-=+5.00(±0.039)  sep=32.7  │  fm_e=+nan  fm=ON  │  ∇rw=2.35  ∇pol=1.52
[20:39:59] [ep26|s4870]  rw=-5.218  cd=-9.994  reg=4.776  │  e+=-4.71(±0.562)  e-=+5.03(±0.039)  sep=32.7  │  fm_e=+nan  fm=ON  │  ∇rw=4.90  ∇pol=1.32
[20:40:35] [ep26|s4880]  rw=-5.003  cd=-10.926  reg=5.923  │  e+=-5.85(±0.370)  e-=+4.98(±0.042)  sep=32.7  │  fm_e=+nan  fm=ON  │  ∇rw=6.67  ∇pol=1.82
[20:41:12] [ep26|s4890]  rw=-4.912  cd=-10.705  reg=5.793  │  e+=-5.44(±0.406)  e-=+5.30(±0.028)  sep=32.7  │  fm_e=+nan  fm=ON  │  ∇rw=7.27  ∇pol=1.03
[20:41:48] [ep26|s4900]  rw=-4.994  cd=-10.073  reg=5.079  │  e+=-5.19(±0.177)  e-=+4.88(±0.055)  sep=32.7  │  fm_e=+nan  fm=ON  │  ∇rw=4.66  ∇pol=1.09
[20:42:24] [ep26|s4910]  rw=-4.938  cd=-10.142  reg=5.204  │  e+=-5.21(±0.252)  e-=+4.98(±0.019)  sep=32.7  │  fm_e=+nan  fm=ON  │  ∇rw=3.07  ∇pol=0.63
[20:43:00] [ep26|s4920]  rw=-5.063  cd=-9.960  reg=4.897  │  e+=-4.88(±0.169)  e-=+5.01(±0.018)  sep=32.7  │  fm_e=+nan  fm=ON  │  ∇rw=2.70  ∇pol=0.95
[20:43:37] [ep26|s4930]  rw=-5.021  cd=-10.210  reg=5.189  │  e+=-4.96(±0.188)  e-=+5.22(±0.073)  sep=32.7  │  fm_e=+nan  fm=ON  │  ∇rw=6.09  ∇pol=0.47
[20:44:13] [ep26|s4940]  rw=-5.116  cd=-11.074  reg=5.958  │  e+=-5.68(±0.657)  e-=+5.19(±0.034)  sep=32.7  │  fm_e=+nan  fm=ON  │  ∇rw=8.65  ∇pol=1.07
[20:44:13] ══════════ VAL ep26 ══════════  ρ=+0.1500 (p=0.0463) [PASS ✓]  AUROC(E)=0.5370  ECE=0.7909  N=177
[20:44:13]   ckpt saved → ckpt_epoch0026.pt
[20:44:13] ──────────────────── Epoch 27/30 ────────────────────
[20:44:50] [ep27|s4950]  rw=-5.470  cd=-10.292  reg=4.823  │  e+=-4.76(±0.963)  e-=+4.96(±0.050)  sep=32.7  │  fm_e=+nan  fm=ON  │  ∇rw=2.24  ∇pol=3.99
[20:45:26] [ep27|s4960]  rw=-5.030  cd=-10.036  reg=5.006  │  e+=-4.94(±1.131)  e-=+4.94(±0.048)  sep=32.7  │  fm_e=+nan  fm=ON  │  ∇rw=3.43  ∇pol=4.05
[20:46:03] [ep27|s4970]  rw=-5.258  cd=-9.447  reg=4.188  │  e+=-3.99(±0.592)  e-=+5.06(±0.042)  sep=32.7  │  fm_e=+nan  fm=ON  │  ∇rw=9.97  ∇pol=0.72
[20:46:39] [ep27|s4980]  rw=-4.982  cd=-11.076  reg=6.095  │  e+=-5.79(±0.921)  e-=+5.16(±0.053)  sep=32.7  │  fm_e=+nan  fm=ON  │  ∇rw=8.24  ∇pol=1.60
[20:47:15] [ep27|s4990]  rw=-5.352  cd=-11.017  reg=5.665  │  e+=-5.48(±1.024)  e-=+5.06(±0.037)  sep=32.7  │  fm_e=+nan  fm=ON  │  ∇rw=3.34  ∇pol=0.93
[20:47:51] [ep27|s5000]  rw=-5.081  cd=-10.254  reg=5.172  │  e+=-5.24(±0.539)  e-=+4.89(±0.041)  sep=32.7  │  fm_e=+nan  fm=ON  │  ∇rw=10.21  ∇pol=5.71
[20:48:28] [ep27|s5010]  rw=-5.136  cd=-10.352  reg=5.215  │  e+=-5.18(±0.497)  e-=+5.00(±0.057)  sep=32.7  │  fm_e=+nan  fm=ON  │  ∇rw=5.69  ∇pol=0.84
[20:49:04] [ep27|s5020]  rw=-5.052  cd=-10.476  reg=5.424  │  e+=-5.38(±0.418)  e-=+5.00(±0.058)  sep=32.7  │  fm_e=+nan  fm=ON  │  ∇rw=10.83  ∇pol=1.12
[20:49:40] [ep27|s5030]  rw=-4.763  cd=-11.067  reg=6.303  │  e+=-6.07(±0.380)  e-=+5.10(±0.070)  sep=32.7  │  fm_e=+nan  fm=ON  │  ∇rw=5.22  ∇pol=0.75
[20:50:17] [ep27|s5040]  rw=-4.999  cd=-10.195  reg=5.196  │  e+=-5.18(±0.346)  e-=+5.00(±0.080)  sep=32.7  │  fm_e=+nan  fm=ON  │  ∇rw=5.82  ∇pol=1.49
[20:50:53] [ep27|s5050]  rw=-4.720  cd=-9.199  reg=4.479  │  e+=-4.34(±0.927)  e-=+5.01(±0.035)  sep=32.7  │  fm_e=+nan  fm=ON  │  ∇rw=5.45  ∇pol=0.70
[20:51:30] [ep27|s5060]  rw=-4.963  cd=-10.146  reg=5.183  │  e+=-5.31(±0.321)  e-=+4.85(±0.175)  sep=32.7  │  fm_e=+nan  fm=ON  │  ∇rw=6.72  ∇pol=0.50
[20:52:06] [ep27|s5070]  rw=-5.059  cd=-9.981  reg=4.922  │  e+=-4.98(±0.589)  e-=+4.90(±0.082)  sep=32.7  │  fm_e=+nan  fm=ON  │  ∇rw=2.93  ∇pol=1.10
[20:52:42] [ep27|s5080]  rw=-4.992  cd=-9.777  reg=4.786  │  e+=-4.75(±0.319)  e-=+5.02(±0.114)  sep=32.7  │  fm_e=+nan  fm=ON  │  ∇rw=3.67  ∇pol=0.62
[20:53:19] [ep27|s5090]  rw=-5.033  cd=-10.551  reg=5.517  │  e+=-5.24(±0.602)  e-=+5.23(±0.060)  sep=32.7  │  fm_e=+nan  fm=ON  │  ∇rw=9.90  ∇pol=0.34
[20:53:55] [ep27|s5100]  rw=-4.908  cd=-11.097  reg=6.189  │  e+=-6.06(±0.297)  e-=+5.01(±0.043)  sep=32.7  │  fm_e=+nan  fm=ON  │  ∇rw=15.15  ∇pol=0.68
[20:54:31] [ep27|s5110]  rw=-2.835  cd=-7.270  reg=4.434  │  e+=-2.97(±3.771)  e-=+4.61(±0.058)  sep=32.7  │  fm_e=+nan  fm=ON  │  ∇rw=45.83  ∇pol=0.81
[20:55:07] [ep27|s5120]  rw=-4.876  cd=-9.974  reg=5.098  │  e+=-5.11(±0.426)  e-=+4.96(±0.234)  sep=32.7  │  fm_e=+nan  fm=ON  │  ∇rw=4.41  ∇pol=0.60
[20:55:44] [ep27|s5130]  rw=-4.901  cd=-9.578  reg=4.677  │  e+=-4.49(±0.593)  e-=+5.12(±0.073)  sep=32.7  │  fm_e=+nan  fm=ON  │  ∇rw=8.16  ∇pol=0.58
[20:55:44] ══════════ VAL ep27 ══════════  ρ=+0.1623 (p=0.0309) [PASS ✓]  AUROC(E)=0.5749  ECE=0.7872  N=177
[20:55:44]   ckpt saved → ckpt_epoch0027.pt
[20:55:44] ──────────────────── Epoch 28/30 ────────────────────
[20:56:21] [ep28|s5140]  rw=-4.883  cd=-10.195  reg=5.312  │  e+=-5.17(±0.424)  e-=+5.12(±0.065)  sep=32.7  │  fm_e=+nan  fm=ON  │  ∇rw=10.13  ∇pol=0.46
[20:56:57] [ep28|s5150]  rw=-5.334  cd=-11.916  reg=6.582  │  e+=-6.22(±0.793)  e-=+5.14(±0.033)  sep=32.7  │  fm_e=+nan  fm=ON  │  ∇rw=11.95  ∇pol=0.38
[20:57:33] [ep28|s5160]  rw=-5.047  cd=-10.571  reg=5.524  │  e+=-5.49(±0.453)  e-=+4.99(±0.067)  sep=32.7  │  fm_e=+nan  fm=ON  │  ∇rw=4.38  ∇pol=0.58
[20:58:10] [ep28|s5170]  rw=-5.187  cd=-10.547  reg=5.360  │  e+=-5.12(±0.711)  e-=+5.18(±0.062)  sep=32.7  │  fm_e=+nan  fm=ON  │  ∇rw=6.97  ∇pol=0.68
[20:58:46] [ep28|s5180]  rw=-5.012  cd=-10.298  reg=5.286  │  e+=-5.21(±0.170)  e-=+5.06(±0.043)  sep=32.7  │  fm_e=+nan  fm=ON  │  ∇rw=4.48  ∇pol=0.71
[20:59:22] [ep28|s5190]  rw=-5.039  cd=-9.906  reg=4.867  │  e+=-4.78(±0.915)  e-=+4.99(±0.063)  sep=32.7  │  fm_e=+nan  fm=ON  │  ∇rw=5.39  ∇pol=0.67
[20:59:58] [ep28|s5200]  rw=-4.852  cd=-9.889  reg=5.037  │  e+=-4.70(±0.897)  e-=+5.22(±0.214)  sep=32.7  │  fm_e=+nan  fm=ON  │  ∇rw=11.79  ∇pol=1.45
[21:00:35] [ep28|s5210]  rw=-4.972  cd=-9.926  reg=4.954  │  e+=-4.84(±0.792)  e-=+5.05(±0.022)  sep=32.7  │  fm_e=+nan  fm=ON  │  ∇rw=3.77  ∇pol=0.67
[21:01:11] [ep28|s5220]  rw=-4.953  cd=-10.050  reg=5.097  │  e+=-5.02(±0.141)  e-=+5.08(±0.085)  sep=32.7  │  fm_e=+nan  fm=ON  │  ∇rw=3.02  ∇pol=0.49
[21:01:47] [ep28|s5230]  rw=-5.066  cd=-10.261  reg=5.195  │  e+=-4.99(±0.478)  e-=+5.18(±0.040)  sep=32.7  │  fm_e=+nan  fm=ON  │  ∇rw=6.81  ∇pol=0.66
[21:02:24] [ep28|s5240]  rw=-4.966  cd=-10.367  reg=5.401  │  e+=-5.46(±0.200)  e-=+4.92(±0.050)  sep=32.7  │  fm_e=+nan  fm=ON  │  ∇rw=6.78  ∇pol=0.75
[21:03:00] [ep28|s5250]  rw=-5.138  cd=-9.624  reg=4.486  │  e+=-4.48(±0.715)  e-=+4.92(±0.047)  sep=32.7  │  fm_e=+nan  fm=ON  │  ∇rw=8.47  ∇pol=0.57
[21:03:36] [ep28|s5260]  rw=-5.089  cd=-10.581  reg=5.492  │  e+=-5.41(±0.545)  e-=+5.03(±0.050)  sep=32.7  │  fm_e=+nan  fm=ON  │  ∇rw=4.03  ∇pol=0.44
[21:04:12] [ep28|s5270]  rw=-5.016  cd=-10.401  reg=5.385  │  e+=-5.42(±0.332)  e-=+4.94(±0.049)  sep=32.7  │  fm_e=+nan  fm=ON  │  ∇rw=3.89  ∇pol=0.43
[21:04:49] [ep28|s5280]  rw=-4.962  cd=-10.433  reg=5.471  │  e+=-5.39(±0.235)  e-=+5.05(±0.123)  sep=32.7  │  fm_e=+nan  fm=ON  │  ∇rw=3.18  ∇pol=0.96
[21:05:25] [ep28|s5290]  rw=-5.064  cd=-10.010  reg=4.946  │  e+=-4.92(±0.373)  e-=+5.01(±0.042)  sep=32.7  │  fm_e=+nan  fm=ON  │  ∇rw=2.39  ∇pol=0.89
[21:06:01] [ep28|s5300]  rw=-5.114  cd=-9.843  reg=4.729  │  e+=-4.79(±0.493)  e-=+4.91(±0.055)  sep=32.7  │  fm_e=+nan  fm=ON  │  ∇rw=4.91  ∇pol=0.49
[21:06:38] [ep28|s5310]  rw=-5.082  cd=-10.307  reg=5.225  │  e+=-5.17(±0.280)  e-=+5.04(±0.041)  sep=32.7  │  fm_e=+nan  fm=ON  │  ∇rw=2.04  ∇pol=0.46
[21:07:14] [ep28|s5320]  rw=-4.991  cd=-10.047  reg=5.055  │  e+=-4.95(±0.349)  e-=+5.09(±0.092)  sep=32.7  │  fm_e=+nan  fm=ON  │  ∇rw=2.27  ∇pol=0.36
[21:07:15] ══════════ VAL ep28 ══════════  ρ=+0.2791 (p=0.0002) [PASS ✓]  AUROC(E)=0.6693  ECE=0.7945  N=177 ◀ BEST
[21:07:15]   ckpt saved → ckpt_epoch0028.pt
[21:07:15] ──────────────────── Epoch 29/30 ────────────────────
[21:07:51] [ep29|s5330]  rw=-4.944  cd=-10.427  reg=5.483  │  e+=-5.36(±0.572)  e-=+5.08(±0.022)  sep=32.7  │  fm_e=+nan  fm=ON  │  ∇rw=4.61  ∇pol=0.48
[21:08:28] [ep29|s5340]  rw=-5.148  cd=-10.235  reg=5.087  │  e+=-5.03(±0.765)  e-=+5.00(±0.016)  sep=32.7  │  fm_e=+nan  fm=ON  │  ∇rw=2.21  ∇pol=0.45
[21:09:04] [ep29|s5350]  rw=-4.822  cd=-9.817  reg=4.995  │  e+=-4.88(±0.922)  e-=+5.03(±0.044)  sep=32.7  │  fm_e=+nan  fm=ON  │  ∇rw=2.88  ∇pol=0.34
[21:09:40] [ep29|s5360]  rw=-4.935  cd=-9.289  reg=4.354  │  e+=-4.44(±0.321)  e-=+4.87(±0.021)  sep=32.7  │  fm_e=+nan  fm=ON  │  ∇rw=9.28  ∇pol=0.28
[21:10:17] [ep29|s5370]  rw=-5.056  cd=-10.483  reg=5.427  │  e+=-5.36(±0.263)  e-=+5.05(±0.053)  sep=32.7  │  fm_e=+nan  fm=ON  │  ∇rw=7.16  ∇pol=0.45
[21:10:53] [ep29|s5380]  rw=-4.556  cd=-8.031  reg=3.476  │  e+=-3.42(±0.806)  e-=+4.73(±0.018)  sep=32.7  │  fm_e=+nan  fm=ON  │  ∇rw=7.47  ∇pol=0.88
[21:11:29] [ep29|s5390]  rw=-4.995  cd=-10.148  reg=5.153  │  e+=-5.11(±0.075)  e-=+5.05(±0.027)  sep=32.7  │  fm_e=+nan  fm=ON  │  ∇rw=1.69  ∇pol=0.41
[21:12:06] [ep29|s5400]  rw=-4.938  cd=-10.328  reg=5.390  │  e+=-5.31(±0.395)  e-=+5.06(±0.037)  sep=32.7  │  fm_e=+nan  fm=ON  │  ∇rw=3.31  ∇pol=1.03
[21:12:42] [ep29|s5410]  rw=-5.067  cd=-10.057  reg=4.990  │  e+=-4.87(±0.423)  e-=+5.10(±0.036)  sep=32.7  │  fm_e=+nan  fm=ON  │  ∇rw=2.71  ∇pol=0.57
[21:13:18] [ep29|s5420]  rw=-4.947  cd=-10.416  reg=5.469  │  e+=-5.50(±0.392)  e-=+4.92(±0.029)  sep=32.7  │  fm_e=+nan  fm=ON  │  ∇rw=4.24  ∇pol=0.91
[21:13:54] [ep29|s5430]  rw=-4.958  cd=-10.197  reg=5.239  │  e+=-5.35(±0.262)  e-=+4.84(±0.455)  sep=32.7  │  fm_e=+nan  fm=ON  │  ∇rw=9.42  ∇pol=0.54
[21:14:31] [ep29|s5440]  rw=-4.967  cd=-9.739  reg=4.772  │  e+=-4.71(±0.657)  e-=+5.01(±0.028)  sep=32.7  │  fm_e=+nan  fm=ON  │  ∇rw=5.37  ∇pol=0.46
[21:15:07] [ep29|s5450]  rw=-5.029  cd=-9.636  reg=4.607  │  e+=-4.73(±0.442)  e-=+4.84(±0.047)  sep=32.7  │  fm_e=+nan  fm=ON  │  ∇rw=5.28  ∇pol=0.56
[21:15:43] [ep29|s5460]  rw=-5.004  cd=-9.695  reg=4.690  │  e+=-4.69(±0.275)  e-=+4.98(±0.163)  sep=32.7  │  fm_e=+nan  fm=ON  │  ∇rw=4.78  ∇pol=0.51
[21:16:20] [ep29|s5470]  rw=-4.953  cd=-9.842  reg=4.888  │  e+=-4.77(±0.323)  e-=+5.10(±0.105)  sep=32.7  │  fm_e=+nan  fm=ON  │  ∇rw=4.83  ∇pol=0.33
[21:16:56] [ep29|s5480]  rw=-4.988  cd=-9.392  reg=4.403  │  e+=-4.66(±0.297)  e-=+4.72(±0.018)  sep=32.7  │  fm_e=+nan  fm=ON  │  ∇rw=7.28  ∇pol=0.52
[21:17:32] [ep29|s5490]  rw=-5.069  cd=-10.192  reg=5.123  │  e+=-4.96(±0.504)  e-=+5.13(±0.019)  sep=32.7  │  fm_e=+nan  fm=ON  │  ∇rw=3.61  ∇pol=0.46
[21:18:09] [ep29|s5500]  rw=-5.075  cd=-9.701  reg=4.625  │  e+=-4.60(±0.234)  e-=+5.00(±0.060)  sep=32.7  │  fm_e=+nan  fm=ON  │  ∇rw=3.00  ∇pol=0.79
[21:18:45] [ep29|s5510]  rw=-5.579  cd=-10.772  reg=5.192  │  e+=-5.04(±1.444)  e-=+4.94(±0.026)  sep=32.7  │  fm_e=+nan  fm=ON  │  ∇rw=3.17  ∇pol=2.42
[21:18:45] ══════════ VAL ep29 ══════════  ρ=+0.2604 (p=0.0005) [PASS ✓]  AUROC(E)=0.6710  ECE=0.7900  N=177
[21:18:46]   ckpt saved → ckpt_epoch0029.pt
[21:18:46] ──────────────────── Epoch 30/30 ────────────────────
[21:19:22] [ep30|s5520]  rw=-4.833  cd=-9.666  reg=4.832  │  e+=-4.83(±1.159)  e-=+4.87(±0.103)  sep=32.7  │  fm_e=+nan  fm=ON  │  ∇rw=5.73  ∇pol=0.60
[21:19:58] [ep30|s5530]  rw=-4.965  cd=-9.846  reg=4.881  │  e+=-4.94(±0.169)  e-=+4.94(±0.041)  sep=32.7  │  fm_e=+nan  fm=ON  │  ∇rw=2.69  ∇pol=0.63
[21:20:35] [ep30|s5540]  rw=-5.059  cd=-9.822  reg=4.763  │  e+=-4.68(±0.604)  e-=+5.04(±0.020)  sep=32.7  │  fm_e=+nan  fm=ON  │  ∇rw=5.55  ∇pol=0.31
[21:21:11] [ep30|s5550]  rw=-4.956  cd=-10.129  reg=5.172  │  e+=-5.30(±0.251)  e-=+4.86(±0.076)  sep=32.7  │  fm_e=+nan  fm=ON  │  ∇rw=3.86  ∇pol=1.04
[21:21:47] [ep30|s5560]  rw=-5.038  cd=-10.545  reg=5.507  │  e+=-5.55(±0.415)  e-=+4.91(±0.045)  sep=32.7  │  fm_e=+nan  fm=ON  │  ∇rw=3.95  ∇pol=0.56
[21:22:24] [ep30|s5570]  rw=-4.932  cd=-10.367  reg=5.435  │  e+=-5.46(±0.547)  e-=+4.92(±0.028)  sep=32.7  │  fm_e=+nan  fm=ON  │  ∇rw=8.88  ∇pol=0.61
[21:23:00] [ep30|s5580]  rw=-5.005  cd=-10.457  reg=5.452  │  e+=-5.17(±0.236)  e-=+5.27(±0.043)  sep=32.7  │  fm_e=+nan  fm=ON  │  ∇rw=7.14  ∇pol=0.87
[21:23:36] [ep30|s5590]  rw=-5.023  cd=-10.474  reg=5.451  │  e+=-5.19(±0.471)  e-=+5.22(±0.155)  sep=32.7  │  fm_e=+nan  fm=ON  │  ∇rw=6.76  ∇pol=0.53
[21:24:12] [ep30|s5600]  rw=-5.056  cd=-10.012  reg=4.956  │  e+=-4.94(±0.555)  e-=+4.98(±0.050)  sep=32.7  │  fm_e=+nan  fm=ON  │  ∇rw=2.31  ∇pol=0.63
[21:24:49] [ep30|s5610]  rw=-5.014  cd=-10.006  reg=4.992  │  e+=-5.04(±0.113)  e-=+4.95(±0.062)  sep=32.7  │  fm_e=+nan  fm=ON  │  ∇rw=4.56  ∇pol=0.47
[21:25:25] [ep30|s5620]  rw=-5.038  cd=-9.494  reg=4.456  │  e+=-4.37(±0.508)  e-=+5.02(±0.032)  sep=32.7  │  fm_e=+nan  fm=ON  │  ∇rw=3.94  ∇pol=0.40
[21:26:01] [ep30|s5630]  rw=-5.023  cd=-10.399  reg=5.376  │  e+=-5.28(±0.764)  e-=+5.03(±0.026)  sep=32.7  │  fm_e=+nan  fm=ON  │  ∇rw=2.20  ∇pol=0.38
[21:26:37] [ep30|s5640]  rw=-4.910  cd=-10.507  reg=5.597  │  e+=-5.14(±1.009)  e-=+5.34(±0.047)  sep=32.7  │  fm_e=+nan  fm=ON  │  ∇rw=7.49  ∇pol=1.84
[21:27:14] [ep30|s5650]  rw=-4.953  cd=-10.029  reg=5.075  │  e+=-4.97(±0.995)  e-=+5.00(±0.050)  sep=32.7  │  fm_e=+nan  fm=ON  │  ∇rw=3.41  ∇pol=0.72
[21:27:50] [ep30|s5660]  rw=-5.180  cd=-10.130  reg=4.950  │  e+=-4.98(±0.510)  e-=+4.94(±0.102)  sep=32.7  │  fm_e=+nan  fm=ON  │  ∇rw=4.15  ∇pol=0.66
[21:28:26] [ep30|s5670]  rw=-4.951  cd=-9.549  reg=4.598  │  e+=-4.60(±0.135)  e-=+4.98(±0.095)  sep=32.7  │  fm_e=+nan  fm=ON  │  ∇rw=2.97  ∇pol=0.46
[21:29:03] [ep30|s5680]  rw=-5.078  cd=-10.354  reg=5.276  │  e+=-5.23(±0.277)  e-=+5.02(±0.052)  sep=32.7  │  fm_e=+nan  fm=ON  │  ∇rw=3.95  ∇pol=0.53
[21:29:39] [ep30|s5690]  rw=-5.007  cd=-9.939  reg=4.932  │  e+=-5.11(±0.164)  e-=+4.81(±0.027)  sep=32.7  │  fm_e=+nan  fm=ON  │  ∇rw=5.52  ∇pol=0.69
[21:30:15] [ep30|s5700]  rw=-4.861  cd=-9.433  reg=4.571  │  e+=-4.58(±0.579)  e-=+4.93(±0.043)  sep=32.7  │  fm_e=+nan  fm=ON  │  ∇rw=7.76  ∇pol=0.67
[21:30:16] ══════════ VAL ep30 ══════════  ρ=+0.2115 (p=0.0047) [PASS ✓]  AUROC(E)=0.6657  ECE=0.7936  N=177
[21:30:16]   ckpt saved → ckpt_epoch0030.pt
