[15:40:59] ──────────────────── Epoch 01/30 ────────────────────
[15:42:00] [ep01|s0010]  rw=+2.020  cd=-0.551  reg=2.571  │  e+=-3.77(±0.263)  e-=-3.21(±0.287)  sep=-1.0  │  fm_e=-4.6  fm=off  │  ∇rw=908.94  ∇pol=1.98
[15:43:01] [ep01|s0020]  rw=-1.911  cd=-6.827  reg=4.917  │  e+=-4.98(±0.163)  e-=+1.84(±0.023)  sep=-1.0  │  fm_e=-5.9  fm=off  │  ∇rw=260.85  ∇pol=3.33
[15:44:02] [ep01|s0030]  rw=-4.778  cd=-10.061  reg=5.283  │  e+=-5.08(±0.510)  e-=+5.17(±0.007)  sep=-1.0  │  fm_e=-7.5  fm=off  │  ∇rw=4.36  ∇pol=1.71
[15:44:51] ══════════ VAL ep01 ══════════  ρ=+0.0738 (p=0.3291) [FAIL ✗]  AUROC(E)=0.4953  ECE=0.7969  N=177 ◀ BEST
[15:45:00]   ckpt saved → ckpt_epoch0001.pt
[15:45:00] ──────────────────── Epoch 02/30 ────────────────────
[15:45:12] [ep02|s0040]  rw=-4.973  cd=-10.109  reg=5.136  │  e+=-5.05(±0.202)  e-=+5.08(±0.006)  sep=-1.0  │  fm_e=-5.0  fm=off  │  ∇rw=1.19  ∇pol=1.30
[15:46:13] [ep02|s0050]  rw=-4.426  cd=-11.618  reg=7.192  │  e+=-6.45(±0.581)  e-=+5.44(±0.010)  sep=-1.0  │  fm_e=-6.0  fm=off  │  ∇rw=19.54  ∇pol=2.61
[15:47:13] [ep02|s0060]  rw=-4.986  cd=-9.835  reg=4.849  │  e+=-5.06(±0.107)  e-=+4.78(±0.004)  sep=-1.0  │  fm_e=-6.6  fm=off  │  ∇rw=1.64  ∇pol=2.04
[15:48:14] [ep02|s0070]  rw=-4.612  cd=-8.514  reg=3.901  │  e+=-3.69(±0.582)  e-=+4.97(±0.065)  sep=-1.0  │  fm_e=-5.4  fm=off  │  ∇rw=12.67  ∇pol=1.09
[15:48:51] ══════════ VAL ep02 ══════════  ρ=+0.0598 (p=0.4291) [FAIL ✗]  AUROC(E)=0.6157  ECE=0.7960  N=177
[15:48:56]   ckpt saved → ckpt_epoch0002.pt
[15:48:56] ──────────────────── Epoch 03/30 ────────────────────
[15:49:20] [ep03|s0080]  rw=-5.102  cd=-10.061  reg=4.959  │  e+=-4.96(±0.603)  e-=+4.96(±0.013)  sep=-1.0  │  fm_e=-5.4  fm=off  │  ∇rw=2.86  ∇pol=3.96
[15:50:21] [ep03|s0090]  rw=-4.997  cd=-9.995  reg=4.998  │  e+=-4.98(±0.079)  e-=+5.01(±0.008)  sep=-1.0  │  fm_e=-5.1  fm=off  │  ∇rw=0.73  ∇pol=0.98
[15:51:22] [ep03|s0100]  rw=-4.973  cd=-10.168  reg=5.195  │  e+=-5.20(±0.381)  e-=+4.97(±0.004)  sep=-1.0  │  fm_e=-5.3  fm=off  │  ∇rw=1.81  ∇pol=6.01
[15:52:22] [ep03|s0110]  rw=-4.996  cd=-10.299  reg=5.303  │  e+=-5.28(±0.276)  e-=+5.00(±0.007)  sep=-1.0  │  fm_e=-5.6  fm=off  │  ∇rw=2.30  ∇pol=0.98
[15:52:48] ══════════ VAL ep03 ══════════  ρ=-0.0023 (p=0.9754) [FAIL ✗]  AUROC(E)=0.5804  ECE=0.7951  N=177
[15:52:53]   ckpt saved → ckpt_epoch0003.pt
[15:52:53] ──────────────────── Epoch 04/30 ────────────────────
[15:53:29] [ep04|s0120]  rw=-5.036  cd=-10.639  reg=5.603  │  e+=-5.62(±0.451)  e-=+4.93(±0.010)  sep=-1.0  │  fm_e=-6.4  fm=off  │  ∇rw=4.15  ∇pol=0.59
[15:54:30] [ep04|s0130]  rw=-4.981  cd=-10.422  reg=5.441  │  e+=-5.35(±0.053)  e-=+5.08(±0.013)  sep=-1.0  │  fm_e=-5.3  fm=off  │  ∇rw=2.56  ∇pol=0.97
[15:55:31] [ep04|s0140]  rw=-4.975  cd=-10.018  reg=5.044  │  e+=-5.05(±0.104)  e-=+4.99(±0.011)  sep=-1.0  │  fm_e=-5.3  fm=off  │  ∇rw=0.66  ∇pol=1.02
[15:56:31] [ep04|s0150]  rw=-5.076  cd=-10.479  reg=5.404  │  e+=-5.37(±0.382)  e-=+5.01(±0.022)  sep=-1.0  │  fm_e=-6.2  fm=off  │  ∇rw=2.22  ∇pol=1.05
[15:56:44] ══════════ VAL ep04 ══════════  ρ=+0.0761 (p=0.3138) [FAIL ✗]  AUROC(E)=0.4551  ECE=0.7848  N=177 ◀ BEST
[15:56:47]   ckpt saved → ckpt_epoch0004.pt
[15:56:47] ──────────────────── Epoch 05/30 ────────────────────
[15:57:36] [ep05|s0160]  rw=-5.025  cd=-9.946  reg=4.921  │  e+=-4.73(±0.676)  e-=+5.13(±0.010)  sep=-1.0  │  fm_e=-5.4  fm=off  │  ∇rw=5.27  ∇pol=0.94
[15:58:37] [ep05|s0170]  rw=-2.702  cd=-6.597  reg=3.895  │  e+=-5.42(±0.233)  e-=+1.20(±0.038)  sep=-1.0  │  fm_e=-5.2  fm=off  │  ∇rw=482.08  ∇pol=2.58
[15:59:38] [ep05|s0180]  rw=-4.881  cd=-10.559  reg=5.679  │  e+=-5.58(±0.379)  e-=+5.02(±0.007)  sep=-1.0  │  fm_e=-8.1  fm=off  │  ∇rw=9.95  ∇pol=5.60
[16:00:38] [ep05|s0190]  rw=+0.916  cd=-3.631  reg=4.547  │  e+=-4.86(±0.080)  e-=-1.18(±0.048)  sep=-0.2  │  fm_e=-4.8  fm=off  │  ∇rw=350.86  ∇pol=0.44
[16:00:39] ══════════ VAL ep05 ══════════  ρ=-0.0530 (p=0.4834) [FAIL ✗]  AUROC(E)=0.4746  ECE=0.7937  N=177
[16:00:42]   ckpt saved → ckpt_epoch0005.pt
[16:00:42] ──────────────────── Epoch 06/30 ────────────────────
[16:01:43] [ep06|s0200]  rw=-4.984  cd=-9.925  reg=4.941  │  e+=-4.96(±0.177)  e-=+4.97(±0.015)  sep=2.5  │  fm_e=-5.6  fm=off  │  ∇rw=1.69  ∇pol=1.96
[16:02:43] [ep06|s0210]  rw=-4.941  cd=-9.309  reg=4.368  │  e+=-4.38(±0.162)  e-=+4.95(±0.006)  sep=4.0  │  fm_e=-5.6  fm=off  │  ∇rw=3.34  ∇pol=1.78
[16:03:38] [ep06|s0220]  rw=-4.971  cd=-10.842  reg=5.870  │  e+=-5.50(±0.241)  e-=+5.33(±0.043)  sep=45.8  │  fm_e=+5.3  fm=ON  fb=100%  │  ∇rw=6.23  ∇pol=0.46
[16:04:12] ══════════ VAL ep06 ══════════  ρ=+0.1057 (p=0.1616) [FAIL ✗]  AUROC(E)=0.4256  ECE=0.7968  N=177 ◀ BEST
[16:04:16]   ckpt saved → ckpt_epoch0006.pt
[16:04:16] ──────────────────── Epoch 07/30 ────────────────────
[16:04:24] [ep07|s0230]  rw=-4.974  cd=-9.813  reg=4.839  │  e+=-4.84(±0.468)  e-=+4.97(±0.012)  sep=54.3  │  fm_e=+5.0  fm=ON  fb=100%  │  ∇rw=0.97  ∇pol=2.12
[16:05:05] [ep07|s0240]  rw=-4.978  cd=-10.387  reg=5.409  │  e+=-5.28(±0.252)  e-=+5.11(±0.010)  sep=58.4  │  fm_e=+5.1  fm=ON  fb=100%  │  ∇rw=2.39  ∇pol=0.69
[16:05:46] [ep07|s0250]  rw=-5.059  cd=-10.469  reg=5.409  │  e+=-5.24(±0.722)  e-=+5.10(±0.006)  sep=42.2  │  fm_e=+5.1  fm=ON  fb=100%  │  ∇rw=3.35  ∇pol=5.11
[16:06:27] [ep07|s0260]  rw=-4.946  cd=-10.403  reg=5.457  │  e+=-5.41(±0.131)  e-=+5.02(±0.007)  sep=86.3  │  fm_e=+5.0  fm=ON  fb=100%  │  ∇rw=3.13  ∇pol=1.18
[16:06:54] ══════════ VAL ep07 ══════════  ρ=+0.0025 (p=0.9733) [FAIL ✗]  AUROC(E)=0.4505  ECE=0.7899  N=177
[16:06:56]   ckpt saved → ckpt_epoch0007.pt
[16:06:56] ──────────────────── Epoch 08/30 ────────────────────
[16:07:13] [ep08|s0270]  rw=-4.878  cd=-8.952  reg=4.074  │  e+=-3.95(±0.348)  e-=+5.00(±0.020)  sep=81.7  │  fm_e=+5.0  fm=ON  fb=100%  │  ∇rw=8.64  ∇pol=1.63
[16:07:54] [ep08|s0280]  rw=-4.958  cd=-10.083  reg=5.125  │  e+=-5.29(±0.239)  e-=+4.81(±0.019)  sep=102.9  │  fm_e=+4.8  fm=ON  fb=100%  │  ∇rw=3.95  ∇pol=0.67
[16:08:35] [ep08|s0290]  rw=-4.998  cd=-10.057  reg=5.059  │  e+=-5.15(±0.145)  e-=+4.90(±0.018)  sep=105.4  │  fm_e=+4.9  fm=ON  fb=100%  │  ∇rw=1.63  ∇pol=0.39
[16:09:16] [ep08|s0300]  rw=-5.001  cd=-9.633  reg=4.633  │  e+=-4.59(±0.169)  e-=+5.03(±0.010)  sep=156.9  │  fm_e=+5.0  fm=ON  fb=100%  │  ∇rw=3.54  ∇pol=1.98
[16:09:33] ══════════ VAL ep08 ══════════  ρ=+0.0231 (p=0.7601) [FAIL ✗]  AUROC(E)=0.4715  ECE=0.7904  N=177
[16:09:34]   ckpt saved → ckpt_epoch0008.pt
[16:09:34] ──────────────────── Epoch 09/30 ────────────────────
[16:09:59] [ep09|s0310]  rw=-4.863  cd=-9.462  reg=4.599  │  e+=-4.64(±0.784)  e-=+4.78(±0.303)  sep=90.8  │  fm_e=+4.7  fm=ON  fb=100%  │  ∇rw=75.85  ∇pol=1.31
[16:10:39] [ep09|s0320]  rw=-5.033  cd=-10.224  reg=5.191  │  e+=-5.15(±0.450)  e-=+5.01(±0.037)  sep=96.6  │  fm_e=+5.0  fm=ON  fb=100%  │  ∇rw=1.93  ∇pol=0.73
[16:11:20] [ep09|s0330]  rw=-5.046  cd=-10.110  reg=5.064  │  e+=-5.04(±0.296)  e-=+5.01(±0.023)  sep=90.0  │  fm_e=+5.0  fm=ON  fb=100%  │  ∇rw=1.57  ∇pol=0.70
[16:12:01] [ep09|s0340]  rw=-4.981  cd=-9.651  reg=4.669  │  e+=-4.66(±0.276)  e-=+4.99(±0.014)  sep=83.8  │  fm_e=+5.0  fm=ON  fb=100%  │  ∇rw=3.50  ∇pol=0.96
[16:12:10] ══════════ VAL ep09 ══════════  ρ=-0.0390 (p=0.6059) [FAIL ✗]  AUROC(E)=0.5184  ECE=0.7900  N=177
[16:12:14]   ckpt saved → ckpt_epoch0009.pt
[16:12:14] ──────────────────── Epoch 10/30 ────────────────────
[16:12:48] [ep10|s0350]  rw=-4.994  cd=-9.890  reg=4.896  │  e+=-4.88(±0.326)  e-=+5.00(±0.009)  sep=54.8  │  fm_e=+5.0  fm=ON  fb=100%  │  ∇rw=2.56  ∇pol=1.54
[16:32:14] ──────────────────── Epoch 01/30 ────────────────────
[16:33:15] [ep01|s0010]  rw=+2.006  cd=-0.561  reg=2.567  │  e+=-3.77(±0.263)  e-=-3.20(±0.291)  sep=-1.0  │  fm_e=-4.7  fm=off  │  ∇rw=912.34  ∇pol=1.46
[16:34:14] [ep01|s0020]  rw=-1.946  cd=-6.850  reg=4.905  │  e+=-4.98(±0.161)  e-=+1.87(±0.021)  sep=-1.0  │  fm_e=-5.6  fm=off  │  ∇rw=302.62  ∇pol=2.88
[16:35:14] [ep01|s0030]  rw=-4.825  cd=-9.466  reg=4.641  │  e+=-4.32(±0.889)  e-=+5.13(±0.006)  sep=-1.0  │  fm_e=-4.8  fm=off  │  ∇rw=41.65  ∇pol=6.18
[16:36:02] ══════════ VAL ep01 ══════════  ρ=+0.1282 (p=0.0890) [FAIL ✗]  AUROC(E)=0.5266  ECE=0.7845  N=177 ◀ BEST
[16:36:02]   ckpt saved → ckpt_epoch0001.pt
[16:36:02] ──────────────────── Epoch 02/30 ────────────────────
[16:36:14] [ep02|s0040]  rw=-4.963  cd=-9.805  reg=4.842  │  e+=-5.10(±0.343)  e-=+4.72(±0.009)  sep=-1.0  │  fm_e=-5.4  fm=off  │  ∇rw=2.14  ∇pol=1.22
[16:37:14] [ep02|s0050]  rw=-4.958  cd=-10.167  reg=5.209  │  e+=-5.29(±0.157)  e-=+4.90(±0.012)  sep=-1.0  │  fm_e=-5.1  fm=off  │  ∇rw=3.13  ∇pol=1.63
[16:38:14] [ep02|s0060]  rw=-4.974  cd=-9.336  reg=4.362  │  e+=-4.78(±0.110)  e-=+4.55(±0.014)  sep=-1.0  │  fm_e=-4.8  fm=off  │  ∇rw=3.14  ∇pol=2.79
[16:39:15] [ep02|s0070]  rw=-5.004  cd=-9.497  reg=4.493  │  e+=-4.47(±0.141)  e-=+4.99(±0.005)  sep=-1.0  │  fm_e=-4.4  fm=off  │  ∇rw=6.42  ∇pol=1.49
[16:39:51] ══════════ VAL ep02 ══════════  ρ=+0.1120 (p=0.1379) [FAIL ✗]  AUROC(E)=0.5689  ECE=0.7910  N=177
[16:39:52]   ckpt saved → ckpt_epoch0002.pt
[16:39:52] ──────────────────── Epoch 03/30 ────────────────────
[16:40:16] [ep03|s0080]  rw=-4.294  cd=-7.723  reg=3.429  │  e+=-3.03(±1.924)  e-=+4.42(±0.016)  sep=-1.0  │  fm_e=-10.5  fm=off  │  ∇rw=27.77  ∇pol=9.05
[16:41:16] [ep03|s0090]  rw=-4.986  cd=-10.148  reg=5.161  │  e+=-5.16(±0.231)  e-=+4.99(±0.008)  sep=-1.0  │  fm_e=-5.1  fm=off  │  ∇rw=1.62  ∇pol=0.98
[16:42:17] [ep03|s0100]  rw=-4.868  cd=-10.613  reg=5.745  │  e+=-5.62(±0.375)  e-=+5.07(±0.010)  sep=-1.0  │  fm_e=-5.4  fm=off  │  ∇rw=4.77  ∇pol=1.63
[16:43:17] [ep03|s0110]  rw=-4.890  cd=-10.017  reg=5.128  │  e+=-5.34(±0.581)  e-=+4.66(±0.041)  sep=-1.0  │  fm_e=-8.0  fm=off  │  ∇rw=21.26  ∇pol=1.94
[16:43:41] ══════════ VAL ep03 ══════════  ρ=-0.0297 (p=0.6944) [FAIL ✗]  AUROC(E)=0.4594  ECE=0.7939  N=177
[16:43:42]   ckpt saved → ckpt_epoch0003.pt
[16:43:42] ──────────────────── Epoch 04/30 ────────────────────
[16:44:18] [ep04|s0120]  rw=-5.005  cd=-10.182  reg=5.177  │  e+=-4.76(±0.378)  e-=+5.38(±0.051)  sep=-1.0  │  fm_e=-5.2  fm=off  │  ∇rw=6.64  ∇pol=1.79
[16:45:18] [ep04|s0130]  rw=-4.979  cd=-10.605  reg=5.626  │  e+=-5.09(±0.101)  e-=+5.51(±0.041)  sep=-1.0  │  fm_e=-5.2  fm=off  │  ∇rw=7.45  ∇pol=0.59
[16:46:19] [ep04|s0140]  rw=-4.942  cd=-9.861  reg=4.920  │  e+=-5.18(±0.260)  e-=+4.71(±0.057)  sep=-1.0  │  fm_e=-5.4  fm=off  │  ∇rw=5.27  ∇pol=0.97
[16:47:19] [ep04|s0150]  rw=-4.846  cd=-12.312  reg=7.467  │  e+=-6.96(±1.120)  e-=+4.99(±0.103)  sep=-1.0  │  fm_e=-7.1  fm=off  │  ∇rw=22.82  ∇pol=1.18
[16:47:31] ══════════ VAL ep04 ══════════  ρ=+0.0552 (p=0.4657) [FAIL ✗]  AUROC(E)=0.4649  ECE=0.7556  N=177
[16:47:32]   ckpt saved → ckpt_epoch0004.pt
[16:47:32] ──────────────────── Epoch 05/30 ────────────────────
[16:48:20] [ep05|s0160]  rw=-4.996  cd=-9.990  reg=4.994  │  e+=-5.06(±0.099)  e-=+4.92(±0.055)  sep=-1.0  │  fm_e=-5.1  fm=off  │  ∇rw=5.48  ∇pol=0.92
[16:49:19] [ep05|s0170]  rw=-4.853  cd=-9.381  reg=4.528  │  e+=-5.55(±0.155)  e-=+3.77(±0.039)  sep=-1.0  │  fm_e=-5.7  fm=off  │  ∇rw=18.68  ∇pol=0.76
[16:50:19] [ep05|s0180]  rw=-5.020  cd=-9.977  reg=4.957  │  e+=-4.92(±0.247)  e-=+5.03(±0.037)  sep=-1.0  │  fm_e=-5.5  fm=off  │  ∇rw=1.01  ∇pol=5.30
[16:51:19] [ep05|s0190]  rw=-5.063  cd=-9.816  reg=4.753  │  e+=-5.23(±0.253)  e-=+4.45(±0.098)  sep=-0.6  │  fm_e=-5.3  fm=off  │  ∇rw=16.82  ∇pol=1.41
[16:51:20] ══════════ VAL ep05 ══════════  ρ=-0.0149 (p=0.8439) [FAIL ✗]  AUROC(E)=0.5704  ECE=0.7958  N=177
[16:51:20]   ckpt saved → ckpt_epoch0005.pt
[16:51:20] ──────────────────── Epoch 06/30 ────────────────────
[16:52:20] [ep06|s0200]  rw=-4.930  cd=-9.079  reg=4.149  │  e+=-4.89(±0.014)  e-=+4.19(±0.083)  sep=1.1  │  fm_e=-4.8  fm=off  │  ∇rw=10.96  ∇pol=1.02
[16:53:20] [ep06|s0210]  rw=-4.957  cd=-9.354  reg=4.398  │  e+=-4.90(±0.190)  e-=+4.44(±0.079)  sep=1.4  │  fm_e=-4.9  fm=off  │  ∇rw=8.57  ∇pol=1.32
[16:54:14] [ep06|s0220]  rw=-4.979  cd=-9.764  reg=4.785  │  e+=-4.58(±0.177)  e-=+5.17(±0.056)  sep=45.0  │  fm_e=+5.2  fm=ON  fb=100%  │  ∇rw=4.00  ∇pol=0.62
[16:54:46] ══════════ VAL ep06 ══════════  ρ=+0.0056 (p=0.9407) [FAIL ✗]  AUROC(E)=0.5481  ECE=0.7960  N=177
[16:54:46]   ckpt saved → ckpt_epoch0006.pt
[16:54:46] ──────────────────── Epoch 07/30 ────────────────────
[16:54:55] [ep07|s0230]  rw=-4.985  cd=-9.590  reg=4.605  │  e+=-4.89(±0.172)  e-=+4.70(±0.055)  sep=123.0  │  fm_e=+4.7  fm=ON  fb=100%  │  ∇rw=4.21  ∇pol=0.83
[16:55:34] [ep07|s0240]  rw=-4.894  cd=-10.835  reg=5.941  │  e+=-5.54(±0.283)  e-=+5.35(±0.100)  sep=70.5  │  fm_e=+5.3  fm=ON  fb=100%  │  ∇rw=6.14  ∇pol=1.07
[16:56:14] [ep07|s0250]  rw=-5.035  cd=-10.559  reg=5.524  │  e+=-5.29(±0.320)  e-=+5.21(±0.064)  sep=44.2  │  fm_e=+5.2  fm=ON  fb=100%  │  ∇rw=4.73  ∇pol=1.45
[16:56:53] [ep07|s0260]  rw=-5.003  cd=-10.258  reg=5.256  │  e+=-5.31(±0.070)  e-=+4.93(±0.054)  sep=67.7  │  fm_e=+4.9  fm=ON  fb=100%  │  ∇rw=3.26  ∇pol=1.02
[18:28:49] ──────────────────── Epoch 01/30 ────────────────────
[18:29:50] [ep01|s0010]  rw=+2.004  cd=-0.562  reg=2.566  │  e+=-3.77(±0.262)  e-=-3.20(±0.291)  sep=-1.0  │  fm_e=-4.6  fm=off  │  ∇rw=911.75  ∇pol=1.41
[18:30:49] [ep01|s0020]  rw=-1.939  cd=-6.827  reg=4.888  │  e+=-4.98(±0.160)  e-=+1.84(±0.023)  sep=-1.0  │  fm_e=-6.4  fm=off  │  ∇rw=287.43  ∇pol=2.33
[18:31:49] [ep01|s0030]  rw=-4.799  cd=-10.213  reg=5.414  │  e+=-5.24(±0.503)  e-=+5.14(±0.006)  sep=-1.0  │  fm_e=-7.2  fm=off  │  ∇rw=4.35  ∇pol=1.94
[18:32:38] ══════════ VAL ep01 ══════════  ρ=+0.1032 (p=0.1715) [FAIL ✗]  AUROC(E)=0.4815  ECE=0.7969  N=177 ◀ BEST
[18:32:38]   ckpt saved → ckpt_epoch0001.pt
[18:32:38] ──────────────────── Epoch 02/30 ────────────────────
[18:32:50] [ep02|s0040]  rw=-4.964  cd=-10.156  reg=5.192  │  e+=-5.18(±0.257)  e-=+5.00(±0.008)  sep=-1.0  │  fm_e=-5.5  fm=off  │  ∇rw=1.33  ∇pol=1.72
[18:33:51] [ep02|s0050]  rw=-1.928  cd=-6.628  reg=4.700  │  e+=-5.67(±0.568)  e-=+1.16(±1.016)  sep=-1.0  │  fm_e=-6.3  fm=off  │  ∇rw=430.27  ∇pol=1.14
[18:34:51] [ep02|s0060]  rw=-5.000  cd=-10.264  reg=5.264  │  e+=-5.17(±0.083)  e-=+5.08(±0.093)  sep=-1.0  │  fm_e=-6.0  fm=off  │  ∇rw=9.16  ∇pol=4.20
[18:35:51] [ep02|s0070]  rw=-4.864  cd=-8.998  reg=4.134  │  e+=-4.01(±0.211)  e-=+5.00(±0.014)  sep=-1.0  │  fm_e=-5.7  fm=off  │  ∇rw=5.27  ∇pol=1.09
[18:36:28] ══════════ VAL ep02 ══════════  ρ=-0.0178 (p=0.8146) [FAIL ✗]  AUROC(E)=0.5963  ECE=0.7959  N=177
[18:36:28]   ckpt saved → ckpt_epoch0002.pt
[18:36:28] ──────────────────── Epoch 03/30 ────────────────────
[18:36:52] [ep03|s0080]  rw=-5.060  cd=-10.038  reg=4.978  │  e+=-5.04(±0.329)  e-=+4.92(±0.006)  sep=-1.0  │  fm_e=-5.1  fm=off  │  ∇rw=1.09  ∇pol=10.76
[18:37:52] [ep03|s0090]  rw=-4.915  cd=-8.975  reg=4.060  │  e+=-4.43(±0.171)  e-=+4.54(±0.157)  sep=-1.0  │  fm_e=-4.6  fm=off  │  ∇rw=19.54  ∇pol=3.87
[18:38:53] [ep03|s0100]  rw=-5.038  cd=-10.593  reg=5.555  │  e+=-5.36(±0.737)  e-=+5.11(±0.007)  sep=-1.0  │  fm_e=-7.7  fm=off  │  ∇rw=3.12  ∇pol=0.81
[18:39:53] [ep03|s0110]  rw=-5.061  cd=-10.236  reg=5.175  │  e+=-5.19(±0.529)  e-=+4.95(±0.005)  sep=-1.0  │  fm_e=-6.3  fm=off  │  ∇rw=1.76  ∇pol=1.38
[18:40:17] ══════════ VAL ep03 ══════════  ρ=-0.0238 (p=0.7527) [FAIL ✗]  AUROC(E)=0.6061  ECE=0.7950  N=177
[18:40:18]   ckpt saved → ckpt_epoch0003.pt
[18:40:18] ──────────────────── Epoch 04/30 ────────────────────
[18:40:54] [ep04|s0120]  rw=-5.026  cd=-10.015  reg=4.990  │  e+=-4.94(±0.332)  e-=+5.02(±0.011)  sep=-1.0  │  fm_e=-5.6  fm=off  │  ∇rw=4.18  ∇pol=1.53
[18:41:54] [ep04|s0130]  rw=-4.969  cd=-10.095  reg=5.126  │  e+=-5.02(±0.282)  e-=+5.09(±0.032)  sep=-1.0  │  fm_e=-5.3  fm=off  │  ∇rw=2.17  ∇pol=2.02
[18:42:54] [ep04|s0140]  rw=-5.004  cd=-9.970  reg=4.966  │  e+=-4.92(±0.073)  e-=+5.05(±0.007)  sep=-1.0  │  fm_e=-5.3  fm=off  │  ∇rw=1.41  ∇pol=0.97
[18:43:54] [ep04|s0150]  rw=-5.071  cd=-10.041  reg=4.971  │  e+=-4.92(±0.461)  e-=+5.02(±0.008)  sep=-1.0  │  fm_e=-6.5  fm=off  │  ∇rw=2.88  ∇pol=1.08
[18:44:07] ══════════ VAL ep04 ══════════  ρ=-0.0023 (p=0.9758) [FAIL ✗]  AUROC(E)=0.4517  ECE=0.7941  N=177
[18:44:07]   ckpt saved → ckpt_epoch0004.pt
[18:44:07] ──────────────────── Epoch 05/30 ────────────────────
[18:44:55] [ep05|s0160]  rw=-5.048  cd=-10.050  reg=5.002  │  e+=-4.90(±0.804)  e-=+5.03(±0.003)  sep=-1.0  │  fm_e=-5.5  fm=off  │  ∇rw=1.41  ∇pol=1.02
[18:45:55] [ep05|s0170]  rw=-5.251  cd=-10.867  reg=5.615  │  e+=-5.34(±0.792)  e-=+5.19(±0.004)  sep=-1.0  │  fm_e=-6.0  fm=off  │  ∇rw=8.16  ∇pol=0.71
[18:46:55] [ep05|s0180]  rw=-4.281  cd=-9.662  reg=5.381  │  e+=-5.84(±0.971)  e-=+3.80(±1.030)  sep=-1.0  │  fm_e=-6.6  fm=off  │  ∇rw=199.79  ∇pol=1.55
[18:47:55] [ep05|s0190]  rw=-5.224  cd=-10.371  reg=5.148  │  e+=-5.08(±0.546)  e-=+5.03(±0.013)  sep=-0.4  │  fm_e=-5.5  fm=off  │  ∇rw=4.10  ∇pol=2.49
[18:47:56] ══════════ VAL ep05 ══════════  ρ=-0.1253 (p=0.0967) [FAIL ✗]  AUROC(E)=0.4870  ECE=0.7876  N=177
[18:47:56]   ckpt saved → ckpt_epoch0005.pt
[18:47:56] ──────────────────── Epoch 06/30 ────────────────────
[18:48:57] [ep06|s0200]  rw=-5.022  cd=-10.042  reg=5.019  │  e+=-5.03(±0.244)  e-=+4.98(±0.023)  sep=1.3  │  fm_e=-4.9  fm=off  │  ∇rw=1.77  ∇pol=0.85
[18:49:57] [ep06|s0210]  rw=-4.897  cd=-9.421  reg=4.523  │  e+=-4.45(±0.431)  e-=+5.02(±0.044)  sep=0.9  │  fm_e=-4.9  fm=off  │  ∇rw=3.29  ∇pol=0.94
[18:50:51] [ep06|s0220]  rw=-4.774  cd=-9.061  reg=4.287  │  e+=-4.00(±0.888)  e-=+5.10(±0.023)  sep=20.8  │  fm_e=+5.1  fm=ON  fb=100%  │  ∇rw=5.63  ∇pol=0.55
[18:51:23] ══════════ VAL ep06 ══════════  ρ=-0.0703 (p=0.3526) [FAIL ✗]  AUROC(E)=0.5711  ECE=0.7925  N=177
[18:51:23]   ckpt saved → ckpt_epoch0006.pt
[18:51:23] ──────────────────── Epoch 07/30 ────────────────────
[18:51:31] [ep07|s0230]  rw=-4.983  cd=-9.662  reg=4.679  │  e+=-4.73(±0.264)  e-=+4.93(±0.025)  sep=66.3  │  fm_e=+4.9  fm=ON  fb=100%  │  ∇rw=2.31  ∇pol=17.60
[18:52:11] [ep07|s0240]  rw=-5.005  cd=-10.337  reg=5.332  │  e+=-5.31(±0.373)  e-=+5.00(±0.004)  sep=62.4  │  fm_e=+5.0  fm=ON  fb=100%  │  ∇rw=1.90  ∇pol=2.92
[18:52:51] [ep07|s0250]  rw=-5.011  cd=-10.131  reg=5.121  │  e+=-5.10(±0.355)  e-=+5.00(±0.005)  sep=50.2  │  fm_e=+5.0  fm=ON  fb=100%  │  ∇rw=1.42  ∇pol=1.32
[18:53:30] [ep07|s0260]  rw=-4.860  cd=-9.227  reg=4.367  │  e+=-4.51(±0.225)  e-=+4.81(±0.006)  sep=57.2  │  fm_e=+4.8  fm=ON  fb=100%  │  ∇rw=5.43  ∇pol=10.51
[18:53:55] ══════════ VAL ep07 ══════════  ρ=+0.0351 (p=0.6432) [FAIL ✗]  AUROC(E)=0.5711  ECE=0.7966  N=177
[18:53:55]   ckpt saved → ckpt_epoch0007.pt
[18:53:55] ──────────────────── Epoch 08/30 ────────────────────
[18:54:12] [ep08|s0270]  rw=-4.993  cd=-10.020  reg=5.027  │  e+=-4.98(±0.094)  e-=+5.04(±0.008)  sep=126.1  │  fm_e=+5.0  fm=ON  fb=100%  │  ∇rw=2.82  ∇pol=1.83
[18:54:49] [ep08|s0280]  rw=-5.132  cd=-10.188  reg=5.056  │  e+=-5.20(±0.783)  e-=+4.78(±0.021)  sep=68.3  │  fm_e=+4.8  fm=ON  fb=100%  │  ∇rw=5.92  ∇pol=3.82
[18:55:30] [ep08|s0290]  rw=-4.975  cd=-10.132  reg=5.157  │  e+=-4.83(±0.192)  e-=+5.30(±0.017)  sep=65.3  │  fm_e=+5.3  fm=ON  fb=100%  │  ∇rw=5.08  ∇pol=1.54
[18:56:08] [ep08|s0300]  rw=-3.603  cd=-9.009  reg=5.406  │  e+=-4.70(±0.191)  e-=+4.26(±2.929)  sep=96.1  │  fm_e=+3.7  fm=ON  fb=0%  │  ∇rw=99.68  ∇pol=0.68
[18:56:23] ══════════ VAL ep08 ══════════  ρ=+0.0877 (p=0.2455) [FAIL ✗]  AUROC(E)=0.4667  ECE=0.7104  N=177
[18:56:23]   ckpt saved → ckpt_epoch0008.pt
[18:56:23] ──────────────────── Epoch 09/30 ────────────────────
[18:56:46] [ep09|s0310]  rw=-4.894  cd=-9.008  reg=4.113  │  e+=-4.27(±0.242)  e-=+4.76(±0.005)  sep=65.3  │  fm_e=+4.8  fm=ON  fb=100%  │  ∇rw=5.69  ∇pol=1.58
[18:57:26] [ep09|s0320]  rw=-4.959  cd=-9.854  reg=4.895  │  e+=-5.08(±0.396)  e-=+4.79(±0.006)  sep=49.2  │  fm_e=+4.8  fm=ON  fb=100%  │  ∇rw=6.96  ∇pol=1.43
[18:58:06] [ep09|s0330]  rw=-5.061  cd=-9.940  reg=4.879  │  e+=-4.94(±0.614)  e-=+4.90(±0.003)  sep=40.9  │  fm_e=+4.9  fm=ON  fb=100%  │  ∇rw=2.33  ∇pol=0.36
[18:58:47] [ep09|s0340]  rw=-5.021  cd=-10.059  reg=5.039  │  e+=-5.03(±0.173)  e-=+5.00(±0.002)  sep=74.7  │  fm_e=+5.0  fm=ON  fb=100%  │  ∇rw=1.22  ∇pol=0.73
[18:58:55] ══════════ VAL ep09 ══════════  ρ=+0.0068 (p=0.9288) [FAIL ✗]  AUROC(E)=0.4881  ECE=0.7903  N=177
[18:58:55]   ckpt saved → ckpt_epoch0009.pt
[18:58:55] ──────────────────── Epoch 10/30 ────────────────────
[18:59:28] [ep10|s0350]  rw=-5.054  cd=-10.209  reg=5.155  │  e+=-5.11(±0.500)  e-=+5.01(±0.012)  sep=75.8  │  fm_e=+5.0  fm=ON  fb=100%  │  ∇rw=2.01  ∇pol=4.33
[19:00:08] [ep10|s0360]  rw=-4.945  cd=-9.429  reg=4.484  │  e+=-4.41(±0.410)  e-=+5.02(±0.028)  sep=58.9  │  fm_e=+5.0  fm=ON  fb=100%  │  ∇rw=4.86  ∇pol=2.27
[19:00:47] [ep10|s0370]  rw=-5.000  cd=-9.289  reg=4.289  │  e+=-4.27(±0.299)  e-=+4.96(±0.011)  sep=44.1  │  fm_e=+5.0  fm=ON  fb=100%  │  ∇rw=5.03  ∇pol=1.01
[19:01:27] [ep10|s0380]  rw=-5.176  cd=-9.494  reg=4.318  │  e+=-4.78(±1.142)  e-=+4.35(±0.007)  sep=29.7  │  fm_e=+4.4  fm=ON  fb=100%  │  ∇rw=6.23  ∇pol=0.80
[19:01:28] ══════════ VAL ep10 ══════════  ρ=-0.0485 (p=0.5219) [FAIL ✗]  AUROC(E)=0.5725  ECE=0.7845  N=177
[19:01:28]   ckpt saved → ckpt_epoch0010.pt
[19:01:28] ──────────────────── Epoch 11/30 ────────────────────
[19:02:08] [ep11|s0390]  rw=-5.116  cd=-9.683  reg=4.567  │  e+=-4.49(±0.976)  e-=+4.95(±0.006)  sep=35.6  │  fm_e=+4.9  fm=ON  fb=100%  │  ∇rw=5.39  ∇pol=1.46
[19:02:48] [ep11|s0400]  rw=-5.076  cd=-10.454  reg=5.377  │  e+=-5.10(±0.491)  e-=+5.23(±0.006)  sep=75.0  │  fm_e=+5.2  fm=ON  fb=100%  │  ∇rw=4.35  ∇pol=3.09
[19:03:28] [ep11|s0410]  rw=-4.994  cd=-9.787  reg=4.793  │  e+=-4.79(±0.151)  e-=+4.99(±0.006)  sep=81.2  │  fm_e=+5.0  fm=ON  fb=100%  │  ∇rw=2.22  ∇pol=1.47
[19:04:00] ══════════ VAL ep11 ══════════  ρ=-0.0555 (p=0.4628) [FAIL ✗]  AUROC(E)=0.5255  ECE=0.7875  N=177
[19:04:00]   ckpt saved → ckpt_epoch0011.pt
[19:04:00] ──────────────────── Epoch 12/30 ────────────────────
[19:04:08] [ep12|s0420]  rw=-4.944  cd=-10.153  reg=5.209  │  e+=-5.00(±0.316)  e-=+5.17(±0.006)  sep=49.5  │  fm_e=+5.2  fm=ON  fb=100%  │  ∇rw=6.80  ∇pol=0.99
[19:04:48] [ep12|s0430]  rw=-4.964  cd=-11.486  reg=6.522  │  e+=-6.37(±0.779)  e-=+4.91(±0.009)  sep=30.0  │  fm_e=+4.9  fm=ON  fb=100%  │  ∇rw=11.75  ∇pol=0.99
[19:05:28] [ep12|s0440]  rw=-4.894  cd=-10.575  reg=5.681  │  e+=-5.68(±0.314)  e-=+4.94(±0.009)  sep=36.3  │  fm_e=+4.9  fm=ON  fb=100%  │  ∇rw=6.15  ∇pol=0.55
[19:06:08] [ep12|s0450]  rw=-5.041  cd=-9.640  reg=4.599  │  e+=-5.06(±0.200)  e-=+4.49(±0.118)  sep=48.4  │  fm_e=+4.5  fm=ON  fb=100%  │  ∇rw=23.77  ∇pol=0.61
[19:06:33] ══════════ VAL ep12 ══════════  ρ=+0.0526 (p=0.4866) [FAIL ✗]  AUROC(E)=0.5705  ECE=0.7951  N=177
[19:06:33]   ckpt saved → ckpt_epoch0012.pt
[19:06:33] ──────────────────── Epoch 13/30 ────────────────────
[19:06:49] [ep13|s0460]  rw=-2.741  cd=-7.489  reg=4.748  │  e+=-2.64(±4.094)  e-=+4.86(±0.003)  sep=97.6  │  fm_e=+4.9  fm=ON  fb=100%  │  ∇rw=15.55  ∇pol=1.34
[19:07:25] [ep13|s0470]  rw=-4.927  cd=-9.310  reg=4.383  │  e+=-4.29(±0.504)  e-=+4.97(±0.015)  sep=40.8  │  fm_e=+5.0  fm=ON  fb=100%  │  ∇rw=8.56  ∇pol=0.36
[19:08:05] [ep13|s0480]  rw=-4.985  cd=-10.291  reg=5.306  │  e+=-5.16(±0.157)  e-=+5.13(±0.026)  sep=81.7  │  fm_e=+5.1  fm=ON  fb=100%  │  ∇rw=2.58  ∇pol=0.60
[19:08:45] [ep13|s0490]  rw=-4.983  cd=-9.635  reg=4.652  │  e+=-4.64(±0.093)  e-=+5.00(±0.014)  sep=93.1  │  fm_e=+5.0  fm=ON  fb=100%  │  ∇rw=2.66  ∇pol=1.05
[19:09:03] ══════════ VAL ep13 ══════════  ρ=-0.0427 (p=0.5730) [FAIL ✗]  AUROC(E)=0.5785  ECE=0.7908  N=177
[19:09:03]   ckpt saved → ckpt_epoch0013.pt
[19:09:03] ──────────────────── Epoch 14/30 ────────────────────
[19:09:27] [ep14|s0500]  rw=-4.952  cd=-9.093  reg=4.140  │  e+=-4.06(±0.203)  e-=+4.99(±0.013)  sep=65.4  │  fm_e=+5.0  fm=ON  fb=100%  │  ∇rw=8.00  ∇pol=0.71
[19:10:07] [ep14|s0510]  rw=-4.999  cd=-10.014  reg=5.016  │  e+=-5.10(±0.095)  e-=+4.91(±0.030)  sep=145.9  │  fm_e=+4.9  fm=ON  fb=100%  │  ∇rw=1.37  ∇pol=0.56
[19:10:47] [ep14|s0520]  rw=-5.109  cd=-10.378  reg=5.269  │  e+=-5.21(±0.440)  e-=+5.03(±0.009)  sep=88.8  │  fm_e=+5.0  fm=ON  fb=100%  │  ∇rw=1.91  ∇pol=0.57
[19:11:27] [ep14|s0530]  rw=-4.759  cd=-10.773  reg=6.015  │  e+=-5.61(±0.633)  e-=+5.30(±0.016)  sep=28.4  │  fm_e=+5.3  fm=ON  fb=100%  │  ∇rw=6.75  ∇pol=0.34
[19:11:36] ══════════ VAL ep14 ══════════  ρ=-0.0457 (p=0.5462) [FAIL ✗]  AUROC(E)=0.4304  ECE=0.7945  N=177
[19:11:36]   ckpt saved → ckpt_epoch0014.pt
[19:11:36] ──────────────────── Epoch 15/30 ────────────────────
[19:12:08] [ep15|s0540]  rw=-5.008  cd=-10.127  reg=5.119  │  e+=-5.10(±0.068)  e-=+5.02(±0.012)  sep=161.0  │  fm_e=+5.0  fm=ON  fb=100%  │  ∇rw=1.59  ∇pol=0.38
[19:12:48] [ep15|s0550]  rw=-4.220  cd=-8.899  reg=4.678  │  e+=-2.82(±1.882)  e-=+5.45(±0.004)  sep=44.8  │  fm_e=+5.4  fm=ON  fb=100%  │  ∇rw=42.33  ∇pol=1.56
[19:13:28] [ep15|s0560]  rw=-5.029  cd=-10.071  reg=5.042  │  e+=-5.03(±0.644)  e-=+4.96(±0.017)  sep=42.7  │  fm_e=+5.0  fm=ON  fb=100%  │  ∇rw=3.47  ∇pol=0.92
[19:14:08] [ep15|s0570]  rw=-4.877  cd=-9.271  reg=4.393  │  e+=-4.42(±0.622)  e-=+4.90(±0.046)  sep=60.3  │  fm_e=+4.9  fm=ON  fb=100%  │  ∇rw=7.51  ∇pol=0.56
[19:14:08] ══════════ VAL ep15 ══════════  ρ=+0.0614 (p=0.4168) [FAIL ✗]  AUROC(E)=0.6498  ECE=0.7875  N=177
[19:14:09]   ckpt saved → ckpt_epoch0015.pt
[19:14:09] ──────────────────── Epoch 16/30 ────────────────────
[19:14:49] [ep16|s0580]  rw=-5.077  cd=-9.956  reg=4.879  │  e+=-4.72(±0.286)  e-=+5.13(±0.017)  sep=47.6  │  fm_e=+5.1  fm=ON  fb=100%  │  ∇rw=4.46  ∇pol=2.34
[19:15:29] [ep16|s0590]  rw=-5.084  cd=-10.139  reg=5.055  │  e+=-5.00(±0.411)  e-=+5.04(±0.011)  sep=60.3  │  fm_e=+5.0  fm=ON  fb=100%  │  ∇rw=2.48  ∇pol=0.54
[19:16:09] [ep16|s0600]  rw=-4.985  cd=-9.666  reg=4.681  │  e+=-4.72(±0.276)  e-=+4.94(±0.020)  sep=87.6  │  fm_e=+4.9  fm=ON  fb=100%  │  ∇rw=2.49  ∇pol=0.49
[19:16:41] ══════════ VAL ep16 ══════════  ρ=+0.0431 (p=0.5689) [FAIL ✗]  AUROC(E)=0.5107  ECE=0.7962  N=177
[19:16:41]   ckpt saved → ckpt_epoch0016.pt
[19:16:41] ──────────────────── Epoch 17/30 ────────────────────
[19:16:50] [ep17|s0610]  rw=-5.006  cd=-10.108  reg=5.103  │  e+=-5.14(±0.140)  e-=+4.95(±0.014)  sep=131.7  │  fm_e=+5.0  fm=ON  fb=100%  │  ∇rw=1.81  ∇pol=0.55
[19:17:29] [ep17|s0620]  rw=-4.942  cd=-9.752  reg=4.810  │  e+=-4.78(±0.249)  e-=+5.02(±0.012)  sep=69.8  │  fm_e=+5.0  fm=ON  fb=100%  │  ∇rw=2.58  ∇pol=0.56
[19:18:10] [ep17|s0630]  rw=-4.962  cd=-10.075  reg=5.113  │  e+=-5.12(±0.341)  e-=+4.98(±0.011)  sep=73.8  │  fm_e=+5.0  fm=ON  fb=100%  │  ∇rw=1.59  ∇pol=0.47
[19:18:50] [ep17|s0640]  rw=-0.671  cd=-5.703  reg=5.032  │  e+=-0.01(±4.360)  e-=+5.58(±0.006)  sep=57.8  │  fm_e=+5.6  fm=ON  fb=100%  │  ∇rw=75.72  ∇pol=1.31
[19:19:15] ══════════ VAL ep17 ══════════  ρ=-0.0114 (p=0.8804) [FAIL ✗]  AUROC(E)=0.4207  ECE=0.7955  N=177
[19:19:15]   ckpt saved → ckpt_epoch0017.pt
[19:19:15] ──────────────────── Epoch 18/30 ────────────────────
[19:19:31] [ep18|s0650]  rw=-5.031  cd=-10.125  reg=5.093  │  e+=-5.08(±0.226)  e-=+5.00(±0.016)  sep=98.1  │  fm_e=+5.0  fm=ON  fb=100%  │  ∇rw=1.67  ∇pol=3.17
[19:20:11] [ep18|s0660]  rw=-5.080  cd=-10.260  reg=5.180  │  e+=-5.16(±0.347)  e-=+5.00(±0.012)  sep=50.6  │  fm_e=+5.0  fm=ON  fb=100%  │  ∇rw=2.28  ∇pol=0.55
[19:20:51] [ep18|s0670]  rw=-4.858  cd=-9.282  reg=4.424  │  e+=-4.37(±0.369)  e-=+4.99(±0.058)  sep=32.7  │  fm_e=+5.0  fm=ON  fb=100%  │  ∇rw=8.89  ∇pol=0.43
[19:21:32] [ep18|s0680]  rw=-4.988  cd=-10.203  reg=5.215  │  e+=-5.38(±0.127)  e-=+4.81(±0.042)  sep=63.6  │  fm_e=+4.8  fm=ON  fb=100%  │  ∇rw=4.72  ∇pol=2.17
[19:21:49] ══════════ VAL ep18 ══════════  ρ=+0.0207 (p=0.7843) [FAIL ✗]  AUROC(E)=0.5392  ECE=0.7953  N=177
[19:21:49]   ckpt saved → ckpt_epoch0018.pt
[19:21:49] ──────────────────── Epoch 19/30 ────────────────────
[19:22:13] [ep19|s0690]  rw=-4.385  cd=-9.316  reg=4.931  │  e+=-5.53(±0.348)  e-=+3.75(±0.867)  sep=79.5  │  fm_e=+3.4  fm=ON  fb=67%  │  ∇rw=147.65  ∇pol=27.88
[19:22:51] [ep19|s0700]  rw=-4.458  cd=-7.545  reg=3.087  │  e+=-4.62(±0.455)  e-=+2.90(±0.786)  sep=35.8  │  fm_e=+2.6  fm=ON  fb=0%  │  ∇rw=54.32  ∇pol=0.36
[19:23:28] [ep19|s0710]  rw=-4.683  cd=-10.423  reg=5.740  │  e+=-5.77(±0.683)  e-=+4.55(±0.017)  sep=13.3  │  fm_e=+4.6  fm=ON  fb=100%  │  ∇rw=49.29  ∇pol=3.05
[19:24:09] [ep19|s0720]  rw=-4.930  cd=-11.123  reg=6.192  │  e+=-5.50(±0.319)  e-=+5.58(±0.019)  sep=54.2  │  fm_e=+5.6  fm=ON  fb=100%  │  ∇rw=25.48  ∇pol=1.66
[19:24:18] ══════════ VAL ep19 ══════════  ρ=-0.0102 (p=0.8924) [FAIL ✗]  AUROC(E)=0.5380  ECE=0.7852  N=177
[19:24:18]   ckpt saved → ckpt_epoch0019.pt
[19:24:18] ──────────────────── Epoch 20/30 ────────────────────
[19:24:51] [ep20|s0730]  rw=-4.942  cd=-9.968  reg=5.027  │  e+=-4.89(±0.207)  e-=+5.10(±0.029)  sep=102.2  │  fm_e=+5.1  fm=ON  fb=100%  │  ∇rw=11.74  ∇pol=1.48
[19:25:31] [ep20|s0740]  rw=-4.894  cd=-10.577  reg=5.682  │  e+=-5.99(±0.438)  e-=+4.55(±0.030)  sep=47.7  │  fm_e=+4.5  fm=ON  fb=100%  │  ∇rw=18.80  ∇pol=0.80
[19:26:11] [ep20|s0750]  rw=-4.838  cd=-10.405  reg=5.567  │  e+=-6.21(±0.505)  e-=+4.11(±0.014)  sep=31.0  │  fm_e=+4.1  fm=ON  fb=100%  │  ∇rw=33.49  ∇pol=0.65
[19:26:51] [ep20|s0760]  rw=-4.981  cd=-10.118  reg=5.137  │  e+=-5.02(±0.061)  e-=+5.10(±0.034)  sep=98.8  │  fm_e=+5.1  fm=ON  fb=100%  │  ∇rw=8.93  ∇pol=0.60
[19:26:52] ══════════ VAL ep20 ══════════  ρ=-0.0012 (p=0.9877) [FAIL ✗]  AUROC(E)=0.4710  ECE=0.7984  N=177
[19:26:52]   ckpt saved → ckpt_epoch0020.pt
[19:26:52] ──────────────────── Epoch 21/30 ────────────────────
[19:27:33] [ep21|s0770]  rw=-3.963  cd=-8.402  reg=4.439  │  e+=-4.13(±2.509)  e-=+4.52(±0.022)  sep=118.5  │  fm_e=+4.5  fm=ON  fb=100%  │  ∇rw=51.93  ∇pol=1.35
[19:28:13] [ep21|s0780]  rw=-5.056  cd=-9.664  reg=4.608  │  e+=-4.68(±0.249)  e-=+4.90(±0.027)  sep=84.8  │  fm_e=+4.9  fm=ON  fb=100%  │  ∇rw=9.45  ∇pol=7.87
[19:28:53] [ep21|s0790]  rw=-5.151  cd=-10.336  reg=5.185  │  e+=-4.77(±0.464)  e-=+5.37(±0.022)  sep=44.5  │  fm_e=+5.4  fm=ON  fb=100%  │  ∇rw=12.96  ∇pol=0.53
[19:29:26] ══════════ VAL ep21 ══════════  ρ=-0.0417 (p=0.5812) [FAIL ✗]  AUROC(E)=0.5015  ECE=0.7867  N=177
[19:29:26]   ckpt saved → ckpt_epoch0021.pt
[19:29:26] ──────────────────── Epoch 22/30 ────────────────────
[19:29:34] [ep22|s0800]  rw=-4.883  cd=-9.570  reg=4.688  │  e+=-4.64(±0.362)  e-=+5.00(±0.036)  sep=49.5  │  fm_e=+5.0  fm=ON  fb=100%  │  ∇rw=7.57  ∇pol=1.50
[19:30:14] [ep22|s0810]  rw=-4.778  cd=-10.855  reg=6.077  │  e+=-4.80(±0.582)  e-=+6.10(±0.028)  sep=47.0  │  fm_e=+6.1  fm=ON  fb=100%  │  ∇rw=31.49  ∇pol=0.70
[19:30:53] [ep22|s0820]  rw=-4.971  cd=-9.660  reg=4.689  │  e+=-4.45(±0.189)  e-=+5.20(±0.026)  sep=62.3  │  fm_e=+5.2  fm=ON  fb=100%  │  ∇rw=8.60  ∇pol=0.71
[19:31:33] [ep22|s0830]  rw=-4.944  cd=-9.917  reg=4.973  │  e+=-4.76(±0.322)  e-=+5.18(±0.029)  sep=48.4  │  fm_e=+5.2  fm=ON  fb=100%  │  ∇rw=7.13  ∇pol=0.36
[19:31:57] ══════════ VAL ep22 ══════════  ρ=-0.0498 (p=0.5106) [FAIL ✗]  AUROC(E)=0.4590  ECE=0.7893  N=177
[19:31:57]   ckpt saved → ckpt_epoch0022.pt
[19:31:57] ──────────────────── Epoch 23/30 ────────────────────
[19:32:14] [ep23|s0840]  rw=-4.808  cd=-11.021  reg=6.213  │  e+=-5.78(±0.531)  e-=+5.33(±0.049)  sep=43.0  │  fm_e=+5.3  fm=ON  fb=100%  │  ∇rw=12.51  ∇pol=0.50
[19:32:54] [ep23|s0850]  rw=-4.841  cd=-8.910  reg=4.068  │  e+=-3.90(±0.117)  e-=+5.04(±0.029)  sep=73.5  │  fm_e=+5.0  fm=ON  fb=100%  │  ∇rw=11.23  ∇pol=0.50
[19:33:34] [ep23|s0860]  rw=-4.976  cd=-10.380  reg=5.404  │  e+=-5.35(±0.207)  e-=+5.02(±0.024)  sep=46.6  │  fm_e=+5.0  fm=ON  fb=100%  │  ∇rw=9.26  ∇pol=0.70
[19:34:14] [ep23|s0870]  rw=-5.028  cd=-10.235  reg=5.207  │  e+=-5.21(±0.096)  e-=+4.99(±0.027)  sep=89.0  │  fm_e=+5.0  fm=ON  fb=100%  │  ∇rw=2.84  ∇pol=0.51
[19:34:31] ══════════ VAL ep23 ══════════  ρ=+0.0578 (p=0.4451) [FAIL ✗]  AUROC(E)=0.5275  ECE=0.7980  N=177
[19:34:31]   ckpt saved → ckpt_epoch0023.pt
[19:34:31] ──────────────────── Epoch 24/30 ────────────────────
[19:34:56] [ep24|s0880]  rw=-4.998  cd=-9.710  reg=4.712  │  e+=-4.45(±0.467)  e-=+5.20(±0.021)  sep=47.3  │  fm_e=+5.2  fm=ON  fb=100%  │  ∇rw=10.01  ∇pol=0.43
[19:35:36] [ep24|s0890]  rw=-4.917  cd=-9.214  reg=4.297  │  e+=-4.68(±0.133)  e-=+4.58(±0.028)  sep=95.4  │  fm_e=+4.6  fm=ON  fb=100%  │  ∇rw=15.10  ∇pol=0.53
[19:36:15] [ep24|s0900]  rw=-4.949  cd=-10.102  reg=5.153  │  e+=-5.28(±0.230)  e-=+4.84(±0.029)  sep=87.0  │  fm_e=+4.8  fm=ON  fb=100%  │  ∇rw=8.84  ∇pol=0.42
[19:36:55] [ep24|s0910]  rw=-5.049  cd=-9.584  reg=4.535  │  e+=-4.69(±0.550)  e-=+4.80(±0.017)  sep=80.6  │  fm_e=+4.8  fm=ON  fb=100%  │  ∇rw=6.87  ∇pol=0.40
[19:37:04] ══════════ VAL ep24 ══════════  ρ=-0.0192 (p=0.7995) [FAIL ✗]  AUROC(E)=0.5204  ECE=0.7914  N=177
[19:37:04]   ckpt saved → ckpt_epoch0024.pt
[19:37:04] ──────────────────── Epoch 25/30 ────────────────────
[19:37:36] [ep25|s0920]  rw=-4.947  cd=-11.064  reg=6.117  │  e+=-6.26(±0.935)  e-=+4.58(±0.033)  sep=33.0  │  fm_e=+4.6  fm=ON  fb=100%  │  ∇rw=22.76  ∇pol=0.54
[19:38:16] [ep25|s0930]  rw=-4.906  cd=-9.791  reg=4.884  │  e+=-5.02(±0.602)  e-=+4.81(±0.010)  sep=49.0  │  fm_e=+4.8  fm=ON  fb=100%  │  ∇rw=9.57  ∇pol=0.40
[19:38:56] [ep25|s0940]  rw=-4.999  cd=-10.152  reg=5.152  │  e+=-5.37(±0.375)  e-=+4.73(±0.023)  sep=68.1  │  fm_e=+4.7  fm=ON  fb=100%  │  ∇rw=10.61  ∇pol=0.41
[19:39:36] [ep25|s0950]  rw=-4.977  cd=-9.487  reg=4.510  │  e+=-4.23(±0.436)  e-=+5.15(±0.108)  sep=65.6  │  fm_e=+5.1  fm=ON  fb=100%  │  ∇rw=30.60  ∇pol=0.56
[19:39:37] ══════════ VAL ep25 ══════════  ρ=+0.0019 (p=0.9802) [FAIL ✗]  AUROC(E)=0.4978  ECE=0.7879  N=177
[19:39:37]   ckpt saved → ckpt_epoch0025.pt
[19:39:37] ──────────────────── Epoch 26/30 ────────────────────
[19:40:18] [ep26|s0960]  rw=-5.001  cd=-10.200  reg=5.199  │  e+=-5.26(±0.415)  e-=+4.91(±0.012)  sep=41.3  │  fm_e=+4.9  fm=ON  fb=100%  │  ∇rw=6.66  ∇pol=0.57
[19:40:58] [ep26|s0970]  rw=-4.882  cd=-9.122  reg=4.241  │  e+=-4.00(±0.246)  e-=+5.12(±0.017)  sep=55.4  │  fm_e=+5.1  fm=ON  fb=100%  │  ∇rw=18.52  ∇pol=0.28
[19:41:38] [ep26|s0980]  rw=-4.982  cd=-10.232  reg=5.251  │  e+=-5.39(±0.434)  e-=+4.82(±0.011)  sep=59.1  │  fm_e=+4.8  fm=ON  fb=100%  │  ∇rw=8.66  ∇pol=0.63
[19:42:11] ══════════ VAL ep26 ══════════  ρ=+0.0558 (p=0.4607) [FAIL ✗]  AUROC(E)=0.5006  ECE=0.7961  N=177
[19:42:11]   ckpt saved → ckpt_epoch0026.pt
[19:42:11] ──────────────────── Epoch 27/30 ────────────────────
[19:42:20] [ep27|s0990]  rw=-5.043  cd=-9.853  reg=4.809  │  e+=-4.77(±0.375)  e-=+5.02(±0.016)  sep=65.3  │  fm_e=+5.0  fm=ON  fb=100%  │  ∇rw=3.72  ∇pol=0.50
[19:42:59] [ep27|s1000]  rw=-4.883  cd=-10.865  reg=5.982  │  e+=-6.07(±0.123)  e-=+4.80(±0.034)  sep=86.7  │  fm_e=+4.8  fm=ON  fb=100%  │  ∇rw=15.58  ∇pol=0.59
[19:43:39] [ep27|s1010]  rw=-5.255  cd=-11.291  reg=6.036  │  e+=-5.22(±1.627)  e-=+5.47(±0.056)  sep=39.9  │  fm_e=+5.5  fm=ON  fb=100%  │  ∇rw=16.76  ∇pol=0.43
[19:44:19] [ep27|s1020]  rw=-4.664  cd=-11.894  reg=7.229  │  e+=-6.16(±0.679)  e-=+5.80(±0.041)  sep=19.9  │  fm_e=+5.8  fm=ON  fb=100%  │  ∇rw=24.62  ∇pol=0.77
[19:44:44] ══════════ VAL ep27 ══════════  ρ=+0.0812 (p=0.2827) [FAIL ✗]  AUROC(E)=0.5992  ECE=0.7886  N=177
[19:44:45]   ckpt saved → ckpt_epoch0027.pt
[19:44:45] ──────────────────── Epoch 28/30 ────────────────────
[19:45:01] [ep28|s1030]  rw=-4.863  cd=-10.863  reg=6.001  │  e+=-5.93(±0.223)  e-=+4.96(±0.108)  sep=50.2  │  fm_e=+4.9  fm=ON  fb=100%  │  ∇rw=16.68  ∇pol=0.81
[19:45:40] [ep28|s1040]  rw=-5.043  cd=-10.116  reg=5.073  │  e+=-5.18(±0.389)  e-=+4.86(±0.030)  sep=46.7  │  fm_e=+4.9  fm=ON  fb=100%  │  ∇rw=4.46  ∇pol=0.33
[19:46:20] [ep28|s1050]  rw=-4.930  cd=-9.820  reg=4.889  │  e+=-4.89(±0.135)  e-=+4.99(±0.070)  sep=60.8  │  fm_e=+5.0  fm=ON  fb=100%  │  ∇rw=5.21  ∇pol=0.34
[19:47:00] [ep28|s1060]  rw=-4.935  cd=-9.691  reg=4.756  │  e+=-4.84(±0.214)  e-=+4.87(±0.025)  sep=77.8  │  fm_e=+4.9  fm=ON  fb=100%  │  ∇rw=14.47  ∇pol=0.54
[19:47:16] ══════════ VAL ep28 ══════════  ρ=+0.0194 (p=0.7977) [FAIL ✗]  AUROC(E)=0.5456  ECE=0.7972  N=177
[19:47:16]   ckpt saved → ckpt_epoch0028.pt
[19:47:16] ──────────────────── Epoch 29/30 ────────────────────
[19:47:41] [ep29|s1070]  rw=-5.035  cd=-9.677  reg=4.641  │  e+=-4.59(±0.272)  e-=+5.00(±0.014)  sep=66.5  │  fm_e=+5.0  fm=ON  fb=100%  │  ∇rw=11.84  ∇pol=0.54
[19:48:21] [ep29|s1080]  rw=-4.963  cd=-10.075  reg=5.111  │  e+=-5.12(±0.898)  e-=+4.89(±0.033)  sep=30.4  │  fm_e=+4.9  fm=ON  fb=100%  │  ∇rw=5.97  ∇pol=0.98
[19:49:01] [ep29|s1090]  rw=-5.023  cd=-10.485  reg=5.462  │  e+=-5.45(±0.491)  e-=+4.96(±0.019)  sep=30.9  │  fm_e=+5.0  fm=ON  fb=100%  │  ∇rw=8.18  ∇pol=0.66
[19:49:41] [ep29|s1100]  rw=-4.923  cd=-9.216  reg=4.292  │  e+=-4.31(±0.435)  e-=+4.90(±0.022)  sep=47.4  │  fm_e=+4.9  fm=ON  fb=100%  │  ∇rw=18.00  ∇pol=0.45
[19:49:50] ══════════ VAL ep29 ══════════  ρ=-0.0871 (p=0.2490) [FAIL ✗]  AUROC(E)=0.5430  ECE=0.7929  N=177
[19:49:50]   ckpt saved → ckpt_epoch0029.pt
[19:49:50] ──────────────────── Epoch 30/30 ────────────────────
[19:50:23] [ep30|s1110]  rw=-5.009  cd=-9.664  reg=4.655  │  e+=-5.39(±0.321)  e-=+4.16(±0.040)  sep=50.9  │  fm_e=+4.2  fm=ON  fb=100%  │  ∇rw=25.99  ∇pol=0.47
[19:51:03] [ep30|s1120]  rw=-5.082  cd=-9.341  reg=4.259  │  e+=-4.42(±0.501)  e-=+4.77(±0.054)  sep=52.8  │  fm_e=+4.8  fm=ON  fb=100%  │  ∇rw=15.04  ∇pol=0.42
[19:51:43] [ep30|s1130]  rw=-4.975  cd=-9.372  reg=4.397  │  e+=-4.03(±0.767)  e-=+5.20(±0.074)  sep=76.7  │  fm_e=+5.2  fm=ON  fb=100%  │  ∇rw=14.26  ∇pol=0.42
[19:52:23] [ep30|s1140]  rw=-4.865  cd=-9.386  reg=4.521  │  e+=-4.64(±0.487)  e-=+4.83(±0.020)  sep=120.1  │  fm_e=+4.8  fm=ON  fb=100%  │  ∇rw=7.34  ∇pol=1.13
[19:52:24] ══════════ VAL ep30 ══════════  ρ=-0.0098 (p=0.8968) [FAIL ✗]  AUROC(E)=0.5441  ECE=0.7888  N=177
[19:52:24]   ckpt saved → ckpt_epoch0030.pt
