[18:19:55] ──────────────────── Epoch 01/30 ────────────────────
[18:21:01] [ep01|s0010]  rw=-4.924  cd=-9.021  reg=4.097  │  e+=-4.12(±0.039)  e-=+4.89(±0.021)  sep=-1.0  │  fm_e=-4.9  fm=off  │  ∇rw=9.39  ∇pol=1.02
[18:22:03] [ep01|s0020]  rw=-4.957  cd=-10.528  reg=5.571  │  e+=-5.70(±0.149)  e-=+4.81(±0.019)  sep=-1.0  │  fm_e=-6.0  fm=off  │  ∇rw=7.10  ∇pol=0.97
[18:23:05] [ep01|s0030]  rw=-2.978  cd=-7.382  reg=4.403  │  e+=-4.75(±1.210)  e-=+2.43(±0.166)  sep=-1.0  │  fm_e=-6.2  fm=off  │  ∇rw=1120.04  ∇pol=4.87
[18:24:07] [ep01|s0040]  rw=-4.560  cd=-9.860  reg=5.300  │  e+=-4.22(±1.834)  e-=+5.22(±0.009)  sep=-1.0  │  fm_e=-3.2  fm=off  │  ∇rw=35.15  ∇pol=2.63
[18:25:09] [ep01|s0050]  rw=-4.958  cd=-10.635  reg=5.677  │  e+=-5.20(±0.082)  e-=+5.43(±0.188)  sep=-1.0  │  fm_e=-5.1  fm=off  │  ∇rw=188.15  ∇pol=0.74
[18:26:11] [ep01|s0060]  rw=-4.906  cd=-9.665  reg=4.759  │  e+=-4.26(±0.349)  e-=+5.40(±0.009)  sep=-1.0  │  fm_e=-4.8  fm=off  │  ∇rw=6.10  ∇pol=0.88
[18:27:13] [ep01|s0070]  rw=-4.991  cd=-10.346  reg=5.355  │  e+=-5.28(±0.035)  e-=+5.05(±0.006)  sep=-1.0  │  fm_e=-5.2  fm=off  │  ∇rw=2.10  ∇pol=0.66
[18:28:16] [ep01|s0080]  rw=-4.959  cd=-10.028  reg=5.068  │  e+=-5.01(±0.155)  e-=+5.05(±0.012)  sep=-1.0  │  fm_e=-5.1  fm=off  │  ∇rw=1.46  ∇pol=0.80
[18:29:18] [ep01|s0090]  rw=-4.929  cd=-10.451  reg=5.522  │  e+=-5.45(±0.589)  e-=+5.01(±0.018)  sep=-1.0  │  fm_e=-5.7  fm=off  │  ∇rw=4.36  ∇pol=1.05
[18:30:20] [ep01|s0100]  rw=-5.123  cd=-9.912  reg=4.789  │  e+=-4.97(±0.413)  e-=+4.79(±0.003)  sep=-1.0  │  fm_e=-5.0  fm=off  │  ∇rw=1.78  ∇pol=0.79
[18:31:22] [ep01|s0110]  rw=-4.933  cd=-10.417  reg=5.484  │  e+=-5.43(±0.274)  e-=+5.03(±0.004)  sep=-1.0  │  fm_e=-5.6  fm=off  │  ∇rw=3.46  ∇pol=1.09
[18:32:24] [ep01|s0120]  rw=+0.523  cd=-3.755  reg=4.278  │  e+=-4.82(±0.211)  e-=-1.08(±0.016)  sep=-1.0  │  fm_e=-4.7  fm=off  │  ∇rw=457.44  ∇pol=0.68
[18:33:26] [ep01|s0130]  rw=-4.687  cd=-11.435  reg=6.748  │  e+=-6.52(±0.289)  e-=+4.98(±0.010)  sep=-1.0  │  fm_e=-6.4  fm=off  │  ∇rw=11.90  ∇pol=0.99
[18:34:29] [ep01|s0140]  rw=-4.999  cd=-9.810  reg=4.810  │  e+=-4.90(±0.225)  e-=+4.90(±0.005)  sep=-1.0  │  fm_e=-5.2  fm=off  │  ∇rw=1.29  ∇pol=0.92
[18:35:31] [ep01|s0150]  rw=-4.984  cd=-10.306  reg=5.322  │  e+=-5.34(±0.064)  e-=+4.97(±0.003)  sep=-1.0  │  fm_e=-5.3  fm=off  │  ∇rw=1.45  ∇pol=0.63
[18:36:33] [ep01|s0160]  rw=-4.996  cd=-10.115  reg=5.119  │  e+=-5.13(±0.271)  e-=+4.97(±0.008)  sep=-1.0  │  fm_e=-5.2  fm=off  │  ∇rw=1.84  ∇pol=0.72
[18:37:35] [ep01|s0170]  rw=-4.987  cd=-10.863  reg=5.875  │  e+=-5.63(±0.180)  e-=+5.20(±0.004)  sep=-1.0  │  fm_e=-5.6  fm=off  │  ∇rw=4.57  ∇pol=0.94
[18:38:38] [ep01|s0180]  rw=-4.989  cd=-9.980  reg=4.991  │  e+=-5.10(±0.323)  e-=+4.87(±0.002)  sep=-1.0  │  fm_e=-5.0  fm=off  │  ∇rw=1.55  ∇pol=1.34
[18:39:40] [ep01|s0190]  rw=-4.875  cd=-9.633  reg=4.758  │  e+=-4.47(±1.016)  e-=+5.16(±0.007)  sep=-0.6  │  fm_e=-4.7  fm=off  │  ∇rw=3.46  ∇pol=0.78
[18:39:40] ══════════ VAL ep01 ══════════  ρ=+0.0050 (p=0.9471) [FAIL ✗]  AUROC(E)=0.5913  ECE=0.7904  N=177 ◀ BEST
[18:39:40]   ckpt saved → ckpt_epoch0001.pt
[18:39:40] ──────────────────── Epoch 02/30 ────────────────────
[18:40:43] [ep02|s0200]  rw=-5.055  cd=-10.421  reg=5.365  │  e+=-5.39(±0.391)  e-=+4.94(±0.002)  sep=1.0  │  fm_e=-5.8  fm=off  │  ∇rw=4.40  ∇pol=3.16
[18:41:45] [ep02|s0210]  rw=-5.177  cd=-10.284  reg=5.107  │  e+=-4.98(±0.671)  e-=+5.07(±0.001)  sep=0.6  │  fm_e=-4.8  fm=off  │  ∇rw=1.80  ∇pol=1.17
[18:42:41] [ep02|s0220]  rw=-4.959  cd=-9.311  reg=4.352  │  e+=-4.72(±0.550)  e-=+4.54(±0.091)  sep=30.6  │  fm_e=+4.5  fm=ON  fb=100%  │  ∇rw=49.73  ∇pol=0.79
[18:43:24] [ep02|s0230]  rw=-4.917  cd=-10.924  reg=6.008  │  e+=-5.20(±0.089)  e-=+5.74(±0.009)  sep=121.3  │  fm_e=+5.7  fm=ON  fb=100%  │  ∇rw=5.38  ∇pol=0.63
[18:44:06] [ep02|s0240]  rw=-5.041  cd=-10.264  reg=5.223  │  e+=-5.20(±0.202)  e-=+5.01(±0.007)  sep=109.9  │  fm_e=+5.0  fm=ON  fb=100%  │  ∇rw=1.54  ∇pol=0.62
[18:44:49] [ep02|s0250]  rw=-3.533  cd=-8.954  reg=5.422  │  e+=-5.16(±0.418)  e-=+3.57(±1.695)  sep=58.3  │  fm_e=+4.1  fm=ON  fb=100%  │  ∇rw=163.93  ∇pol=0.87
[18:45:31] [ep02|s0260]  rw=-4.960  cd=-10.437  reg=5.477  │  e+=-5.42(±0.231)  e-=+5.03(±0.010)  sep=58.9  │  fm_e=+5.0  fm=ON  fb=100%  │  ∇rw=2.20  ∇pol=0.46
[18:46:14] [ep02|s0270]  rw=-4.976  cd=-9.905  reg=4.929  │  e+=-4.89(±0.520)  e-=+5.01(±0.013)  sep=59.4  │  fm_e=+5.0  fm=ON  fb=100%  │  ∇rw=0.98  ∇pol=0.77
[18:46:56] [ep02|s0280]  rw=-4.996  cd=-10.139  reg=5.143  │  e+=-5.14(±0.100)  e-=+5.00(±0.004)  sep=80.1  │  fm_e=+5.0  fm=ON  fb=100%  │  ∇rw=0.69  ∇pol=0.41
[18:47:39] [ep02|s0290]  rw=-5.015  cd=-9.268  reg=4.253  │  e+=-4.22(±0.296)  e-=+4.95(±0.003)  sep=75.1  │  fm_e=+5.0  fm=ON  fb=100%  │  ∇rw=6.33  ∇pol=0.98
[18:48:21] [ep02|s0300]  rw=-4.889  cd=-10.365  reg=5.475  │  e+=-5.73(±0.546)  e-=+4.64(±0.009)  sep=28.0  │  fm_e=+4.6  fm=ON  fb=100%  │  ∇rw=5.70  ∇pol=4.08
[18:49:04] [ep02|s0310]  rw=-5.005  cd=-10.115  reg=5.110  │  e+=-5.06(±0.155)  e-=+5.04(±0.019)  sep=59.7  │  fm_e=+5.0  fm=ON  fb=100%  │  ∇rw=2.59  ∇pol=0.68
[18:49:46] [ep02|s0320]  rw=-4.841  cd=-10.225  reg=5.384  │  e+=-5.35(±0.476)  e-=+5.00(±0.007)  sep=61.6  │  fm_e=+5.0  fm=ON  fb=100%  │  ∇rw=3.29  ∇pol=0.62
[18:50:29] [ep02|s0330]  rw=-4.981  cd=-9.641  reg=4.661  │  e+=-4.99(±0.354)  e-=+4.62(±0.018)  sep=115.2  │  fm_e=+4.6  fm=ON  fb=100%  │  ∇rw=57.73  ∇pol=0.67
[18:51:11] [ep02|s0340]  rw=-4.949  cd=-10.494  reg=5.545  │  e+=-5.20(±0.143)  e-=+5.32(±0.006)  sep=105.0  │  fm_e=+5.3  fm=ON  fb=100%  │  ∇rw=3.51  ∇pol=0.50
[18:51:53] [ep02|s0350]  rw=-4.995  cd=-10.198  reg=5.203  │  e+=-5.18(±0.645)  e-=+4.98(±0.005)  sep=48.8  │  fm_e=+5.0  fm=ON  fb=100%  │  ∇rw=2.28  ∇pol=0.51
[18:52:36] [ep02|s0360]  rw=-5.013  cd=-9.937  reg=4.924  │  e+=-4.92(±0.598)  e-=+4.95(±0.022)  sep=89.3  │  fm_e=+4.9  fm=ON  fb=100%  │  ∇rw=33.89  ∇pol=0.62
[18:53:18] [ep02|s0370]  rw=-4.933  cd=-9.656  reg=4.723  │  e+=-4.60(±0.317)  e-=+5.09(±0.009)  sep=84.5  │  fm_e=+5.1  fm=ON  fb=100%  │  ∇rw=4.37  ∇pol=0.96
[18:54:01] [ep02|s0380]  rw=-5.061  cd=-9.934  reg=4.873  │  e+=-4.91(±0.844)  e-=+4.88(±0.010)  sep=54.5  │  fm_e=+4.9  fm=ON  fb=100%  │  ∇rw=2.01  ∇pol=0.61
[18:54:01] ══════════ VAL ep02 ══════════  ρ=+0.0101 (p=0.8940) [FAIL ✗]  AUROC(E)=0.4815  ECE=0.7907  N=177 ◀ BEST
[18:54:01]   ckpt saved → ckpt_epoch0002.pt
[18:54:01] ──────────────────── Epoch 03/30 ────────────────────
[18:54:44] [ep03|s0390]  rw=-5.077  cd=-9.725  reg=4.648  │  e+=-4.61(±0.431)  e-=+5.00(±0.004)  sep=51.3  │  fm_e=+5.0  fm=ON  fb=100%  │  ∇rw=2.17  ∇pol=0.71
[18:55:26] [ep03|s0400]  rw=-5.036  cd=-9.611  reg=4.575  │  e+=-4.56(±0.407)  e-=+4.98(±0.011)  sep=88.6  │  fm_e=+5.0  fm=ON  fb=100%  │  ∇rw=3.46  ∇pol=0.53
[18:56:09] [ep03|s0410]  rw=-4.966  cd=-10.042  reg=5.076  │  e+=-5.04(±0.251)  e-=+5.03(±0.008)  sep=54.5  │  fm_e=+5.0  fm=ON  fb=100%  │  ∇rw=1.02  ∇pol=0.47
[18:56:51] [ep03|s0420]  rw=-4.537  cd=-9.522  reg=4.985  │  e+=-5.45(±0.068)  e-=+4.07(±0.086)  sep=109.8  │  fm_e=+4.1  fm=ON  fb=100%  │  ∇rw=138.52  ∇pol=0.69
[18:57:33] [ep03|s0430]  rw=-4.998  cd=-9.927  reg=4.929  │  e+=-4.82(±0.084)  e-=+5.10(±0.005)  sep=129.6  │  fm_e=+5.1  fm=ON  fb=100%  │  ∇rw=1.55  ∇pol=0.46
[18:58:16] [ep03|s0440]  rw=-4.985  cd=-9.873  reg=4.889  │  e+=-4.85(±0.381)  e-=+5.02(±0.010)  sep=134.5  │  fm_e=+5.0  fm=ON  fb=100%  │  ∇rw=1.45  ∇pol=0.41
[18:58:58] [ep03|s0450]  rw=-4.643  cd=-9.548  reg=4.905  │  e+=-4.98(±0.936)  e-=+4.81(±0.005)  sep=37.6  │  fm_e=+4.8  fm=ON  fb=100%  │  ∇rw=21.17  ∇pol=0.71
[18:59:41] [ep03|s0460]  rw=-4.772  cd=-9.931  reg=5.158  │  e+=-5.06(±0.716)  e-=+5.04(±0.078)  sep=52.5  │  fm_e=+5.1  fm=ON  fb=100%  │  ∇rw=3.02  ∇pol=0.60
[19:00:23] [ep03|s0470]  rw=-5.064  cd=-10.178  reg=5.115  │  e+=-5.11(±0.309)  e-=+4.99(±0.031)  sep=87.5  │  fm_e=+5.0  fm=ON  fb=100%  │  ∇rw=1.48  ∇pol=0.62
[19:01:05] [ep03|s0480]  rw=-5.028  cd=-9.859  reg=4.831  │  e+=-4.82(±0.365)  e-=+4.99(±0.005)  sep=92.1  │  fm_e=+5.0  fm=ON  fb=100%  │  ∇rw=1.55  ∇pol=0.39
[19:01:48] [ep03|s0490]  rw=-4.995  cd=-10.130  reg=5.136  │  e+=-5.22(±0.147)  e-=+4.90(±0.008)  sep=63.5  │  fm_e=+4.9  fm=ON  fb=100%  │  ∇rw=1.50  ∇pol=0.82
[19:02:30] [ep03|s0500]  rw=-5.329  cd=-10.115  reg=4.786  │  e+=-4.74(±1.119)  e-=+4.91(±0.011)  sep=28.5  │  fm_e=+4.9  fm=ON  fb=100%  │  ∇rw=2.14  ∇pol=0.64
[19:03:11] [ep03|s0510]  rw=-4.994  cd=-10.798  reg=5.803  │  e+=-5.59(±0.373)  e-=+5.16(±0.007)  sep=32.1  │  fm_e=+5.2  fm=ON  fb=100%  │  ∇rw=11.85  ∇pol=0.36
[19:03:54] [ep03|s0520]  rw=-4.929  cd=-9.970  reg=5.041  │  e+=-5.01(±0.434)  e-=+5.01(±0.008)  sep=56.1  │  fm_e=+5.0  fm=ON  fb=100%  │  ∇rw=1.49  ∇pol=0.67
[19:04:36] [ep03|s0530]  rw=-4.930  cd=-9.890  reg=4.960  │  e+=-4.86(±0.716)  e-=+5.03(±0.015)  sep=45.4  │  fm_e=+5.0  fm=ON  fb=100%  │  ∇rw=4.63  ∇pol=0.64
[19:05:19] [ep03|s0540]  rw=-4.984  cd=-9.719  reg=4.735  │  e+=-4.83(±0.219)  e-=+4.90(±0.010)  sep=52.4  │  fm_e=+4.9  fm=ON  fb=100%  │  ∇rw=2.24  ∇pol=0.73
[19:06:01] [ep03|s0550]  rw=-5.045  cd=-10.255  reg=5.210  │  e+=-5.11(±0.458)  e-=+5.08(±0.008)  sep=78.5  │  fm_e=+5.1  fm=ON  fb=100%  │  ∇rw=4.50  ∇pol=1.32
[19:06:43] [ep03|s0560]  rw=-5.116  cd=-9.842  reg=4.727  │  e+=-4.49(±0.572)  e-=+5.17(±0.011)  sep=43.1  │  fm_e=+5.2  fm=ON  fb=100%  │  ∇rw=5.32  ∇pol=6.82
[19:07:26] [ep03|s0570]  rw=-5.243  cd=-10.728  reg=5.485  │  e+=-5.34(±1.273)  e-=+4.97(±0.006)  sep=45.2  │  fm_e=+5.0  fm=ON  fb=100%  │  ∇rw=3.08  ∇pol=6.27
[19:07:26] ══════════ VAL ep03 ══════════  ρ=+0.1761 (p=0.0190) [PASS ✓]  AUROC(E)=0.6411  ECE=0.7976  N=177 ◀ BEST
[19:07:26]   ckpt saved → ckpt_epoch0003.pt
[19:07:26] ──────────────────── Epoch 04/30 ────────────────────
[19:08:09] [ep04|s0580]  rw=-4.936  cd=-9.737  reg=4.801  │  e+=-4.84(±0.862)  e-=+4.88(±0.009)  sep=75.1  │  fm_e=+4.9  fm=ON  fb=100%  │  ∇rw=2.07  ∇pol=1.17
[19:08:51] [ep04|s0590]  rw=-4.891  cd=-9.647  reg=4.756  │  e+=-4.65(±0.826)  e-=+5.02(±0.023)  sep=50.9  │  fm_e=+5.0  fm=ON  fb=100%  │  ∇rw=3.28  ∇pol=0.65
[19:09:34] [ep04|s0600]  rw=-4.985  cd=-10.426  reg=5.441  │  e+=-5.50(±0.197)  e-=+4.91(±0.004)  sep=93.7  │  fm_e=+4.9  fm=ON  fb=100%  │  ∇rw=2.36  ∇pol=1.05
[19:10:16] [ep04|s0610]  rw=-4.974  cd=-10.662  reg=5.688  │  e+=-5.58(±0.131)  e-=+5.07(±0.005)  sep=81.1  │  fm_e=+5.1  fm=ON  fb=100%  │  ∇rw=5.98  ∇pol=1.01
[19:10:58] [ep04|s0620]  rw=-4.964  cd=-10.302  reg=5.339  │  e+=-5.15(±0.183)  e-=+5.18(±0.013)  sep=91.4  │  fm_e=+5.2  fm=ON  fb=100%  │  ∇rw=1.60  ∇pol=0.49
[19:11:41] [ep04|s0630]  rw=-5.022  cd=-10.341  reg=5.319  │  e+=-5.02(±0.398)  e-=+5.27(±0.009)  sep=51.7  │  fm_e=+5.3  fm=ON  fb=100%  │  ∇rw=6.21  ∇pol=6.69
[19:12:23] [ep04|s0640]  rw=-4.573  cd=-11.966  reg=7.393  │  e+=-6.74(±0.665)  e-=+5.05(±0.069)  sep=28.3  │  fm_e=+5.0  fm=ON  fb=100%  │  ∇rw=68.45  ∇pol=1.43
[19:13:05] [ep04|s0650]  rw=-4.975  cd=-9.681  reg=4.706  │  e+=-4.83(±0.182)  e-=+4.85(±0.049)  sep=75.6  │  fm_e=+4.9  fm=ON  fb=100%  │  ∇rw=17.68  ∇pol=0.86
[19:13:47] [ep04|s0660]  rw=-4.941  cd=-9.966  reg=5.025  │  e+=-4.78(±0.267)  e-=+5.22(±0.037)  sep=69.9  │  fm_e=+5.2  fm=ON  fb=100%  │  ∇rw=6.86  ∇pol=0.93
[19:14:29] [ep04|s0670]  rw=-4.956  cd=-9.855  reg=4.898  │  e+=-4.87(±0.165)  e-=+4.98(±0.030)  sep=99.3  │  fm_e=+5.0  fm=ON  fb=100%  │  ∇rw=13.13  ∇pol=0.47
[19:15:12] [ep04|s0680]  rw=-5.029  cd=-10.958  reg=5.929  │  e+=-5.82(±0.700)  e-=+4.97(±0.056)  sep=74.1  │  fm_e=+5.0  fm=ON  fb=100%  │  ∇rw=12.75  ∇pol=0.43
[19:15:54] [ep04|s0690]  rw=-5.032  cd=-9.796  reg=4.765  │  e+=-4.78(±0.547)  e-=+4.95(±0.018)  sep=69.3  │  fm_e=+5.0  fm=ON  fb=100%  │  ∇rw=3.13  ∇pol=0.54
[19:16:36] [ep04|s0700]  rw=-4.978  cd=-9.483  reg=4.505  │  e+=-4.46(±0.257)  e-=+5.00(±0.017)  sep=58.4  │  fm_e=+5.0  fm=ON  fb=100%  │  ∇rw=10.35  ∇pol=0.70
[19:17:19] [ep04|s0710]  rw=-5.086  cd=-9.767  reg=4.682  │  e+=-4.69(±0.155)  e-=+4.98(±0.009)  sep=107.5  │  fm_e=+5.0  fm=ON  fb=100%  │  ∇rw=2.84  ∇pol=0.23
[19:18:01] [ep04|s0720]  rw=-4.904  cd=-10.330  reg=5.427  │  e+=-5.40(±0.308)  e-=+5.00(±0.043)  sep=82.5  │  fm_e=+5.0  fm=ON  fb=100%  │  ∇rw=4.21  ∇pol=0.49
[19:18:43] [ep04|s0730]  rw=-5.036  cd=-10.145  reg=5.108  │  e+=-5.11(±0.184)  e-=+4.99(±0.022)  sep=105.1  │  fm_e=+5.0  fm=ON  fb=100%  │  ∇rw=4.61  ∇pol=0.52
[19:19:26] [ep04|s0740]  rw=-4.955  cd=-9.668  reg=4.714  │  e+=-4.71(±0.044)  e-=+4.96(±0.024)  sep=150.4  │  fm_e=+5.0  fm=ON  fb=100%  │  ∇rw=9.69  ∇pol=1.35
[19:20:08] [ep04|s0750]  rw=-4.933  cd=-10.189  reg=5.256  │  e+=-5.18(±0.286)  e-=+5.06(±0.024)  sep=120.1  │  fm_e=+5.1  fm=ON  fb=100%  │  ∇rw=4.40  ∇pol=0.50
[19:20:50] [ep04|s0760]  rw=-4.907  cd=-10.445  reg=5.538  │  e+=-5.41(±0.485)  e-=+5.09(±0.030)  sep=63.2  │  fm_e=+5.1  fm=ON  fb=100%  │  ∇rw=5.71  ∇pol=0.44
[19:20:51] ══════════ VAL ep04 ══════════  ρ=+0.1549 (p=0.0395) [PASS ✓]  AUROC(E)=0.5658  ECE=0.7906  N=177
[19:20:51]   ckpt saved → ckpt_epoch0004.pt
[19:20:51] ──────────────────── Epoch 05/30 ────────────────────
[19:21:33] [ep05|s0770]  rw=-4.954  cd=-9.972  reg=5.018  │  e+=-5.00(±0.315)  e-=+5.01(±0.017)  sep=47.6  │  fm_e=+5.0  fm=ON  fb=100%  │  ∇rw=2.53  ∇pol=0.39
[19:22:16] [ep05|s0780]  rw=-4.980  cd=-9.633  reg=4.653  │  e+=-4.82(±0.202)  e-=+4.81(±0.041)  sep=89.8  │  fm_e=+4.8  fm=ON  fb=100%  │  ∇rw=7.11  ∇pol=0.32
[19:22:58] [ep05|s0790]  rw=-5.239  cd=-9.997  reg=4.759  │  e+=-4.83(±0.828)  e-=+4.85(±0.025)  sep=68.9  │  fm_e=+4.8  fm=ON  fb=100%  │  ∇rw=5.34  ∇pol=0.54
[19:23:40] [ep05|s0800]  rw=-5.020  cd=-9.875  reg=4.855  │  e+=-4.54(±0.272)  e-=+5.28(±0.036)  sep=76.6  │  fm_e=+5.3  fm=ON  fb=100%  │  ∇rw=5.32  ∇pol=0.61
[19:24:23] [ep05|s0810]  rw=-5.046  cd=-10.026  reg=4.980  │  e+=-4.98(±0.231)  e-=+4.99(±0.012)  sep=101.4  │  fm_e=+5.0  fm=ON  fb=100%  │  ∇rw=2.62  ∇pol=0.72
[19:25:05] [ep05|s0820]  rw=-4.842  cd=-9.363  reg=4.521  │  e+=-4.62(±0.473)  e-=+4.86(±0.024)  sep=86.6  │  fm_e=+4.8  fm=ON  fb=100%  │  ∇rw=4.02  ∇pol=0.61
[19:25:47] [ep05|s0830]  rw=-4.993  cd=-9.857  reg=4.864  │  e+=-5.08(±0.059)  e-=+4.77(±0.035)  sep=116.6  │  fm_e=+4.8  fm=ON  fb=100%  │  ∇rw=13.18  ∇pol=0.46
[19:26:30] [ep05|s0840]  rw=-5.046  cd=-10.112  reg=5.066  │  e+=-5.11(±0.210)  e-=+4.94(±0.025)  sep=97.7  │  fm_e=+4.9  fm=ON  fb=100%  │  ∇rw=5.68  ∇pol=0.32
[19:27:12] [ep05|s0850]  rw=-5.069  cd=-9.855  reg=4.786  │  e+=-4.69(±0.340)  e-=+5.06(±0.032)  sep=62.6  │  fm_e=+5.1  fm=ON  fb=100%  │  ∇rw=7.05  ∇pol=0.99
[19:27:54] [ep05|s0860]  rw=-4.987  cd=-9.625  reg=4.638  │  e+=-4.76(±0.438)  e-=+4.84(±0.042)  sep=34.7  │  fm_e=+4.8  fm=ON  fb=100%  │  ∇rw=6.84  ∇pol=0.29
[19:28:37] [ep05|s0870]  rw=-4.938  cd=-10.055  reg=5.117  │  e+=-5.15(±0.493)  e-=+4.93(±0.028)  sep=38.6  │  fm_e=+4.9  fm=ON  fb=100%  │  ∇rw=6.79  ∇pol=0.67
[19:29:19] [ep05|s0880]  rw=-4.988  cd=-9.635  reg=4.647  │  e+=-4.85(±0.062)  e-=+4.79(±0.024)  sep=113.6  │  fm_e=+4.8  fm=ON  fb=100%  │  ∇rw=6.00  ∇pol=0.58
[19:30:01] [ep05|s0890]  rw=-4.923  cd=-10.203  reg=5.280  │  e+=-5.32(±0.294)  e-=+4.93(±0.025)  sep=76.4  │  fm_e=+4.9  fm=ON  fb=100%  │  ∇rw=6.53  ∇pol=0.53
[19:30:44] [ep05|s0900]  rw=-4.984  cd=-10.692  reg=5.708  │  e+=-5.62(±0.284)  e-=+5.04(±0.050)  sep=66.0  │  fm_e=+5.0  fm=ON  fb=100%  │  ∇rw=5.70  ∇pol=0.68
[19:31:26] [ep05|s0910]  rw=-4.921  cd=-9.686  reg=4.765  │  e+=-4.72(±0.567)  e-=+5.00(±0.018)  sep=78.0  │  fm_e=+5.0  fm=ON  fb=100%  │  ∇rw=1.88  ∇pol=0.41
[19:32:08] [ep05|s0920]  rw=-4.995  cd=-9.942  reg=4.947  │  e+=-4.88(±0.070)  e-=+5.06(±0.024)  sep=96.3  │  fm_e=+5.1  fm=ON  fb=100%  │  ∇rw=2.80  ∇pol=1.19
[19:32:51] [ep05|s0930]  rw=-5.071  cd=-9.933  reg=4.862  │  e+=-4.84(±0.456)  e-=+5.00(±0.026)  sep=123.9  │  fm_e=+5.0  fm=ON  fb=100%  │  ∇rw=1.58  ∇pol=0.50
[19:33:33] [ep05|s0940]  rw=-4.860  cd=-9.821  reg=4.962  │  e+=-5.28(±0.235)  e-=+4.54(±0.089)  sep=48.4  │  fm_e=+4.6  fm=ON  fb=100%  │  ∇rw=26.97  ∇pol=0.72
[19:34:15] [ep05|s0950]  rw=-5.064  cd=-9.826  reg=4.762  │  e+=-5.05(±0.182)  e-=+4.69(±0.019)  sep=84.8  │  fm_e=+4.7  fm=ON  fb=100%  │  ∇rw=23.44  ∇pol=0.45
[19:34:16] ══════════ VAL ep05 ══════════  ρ=+0.2074 (p=0.0056) [PASS ✓]  AUROC(E)=0.6556  ECE=0.7918  N=177 ◀ BEST
[19:34:16]   ckpt saved → ckpt_epoch0005.pt
[19:34:16] ──────────────────── Epoch 06/30 ────────────────────
[19:34:58] [ep06|s0960]  rw=-4.756  cd=-8.571  reg=3.816  │  e+=-4.02(±0.280)  e-=+4.65(±0.060)  sep=55.4  │  fm_e=+4.6  fm=ON  fb=100%  │  ∇rw=44.72  ∇pol=0.72
[19:35:41] [ep06|s0970]  rw=-4.950  cd=-10.231  reg=5.281  │  e+=-4.75(±0.626)  e-=+5.45(±0.040)  sep=52.7  │  fm_e=+5.4  fm=ON  fb=100%  │  ∇rw=9.93  ∇pol=3.56
[19:36:23] [ep06|s0980]  rw=-5.086  cd=-10.756  reg=5.671  │  e+=-5.58(±0.746)  e-=+5.00(±0.038)  sep=48.6  │  fm_e=+5.0  fm=ON  fb=100%  │  ∇rw=3.59  ∇pol=0.50
[19:37:06] [ep06|s0990]  rw=-5.066  cd=-10.182  reg=5.115  │  e+=-5.04(±0.399)  e-=+5.06(±0.041)  sep=47.7  │  fm_e=+5.1  fm=ON  fb=100%  │  ∇rw=2.53  ∇pol=0.51
[19:37:48] [ep06|s1000]  rw=-3.770  cd=-7.668  reg=3.898  │  e+=-3.89(±1.690)  e-=+4.45(±0.057)  sep=21.4  │  fm_e=+4.4  fm=ON  fb=100%  │  ∇rw=15.22  ∇pol=0.63
[19:38:30] [ep06|s1010]  rw=-4.996  cd=-9.727  reg=4.731  │  e+=-4.62(±0.122)  e-=+5.09(±0.013)  sep=101.0  │  fm_e=+5.1  fm=ON  fb=100%  │  ∇rw=3.20  ∇pol=0.49
[19:39:12] [ep06|s1020]  rw=-4.951  cd=-10.067  reg=5.116  │  e+=-5.33(±0.135)  e-=+4.76(±0.042)  sep=59.9  │  fm_e=+4.7  fm=ON  fb=100%  │  ∇rw=7.59  ∇pol=0.58
[19:39:55] [ep06|s1030]  rw=-4.973  cd=-9.536  reg=4.564  │  e+=-4.42(±0.197)  e-=+5.10(±0.017)  sep=112.4  │  fm_e=+5.1  fm=ON  fb=100%  │  ∇rw=5.56  ∇pol=0.63
[19:40:37] [ep06|s1040]  rw=-4.963  cd=-9.983  reg=5.020  │  e+=-5.01(±0.400)  e-=+5.00(±0.024)  sep=66.8  │  fm_e=+5.0  fm=ON  fb=100%  │  ∇rw=2.25  ∇pol=0.49
[19:41:19] [ep06|s1050]  rw=-4.936  cd=-10.191  reg=5.255  │  e+=-5.26(±0.150)  e-=+4.98(±0.031)  sep=75.3  │  fm_e=+5.0  fm=ON  fb=100%  │  ∇rw=4.36  ∇pol=0.31
[19:42:02] [ep06|s1060]  rw=-5.157  cd=-9.837  reg=4.679  │  e+=-4.59(±0.514)  e-=+5.05(±0.027)  sep=62.5  │  fm_e=+5.0  fm=ON  fb=100%  │  ∇rw=2.91  ∇pol=0.53
[19:42:44] [ep06|s1070]  rw=-5.041  cd=-10.207  reg=5.166  │  e+=-5.27(±0.471)  e-=+4.86(±0.030)  sep=40.4  │  fm_e=+4.9  fm=ON  fb=100%  │  ∇rw=5.41  ∇pol=0.48
[19:43:26] [ep06|s1080]  rw=-4.949  cd=-10.232  reg=5.284  │  e+=-5.55(±0.392)  e-=+4.68(±0.024)  sep=45.2  │  fm_e=+4.7  fm=ON  fb=100%  │  ∇rw=7.36  ∇pol=0.51
[19:44:09] [ep06|s1090]  rw=-5.035  cd=-11.110  reg=6.075  │  e+=-5.93(±0.214)  e-=+5.05(±0.029)  sep=83.0  │  fm_e=+5.0  fm=ON  fb=100%  │  ∇rw=6.26  ∇pol=0.55
[19:44:51] [ep06|s1100]  rw=-5.031  cd=-9.845  reg=4.815  │  e+=-4.79(±0.290)  e-=+5.01(±0.034)  sep=74.7  │  fm_e=+5.0  fm=ON  fb=100%  │  ∇rw=1.84  ∇pol=0.56
[19:45:33] [ep06|s1110]  rw=-4.851  cd=-10.236  reg=5.385  │  e+=-5.45(±0.381)  e-=+4.90(±0.031)  sep=55.4  │  fm_e=+4.9  fm=ON  fb=100%  │  ∇rw=3.78  ∇pol=0.93
[19:46:16] [ep06|s1120]  rw=-4.994  cd=-9.714  reg=4.720  │  e+=-4.76(±0.155)  e-=+4.95(±0.019)  sep=78.7  │  fm_e=+4.9  fm=ON  fb=100%  │  ∇rw=2.63  ∇pol=0.43
[19:46:58] [ep06|s1130]  rw=-4.977  cd=-9.632  reg=4.654  │  e+=-4.64(±0.163)  e-=+5.00(±0.016)  sep=86.2  │  fm_e=+5.0  fm=ON  fb=100%  │  ∇rw=4.83  ∇pol=0.50
[19:47:40] [ep06|s1140]  rw=-5.025  cd=-10.313  reg=5.288  │  e+=-5.35(±0.307)  e-=+4.92(±0.012)  sep=88.5  │  fm_e=+4.9  fm=ON  fb=100%  │  ∇rw=5.33  ∇pol=0.51
[19:47:41] ══════════ VAL ep06 ══════════  ρ=+0.1153 (p=0.1265) [FAIL ✗]  AUROC(E)=0.5647  ECE=0.7893  N=177
[19:47:41]   ckpt saved → ckpt_epoch0006.pt
[19:47:41] ──────────────────── Epoch 07/30 ────────────────────
[19:48:23] [ep07|s1150]  rw=-5.239  cd=-11.042  reg=5.803  │  e+=-5.78(±0.625)  e-=+4.92(±0.020)  sep=85.0  │  fm_e=+4.9  fm=ON  fb=100%  │  ∇rw=5.49  ∇pol=0.51
[19:49:06] [ep07|s1160]  rw=-5.008  cd=-9.912  reg=4.904  │  e+=-4.89(±0.440)  e-=+4.99(±0.019)  sep=50.8  │  fm_e=+5.0  fm=ON  fb=100%  │  ∇rw=3.38  ∇pol=1.02
[19:49:48] [ep07|s1170]  rw=-5.073  cd=-10.072  reg=4.999  │  e+=-4.97(±0.564)  e-=+5.00(±0.020)  sep=61.4  │  fm_e=+5.0  fm=ON  fb=100%  │  ∇rw=1.08  ∇pol=1.40
[19:50:30] [ep07|s1180]  rw=-5.012  cd=-9.891  reg=4.879  │  e+=-4.86(±0.191)  e-=+5.01(±0.043)  sep=108.6  │  fm_e=+5.0  fm=ON  fb=100%  │  ∇rw=1.86  ∇pol=0.46
[19:51:13] [ep07|s1190]  rw=-4.945  cd=-9.796  reg=4.851  │  e+=-5.07(±0.195)  e-=+4.76(±0.028)  sep=67.6  │  fm_e=+4.8  fm=ON  fb=100%  │  ∇rw=8.88  ∇pol=0.38
[19:51:55] [ep07|s1200]  rw=-5.024  cd=-10.562  reg=5.538  │  e+=-5.38(±0.376)  e-=+5.11(±0.007)  sep=46.2  │  fm_e=+5.1  fm=ON  fb=100%  │  ∇rw=6.16  ∇pol=0.43
[19:52:37] [ep07|s1210]  rw=-5.171  cd=-9.922  reg=4.751  │  e+=-4.70(±0.373)  e-=+5.02(±0.012)  sep=49.7  │  fm_e=+5.0  fm=ON  fb=100%  │  ∇rw=2.39  ∇pol=0.41
[19:53:20] [ep07|s1220]  rw=-4.896  cd=-10.183  reg=5.287  │  e+=-5.31(±0.934)  e-=+4.88(±0.023)  sep=38.1  │  fm_e=+4.9  fm=ON  fb=100%  │  ∇rw=4.74  ∇pol=0.46
[19:54:02] [ep07|s1230]  rw=-5.110  cd=-10.321  reg=5.211  │  e+=-5.16(±0.481)  e-=+5.02(±0.015)  sep=70.9  │  fm_e=+5.0  fm=ON  fb=100%  │  ∇rw=3.32  ∇pol=0.57
[19:54:45] [ep07|s1240]  rw=-5.257  cd=-10.379  reg=5.122  │  e+=-5.07(±0.831)  e-=+4.98(±0.019)  sep=63.8  │  fm_e=+5.0  fm=ON  fb=100%  │  ∇rw=2.04  ∇pol=1.09
[19:55:27] [ep07|s1250]  rw=-4.934  cd=-9.323  reg=4.390  │  e+=-4.39(±0.363)  e-=+4.94(±0.027)  sep=34.6  │  fm_e=+4.9  fm=ON  fb=100%  │  ∇rw=4.70  ∇pol=0.52
[19:56:09] [ep07|s1260]  rw=-5.096  cd=-10.083  reg=4.987  │  e+=-4.85(±0.911)  e-=+5.05(±0.041)  sep=40.3  │  fm_e=+5.1  fm=ON  fb=100%  │  ∇rw=3.66  ∇pol=0.75
[19:56:51] [ep07|s1270]  rw=-4.949  cd=-9.749  reg=4.801  │  e+=-4.75(±0.166)  e-=+5.04(±0.044)  sep=58.1  │  fm_e=+5.0  fm=ON  fb=100%  │  ∇rw=1.96  ∇pol=0.74
[19:57:34] [ep07|s1280]  rw=-5.010  cd=-10.508  reg=5.498  │  e+=-5.48(±0.368)  e-=+4.97(±0.019)  sep=73.6  │  fm_e=+5.0  fm=ON  fb=100%  │  ∇rw=4.16  ∇pol=0.74
[19:58:16] [ep07|s1290]  rw=-5.046  cd=-10.202  reg=5.156  │  e+=-5.18(±0.212)  e-=+4.97(±0.035)  sep=51.5  │  fm_e=+5.0  fm=ON  fb=100%  │  ∇rw=3.92  ∇pol=0.38
[19:58:58] [ep07|s1300]  rw=-4.935  cd=-11.157  reg=6.222  │  e+=-6.01(±0.208)  e-=+5.10(±0.042)  sep=87.4  │  fm_e=+5.1  fm=ON  fb=100%  │  ∇rw=11.45  ∇pol=0.65
[19:59:41] [ep07|s1310]  rw=-5.084  cd=-9.418  reg=4.334  │  e+=-4.70(±0.558)  e-=+4.58(±0.023)  sep=59.4  │  fm_e=+4.6  fm=ON  fb=100%  │  ∇rw=6.28  ∇pol=0.47
[20:00:23] [ep07|s1320]  rw=-5.028  cd=-10.331  reg=5.303  │  e+=-5.51(±0.548)  e-=+4.73(±0.012)  sep=36.4  │  fm_e=+4.7  fm=ON  fb=100%  │  ∇rw=11.27  ∇pol=0.38
[20:01:05] [ep07|s1330]  rw=-4.969  cd=-10.112  reg=5.144  │  e+=-5.15(±0.207)  e-=+4.98(±0.018)  sep=103.0  │  fm_e=+5.0  fm=ON  fb=100%  │  ∇rw=3.02  ∇pol=0.35
[20:01:06] ══════════ VAL ep07 ══════════  ρ=+0.1575 (p=0.0362) [PASS ✓]  AUROC(E)=0.6098  ECE=0.7956  N=177
[20:01:06]   ckpt saved → ckpt_epoch0007.pt
[20:01:06] ──────────────────── Epoch 08/30 ────────────────────
[20:01:49] [ep08|s1340]  rw=-5.014  cd=-9.768  reg=4.754  │  e+=-4.74(±0.095)  e-=+5.00(±0.017)  sep=88.6  │  fm_e=+5.0  fm=ON  fb=100%  │  ∇rw=3.05  ∇pol=0.50
[20:02:31] [ep08|s1350]  rw=-5.296  cd=-10.068  reg=4.772  │  e+=-4.60(±1.040)  e-=+5.04(±0.015)  sep=52.2  │  fm_e=+5.0  fm=ON  fb=100%  │  ∇rw=2.56  ∇pol=0.58
[20:03:13] [ep08|s1360]  rw=-4.164  cd=-9.409  reg=5.245  │  e+=-5.07(±0.202)  e-=+4.27(±1.424)  sep=79.8  │  fm_e=+3.8  fm=ON  fb=67%  │  ∇rw=42.73  ∇pol=0.60
[20:03:55] [ep08|s1370]  rw=-5.039  cd=-10.015  reg=4.975  │  e+=-4.93(±0.193)  e-=+5.04(±0.014)  sep=88.1  │  fm_e=+5.0  fm=ON  fb=100%  │  ∇rw=2.00  ∇pol=0.52
[20:04:38] [ep08|s1380]  rw=-5.043  cd=-9.987  reg=4.944  │  e+=-4.93(±0.269)  e-=+5.01(±0.016)  sep=86.1  │  fm_e=+5.0  fm=ON  fb=100%  │  ∇rw=1.19  ∇pol=0.88
[20:05:20] [ep08|s1390]  rw=-4.867  cd=-10.329  reg=5.462  │  e+=-5.41(±0.739)  e-=+4.98(±0.014)  sep=72.4  │  fm_e=+5.0  fm=ON  fb=100%  │  ∇rw=4.20  ∇pol=0.63
[20:06:02] [ep08|s1400]  rw=-4.964  cd=-10.467  reg=5.503  │  e+=-5.44(±0.177)  e-=+5.04(±0.028)  sep=69.3  │  fm_e=+5.0  fm=ON  fb=100%  │  ∇rw=4.78  ∇pol=0.35
[20:06:45] [ep08|s1410]  rw=-4.962  cd=-9.436  reg=4.474  │  e+=-4.72(±0.314)  e-=+4.67(±0.107)  sep=79.4  │  fm_e=+4.6  fm=ON  fb=100%  │  ∇rw=43.23  ∇pol=0.54
[20:07:27] [ep08|s1420]  rw=-4.955  cd=-9.843  reg=4.887  │  e+=-4.86(±0.494)  e-=+4.98(±0.046)  sep=45.6  │  fm_e=+5.0  fm=ON  fb=100%  │  ∇rw=7.35  ∇pol=0.50
[20:08:10] [ep08|s1430]  rw=-5.049  cd=-10.543  reg=5.494  │  e+=-4.96(±0.361)  e-=+5.49(±0.057)  sep=71.0  │  fm_e=+5.5  fm=ON  fb=100%  │  ∇rw=8.00  ∇pol=0.49
[20:08:52] [ep08|s1440]  rw=-4.813  cd=-9.056  reg=4.243  │  e+=-4.62(±0.546)  e-=+4.40(±0.081)  sep=56.7  │  fm_e=+4.4  fm=ON  fb=100%  │  ∇rw=32.30  ∇pol=0.67
[20:09:34] [ep08|s1450]  rw=-4.825  cd=-9.701  reg=4.876  │  e+=-4.79(±0.523)  e-=+5.05(±0.010)  sep=52.2  │  fm_e=+5.1  fm=ON  fb=100%  │  ∇rw=2.92  ∇pol=0.37
[20:10:17] [ep08|s1460]  rw=-4.976  cd=-10.285  reg=5.309  │  e+=-5.26(±0.321)  e-=+5.03(±0.086)  sep=64.3  │  fm_e=+5.0  fm=ON  fb=100%  │  ∇rw=3.75  ∇pol=0.72
[20:10:59] [ep08|s1470]  rw=-5.024  cd=-9.729  reg=4.705  │  e+=-4.66(±0.516)  e-=+5.01(±0.039)  sep=45.2  │  fm_e=+5.0  fm=ON  fb=100%  │  ∇rw=5.34  ∇pol=0.51
[20:11:41] [ep08|s1480]  rw=-4.902  cd=-10.167  reg=5.265  │  e+=-5.25(±0.218)  e-=+5.00(±0.024)  sep=88.1  │  fm_e=+5.0  fm=ON  fb=100%  │  ∇rw=1.59  ∇pol=0.46
[20:12:24] [ep08|s1490]  rw=-5.037  cd=-10.782  reg=5.744  │  e+=-5.48(±0.541)  e-=+5.21(±0.021)  sep=42.8  │  fm_e=+5.2  fm=ON  fb=100%  │  ∇rw=6.57  ∇pol=0.43
[20:13:06] [ep08|s1500]  rw=-5.118  cd=-10.140  reg=5.022  │  e+=-5.01(±0.392)  e-=+5.00(±0.012)  sep=62.2  │  fm_e=+5.0  fm=ON  fb=100%  │  ∇rw=1.93  ∇pol=0.38
[20:13:49] [ep08|s1510]  rw=-5.085  cd=-10.288  reg=5.203  │  e+=-5.17(±0.545)  e-=+4.99(±0.020)  sep=38.2  │  fm_e=+5.0  fm=ON  fb=100%  │  ∇rw=2.55  ∇pol=0.56
[20:14:31] [ep08|s1520]  rw=-4.981  cd=-9.575  reg=4.594  │  e+=-4.64(±0.036)  e-=+4.93(±0.020)  sep=128.2  │  fm_e=+4.9  fm=ON  fb=100%  │  ∇rw=3.99  ∇pol=0.57
[20:14:31] ══════════ VAL ep08 ══════════  ρ=+0.2543 (p=0.0006) [PASS ✓]  AUROC(E)=0.6574  ECE=0.7904  N=177 ◀ BEST
[20:14:32]   ckpt saved → ckpt_epoch0008.pt
[20:14:32] ──────────────────── Epoch 09/30 ────────────────────
[20:15:14] [ep09|s1530]  rw=-4.916  cd=-11.272  reg=6.356  │  e+=-5.99(±0.533)  e-=+5.23(±0.017)  sep=43.5  │  fm_e=+5.2  fm=ON  fb=100%  │  ∇rw=8.79  ∇pol=0.55
[20:15:57] [ep09|s1540]  rw=-4.988  cd=-9.977  reg=4.989  │  e+=-4.93(±0.253)  e-=+5.05(±0.019)  sep=78.2  │  fm_e=+5.0  fm=ON  fb=100%  │  ∇rw=2.66  ∇pol=0.54
[20:16:39] [ep09|s1550]  rw=-4.957  cd=-9.545  reg=4.588  │  e+=-4.69(±0.311)  e-=+4.88(±0.017)  sep=70.1  │  fm_e=+4.9  fm=ON  fb=100%  │  ∇rw=5.85  ∇pol=0.41
[20:17:21] [ep09|s1560]  rw=-5.031  cd=-9.551  reg=4.520  │  e+=-4.47(±0.305)  e-=+5.02(±0.010)  sep=57.8  │  fm_e=+5.0  fm=ON  fb=100%  │  ∇rw=3.58  ∇pol=0.51
[20:18:04] [ep09|s1570]  rw=-5.253  cd=-10.409  reg=5.156  │  e+=-5.13(±0.569)  e-=+4.99(±0.020)  sep=48.5  │  fm_e=+5.0  fm=ON  fb=100%  │  ∇rw=2.24  ∇pol=0.40
[20:18:46] [ep09|s1580]  rw=-4.831  cd=-10.391  reg=5.560  │  e+=-5.51(±0.675)  e-=+4.98(±0.027)  sep=37.1  │  fm_e=+5.0  fm=ON  fb=100%  │  ∇rw=4.88  ∇pol=0.57
[20:19:28] [ep09|s1590]  rw=-5.027  cd=-10.064  reg=5.037  │  e+=-5.09(±0.211)  e-=+4.94(±0.027)  sep=45.7  │  fm_e=+5.0  fm=ON  fb=100%  │  ∇rw=4.54  ∇pol=5.37
[20:20:11] [ep09|s1600]  rw=-5.279  cd=-9.244  reg=3.965  │  e+=-4.28(±0.916)  e-=+4.52(±0.021)  sep=27.2  │  fm_e=+4.5  fm=ON  fb=100%  │  ∇rw=10.90  ∇pol=0.57
[20:20:53] [ep09|s1610]  rw=-4.989  cd=-10.153  reg=5.164  │  e+=-5.11(±0.719)  e-=+5.00(±0.011)  sep=41.7  │  fm_e=+5.0  fm=ON  fb=100%  │  ∇rw=2.82  ∇pol=0.54
[20:21:35] [ep09|s1620]  rw=-2.157  cd=-6.700  reg=4.543  │  e+=-5.02(±0.562)  e-=+1.68(±0.201)  sep=38.2  │  fm_e=+1.8  fm=ON  fb=100%  │  ∇rw=486.68  ∇pol=0.47
[20:22:18] [ep09|s1630]  rw=-5.294  cd=-10.705  reg=5.412  │  e+=-5.25(±0.869)  e-=+5.08(±0.011)  sep=34.5  │  fm_e=+5.1  fm=ON  fb=100%  │  ∇rw=2.73  ∇pol=0.40
[20:23:00] [ep09|s1640]  rw=-4.875  cd=-9.333  reg=4.458  │  e+=-4.31(±0.569)  e-=+5.07(±0.010)  sep=35.8  │  fm_e=+5.1  fm=ON  fb=100%  │  ∇rw=7.41  ∇pol=0.54
[20:23:42] [ep09|s1650]  rw=-4.931  cd=-9.046  reg=4.115  │  e+=-4.40(±0.221)  e-=+4.66(±0.007)  sep=60.3  │  fm_e=+4.7  fm=ON  fb=100%  │  ∇rw=12.08  ∇pol=0.51
[20:24:25] [ep09|s1660]  rw=-5.027  cd=-10.172  reg=5.145  │  e+=-5.21(±0.257)  e-=+4.92(±0.007)  sep=65.8  │  fm_e=+4.9  fm=ON  fb=100%  │  ∇rw=7.34  ∇pol=0.45
[20:25:07] [ep09|s1670]  rw=-5.097  cd=-10.417  reg=5.320  │  e+=-5.22(±0.322)  e-=+5.08(±0.016)  sep=60.1  │  fm_e=+5.1  fm=ON  fb=100%  │  ∇rw=6.15  ∇pol=0.47
[20:25:49] [ep09|s1680]  rw=-5.312  cd=-10.698  reg=5.386  │  e+=-5.33(±0.710)  e-=+4.99(±0.018)  sep=53.9  │  fm_e=+5.0  fm=ON  fb=100%  │  ∇rw=6.50  ∇pol=0.48
[20:26:32] [ep09|s1690]  rw=-5.124  cd=-9.386  reg=4.262  │  e+=-4.23(±0.828)  e-=+4.91(±0.017)  sep=69.9  │  fm_e=+4.9  fm=ON  fb=100%  │  ∇rw=7.28  ∇pol=0.45
[20:27:14] [ep09|s1700]  rw=-4.989  cd=-9.993  reg=5.004  │  e+=-4.96(±0.636)  e-=+5.00(±0.020)  sep=64.7  │  fm_e=+5.0  fm=ON  fb=100%  │  ∇rw=1.49  ∇pol=0.32
[20:27:56] [ep09|s1710]  rw=-4.937  cd=-9.316  reg=4.379  │  e+=-4.31(±0.756)  e-=+4.96(±0.030)  sep=36.2  │  fm_e=+5.0  fm=ON  fb=100%  │  ∇rw=4.73  ∇pol=1.02
[20:27:57] ══════════ VAL ep09 ══════════  ρ=+0.1610 (p=0.0323) [PASS ✓]  AUROC(E)=0.6468  ECE=0.7905  N=177
[20:27:57]   ckpt saved → ckpt_epoch0009.pt
[20:27:57] ──────────────────── Epoch 10/30 ────────────────────
[20:28:40] [ep10|s1720]  rw=-2.639  cd=-7.285  reg=4.646  │  e+=-4.91(±0.408)  e-=+2.32(±0.637)  sep=45.0  │  fm_e=+2.5  fm=ON  fb=100%  │  ∇rw=1401.70  ∇pol=0.47
[20:29:22] [ep10|s1730]  rw=-4.955  cd=-9.976  reg=5.022  │  e+=-4.93(±0.206)  e-=+5.09(±0.009)  sep=57.9  │  fm_e=+5.1  fm=ON  fb=100%  │  ∇rw=3.01  ∇pol=0.45
[20:30:04] [ep10|s1740]  rw=-5.120  cd=-10.327  reg=5.208  │  e+=-5.14(±0.607)  e-=+5.02(±0.014)  sep=52.2  │  fm_e=+5.0  fm=ON  fb=100%  │  ∇rw=1.57  ∇pol=0.27
[20:30:47] [ep10|s1750]  rw=-5.010  cd=-9.761  reg=4.751  │  e+=-4.67(±0.240)  e-=+5.06(±0.031)  sep=70.2  │  fm_e=+5.1  fm=ON  fb=100%  │  ∇rw=6.10  ∇pol=0.74
[20:31:29] [ep10|s1760]  rw=-4.812  cd=-10.530  reg=5.717  │  e+=-5.81(±0.669)  e-=+4.80(±0.023)  sep=32.8  │  fm_e=+4.8  fm=ON  fb=100%  │  ∇rw=10.05  ∇pol=0.37
[20:32:11] [ep10|s1770]  rw=-5.012  cd=-10.312  reg=5.301  │  e+=-5.29(±0.460)  e-=+4.98(±0.027)  sep=35.9  │  fm_e=+5.0  fm=ON  fb=100%  │  ∇rw=1.56  ∇pol=0.33
[20:32:54] [ep10|s1780]  rw=-4.794  cd=-9.617  reg=4.822  │  e+=-4.76(±0.476)  e-=+5.03(±0.024)  sep=38.9  │  fm_e=+5.0  fm=ON  fb=100%  │  ∇rw=2.34  ∇pol=0.31
[20:33:36] [ep10|s1790]  rw=-4.923  cd=-10.138  reg=5.216  │  e+=-5.06(±0.304)  e-=+5.14(±0.010)  sep=63.3  │  fm_e=+5.1  fm=ON  fb=100%  │  ∇rw=4.73  ∇pol=0.33
[20:34:18] [ep10|s1800]  rw=-5.146  cd=-10.062  reg=4.916  │  e+=-5.11(±0.448)  e-=+4.78(±0.024)  sep=72.3  │  fm_e=+4.8  fm=ON  fb=100%  │  ∇rw=3.90  ∇pol=0.53
[20:35:00] [ep10|s1810]  rw=-4.976  cd=-10.060  reg=5.084  │  e+=-5.07(±0.171)  e-=+5.00(±0.008)  sep=60.1  │  fm_e=+5.0  fm=ON  fb=100%  │  ∇rw=2.87  ∇pol=0.41
[20:35:43] [ep10|s1820]  rw=-4.945  cd=-9.864  reg=4.920  │  e+=-4.87(±0.440)  e-=+5.03(±0.011)  sep=90.4  │  fm_e=+5.0  fm=ON  fb=100%  │  ∇rw=3.22  ∇pol=0.43
[20:36:25] [ep10|s1830]  rw=-5.314  cd=-10.569  reg=5.255  │  e+=-5.20(±0.652)  e-=+5.00(±0.012)  sep=57.7  │  fm_e=+5.0  fm=ON  fb=100%  │  ∇rw=2.97  ∇pol=0.46
[20:37:07] [ep10|s1840]  rw=-4.969  cd=-10.462  reg=5.493  │  e+=-5.44(±0.314)  e-=+5.02(±0.015)  sep=38.0  │  fm_e=+5.0  fm=ON  fb=100%  │  ∇rw=4.10  ∇pol=0.42
[20:37:50] [ep10|s1850]  rw=-4.893  cd=-9.869  reg=4.976  │  e+=-4.95(±0.370)  e-=+5.01(±0.012)  sep=61.8  │  fm_e=+5.0  fm=ON  fb=100%  │  ∇rw=3.93  ∇pol=0.36
[20:38:32] [ep10|s1860]  rw=-5.041  cd=-9.782  reg=4.741  │  e+=-4.71(±0.215)  e-=+5.02(±0.006)  sep=56.2  │  fm_e=+5.0  fm=ON  fb=100%  │  ∇rw=2.58  ∇pol=0.49
[20:39:14] [ep10|s1870]  rw=-5.318  cd=-9.963  reg=4.646  │  e+=-4.50(±0.835)  e-=+5.05(±0.012)  sep=34.3  │  fm_e=+5.1  fm=ON  fb=100%  │  ∇rw=3.14  ∇pol=0.44
[20:39:57] [ep10|s1880]  rw=-4.909  cd=-9.300  reg=4.391  │  e+=-4.39(±0.273)  e-=+4.96(±0.021)  sep=38.8  │  fm_e=+5.0  fm=ON  fb=100%  │  ∇rw=4.94  ∇pol=0.63
[20:40:39] [ep10|s1890]  rw=-5.182  cd=-10.119  reg=4.937  │  e+=-4.89(±0.509)  e-=+5.01(±0.010)  sep=56.3  │  fm_e=+5.0  fm=ON  fb=100%  │  ∇rw=1.33  ∇pol=0.70
[20:41:21] [ep10|s1900]  rw=-5.277  cd=-10.192  reg=4.915  │  e+=-4.86(±1.080)  e-=+4.92(±0.043)  sep=44.7  │  fm_e=+4.9  fm=ON  fb=100%  │  ∇rw=4.66  ∇pol=6.32
[20:41:22] ══════════ VAL ep10 ══════════  ρ=+0.1500 (p=0.0463) [PASS ✓]  AUROC(E)=0.6099  ECE=0.7917  N=177
[20:41:22]   ckpt saved → ckpt_epoch0010.pt
[20:41:22] ──────────────────── Epoch 11/30 ────────────────────
[20:42:04] [ep11|s1910]  rw=-4.789  cd=-9.076  reg=4.287  │  e+=-4.34(±0.606)  e-=+4.87(±0.016)  sep=28.7  │  fm_e=+4.9  fm=ON  fb=100%  │  ∇rw=11.08  ∇pol=0.46
[20:42:47] [ep11|s1920]  rw=-5.134  cd=-10.549  reg=5.415  │  e+=-5.35(±0.542)  e-=+5.02(±0.014)  sep=35.9  │  fm_e=+5.0  fm=ON  fb=100%  │  ∇rw=5.62  ∇pol=0.77
[20:43:29] [ep11|s1930]  rw=-5.110  cd=-10.332  reg=5.222  │  e+=-5.29(±0.424)  e-=+4.91(±0.009)  sep=61.5  │  fm_e=+4.9  fm=ON  fb=100%  │  ∇rw=6.22  ∇pol=0.57
[20:44:11] [ep11|s1940]  rw=-4.966  cd=-10.442  reg=5.476  │  e+=-5.52(±0.247)  e-=+4.92(±0.016)  sep=77.8  │  fm_e=+4.9  fm=ON  fb=100%  │  ∇rw=5.82  ∇pol=0.47
[20:44:54] [ep11|s1950]  rw=-4.984  cd=-10.219  reg=5.235  │  e+=-5.23(±0.120)  e-=+4.99(±0.016)  sep=89.7  │  fm_e=+5.0  fm=ON  fb=100%  │  ∇rw=1.63  ∇pol=0.66
[20:45:36] [ep11|s1960]  rw=-4.934  cd=-9.896  reg=4.962  │  e+=-4.97(±0.145)  e-=+4.99(±0.027)  sep=88.1  │  fm_e=+5.0  fm=ON  fb=100%  │  ∇rw=2.06  ∇pol=0.30
[20:46:18] [ep11|s1970]  rw=-4.876  cd=-10.459  reg=5.583  │  e+=-5.48(±0.555)  e-=+5.04(±0.017)  sep=75.2  │  fm_e=+5.0  fm=ON  fb=100%  │  ∇rw=4.68  ∇pol=0.47
[20:47:01] [ep11|s1980]  rw=-5.319  cd=-10.449  reg=5.130  │  e+=-5.07(±0.757)  e-=+5.00(±0.011)  sep=42.3  │  fm_e=+5.0  fm=ON  fb=100%  │  ∇rw=1.52  ∇pol=0.40
[20:47:43] [ep11|s1990]  rw=-5.056  cd=-10.265  reg=5.209  │  e+=-4.87(±0.607)  e-=+5.29(±0.032)  sep=46.9  │  fm_e=+5.3  fm=ON  fb=100%  │  ∇rw=4.91  ∇pol=0.56
[20:48:25] [ep11|s2000]  rw=-5.080  cd=-10.232  reg=5.151  │  e+=-5.04(±0.802)  e-=+5.04(±0.027)  sep=49.3  │  fm_e=+5.0  fm=ON  fb=100%  │  ∇rw=2.00  ∇pol=0.24
[20:49:08] [ep11|s2010]  rw=-5.086  cd=-10.366  reg=5.280  │  e+=-5.30(±0.340)  e-=+4.96(±0.018)  sep=56.0  │  fm_e=+5.0  fm=ON  fb=100%  │  ∇rw=2.49  ∇pol=0.53
[20:49:50] [ep11|s2020]  rw=-5.612  cd=-10.923  reg=5.312  │  e+=-5.09(±1.415)  e-=+5.02(±0.036)  sep=24.1  │  fm_e=+5.0  fm=ON  fb=100%  │  ∇rw=3.51  ∇pol=0.28
[20:50:32] [ep11|s2030]  rw=-5.086  cd=-9.844  reg=4.758  │  e+=-4.81(±0.487)  e-=+4.92(±0.046)  sep=30.8  │  fm_e=+4.9  fm=ON  fb=100%  │  ∇rw=3.87  ∇pol=0.33
[20:51:15] [ep11|s2040]  rw=-4.953  cd=-10.825  reg=5.872  │  e+=-5.72(±0.382)  e-=+5.08(±0.023)  sep=36.2  │  fm_e=+5.1  fm=ON  fb=100%  │  ∇rw=9.38  ∇pol=0.52
[20:51:57] [ep11|s2050]  rw=-5.209  cd=-9.956  reg=4.746  │  e+=-4.71(±0.616)  e-=+4.99(±0.039)  sep=60.3  │  fm_e=+5.0  fm=ON  fb=100%  │  ∇rw=2.94  ∇pol=0.43
[20:52:39] [ep11|s2060]  rw=-5.009  cd=-9.472  reg=4.463  │  e+=-4.65(±0.348)  e-=+4.78(±0.016)  sep=50.0  │  fm_e=+4.8  fm=ON  fb=100%  │  ∇rw=5.97  ∇pol=0.40
[20:53:22] [ep11|s2070]  rw=-4.991  cd=-9.980  reg=4.989  │  e+=-4.93(±0.210)  e-=+5.05(±0.047)  sep=45.5  │  fm_e=+5.0  fm=ON  fb=100%  │  ∇rw=2.62  ∇pol=4.37
[20:54:04] [ep11|s2080]  rw=-4.949  cd=-11.173  reg=6.225  │  e+=-6.04(±0.393)  e-=+5.05(±0.017)  sep=42.0  │  fm_e=+5.1  fm=ON  fb=100%  │  ∇rw=9.79  ∇pol=0.76
[20:54:46] [ep11|s2090]  rw=-4.964  cd=-9.979  reg=5.014  │  e+=-5.00(±0.320)  e-=+5.00(±0.049)  sep=56.0  │  fm_e=+5.0  fm=ON  fb=100%  │  ∇rw=6.13  ∇pol=0.30
[20:54:47] ══════════ VAL ep11 ══════════  ρ=+0.2026 (p=0.0069) [PASS ✓]  AUROC(E)=0.5826  ECE=0.7969  N=177
[20:54:47]   ckpt saved → ckpt_epoch0011.pt
[20:54:47] ──────────────────── Epoch 12/30 ────────────────────
[20:55:30] [ep12|s2100]  rw=-5.092  cd=-10.292  reg=5.201  │  e+=-5.16(±0.473)  e-=+5.02(±0.025)  sep=66.5  │  fm_e=+5.0  fm=ON  fb=100%  │  ∇rw=2.27  ∇pol=0.42
[20:56:12] [ep12|s2110]  rw=-5.051  cd=-9.979  reg=4.928  │  e+=-4.94(±0.303)  e-=+4.98(±0.032)  sep=67.9  │  fm_e=+5.0  fm=ON  fb=100%  │  ∇rw=1.68  ∇pol=9.23
[20:56:54] [ep12|s2120]  rw=-4.866  cd=-11.021  reg=6.156  │  e+=-5.90(±0.495)  e-=+5.14(±0.028)  sep=40.6  │  fm_e=+5.1  fm=ON  fb=100%  │  ∇rw=4.83  ∇pol=0.39
[20:57:37] [ep12|s2130]  rw=-4.968  cd=-9.257  reg=4.289  │  e+=-4.19(±0.418)  e-=+5.02(±0.015)  sep=44.9  │  fm_e=+5.0  fm=ON  fb=100%  │  ∇rw=13.35  ∇pol=0.59
[20:58:19] [ep12|s2140]  rw=-4.912  cd=-9.866  reg=4.954  │  e+=-4.91(±0.596)  e-=+5.00(±0.022)  sep=58.2  │  fm_e=+5.0  fm=ON  fb=100%  │  ∇rw=1.96  ∇pol=0.54
[20:59:01] [ep12|s2150]  rw=-5.032  cd=-9.670  reg=4.639  │  e+=-4.58(±0.509)  e-=+5.01(±0.020)  sep=87.2  │  fm_e=+5.0  fm=ON  fb=100%  │  ∇rw=6.26  ∇pol=0.51
[20:59:44] [ep12|s2160]  rw=-4.937  cd=-9.625  reg=4.689  │  e+=-4.63(±0.409)  e-=+5.03(±0.008)  sep=68.3  │  fm_e=+5.0  fm=ON  fb=100%  │  ∇rw=3.32  ∇pol=0.36
[21:00:26] [ep12|s2170]  rw=-4.932  cd=-10.368  reg=5.437  │  e+=-5.43(±0.596)  e-=+4.96(±0.029)  sep=43.4  │  fm_e=+5.0  fm=ON  fb=100%  │  ∇rw=3.95  ∇pol=0.35
[21:01:08] [ep12|s2180]  rw=-5.008  cd=-10.259  reg=5.251  │  e+=-5.14(±0.259)  e-=+5.10(±0.010)  sep=93.2  │  fm_e=+5.1  fm=ON  fb=100%  │  ∇rw=4.32  ∇pol=0.54
[21:01:51] [ep12|s2190]  rw=-5.071  cd=-10.332  reg=5.261  │  e+=-5.30(±0.197)  e-=+4.94(±0.022)  sep=67.2  │  fm_e=+4.9  fm=ON  fb=100%  │  ∇rw=4.37  ∇pol=0.56
[21:02:33] [ep12|s2200]  rw=-4.955  cd=-10.410  reg=5.455  │  e+=-5.62(±0.169)  e-=+4.79(±0.014)  sep=64.5  │  fm_e=+4.8  fm=ON  fb=100%  │  ∇rw=6.13  ∇pol=0.54
[21:03:15] [ep12|s2210]  rw=-5.105  cd=-9.342  reg=4.237  │  e+=-4.15(±0.568)  e-=+4.99(±0.021)  sep=43.4  │  fm_e=+5.0  fm=ON  fb=100%  │  ∇rw=7.97  ∇pol=0.42
[21:03:58] [ep12|s2220]  rw=-5.035  cd=-9.944  reg=4.909  │  e+=-4.91(±0.276)  e-=+4.98(±0.029)  sep=43.0  │  fm_e=+5.0  fm=ON  fb=100%  │  ∇rw=2.36  ∇pol=0.46
[21:04:40] [ep12|s2230]  rw=-5.050  cd=-9.975  reg=4.925  │  e+=-4.93(±0.229)  e-=+4.99(±0.012)  sep=48.4  │  fm_e=+5.0  fm=ON  fb=100%  │  ∇rw=6.94  ∇pol=0.70
[21:05:22] [ep12|s2240]  rw=-5.104  cd=-9.583  reg=4.480  │  e+=-4.51(±0.418)  e-=+4.93(±0.019)  sep=38.3  │  fm_e=+4.9  fm=ON  fb=100%  │  ∇rw=1.64  ∇pol=0.33
[21:06:05] [ep12|s2250]  rw=-4.900  cd=-9.074  reg=4.174  │  e+=-4.38(±1.137)  e-=+4.61(±0.011)  sep=34.6  │  fm_e=+4.6  fm=ON  fb=100%  │  ∇rw=6.94  ∇pol=0.35
[21:06:47] [ep12|s2260]  rw=-4.976  cd=-10.255  reg=5.279  │  e+=-5.42(±0.265)  e-=+4.83(±0.011)  sep=44.2  │  fm_e=+4.8  fm=ON  fb=100%  │  ∇rw=7.35  ∇pol=0.39
[21:07:29] [ep12|s2270]  rw=-5.077  cd=-10.205  reg=5.128  │  e+=-5.01(±0.927)  e-=+5.03(±0.020)  sep=45.7  │  fm_e=+5.0  fm=ON  fb=100%  │  ∇rw=2.19  ∇pol=0.35
[21:08:12] [ep12|s2280]  rw=-5.307  cd=-10.280  reg=4.973  │  e+=-5.00(±1.166)  e-=+4.83(±0.007)  sep=26.5  │  fm_e=+4.8  fm=ON  fb=100%  │  ∇rw=3.31  ∇pol=0.36
[21:08:12] ══════════ VAL ep12 ══════════  ρ=+0.2289 (p=0.0022) [PASS ✓]  AUROC(E)=0.6212  ECE=0.7943  N=177
[21:08:12]   ckpt saved → ckpt_epoch0012.pt
[21:08:12] ──────────────────── Epoch 13/30 ────────────────────
[21:08:55] [ep13|s2290]  rw=-5.041  cd=-10.101  reg=5.061  │  e+=-5.06(±0.162)  e-=+5.00(±0.010)  sep=53.5  │  fm_e=+5.0  fm=ON  fb=100%  │  ∇rw=1.71  ∇pol=0.25
[21:09:37] [ep13|s2300]  rw=-4.984  cd=-10.216  reg=5.232  │  e+=-5.20(±0.343)  e-=+5.01(±0.009)  sep=70.8  │  fm_e=+5.0  fm=ON  fb=100%  │  ∇rw=1.70  ∇pol=0.40
[21:10:20] [ep13|s2310]  rw=-4.987  cd=-10.155  reg=5.168  │  e+=-5.18(±0.124)  e-=+4.98(±0.013)  sep=64.3  │  fm_e=+5.0  fm=ON  fb=100%  │  ∇rw=1.39  ∇pol=0.50
[21:11:02] [ep13|s2320]  rw=-5.022  cd=-9.922  reg=4.900  │  e+=-4.88(±0.375)  e-=+5.00(±0.011)  sep=87.7  │  fm_e=+5.0  fm=ON  fb=100%  │  ∇rw=3.10  ∇pol=0.38
[21:11:44] [ep13|s2330]  rw=-5.064  cd=-10.692  reg=5.628  │  e+=-5.77(±0.440)  e-=+4.77(±0.003)  sep=68.7  │  fm_e=+4.8  fm=ON  fb=100%  │  ∇rw=8.91  ∇pol=0.36
[21:12:26] [ep13|s2340]  rw=-5.012  cd=-10.549  reg=5.537  │  e+=-5.48(±0.607)  e-=+5.00(±0.027)  sep=46.0  │  fm_e=+5.0  fm=ON  fb=100%  │  ∇rw=2.85  ∇pol=0.40
[21:13:09] [ep13|s2350]  rw=-4.951  cd=-9.719  reg=4.767  │  e+=-4.70(±0.191)  e-=+5.05(±0.014)  sep=51.5  │  fm_e=+5.1  fm=ON  fb=100%  │  ∇rw=4.23  ∇pol=0.51
[21:13:51] [ep13|s2360]  rw=-4.928  cd=-9.913  reg=4.985  │  e+=-4.96(±0.611)  e-=+4.99(±0.016)  sep=45.4  │  fm_e=+5.0  fm=ON  fb=100%  │  ∇rw=3.51  ∇pol=0.54
[21:14:33] [ep13|s2370]  rw=-5.013  cd=-9.785  reg=4.771  │  e+=-4.70(±1.380)  e-=+4.86(±0.034)  sep=30.0  │  fm_e=+4.9  fm=ON  fb=100%  │  ∇rw=5.91  ∇pol=0.37
[21:15:16] [ep13|s2380]  rw=-5.053  cd=-10.059  reg=5.006  │  e+=-4.92(±0.492)  e-=+5.06(±0.017)  sep=29.3  │  fm_e=+5.1  fm=ON  fb=100%  │  ∇rw=2.67  ∇pol=0.54
[21:15:58] [ep13|s2390]  rw=-5.108  cd=-10.101  reg=4.994  │  e+=-4.97(±0.652)  e-=+4.98(±0.009)  sep=48.4  │  fm_e=+5.0  fm=ON  fb=100%  │  ∇rw=1.59  ∇pol=0.34
[21:16:40] [ep13|s2400]  rw=-4.828  cd=-10.823  reg=5.995  │  e+=-5.47(±1.024)  e-=+5.37(±0.041)  sep=29.0  │  fm_e=+5.4  fm=ON  fb=100%  │  ∇rw=12.09  ∇pol=0.48
[21:17:22] [ep13|s2410]  rw=-5.019  cd=-10.058  reg=5.039  │  e+=-5.02(±0.593)  e-=+4.98(±0.008)  sep=29.1  │  fm_e=+5.0  fm=ON  fb=100%  │  ∇rw=1.69  ∇pol=0.39
[21:18:05] [ep13|s2420]  rw=-4.991  cd=-10.496  reg=5.505  │  e+=-5.40(±0.282)  e-=+5.08(±0.010)  sep=50.8  │  fm_e=+5.1  fm=ON  fb=100%  │  ∇rw=5.24  ∇pol=0.55
[21:18:47] [ep13|s2430]  rw=-4.958  cd=-10.354  reg=5.396  │  e+=-5.45(±0.162)  e-=+4.92(±0.018)  sep=59.4  │  fm_e=+4.9  fm=ON  fb=100%  │  ∇rw=3.27  ∇pol=0.41
[21:19:29] [ep13|s2440]  rw=-4.986  cd=-10.025  reg=5.039  │  e+=-5.03(±0.218)  e-=+5.00(±0.021)  sep=61.3  │  fm_e=+5.0  fm=ON  fb=100%  │  ∇rw=1.37  ∇pol=0.44
[21:20:12] [ep13|s2450]  rw=-5.163  cd=-9.776  reg=4.612  │  e+=-4.57(±0.614)  e-=+4.99(±0.021)  sep=73.0  │  fm_e=+5.0  fm=ON  fb=100%  │  ∇rw=3.88  ∇pol=0.40
[21:20:54] [ep13|s2460]  rw=-4.874  cd=-9.014  reg=4.140  │  e+=-4.05(±0.398)  e-=+4.98(±0.019)  sep=50.4  │  fm_e=+5.0  fm=ON  fb=100%  │  ∇rw=3.72  ∇pol=0.37
[21:21:36] [ep13|s2470]  rw=-4.968  cd=-9.726  reg=4.759  │  e+=-4.68(±0.360)  e-=+5.05(±0.019)  sep=53.0  │  fm_e=+5.1  fm=ON  fb=100%  │  ∇rw=4.09  ∇pol=0.39
[21:21:37] ══════════ VAL ep13 ══════════  ρ=+0.2450 (p=0.0010) [PASS ✓]  AUROC(E)=0.7234  ECE=0.7944  N=177
[21:21:37]   ckpt saved → ckpt_epoch0013.pt
[21:21:37] ──────────────────── Epoch 14/30 ────────────────────
[21:22:20] [ep14|s2480]  rw=-5.117  cd=-10.766  reg=5.649  │  e+=-5.58(±0.713)  e-=+4.98(±0.011)  sep=38.7  │  fm_e=+5.0  fm=ON  fb=100%  │  ∇rw=5.26  ∇pol=0.28
[21:23:02] [ep14|s2490]  rw=-4.928  cd=-11.041  reg=6.113  │  e+=-5.98(±0.321)  e-=+5.03(±0.030)  sep=30.8  │  fm_e=+5.0  fm=ON  fb=100%  │  ∇rw=5.73  ∇pol=0.33
[21:23:44] [ep14|s2500]  rw=-5.148  cd=-9.817  reg=4.670  │  e+=-4.53(±0.477)  e-=+5.09(±0.012)  sep=82.9  │  fm_e=+5.1  fm=ON  fb=100%  │  ∇rw=4.63  ∇pol=0.36
[21:24:27] [ep14|s2510]  rw=-5.461  cd=-10.970  reg=5.509  │  e+=-5.37(±1.397)  e-=+4.93(±0.013)  sep=47.3  │  fm_e=+4.9  fm=ON  fb=100%  │  ∇rw=4.39  ∇pol=0.44
[21:25:09] [ep14|s2520]  rw=-5.104  cd=-9.861  reg=4.758  │  e+=-4.72(±0.664)  e-=+4.99(±0.014)  sep=43.6  │  fm_e=+5.0  fm=ON  fb=100%  │  ∇rw=3.62  ∇pol=0.30
[21:25:51] [ep14|s2530]  rw=-4.995  cd=-10.315  reg=5.319  │  e+=-5.34(±0.052)  e-=+4.97(±0.032)  sep=75.1  │  fm_e=+5.0  fm=ON  fb=100%  │  ∇rw=4.96  ∇pol=0.50
[21:26:33] [ep14|s2540]  rw=-4.964  cd=-9.743  reg=4.779  │  e+=-4.77(±0.365)  e-=+4.99(±0.035)  sep=31.6  │  fm_e=+5.0  fm=ON  fb=100%  │  ∇rw=2.13  ∇pol=0.38
[21:27:16] [ep14|s2550]  rw=-4.706  cd=-9.621  reg=4.915  │  e+=-4.77(±0.885)  e-=+5.06(±0.032)  sep=27.2  │  fm_e=+5.1  fm=ON  fb=100%  │  ∇rw=2.68  ∇pol=0.52
[21:27:58] [ep14|s2560]  rw=-4.974  cd=-10.154  reg=5.180  │  e+=-5.13(±0.697)  e-=+5.00(±0.025)  sep=56.3  │  fm_e=+5.0  fm=ON  fb=100%  │  ∇rw=5.57  ∇pol=0.34
[21:28:41] [ep14|s2570]  rw=-4.923  cd=-10.077  reg=5.154  │  e+=-5.06(±0.910)  e-=+5.01(±0.018)  sep=46.6  │  fm_e=+5.0  fm=ON  fb=100%  │  ∇rw=4.38  ∇pol=0.30
[21:29:23] [ep14|s2580]  rw=-4.833  cd=-9.233  reg=4.400  │  e+=-4.17(±0.708)  e-=+5.11(±0.023)  sep=55.5  │  fm_e=+5.1  fm=ON  fb=100%  │  ∇rw=7.58  ∇pol=0.48
[21:30:05] [ep14|s2590]  rw=-5.075  cd=-10.338  reg=5.263  │  e+=-5.19(±0.811)  e-=+5.00(±0.018)  sep=45.3  │  fm_e=+5.0  fm=ON  fb=100%  │  ∇rw=6.00  ∇pol=0.43
[21:30:48] [ep14|s2600]  rw=-5.140  cd=-9.423  reg=4.283  │  e+=-4.17(±0.899)  e-=+4.97(±0.022)  sep=35.0  │  fm_e=+5.0  fm=ON  fb=100%  │  ∇rw=1.77  ∇pol=0.37
[21:31:30] [ep14|s2610]  rw=-4.797  cd=-8.792  reg=3.995  │  e+=-3.77(±0.766)  e-=+5.01(±0.014)  sep=30.6  │  fm_e=+5.0  fm=ON  fb=100%  │  ∇rw=6.82  ∇pol=0.40
[21:32:12] [ep14|s2620]  rw=-4.592  cd=-8.894  reg=4.302  │  e+=-4.17(±0.603)  e-=+5.02(±0.015)  sep=78.2  │  fm_e=+5.0  fm=ON  fb=100%  │  ∇rw=2.94  ∇pol=0.54
[21:32:55] [ep14|s2630]  rw=-5.005  cd=-10.304  reg=5.299  │  e+=-5.29(±0.427)  e-=+4.98(±0.006)  sep=57.6  │  fm_e=+5.0  fm=ON  fb=100%  │  ∇rw=1.69  ∇pol=0.34
[21:33:37] [ep14|s2640]  rw=-5.012  cd=-10.110  reg=5.098  │  e+=-5.09(±0.288)  e-=+5.00(±0.020)  sep=76.0  │  fm_e=+5.0  fm=ON  fb=100%  │  ∇rw=1.54  ∇pol=0.41
[21:34:19] [ep14|s2650]  rw=-4.882  cd=-9.971  reg=5.089  │  e+=-5.09(±0.411)  e-=+4.99(±0.008)  sep=54.6  │  fm_e=+5.0  fm=ON  fb=100%  │  ∇rw=1.04  ∇pol=0.31
[21:35:02] [ep14|s2660]  rw=-5.001  cd=-9.824  reg=4.823  │  e+=-4.83(±0.105)  e-=+4.99(±0.009)  sep=92.5  │  fm_e=+5.0  fm=ON  fb=100%  │  ∇rw=4.06  ∇pol=0.29
[21:35:02] ══════════ VAL ep14 ══════════  ρ=+0.1179 (p=0.1182) [FAIL ✗]  AUROC(E)=0.5532  ECE=0.7932  N=177
[21:35:03]   ckpt saved → ckpt_epoch0014.pt
[21:35:03] ──────────────────── Epoch 15/30 ────────────────────
[21:35:45] [ep15|s2670]  rw=-4.954  cd=-9.457  reg=4.502  │  e+=-4.48(±0.097)  e-=+5.00(±0.015)  sep=85.3  │  fm_e=+5.0  fm=ON  fb=100%  │  ∇rw=3.48  ∇pol=0.35
[21:36:27] [ep15|s2680]  rw=-5.049  cd=-10.075  reg=5.026  │  e+=-4.95(±0.433)  e-=+5.06(±0.018)  sep=61.7  │  fm_e=+5.1  fm=ON  fb=100%  │  ∇rw=2.61  ∇pol=0.30
[21:37:09] [ep15|s2690]  rw=-4.983  cd=-9.835  reg=4.853  │  e+=-4.65(±0.157)  e-=+5.18(±0.020)  sep=69.9  │  fm_e=+5.2  fm=ON  fb=100%  │  ∇rw=5.12  ∇pol=0.40
[21:37:52] [ep15|s2700]  rw=-4.978  cd=-10.434  reg=5.457  │  e+=-5.53(±0.260)  e-=+4.89(±0.012)  sep=63.2  │  fm_e=+4.9  fm=ON  fb=100%  │  ∇rw=6.39  ∇pol=0.37
[21:38:34] [ep15|s2710]  rw=-4.983  cd=-9.795  reg=4.812  │  e+=-4.82(±0.128)  e-=+4.99(±0.014)  sep=61.2  │  fm_e=+5.0  fm=ON  fb=100%  │  ∇rw=2.39  ∇pol=4.20
[21:39:17] [ep15|s2720]  rw=-4.912  cd=-10.449  reg=5.538  │  e+=-5.54(±0.259)  e-=+4.96(±0.012)  sep=64.7  │  fm_e=+5.0  fm=ON  fb=100%  │  ∇rw=2.66  ∇pol=0.55
[21:39:59] [ep15|s2730]  rw=-4.661  cd=-10.037  reg=5.376  │  e+=-5.24(±1.078)  e-=+5.01(±0.018)  sep=29.8  │  fm_e=+5.0  fm=ON  fb=100%  │  ∇rw=4.30  ∇pol=0.26
[21:40:41] [ep15|s2740]  rw=-5.100  cd=-9.938  reg=4.838  │  e+=-4.82(±0.573)  e-=+4.98(±0.009)  sep=47.9  │  fm_e=+5.0  fm=ON  fb=100%  │  ∇rw=1.77  ∇pol=0.36
[21:41:23] [ep15|s2750]  rw=-4.938  cd=-9.549  reg=4.611  │  e+=-4.67(±0.586)  e-=+4.89(±0.017)  sep=27.7  │  fm_e=+4.9  fm=ON  fb=100%  │  ∇rw=1.76  ∇pol=0.32
[21:42:06] [ep15|s2760]  rw=-5.048  cd=-10.373  reg=5.326  │  e+=-5.34(±0.321)  e-=+4.97(±0.010)  sep=45.9  │  fm_e=+5.0  fm=ON  fb=100%  │  ∇rw=3.43  ∇pol=0.46
[21:42:48] [ep15|s2770]  rw=-4.960  cd=-9.809  reg=4.849  │  e+=-4.78(±0.262)  e-=+5.06(±0.014)  sep=50.8  │  fm_e=+5.0  fm=ON  fb=100%  │  ∇rw=4.11  ∇pol=0.28
[21:43:30] [ep15|s2780]  rw=-4.984  cd=-10.468  reg=5.484  │  e+=-5.53(±0.296)  e-=+4.92(±0.009)  sep=68.2  │  fm_e=+4.9  fm=ON  fb=100%  │  ∇rw=3.73  ∇pol=0.38
[21:44:13] [ep15|s2790]  rw=-5.022  cd=-10.111  reg=5.089  │  e+=-5.07(±0.354)  e-=+5.00(±0.011)  sep=77.3  │  fm_e=+5.0  fm=ON  fb=100%  │  ∇rw=4.08  ∇pol=0.52
[21:44:55] [ep15|s2800]  rw=-5.110  cd=-9.724  reg=4.615  │  e+=-4.57(±0.442)  e-=+5.00(±0.026)  sep=49.2  │  fm_e=+5.0  fm=ON  fb=100%  │  ∇rw=2.31  ∇pol=0.50
[21:45:37] [ep15|s2810]  rw=-4.984  cd=-10.148  reg=5.164  │  e+=-5.12(±0.512)  e-=+5.01(±0.013)  sep=50.1  │  fm_e=+5.0  fm=ON  fb=100%  │  ∇rw=2.22  ∇pol=0.58
[21:46:20] [ep15|s2820]  rw=-5.021  cd=-10.460  reg=5.438  │  e+=-5.40(±0.381)  e-=+5.01(±0.020)  sep=45.5  │  fm_e=+5.0  fm=ON  fb=100%  │  ∇rw=2.27  ∇pol=0.56
[21:47:02] [ep15|s2830]  rw=-5.025  cd=-10.476  reg=5.452  │  e+=-5.28(±0.939)  e-=+5.08(±0.014)  sep=41.3  │  fm_e=+5.1  fm=ON  fb=100%  │  ∇rw=2.89  ∇pol=0.37
[21:47:44] [ep15|s2840]  rw=-4.972  cd=-9.923  reg=4.951  │  e+=-4.91(±0.507)  e-=+5.01(±0.014)  sep=38.2  │  fm_e=+5.0  fm=ON  fb=100%  │  ∇rw=3.18  ∇pol=0.27
[21:48:27] [ep15|s2850]  rw=-5.021  cd=-10.354  reg=5.334  │  e+=-5.32(±0.310)  e-=+4.99(±0.023)  sep=57.2  │  fm_e=+5.0  fm=ON  fb=100%  │  ∇rw=3.55  ∇pol=0.29
[21:48:27] ══════════ VAL ep15 ══════════  ρ=+0.2501 (p=0.0008) [PASS ✓]  AUROC(E)=0.6671  ECE=0.7969  N=177
[21:48:27]   ckpt saved → ckpt_epoch0015.pt
[21:48:27] ──────────────────── Epoch 16/30 ────────────────────
[21:49:10] [ep16|s2860]  rw=-5.028  cd=-10.128  reg=5.101  │  e+=-5.06(±0.289)  e-=+5.03(±0.019)  sep=72.3  │  fm_e=+5.0  fm=ON  fb=100%  │  ∇rw=1.90  ∇pol=0.22
[21:49:52] [ep16|s2870]  rw=-4.928  cd=-9.958  reg=5.030  │  e+=-5.02(±0.275)  e-=+5.01(±0.012)  sep=66.6  │  fm_e=+5.0  fm=ON  fb=100%  │  ∇rw=1.46  ∇pol=0.49
[21:50:34] [ep16|s2880]  rw=-5.291  cd=-10.018  reg=4.726  │  e+=-4.61(±0.647)  e-=+5.06(±0.013)  sep=34.7  │  fm_e=+5.1  fm=ON  fb=100%  │  ∇rw=4.25  ∇pol=2.74
[21:51:17] [ep16|s2890]  rw=-5.131  cd=-10.110  reg=4.979  │  e+=-5.09(±0.648)  e-=+4.84(±0.031)  sep=32.2  │  fm_e=+4.8  fm=ON  fb=100%  │  ∇rw=3.75  ∇pol=0.51
[21:51:59] [ep16|s2900]  rw=-4.993  cd=-9.558  reg=4.565  │  e+=-4.68(±0.152)  e-=+4.87(±0.012)  sep=45.4  │  fm_e=+4.9  fm=ON  fb=100%  │  ∇rw=5.76  ∇pol=0.49
[21:52:41] [ep16|s2910]  rw=-5.340  cd=-10.965  reg=5.625  │  e+=-5.42(±1.407)  e-=+4.99(±0.019)  sep=30.7  │  fm_e=+5.0  fm=ON  fb=100%  │  ∇rw=5.51  ∇pol=0.36
[21:53:24] [ep16|s2920]  rw=-5.221  cd=-9.798  reg=4.577  │  e+=-4.45(±0.514)  e-=+5.07(±0.016)  sep=50.9  │  fm_e=+5.1  fm=ON  fb=100%  │  ∇rw=11.90  ∇pol=0.25
[21:54:06] [ep16|s2930]  rw=-4.973  cd=-10.170  reg=5.197  │  e+=-5.08(±0.445)  e-=+5.09(±0.018)  sep=63.0  │  fm_e=+5.1  fm=ON  fb=100%  │  ∇rw=2.47  ∇pol=0.44
[21:54:48] [ep16|s2940]  rw=-5.195  cd=-10.418  reg=5.223  │  e+=-5.17(±0.593)  e-=+5.02(±0.011)  sep=69.8  │  fm_e=+5.0  fm=ON  fb=100%  │  ∇rw=2.39  ∇pol=0.50
[21:55:31] [ep16|s2950]  rw=-4.899  cd=-10.811  reg=5.912  │  e+=-5.91(±0.254)  e-=+4.91(±0.036)  sep=50.0  │  fm_e=+4.9  fm=ON  fb=100%  │  ∇rw=9.64  ∇pol=0.28
[21:56:13] [ep16|s2960]  rw=-5.058  cd=-10.248  reg=5.190  │  e+=-5.14(±0.185)  e-=+5.05(±0.047)  sep=68.8  │  fm_e=+5.0  fm=ON  fb=100%  │  ∇rw=1.34  ∇pol=0.39
[21:56:55] [ep16|s2970]  rw=-4.888  cd=-9.874  reg=4.985  │  e+=-4.97(±0.477)  e-=+4.99(±0.017)  sep=48.3  │  fm_e=+5.0  fm=ON  fb=100%  │  ∇rw=4.69  ∇pol=0.42
[21:57:38] [ep16|s2980]  rw=-5.032  cd=-9.929  reg=4.897  │  e+=-4.94(±0.245)  e-=+4.95(±0.027)  sep=51.8  │  fm_e=+4.9  fm=ON  fb=100%  │  ∇rw=2.02  ∇pol=0.38
[21:58:20] [ep16|s2990]  rw=-5.103  cd=-9.988  reg=4.884  │  e+=-4.78(±0.982)  e-=+5.00(±0.052)  sep=42.7  │  fm_e=+5.0  fm=ON  fb=100%  │  ∇rw=2.38  ∇pol=0.33
[21:59:03] [ep16|s3000]  rw=-4.705  cd=-9.059  reg=4.355  │  e+=-4.21(±0.614)  e-=+5.04(±0.012)  sep=39.6  │  fm_e=+5.0  fm=ON  fb=100%  │  ∇rw=5.64  ∇pol=0.54
[21:59:45] [ep16|s3010]  rw=-4.952  cd=-10.329  reg=5.377  │  e+=-5.34(±0.570)  e-=+4.99(±0.015)  sep=49.3  │  fm_e=+5.0  fm=ON  fb=100%  │  ∇rw=3.13  ∇pol=0.45
[22:00:27] [ep16|s3020]  rw=-4.839  cd=-10.229  reg=5.391  │  e+=-5.17(±1.472)  e-=+5.00(±0.023)  sep=32.4  │  fm_e=+5.0  fm=ON  fb=100%  │  ∇rw=5.63  ∇pol=0.43
[22:01:09] [ep16|s3030]  rw=-4.958  cd=-10.007  reg=5.049  │  e+=-5.03(±0.181)  e-=+5.01(±0.018)  sep=69.1  │  fm_e=+5.0  fm=ON  fb=100%  │  ∇rw=1.84  ∇pol=0.34
[22:01:52] [ep16|s3040]  rw=-4.993  cd=-10.640  reg=5.646  │  e+=-5.52(±0.564)  e-=+5.07(±0.018)  sep=52.3  │  fm_e=+5.1  fm=ON  fb=100%  │  ∇rw=5.67  ∇pol=0.49
[22:01:52] ══════════ VAL ep16 ══════════  ρ=+0.2165 (p=0.0038) [PASS ✓]  AUROC(E)=0.6796  ECE=0.7974  N=177
[22:01:52]   ckpt saved → ckpt_epoch0016.pt
[22:01:52] ──────────────────── Epoch 17/30 ────────────────────
[22:02:35] [ep17|s3050]  rw=-5.004  cd=-10.838  reg=5.834  │  e+=-5.65(±0.224)  e-=+5.13(±0.024)  sep=45.8  │  fm_e=+5.1  fm=ON  fb=100%  │  ∇rw=5.14  ∇pol=0.53
[22:03:17] [ep17|s3060]  rw=-4.899  cd=-9.939  reg=5.041  │  e+=-5.03(±0.433)  e-=+4.99(±0.011)  sep=53.4  │  fm_e=+5.0  fm=ON  fb=100%  │  ∇rw=2.90  ∇pol=0.34
[22:04:00] [ep17|s3070]  rw=-5.049  cd=-10.308  reg=5.260  │  e+=-5.22(±0.476)  e-=+5.02(±0.013)  sep=67.5  │  fm_e=+5.0  fm=ON  fb=100%  │  ∇rw=1.28  ∇pol=0.49
[22:04:42] [ep17|s3080]  rw=-4.916  cd=-10.604  reg=5.688  │  e+=-5.68(±0.364)  e-=+4.95(±0.075)  sep=44.6  │  fm_e=+5.0  fm=ON  fb=100%  │  ∇rw=5.28  ∇pol=0.28
[22:05:24] [ep17|s3090]  rw=-4.985  cd=-9.926  reg=4.941  │  e+=-5.00(±0.454)  e-=+4.92(±0.013)  sep=46.4  │  fm_e=+4.9  fm=ON  fb=100%  │  ∇rw=3.95  ∇pol=1.28
[22:06:07] [ep17|s3100]  rw=-5.058  cd=-10.639  reg=5.581  │  e+=-5.84(±0.752)  e-=+4.57(±0.244)  sep=22.5  │  fm_e=+4.6  fm=ON  fb=100%  │  ∇rw=28.57  ∇pol=0.40
[22:06:49] [ep17|s3110]  rw=-4.977  cd=-9.984  reg=5.007  │  e+=-5.02(±0.505)  e-=+4.96(±0.016)  sep=34.9  │  fm_e=+5.0  fm=ON  fb=100%  │  ∇rw=3.28  ∇pol=0.24
[22:07:31] [ep17|s3120]  rw=-4.854  cd=-9.297  reg=4.442  │  e+=-4.34(±0.487)  e-=+5.04(±0.014)  sep=45.8  │  fm_e=+5.0  fm=ON  fb=100%  │  ∇rw=8.57  ∇pol=0.36
[22:08:14] [ep17|s3130]  rw=-5.079  cd=-10.469  reg=5.390  │  e+=-5.32(±0.476)  e-=+5.04(±0.020)  sep=54.0  │  fm_e=+5.0  fm=ON  fb=100%  │  ∇rw=1.54  ∇pol=0.29
[22:08:56] [ep17|s3140]  rw=-5.040  cd=-10.849  reg=5.809  │  e+=-5.65(±0.765)  e-=+5.06(±0.013)  sep=46.1  │  fm_e=+5.1  fm=ON  fb=100%  │  ∇rw=11.45  ∇pol=0.41
[22:09:38] [ep17|s3150]  rw=-5.044  cd=-10.137  reg=5.094  │  e+=-5.05(±0.207)  e-=+5.04(±0.009)  sep=53.3  │  fm_e=+5.0  fm=ON  fb=100%  │  ∇rw=2.51  ∇pol=0.48
[22:10:21] [ep17|s3160]  rw=-5.086  cd=-9.813  reg=4.727  │  e+=-5.10(±0.763)  e-=+4.54(±0.011)  sep=35.6  │  fm_e=+4.5  fm=ON  fb=100%  │  ∇rw=6.88  ∇pol=0.41
[22:11:03] [ep17|s3170]  rw=-4.963  cd=-9.080  reg=4.116  │  e+=-4.03(±0.671)  e-=+4.95(±0.017)  sep=50.3  │  fm_e=+4.9  fm=ON  fb=100%  │  ∇rw=8.19  ∇pol=0.66
[22:11:46] [ep17|s3180]  rw=-5.001  cd=-9.992  reg=4.990  │  e+=-4.84(±1.094)  e-=+5.03(±0.017)  sep=36.8  │  fm_e=+5.0  fm=ON  fb=100%  │  ∇rw=5.89  ∇pol=0.28
[22:12:28] [ep17|s3190]  rw=-4.999  cd=-9.763  reg=4.765  │  e+=-4.72(±0.690)  e-=+4.99(±0.011)  sep=43.3  │  fm_e=+5.0  fm=ON  fb=100%  │  ∇rw=2.05  ∇pol=0.59
[22:13:10] [ep17|s3200]  rw=-4.998  cd=-10.303  reg=5.305  │  e+=-5.22(±0.827)  e-=+5.01(±0.017)  sep=37.1  │  fm_e=+5.0  fm=ON  fb=100%  │  ∇rw=4.58  ∇pol=0.30
[22:13:53] [ep17|s3210]  rw=-5.035  cd=-9.412  reg=4.377  │  e+=-4.32(±0.394)  e-=+5.00(±0.012)  sep=53.6  │  fm_e=+5.0  fm=ON  fb=100%  │  ∇rw=4.71  ∇pol=0.43
[22:14:35] [ep17|s3220]  rw=-5.130  cd=-10.314  reg=5.185  │  e+=-5.09(±0.918)  e-=+5.01(±0.020)  sep=60.9  │  fm_e=+5.0  fm=ON  fb=100%  │  ∇rw=1.24  ∇pol=0.35
[22:15:18] [ep17|s3230]  rw=-4.742  cd=-10.301  reg=5.559  │  e+=-5.42(±0.923)  e-=+5.04(±0.033)  sep=41.5  │  fm_e=+5.0  fm=ON  fb=100%  │  ∇rw=4.32  ∇pol=0.47
[22:15:18] ══════════ VAL ep17 ══════════  ρ=+0.2455 (p=0.0010) [PASS ✓]  AUROC(E)=0.5973  ECE=0.7931  N=177
[22:15:18]   ckpt saved → ckpt_epoch0017.pt
[22:15:18] ──────────────────── Epoch 18/30 ────────────────────
[22:16:01] [ep18|s3240]  rw=-5.017  cd=-10.401  reg=5.384  │  e+=-5.36(±0.432)  e-=+4.99(±0.034)  sep=45.0  │  fm_e=+5.0  fm=ON  fb=100%  │  ∇rw=1.18  ∇pol=0.32
[22:16:44] [ep18|s3250]  rw=-5.084  cd=-9.979  reg=4.895  │  e+=-4.88(±0.462)  e-=+4.99(±0.012)  sep=42.8  │  fm_e=+5.0  fm=ON  fb=100%  │  ∇rw=5.24  ∇pol=0.29
[22:17:26] [ep18|s3260]  rw=-5.116  cd=-10.338  reg=5.222  │  e+=-5.21(±0.497)  e-=+4.99(±0.021)  sep=45.9  │  fm_e=+5.0  fm=ON  fb=100%  │  ∇rw=1.59  ∇pol=0.25
[22:18:08] [ep18|s3270]  rw=-4.913  cd=-10.185  reg=5.272  │  e+=-5.22(±0.749)  e-=+4.99(±0.015)  sep=50.8  │  fm_e=+5.0  fm=ON  fb=100%  │  ∇rw=1.54  ∇pol=0.41
[22:18:51] [ep18|s3280]  rw=-4.970  cd=-10.203  reg=5.233  │  e+=-5.21(±0.159)  e-=+5.02(±0.023)  sep=49.7  │  fm_e=+5.0  fm=ON  fb=100%  │  ∇rw=5.00  ∇pol=0.61
[22:19:33] [ep18|s3290]  rw=-5.168  cd=-10.354  reg=5.186  │  e+=-5.12(±0.637)  e-=+5.03(±0.011)  sep=53.3  │  fm_e=+5.0  fm=ON  fb=100%  │  ∇rw=3.34  ∇pol=0.29
[22:20:16] [ep18|s3300]  rw=-5.018  cd=-9.929  reg=4.912  │  e+=-4.88(±0.303)  e-=+5.02(±0.020)  sep=51.7  │  fm_e=+5.0  fm=ON  fb=100%  │  ∇rw=3.27  ∇pol=0.31
[22:20:58] [ep18|s3310]  rw=-5.039  cd=-9.656  reg=4.617  │  e+=-4.56(±0.621)  e-=+5.00(±0.013)  sep=40.2  │  fm_e=+5.0  fm=ON  fb=100%  │  ∇rw=7.30  ∇pol=0.42
[22:21:40] [ep18|s3320]  rw=-5.044  cd=-9.583  reg=4.540  │  e+=-4.54(±0.385)  e-=+4.96(±0.014)  sep=44.2  │  fm_e=+5.0  fm=ON  fb=100%  │  ∇rw=4.82  ∇pol=0.42
[22:22:23] [ep18|s3330]  rw=-5.006  cd=-10.607  reg=5.601  │  e+=-5.56(±0.744)  e-=+4.95(±0.013)  sep=36.5  │  fm_e=+5.0  fm=ON  fb=100%  │  ∇rw=1.88  ∇pol=0.43
[22:23:05] [ep18|s3340]  rw=-4.980  cd=-9.562  reg=4.582  │  e+=-4.68(±0.216)  e-=+4.89(±0.014)  sep=57.2  │  fm_e=+4.9  fm=ON  fb=100%  │  ∇rw=4.38  ∇pol=0.37
[22:23:48] [ep18|s3350]  rw=-5.034  cd=-10.514  reg=5.480  │  e+=-5.24(±0.330)  e-=+5.21(±0.013)  sep=99.4  │  fm_e=+5.2  fm=ON  fb=100%  │  ∇rw=5.29  ∇pol=0.59
[22:24:30] [ep18|s3360]  rw=-5.020  cd=-10.115  reg=5.095  │  e+=-5.17(±0.366)  e-=+4.91(±0.010)  sep=78.4  │  fm_e=+4.9  fm=ON  fb=100%  │  ∇rw=2.82  ∇pol=0.30
[22:25:13] [ep18|s3370]  rw=-4.921  cd=-9.544  reg=4.623  │  e+=-4.60(±0.417)  e-=+4.99(±0.017)  sep=54.2  │  fm_e=+5.0  fm=ON  fb=100%  │  ∇rw=7.17  ∇pol=0.44
[22:25:55] [ep18|s3380]  rw=-5.159  cd=-10.085  reg=4.926  │  e+=-4.92(±0.599)  e-=+4.97(±0.020)  sep=48.3  │  fm_e=+5.0  fm=ON  fb=100%  │  ∇rw=1.70  ∇pol=0.43
[22:26:38] [ep18|s3390]  rw=-4.912  cd=-10.728  reg=5.816  │  e+=-5.70(±0.758)  e-=+5.01(±0.015)  sep=33.4  │  fm_e=+5.0  fm=ON  fb=100%  │  ∇rw=9.21  ∇pol=0.34
[22:27:19] [ep18|s3400]  rw=-4.969  cd=-9.864  reg=4.895  │  e+=-4.88(±0.299)  e-=+5.01(±0.021)  sep=28.7  │  fm_e=+5.0  fm=ON  fb=100%  │  ∇rw=4.06  ∇pol=0.38
[22:28:02] [ep18|s3410]  rw=-4.981  cd=-9.629  reg=4.648  │  e+=-4.60(±0.363)  e-=+5.02(±0.019)  sep=42.7  │  fm_e=+5.0  fm=ON  fb=100%  │  ∇rw=6.02  ∇pol=0.19
[22:28:44] [ep18|s3420]  rw=-4.949  cd=-9.713  reg=4.764  │  e+=-4.77(±0.233)  e-=+4.99(±0.015)  sep=46.3  │  fm_e=+5.0  fm=ON  fb=100%  │  ∇rw=5.13  ∇pol=0.33
[22:28:45] ══════════ VAL ep18 ══════════  ρ=+0.2491 (p=0.0008) [PASS ✓]  AUROC(E)=0.6516  ECE=0.7907  N=177
[22:28:45]   ckpt saved → ckpt_epoch0018.pt
[22:28:45] ──────────────────── Epoch 19/30 ────────────────────
[22:29:27] [ep19|s3430]  rw=-4.973  cd=-10.065  reg=5.092  │  e+=-5.09(±0.320)  e-=+4.99(±0.012)  sep=55.1  │  fm_e=+5.0  fm=ON  fb=100%  │  ∇rw=2.63  ∇pol=97.40
[22:30:10] [ep19|s3440]  rw=-4.991  cd=-9.764  reg=4.773  │  e+=-4.84(±0.309)  e-=+4.92(±0.024)  sep=51.2  │  fm_e=+4.9  fm=ON  fb=100%  │  ∇rw=4.76  ∇pol=0.40
[22:30:52] [ep19|s3450]  rw=-5.022  cd=-10.705  reg=5.683  │  e+=-5.57(±0.268)  e-=+5.07(±0.011)  sep=50.4  │  fm_e=+5.1  fm=ON  fb=100%  │  ∇rw=7.93  ∇pol=0.39
[22:31:35] [ep19|s3460]  rw=-4.906  cd=-9.511  reg=4.605  │  e+=-4.63(±0.313)  e-=+4.95(±0.008)  sep=88.7  │  fm_e=+4.9  fm=ON  fb=100%  │  ∇rw=4.22  ∇pol=0.32
[22:32:17] [ep19|s3470]  rw=-5.279  cd=-10.072  reg=4.793  │  e+=-4.69(±1.091)  e-=+4.97(±0.007)  sep=44.1  │  fm_e=+5.0  fm=ON  fb=100%  │  ∇rw=2.56  ∇pol=0.33
[22:32:59] [ep19|s3480]  rw=-4.778  cd=-8.773  reg=3.995  │  e+=-3.60(±0.386)  e-=+5.18(±0.082)  sep=48.5  │  fm_e=+5.2  fm=ON  fb=100%  │  ∇rw=8.84  ∇pol=0.39
[22:33:42] [ep19|s3490]  rw=-5.059  cd=-9.772  reg=4.712  │  e+=-4.70(±0.949)  e-=+4.91(±0.024)  sep=41.6  │  fm_e=+4.9  fm=ON  fb=100%  │  ∇rw=3.38  ∇pol=0.25
[22:34:24] [ep19|s3500]  rw=-5.078  cd=-10.108  reg=5.031  │  e+=-5.00(±0.198)  e-=+5.03(±0.019)  sep=42.8  │  fm_e=+5.0  fm=ON  fb=100%  │  ∇rw=0.99  ∇pol=0.49
[22:35:06] [ep19|s3510]  rw=-4.922  cd=-9.032  reg=4.110  │  e+=-4.09(±0.895)  e-=+4.86(±0.014)  sep=36.9  │  fm_e=+4.9  fm=ON  fb=100%  │  ∇rw=6.80  ∇pol=0.46
[22:35:49] [ep19|s3520]  rw=-4.787  cd=-10.677  reg=5.889  │  e+=-5.67(±0.589)  e-=+5.12(±0.020)  sep=52.4  │  fm_e=+5.1  fm=ON  fb=100%  │  ∇rw=7.11  ∇pol=0.42
[22:36:31] [ep19|s3530]  rw=-5.011  cd=-10.239  reg=5.228  │  e+=-5.16(±0.288)  e-=+5.05(±0.017)  sep=43.4  │  fm_e=+5.1  fm=ON  fb=100%  │  ∇rw=2.48  ∇pol=0.49
[22:37:14] [ep19|s3540]  rw=-5.022  cd=-9.822  reg=4.800  │  e+=-4.65(±0.875)  e-=+5.06(±0.013)  sep=44.9  │  fm_e=+5.1  fm=ON  fb=100%  │  ∇rw=5.85  ∇pol=0.44
[22:37:56] [ep19|s3550]  rw=-5.011  cd=-10.018  reg=5.008  │  e+=-4.99(±0.065)  e-=+5.01(±0.013)  sep=91.6  │  fm_e=+5.0  fm=ON  fb=100%  │  ∇rw=1.50  ∇pol=0.29
[22:38:38] [ep19|s3560]  rw=-5.084  cd=-10.558  reg=5.474  │  e+=-5.49(±0.392)  e-=+4.95(±0.010)  sep=48.3  │  fm_e=+4.9  fm=ON  fb=100%  │  ∇rw=6.14  ∇pol=0.88
[22:39:21] [ep19|s3570]  rw=-4.891  cd=-10.233  reg=5.341  │  e+=-5.13(±0.827)  e-=+5.09(±0.018)  sep=34.8  │  fm_e=+5.1  fm=ON  fb=100%  │  ∇rw=19.09  ∇pol=0.31
[22:40:03] [ep19|s3580]  rw=-4.870  cd=-9.636  reg=4.766  │  e+=-4.69(±0.474)  e-=+5.04(±0.012)  sep=35.1  │  fm_e=+5.0  fm=ON  fb=100%  │  ∇rw=3.84  ∇pol=0.36
[22:40:45] [ep19|s3590]  rw=-4.904  cd=-10.052  reg=5.148  │  e+=-5.12(±0.519)  e-=+4.99(±0.016)  sep=50.8  │  fm_e=+5.0  fm=ON  fb=100%  │  ∇rw=2.71  ∇pol=0.33
[22:41:27] [ep19|s3600]  rw=-4.970  cd=-10.728  reg=5.758  │  e+=-5.59(±0.363)  e-=+5.11(±0.015)  sep=43.7  │  fm_e=+5.1  fm=ON  fb=100%  │  ∇rw=3.17  ∇pol=0.47
[22:42:10] [ep19|s3610]  rw=-4.941  cd=-11.010  reg=6.069  │  e+=-5.91(±0.889)  e-=+5.00(±0.014)  sep=28.5  │  fm_e=+5.0  fm=ON  fb=100%  │  ∇rw=14.96  ∇pol=0.38
[22:42:10] ══════════ VAL ep19 ══════════  ρ=+0.2589 (p=0.0005) [PASS ✓]  AUROC(E)=0.7005  ECE=0.7934  N=177 ◀ BEST
[22:42:11]   ckpt saved → ckpt_epoch0019.pt
[22:42:11] ──────────────────── Epoch 20/30 ────────────────────
[22:42:53] [ep20|s3620]  rw=-5.076  cd=-9.807  reg=4.731  │  e+=-4.67(±0.543)  e-=+5.02(±0.020)  sep=33.1  │  fm_e=+5.0  fm=ON  fb=100%  │  ∇rw=3.57  ∇pol=1.59
[22:43:36] [ep20|s3630]  rw=-4.930  cd=-10.271  reg=5.341  │  e+=-5.30(±0.479)  e-=+5.01(±0.013)  sep=50.3  │  fm_e=+5.0  fm=ON  fb=100%  │  ∇rw=2.62  ∇pol=0.37
[22:44:18] [ep20|s3640]  rw=-4.917  cd=-10.735  reg=5.818  │  e+=-5.56(±0.599)  e-=+5.19(±0.027)  sep=52.2  │  fm_e=+5.2  fm=ON  fb=100%  │  ∇rw=10.52  ∇pol=0.36
[22:45:00] [ep20|s3650]  rw=-5.002  cd=-10.044  reg=5.042  │  e+=-4.91(±1.063)  e-=+5.02(±0.020)  sep=36.4  │  fm_e=+5.0  fm=ON  fb=100%  │  ∇rw=2.71  ∇pol=0.42
[22:45:43] [ep20|s3660]  rw=-5.017  cd=-9.750  reg=4.733  │  e+=-4.75(±0.443)  e-=+4.96(±0.014)  sep=50.0  │  fm_e=+5.0  fm=ON  fb=100%  │  ∇rw=1.84  ∇pol=0.33
[22:46:25] [ep20|s3670]  rw=-5.336  cd=-10.815  reg=5.479  │  e+=-5.38(±0.766)  e-=+5.02(±0.013)  sep=37.0  │  fm_e=+5.0  fm=ON  fb=100%  │  ∇rw=4.49  ∇pol=0.27
[22:47:07] [ep20|s3680]  rw=-4.893  cd=-9.853  reg=4.960  │  e+=-4.93(±0.529)  e-=+5.00(±0.016)  sep=41.5  │  fm_e=+5.0  fm=ON  fb=100%  │  ∇rw=1.40  ∇pol=0.50
[22:47:50] [ep20|s3690]  rw=-5.125  cd=-9.844  reg=4.719  │  e+=-4.68(±0.492)  e-=+5.00(±0.016)  sep=40.8  │  fm_e=+5.0  fm=ON  fb=100%  │  ∇rw=1.77  ∇pol=0.41
[22:48:32] [ep20|s3700]  rw=-4.850  cd=-11.417  reg=6.567  │  e+=-6.21(±0.196)  e-=+5.20(±0.012)  sep=52.1  │  fm_e=+5.2  fm=ON  fb=100%  │  ∇rw=7.01  ∇pol=0.28
[22:49:14] [ep20|s3710]  rw=-3.908  cd=-9.363  reg=5.454  │  e+=-5.17(±1.639)  e-=+3.69(±1.594)  sep=47.7  │  fm_e=+4.3  fm=ON  fb=100%  │  ∇rw=139.57  ∇pol=0.33
[22:49:57] [ep20|s3720]  rw=-5.108  cd=-9.579  reg=4.471  │  e+=-4.43(±0.486)  e-=+4.98(±0.021)  sep=46.4  │  fm_e=+5.0  fm=ON  fb=100%  │  ∇rw=6.61  ∇pol=0.28
[22:50:39] [ep20|s3730]  rw=-5.144  cd=-10.239  reg=5.095  │  e+=-5.07(±0.357)  e-=+5.01(±0.016)  sep=73.9  │  fm_e=+5.0  fm=ON  fb=100%  │  ∇rw=1.25  ∇pol=0.35
[22:51:21] [ep20|s3740]  rw=-5.189  cd=-10.999  reg=5.811  │  e+=-5.72(±0.722)  e-=+4.98(±0.038)  sep=47.6  │  fm_e=+5.0  fm=ON  fb=100%  │  ∇rw=4.70  ∇pol=0.36
[22:52:04] [ep20|s3750]  rw=-5.061  cd=-9.639  reg=4.578  │  e+=-4.67(±0.411)  e-=+4.87(±0.056)  sep=31.5  │  fm_e=+4.9  fm=ON  fb=100%  │  ∇rw=4.46  ∇pol=0.39
[22:52:46] [ep20|s3760]  rw=-5.234  cd=-10.680  reg=5.446  │  e+=-5.32(±0.703)  e-=+5.06(±0.023)  sep=48.5  │  fm_e=+5.1  fm=ON  fb=100%  │  ∇rw=4.00  ∇pol=0.36
[22:53:28] [ep20|s3770]  rw=-5.019  cd=-10.131  reg=5.112  │  e+=-5.11(±0.434)  e-=+4.98(±0.046)  sep=50.9  │  fm_e=+5.0  fm=ON  fb=100%  │  ∇rw=2.46  ∇pol=0.29
[22:54:11] [ep20|s3780]  rw=-5.043  cd=-10.068  reg=5.026  │  e+=-4.97(±0.789)  e-=+4.99(±0.014)  sep=48.8  │  fm_e=+5.0  fm=ON  fb=100%  │  ∇rw=3.89  ∇pol=0.40
[22:54:53] [ep20|s3790]  rw=-5.062  cd=-10.509  reg=5.446  │  e+=-5.36(±0.429)  e-=+5.06(±0.010)  sep=70.2  │  fm_e=+5.1  fm=ON  fb=100%  │  ∇rw=4.72  ∇pol=0.40
[22:55:35] [ep20|s3800]  rw=-4.973  cd=-10.043  reg=5.070  │  e+=-5.01(±0.751)  e-=+5.00(±0.009)  sep=66.7  │  fm_e=+5.0  fm=ON  fb=100%  │  ∇rw=1.47  ∇pol=0.20
[22:55:36] ══════════ VAL ep20 ══════════  ρ=+0.2345 (p=0.0017) [PASS ✓]  AUROC(E)=0.7519  ECE=0.7937  N=177
[22:55:36]   ckpt saved → ckpt_epoch0020.pt
[22:55:36] ──────────────────── Epoch 21/30 ────────────────────
[22:56:18] [ep21|s3810]  rw=-5.002  cd=-10.277  reg=5.275  │  e+=-5.30(±0.458)  e-=+4.94(±0.033)  sep=63.1  │  fm_e=+4.9  fm=ON  fb=100%  │  ∇rw=3.29  ∇pol=0.26
[22:57:01] [ep21|s3820]  rw=-4.953  cd=-10.090  reg=5.137  │  e+=-5.14(±0.445)  e-=+4.98(±0.034)  sep=58.1  │  fm_e=+5.0  fm=ON  fb=100%  │  ∇rw=1.69  ∇pol=0.58
[22:57:43] [ep21|s3830]  rw=-4.937  cd=-9.496  reg=4.559  │  e+=-4.51(±0.381)  e-=+5.01(±0.027)  sep=50.4  │  fm_e=+5.0  fm=ON  fb=100%  │  ∇rw=1.84  ∇pol=0.52
[22:58:25] [ep21|s3840]  rw=-5.422  cd=-10.601  reg=5.179  │  e+=-5.12(±0.876)  e-=+4.98(±0.019)  sep=41.0  │  fm_e=+5.0  fm=ON  fb=100%  │  ∇rw=2.15  ∇pol=0.33
[22:59:08] [ep21|s3850]  rw=-4.989  cd=-10.324  reg=5.335  │  e+=-5.29(±0.248)  e-=+5.03(±0.019)  sep=44.6  │  fm_e=+5.0  fm=ON  fb=100%  │  ∇rw=2.18  ∇pol=0.32
[22:59:50] [ep21|s3860]  rw=-4.930  cd=-10.384  reg=5.454  │  e+=-5.24(±0.978)  e-=+5.11(±0.023)  sep=29.0  │  fm_e=+5.1  fm=ON  fb=100%  │  ∇rw=8.31  ∇pol=0.44
[23:00:33] [ep21|s3870]  rw=-4.959  cd=-10.044  reg=5.085  │  e+=-4.99(±0.565)  e-=+5.06(±0.014)  sep=28.3  │  fm_e=+5.1  fm=ON  fb=100%  │  ∇rw=3.10  ∇pol=0.26
[23:01:15] [ep21|s3880]  rw=-4.964  cd=-9.899  reg=4.936  │  e+=-4.87(±0.444)  e-=+5.04(±0.015)  sep=46.2  │  fm_e=+5.0  fm=ON  fb=100%  │  ∇rw=6.16  ∇pol=0.26
[23:01:57] [ep21|s3890]  rw=-5.089  cd=-9.937  reg=4.848  │  e+=-4.82(±0.484)  e-=+5.00(±0.012)  sep=41.2  │  fm_e=+5.0  fm=ON  fb=100%  │  ∇rw=2.16  ∇pol=0.42
[23:02:40] [ep21|s3900]  rw=-4.860  cd=-9.537  reg=4.677  │  e+=-4.95(±0.407)  e-=+4.68(±0.073)  sep=41.4  │  fm_e=+4.7  fm=ON  fb=100%  │  ∇rw=8.15  ∇pol=0.38
[23:03:22] [ep21|s3910]  rw=-5.333  cd=-10.232  reg=4.899  │  e+=-4.78(±0.627)  e-=+5.07(±0.031)  sep=36.2  │  fm_e=+5.1  fm=ON  fb=100%  │  ∇rw=5.38  ∇pol=0.21
[23:04:04] [ep21|s3920]  rw=-5.161  cd=-9.887  reg=4.725  │  e+=-4.72(±0.447)  e-=+4.98(±0.031)  sep=38.7  │  fm_e=+5.0  fm=ON  fb=100%  │  ∇rw=2.53  ∇pol=0.53
[23:04:47] [ep21|s3930]  rw=-5.008  cd=-9.895  reg=4.887  │  e+=-4.95(±0.592)  e-=+4.90(±0.065)  sep=45.4  │  fm_e=+4.9  fm=ON  fb=100%  │  ∇rw=5.18  ∇pol=0.37
[23:05:29] [ep21|s3940]  rw=-4.948  cd=-10.049  reg=5.100  │  e+=-5.05(±0.360)  e-=+5.04(±0.017)  sep=39.3  │  fm_e=+5.0  fm=ON  fb=100%  │  ∇rw=6.53  ∇pol=0.33
[23:06:11] [ep21|s3950]  rw=-4.796  cd=-10.083  reg=5.287  │  e+=-5.27(±0.572)  e-=+4.97(±0.007)  sep=48.0  │  fm_e=+5.0  fm=ON  fb=100%  │  ∇rw=4.12  ∇pol=0.28
[23:06:54] [ep21|s3960]  rw=-5.131  cd=-9.408  reg=4.278  │  e+=-4.29(±0.297)  e-=+4.93(±0.027)  sep=58.3  │  fm_e=+4.9  fm=ON  fb=100%  │  ∇rw=7.99  ∇pol=0.55
[23:07:36] [ep21|s3970]  rw=-4.869  cd=-10.437  reg=5.569  │  e+=-5.44(±0.757)  e-=+5.04(±0.042)  sep=27.7  │  fm_e=+5.0  fm=ON  fb=100%  │  ∇rw=5.84  ∇pol=0.35
[23:08:18] [ep21|s3980]  rw=-4.909  cd=-10.577  reg=5.669  │  e+=-5.58(±0.388)  e-=+5.04(±0.008)  sep=34.8  │  fm_e=+5.0  fm=ON  fb=100%  │  ∇rw=6.49  ∇pol=0.32
[23:09:01] [ep21|s3990]  rw=-4.951  cd=-9.266  reg=4.315  │  e+=-4.22(±0.767)  e-=+4.98(±0.019)  sep=32.6  │  fm_e=+5.0  fm=ON  fb=100%  │  ∇rw=3.36  ∇pol=0.27
[23:09:01] ══════════ VAL ep21 ══════════  ρ=+0.2896 (p=0.0001) [PASS ✓]  AUROC(E)=0.7450  ECE=0.7944  N=177 ◀ BEST
[23:09:02]   ckpt saved → ckpt_epoch0021.pt
[23:09:02] ──────────────────── Epoch 22/30 ────────────────────
[23:09:44] [ep22|s4000]  rw=-4.856  cd=-9.367  reg=4.511  │  e+=-4.47(±0.495)  e-=+4.99(±0.030)  sep=31.2  │  fm_e=+5.0  fm=ON  fb=100%  │  ∇rw=3.58  ∇pol=0.26
[23:10:26] [ep22|s4010]  rw=-4.873  cd=-10.066  reg=5.193  │  e+=-5.17(±0.397)  e-=+5.01(±0.049)  sep=35.2  │  fm_e=+5.0  fm=ON  fb=100%  │  ∇rw=3.45  ∇pol=0.52
[23:11:09] [ep22|s4020]  rw=-4.932  cd=-9.650  reg=4.718  │  e+=-4.66(±0.599)  e-=+5.01(±0.011)  sep=55.8  │  fm_e=+5.0  fm=ON  fb=100%  │  ∇rw=4.09  ∇pol=0.38
[23:11:51] [ep22|s4030]  rw=-4.795  cd=-8.874  reg=4.079  │  e+=-3.78(±0.603)  e-=+5.11(±0.015)  sep=38.8  │  fm_e=+5.1  fm=ON  fb=100%  │  ∇rw=11.42  ∇pol=17.97
[23:12:33] [ep22|s4040]  rw=-5.027  cd=-9.897  reg=4.871  │  e+=-4.88(±0.387)  e-=+4.97(±0.015)  sep=54.7  │  fm_e=+5.0  fm=ON  fb=100%  │  ∇rw=1.88  ∇pol=0.36
[23:13:16] [ep22|s4050]  rw=-4.941  cd=-10.472  reg=5.531  │  e+=-5.48(±0.368)  e-=+5.02(±0.015)  sep=54.0  │  fm_e=+5.0  fm=ON  fb=100%  │  ∇rw=2.96  ∇pol=0.48
[23:13:58] [ep22|s4060]  rw=-4.985  cd=-10.278  reg=5.293  │  e+=-5.16(±1.106)  e-=+5.01(±0.011)  sep=31.4  │  fm_e=+5.0  fm=ON  fb=100%  │  ∇rw=1.80  ∇pol=0.43
[23:14:41] [ep22|s4070]  rw=-5.121  cd=-9.350  reg=4.229  │  e+=-4.20(±0.421)  e-=+4.95(±0.045)  sep=52.5  │  fm_e=+4.9  fm=ON  fb=100%  │  ∇rw=7.79  ∇pol=2.53
[23:15:23] [ep22|s4080]  rw=-5.287  cd=-10.093  reg=4.806  │  e+=-4.79(±0.819)  e-=+4.94(±0.018)  sep=33.0  │  fm_e=+4.9  fm=ON  fb=100%  │  ∇rw=5.69  ∇pol=0.20
[23:16:05] [ep22|s4090]  rw=-4.933  cd=-9.348  reg=4.416  │  e+=-4.33(±0.793)  e-=+4.98(±0.031)  sep=27.0  │  fm_e=+5.0  fm=ON  fb=100%  │  ∇rw=2.13  ∇pol=0.39
[23:16:48] [ep22|s4100]  rw=-5.062  cd=-9.789  reg=4.728  │  e+=-4.63(±0.700)  e-=+5.03(±0.017)  sep=40.0  │  fm_e=+5.0  fm=ON  fb=100%  │  ∇rw=2.27  ∇pol=0.24
[23:17:30] [ep22|s4110]  rw=-4.951  cd=-10.580  reg=5.629  │  e+=-5.59(±0.394)  e-=+4.99(±0.015)  sep=32.4  │  fm_e=+5.0  fm=ON  fb=100%  │  ∇rw=4.87  ∇pol=0.30
[23:18:12] [ep22|s4120]  rw=-5.122  cd=-10.064  reg=4.942  │  e+=-4.90(±0.733)  e-=+4.99(±0.024)  sep=28.7  │  fm_e=+5.0  fm=ON  fb=100%  │  ∇rw=1.86  ∇pol=0.34
[23:18:55] [ep22|s4130]  rw=-4.968  cd=-10.612  reg=5.644  │  e+=-5.47(±0.745)  e-=+5.09(±0.042)  sep=38.3  │  fm_e=+5.1  fm=ON  fb=100%  │  ∇rw=4.67  ∇pol=0.67
[23:19:37] [ep22|s4140]  rw=-4.912  cd=-9.223  reg=4.311  │  e+=-4.10(±0.678)  e-=+5.09(±0.017)  sep=43.9  │  fm_e=+5.1  fm=ON  fb=100%  │  ∇rw=6.41  ∇pol=0.32
[23:20:19] [ep22|s4150]  rw=-5.033  cd=-10.274  reg=5.241  │  e+=-5.21(±0.526)  e-=+5.00(±0.011)  sep=37.2  │  fm_e=+5.0  fm=ON  fb=100%  │  ∇rw=2.85  ∇pol=0.51
[23:21:01] [ep22|s4160]  rw=-4.974  cd=-10.660  reg=5.686  │  e+=-5.70(±0.574)  e-=+4.90(±0.017)  sep=33.7  │  fm_e=+4.9  fm=ON  fb=100%  │  ∇rw=5.33  ∇pol=0.48
[23:21:44] [ep22|s4170]  rw=-5.002  cd=-10.166  reg=5.163  │  e+=-5.16(±0.485)  e-=+4.98(±0.025)  sep=35.2  │  fm_e=+5.0  fm=ON  fb=100%  │  ∇rw=4.95  ∇pol=0.30
[23:22:26] [ep22|s4180]  rw=-4.920  cd=-9.670  reg=4.750  │  e+=-4.79(±0.417)  e-=+4.94(±0.017)  sep=44.1  │  fm_e=+4.9  fm=ON  fb=100%  │  ∇rw=2.41  ∇pol=0.26
[23:22:27] ══════════ VAL ep22 ══════════  ρ=+0.2714 (p=0.0003) [PASS ✓]  AUROC(E)=0.7354  ECE=0.7909  N=177
[23:22:27]   ckpt saved → ckpt_epoch0022.pt
[23:22:27] ──────────────────── Epoch 23/30 ────────────────────
[23:23:10] [ep23|s4190]  rw=-5.007  cd=-9.830  reg=4.823  │  e+=-4.82(±0.279)  e-=+4.99(±0.016)  sep=58.2  │  fm_e=+5.0  fm=ON  fb=100%  │  ∇rw=1.71  ∇pol=0.42
[23:23:52] [ep23|s4200]  rw=-5.245  cd=-10.529  reg=5.284  │  e+=-5.26(±0.447)  e-=+4.99(±0.018)  sep=53.3  │  fm_e=+5.0  fm=ON  fb=100%  │  ∇rw=5.02  ∇pol=0.22
[23:24:34] [ep23|s4210]  rw=-5.064  cd=-10.715  reg=5.652  │  e+=-5.60(±0.431)  e-=+5.00(±0.013)  sep=54.5  │  fm_e=+5.0  fm=ON  fb=100%  │  ∇rw=6.24  ∇pol=0.28
[23:25:17] [ep23|s4220]  rw=-4.907  cd=-11.029  reg=6.122  │  e+=-6.06(±0.454)  e-=+4.93(±0.022)  sep=36.7  │  fm_e=+4.9  fm=ON  fb=100%  │  ∇rw=10.49  ∇pol=0.27
[23:25:59] [ep23|s4230]  rw=-5.051  cd=-9.957  reg=4.906  │  e+=-4.79(±0.683)  e-=+5.06(±0.062)  sep=47.4  │  fm_e=+5.1  fm=ON  fb=100%  │  ∇rw=7.99  ∇pol=0.31
[23:26:41] [ep23|s4240]  rw=-4.964  cd=-9.951  reg=4.987  │  e+=-4.81(±0.229)  e-=+5.16(±0.015)  sep=66.2  │  fm_e=+5.2  fm=ON  fb=100%  │  ∇rw=3.37  ∇pol=0.99
[23:27:24] [ep23|s4250]  rw=-5.026  cd=-9.915  reg=4.889  │  e+=-4.83(±0.582)  e-=+5.03(±0.014)  sep=57.4  │  fm_e=+5.0  fm=ON  fb=100%  │  ∇rw=2.28  ∇pol=0.15
[23:28:06] [ep23|s4260]  rw=-5.038  cd=-9.782  reg=4.744  │  e+=-4.75(±0.414)  e-=+4.97(±0.014)  sep=42.8  │  fm_e=+5.0  fm=ON  fb=100%  │  ∇rw=4.58  ∇pol=0.34
[23:28:48] [ep23|s4270]  rw=-5.128  cd=-10.292  reg=5.165  │  e+=-5.12(±0.381)  e-=+5.03(±0.011)  sep=52.9  │  fm_e=+5.0  fm=ON  fb=100%  │  ∇rw=4.79  ∇pol=0.39
[23:29:31] [ep23|s4280]  rw=-5.015  cd=-10.791  reg=5.776  │  e+=-5.74(±0.461)  e-=+4.95(±0.007)  sep=54.0  │  fm_e=+5.0  fm=ON  fb=100%  │  ∇rw=5.30  ∇pol=0.42
[23:30:13] [ep23|s4290]  rw=-4.962  cd=-10.041  reg=5.079  │  e+=-5.05(±0.474)  e-=+5.00(±0.018)  sep=62.6  │  fm_e=+5.0  fm=ON  fb=100%  │  ∇rw=1.99  ∇pol=0.31
[23:30:55] [ep23|s4300]  rw=-4.888  cd=-10.696  reg=5.808  │  e+=-5.66(±0.594)  e-=+5.07(±0.031)  sep=36.7  │  fm_e=+5.1  fm=ON  fb=100%  │  ∇rw=4.24  ∇pol=0.27
[23:31:38] [ep23|s4310]  rw=-5.007  cd=-10.076  reg=5.069  │  e+=-4.99(±0.228)  e-=+5.07(±0.028)  sep=53.7  │  fm_e=+5.1  fm=ON  fb=100%  │  ∇rw=4.54  ∇pol=0.33
[23:32:20] [ep23|s4320]  rw=-5.111  cd=-10.333  reg=5.222  │  e+=-5.18(±0.778)  e-=+4.98(±0.045)  sep=32.5  │  fm_e=+5.0  fm=ON  fb=100%  │  ∇rw=2.38  ∇pol=0.39
[23:33:02] [ep23|s4330]  rw=-4.956  cd=-11.125  reg=6.169  │  e+=-5.97(±0.245)  e-=+5.09(±0.207)  sep=45.5  │  fm_e=+5.1  fm=ON  fb=100%  │  ∇rw=12.45  ∇pol=0.26
[23:33:45] [ep23|s4340]  rw=-5.205  cd=-9.347  reg=4.141  │  e+=-4.34(±0.512)  e-=+4.72(±0.017)  sep=41.2  │  fm_e=+4.7  fm=ON  fb=100%  │  ∇rw=8.00  ∇pol=0.44
[23:34:27] [ep23|s4350]  rw=-5.325  cd=-10.199  reg=4.874  │  e+=-4.58(±1.187)  e-=+5.14(±0.029)  sep=44.1  │  fm_e=+5.1  fm=ON  fb=100%  │  ∇rw=4.52  ∇pol=0.27
[23:35:09] [ep23|s4360]  rw=-4.981  cd=-10.437  reg=5.456  │  e+=-5.34(±0.210)  e-=+5.10(±0.029)  sep=45.5  │  fm_e=+5.1  fm=ON  fb=100%  │  ∇rw=7.75  ∇pol=0.51
[23:35:51] [ep23|s4370]  rw=-5.073  cd=-9.902  reg=4.829  │  e+=-4.80(±0.582)  e-=+4.99(±0.022)  sep=25.5  │  fm_e=+5.0  fm=ON  fb=100%  │  ∇rw=3.55  ∇pol=0.38
[23:35:52] ══════════ VAL ep23 ══════════  ρ=+0.2478 (p=0.0009) [PASS ✓]  AUROC(E)=0.7413  ECE=0.7947  N=177
[23:35:52]   ckpt saved → ckpt_epoch0023.pt
[23:35:52] ──────────────────── Epoch 24/30 ────────────────────
[23:36:35] [ep24|s4380]  rw=-4.936  cd=-9.656  reg=4.720  │  e+=-4.66(±0.547)  e-=+5.02(±0.028)  sep=32.9  │  fm_e=+5.0  fm=ON  fb=100%  │  ∇rw=3.14  ∇pol=0.42
[23:37:17] [ep24|s4390]  rw=-4.973  cd=-10.156  reg=5.183  │  e+=-5.10(±0.305)  e-=+5.07(±0.030)  sep=36.2  │  fm_e=+5.1  fm=ON  fb=100%  │  ∇rw=4.76  ∇pol=0.40
[23:37:59] [ep24|s4400]  rw=-5.042  cd=-10.053  reg=5.011  │  e+=-5.00(±0.432)  e-=+4.99(±0.026)  sep=31.8  │  fm_e=+5.0  fm=ON  fb=100%  │  ∇rw=2.85  ∇pol=0.29
[23:38:41] [ep24|s4410]  rw=-4.937  cd=-9.572  reg=4.635  │  e+=-4.62(±0.404)  e-=+4.98(±0.039)  sep=48.6  │  fm_e=+5.0  fm=ON  fb=100%  │  ∇rw=4.68  ∇pol=0.57
[23:39:24] [ep24|s4420]  rw=-5.248  cd=-10.583  reg=5.335  │  e+=-5.24(±1.073)  e-=+4.97(±0.030)  sep=25.7  │  fm_e=+5.0  fm=ON  fb=100%  │  ∇rw=8.99  ∇pol=0.44
[23:40:06] [ep24|s4430]  rw=-5.135  cd=-10.018  reg=4.883  │  e+=-4.80(±0.964)  e-=+4.99(±0.039)  sep=33.2  │  fm_e=+5.0  fm=ON  fb=100%  │  ∇rw=1.98  ∇pol=0.35
[23:40:48] [ep24|s4440]  rw=-4.947  cd=-9.721  reg=4.774  │  e+=-4.86(±0.325)  e-=+4.90(±0.029)  sep=69.7  │  fm_e=+4.9  fm=ON  fb=100%  │  ∇rw=2.82  ∇pol=0.47
[23:41:31] [ep24|s4450]  rw=-4.819  cd=-10.019  reg=5.200  │  e+=-5.30(±0.551)  e-=+4.85(±0.017)  sep=38.8  │  fm_e=+4.8  fm=ON  fb=100%  │  ∇rw=7.16  ∇pol=0.28
[23:42:13] [ep24|s4460]  rw=-4.868  cd=-9.993  reg=5.125  │  e+=-5.06(±0.502)  e-=+5.03(±0.023)  sep=35.1  │  fm_e=+5.0  fm=ON  fb=100%  │  ∇rw=1.52  ∇pol=0.49
[23:42:56] [ep24|s4470]  rw=-4.918  cd=-9.892  reg=4.974  │  e+=-4.86(±0.883)  e-=+5.03(±0.027)  sep=68.4  │  fm_e=+5.0  fm=ON  fb=100%  │  ∇rw=2.88  ∇pol=0.36
[23:43:38] [ep24|s4480]  rw=-5.042  cd=-10.434  reg=5.391  │  e+=-5.39(±0.496)  e-=+4.96(±0.011)  sep=52.3  │  fm_e=+5.0  fm=ON  fb=100%  │  ∇rw=4.24  ∇pol=0.44
[23:44:20] [ep24|s4490]  rw=-5.061  cd=-10.230  reg=5.169  │  e+=-5.09(±0.309)  e-=+5.06(±0.024)  sep=40.7  │  fm_e=+5.1  fm=ON  fb=100%  │  ∇rw=2.89  ∇pol=0.32
[23:45:03] [ep24|s4500]  rw=-4.777  cd=-9.996  reg=5.219  │  e+=-5.14(±0.952)  e-=+4.99(±0.011)  sep=30.4  │  fm_e=+5.0  fm=ON  fb=100%  │  ∇rw=2.21  ∇pol=0.34
[23:45:45] [ep24|s4510]  rw=-5.056  cd=-10.019  reg=4.963  │  e+=-4.93(±0.742)  e-=+4.98(±0.018)  sep=39.3  │  fm_e=+5.0  fm=ON  fb=100%  │  ∇rw=1.97  ∇pol=0.41
[23:46:27] [ep24|s4520]  rw=-4.989  cd=-9.771  reg=4.782  │  e+=-4.77(±0.333)  e-=+5.00(±0.020)  sep=47.7  │  fm_e=+5.0  fm=ON  fb=100%  │  ∇rw=2.57  ∇pol=0.41
[23:47:10] [ep24|s4530]  rw=-4.989  cd=-9.505  reg=4.516  │  e+=-4.56(±0.345)  e-=+4.93(±0.033)  sep=73.8  │  fm_e=+4.9  fm=ON  fb=100%  │  ∇rw=4.47  ∇pol=0.33
[23:47:52] [ep24|s4540]  rw=-4.239  cd=-10.318  reg=6.079  │  e+=-6.22(±0.301)  e-=+4.10(±1.144)  sep=35.1  │  fm_e=+3.9  fm=ON  fb=100%  │  ∇rw=107.42  ∇pol=0.27
[23:48:34] [ep24|s4550]  rw=-5.041  cd=-10.419  reg=5.378  │  e+=-5.34(±0.414)  e-=+5.01(±0.015)  sep=42.3  │  fm_e=+5.0  fm=ON  fb=100%  │  ∇rw=3.20  ∇pol=0.22
[23:49:17] [ep24|s4560]  rw=-5.125  cd=-10.060  reg=4.935  │  e+=-4.92(±0.558)  e-=+4.98(±0.017)  sep=47.4  │  fm_e=+5.0  fm=ON  fb=100%  │  ∇rw=5.22  ∇pol=0.30
[23:49:17] ══════════ VAL ep24 ══════════  ρ=+0.2284 (p=0.0022) [PASS ✓]  AUROC(E)=0.7316  ECE=0.7937  N=177
[23:49:17]   ckpt saved → ckpt_epoch0024.pt
[23:49:17] ──────────────────── Epoch 25/30 ────────────────────
[23:50:00] [ep25|s4570]  rw=-5.079  cd=-9.740  reg=4.662  │  e+=-4.55(±0.915)  e-=+5.01(±0.014)  sep=39.8  │  fm_e=+5.0  fm=ON  fb=100%  │  ∇rw=2.35  ∇pol=0.32
[23:50:42] [ep25|s4580]  rw=-4.917  cd=-9.258  reg=4.341  │  e+=-4.26(±0.431)  e-=+5.01(±0.021)  sep=34.2  │  fm_e=+5.0  fm=ON  fb=100%  │  ∇rw=1.94  ∇pol=0.27
[23:51:25] [ep25|s4590]  rw=-5.229  cd=-10.395  reg=5.165  │  e+=-4.49(±0.578)  e-=+5.58(±0.027)  sep=42.7  │  fm_e=+5.6  fm=ON  fb=100%  │  ∇rw=12.90  ∇pol=0.47
[23:52:07] [ep25|s4600]  rw=-5.050  cd=-9.449  reg=4.400  │  e+=-4.51(±0.468)  e-=+4.84(±0.024)  sep=37.5  │  fm_e=+4.8  fm=ON  fb=100%  │  ∇rw=7.92  ∇pol=0.79
[23:52:49] [ep25|s4610]  rw=-5.305  cd=-9.802  reg=4.496  │  e+=-4.40(±0.775)  e-=+5.00(±0.048)  sep=42.6  │  fm_e=+5.0  fm=ON  fb=100%  │  ∇rw=7.45  ∇pol=0.44
[23:53:32] [ep25|s4620]  rw=-5.038  cd=-9.453  reg=4.416  │  e+=-4.47(±0.420)  e-=+4.89(±0.031)  sep=48.6  │  fm_e=+4.9  fm=ON  fb=100%  │  ∇rw=3.91  ∇pol=0.24
[23:54:14] [ep25|s4630]  rw=-5.046  cd=-10.001  reg=4.955  │  e+=-4.94(±0.660)  e-=+4.97(±0.016)  sep=62.6  │  fm_e=+5.0  fm=ON  fb=100%  │  ∇rw=1.36  ∇pol=0.37
[23:54:56] [ep25|s4640]  rw=-5.025  cd=-10.471  reg=5.446  │  e+=-5.35(±0.412)  e-=+5.06(±0.036)  sep=59.7  │  fm_e=+5.1  fm=ON  fb=100%  │  ∇rw=2.65  ∇pol=0.30
[23:55:38] [ep25|s4650]  rw=-5.018  cd=-10.191  reg=5.173  │  e+=-5.15(±0.598)  e-=+4.98(±0.035)  sep=57.3  │  fm_e=+5.0  fm=ON  fb=100%  │  ∇rw=1.22  ∇pol=0.38
[23:56:21] [ep25|s4660]  rw=-5.293  cd=-9.923  reg=4.630  │  e+=-4.60(±0.869)  e-=+4.94(±0.026)  sep=36.7  │  fm_e=+4.9  fm=ON  fb=100%  │  ∇rw=2.16  ∇pol=0.24
[23:57:03] [ep25|s4670]  rw=-5.185  cd=-10.433  reg=5.247  │  e+=-5.07(±1.276)  e-=+5.02(±0.025)  sep=36.4  │  fm_e=+5.0  fm=ON  fb=100%  │  ∇rw=2.71  ∇pol=0.26
[23:57:45] [ep25|s4680]  rw=-4.878  cd=-10.993  reg=6.115  │  e+=-6.06(±0.139)  e-=+4.94(±0.019)  sep=52.5  │  fm_e=+4.9  fm=ON  fb=100%  │  ∇rw=11.48  ∇pol=0.42
[23:58:28] [ep25|s4690]  rw=-4.865  cd=-9.770  reg=4.904  │  e+=-4.88(±0.557)  e-=+4.99(±0.027)  sep=34.0  │  fm_e=+5.0  fm=ON  fb=100%  │  ∇rw=1.88  ∇pol=0.53
[23:59:10] [ep25|s4700]  rw=-4.945  cd=-10.180  reg=5.235  │  e+=-5.17(±0.916)  e-=+4.97(±0.028)  sep=37.4  │  fm_e=+5.0  fm=ON  fb=100%  │  ∇rw=3.86  ∇pol=0.32
[23:59:52] [ep25|s4710]  rw=-4.990  cd=-9.950  reg=4.960  │  e+=-4.96(±0.252)  e-=+4.99(±0.015)  sep=53.4  │  fm_e=+5.0  fm=ON  fb=100%  │  ∇rw=1.21  ∇pol=0.26
[00:00:35] [ep25|s4720]  rw=-5.056  cd=-10.551  reg=5.495  │  e+=-5.49(±0.653)  e-=+4.93(±0.027)  sep=39.2  │  fm_e=+4.9  fm=ON  fb=100%  │  ∇rw=4.74  ∇pol=0.41
[00:01:17] [ep25|s4730]  rw=-5.148  cd=-9.837  reg=4.689  │  e+=-4.58(±0.658)  e-=+5.04(±0.037)  sep=38.0  │  fm_e=+5.0  fm=ON  fb=100%  │  ∇rw=4.94  ∇pol=0.43
[00:01:59] [ep25|s4740]  rw=-5.068  cd=-10.159  reg=5.091  │  e+=-5.01(±0.324)  e-=+5.07(±0.053)  sep=46.4  │  fm_e=+5.1  fm=ON  fb=100%  │  ∇rw=3.15  ∇pol=0.39
[00:02:41] [ep25|s4750]  rw=-4.905  cd=-10.664  reg=5.759  │  e+=-5.74(±0.384)  e-=+4.95(±0.068)  sep=35.2  │  fm_e=+4.9  fm=ON  fb=100%  │  ∇rw=1.95  ∇pol=0.42
[00:02:42] ══════════ VAL ep25 ══════════  ρ=+0.2141 (p=0.0042) [PASS ✓]  AUROC(E)=0.6762  ECE=0.7876  N=177
[00:02:42]   ckpt saved → ckpt_epoch0025.pt
[00:02:42] ──────────────────── Epoch 26/30 ────────────────────
[00:03:25] [ep26|s4760]  rw=-4.961  cd=-9.825  reg=4.863  │  e+=-4.84(±0.507)  e-=+5.00(±0.021)  sep=34.2  │  fm_e=+5.0  fm=ON  fb=100%  │  ∇rw=2.17  ∇pol=0.45
[00:04:07] [ep26|s4770]  rw=-5.087  cd=-10.287  reg=5.199  │  e+=-5.17(±0.613)  e-=+4.99(±0.021)  sep=38.8  │  fm_e=+5.0  fm=ON  fb=100%  │  ∇rw=3.00  ∇pol=0.50
[00:04:49] [ep26|s4780]  rw=-5.010  cd=-10.113  reg=5.103  │  e+=-4.99(±0.314)  e-=+5.10(±0.046)  sep=45.4  │  fm_e=+5.1  fm=ON  fb=100%  │  ∇rw=2.86  ∇pol=0.42
[00:05:32] [ep26|s4790]  rw=-4.943  cd=-9.825  reg=4.882  │  e+=-4.93(±0.471)  e-=+4.93(±0.033)  sep=44.1  │  fm_e=+4.9  fm=ON  fb=100%  │  ∇rw=4.30  ∇pol=0.33
[00:06:14] [ep26|s4800]  rw=-5.239  cd=-9.820  reg=4.581  │  e+=-4.52(±0.752)  e-=+4.98(±0.021)  sep=36.1  │  fm_e=+5.0  fm=ON  fb=100%  │  ∇rw=1.58  ∇pol=0.38
[00:06:56] [ep26|s4810]  rw=-4.871  cd=-9.820  reg=4.949  │  e+=-4.93(±0.541)  e-=+4.98(±0.015)  sep=47.0  │  fm_e=+5.0  fm=ON  fb=100%  │  ∇rw=3.55  ∇pol=0.29
[00:07:39] [ep26|s4820]  rw=-4.939  cd=-10.517  reg=5.578  │  e+=-5.66(±0.370)  e-=+4.86(±0.018)  sep=39.3  │  fm_e=+4.9  fm=ON  fb=100%  │  ∇rw=8.12  ∇pol=0.33
[00:08:21] [ep26|s4830]  rw=-5.067  cd=-10.315  reg=5.249  │  e+=-5.21(±0.440)  e-=+5.01(±0.011)  sep=56.0  │  fm_e=+5.0  fm=ON  fb=100%  │  ∇rw=4.31  ∇pol=0.32
[00:09:03] [ep26|s4840]  rw=-5.175  cd=-10.339  reg=5.165  │  e+=-5.02(±1.121)  e-=+5.02(±0.033)  sep=29.9  │  fm_e=+5.0  fm=ON  fb=100%  │  ∇rw=2.11  ∇pol=0.41
[00:09:46] [ep26|s4850]  rw=-4.901  cd=-9.716  reg=4.815  │  e+=-4.81(±0.738)  e-=+4.95(±0.024)  sep=33.9  │  fm_e=+4.9  fm=ON  fb=100%  │  ∇rw=5.00  ∇pol=0.41
[00:10:28] [ep26|s4860]  rw=-5.063  cd=-10.262  reg=5.199  │  e+=-5.16(±0.745)  e-=+4.98(±0.024)  sep=37.9  │  fm_e=+5.0  fm=ON  fb=100%  │  ∇rw=1.52  ∇pol=0.38
[00:11:11] [ep26|s4870]  rw=-5.165  cd=-9.880  reg=4.715  │  e+=-4.69(±0.382)  e-=+5.00(±0.034)  sep=40.3  │  fm_e=+5.0  fm=ON  fb=100%  │  ∇rw=2.31  ∇pol=0.35
[00:11:53] [ep26|s4880]  rw=-5.074  cd=-10.463  reg=5.389  │  e+=-5.40(±0.365)  e-=+4.96(±0.026)  sep=47.5  │  fm_e=+5.0  fm=ON  fb=100%  │  ∇rw=2.14  ∇pol=0.38
[00:12:35] [ep26|s4890]  rw=-4.977  cd=-10.108  reg=5.130  │  e+=-5.10(±0.216)  e-=+5.02(±0.038)  sep=51.2  │  fm_e=+5.0  fm=ON  fb=100%  │  ∇rw=1.45  ∇pol=0.47
[00:13:18] [ep26|s4900]  rw=-4.990  cd=-10.083  reg=5.093  │  e+=-5.10(±0.490)  e-=+4.96(±0.029)  sep=47.3  │  fm_e=+5.0  fm=ON  fb=100%  │  ∇rw=3.50  ∇pol=0.34
[00:14:00] [ep26|s4910]  rw=-4.957  cd=-10.469  reg=5.512  │  e+=-5.53(±0.209)  e-=+4.95(±0.024)  sep=46.8  │  fm_e=+5.0  fm=ON  fb=100%  │  ∇rw=5.82  ∇pol=0.24
[00:14:42] [ep26|s4920]  rw=-4.969  cd=-9.810  reg=4.841  │  e+=-4.86(±0.200)  e-=+4.97(±0.024)  sep=55.9  │  fm_e=+5.0  fm=ON  fb=100%  │  ∇rw=4.63  ∇pol=0.52
[00:15:25] [ep26|s4930]  rw=-4.952  cd=-9.449  reg=4.496  │  e+=-4.64(±0.724)  e-=+4.78(±0.036)  sep=39.9  │  fm_e=+4.8  fm=ON  fb=100%  │  ∇rw=6.55  ∇pol=0.40
[00:16:07] [ep26|s4940]  rw=-5.062  cd=-10.343  reg=5.282  │  e+=-5.24(±0.273)  e-=+5.02(±0.041)  sep=67.6  │  fm_e=+5.0  fm=ON  fb=100%  │  ∇rw=2.11  ∇pol=0.49
[00:16:07] ══════════ VAL ep26 ══════════  ρ=+0.2542 (p=0.0006) [PASS ✓]  AUROC(E)=0.7037  ECE=0.7838  N=177
[00:16:08]   ckpt saved → ckpt_epoch0026.pt
[00:16:08] ──────────────────── Epoch 27/30 ────────────────────
[00:16:50] [ep27|s4950]  rw=-5.490  cd=-10.522  reg=5.032  │  e+=-4.92(±1.134)  e-=+4.98(±0.028)  sep=44.7  │  fm_e=+5.0  fm=ON  fb=100%  │  ∇rw=2.97  ∇pol=0.61
[00:17:32] [ep27|s4960]  rw=-4.941  cd=-9.608  reg=4.666  │  e+=-4.72(±0.955)  e-=+4.84(±0.166)  sep=34.0  │  fm_e=+4.8  fm=ON  fb=100%  │  ∇rw=8.81  ∇pol=0.42
[00:18:14] [ep27|s4970]  rw=-5.068  cd=-9.697  reg=4.629  │  e+=-4.19(±0.375)  e-=+5.34(±0.055)  sep=40.9  │  fm_e=+5.3  fm=ON  fb=100%  │  ∇rw=8.55  ∇pol=0.33
[00:18:57] [ep27|s4980]  rw=-5.043  cd=-10.343  reg=5.300  │  e+=-5.23(±0.788)  e-=+5.01(±0.035)  sep=35.4  │  fm_e=+5.0  fm=ON  fb=100%  │  ∇rw=1.81  ∇pol=0.26
[00:19:39] [ep27|s4990]  rw=-5.025  cd=-9.489  reg=4.464  │  e+=-4.47(±0.686)  e-=+4.92(±0.042)  sep=43.0  │  fm_e=+4.9  fm=ON  fb=100%  │  ∇rw=11.37  ∇pol=0.32
[00:20:21] [ep27|s5000]  rw=-5.069  cd=-9.704  reg=4.635  │  e+=-4.62(±0.340)  e-=+4.98(±0.024)  sep=37.0  │  fm_e=+5.0  fm=ON  fb=100%  │  ∇rw=2.85  ∇pol=1.02
[00:21:04] [ep27|s5010]  rw=-5.098  cd=-11.138  reg=6.040  │  e+=-5.99(±0.689)  e-=+4.90(±0.053)  sep=27.7  │  fm_e=+4.9  fm=ON  fb=100%  │  ∇rw=11.78  ∇pol=0.32
[00:21:46] [ep27|s5020]  rw=-5.067  cd=-10.169  reg=5.101  │  e+=-5.04(±0.441)  e-=+5.03(±0.027)  sep=45.1  │  fm_e=+5.0  fm=ON  fb=100%  │  ∇rw=7.26  ∇pol=0.32
[00:22:28] [ep27|s5030]  rw=-5.013  cd=-10.217  reg=5.204  │  e+=-5.26(±0.091)  e-=+4.94(±0.016)  sep=72.1  │  fm_e=+4.9  fm=ON  fb=100%  │  ∇rw=2.71  ∇pol=0.26
[00:23:11] [ep27|s5040]  rw=-5.045  cd=-10.909  reg=5.864  │  e+=-5.76(±0.318)  e-=+5.03(±0.021)  sep=48.4  │  fm_e=+5.0  fm=ON  fb=100%  │  ∇rw=6.35  ∇pol=0.25
[00:23:53] [ep27|s5050]  rw=-3.909  cd=-8.423  reg=4.515  │  e+=-4.44(±1.322)  e-=+4.21(±1.276)  sep=44.9  │  fm_e=+3.9  fm=ON  fb=100%  │  ∇rw=15.31  ∇pol=0.58
[00:24:35] [ep27|s5060]  rw=-4.975  cd=-9.619  reg=4.643  │  e+=-4.60(±0.233)  e-=+5.02(±0.042)  sep=47.3  │  fm_e=+5.0  fm=ON  fb=100%  │  ∇rw=1.40  ∇pol=0.44
[00:25:18] [ep27|s5070]  rw=-4.983  cd=-9.935  reg=4.952  │  e+=-4.95(±0.424)  e-=+4.98(±0.034)  sep=36.8  │  fm_e=+5.0  fm=ON  fb=100%  │  ∇rw=2.55  ∇pol=0.53
[00:26:00] [ep27|s5080]  rw=-5.009  cd=-10.278  reg=5.268  │  e+=-5.20(±0.526)  e-=+5.04(±0.059)  sep=36.6  │  fm_e=+5.0  fm=ON  fb=100%  │  ∇rw=2.29  ∇pol=0.27
[00:26:42] [ep27|s5090]  rw=-5.034  cd=-9.528  reg=4.494  │  e+=-4.40(±1.023)  e-=+4.95(±0.044)  sep=32.1  │  fm_e=+4.9  fm=ON  fb=100%  │  ∇rw=3.90  ∇pol=0.23
[00:27:25] [ep27|s5100]  rw=-4.823  cd=-11.215  reg=6.392  │  e+=-6.31(±0.336)  e-=+4.90(±0.040)  sep=40.8  │  fm_e=+4.9  fm=ON  fb=100%  │  ∇rw=20.34  ∇pol=0.44
[00:28:07] [ep27|s5110]  rw=-5.018  cd=-9.941  reg=4.922  │  e+=-4.91(±0.360)  e-=+4.99(±0.030)  sep=48.3  │  fm_e=+5.0  fm=ON  fb=100%  │  ∇rw=3.04  ∇pol=0.33
[00:28:49] [ep27|s5120]  rw=-4.925  cd=-9.871  reg=4.946  │  e+=-4.93(±0.618)  e-=+4.98(±0.023)  sep=35.5  │  fm_e=+5.0  fm=ON  fb=100%  │  ∇rw=3.25  ∇pol=0.57
[00:29:32] [ep27|s5130]  rw=-4.937  cd=-10.291  reg=5.354  │  e+=-5.45(±0.319)  e-=+4.87(±0.024)  sep=35.2  │  fm_e=+4.9  fm=ON  fb=100%  │  ∇rw=12.92  ∇pol=0.50
[00:29:32] ══════════ VAL ep27 ══════════  ρ=+0.2350 (p=0.0016) [PASS ✓]  AUROC(E)=0.6293  ECE=0.7957  N=177
[00:29:32]   ckpt saved → ckpt_epoch0027.pt
[00:29:32] ──────────────────── Epoch 28/30 ────────────────────
[00:30:15] [ep28|s5140]  rw=-4.903  cd=-10.190  reg=5.287  │  e+=-5.19(±0.381)  e-=+5.07(±0.018)  sep=73.0  │  fm_e=+5.1  fm=ON  fb=100%  │  ∇rw=6.62  ∇pol=0.46
[00:30:57] [ep28|s5150]  rw=-5.130  cd=-9.556  reg=4.426  │  e+=-4.37(±0.364)  e-=+5.00(±0.027)  sep=67.9  │  fm_e=+5.0  fm=ON  fb=100%  │  ∇rw=6.03  ∇pol=0.26
[00:31:40] [ep28|s5160]  rw=-5.022  cd=-10.351  reg=5.329  │  e+=-5.30(±0.210)  e-=+5.01(±0.019)  sep=63.3  │  fm_e=+5.0  fm=ON  fb=100%  │  ∇rw=3.52  ∇pol=0.29
[00:32:22] [ep28|s5170]  rw=-5.200  cd=-9.520  reg=4.319  │  e+=-4.19(±0.622)  e-=+5.02(±0.039)  sep=35.1  │  fm_e=+5.0  fm=ON  fb=100%  │  ∇rw=11.71  ∇pol=0.31
[00:33:04] [ep28|s5180]  rw=-4.984  cd=-9.784  reg=4.800  │  e+=-4.76(±0.262)  e-=+5.02(±0.030)  sep=39.2  │  fm_e=+5.0  fm=ON  fb=100%  │  ∇rw=2.88  ∇pol=0.35
[00:33:47] [ep28|s5190]  rw=-4.990  cd=-9.592  reg=4.603  │  e+=-4.48(±0.899)  e-=+5.01(±0.036)  sep=30.0  │  fm_e=+5.0  fm=ON  fb=100%  │  ∇rw=3.26  ∇pol=0.29
[00:34:29] [ep28|s5200]  rw=-4.797  cd=-10.114  reg=5.317  │  e+=-5.26(±1.049)  e-=+4.93(±0.017)  sep=16.7  │  fm_e=+4.9  fm=ON  fb=100%  │  ∇rw=4.73  ∇pol=0.23
[00:35:11] [ep28|s5210]  rw=-4.945  cd=-9.704  reg=4.759  │  e+=-4.88(±0.747)  e-=+4.81(±0.018)  sep=42.9  │  fm_e=+4.8  fm=ON  fb=100%  │  ∇rw=5.20  ∇pol=0.36
[00:35:54] [ep28|s5220]  rw=-4.946  cd=-9.634  reg=4.687  │  e+=-4.70(±0.369)  e-=+4.96(±0.019)  sep=49.7  │  fm_e=+5.0  fm=ON  fb=100%  │  ∇rw=5.15  ∇pol=0.47
[00:36:36] [ep28|s5230]  rw=-5.112  cd=-10.108  reg=4.996  │  e+=-4.93(±0.846)  e-=+4.99(±0.023)  sep=50.6  │  fm_e=+5.0  fm=ON  fb=100%  │  ∇rw=1.97  ∇pol=0.49
[00:37:18] [ep28|s5240]  rw=-4.973  cd=-10.397  reg=5.424  │  e+=-5.32(±0.738)  e-=+5.03(±0.032)  sep=35.6  │  fm_e=+5.0  fm=ON  fb=100%  │  ∇rw=4.51  ∇pol=0.35
[00:38:01] [ep28|s5250]  rw=-5.282  cd=-10.875  reg=5.593  │  e+=-5.35(±1.374)  e-=+5.04(±0.026)  sep=39.6  │  fm_e=+5.0  fm=ON  fb=100%  │  ∇rw=7.82  ∇pol=0.50
[00:38:43] [ep28|s5260]  rw=-5.112  cd=-10.433  reg=5.321  │  e+=-5.27(±0.505)  e-=+5.01(±0.031)  sep=41.0  │  fm_e=+5.0  fm=ON  fb=100%  │  ∇rw=2.11  ∇pol=0.35
[00:39:25] [ep28|s5270]  rw=-4.956  cd=-10.837  reg=5.881  │  e+=-5.84(±0.344)  e-=+4.96(±0.010)  sep=56.3  │  fm_e=+5.0  fm=ON  fb=100%  │  ∇rw=7.52  ∇pol=0.25
[00:40:08] [ep28|s5280]  rw=-5.083  cd=-9.831  reg=4.748  │  e+=-4.68(±0.473)  e-=+5.03(±0.026)  sep=37.3  │  fm_e=+5.0  fm=ON  fb=100%  │  ∇rw=9.86  ∇pol=0.28
[00:40:50] [ep28|s5290]  rw=-4.981  cd=-9.909  reg=4.927  │  e+=-4.90(±0.266)  e-=+5.02(±0.031)  sep=54.7  │  fm_e=+5.0  fm=ON  fb=100%  │  ∇rw=3.29  ∇pol=0.35
[00:41:32] [ep28|s5300]  rw=-5.129  cd=-10.312  reg=5.183  │  e+=-5.13(±0.748)  e-=+5.00(±0.020)  sep=35.6  │  fm_e=+5.0  fm=ON  fb=100%  │  ∇rw=1.76  ∇pol=0.33
[00:42:15] [ep28|s5310]  rw=-4.993  cd=-9.707  reg=4.713  │  e+=-4.71(±0.142)  e-=+5.00(±0.023)  sep=67.8  │  fm_e=+5.0  fm=ON  fb=100%  │  ∇rw=2.03  ∇pol=0.25
[00:42:57] [ep28|s5320]  rw=-4.939  cd=-9.303  reg=4.364  │  e+=-4.26(±0.214)  e-=+5.04(±0.012)  sep=50.6  │  fm_e=+5.0  fm=ON  fb=100%  │  ∇rw=3.67  ∇pol=0.27
[00:42:58] ══════════ VAL ep28 ══════════  ρ=+0.2572 (p=0.0005) [PASS ✓]  AUROC(E)=0.7316  ECE=0.7915  N=177
[00:42:58]   ckpt saved → ckpt_epoch0028.pt
[00:42:58] ──────────────────── Epoch 29/30 ────────────────────
[00:43:40] [ep29|s5330]  rw=-4.819  cd=-9.574  reg=4.755  │  e+=-4.53(±1.177)  e-=+5.06(±0.026)  sep=36.1  │  fm_e=+5.1  fm=ON  fb=100%  │  ∇rw=3.92  ∇pol=0.35
[00:44:23] [ep29|s5340]  rw=-5.086  cd=-10.491  reg=5.404  │  e+=-5.37(±0.428)  e-=+5.00(±0.020)  sep=34.6  │  fm_e=+5.0  fm=ON  fb=100%  │  ∇rw=6.17  ∇pol=0.23
[00:45:05] [ep29|s5350]  rw=-4.954  cd=-10.087  reg=5.133  │  e+=-5.21(±0.564)  e-=+4.88(±0.027)  sep=30.7  │  fm_e=+4.9  fm=ON  fb=100%  │  ∇rw=6.79  ∇pol=0.26
[00:45:47] [ep29|s5360]  rw=-4.967  cd=-9.287  reg=4.319  │  e+=-4.29(±0.320)  e-=+4.97(±0.022)  sep=37.4  │  fm_e=+5.0  fm=ON  fb=100%  │  ∇rw=12.83  ∇pol=0.41
[00:46:29] [ep29|s5370]  rw=-5.041  cd=-10.382  reg=5.341  │  e+=-5.42(±0.733)  e-=+4.85(±0.051)  sep=31.4  │  fm_e=+4.8  fm=ON  fb=100%  │  ∇rw=7.62  ∇pol=0.33
[00:47:12] [ep29|s5380]  rw=-4.783  cd=-8.628  reg=3.844  │  e+=-3.60(±0.452)  e-=+5.02(±0.041)  sep=29.7  │  fm_e=+5.0  fm=ON  fb=100%  │  ∇rw=5.85  ∇pol=0.28
[00:47:54] [ep29|s5390]  rw=-4.931  cd=-10.889  reg=5.958  │  e+=-5.77(±0.202)  e-=+5.12(±0.032)  sep=56.1  │  fm_e=+5.1  fm=ON  fb=100%  │  ∇rw=7.62  ∇pol=0.31
[00:48:36] [ep29|s5400]  rw=-4.989  cd=-10.006  reg=5.017  │  e+=-5.13(±0.240)  e-=+4.88(±0.024)  sep=74.2  │  fm_e=+4.9  fm=ON  fb=100%  │  ∇rw=4.41  ∇pol=0.56
[00:49:19] [ep29|s5410]  rw=-5.109  cd=-9.679  reg=4.571  │  e+=-4.45(±0.670)  e-=+5.04(±0.055)  sep=50.1  │  fm_e=+5.0  fm=ON  fb=100%  │  ∇rw=5.35  ∇pol=0.46
[00:50:01] [ep29|s5420]  rw=-4.929  cd=-10.652  reg=5.723  │  e+=-5.60(±0.355)  e-=+5.07(±0.014)  sep=45.1  │  fm_e=+5.1  fm=ON  fb=100%  │  ∇rw=3.14  ∇pol=0.51
[00:50:43] [ep29|s5430]  rw=-1.373  cd=-6.443  reg=5.071  │  e+=-4.88(±0.578)  e-=+1.56(±0.194)  sep=30.6  │  fm_e=+1.6  fm=ON  fb=100%  │  ∇rw=392.84  ∇pol=0.41
[00:51:26] [ep29|s5440]  rw=-4.935  cd=-10.095  reg=5.160  │  e+=-5.08(±0.854)  e-=+5.01(±0.024)  sep=28.8  │  fm_e=+5.0  fm=ON  fb=100%  │  ∇rw=3.81  ∇pol=0.35
[00:52:08] [ep29|s5450]  rw=-5.017  cd=-10.174  reg=5.157  │  e+=-5.21(±0.371)  e-=+4.93(±0.021)  sep=40.5  │  fm_e=+4.9  fm=ON  fb=100%  │  ∇rw=3.61  ∇pol=0.44
[00:52:51] [ep29|s5460]  rw=-5.180  cd=-9.746  reg=4.567  │  e+=-4.46(±0.847)  e-=+5.01(±0.022)  sep=36.1  │  fm_e=+5.0  fm=ON  fb=100%  │  ∇rw=5.85  ∇pol=0.67
[00:53:33] [ep29|s5470]  rw=-4.813  cd=-10.141  reg=5.329  │  e+=-5.26(±0.830)  e-=+4.99(±0.020)  sep=45.7  │  fm_e=+5.0  fm=ON  fb=100%  │  ∇rw=3.94  ∇pol=0.25
[00:54:15] [ep29|s5480]  rw=-4.945  cd=-9.569  reg=4.624  │  e+=-4.55(±0.740)  e-=+5.00(±0.021)  sep=49.9  │  fm_e=+5.0  fm=ON  fb=100%  │  ∇rw=1.60  ∇pol=0.25
[00:54:58] [ep29|s5490]  rw=-5.025  cd=-10.155  reg=5.129  │  e+=-4.98(±0.277)  e-=+5.14(±0.025)  sep=55.6  │  fm_e=+5.1  fm=ON  fb=100%  │  ∇rw=3.09  ∇pol=0.37
[00:55:40] [ep29|s5500]  rw=-5.010  cd=-9.279  reg=4.269  │  e+=-4.24(±0.183)  e-=+4.97(±0.021)  sep=46.1  │  fm_e=+5.0  fm=ON  fb=100%  │  ∇rw=7.69  ∇pol=0.30
[00:56:22] [ep29|s5510]  rw=-5.621  cd=-10.834  reg=5.213  │  e+=-5.01(±1.630)  e-=+4.93(±0.015)  sep=23.9  │  fm_e=+4.9  fm=ON  fb=100%  │  ∇rw=5.88  ∇pol=0.55
[00:56:23] ══════════ VAL ep29 ══════════  ρ=+0.2524 (p=0.0007) [PASS ✓]  AUROC(E)=0.7435  ECE=0.7931  N=177
[00:56:23]   ckpt saved → ckpt_epoch0029.pt
[00:56:23] ──────────────────── Epoch 30/30 ────────────────────
[00:57:06] [ep30|s5520]  rw=-4.865  cd=-9.944  reg=5.080  │  e+=-4.99(±0.903)  e-=+5.01(±0.020)  sep=24.3  │  fm_e=+5.0  fm=ON  fb=100%  │  ∇rw=2.81  ∇pol=0.44
[00:57:48] [ep30|s5530]  rw=-5.106  cd=-10.152  reg=5.046  │  e+=-5.06(±0.699)  e-=+4.94(±0.027)  sep=29.4  │  fm_e=+4.9  fm=ON  fb=100%  │  ∇rw=4.79  ∇pol=0.35
[00:58:30] [ep30|s5540]  rw=-5.021  cd=-9.603  reg=4.582  │  e+=-4.27(±0.725)  e-=+5.20(±0.041)  sep=22.9  │  fm_e=+5.2  fm=ON  fb=100%  │  ∇rw=9.86  ∇pol=0.46
[00:59:13] [ep30|s5550]  rw=-4.994  cd=-10.207  reg=5.213  │  e+=-5.23(±0.148)  e-=+4.97(±0.014)  sep=62.6  │  fm_e=+5.0  fm=ON  fb=100%  │  ∇rw=2.20  ∇pol=0.39
[00:59:55] [ep30|s5560]  rw=-4.976  cd=-10.452  reg=5.476  │  e+=-5.46(±0.502)  e-=+4.96(±0.012)  sep=34.4  │  fm_e=+5.0  fm=ON  fb=100%  │  ∇rw=2.03  ∇pol=0.35
[01:00:37] [ep30|s5570]  rw=-5.016  cd=-10.673  reg=5.657  │  e+=-5.60(±0.382)  e-=+5.00(±0.015)  sep=39.9  │  fm_e=+5.0  fm=ON  fb=100%  │  ∇rw=5.20  ∇pol=0.48
[01:01:20] [ep30|s5580]  rw=-4.904  cd=-9.674  reg=4.770  │  e+=-4.80(±0.663)  e-=+4.93(±0.020)  sep=37.5  │  fm_e=+4.9  fm=ON  fb=100%  │  ∇rw=4.89  ∇pol=0.30
[01:02:02] [ep30|s5590]  rw=-4.955  cd=-11.033  reg=6.078  │  e+=-6.00(±0.292)  e-=+4.97(±0.030)  sep=50.9  │  fm_e=+5.0  fm=ON  fb=100%  │  ∇rw=13.47  ∇pol=0.56
[01:02:44] [ep30|s5600]  rw=-4.979  cd=-10.199  reg=5.220  │  e+=-5.18(±0.428)  e-=+5.02(±0.016)  sep=45.1  │  fm_e=+5.0  fm=ON  fb=100%  │  ∇rw=3.75  ∇pol=0.33
[01:03:27] [ep30|s5610]  rw=-4.950  cd=-9.696  reg=4.746  │  e+=-4.35(±0.627)  e-=+5.30(±0.043)  sep=37.2  │  fm_e=+5.3  fm=ON  fb=100%  │  ∇rw=14.25  ∇pol=0.23
[01:04:09] [ep30|s5620]  rw=-5.060  cd=-9.266  reg=4.205  │  e+=-4.10(±0.572)  e-=+4.99(±0.010)  sep=44.7  │  fm_e=+5.0  fm=ON  fb=100%  │  ∇rw=9.60  ∇pol=0.37
[01:04:51] [ep30|s5630]  rw=-5.028  cd=-10.447  reg=5.418  │  e+=-5.38(±0.449)  e-=+5.00(±0.015)  sep=38.0  │  fm_e=+5.0  fm=ON  fb=100%  │  ∇rw=2.96  ∇pol=0.52
[01:05:34] [ep30|s5640]  rw=-4.988  cd=-9.800  reg=4.811  │  e+=-4.81(±0.216)  e-=+4.99(±0.018)  sep=42.8  │  fm_e=+5.0  fm=ON  fb=100%  │  ∇rw=2.12  ∇pol=0.25
[01:06:16] [ep30|s5650]  rw=-5.002  cd=-10.800  reg=5.798  │  e+=-5.61(±1.048)  e-=+5.04(±0.022)  sep=47.2  │  fm_e=+5.0  fm=ON  fb=100%  │  ∇rw=5.01  ∇pol=0.39
[01:06:58] [ep30|s5660]  rw=-5.145  cd=-9.661  reg=4.516  │  e+=-4.44(±0.768)  e-=+4.98(±0.013)  sep=32.1  │  fm_e=+5.0  fm=ON  fb=100%  │  ∇rw=3.78  ∇pol=0.36
[01:07:41] [ep30|s5670]  rw=-5.022  cd=-9.720  reg=4.698  │  e+=-4.66(±0.297)  e-=+5.01(±0.011)  sep=41.3  │  fm_e=+5.0  fm=ON  fb=100%  │  ∇rw=4.66  ∇pol=0.57
[01:08:23] [ep30|s5680]  rw=-5.177  cd=-10.269  reg=5.092  │  e+=-5.08(±0.561)  e-=+4.98(±0.010)  sep=48.7  │  fm_e=+5.0  fm=ON  fb=100%  │  ∇rw=3.39  ∇pol=0.29
[01:09:05] [ep30|s5690]  rw=-5.002  cd=-9.978  reg=4.976  │  e+=-4.96(±0.360)  e-=+5.00(±0.008)  sep=57.0  │  fm_e=+5.0  fm=ON  fb=100%  │  ∇rw=2.18  ∇pol=0.25
[01:09:48] [ep30|s5700]  rw=-3.818  cd=-8.503  reg=4.685  │  e+=-4.85(±0.364)  e-=+3.68(±1.395)  sep=34.3  │  fm_e=+3.3  fm=ON  fb=100%  │  ∇rw=136.54  ∇pol=0.31
[01:09:48] ══════════ VAL ep30 ══════════  ρ=+0.3229 (p=0.0000) [PASS ✓]  AUROC(E)=0.7398  ECE=0.7866  N=177 ◀ BEST
[01:09:49]   ckpt saved → ckpt_epoch0030.pt
