[01:32:47] ──────────────────── Epoch 01/200 ────────────────────
[01:32:49] ──────────────────── Epoch 02/200 ────────────────────
[01:32:50] ──────────────────── Epoch 03/200 ────────────────────
[01:32:51] ──────────────────── Epoch 04/200 ────────────────────
[01:32:52] ──────────────────── Epoch 05/200 ────────────────────
[01:32:54] ──────────────────── Epoch 06/200 ────────────────────
[01:32:55] ──────────────────── Epoch 07/200 ────────────────────
[01:32:56] ──────────────────── Epoch 08/200 ────────────────────
[01:32:57] ──────────────────── Epoch 09/200 ────────────────────
[01:32:58] ──────────────────── Epoch 10/200 ────────────────────
[01:32:59] [ep10|s0050]  loss=+0.2593  mse=0.2369  reg=0.0224
[01:33:00] ══════════ VAL ep10 ══════════  ρ=+0.1557 (p=0.0385) [PASS ✓]  AUROC(E)=0.6013  ECE=0.1800  N=177  avg_loss=0.2276
[01:33:00]   best so far: ρ=0.1557 @ ep10
[01:33:02]   ckpt saved → ckpt_epoch0010.pt
[01:33:02] ──────────────────── Epoch 11/200 ────────────────────
[01:33:03] ──────────────────── Epoch 12/200 ────────────────────
[01:33:04] ──────────────────── Epoch 13/200 ────────────────────
[01:33:05] ──────────────────── Epoch 14/200 ────────────────────
[01:33:06] ──────────────────── Epoch 15/200 ────────────────────
[01:33:08] ──────────────────── Epoch 16/200 ────────────────────
[01:33:08] ──────────────────── Epoch 17/200 ────────────────────
[01:33:09] ──────────────────── Epoch 18/200 ────────────────────
[01:33:10] ──────────────────── Epoch 19/200 ────────────────────
[01:33:11] ──────────────────── Epoch 20/200 ────────────────────
[01:33:12] [ep20|s0100]  loss=+0.3234  mse=0.3097  reg=0.0137
[01:33:13] ══════════ VAL ep20 ══════════  ρ=+0.2451 (p=0.0010) [PASS ✓]  AUROC(E)=0.7062  ECE=0.2299  N=177  avg_loss=0.2241
[01:33:13]   best so far: ρ=0.2451 @ ep20
[01:33:14]   ckpt saved → ckpt_epoch0020.pt
[01:33:14] ──────────────────── Epoch 21/200 ────────────────────
[01:33:15] ──────────────────── Epoch 22/200 ────────────────────
[01:33:16] ──────────────────── Epoch 23/200 ────────────────────
[01:33:17] ──────────────────── Epoch 24/200 ────────────────────
[01:33:18] ──────────────────── Epoch 25/200 ────────────────────
[01:33:19] ──────────────────── Epoch 26/200 ────────────────────
[01:33:20] ──────────────────── Epoch 27/200 ────────────────────
[01:33:21] ──────────────────── Epoch 28/200 ────────────────────
[01:33:22] ──────────────────── Epoch 29/200 ────────────────────
[01:33:23] ──────────────────── Epoch 30/200 ────────────────────
[01:33:24] [ep30|s0150]  loss=+0.2239  mse=0.1943  reg=0.0295
[01:33:25] ══════════ VAL ep30 ══════════  ρ=+0.3156 (p=0.0000) [PASS ✓]  AUROC(E)=0.7053  ECE=0.2385  N=177  avg_loss=0.1584
[01:33:25]   best so far: ρ=0.3156 @ ep30
[01:33:26]   ckpt saved → ckpt_epoch0030.pt
[01:33:26] ──────────────────── Epoch 31/200 ────────────────────
[01:33:27] ──────────────────── Epoch 32/200 ────────────────────
[01:33:28] ──────────────────── Epoch 33/200 ────────────────────
[01:33:29] ──────────────────── Epoch 34/200 ────────────────────
[01:33:30] ──────────────────── Epoch 35/200 ────────────────────
[01:33:30] ──────────────────── Epoch 36/200 ────────────────────
[01:33:31] ──────────────────── Epoch 37/200 ────────────────────
[01:33:32] ──────────────────── Epoch 38/200 ────────────────────
[01:33:33] ──────────────────── Epoch 39/200 ────────────────────
[01:33:34] ──────────────────── Epoch 40/200 ────────────────────
[01:33:34] [ep40|s0200]  loss=+0.1341  mse=0.1127  reg=0.0214
[01:33:35] ══════════ VAL ep40 ══════════  ρ=+0.3038 (p=0.0000) [PASS ✓]  AUROC(E)=0.6874  ECE=0.2085  N=177  avg_loss=0.1584
[01:33:35]   best so far: ρ=0.3156 @ ep30
[01:33:36]   ckpt saved → ckpt_epoch0040.pt
[01:33:36] ──────────────────── Epoch 41/200 ────────────────────
[01:33:37] ──────────────────── Epoch 42/200 ────────────────────
[01:33:38] ──────────────────── Epoch 43/200 ────────────────────
[01:33:38] ──────────────────── Epoch 44/200 ────────────────────
[01:33:39] ──────────────────── Epoch 45/200 ────────────────────
[01:33:39] ──────────────────── Epoch 46/200 ────────────────────
[01:33:40] ──────────────────── Epoch 47/200 ────────────────────
[01:33:40] ──────────────────── Epoch 48/200 ────────────────────
[01:33:41] ──────────────────── Epoch 49/200 ────────────────────
[01:33:42] ──────────────────── Epoch 50/200 ────────────────────
[01:33:42] [ep50|s0250]  loss=+0.1209  mse=0.0781  reg=0.0428
[01:33:43] ══════════ VAL ep50 ══════════  ρ=+0.3535 (p=0.0000) [PASS ✓]  AUROC(E)=0.7103  ECE=0.2225  N=177  avg_loss=0.1017
[01:33:43]   best so far: ρ=0.3535 @ ep50
[01:33:44]   ckpt saved → ckpt_epoch0050.pt
[01:33:44] ──────────────────── Epoch 51/200 ────────────────────
[01:33:46] ──────────────────── Epoch 52/200 ────────────────────
[01:33:47] ──────────────────── Epoch 53/200 ────────────────────
[01:33:48] ──────────────────── Epoch 54/200 ────────────────────
[01:33:49] ──────────────────── Epoch 55/200 ────────────────────
[01:33:50] ──────────────────── Epoch 56/200 ────────────────────
[01:33:51] ──────────────────── Epoch 57/200 ────────────────────
[01:33:52] ──────────────────── Epoch 58/200 ────────────────────
[01:33:53] ──────────────────── Epoch 59/200 ────────────────────
[01:33:54] ──────────────────── Epoch 60/200 ────────────────────
[01:33:55] [ep60|s0300]  loss=+0.0838  mse=0.0563  reg=0.0274
[01:33:56] ══════════ VAL ep60 ══════════  ρ=+0.2960 (p=0.0001) [PASS ✓]  AUROC(E)=0.6711  ECE=0.2166  N=177  avg_loss=0.0808
[01:33:56]   best so far: ρ=0.3535 @ ep50
[01:33:58]   ckpt saved → ckpt_epoch0060.pt
[01:33:58] ──────────────────── Epoch 61/200 ────────────────────
[01:33:59] ──────────────────── Epoch 62/200 ────────────────────
[01:34:00] ──────────────────── Epoch 63/200 ────────────────────
[01:34:01] ──────────────────── Epoch 64/200 ────────────────────
[01:34:02] ──────────────────── Epoch 65/200 ────────────────────
[01:34:02] ──────────────────── Epoch 66/200 ────────────────────
[01:34:03] ──────────────────── Epoch 67/200 ────────────────────
[01:34:04] ──────────────────── Epoch 68/200 ────────────────────
[01:34:05] ──────────────────── Epoch 69/200 ────────────────────
[01:34:06] ──────────────────── Epoch 70/200 ────────────────────
[01:34:07] [ep70|s0350]  loss=+0.0665  mse=0.0420  reg=0.0245
[01:34:08] ══════════ VAL ep70 ══════════  ρ=+0.3166 (p=0.0000) [PASS ✓]  AUROC(E)=0.6911  ECE=0.2266  N=177  avg_loss=0.0725
[01:34:08]   best so far: ρ=0.3535 @ ep50
[01:34:10]   ckpt saved → ckpt_epoch0070.pt
[01:34:10] ──────────────────── Epoch 71/200 ────────────────────
[01:34:11] ──────────────────── Epoch 72/200 ────────────────────
[01:34:12] ──────────────────── Epoch 73/200 ────────────────────
[01:34:14] ──────────────────── Epoch 74/200 ────────────────────
[01:34:15] ──────────────────── Epoch 75/200 ────────────────────
[01:34:16] ──────────────────── Epoch 76/200 ────────────────────
[01:34:17] ──────────────────── Epoch 77/200 ────────────────────
[01:34:19] ──────────────────── Epoch 78/200 ────────────────────
[01:34:20] ──────────────────── Epoch 79/200 ────────────────────
[01:34:21] ──────────────────── Epoch 80/200 ────────────────────
[01:34:22] [ep80|s0400]  loss=+0.0574  mse=0.0255  reg=0.0319
[01:34:23] ══════════ VAL ep80 ══════════  ρ=+0.2768 (p=0.0002) [PASS ✓]  AUROC(E)=0.6466  ECE=0.2255  N=177  avg_loss=0.0552
[01:34:23]   best so far: ρ=0.3535 @ ep50
[01:34:25]   ckpt saved → ckpt_epoch0080.pt
[01:34:25] ──────────────────── Epoch 81/200 ────────────────────
[01:34:26] ──────────────────── Epoch 82/200 ────────────────────
[01:34:27] ──────────────────── Epoch 83/200 ────────────────────
[01:34:28] ──────────────────── Epoch 84/200 ────────────────────
[01:34:29] ──────────────────── Epoch 85/200 ────────────────────
[01:34:30] ──────────────────── Epoch 86/200 ────────────────────
[01:34:32] ──────────────────── Epoch 87/200 ────────────────────
[01:34:33] ──────────────────── Epoch 88/200 ────────────────────
[01:34:34] ──────────────────── Epoch 89/200 ────────────────────
[01:34:35] ──────────────────── Epoch 90/200 ────────────────────
[01:34:36] [ep90|s0450]  loss=+0.0549  mse=0.0282  reg=0.0266
[01:34:37] ══════════ VAL ep90 ══════════  ρ=+0.2889 (p=0.0001) [PASS ✓]  AUROC(E)=0.6872  ECE=0.2126  N=177  avg_loss=0.0526
[01:34:37]   best so far: ρ=0.3535 @ ep50
[01:34:39]   ckpt saved → ckpt_epoch0090.pt
[01:34:39] ──────────────────── Epoch 91/200 ────────────────────
[01:34:40] ──────────────────── Epoch 92/200 ────────────────────
[01:34:41] ──────────────────── Epoch 93/200 ────────────────────
[01:34:42] ──────────────────── Epoch 94/200 ────────────────────
[01:34:44] ──────────────────── Epoch 95/200 ────────────────────
[01:34:46] ──────────────────── Epoch 96/200 ────────────────────
[01:34:48] ──────────────────── Epoch 97/200 ────────────────────
[01:34:52] ──────────────────── Epoch 98/200 ────────────────────
[01:34:55] ──────────────────── Epoch 99/200 ────────────────────
[01:34:57] ──────────────────── Epoch 100/200 ────────────────────
[01:34:58] [ep100|s0500]  loss=+0.0625  mse=0.0274  reg=0.0352
[01:35:00] ══════════ VAL ep100 ══════════  ρ=+0.2864 (p=0.0001) [PASS ✓]  AUROC(E)=0.6448  ECE=0.2189  N=177  avg_loss=0.0607
[01:35:00]   best so far: ρ=0.3535 @ ep50
[01:35:01]   ckpt saved → ckpt_epoch0100.pt
[01:35:01] ──────────────────── Epoch 101/200 ────────────────────
[01:35:02] ──────────────────── Epoch 102/200 ────────────────────
[01:35:04] ──────────────────── Epoch 103/200 ────────────────────
[01:35:05] ──────────────────── Epoch 104/200 ────────────────────
[01:35:06] ──────────────────── Epoch 105/200 ────────────────────
[01:35:07] ──────────────────── Epoch 106/200 ────────────────────
[01:35:09] ──────────────────── Epoch 107/200 ────────────────────
[01:35:10] ──────────────────── Epoch 108/200 ────────────────────
[01:35:12] ──────────────────── Epoch 109/200 ────────────────────
[01:35:13] ──────────────────── Epoch 110/200 ────────────────────
[01:35:14] [ep110|s0550]  loss=+0.0623  mse=0.0155  reg=0.0468
[01:35:15] ══════════ VAL ep110 ══════════  ρ=+0.2548 (p=0.0006) [PASS ✓]  AUROC(E)=0.6678  ECE=0.2176  N=177  avg_loss=0.0538
[01:35:15]   best so far: ρ=0.3535 @ ep50
[01:35:17]   ckpt saved → ckpt_epoch0110.pt
[01:35:17] ──────────────────── Epoch 111/200 ────────────────────
[01:35:18] ──────────────────── Epoch 112/200 ────────────────────
[01:35:19] ──────────────────── Epoch 113/200 ────────────────────
[01:35:20] ──────────────────── Epoch 114/200 ────────────────────
[01:35:22] ──────────────────── Epoch 115/200 ────────────────────
[01:35:24] ──────────────────── Epoch 116/200 ────────────────────
[01:35:26] ──────────────────── Epoch 117/200 ────────────────────
[01:35:28] ──────────────────── Epoch 118/200 ────────────────────
[01:35:31] ──────────────────── Epoch 119/200 ────────────────────
[01:35:35] ──────────────────── Epoch 120/200 ────────────────────
[01:35:38] [ep120|s0600]  loss=+0.0522  mse=0.0060  reg=0.0462
[01:35:40] ══════════ VAL ep120 ══════════  ρ=+0.2728 (p=0.0002) [PASS ✓]  AUROC(E)=0.6730  ECE=0.2169  N=177  avg_loss=0.0473
[01:35:40]   best so far: ρ=0.3535 @ ep50
[01:35:42]   ckpt saved → ckpt_epoch0120.pt
[01:35:42] ──────────────────── Epoch 121/200 ────────────────────
[01:35:44] ──────────────────── Epoch 122/200 ────────────────────
[01:35:47] ──────────────────── Epoch 123/200 ────────────────────
[01:35:50] ──────────────────── Epoch 124/200 ────────────────────
[01:35:52] ──────────────────── Epoch 125/200 ────────────────────
[01:35:54] ──────────────────── Epoch 126/200 ────────────────────
[01:35:56] ──────────────────── Epoch 127/200 ────────────────────
[01:35:58] ──────────────────── Epoch 128/200 ────────────────────
[01:36:00] ──────────────────── Epoch 129/200 ────────────────────
[01:36:03] ──────────────────── Epoch 130/200 ────────────────────
[01:36:05] [ep130|s0650]  loss=+0.0296  mse=0.0084  reg=0.0212
[01:36:06] ══════════ VAL ep130 ══════════  ρ=+0.2596 (p=0.0005) [PASS ✓]  AUROC(E)=0.6577  ECE=0.2191  N=177  avg_loss=0.0488
[01:36:06]   best so far: ρ=0.3535 @ ep50
[01:36:07]   ckpt saved → ckpt_epoch0130.pt
[01:36:08] ──────────────────── Epoch 131/200 ────────────────────
[01:36:09] ──────────────────── Epoch 132/200 ────────────────────
[01:36:10] ──────────────────── Epoch 133/200 ────────────────────
[01:36:11] ──────────────────── Epoch 134/200 ────────────────────
[01:36:13] ──────────────────── Epoch 135/200 ────────────────────
[01:36:14] ──────────────────── Epoch 136/200 ────────────────────
[01:36:15] ──────────────────── Epoch 137/200 ────────────────────
[01:36:17] ──────────────────── Epoch 138/200 ────────────────────
[01:36:18] ──────────────────── Epoch 139/200 ────────────────────
[01:36:19] ──────────────────── Epoch 140/200 ────────────────────
[01:36:20] [ep140|s0700]  loss=+0.0300  mse=0.0040  reg=0.0260
[01:36:22] ══════════ VAL ep140 ══════════  ρ=+0.2621 (p=0.0004) [PASS ✓]  AUROC(E)=0.6583  ECE=0.2135  N=177  avg_loss=0.0343
[01:36:22]   best so far: ρ=0.3535 @ ep50
[01:36:23]   ckpt saved → ckpt_epoch0140.pt
[01:36:23] ──────────────────── Epoch 141/200 ────────────────────
[01:36:24] ──────────────────── Epoch 142/200 ────────────────────
[01:36:25] ──────────────────── Epoch 143/200 ────────────────────
[01:36:26] ──────────────────── Epoch 144/200 ────────────────────
[01:36:27] ──────────────────── Epoch 145/200 ────────────────────
[01:36:28] ──────────────────── Epoch 146/200 ────────────────────
[01:36:29] ──────────────────── Epoch 147/200 ────────────────────
[01:36:30] ──────────────────── Epoch 148/200 ────────────────────
[01:36:31] ──────────────────── Epoch 149/200 ────────────────────
[01:36:32] ──────────────────── Epoch 150/200 ────────────────────
[01:36:32] [ep150|s0750]  loss=+0.0192  mse=0.0031  reg=0.0161
[01:36:33] ══════════ VAL ep150 ══════════  ρ=+0.2650 (p=0.0004) [PASS ✓]  AUROC(E)=0.6610  ECE=0.2118  N=177  avg_loss=0.0306
[01:36:33]   best so far: ρ=0.3535 @ ep50
[01:36:35]   ckpt saved → ckpt_epoch0150.pt
[01:36:35] ──────────────────── Epoch 151/200 ────────────────────
[01:36:36] ──────────────────── Epoch 152/200 ────────────────────
[01:36:37] ──────────────────── Epoch 153/200 ────────────────────
[01:36:38] ──────────────────── Epoch 154/200 ────────────────────
[01:36:38] ──────────────────── Epoch 155/200 ────────────────────
[01:36:39] ──────────────────── Epoch 156/200 ────────────────────
[01:36:40] ──────────────────── Epoch 157/200 ────────────────────
[01:36:41] ──────────────────── Epoch 158/200 ────────────────────
[01:36:42] ──────────────────── Epoch 159/200 ────────────────────
[01:36:43] ──────────────────── Epoch 160/200 ────────────────────
[01:36:44] [ep160|s0800]  loss=+0.0239  mse=0.0044  reg=0.0195
[01:36:45] ══════════ VAL ep160 ══════════  ρ=+0.2673 (p=0.0003) [PASS ✓]  AUROC(E)=0.6650  ECE=0.2193  N=177  avg_loss=0.0326
[01:36:45]   best so far: ρ=0.3535 @ ep50
[01:36:47]   ckpt saved → ckpt_epoch0160.pt
[01:36:47] ──────────────────── Epoch 161/200 ────────────────────
[01:36:47] ──────────────────── Epoch 162/200 ────────────────────
[01:36:48] ──────────────────── Epoch 163/200 ────────────────────
[01:36:49] ──────────────────── Epoch 164/200 ────────────────────
[01:36:50] ──────────────────── Epoch 165/200 ────────────────────
[01:36:51] ──────────────────── Epoch 166/200 ────────────────────
[01:36:52] ──────────────────── Epoch 167/200 ────────────────────
[01:36:53] ──────────────────── Epoch 168/200 ────────────────────
[01:36:55] ──────────────────── Epoch 169/200 ────────────────────
[01:36:56] ──────────────────── Epoch 170/200 ────────────────────
[01:36:57] [ep170|s0850]  loss=+0.0670  mse=0.0060  reg=0.0610
[01:36:58] ══════════ VAL ep170 ══════════  ρ=+0.2734 (p=0.0002) [PASS ✓]  AUROC(E)=0.6643  ECE=0.2166  N=177  avg_loss=0.0502
[01:36:58]   best so far: ρ=0.3535 @ ep50
[01:36:59]   ckpt saved → ckpt_epoch0170.pt
[01:36:59] ──────────────────── Epoch 171/200 ────────────────────
[01:37:00] ──────────────────── Epoch 172/200 ────────────────────
[01:37:01] ──────────────────── Epoch 173/200 ────────────────────
[01:37:03] ──────────────────── Epoch 174/200 ────────────────────
[01:37:04] ──────────────────── Epoch 175/200 ────────────────────
[01:37:05] ──────────────────── Epoch 176/200 ────────────────────
[01:37:06] ──────────────────── Epoch 177/200 ────────────────────
[01:37:08] ──────────────────── Epoch 178/200 ────────────────────
[01:37:09] ──────────────────── Epoch 179/200 ────────────────────
[01:37:10] ──────────────────── Epoch 180/200 ────────────────────
[01:37:11] [ep180|s0900]  loss=+0.0222  mse=0.0038  reg=0.0184
[01:37:12] ══════════ VAL ep180 ══════════  ρ=+0.2659 (p=0.0003) [PASS ✓]  AUROC(E)=0.6609  ECE=0.2122  N=177  avg_loss=0.0419
[01:37:12]   best so far: ρ=0.3535 @ ep50
[01:37:14]   ckpt saved → ckpt_epoch0180.pt
[01:37:14] ──────────────────── Epoch 181/200 ────────────────────
[01:37:15] ──────────────────── Epoch 182/200 ────────────────────
[01:37:16] ──────────────────── Epoch 183/200 ────────────────────
[01:37:17] ──────────────────── Epoch 184/200 ────────────────────
[01:37:18] ──────────────────── Epoch 185/200 ────────────────────
[01:37:19] ──────────────────── Epoch 186/200 ────────────────────
[01:37:20] ──────────────────── Epoch 187/200 ────────────────────
[01:37:21] ──────────────────── Epoch 188/200 ────────────────────
[01:37:23] ──────────────────── Epoch 189/200 ────────────────────
[01:37:24] ──────────────────── Epoch 190/200 ────────────────────
[01:37:25] [ep190|s0950]  loss=+0.0422  mse=0.0055  reg=0.0368
[01:37:25] ══════════ VAL ep190 ══════════  ρ=+0.2655 (p=0.0004) [PASS ✓]  AUROC(E)=0.6611  ECE=0.2173  N=177  avg_loss=0.0346
[01:37:26]   best so far: ρ=0.3535 @ ep50
[01:37:27]   ckpt saved → ckpt_epoch0190.pt
[01:37:27] ──────────────────── Epoch 191/200 ────────────────────
[01:37:28] ──────────────────── Epoch 192/200 ────────────────────
[01:37:29] ──────────────────── Epoch 193/200 ────────────────────
[01:37:30] ──────────────────── Epoch 194/200 ────────────────────
[01:37:31] ──────────────────── Epoch 195/200 ────────────────────
[01:37:32] ──────────────────── Epoch 196/200 ────────────────────
[01:37:34] ──────────────────── Epoch 197/200 ────────────────────
[01:37:35] ──────────────────── Epoch 198/200 ────────────────────
[01:37:36] ──────────────────── Epoch 199/200 ────────────────────
[01:37:37] ──────────────────── Epoch 200/200 ────────────────────
[01:37:38] [ep200|s1000]  loss=+0.0353  mse=0.0051  reg=0.0302
[01:37:39] ══════════ VAL ep200 ══════════  ρ=+0.2656 (p=0.0004) [PASS ✓]  AUROC(E)=0.6609  ECE=0.2121  N=177  avg_loss=0.0344
[01:37:39]   best so far: ρ=0.3535 @ ep50
[01:37:40]   ckpt saved → ckpt_epoch0200.pt
