[21:54:02] ──────────────────── Epoch 01/30 ────────────────────
[21:55:05] [ep01|s0010]  rw=-2.162  cd=-5.123  reg=2.960  │  e+=-1.90(±3.074)  e-=+4.04(±0.009)  sep=-1.0  │  fm_e=-8.1  fm=off  │  ∇rw=154.74  ∇pol=1.83
[21:56:07] [ep01|s0020]  rw=-4.943  cd=-9.603  reg=4.660  │  e+=-4.54(±0.108)  e-=+5.07(±0.015)  sep=-1.0  │  fm_e=-4.8  fm=off  │  ∇rw=2.70  ∇pol=1.67
[21:57:09] [ep01|s0030]  rw=-1.611  cd=-7.935  reg=6.323  │  e+=-5.30(±0.141)  e-=+2.67(±0.041)  sep=-1.0  │  fm_e=-5.0  fm=off  │  ∇rw=462.24  ∇pol=2.24
[21:58:12] [ep01|s0040]  rw=-4.854  cd=-8.673  reg=3.819  │  e+=-3.92(±0.071)  e-=+4.75(±0.009)  sep=-1.0  │  fm_e=-4.0  fm=off  │  ∇rw=4.92  ∇pol=1.01
[21:59:14] [ep01|s0050]  rw=-5.156  cd=-9.729  reg=4.573  │  e+=-4.58(±0.738)  e-=+4.91(±0.012)  sep=-1.0  │  fm_e=-10.0  fm=off  │  ∇rw=1.42  ∇pol=1.18
[22:00:17] [ep01|s0060]  rw=-5.377  cd=-10.175  reg=4.799  │  e+=-4.95(±1.343)  e-=+4.62(±0.014)  sep=-1.0  │  fm_e=-7.7  fm=off  │  ∇rw=37.02  ∇pol=2.85
[22:01:20] [ep01|s0070]  rw=-4.963  cd=-10.172  reg=5.210  │  e+=-5.11(±0.593)  e-=+5.06(±0.004)  sep=-1.0  │  fm_e=-6.2  fm=off  │  ∇rw=2.35  ∇pol=1.35
[22:02:23] [ep01|s0080]  rw=-1.737  cd=-2.580  reg=0.843  │  e+=-2.04(±0.226)  e-=+0.53(±0.011)  sep=-1.0  │  fm_e=-0.8  fm=off  │  ∇rw=38.24  ∇pol=2.42
[22:03:26] [ep01|s0090]  rw=-4.874  cd=-8.612  reg=3.739  │  e+=-4.69(±0.270)  e-=+3.91(±0.042)  sep=-1.0  │  fm_e=-4.8  fm=off  │  ∇rw=26.14  ∇pol=1.10
[22:03:58] ══════════ VAL ep01 ══════════  ρ=+0.0833 (p=0.2702) [FAIL ✗]  AUROC(E)=0.5880  ECE=0.7989  N=177 ◀ BEST
[22:04:02]   ckpt saved → ckpt_epoch0001.pt
[22:04:02] ──────────────────── Epoch 02/30 ────────────────────
[22:04:34] [ep02|s0100]  rw=-4.926  cd=-9.876  reg=4.949  │  e+=-5.34(±0.321)  e-=+4.50(±0.079)  sep=-1.0  │  fm_e=-5.3  fm=off  │  ∇rw=30.61  ∇pol=1.35
[22:05:36] [ep02|s0110]  rw=-4.983  cd=-9.589  reg=4.606  │  e+=-4.87(±0.171)  e-=+4.71(±0.023)  sep=-1.0  │  fm_e=-4.6  fm=off  │  ∇rw=6.84  ∇pol=0.98
[22:06:40] [ep02|s0120]  rw=-4.962  cd=-10.157  reg=5.196  │  e+=-5.21(±0.172)  e-=+4.98(±0.019)  sep=-1.0  │  fm_e=-5.3  fm=off  │  ∇rw=1.92  ∇pol=1.34
[22:07:43] [ep02|s0130]  rw=-4.858  cd=-10.529  reg=5.671  │  e+=-5.57(±0.539)  e-=+5.02(±0.015)  sep=-1.0  │  fm_e=-5.7  fm=off  │  ∇rw=3.61  ∇pol=0.72
[22:08:46] [ep02|s0140]  rw=-4.980  cd=-9.590  reg=4.609  │  e+=-4.94(±0.125)  e-=+4.64(±0.006)  sep=-1.0  │  fm_e=-4.8  fm=off  │  ∇rw=5.89  ∇pol=0.84
[22:09:49] [ep02|s0150]  rw=-4.842  cd=-10.268  reg=5.426  │  e+=-5.57(±0.769)  e-=+4.75(±0.025)  sep=-1.0  │  fm_e=-5.3  fm=off  │  ∇rw=5.44  ∇pol=0.72
[22:10:52] [ep02|s0160]  rw=-4.960  cd=-10.736  reg=5.776  │  e+=-5.59(±0.083)  e-=+5.15(±0.028)  sep=-1.0  │  fm_e=-5.6  fm=off  │  ∇rw=4.15  ∇pol=1.89
[22:11:55] [ep02|s0170]  rw=-4.955  cd=-9.799  reg=4.845  │  e+=-4.95(±0.183)  e-=+4.88(±0.016)  sep=-1.0  │  fm_e=-5.2  fm=off  │  ∇rw=4.30  ∇pol=0.53
[22:12:58] [ep02|s0180]  rw=-5.070  cd=-10.133  reg=5.063  │  e+=-5.04(±0.267)  e-=+5.01(±0.035)  sep=-1.0  │  fm_e=-4.9  fm=off  │  ∇rw=2.55  ∇pol=0.98
[22:14:01] [ep02|s0190]  rw=-4.979  cd=-10.886  reg=5.907  │  e+=-5.78(±0.485)  e-=+5.04(±0.016)  sep=-0.6  │  fm_e=-6.1  fm=off  │  ∇rw=4.80  ∇pol=0.54
[22:14:04] ══════════ VAL ep02 ══════════  ρ=+0.1485 (p=0.0485) [PASS ✓]  AUROC(E)=0.5379  ECE=0.7964  N=177 ◀ BEST
[22:14:11]   ckpt saved → ckpt_epoch0002.pt
[22:14:11] ──────────────────── Epoch 03/30 ────────────────────
[22:15:14] [ep03|s0200]  rw=-4.981  cd=-10.125  reg=5.144  │  e+=-4.65(±0.418)  e-=+5.44(±0.011)  sep=0.3  │  fm_e=-4.6  fm=off  │  ∇rw=5.44  ∇pol=1.06
[22:16:17] [ep03|s0210]  rw=-4.776  cd=-10.210  reg=5.435  │  e+=-5.39(±0.711)  e-=+4.98(±0.023)  sep=0.7  │  fm_e=-5.6  fm=off  │  ∇rw=4.10  ∇pol=1.07
[22:17:14] [ep03|s0220]  rw=-5.055  cd=-10.052  reg=4.996  │  e+=-4.89(±0.420)  e-=+5.08(±0.015)  sep=36.1  │  fm_e=+5.1  fm=ON  fb=100%  │  ∇rw=2.85  ∇pol=0.97
[22:17:58] [ep03|s0230]  rw=-4.953  cd=-10.186  reg=5.234  │  e+=-5.28(±0.120)  e-=+4.93(±0.032)  sep=113.6  │  fm_e=+4.9  fm=ON  fb=100%  │  ∇rw=5.79  ∇pol=0.91
[22:18:41] [ep03|s0240]  rw=-4.879  cd=-10.238  reg=5.358  │  e+=-5.39(±0.503)  e-=+4.92(±0.011)  sep=132.8  │  fm_e=+4.9  fm=ON  fb=100%  │  ∇rw=4.41  ∇pol=0.62
[22:19:25] [ep03|s0250]  rw=-4.955  cd=-10.561  reg=5.606  │  e+=-5.49(±0.308)  e-=+5.08(±0.039)  sep=41.6  │  fm_e=+5.1  fm=ON  fb=100%  │  ∇rw=3.18  ∇pol=0.83
[22:20:08] [ep03|s0260]  rw=-5.037  cd=-9.765  reg=4.727  │  e+=-4.63(±0.480)  e-=+5.06(±0.012)  sep=82.4  │  fm_e=+5.1  fm=ON  fb=100%  │  ∇rw=1.75  ∇pol=0.76
[22:20:52] [ep03|s0270]  rw=-4.947  cd=-10.260  reg=5.312  │  e+=-5.28(±0.229)  e-=+5.02(±0.012)  sep=81.6  │  fm_e=+5.0  fm=ON  fb=100%  │  ∇rw=2.67  ∇pol=0.74
[22:21:35] [ep03|s0280]  rw=-4.975  cd=-10.157  reg=5.181  │  e+=-5.18(±0.153)  e-=+4.99(±0.004)  sep=66.2  │  fm_e=+5.0  fm=ON  fb=100%  │  ∇rw=1.78  ∇pol=1.07
[22:22:00] ══════════ VAL ep03 ══════════  ρ=+0.0680 (p=0.3687) [FAIL ✗]  AUROC(E)=0.5907  ECE=0.7959  N=177
[22:22:03]   ckpt saved → ckpt_epoch0003.pt
[22:22:03] ──────────────────── Epoch 04/30 ────────────────────
[22:22:26] [ep04|s0290]  rw=-4.943  cd=-9.407  reg=4.464  │  e+=-4.48(±0.435)  e-=+4.93(±0.019)  sep=62.5  │  fm_e=+4.9  fm=ON  fb=100%  │  ∇rw=2.34  ∇pol=0.51
[22:23:09] [ep04|s0300]  rw=-5.031  cd=-10.317  reg=5.286  │  e+=-5.24(±0.142)  e-=+5.03(±0.018)  sep=87.2  │  fm_e=+5.0  fm=ON  fb=100%  │  ∇rw=2.90  ∇pol=1.27
[22:23:53] [ep04|s0310]  rw=-5.003  cd=-9.936  reg=4.933  │  e+=-5.09(±0.461)  e-=+4.81(±0.019)  sep=41.4  │  fm_e=+4.8  fm=ON  fb=100%  │  ∇rw=3.95  ∇pol=0.63
[22:24:37] [ep04|s0320]  rw=-5.013  cd=-10.174  reg=5.161  │  e+=-5.14(±0.206)  e-=+5.01(±0.015)  sep=81.6  │  fm_e=+5.0  fm=ON  fb=100%  │  ∇rw=1.66  ∇pol=0.74
[22:25:20] [ep04|s0330]  rw=-5.006  cd=-10.059  reg=5.053  │  e+=-5.12(±0.106)  e-=+4.93(±0.010)  sep=103.7  │  fm_e=+4.9  fm=ON  fb=100%  │  ∇rw=1.10  ∇pol=0.74
[22:26:04] [ep04|s0340]  rw=-4.686  cd=-8.879  reg=4.192  │  e+=-3.67(±1.260)  e-=+4.98(±0.015)  sep=53.2  │  fm_e=+5.0  fm=ON  fb=100%  │  ∇rw=50.16  ∇pol=0.73
[22:26:48] [ep04|s0350]  rw=-4.976  cd=-10.305  reg=5.328  │  e+=-5.31(±0.339)  e-=+4.99(±0.008)  sep=79.8  │  fm_e=+5.0  fm=ON  fb=100%  │  ∇rw=1.89  ∇pol=0.76
[22:27:31] [ep04|s0360]  rw=-4.870  cd=-11.019  reg=6.149  │  e+=-6.11(±0.145)  e-=+4.91(±0.012)  sep=112.6  │  fm_e=+4.9  fm=ON  fb=100%  │  ∇rw=7.14  ∇pol=1.00
[22:28:15] [ep04|s0370]  rw=-5.041  cd=-9.822  reg=4.781  │  e+=-4.73(±0.283)  e-=+5.04(±0.008)  sep=92.8  │  fm_e=+5.0  fm=ON  fb=100%  │  ∇rw=2.36  ∇pol=0.59
[22:28:59] [ep04|s0380]  rw=-4.963  cd=-9.645  reg=4.683  │  e+=-4.73(±0.303)  e-=+4.94(±0.013)  sep=112.2  │  fm_e=+4.9  fm=ON  fb=100%  │  ∇rw=2.63  ∇pol=0.66
[22:29:02] ══════════ VAL ep04 ══════════  ρ=+0.1158 (p=0.1250) [FAIL ✗]  AUROC(E)=0.5779  ECE=0.7902  N=177
[22:29:08]   ckpt saved → ckpt_epoch0004.pt
[22:29:08] ──────────────────── Epoch 05/30 ────────────────────
[22:29:52] [ep05|s0390]  rw=-5.040  cd=-10.391  reg=5.351  │  e+=-5.33(±0.450)  e-=+4.99(±0.025)  sep=59.6  │  fm_e=+5.0  fm=ON  fb=100%  │  ∇rw=1.80  ∇pol=0.77
[22:30:36] [ep05|s0400]  rw=-4.862  cd=-10.436  reg=5.575  │  e+=-5.52(±0.368)  e-=+5.01(±0.026)  sep=35.5  │  fm_e=+5.0  fm=ON  fb=100%  │  ∇rw=1.98  ∇pol=1.14
[22:31:19] [ep05|s0410]  rw=-5.015  cd=-9.731  reg=4.716  │  e+=-4.69(±0.389)  e-=+5.00(±0.015)  sep=90.9  │  fm_e=+5.0  fm=ON  fb=100%  │  ∇rw=2.60  ∇pol=1.33
[22:32:03] [ep05|s0420]  rw=-2.937  cd=-7.263  reg=4.326  │  e+=-4.81(±0.246)  e-=+2.39(±0.084)  sep=105.1  │  fm_e=+2.4  fm=ON  fb=100%  │  ∇rw=570.86  ∇pol=0.64
[22:32:46] [ep05|s0430]  rw=-4.980  cd=-9.903  reg=4.922  │  e+=-5.02(±0.125)  e-=+4.90(±0.013)  sep=100.8  │  fm_e=+4.9  fm=ON  fb=100%  │  ∇rw=2.69  ∇pol=0.53
[22:33:30] [ep05|s0440]  rw=-4.970  cd=-10.361  reg=5.391  │  e+=-5.35(±0.692)  e-=+4.98(±0.009)  sep=36.0  │  fm_e=+5.0  fm=ON  fb=100%  │  ∇rw=3.97  ∇pol=1.12
[22:34:13] [ep05|s0450]  rw=-4.958  cd=-10.330  reg=5.372  │  e+=-5.32(±0.509)  e-=+5.01(±0.015)  sep=42.3  │  fm_e=+5.0  fm=ON  fb=100%  │  ∇rw=1.56  ∇pol=0.56
[22:34:57] [ep05|s0460]  rw=-4.952  cd=-10.166  reg=5.215  │  e+=-5.14(±0.255)  e-=+5.07(±0.006)  sep=93.7  │  fm_e=+5.1  fm=ON  fb=100%  │  ∇rw=1.81  ∇pol=0.71
[22:35:41] [ep05|s0470]  rw=-4.882  cd=-10.311  reg=5.430  │  e+=-5.34(±0.277)  e-=+5.06(±0.012)  sep=66.2  │  fm_e=+5.1  fm=ON  fb=100%  │  ∇rw=2.13  ∇pol=0.63
[22:36:06] ══════════ VAL ep05 ══════════  ρ=+0.0395 (p=0.6016) [FAIL ✗]  AUROC(E)=0.5573  ECE=0.7658  N=177
[22:36:09]   ckpt saved → ckpt_epoch0005.pt
[22:36:09] ──────────────────── Epoch 06/30 ────────────────────
[22:36:32] [ep06|s0480]  rw=-4.952  cd=-10.689  reg=5.737  │  e+=-5.45(±0.249)  e-=+5.25(±0.010)  sep=51.6  │  fm_e=+5.3  fm=ON  fb=100%  │  ∇rw=20.57  ∇pol=0.65
[22:37:16] [ep06|s0490]  rw=-3.811  cd=-9.651  reg=5.840  │  e+=-3.50(±2.196)  e-=+6.22(±0.020)  sep=84.8  │  fm_e=+6.2  fm=ON  fb=100%  │  ∇rw=72.64  ∇pol=0.91
[22:37:59] [ep06|s0500]  rw=-4.973  cd=-10.161  reg=5.188  │  e+=-5.06(±0.154)  e-=+5.12(±0.015)  sep=121.1  │  fm_e=+5.1  fm=ON  fb=100%  │  ∇rw=2.57  ∇pol=0.73
[22:38:43] [ep06|s0510]  rw=-4.759  cd=-9.569  reg=4.811  │  e+=-4.87(±0.503)  e-=+4.91(±0.035)  sep=77.6  │  fm_e=+4.9  fm=ON  fb=100%  │  ∇rw=3.55  ∇pol=0.53
[22:39:27] [ep06|s0520]  rw=-4.840  cd=-11.114  reg=6.274  │  e+=-6.20(±0.367)  e-=+4.92(±0.015)  sep=90.9  │  fm_e=+4.9  fm=ON  fb=100%  │  ∇rw=6.78  ∇pol=0.92
[22:40:10] [ep06|s0530]  rw=-4.953  cd=-10.409  reg=5.457  │  e+=-5.39(±0.345)  e-=+5.02(±0.014)  sep=107.5  │  fm_e=+5.0  fm=ON  fb=100%  │  ∇rw=5.26  ∇pol=0.61
[22:40:54] [ep06|s0540]  rw=-4.905  cd=-10.243  reg=5.337  │  e+=-5.33(±0.599)  e-=+4.95(±0.058)  sep=60.2  │  fm_e=+4.9  fm=ON  fb=100%  │  ∇rw=9.51  ∇pol=0.53
[22:41:38] [ep06|s0550]  rw=-1.818  cd=-7.281  reg=5.463  │  e+=-5.24(±0.214)  e-=+1.98(±0.046)  sep=81.7  │  fm_e=+2.0  fm=ON  fb=100%  │  ∇rw=241.02  ∇pol=0.65
[22:42:21] [ep06|s0560]  rw=-5.074  cd=-9.823  reg=4.749  │  e+=-4.64(±0.443)  e-=+5.08(±0.014)  sep=38.7  │  fm_e=+5.1  fm=ON  fb=100%  │  ∇rw=4.24  ∇pol=0.59
[22:43:05] [ep06|s0570]  rw=-4.956  cd=-10.280  reg=5.324  │  e+=-5.31(±0.170)  e-=+4.99(±0.016)  sep=85.5  │  fm_e=+5.0  fm=ON  fb=100%  │  ∇rw=2.66  ∇pol=0.72
[22:43:10] ══════════ VAL ep06 ══════════  ρ=+0.0413 (p=0.5852) [FAIL ✗]  AUROC(E)=0.5345  ECE=0.7913  N=177
[22:43:15]   ckpt saved → ckpt_epoch0006.pt
[22:43:15] ──────────────────── Epoch 07/30 ────────────────────
[22:44:00] [ep07|s0580]  rw=-4.862  cd=-10.577  reg=5.715  │  e+=-5.68(±0.438)  e-=+4.96(±0.032)  sep=61.0  │  fm_e=+5.0  fm=ON  fb=100%  │  ∇rw=3.07  ∇pol=0.73
[22:44:43] [ep07|s0590]  rw=-4.866  cd=-11.004  reg=6.138  │  e+=-5.96(±0.399)  e-=+5.07(±0.027)  sep=52.8  │  fm_e=+5.1  fm=ON  fb=100%  │  ∇rw=7.16  ∇pol=0.48
[22:45:27] [ep07|s0600]  rw=-4.940  cd=-10.053  reg=5.114  │  e+=-5.11(±0.645)  e-=+4.97(±0.037)  sep=61.3  │  fm_e=+5.0  fm=ON  fb=100%  │  ∇rw=1.78  ∇pol=0.73
[22:46:11] [ep07|s0610]  rw=-4.974  cd=-10.262  reg=5.287  │  e+=-5.28(±0.180)  e-=+4.99(±0.016)  sep=69.4  │  fm_e=+5.0  fm=ON  fb=100%  │  ∇rw=4.00  ∇pol=0.51
[22:46:54] [ep07|s0620]  rw=-4.997  cd=-9.986  reg=4.989  │  e+=-5.12(±0.304)  e-=+4.85(±0.006)  sep=103.1  │  fm_e=+4.9  fm=ON  fb=100%  │  ∇rw=1.95  ∇pol=0.50
[22:47:38] [ep07|s0630]  rw=-5.125  cd=-10.062  reg=4.937  │  e+=-4.92(±0.489)  e-=+4.99(±0.013)  sep=52.7  │  fm_e=+5.0  fm=ON  fb=100%  │  ∇rw=1.34  ∇pol=0.73
[22:48:22] [ep07|s0640]  rw=-4.984  cd=-9.934  reg=4.950  │  e+=-5.01(±0.534)  e-=+4.90(±0.012)  sep=61.4  │  fm_e=+4.9  fm=ON  fb=100%  │  ∇rw=3.56  ∇pol=0.67
[22:49:05] [ep07|s0650]  rw=-5.108  cd=-9.965  reg=4.857  │  e+=-4.86(±0.318)  e-=+4.99(±0.022)  sep=49.3  │  fm_e=+5.0  fm=ON  fb=100%  │  ∇rw=1.20  ∇pol=0.58
[22:49:49] [ep07|s0660]  rw=-4.982  cd=-10.067  reg=5.085  │  e+=-5.02(±0.583)  e-=+5.03(±0.013)  sep=86.5  │  fm_e=+5.0  fm=ON  fb=100%  │  ∇rw=1.92  ∇pol=0.50
[22:50:14] ══════════ VAL ep07 ══════════  ρ=+0.1224 (p=0.1045) [FAIL ✗]  AUROC(E)=0.5535  ECE=0.7948  N=177
[22:50:18]   ckpt saved → ckpt_epoch0007.pt
[22:50:18] ──────────────────── Epoch 08/30 ────────────────────
[22:50:40] [ep08|s0670]  rw=-5.032  cd=-10.285  reg=5.253  │  e+=-5.22(±0.250)  e-=+5.02(±0.011)  sep=122.5  │  fm_e=+5.0  fm=ON  fb=100%  │  ∇rw=2.43  ∇pol=0.38
[22:51:24] [ep08|s0680]  rw=-5.063  cd=-10.099  reg=5.036  │  e+=-4.98(±0.793)  e-=+4.93(±0.028)  sep=64.9  │  fm_e=+4.9  fm=ON  fb=100%  │  ∇rw=35.83  ∇pol=0.44
[22:52:07] [ep08|s0690]  rw=-4.980  cd=-9.999  reg=5.019  │  e+=-5.05(±0.175)  e-=+4.96(±0.021)  sep=84.6  │  fm_e=+5.0  fm=ON  fb=100%  │  ∇rw=2.34  ∇pol=0.74
[22:52:51] [ep08|s0700]  rw=-4.924  cd=-10.572  reg=5.648  │  e+=-5.54(±0.200)  e-=+5.07(±0.025)  sep=85.5  │  fm_e=+5.1  fm=ON  fb=100%  │  ∇rw=4.73  ∇pol=0.47
[22:53:35] [ep08|s0710]  rw=-3.216  cd=-8.150  reg=4.934  │  e+=-3.81(±2.881)  e-=+4.94(±0.071)  sep=46.1  │  fm_e=+4.9  fm=ON  fb=100%  │  ∇rw=80.74  ∇pol=0.50
[22:54:17] [ep08|s0720]  rw=-4.900  cd=-10.823  reg=5.923  │  e+=-5.31(±0.345)  e-=+5.50(±0.053)  sep=31.9  │  fm_e=+5.5  fm=ON  fb=100%  │  ∇rw=19.94  ∇pol=0.46
[22:55:01] [ep08|s0730]  rw=-4.998  cd=-10.140  reg=5.142  │  e+=-5.01(±0.252)  e-=+5.11(±0.040)  sep=57.8  │  fm_e=+5.1  fm=ON  fb=100%  │  ∇rw=3.55  ∇pol=0.99
[22:55:45] [ep08|s0740]  rw=-4.996  cd=-9.940  reg=4.945  │  e+=-4.91(±0.189)  e-=+5.03(±0.026)  sep=53.1  │  fm_e=+5.0  fm=ON  fb=100%  │  ∇rw=2.06  ∇pol=0.46
[22:56:29] [ep08|s0750]  rw=-4.979  cd=-10.112  reg=5.133  │  e+=-5.28(±0.110)  e-=+4.84(±0.030)  sep=73.6  │  fm_e=+4.8  fm=ON  fb=100%  │  ∇rw=2.48  ∇pol=0.45
[22:57:12] [ep08|s0760]  rw=-4.509  cd=-11.010  reg=6.501  │  e+=-6.02(±1.374)  e-=+5.17(±0.048)  sep=31.3  │  fm_e=+5.2  fm=ON  fb=100%  │  ∇rw=7.64  ∇pol=0.84
[22:57:14] ══════════ VAL ep08 ══════════  ρ=+0.0498 (p=0.5101) [FAIL ✗]  AUROC(E)=0.5098  ECE=0.7967  N=177
[22:57:17]   ckpt saved → ckpt_epoch0008.pt
[22:57:17] ──────────────────── Epoch 09/30 ────────────────────
[22:58:01] [ep09|s0770]  rw=-4.919  cd=-10.588  reg=5.668  │  e+=-5.60(±0.562)  e-=+5.00(±0.030)  sep=39.9  │  fm_e=+5.0  fm=ON  fb=100%  │  ∇rw=6.62  ∇pol=0.48
[22:58:44] [ep09|s0780]  rw=-5.012  cd=-9.679  reg=4.667  │  e+=-4.99(±0.194)  e-=+4.66(±0.039)  sep=58.1  │  fm_e=+4.7  fm=ON  fb=100%  │  ∇rw=5.39  ∇pol=0.49
[22:59:28] [ep09|s0790]  rw=-4.844  cd=-9.487  reg=4.643  │  e+=-4.47(±0.397)  e-=+5.12(±0.035)  sep=56.4  │  fm_e=+5.1  fm=ON  fb=100%  │  ∇rw=9.10  ∇pol=0.93
[23:00:11] [ep09|s0800]  rw=-4.918  cd=-10.256  reg=5.338  │  e+=-5.30(±0.592)  e-=+4.99(±0.021)  sep=42.7  │  fm_e=+5.0  fm=ON  fb=100%  │  ∇rw=4.30  ∇pol=0.66
[23:00:55] [ep09|s0810]  rw=-4.953  cd=-9.434  reg=4.481  │  e+=-4.24(±0.620)  e-=+5.14(±0.036)  sep=38.9  │  fm_e=+5.2  fm=ON  fb=100%  │  ∇rw=4.81  ∇pol=0.59
[23:01:38] [ep09|s0820]  rw=-4.979  cd=-9.886  reg=4.907  │  e+=-4.89(±0.193)  e-=+5.01(±0.018)  sep=100.7  │  fm_e=+5.0  fm=ON  fb=100%  │  ∇rw=1.95  ∇pol=0.47
[23:02:22] [ep09|s0830]  rw=-4.990  cd=-10.007  reg=5.017  │  e+=-5.00(±0.300)  e-=+5.01(±0.021)  sep=58.6  │  fm_e=+5.0  fm=ON  fb=100%  │  ∇rw=0.86  ∇pol=0.47
[23:03:06] [ep09|s0840]  rw=-4.840  cd=-9.542  reg=4.702  │  e+=-5.04(±0.302)  e-=+4.63(±0.012)  sep=39.1  │  fm_e=+4.6  fm=ON  fb=100%  │  ∇rw=4.98  ∇pol=0.39
[23:03:49] [ep09|s0850]  rw=-5.049  cd=-10.569  reg=5.520  │  e+=-5.53(±0.405)  e-=+4.94(±0.024)  sep=35.7  │  fm_e=+4.9  fm=ON  fb=100%  │  ∇rw=4.20  ∇pol=0.47
[23:04:13] ══════════ VAL ep09 ══════════  ρ=+0.1281 (p=0.0894) [FAIL ✗]  AUROC(E)=0.5434  ECE=0.7849  N=177
[23:04:16]   ckpt saved → ckpt_epoch0009.pt
[23:04:16] ──────────────────── Epoch 10/30 ────────────────────
[23:04:38] [ep10|s0860]  rw=-4.943  cd=-10.666  reg=5.724  │  e+=-5.79(±0.083)  e-=+4.87(±0.012)  sep=83.8  │  fm_e=+4.9  fm=ON  fb=100%  │  ∇rw=3.39  ∇pol=0.51
[23:05:21] [ep10|s0870]  rw=-4.981  cd=-9.654  reg=4.673  │  e+=-4.63(±0.128)  e-=+5.02(±0.018)  sep=89.7  │  fm_e=+5.0  fm=ON  fb=100%  │  ∇rw=2.35  ∇pol=1.02
[23:06:05] [ep10|s0880]  rw=-4.916  cd=-10.107  reg=5.190  │  e+=-5.17(±0.257)  e-=+5.01(±0.013)  sep=134.0  │  fm_e=+5.0  fm=ON  fb=100%  │  ∇rw=1.50  ∇pol=0.51
[23:06:49] [ep10|s0890]  rw=-4.943  cd=-10.543  reg=5.600  │  e+=-5.59(±0.242)  e-=+4.96(±0.023)  sep=75.8  │  fm_e=+5.0  fm=ON  fb=100%  │  ∇rw=5.11  ∇pol=0.37
[23:07:32] [ep10|s0900]  rw=-5.025  cd=-10.140  reg=5.116  │  e+=-5.09(±0.245)  e-=+5.01(±0.015)  sep=46.4  │  fm_e=+5.0  fm=ON  fb=100%  │  ∇rw=2.04  ∇pol=0.32
[23:08:16] [ep10|s0910]  rw=-5.072  cd=-9.915  reg=4.843  │  e+=-4.87(±0.216)  e-=+4.96(±0.007)  sep=119.8  │  fm_e=+5.0  fm=ON  fb=100%  │  ∇rw=1.81  ∇pol=0.39
[23:09:00] [ep10|s0920]  rw=-4.952  cd=-9.834  reg=4.881  │  e+=-4.83(±0.184)  e-=+5.04(±0.011)  sep=102.6  │  fm_e=+5.0  fm=ON  fb=100%  │  ∇rw=2.29  ∇pol=0.45
[23:09:43] [ep10|s0930]  rw=-4.828  cd=-9.877  reg=5.049  │  e+=-5.04(±0.506)  e-=+4.98(±0.025)  sep=70.7  │  fm_e=+5.0  fm=ON  fb=100%  │  ∇rw=2.96  ∇pol=0.42
[23:10:27] [ep10|s0940]  rw=-4.995  cd=-10.106  reg=5.111  │  e+=-4.98(±0.147)  e-=+5.13(±0.009)  sep=66.1  │  fm_e=+5.1  fm=ON  fb=100%  │  ∇rw=2.38  ∇pol=0.36
[23:11:11] [ep10|s0950]  rw=-4.911  cd=-9.829  reg=4.918  │  e+=-4.86(±0.726)  e-=+4.99(±0.018)  sep=38.8  │  fm_e=+5.0  fm=ON  fb=100%  │  ∇rw=4.26  ∇pol=0.46
[23:11:12] ══════════ VAL ep10 ══════════  ρ=+0.1571 (p=0.0368) [PASS ✓]  AUROC(E)=0.6707  ECE=0.7980  N=177 ◀ BEST
[23:11:15]   ckpt saved → ckpt_epoch0010.pt
[23:11:15] ──────────────────── Epoch 11/30 ────────────────────
[23:11:59] [ep11|s0960]  rw=-4.865  cd=-9.647  reg=4.782  │  e+=-4.72(±1.181)  e-=+4.91(±0.030)  sep=33.4  │  fm_e=+4.9  fm=ON  fb=100%  │  ∇rw=2.17  ∇pol=0.59
[23:12:42] [ep11|s0970]  rw=-4.953  cd=-10.361  reg=5.408  │  e+=-5.46(±0.532)  e-=+4.90(±0.020)  sep=40.9  │  fm_e=+4.9  fm=ON  fb=100%  │  ∇rw=3.18  ∇pol=0.47
[23:13:26] [ep11|s0980]  rw=-5.298  cd=-10.057  reg=4.759  │  e+=-4.67(±1.100)  e-=+4.94(±0.032)  sep=44.7  │  fm_e=+4.9  fm=ON  fb=100%  │  ∇rw=9.50  ∇pol=0.49
[23:14:09] [ep11|s0990]  rw=-4.940  cd=-10.637  reg=5.697  │  e+=-5.52(±0.204)  e-=+5.14(±0.048)  sep=49.2  │  fm_e=+5.2  fm=ON  fb=100%  │  ∇rw=3.65  ∇pol=0.48
[23:14:53] [ep11|s1000]  rw=-5.006  cd=-10.236  reg=5.231  │  e+=-5.25(±0.108)  e-=+4.97(±0.040)  sep=73.5  │  fm_e=+5.0  fm=ON  fb=100%  │  ∇rw=1.56  ∇pol=0.48
[23:15:37] [ep11|s1010]  rw=-5.039  cd=-10.648  reg=5.609  │  e+=-5.58(±0.745)  e-=+4.94(±0.036)  sep=37.7  │  fm_e=+4.9  fm=ON  fb=100%  │  ∇rw=3.55  ∇pol=0.49
[23:16:20] [ep11|s1020]  rw=-5.040  cd=-10.063  reg=5.023  │  e+=-4.99(±0.211)  e-=+5.03(±0.062)  sep=79.8  │  fm_e=+5.0  fm=ON  fb=100%  │  ∇rw=1.63  ∇pol=0.47
[23:17:04] [ep11|s1030]  rw=-5.077  cd=-10.202  reg=5.125  │  e+=-4.98(±0.468)  e-=+5.12(±0.040)  sep=68.4  │  fm_e=+5.1  fm=ON  fb=100%  │  ∇rw=2.05  ∇pol=0.30
[23:17:47] [ep11|s1040]  rw=-4.967  cd=-9.694  reg=4.727  │  e+=-4.67(±0.669)  e-=+4.99(±0.029)  sep=28.5  │  fm_e=+5.0  fm=ON  fb=100%  │  ∇rw=2.01  ∇pol=0.68
[23:18:11] ══════════ VAL ep11 ══════════  ρ=+0.0599 (p=0.4285) [FAIL ✗]  AUROC(E)=0.6115  ECE=0.7943  N=177
[23:18:12]   ckpt saved → ckpt_epoch0011.pt
[23:18:12] ──────────────────── Epoch 12/30 ────────────────────
[23:18:34] [ep12|s1050]  rw=-4.953  cd=-9.791  reg=4.838  │  e+=-4.77(±0.408)  e-=+5.04(±0.019)  sep=58.8  │  fm_e=+5.0  fm=ON  fb=100%  │  ∇rw=1.67  ∇pol=0.49
[23:19:17] [ep12|s1060]  rw=-4.986  cd=-9.447  reg=4.461  │  e+=-4.59(±0.355)  e-=+4.83(±0.028)  sep=59.1  │  fm_e=+4.8  fm=ON  fb=100%  │  ∇rw=3.47  ∇pol=0.38
[23:20:01] [ep12|s1070]  rw=-5.031  cd=-10.005  reg=4.974  │  e+=-5.09(±0.469)  e-=+4.86(±0.074)  sep=48.0  │  fm_e=+4.8  fm=ON  fb=100%  │  ∇rw=3.26  ∇pol=0.43
[23:20:45] [ep12|s1080]  rw=-5.030  cd=-9.523  reg=4.493  │  e+=-4.42(±0.622)  e-=+4.98(±0.035)  sep=38.5  │  fm_e=+5.0  fm=ON  fb=100%  │  ∇rw=18.48  ∇pol=0.51
[23:21:28] [ep12|s1090]  rw=-5.004  cd=-9.839  reg=4.835  │  e+=-4.71(±0.117)  e-=+5.11(±0.023)  sep=83.6  │  fm_e=+5.1  fm=ON  fb=100%  │  ∇rw=4.44  ∇pol=0.29
[23:22:12] [ep12|s1100]  rw=-4.979  cd=-9.843  reg=4.864  │  e+=-4.88(±0.369)  e-=+4.97(±0.021)  sep=66.8  │  fm_e=+5.0  fm=ON  fb=100%  │  ∇rw=2.25  ∇pol=3.80
[23:22:56] [ep12|s1110]  rw=-5.067  cd=-10.892  reg=5.825  │  e+=-5.83(±0.318)  e-=+4.91(±0.027)  sep=48.1  │  fm_e=+4.9  fm=ON  fb=100%  │  ∇rw=9.58  ∇pol=0.50
[23:23:39] [ep12|s1120]  rw=-4.925  cd=-8.919  reg=3.994  │  e+=-3.74(±1.013)  e-=+4.99(±0.013)  sep=42.4  │  fm_e=+5.0  fm=ON  fb=100%  │  ∇rw=12.81  ∇pol=0.43
[23:24:23] [ep12|s1130]  rw=-5.025  cd=-10.561  reg=5.535  │  e+=-5.50(±0.235)  e-=+5.01(±0.012)  sep=82.4  │  fm_e=+5.0  fm=ON  fb=100%  │  ∇rw=1.99  ∇pol=0.49
[23:25:06] [ep12|s1140]  rw=-4.997  cd=-10.440  reg=5.442  │  e+=-5.48(±0.403)  e-=+4.92(±0.022)  sep=48.8  │  fm_e=+4.9  fm=ON  fb=100%  │  ∇rw=2.27  ∇pol=0.52
[23:25:08] ══════════ VAL ep12 ══════════  ρ=+0.1546 (p=0.0400) [PASS ✓]  AUROC(E)=0.6019  ECE=0.7953  N=177
[23:25:09]   ckpt saved → ckpt_epoch0012.pt
[23:25:09] ──────────────────── Epoch 13/30 ────────────────────
[23:25:53] [ep13|s1150]  rw=-5.042  cd=-9.828  reg=4.786  │  e+=-4.80(±0.193)  e-=+4.97(±0.030)  sep=65.0  │  fm_e=+5.0  fm=ON  fb=100%  │  ∇rw=2.88  ∇pol=0.80
[23:26:37] [ep13|s1160]  rw=-5.009  cd=-10.102  reg=5.093  │  e+=-5.01(±0.390)  e-=+5.07(±0.015)  sep=61.0  │  fm_e=+5.1  fm=ON  fb=100%  │  ∇rw=2.39  ∇pol=0.52
[23:27:20] [ep13|s1170]  rw=-4.984  cd=-9.691  reg=4.707  │  e+=-4.60(±0.047)  e-=+5.08(±0.017)  sep=134.4  │  fm_e=+5.1  fm=ON  fb=100%  │  ∇rw=3.85  ∇pol=0.60
[23:28:04] [ep13|s1180]  rw=-4.988  cd=-10.263  reg=5.275  │  e+=-5.29(±0.260)  e-=+4.96(±0.054)  sep=56.1  │  fm_e=+5.0  fm=ON  fb=100%  │  ∇rw=4.24  ∇pol=0.51
[23:28:48] [ep13|s1190]  rw=-5.041  cd=-9.928  reg=4.887  │  e+=-4.91(±0.494)  e-=+4.95(±0.038)  sep=61.6  │  fm_e=+4.9  fm=ON  fb=100%  │  ∇rw=1.89  ∇pol=0.63
[23:29:32] [ep13|s1200]  rw=-4.990  cd=-10.391  reg=5.401  │  e+=-5.20(±0.339)  e-=+5.18(±0.025)  sep=40.3  │  fm_e=+5.2  fm=ON  fb=100%  │  ∇rw=5.08  ∇pol=0.58
[23:30:15] [ep13|s1210]  rw=-5.031  cd=-10.333  reg=5.302  │  e+=-5.29(±0.191)  e-=+5.00(±0.017)  sep=64.2  │  fm_e=+5.0  fm=ON  fb=100%  │  ∇rw=1.09  ∇pol=0.65
[23:30:59] [ep13|s1220]  rw=-5.115  cd=-9.498  reg=4.383  │  e+=-4.31(±0.679)  e-=+4.98(±0.028)  sep=56.0  │  fm_e=+5.0  fm=ON  fb=100%  │  ∇rw=3.27  ∇pol=0.59
[23:31:43] [ep13|s1230]  rw=-4.888  cd=-10.011  reg=5.123  │  e+=-5.07(±0.675)  e-=+5.00(±0.064)  sep=41.6  │  fm_e=+5.0  fm=ON  fb=100%  │  ∇rw=2.76  ∇pol=0.76
[23:32:06] ══════════ VAL ep13 ══════════  ρ=+0.2424 (p=0.0012) [PASS ✓]  AUROC(E)=0.6564  ECE=0.7960  N=177 ◀ BEST
[23:32:08]   ckpt saved → ckpt_epoch0013.pt
[23:32:08] ──────────────────── Epoch 14/30 ────────────────────
[23:32:31] [ep14|s1240]  rw=-4.932  cd=-10.965  reg=6.033  │  e+=-5.98(±0.309)  e-=+4.95(±0.040)  sep=60.6  │  fm_e=+4.9  fm=ON  fb=100%  │  ∇rw=5.93  ∇pol=0.67
[23:33:14] [ep14|s1250]  rw=-5.072  cd=-10.061  reg=4.989  │  e+=-4.96(±0.540)  e-=+5.00(±0.010)  sep=41.3  │  fm_e=+5.0  fm=ON  fb=100%  │  ∇rw=1.51  ∇pol=0.35
[23:33:58] [ep14|s1260]  rw=-4.974  cd=-10.475  reg=5.501  │  e+=-5.53(±0.410)  e-=+4.92(±0.006)  sep=50.5  │  fm_e=+4.9  fm=ON  fb=100%  │  ∇rw=6.23  ∇pol=0.37
[23:34:41] [ep14|s1270]  rw=-5.039  cd=-9.895  reg=4.856  │  e+=-4.83(±0.340)  e-=+5.01(±0.012)  sep=64.9  │  fm_e=+5.0  fm=ON  fb=100%  │  ∇rw=1.71  ∇pol=0.42
[23:35:25] [ep14|s1280]  rw=-4.999  cd=-9.931  reg=4.931  │  e+=-4.86(±0.589)  e-=+5.03(±0.030)  sep=43.5  │  fm_e=+5.0  fm=ON  fb=100%  │  ∇rw=2.28  ∇pol=0.36
[23:36:08] [ep14|s1290]  rw=-4.949  cd=-9.875  reg=4.926  │  e+=-4.92(±0.326)  e-=+5.00(±0.021)  sep=50.7  │  fm_e=+5.0  fm=ON  fb=100%  │  ∇rw=1.74  ∇pol=0.48
[23:36:52] [ep14|s1300]  rw=-4.988  cd=-10.700  reg=5.712  │  e+=-5.38(±0.498)  e-=+5.28(±0.024)  sep=47.9  │  fm_e=+5.3  fm=ON  fb=100%  │  ∇rw=4.97  ∇pol=0.40
[23:37:36] [ep14|s1310]  rw=-4.985  cd=-10.048  reg=5.063  │  e+=-5.18(±0.168)  e-=+4.88(±0.012)  sep=61.8  │  fm_e=+4.9  fm=ON  fb=100%  │  ∇rw=2.77  ∇pol=0.50
[23:38:19] [ep14|s1320]  rw=-4.920  cd=-9.788  reg=4.868  │  e+=-4.91(±0.492)  e-=+4.93(±0.023)  sep=36.8  │  fm_e=+4.9  fm=ON  fb=100%  │  ∇rw=1.37  ∇pol=0.46
[23:39:03] [ep14|s1330]  rw=-4.928  cd=-10.250  reg=5.322  │  e+=-5.26(±0.756)  e-=+5.00(±0.032)  sep=35.0  │  fm_e=+5.0  fm=ON  fb=100%  │  ∇rw=2.35  ∇pol=0.67
[23:39:04] ══════════ VAL ep14 ══════════  ρ=+0.2112 (p=0.0048) [PASS ✓]  AUROC(E)=0.6130  ECE=0.7929  N=177
[23:39:06]   ckpt saved → ckpt_epoch0014.pt
[23:39:06] ──────────────────── Epoch 15/30 ────────────────────
[23:39:50] [ep15|s1340]  rw=-5.389  cd=-10.424  reg=5.035  │  e+=-4.88(±1.047)  e-=+5.04(±0.031)  sep=41.7  │  fm_e=+5.0  fm=ON  fb=100%  │  ∇rw=1.55  ∇pol=0.38
[23:40:33] [ep15|s1350]  rw=-4.961  cd=-9.980  reg=5.019  │  e+=-4.98(±0.212)  e-=+5.03(±0.015)  sep=70.2  │  fm_e=+5.0  fm=ON  fb=100%  │  ∇rw=1.89  ∇pol=0.76
[23:41:17] [ep15|s1360]  rw=-4.979  cd=-10.180  reg=5.202  │  e+=-5.10(±0.281)  e-=+5.09(±0.035)  sep=49.1  │  fm_e=+5.1  fm=ON  fb=100%  │  ∇rw=2.44  ∇pol=0.45
[23:42:01] [ep15|s1370]  rw=-4.848  cd=-10.733  reg=5.885  │  e+=-6.12(±0.119)  e-=+4.62(±0.014)  sep=70.6  │  fm_e=+4.6  fm=ON  fb=100%  │  ∇rw=12.99  ∇pol=0.35
[23:42:44] [ep15|s1380]  rw=-4.935  cd=-9.688  reg=4.753  │  e+=-4.71(±0.545)  e-=+5.00(±0.005)  sep=79.0  │  fm_e=+5.0  fm=ON  fb=100%  │  ∇rw=1.86  ∇pol=0.41
[23:43:28] [ep15|s1390]  rw=-5.037  cd=-9.997  reg=4.960  │  e+=-4.94(±0.613)  e-=+4.98(±0.009)  sep=61.4  │  fm_e=+5.0  fm=ON  fb=100%  │  ∇rw=1.18  ∇pol=0.37
[23:44:11] [ep15|s1400]  rw=-5.082  cd=-10.235  reg=5.152  │  e+=-5.14(±0.312)  e-=+5.00(±0.024)  sep=53.6  │  fm_e=+5.0  fm=ON  fb=100%  │  ∇rw=2.27  ∇pol=0.42
[23:44:55] [ep15|s1410]  rw=-4.956  cd=-9.427  reg=4.471  │  e+=-4.42(±0.698)  e-=+4.97(±0.021)  sep=38.5  │  fm_e=+5.0  fm=ON  fb=100%  │  ∇rw=2.74  ∇pol=0.46
[23:45:38] [ep15|s1420]  rw=-5.003  cd=-10.257  reg=5.254  │  e+=-5.14(±0.111)  e-=+5.10(±0.034)  sep=67.0  │  fm_e=+5.1  fm=ON  fb=100%  │  ∇rw=2.58  ∇pol=0.27
[23:46:01] ══════════ VAL ep15 ══════════  ρ=+0.1320 (p=0.0798) [FAIL ✗]  AUROC(E)=0.6274  ECE=0.7792  N=177
[23:46:02]   ckpt saved → ckpt_epoch0015.pt
[23:46:02] ──────────────────── Epoch 16/30 ────────────────────
[23:46:24] [ep16|s1430]  rw=-5.299  cd=-10.410  reg=5.111  │  e+=-4.74(±1.865)  e-=+5.01(±0.013)  sep=44.6  │  fm_e=+5.0  fm=ON  fb=100%  │  ∇rw=2.70  ∇pol=0.34
[23:47:08] [ep16|s1440]  rw=-4.867  cd=-10.485  reg=5.618  │  e+=-5.61(±0.437)  e-=+4.95(±0.016)  sep=57.2  │  fm_e=+5.0  fm=ON  fb=100%  │  ∇rw=4.69  ∇pol=0.63
[23:47:52] [ep16|s1450]  rw=-5.072  cd=-10.048  reg=4.976  │  e+=-4.98(±0.205)  e-=+4.99(±0.016)  sep=80.4  │  fm_e=+5.0  fm=ON  fb=100%  │  ∇rw=1.16  ∇pol=0.49
[23:48:35] [ep16|s1460]  rw=-5.045  cd=-9.926  reg=4.880  │  e+=-4.81(±0.413)  e-=+5.05(±0.009)  sep=96.3  │  fm_e=+5.0  fm=ON  fb=100%  │  ∇rw=1.79  ∇pol=0.67
[23:49:19] [ep16|s1470]  rw=-5.077  cd=-9.990  reg=4.913  │  e+=-4.94(±0.349)  e-=+4.96(±0.005)  sep=70.7  │  fm_e=+5.0  fm=ON  fb=100%  │  ∇rw=1.42  ∇pol=0.37
[23:50:02] [ep16|s1480]  rw=-4.945  cd=-11.056  reg=6.111  │  e+=-5.96(±0.400)  e-=+5.04(±0.022)  sep=61.3  │  fm_e=+5.0  fm=ON  fb=100%  │  ∇rw=8.35  ∇pol=0.46
[23:50:46] [ep16|s1490]  rw=-4.969  cd=-9.143  reg=4.174  │  e+=-4.05(±0.677)  e-=+4.99(±0.024)  sep=55.3  │  fm_e=+5.0  fm=ON  fb=100%  │  ∇rw=6.67  ∇pol=0.34
[23:51:29] [ep16|s1500]  rw=-3.960  cd=-8.499  reg=4.539  │  e+=-5.39(±0.205)  e-=+3.10(±0.260)  sep=38.6  │  fm_e=+3.0  fm=ON  fb=100%  │  ∇rw=199.03  ∇pol=0.61
[23:52:13] [ep16|s1510]  rw=-5.369  cd=-10.213  reg=4.844  │  e+=-4.59(±0.816)  e-=+5.17(±0.016)  sep=39.3  │  fm_e=+5.2  fm=ON  fb=100%  │  ∇rw=3.87  ∇pol=0.68
[23:52:57] [ep16|s1520]  rw=-4.950  cd=-9.776  reg=4.827  │  e+=-4.82(±0.516)  e-=+4.98(±0.012)  sep=35.1  │  fm_e=+5.0  fm=ON  fb=100%  │  ∇rw=1.57  ∇pol=0.58
[23:52:58] ══════════ VAL ep16 ══════════  ρ=+0.2155 (p=0.0040) [PASS ✓]  AUROC(E)=0.7303  ECE=0.7974  N=177
[23:52:58]   ckpt saved → ckpt_epoch0016.pt
[23:52:58] ──────────────────── Epoch 17/30 ────────────────────
[23:53:42] [ep17|s1530]  rw=-5.062  cd=-10.602  reg=5.540  │  e+=-5.54(±0.480)  e-=+4.95(±0.011)  sep=38.9  │  fm_e=+4.9  fm=ON  fb=100%  │  ∇rw=2.41  ∇pol=1.04
[23:54:26] [ep17|s1540]  rw=-5.040  cd=-10.480  reg=5.440  │  e+=-5.47(±0.430)  e-=+4.93(±0.013)  sep=42.3  │  fm_e=+4.9  fm=ON  fb=100%  │  ∇rw=3.73  ∇pol=0.45
[23:55:10] [ep17|s1550]  rw=-5.016  cd=-9.882  reg=4.866  │  e+=-4.64(±0.737)  e-=+5.15(±0.017)  sep=26.1  │  fm_e=+5.2  fm=ON  fb=100%  │  ∇rw=3.72  ∇pol=0.33
[23:55:53] [ep17|s1560]  rw=-5.292  cd=-10.010  reg=4.718  │  e+=-4.63(±0.905)  e-=+4.99(±0.019)  sep=66.2  │  fm_e=+5.0  fm=ON  fb=100%  │  ∇rw=2.07  ∇pol=0.54
[23:56:37] [ep17|s1570]  rw=-4.854  cd=-10.561  reg=5.707  │  e+=-5.45(±1.426)  e-=+5.03(±0.047)  sep=27.3  │  fm_e=+5.0  fm=ON  fb=100%  │  ∇rw=7.51  ∇pol=0.47
[23:57:21] [ep17|s1580]  rw=-5.026  cd=-9.943  reg=4.917  │  e+=-4.91(±0.293)  e-=+4.99(±0.012)  sep=66.4  │  fm_e=+5.0  fm=ON  fb=100%  │  ∇rw=1.97  ∇pol=0.45
[23:58:05] [ep17|s1590]  rw=-4.940  cd=-9.832  reg=4.892  │  e+=-4.94(±0.194)  e-=+4.95(±0.021)  sep=84.0  │  fm_e=+4.9  fm=ON  fb=100%  │  ∇rw=2.20  ∇pol=0.62
[23:58:48] [ep17|s1600]  rw=-5.042  cd=-10.033  reg=4.990  │  e+=-5.02(±0.841)  e-=+4.90(±0.037)  sep=36.2  │  fm_e=+4.9  fm=ON  fb=100%  │  ∇rw=3.01  ∇pol=0.70
[23:59:32] [ep17|s1610]  rw=-4.845  cd=-10.332  reg=5.487  │  e+=-5.73(±0.884)  e-=+4.60(±0.011)  sep=30.5  │  fm_e=+4.6  fm=ON  fb=100%  │  ∇rw=6.28  ∇pol=0.67
[23:59:55] ══════════ VAL ep17 ══════════  ρ=+0.2127 (p=0.0045) [PASS ✓]  AUROC(E)=0.5936  ECE=0.7946  N=177
[23:59:59]   ckpt saved → ckpt_epoch0017.pt
[23:59:59] ──────────────────── Epoch 18/30 ────────────────────
[00:00:21] [ep18|s1620]  rw=-4.870  cd=-10.002  reg=5.132  │  e+=-4.65(±0.424)  e-=+5.42(±0.018)  sep=50.6  │  fm_e=+5.4  fm=ON  fb=100%  │  ∇rw=22.96  ∇pol=1.75
[00:01:05] [ep18|s1630]  rw=-4.924  cd=-10.735  reg=5.810  │  e+=-5.45(±0.247)  e-=+5.32(±0.014)  sep=60.0  │  fm_e=+5.3  fm=ON  fb=100%  │  ∇rw=5.90  ∇pol=0.41
[00:01:49] [ep18|s1640]  rw=-4.951  cd=-10.101  reg=5.150  │  e+=-5.21(±0.387)  e-=+4.91(±0.020)  sep=55.7  │  fm_e=+4.9  fm=ON  fb=100%  │  ∇rw=4.01  ∇pol=0.57
[00:02:32] [ep18|s1650]  rw=-4.777  cd=-9.736  reg=4.959  │  e+=-4.91(±0.598)  e-=+5.01(±0.012)  sep=50.1  │  fm_e=+5.0  fm=ON  fb=100%  │  ∇rw=2.70  ∇pol=0.47
[00:03:16] [ep18|s1660]  rw=-4.959  cd=-9.980  reg=5.022  │  e+=-4.90(±0.898)  e-=+5.04(±0.018)  sep=53.0  │  fm_e=+5.0  fm=ON  fb=100%  │  ∇rw=3.11  ∇pol=0.50
[00:03:59] [ep18|s1670]  rw=-5.124  cd=-10.150  reg=5.025  │  e+=-4.86(±0.539)  e-=+5.13(±0.027)  sep=45.7  │  fm_e=+5.1  fm=ON  fb=100%  │  ∇rw=4.67  ∇pol=0.44
[00:04:43] [ep18|s1680]  rw=-4.925  cd=-10.395  reg=5.470  │  e+=-5.42(±0.617)  e-=+5.00(±0.012)  sep=47.9  │  fm_e=+5.0  fm=ON  fb=100%  │  ∇rw=7.02  ∇pol=0.31
[00:05:26] [ep18|s1690]  rw=-5.174  cd=-10.377  reg=5.203  │  e+=-5.20(±0.323)  e-=+4.98(±0.011)  sep=43.8  │  fm_e=+5.0  fm=ON  fb=100%  │  ∇rw=2.41  ∇pol=0.62
[00:06:10] [ep18|s1700]  rw=-5.027  cd=-9.744  reg=4.717  │  e+=-4.67(±0.528)  e-=+5.01(±0.009)  sep=27.7  │  fm_e=+5.0  fm=ON  fb=100%  │  ∇rw=5.29  ∇pol=0.45
[00:06:54] [ep18|s1710]  rw=-5.152  cd=-10.439  reg=5.286  │  e+=-5.27(±0.435)  e-=+4.99(±0.015)  sep=50.3  │  fm_e=+5.0  fm=ON  fb=100%  │  ∇rw=1.94  ∇pol=0.54
[00:06:55] ══════════ VAL ep18 ══════════  ρ=+0.1180 (p=0.1178) [FAIL ✗]  AUROC(E)=0.6184  ECE=0.7909  N=177
[00:06:56]   ckpt saved → ckpt_epoch0018.pt
[00:06:56] ──────────────────── Epoch 19/30 ────────────────────
[00:07:40] [ep19|s1720]  rw=-5.078  cd=-10.146  reg=5.068  │  e+=-5.04(±0.509)  e-=+5.00(±0.009)  sep=34.4  │  fm_e=+5.0  fm=ON  fb=100%  │  ∇rw=3.07  ∇pol=0.55
[00:08:23] [ep19|s1730]  rw=-5.161  cd=-9.587  reg=4.425  │  e+=-4.50(±0.661)  e-=+4.85(±0.007)  sep=57.6  │  fm_e=+4.9  fm=ON  fb=100%  │  ∇rw=5.82  ∇pol=0.50
[00:09:07] [ep19|s1740]  rw=-5.071  cd=-10.147  reg=5.076  │  e+=-5.04(±0.560)  e-=+5.00(±0.009)  sep=48.4  │  fm_e=+5.0  fm=ON  fb=100%  │  ∇rw=1.34  ∇pol=0.50
[00:09:50] [ep19|s1750]  rw=-4.960  cd=-9.693  reg=4.733  │  e+=-4.59(±0.474)  e-=+5.10(±0.017)  sep=71.9  │  fm_e=+5.1  fm=ON  fb=100%  │  ∇rw=5.56  ∇pol=0.62
[00:10:34] [ep19|s1760]  rw=-5.048  cd=-10.168  reg=5.120  │  e+=-5.08(±0.507)  e-=+5.01(±0.029)  sep=36.8  │  fm_e=+5.0  fm=ON  fb=100%  │  ∇rw=2.97  ∇pol=0.56
[00:11:18] [ep19|s1770]  rw=-5.091  cd=-10.913  reg=5.822  │  e+=-5.75(±0.549)  e-=+4.98(±0.013)  sep=60.8  │  fm_e=+5.0  fm=ON  fb=100%  │  ∇rw=5.09  ∇pol=0.60
[00:12:01] [ep19|s1780]  rw=-5.009  cd=-10.184  reg=5.175  │  e+=-5.13(±0.495)  e-=+5.01(±0.011)  sep=52.0  │  fm_e=+5.0  fm=ON  fb=100%  │  ∇rw=1.58  ∇pol=0.53
[00:12:45] [ep19|s1790]  rw=-5.130  cd=-9.940  reg=4.810  │  e+=-4.73(±0.983)  e-=+4.97(±0.011)  sep=24.8  │  fm_e=+5.0  fm=ON  fb=100%  │  ∇rw=2.60  ∇pol=0.49
[00:13:28] [ep19|s1800]  rw=-5.197  cd=-9.929  reg=4.732  │  e+=-4.78(±1.058)  e-=+4.81(±0.298)  sep=33.8  │  fm_e=+4.8  fm=ON  fb=100%  │  ∇rw=17.62  ∇pol=0.45
[00:13:51] ══════════ VAL ep19 ══════════  ρ=+0.3158 (p=0.0000) [PASS ✓]  AUROC(E)=0.6267  ECE=0.7937  N=177 ◀ BEST
[00:13:54]   ckpt saved → ckpt_epoch0019.pt
[00:13:54] ──────────────────── Epoch 20/30 ────────────────────
[00:14:16] [ep20|s1810]  rw=-4.977  cd=-9.929  reg=4.952  │  e+=-4.78(±0.830)  e-=+4.95(±0.022)  sep=79.1  │  fm_e=+4.9  fm=ON  fb=100%  │  ∇rw=11.34  ∇pol=0.73
[00:15:00] [ep20|s1820]  rw=-5.216  cd=-9.846  reg=4.630  │  e+=-4.45(±0.761)  e-=+5.09(±0.019)  sep=60.5  │  fm_e=+5.1  fm=ON  fb=100%  │  ∇rw=7.35  ∇pol=0.34
[00:15:43] [ep20|s1830]  rw=-5.092  cd=-10.019  reg=4.927  │  e+=-4.95(±0.451)  e-=+4.95(±0.015)  sep=49.2  │  fm_e=+4.9  fm=ON  fb=100%  │  ∇rw=3.03  ∇pol=0.44
[00:16:27] [ep20|s1840]  rw=-4.786  cd=-8.774  reg=3.988  │  e+=-4.67(±0.537)  e-=+4.20(±0.021)  sep=29.2  │  fm_e=+4.2  fm=ON  fb=100%  │  ∇rw=8.99  ∇pol=0.51
[00:17:10] [ep20|s1850]  rw=-4.912  cd=-10.604  reg=5.692  │  e+=-5.35(±0.610)  e-=+5.25(±0.035)  sep=35.3  │  fm_e=+5.2  fm=ON  fb=100%  │  ∇rw=11.30  ∇pol=0.59
[00:17:54] [ep20|s1860]  rw=-5.426  cd=-9.817  reg=4.391  │  e+=-4.33(±0.960)  e-=+4.92(±0.054)  sep=48.8  │  fm_e=+4.9  fm=ON  fb=100%  │  ∇rw=3.19  ∇pol=0.41
[00:18:38] [ep20|s1870]  rw=-4.866  cd=-9.655  reg=4.789  │  e+=-4.78(±0.454)  e-=+4.98(±0.023)  sep=39.5  │  fm_e=+5.0  fm=ON  fb=100%  │  ∇rw=1.86  ∇pol=0.77
[00:19:21] [ep20|s1880]  rw=-4.799  cd=-9.881  reg=5.083  │  e+=-5.07(±0.837)  e-=+4.94(±0.025)  sep=42.8  │  fm_e=+4.9  fm=ON  fb=100%  │  ∇rw=2.82  ∇pol=0.46
[00:20:05] [ep20|s1890]  rw=-4.986  cd=-9.853  reg=4.868  │  e+=-4.88(±0.343)  e-=+4.97(±0.032)  sep=47.7  │  fm_e=+5.0  fm=ON  fb=100%  │  ∇rw=1.94  ∇pol=0.63
[00:20:48] [ep20|s1900]  rw=-4.871  cd=-9.935  reg=5.064  │  e+=-5.07(±0.847)  e-=+4.92(±0.021)  sep=51.9  │  fm_e=+4.9  fm=ON  fb=100%  │  ∇rw=3.28  ∇pol=0.48
[00:20:49] ══════════ VAL ep20 ══════════  ρ=+0.2039 (p=0.0065) [PASS ✓]  AUROC(E)=0.6463  ECE=0.7962  N=177
[00:20:50]   ckpt saved → ckpt_epoch0020.pt
[00:20:50] ──────────────────── Epoch 21/30 ────────────────────
[00:21:34] [ep21|s1910]  rw=-4.990  cd=-10.170  reg=5.180  │  e+=-5.15(±0.556)  e-=+4.99(±0.042)  sep=78.6  │  fm_e=+5.0  fm=ON  fb=100%  │  ∇rw=3.32  ∇pol=0.58
[00:22:18] [ep21|s1920]  rw=-4.987  cd=-9.604  reg=4.618  │  e+=-4.52(±0.513)  e-=+5.04(±0.029)  sep=82.6  │  fm_e=+5.0  fm=ON  fb=100%  │  ∇rw=4.05  ∇pol=0.41
[00:23:02] [ep21|s1930]  rw=-5.105  cd=-9.521  reg=4.416  │  e+=-4.45(±0.483)  e-=+4.91(±0.024)  sep=70.3  │  fm_e=+4.9  fm=ON  fb=100%  │  ∇rw=3.42  ∇pol=0.53
[00:23:45] [ep21|s1940]  rw=-4.870  cd=-9.825  reg=4.955  │  e+=-4.84(±0.771)  e-=+5.05(±0.028)  sep=46.8  │  fm_e=+5.0  fm=ON  fb=100%  │  ∇rw=6.11  ∇pol=0.72
[00:24:29] [ep21|s1950]  rw=-5.047  cd=-9.552  reg=4.506  │  e+=-4.52(±0.343)  e-=+4.95(±0.035)  sep=43.5  │  fm_e=+4.9  fm=ON  fb=100%  │  ∇rw=3.64  ∇pol=0.48
[00:25:13] [ep21|s1960]  rw=-5.142  cd=-10.516  reg=5.374  │  e+=-5.40(±0.408)  e-=+4.93(±0.025)  sep=46.5  │  fm_e=+4.9  fm=ON  fb=100%  │  ∇rw=3.75  ∇pol=0.69
[00:25:56] [ep21|s1970]  rw=-5.030  cd=-10.550  reg=5.520  │  e+=-5.42(±0.882)  e-=+5.00(±0.022)  sep=22.5  │  fm_e=+5.0  fm=ON  fb=100%  │  ∇rw=10.08  ∇pol=0.69
[00:26:40] [ep21|s1980]  rw=-5.068  cd=-9.995  reg=4.927  │  e+=-4.91(±0.180)  e-=+5.02(±0.031)  sep=55.4  │  fm_e=+5.0  fm=ON  fb=100%  │  ∇rw=1.95  ∇pol=0.34
[00:27:24] [ep21|s1990]  rw=-4.996  cd=-10.887  reg=5.891  │  e+=-5.77(±0.345)  e-=+5.05(±0.013)  sep=39.1  │  fm_e=+5.0  fm=ON  fb=100%  │  ∇rw=6.63  ∇pol=0.38
[00:27:47] ══════════ VAL ep21 ══════════  ρ=+0.3028 (p=0.0000) [PASS ✓]  AUROC(E)=0.6338  ECE=0.7985  N=177
[00:27:48]   ckpt saved → ckpt_epoch0021.pt
[00:27:48] ──────────────────── Epoch 22/30 ────────────────────
[00:28:10] [ep22|s2000]  rw=-5.029  cd=-10.107  reg=5.077  │  e+=-5.04(±0.373)  e-=+5.02(±0.009)  sep=82.2  │  fm_e=+5.0  fm=ON  fb=100%  │  ∇rw=2.19  ∇pol=0.46
[00:28:54] [ep22|s2010]  rw=-4.909  cd=-10.210  reg=5.300  │  e+=-5.16(±0.330)  e-=+5.13(±0.017)  sep=59.3  │  fm_e=+5.1  fm=ON  fb=100%  │  ∇rw=5.59  ∇pol=0.37
[00:29:37] [ep22|s2020]  rw=-4.050  cd=-8.642  reg=4.591  │  e+=-4.43(±0.926)  e-=+4.27(±1.425)  sep=32.5  │  fm_e=+5.1  fm=ON  fb=100%  │  ∇rw=22.70  ∇pol=0.57
[00:30:20] [ep22|s2030]  rw=-4.991  cd=-10.029  reg=5.039  │  e+=-5.05(±0.382)  e-=+4.97(±0.014)  sep=47.5  │  fm_e=+5.0  fm=ON  fb=100%  │  ∇rw=1.53  ∇pol=0.40
[00:31:04] [ep22|s2040]  rw=-5.117  cd=-9.909  reg=4.791  │  e+=-4.87(±0.325)  e-=+4.91(±0.013)  sep=116.2  │  fm_e=+4.9  fm=ON  fb=100%  │  ∇rw=3.37  ∇pol=0.37
[00:31:48] [ep22|s2050]  rw=-4.983  cd=-10.511  reg=5.528  │  e+=-5.48(±0.429)  e-=+5.01(±0.012)  sep=67.3  │  fm_e=+5.0  fm=ON  fb=100%  │  ∇rw=5.05  ∇pol=0.32
[00:32:32] [ep22|s2060]  rw=-5.338  cd=-10.583  reg=5.245  │  e+=-5.13(±0.857)  e-=+5.04(±0.032)  sep=44.8  │  fm_e=+5.0  fm=ON  fb=100%  │  ∇rw=2.26  ∇pol=0.37
[00:33:15] [ep22|s2070]  rw=-5.138  cd=-10.009  reg=4.871  │  e+=-4.92(±0.725)  e-=+4.89(±0.073)  sep=29.0  │  fm_e=+4.9  fm=ON  fb=100%  │  ∇rw=6.52  ∇pol=0.36
[00:33:59] [ep22|s2080]  rw=-5.596  cd=-10.475  reg=4.879  │  e+=-4.80(±0.938)  e-=+4.99(±0.019)  sep=32.3  │  fm_e=+5.0  fm=ON  fb=100%  │  ∇rw=3.79  ∇pol=0.66
[00:34:42] [ep22|s2090]  rw=-4.898  cd=-10.505  reg=5.607  │  e+=-5.41(±0.808)  e-=+5.11(±0.021)  sep=27.2  │  fm_e=+5.1  fm=ON  fb=100%  │  ∇rw=4.25  ∇pol=0.59
[00:34:44] ══════════ VAL ep22 ══════════  ρ=+0.2041 (p=0.0064) [PASS ✓]  AUROC(E)=0.5873  ECE=0.7877  N=177
[00:34:45]   ckpt saved → ckpt_epoch0022.pt
[00:34:45] ──────────────────── Epoch 23/30 ────────────────────
[00:35:29] [ep23|s2100]  rw=-4.959  cd=-9.507  reg=4.548  │  e+=-4.56(±0.331)  e-=+4.96(±0.014)  sep=47.5  │  fm_e=+5.0  fm=ON  fb=100%  │  ∇rw=6.00  ∇pol=0.57
[00:36:13] [ep23|s2110]  rw=-5.101  cd=-10.360  reg=5.259  │  e+=-5.23(±0.482)  e-=+5.00(±0.033)  sep=39.7  │  fm_e=+5.0  fm=ON  fb=100%  │  ∇rw=2.08  ∇pol=0.47
[00:36:56] [ep23|s2120]  rw=-5.124  cd=-9.604  reg=4.480  │  e+=-4.40(±0.380)  e-=+5.03(±0.010)  sep=42.7  │  fm_e=+5.0  fm=ON  fb=100%  │  ∇rw=3.64  ∇pol=0.66
[00:37:40] [ep23|s2130]  rw=-4.996  cd=-10.064  reg=5.069  │  e+=-5.09(±0.399)  e-=+4.96(±0.012)  sep=63.6  │  fm_e=+5.0  fm=ON  fb=100%  │  ∇rw=1.68  ∇pol=0.41
[00:38:24] [ep23|s2140]  rw=-4.918  cd=-9.993  reg=5.075  │  e+=-4.97(±0.920)  e-=+5.02(±0.026)  sep=53.1  │  fm_e=+5.0  fm=ON  fb=100%  │  ∇rw=1.30  ∇pol=0.54
[00:39:07] [ep23|s2150]  rw=-5.046  cd=-9.905  reg=4.859  │  e+=-4.83(±0.298)  e-=+5.02(±0.017)  sep=45.6  │  fm_e=+5.0  fm=ON  fb=100%  │  ∇rw=3.49  ∇pol=0.45
[00:39:51] [ep23|s2160]  rw=-5.089  cd=-10.183  reg=5.094  │  e+=-5.14(±0.604)  e-=+4.92(±0.024)  sep=31.2  │  fm_e=+4.9  fm=ON  fb=100%  │  ∇rw=3.43  ∇pol=0.83
[00:40:34] [ep23|s2170]  rw=-4.804  cd=-9.412  reg=4.607  │  e+=-4.41(±0.303)  e-=+5.15(±0.017)  sep=45.8  │  fm_e=+5.1  fm=ON  fb=100%  │  ∇rw=5.68  ∇pol=0.26
[00:41:18] [ep23|s2180]  rw=-5.145  cd=-9.657  reg=4.512  │  e+=-4.40(±1.314)  e-=+4.90(±0.025)  sep=41.6  │  fm_e=+4.9  fm=ON  fb=100%  │  ∇rw=4.83  ∇pol=0.57
[00:41:42] ══════════ VAL ep23 ══════════  ρ=+0.2488 (p=0.0008) [PASS ✓]  AUROC(E)=0.6057  ECE=0.7864  N=177
[00:41:43]   ckpt saved → ckpt_epoch0023.pt
[00:41:43] ──────────────────── Epoch 24/30 ────────────────────
[00:42:05] [ep24|s2190]  rw=-4.840  cd=-9.790  reg=4.950  │  e+=-4.79(±0.914)  e-=+5.06(±0.018)  sep=63.8  │  fm_e=+5.1  fm=ON  fb=100%  │  ∇rw=3.02  ∇pol=0.39
[00:42:48] [ep24|s2200]  rw=-4.894  cd=-10.797  reg=5.903  │  e+=-5.70(±0.267)  e-=+5.14(±0.015)  sep=48.6  │  fm_e=+5.1  fm=ON  fb=100%  │  ∇rw=6.05  ∇pol=0.36
[00:43:32] [ep24|s2210]  rw=-5.147  cd=-10.446  reg=5.299  │  e+=-5.19(±0.644)  e-=+5.07(±0.014)  sep=60.9  │  fm_e=+5.1  fm=ON  fb=100%  │  ∇rw=3.67  ∇pol=0.30
[00:44:15] [ep24|s2220]  rw=-5.048  cd=-10.290  reg=5.242  │  e+=-5.22(±0.392)  e-=+5.00(±0.012)  sep=50.8  │  fm_e=+5.0  fm=ON  fb=100%  │  ∇rw=2.92  ∇pol=0.25
[00:44:59] [ep24|s2230]  rw=-5.327  cd=-10.988  reg=5.661  │  e+=-5.56(±0.828)  e-=+5.00(±0.019)  sep=41.2  │  fm_e=+5.0  fm=ON  fb=100%  │  ∇rw=3.56  ∇pol=0.40
[00:45:42] [ep24|s2240]  rw=-5.036  cd=-10.199  reg=5.163  │  e+=-5.08(±0.640)  e-=+5.04(±0.039)  sep=35.0  │  fm_e=+5.0  fm=ON  fb=100%  │  ∇rw=1.86  ∇pol=0.36
[00:46:26] [ep24|s2250]  rw=-4.854  cd=-9.642  reg=4.787  │  e+=-4.68(±0.980)  e-=+5.00(±0.020)  sep=30.5  │  fm_e=+5.0  fm=ON  fb=100%  │  ∇rw=4.86  ∇pol=0.34
[00:47:10] [ep24|s2260]  rw=-5.174  cd=-10.365  reg=5.192  │  e+=-5.16(±0.482)  e-=+5.01(±0.014)  sep=47.8  │  fm_e=+5.0  fm=ON  fb=100%  │  ∇rw=1.46  ∇pol=0.62
[00:47:53] [ep24|s2270]  rw=-5.450  cd=-10.328  reg=4.877  │  e+=-4.80(±1.049)  e-=+4.96(±0.014)  sep=42.2  │  fm_e=+5.0  fm=ON  fb=100%  │  ∇rw=3.67  ∇pol=0.34
[00:48:37] [ep24|s2280]  rw=-5.057  cd=-9.920  reg=4.864  │  e+=-4.83(±0.633)  e-=+4.99(±0.019)  sep=26.2  │  fm_e=+5.0  fm=ON  fb=100%  │  ∇rw=2.13  ∇pol=0.50
[00:48:39] ══════════ VAL ep24 ══════════  ρ=+0.2713 (p=0.0003) [PASS ✓]  AUROC(E)=0.7370  ECE=0.7938  N=177
[00:48:41]   ckpt saved → ckpt_epoch0024.pt
[00:48:41] ──────────────────── Epoch 25/30 ────────────────────
[00:49:24] [ep25|s2290]  rw=-5.020  cd=-10.327  reg=5.306  │  e+=-5.31(±0.165)  e-=+4.98(±0.019)  sep=74.5  │  fm_e=+5.0  fm=ON  fb=100%  │  ∇rw=1.47  ∇pol=0.35
[00:50:08] [ep25|s2300]  rw=-4.993  cd=-9.746  reg=4.753  │  e+=-4.74(±0.131)  e-=+5.00(±0.021)  sep=62.9  │  fm_e=+5.0  fm=ON  fb=100%  │  ∇rw=0.99  ∇pol=0.43
[00:50:52] [ep25|s2310]  rw=-4.954  cd=-9.926  reg=4.972  │  e+=-4.96(±0.161)  e-=+5.01(±0.019)  sep=69.6  │  fm_e=+5.0  fm=ON  fb=100%  │  ∇rw=1.80  ∇pol=0.58
[00:51:35] [ep25|s2320]  rw=-5.052  cd=-9.863  reg=4.812  │  e+=-4.71(±0.696)  e-=+5.04(±0.032)  sep=60.1  │  fm_e=+5.0  fm=ON  fb=100%  │  ∇rw=3.17  ∇pol=0.45
[00:52:19] [ep25|s2330]  rw=-4.742  cd=-11.548  reg=6.807  │  e+=-6.50(±0.504)  e-=+5.05(±0.022)  sep=34.5  │  fm_e=+5.1  fm=ON  fb=100%  │  ∇rw=11.42  ∇pol=0.45
[00:53:02] [ep25|s2340]  rw=-5.310  cd=-10.374  reg=5.064  │  e+=-5.11(±0.754)  e-=+4.89(±0.013)  sep=45.8  │  fm_e=+4.9  fm=ON  fb=100%  │  ∇rw=3.89  ∇pol=0.41
[00:53:46] [ep25|s2350]  rw=-5.023  cd=-9.829  reg=4.807  │  e+=-4.74(±0.952)  e-=+4.97(±0.013)  sep=38.4  │  fm_e=+5.0  fm=ON  fb=100%  │  ∇rw=2.92  ∇pol=0.31
[00:54:29] [ep25|s2360]  rw=-5.051  cd=-9.854  reg=4.803  │  e+=-4.77(±0.333)  e-=+5.02(±0.019)  sep=49.6  │  fm_e=+5.0  fm=ON  fb=100%  │  ∇rw=1.40  ∇pol=0.42
[00:55:13] [ep25|s2370]  rw=-5.029  cd=-10.248  reg=5.219  │  e+=-5.14(±0.424)  e-=+5.06(±0.034)  sep=52.6  │  fm_e=+5.1  fm=ON  fb=100%  │  ∇rw=4.55  ∇pol=0.62
[00:55:36] ══════════ VAL ep25 ══════════  ρ=+0.3441 (p=0.0000) [PASS ✓]  AUROC(E)=0.7002  ECE=0.7974  N=177 ◀ BEST
[00:55:38]   ckpt saved → ckpt_epoch0025.pt
[00:55:38] ──────────────────── Epoch 26/30 ────────────────────
[00:56:00] [ep26|s2380]  rw=-5.167  cd=-10.135  reg=4.968  │  e+=-5.00(±0.440)  e-=+4.95(±0.022)  sep=46.6  │  fm_e=+4.9  fm=ON  fb=100%  │  ∇rw=1.71  ∇pol=0.46
[00:56:43] [ep26|s2390]  rw=-4.746  cd=-9.515  reg=4.768  │  e+=-4.71(±0.632)  e-=+5.01(±0.039)  sep=53.8  │  fm_e=+5.0  fm=ON  fb=100%  │  ∇rw=2.08  ∇pol=0.48
[00:57:27] [ep26|s2400]  rw=-4.974  cd=-10.198  reg=5.224  │  e+=-5.32(±0.689)  e-=+4.84(±0.023)  sep=27.4  │  fm_e=+4.8  fm=ON  fb=100%  │  ∇rw=4.06  ∇pol=0.39
[00:58:11] [ep26|s2410]  rw=-5.286  cd=-10.280  reg=4.993  │  e+=-4.78(±0.663)  e-=+5.16(±0.030)  sep=42.6  │  fm_e=+5.2  fm=ON  fb=100%  │  ∇rw=3.45  ∇pol=0.49
[00:58:54] [ep26|s2420]  rw=-4.269  cd=-9.396  reg=5.127  │  e+=-5.22(±0.639)  e-=+4.22(±1.266)  sep=33.6  │  fm_e=+4.9  fm=ON  fb=100%  │  ∇rw=29.51  ∇pol=0.70
[00:59:38] [ep26|s2430]  rw=-5.026  cd=-10.576  reg=5.551  │  e+=-5.48(±0.300)  e-=+5.04(±0.017)  sep=43.1  │  fm_e=+5.0  fm=ON  fb=100%  │  ∇rw=4.04  ∇pol=0.53
[01:00:21] [ep26|s2440]  rw=-5.085  cd=-10.103  reg=5.018  │  e+=-5.14(±0.530)  e-=+4.85(±0.017)  sep=47.1  │  fm_e=+4.9  fm=ON  fb=100%  │  ∇rw=4.64  ∇pol=0.65
[01:01:05] [ep26|s2450]  rw=-5.200  cd=-10.145  reg=4.945  │  e+=-4.91(±0.786)  e-=+4.97(±0.017)  sep=34.2  │  fm_e=+5.0  fm=ON  fb=100%  │  ∇rw=3.88  ∇pol=0.41
[01:01:49] [ep26|s2460]  rw=-5.136  cd=-9.286  reg=4.150  │  e+=-4.12(±0.300)  e-=+4.94(±0.019)  sep=62.7  │  fm_e=+4.9  fm=ON  fb=100%  │  ∇rw=8.34  ∇pol=0.42
[01:02:32] [ep26|s2470]  rw=-4.835  cd=-9.544  reg=4.709  │  e+=-4.67(±0.467)  e-=+5.00(±0.039)  sep=40.4  │  fm_e=+5.0  fm=ON  fb=100%  │  ∇rw=2.05  ∇pol=0.54
[01:02:33] ══════════ VAL ep26 ══════════  ρ=+0.3031 (p=0.0000) [PASS ✓]  AUROC(E)=0.7117  ECE=0.7899  N=177
[01:02:35]   ckpt saved → ckpt_epoch0026.pt
[01:02:35] ──────────────────── Epoch 27/30 ────────────────────
[01:03:19] [ep27|s2480]  rw=-5.056  cd=-9.618  reg=4.562  │  e+=-4.46(±0.824)  e-=+5.00(±0.019)  sep=37.7  │  fm_e=+5.0  fm=ON  fb=100%  │  ∇rw=1.79  ∇pol=0.34
[01:04:02] [ep27|s2490]  rw=-5.046  cd=-10.259  reg=5.212  │  e+=-5.18(±0.854)  e-=+4.96(±0.020)  sep=29.4  │  fm_e=+4.9  fm=ON  fb=100%  │  ∇rw=2.77  ∇pol=0.41
[01:04:46] [ep27|s2500]  rw=-5.301  cd=-10.268  reg=4.967  │  e+=-4.86(±0.881)  e-=+5.02(±0.021)  sep=34.8  │  fm_e=+5.0  fm=ON  fb=100%  │  ∇rw=2.91  ∇pol=0.41
[01:05:29] [ep27|s2510]  rw=-5.100  cd=-10.260  reg=5.160  │  e+=-5.13(±0.531)  e-=+4.99(±0.018)  sep=48.3  │  fm_e=+5.0  fm=ON  fb=100%  │  ∇rw=2.77  ∇pol=0.44
[01:06:13] [ep27|s2520]  rw=-5.058  cd=-9.719  reg=4.662  │  e+=-4.73(±0.270)  e-=+4.92(±0.025)  sep=34.1  │  fm_e=+4.9  fm=ON  fb=100%  │  ∇rw=3.69  ∇pol=0.71
[01:06:56] [ep27|s2530]  rw=-4.874  cd=-9.621  reg=4.747  │  e+=-4.56(±0.542)  e-=+5.13(±0.014)  sep=37.1  │  fm_e=+5.1  fm=ON  fb=100%  │  ∇rw=6.25  ∇pol=0.45
[01:07:40] [ep27|s2540]  rw=-5.258  cd=-10.467  reg=5.210  │  e+=-5.15(±0.556)  e-=+5.02(±0.013)  sep=36.1  │  fm_e=+5.0  fm=ON  fb=100%  │  ∇rw=2.53  ∇pol=0.42
[01:08:24] [ep27|s2550]  rw=-5.044  cd=-10.088  reg=5.044  │  e+=-5.04(±0.328)  e-=+4.99(±0.041)  sep=35.3  │  fm_e=+5.0  fm=ON  fb=100%  │  ∇rw=1.82  ∇pol=0.42
[01:09:07] [ep27|s2560]  rw=-5.010  cd=-10.022  reg=5.012  │  e+=-5.04(±0.218)  e-=+4.96(±0.023)  sep=46.6  │  fm_e=+5.0  fm=ON  fb=100%  │  ∇rw=3.47  ∇pol=0.49
[01:09:30] ══════════ VAL ep27 ══════════  ρ=+0.3063 (p=0.0000) [PASS ✓]  AUROC(E)=0.6946  ECE=0.7914  N=177
[01:09:31]   ckpt saved → ckpt_epoch0027.pt
[01:09:31] ──────────────────── Epoch 28/30 ────────────────────
[01:09:53] [ep28|s2570]  rw=-5.010  cd=-9.736  reg=4.726  │  e+=-4.63(±0.832)  e-=+5.01(±0.022)  sep=32.5  │  fm_e=+5.0  fm=ON  fb=100%  │  ∇rw=3.69  ∇pol=0.61
[01:10:37] [ep28|s2580]  rw=-5.044  cd=-9.801  reg=4.757  │  e+=-4.76(±0.631)  e-=+4.95(±0.015)  sep=39.1  │  fm_e=+5.0  fm=ON  fb=100%  │  ∇rw=3.37  ∇pol=0.61
[01:11:20] [ep28|s2590]  rw=-5.125  cd=-10.392  reg=5.267  │  e+=-5.28(±0.391)  e-=+4.96(±0.021)  sep=75.9  │  fm_e=+5.0  fm=ON  fb=100%  │  ∇rw=2.73  ∇pol=0.44
[01:12:04] [ep28|s2600]  rw=-4.905  cd=-9.856  reg=4.951  │  e+=-4.98(±0.409)  e-=+4.95(±0.022)  sep=61.1  │  fm_e=+5.0  fm=ON  fb=100%  │  ∇rw=2.14  ∇pol=0.37
[01:12:47] [ep28|s2610]  rw=-4.659  cd=-11.627  reg=6.968  │  e+=-6.74(±0.506)  e-=+4.86(±0.111)  sep=43.4  │  fm_e=+4.9  fm=ON  fb=100%  │  ∇rw=19.35  ∇pol=0.48
[01:13:31] [ep28|s2620]  rw=-5.093  cd=-9.279  reg=4.186  │  e+=-4.90(±0.479)  e-=+4.20(±0.020)  sep=55.9  │  fm_e=+4.2  fm=ON  fb=100%  │  ∇rw=14.56  ∇pol=0.64
[01:14:14] [ep28|s2630]  rw=-4.977  cd=-10.191  reg=5.214  │  e+=-5.40(±0.124)  e-=+4.79(±0.017)  sep=95.0  │  fm_e=+4.8  fm=ON  fb=100%  │  ∇rw=5.77  ∇pol=0.64
[01:14:58] [ep28|s2640]  rw=-4.987  cd=-10.427  reg=5.439  │  e+=-5.38(±0.377)  e-=+5.02(±0.019)  sep=45.6  │  fm_e=+5.0  fm=ON  fb=100%  │  ∇rw=4.43  ∇pol=0.50
[01:15:41] [ep28|s2650]  rw=-4.956  cd=-9.903  reg=4.947  │  e+=-4.93(±0.515)  e-=+4.99(±0.017)  sep=45.4  │  fm_e=+5.0  fm=ON  fb=100%  │  ∇rw=1.69  ∇pol=0.79
[01:16:25] [ep28|s2660]  rw=-4.997  cd=-10.008  reg=5.010  │  e+=-5.01(±0.095)  e-=+5.00(±0.023)  sep=91.8  │  fm_e=+5.0  fm=ON  fb=100%  │  ∇rw=1.56  ∇pol=0.64
[01:16:26] ══════════ VAL ep28 ══════════  ρ=+0.2901 (p=0.0001) [PASS ✓]  AUROC(E)=0.6977  ECE=0.7919  N=177
[01:16:27]   ckpt saved → ckpt_epoch0028.pt
[01:16:27] ──────────────────── Epoch 29/30 ────────────────────
[01:17:11] [ep29|s2670]  rw=-4.889  cd=-10.024  reg=5.135  │  e+=-5.18(±0.400)  e-=+4.93(±0.023)  sep=44.5  │  fm_e=+4.9  fm=ON  fb=100%  │  ∇rw=2.74  ∇pol=0.48
[01:17:55] [ep29|s2680]  rw=-5.013  cd=-9.894  reg=4.881  │  e+=-4.85(±0.562)  e-=+5.00(±0.023)  sep=32.9  │  fm_e=+5.0  fm=ON  fb=100%  │  ∇rw=1.66  ∇pol=0.52
[01:18:38] [ep29|s2690]  rw=-5.196  cd=-10.096  reg=4.899  │  e+=-4.83(±0.547)  e-=+5.04(±0.038)  sep=29.8  │  fm_e=+5.0  fm=ON  fb=100%  │  ∇rw=2.47  ∇pol=0.63
[01:19:22] [ep29|s2700]  rw=-5.568  cd=-10.056  reg=4.488  │  e+=-4.36(±1.046)  e-=+4.98(±0.043)  sep=31.0  │  fm_e=+5.0  fm=ON  fb=100%  │  ∇rw=8.44  ∇pol=0.45
[01:20:06] [ep29|s2710]  rw=-5.008  cd=-10.315  reg=5.307  │  e+=-5.27(±0.368)  e-=+5.02(±0.027)  sep=32.8  │  fm_e=+5.0  fm=ON  fb=100%  │  ∇rw=4.47  ∇pol=0.39
[01:20:49] [ep29|s2720]  rw=-4.838  cd=-9.448  reg=4.610  │  e+=-4.50(±0.657)  e-=+5.04(±0.026)  sep=32.2  │  fm_e=+5.0  fm=ON  fb=100%  │  ∇rw=3.61  ∇pol=0.60
[01:21:33] [ep29|s2730]  rw=-5.098  cd=-10.259  reg=5.161  │  e+=-5.13(±0.729)  e-=+4.97(±0.031)  sep=40.3  │  fm_e=+5.0  fm=ON  fb=100%  │  ∇rw=1.92  ∇pol=0.58
[01:22:17] [ep29|s2740]  rw=-5.008  cd=-10.122  reg=5.113  │  e+=-5.10(±0.660)  e-=+4.96(±0.024)  sep=32.1  │  fm_e=+5.0  fm=ON  fb=100%  │  ∇rw=2.27  ∇pol=0.60
[01:23:00] [ep29|s2750]  rw=-4.898  cd=-8.980  reg=4.082  │  e+=-3.69(±0.385)  e-=+5.20(±0.050)  sep=34.0  │  fm_e=+5.2  fm=ON  fb=100%  │  ∇rw=71.74  ∇pol=0.67
[01:23:24] ══════════ VAL ep29 ══════════  ρ=+0.2622 (p=0.0004) [PASS ✓]  AUROC(E)=0.6942  ECE=0.7764  N=177
[01:23:26]   ckpt saved → ckpt_epoch0029.pt
[01:23:26] ──────────────────── Epoch 30/30 ────────────────────
[01:23:48] [ep30|s2760]  rw=-5.034  cd=-10.608  reg=5.575  │  e+=-5.61(±0.405)  e-=+4.91(±0.087)  sep=32.6  │  fm_e=+4.9  fm=ON  fb=100%  │  ∇rw=6.91  ∇pol=0.53
[01:24:32] [ep30|s2770]  rw=-5.189  cd=-9.815  reg=4.626  │  e+=-4.51(±0.649)  e-=+5.05(±0.029)  sep=54.3  │  fm_e=+5.0  fm=ON  fb=100%  │  ∇rw=4.29  ∇pol=0.30
[01:25:15] [ep30|s2780]  rw=-5.265  cd=-10.412  reg=5.147  │  e+=-5.12(±1.143)  e-=+4.89(±0.042)  sep=29.5  │  fm_e=+4.9  fm=ON  fb=100%  │  ∇rw=3.74  ∇pol=0.44
[01:25:59] [ep30|s2790]  rw=-5.042  cd=-9.562  reg=4.520  │  e+=-4.37(±0.762)  e-=+5.05(±0.040)  sep=39.1  │  fm_e=+5.1  fm=ON  fb=100%  │  ∇rw=2.73  ∇pol=0.28
[01:26:42] [ep30|s2800]  rw=-4.965  cd=-10.487  reg=5.522  │  e+=-5.51(±0.264)  e-=+4.98(±0.023)  sep=44.4  │  fm_e=+5.0  fm=ON  fb=100%  │  ∇rw=3.70  ∇pol=0.66
[01:27:26] [ep30|s2810]  rw=-4.888  cd=-9.355  reg=4.467  │  e+=-4.39(±0.614)  e-=+5.00(±0.017)  sep=35.9  │  fm_e=+5.0  fm=ON  fb=100%  │  ∇rw=2.35  ∇pol=0.29
[01:28:10] [ep30|s2820]  rw=-5.057  cd=-10.505  reg=5.448  │  e+=-5.37(±0.715)  e-=+5.01(±0.020)  sep=72.6  │  fm_e=+5.0  fm=ON  fb=100%  │  ∇rw=4.87  ∇pol=0.43
[01:28:54] [ep30|s2830]  rw=-5.179  cd=-10.145  reg=4.966  │  e+=-4.95(±0.773)  e-=+4.95(±0.012)  sep=26.6  │  fm_e=+5.0  fm=ON  fb=100%  │  ∇rw=4.25  ∇pol=0.40
[01:29:37] [ep30|s2840]  rw=-4.924  cd=-10.830  reg=5.906  │  e+=-5.74(±0.247)  e-=+5.10(±0.021)  sep=50.3  │  fm_e=+5.1  fm=ON  fb=100%  │  ∇rw=6.21  ∇pol=0.56
[01:30:21] [ep30|s2850]  rw=-4.940  cd=-10.376  reg=5.436  │  e+=-5.34(±0.772)  e-=+5.02(±0.026)  sep=23.4  │  fm_e=+5.0  fm=ON  fb=100%  │  ∇rw=3.19  ∇pol=0.64
[01:30:22] ══════════ VAL ep30 ══════════  ρ=+0.2871 (p=0.0001) [PASS ✓]  AUROC(E)=0.6576  ECE=0.7937  N=177
[01:30:24]   ckpt saved → ckpt_epoch0030.pt
